#############################################
Initiated patchr.sh
2024-02-02_11-39

See logs/patchr/patchr.2024-02-02_11-39.log for warnings, errors, and other important information.

Searching for unprocessed batch files.
******
Running 1_queryBatches.pl /Users/tpd0001/Library/CloudStorage/GoogleDrive-wvuvectors@gmail.com/My Drive/DRISCOLL_LAB/PROJECTS/WaTCH/TESTING_LAB/DATA_PCR.
******

1_queryBatches.pl identified unprocessed batch files, so an update will be prepared.
Preparing an update to WaTCH now.
Creating update folder data/updates/2024-02-02_11-39/ to hold the results.
Recording batch files to process in data/updates/2024-02-02_11-39//update.batch_files.txt.
******
Running prepUpdate.sh.
******
Switching to update directory data/updates/2024-02-02_11-39/.
Creating directory batches/ to hold the validated batch files.
Preparing unprocessed batch files listed in update.batch_files.txt.
Validated batch files will be stored in batches/ and update.batch_files.txt will be revised.
Further steps in patchr will use the files in batches/.
Copying file CB17.xlsx to batches/CB17.xlsx.
Repairing known issues in CB17.xlsx.
Copying file CB18.xlsx to batches/CB18.xlsx.
Repairing known issues in CB18.xlsx.
Copying file EB18.xlsx to batches/EB18.xlsx.
Repairing known issues in EB18.xlsx.
Copying file AB8.xlsx to batches/AB8.xlsx.
Repairing known issues in AB8.xlsx.
Copying file AB8_20240201_091331_210.ANALYZED.csv to batches/AB8_20240201_091331_210.ANALYZED.csv.
Repairing known issues in AB8_20240201_091331_210.ANALYZED.csv.
Done.
File AB8_20240201_091331_210.ANALYZED.csv appears to be a ddPCR results file.
  Fixing known incompatibilities in AB8_20240201_091331_210.ANALYZED.csv.
Done.
Copying file AB10.RSV.xlsx to batches/AB10.RSV.xlsx.
Repairing known issues in AB10.RSV.xlsx.
Copying file AB10_20240201_114747_611.ANALYZED.csv to batches/AB10_20240201_114747_611.ANALYZED.csv.
Repairing known issues in AB10_20240201_114747_611.ANALYZED.csv.
Done.
File AB10_20240201_114747_611.ANALYZED.csv appears to be a ddPCR results file.
  Fixing known incompatibilities in AB10_20240201_114747_611.ANALYZED.csv.
Done.
Copying file AssetTagReport.csv to batches/AssetTagReport.csv.
Repairing known issues in AssetTagReport.csv.
Done.
File AssetTagReport.csv appears to be an asset file.
It has been copied to batches/.

******
Running 2_compileUpdate.pl.
******

2_compileUpdate.pl exited with error code 255 and caused patchr to abort.
!!!!!!!!
patchr aborted during phase 2 (update compilation).
Delete the folder data/updates/2024-02-02_11-39/. 
Then fix the error(s) and run patchr again.
!!!!!!!!
