#############################################
Initiated patchr.sh
2024-05-20_17-18

See logs/patchr/patchr.2024-05-20_17-18.log for warnings, errors, and other important information.

Searching for unprocessed batch files.
******
Running 1_queryBatches.pl /Users/tpd0001/Library/CloudStorage/GoogleDrive-wvuvectors@gmail.com/My Drive/DRISCOLL_LAB/2 PROJECTS/WaTCH/TESTING_LAB/DATA_PCR.
******

1_queryBatches.pl identified unprocessed batch files, so an update will be prepared.
Preparing an update to WaTCH now.
Creating update folder data/updates/2024-05-20_17-18/ to hold the results.
Recording batch files to process in data/updates/2024-05-20_17-18//update.batch_files.txt.
******
Running prepUpdate.sh.
******
Switching to update directory data/updates/2024-05-20_17-18/.
Creating directory batches/ to hold the validated batch files.
Preparing unprocessed batch files listed in update.batch_files.txt.
Validated batch files will be stored in batches/ and update.batch_files.txt will be revised.
Further steps in patchr will use the files in batches/.
Copying file IN PROGRESS CB47.xlsx to batches/IN PROGRESS CB47.xlsx.
Repairing known issues in IN PROGRESS CB47.xlsx.
Copying file CB51.xlsx to batches/CB51.xlsx.
Repairing known issues in CB51.xlsx.
Copying file CB46.xlsx to batches/CB46.xlsx.
Repairing known issues in CB46.xlsx.
Copying file CB50.xlsx to batches/CB50.xlsx.
Repairing known issues in CB50.xlsx.
Copying file CB49.xlsx to batches/CB49.xlsx.
Repairing known issues in CB49.xlsx.
Copying file CB45.xlsx to batches/CB45.xlsx.
Repairing known issues in CB45.xlsx.
Copying file CB48.xlsx to batches/CB48.xlsx.
Repairing known issues in CB48.xlsx.
Copying file EB49.xlsx to batches/EB49.xlsx.
Repairing known issues in EB49.xlsx.
Copying file EB50.xlsx to batches/EB50.xlsx.
Repairing known issues in EB50.xlsx.
Copying file EB46.xlsx to batches/EB46.xlsx.
Repairing known issues in EB46.xlsx.
Copying file EB47.xlsx to batches/EB47.xlsx.
Repairing known issues in EB47.xlsx.
Copying file EB51.xlsx to batches/EB51.xlsx.
Repairing known issues in EB51.xlsx.
Copying file AB36.xlsx to batches/AB36.xlsx.
Repairing known issues in AB36.xlsx.
Copying file AB36_20240518_131522_278.ANALYZED.csv to batches/AB36_20240518_131522_278.ANALYZED.csv.
Repairing known issues in AB36_20240518_131522_278.ANALYZED.csv.
Done.
File AB36_20240518_131522_278.ANALYZED.csv appears to be a ddPCR results file.
  Fixing known incompatibilities in AB36_20240518_131522_278.ANALYZED.csv.
Done.
Copying file AB35.xlsx to batches/AB35.xlsx.
Repairing known issues in AB35.xlsx.
Copying file AB35_20240518_131522_278.ANALYZED.csv to batches/AB35_20240518_131522_278.ANALYZED.csv.
Repairing known issues in AB35_20240518_131522_278.ANALYZED.csv.
Done.
File AB35_20240518_131522_278.ANALYZED.csv appears to be a ddPCR results file.
  Fixing known incompatibilities in AB35_20240518_131522_278.ANALYZED.csv.
Done.
Copying file AB33.xlsx to batches/AB33.xlsx.
Repairing known issues in AB33.xlsx.
Copying file AB33_20240419_125445_051.ANALYZED.csv to batches/AB33_20240419_125445_051.ANALYZED.csv.
Repairing known issues in AB33_20240419_125445_051.ANALYZED.csv.
Done.
File AB33_20240419_125445_051.ANALYZED.csv appears to be a ddPCR results file.
  Fixing known incompatibilities in AB33_20240419_125445_051.ANALYZED.csv.
Done.
Copying file AssetTagReport.csv to batches/AssetTagReport.csv.
Repairing known issues in AssetTagReport.csv.
Done.
File AssetTagReport.csv appears to be an asset file.
It has been copied to batches/.

******
Running 2_compileUpdate.pl.
******

2_compileUpdate.pl exited with error code 255 and caused patchr to abort.
!!!!!!!!
patchr aborted during phase 2 (update compilation).
Delete the folder data/updates/2024-05-20_17-18/. 
Then fix the error(s) and run patchr again.
!!!!!!!!
