#############################################
Initiated patchr.sh
2024-11-25_18-53

See logs/patchr/patchr.2024-11-25_18-53.log for warnings, errors, and other important information.
Input data dir: /Users/tpd0001/Library/CloudStorage/GoogleDrive-wvuvectors@gmail.com/My Drive/DRISCOLL_LAB/2 PROJECTS/WaTCH/TESTING_LAB/DATA_PCR
Output data dir: /Users/tpd0001/github/watch-wv/patchr/data

Searching for unprocessed batch files.
******
Running 1_queryBatches.pl /Users/tpd0001/Library/CloudStorage/GoogleDrive-wvuvectors@gmail.com/My Drive/DRISCOLL_LAB/2 PROJECTS/WaTCH/TESTING_LAB/DATA_PCR.
******

1_queryBatches.pl identified unprocessed batch files, so an update will be prepared.
Preparing an update to WaTCH now.
Creating update folder /Users/tpd0001/github/watch-wv/patchr/data/updates/2024-11-25_18-53/ to hold the results.
Recording batch files to process in /Users/tpd0001/github/watch-wv/patchr/data/updates/2024-11-25_18-53//update.batch_files.txt.
******
Running prepUpdate.sh.
******
Switching to update directory /Users/tpd0001/github/watch-wv/patchr/data/updates/2024-11-25_18-53/.
Creating directory batches/ to hold the validated batch files.
Preparing unprocessed batch files listed in update.batch_files.txt.
Validated batch files will be stored in batches/ and update.batch_files.txt will be revised.
Further steps in patchr will use the files in batches/.
Copying file CB102.xlsx to batches/CB102.xlsx.
Repairing known issues in CB102.xlsx.
Copying file CB103.xlsx to batches/CB103.xlsx.
Repairing known issues in CB103.xlsx.
Copying file EB103.xlsx to batches/EB103.xlsx.
Repairing known issues in EB103.xlsx.
Copying file AB62.xlsx to batches/AB62.xlsx.
Repairing known issues in AB62.xlsx.
Copying file AB62_20241122_154814_442.ANALYZED.csv to batches/AB62_20241122_154814_442.ANALYZED.csv.
Repairing known issues in AB62_20241122_154814_442.ANALYZED.csv.
Done.
File AB62_20241122_154814_442.ANALYZED.csv appears to be a ddPCR results file.
  Fixing known incompatibilities in AB62_20241122_154814_442.ANALYZED.csv.
Done.
Copying file AssetTagReport.csv to batches/AssetTagReport.csv.
Repairing known issues in AssetTagReport.csv.
Done.
File AssetTagReport.csv appears to be an asset file.
It has been copied to batches/.

******
Running 2_compileUpdate.pl.
******


******
Running 3_validateUpdate.pl.
******
Validating ids from existing WaTCH database tables...
Retrieving ids from WaTCH table ebatch
Retrieving ids from WaTCH table rbatch
Retrieving ids from WaTCH table sample
Retrieving ids from WaTCH table concentration
Retrieving ids from WaTCH table archive
Retrieving ids from WaTCH table cbatch
Retrieving ids from WaTCH table extraction
Retrieving ids from WaTCH table abatch
Retrieving ids from WaTCH table assay
Done.

-------------------------------
WaTCH internal validation results (data/latest):
TABLE        	WaTCH IDS    	DUPLICATES   
ebatch       	511          	0            
rbatch       	0            	0            
sample       	12014        	0            
concentration	11876        	0            
archive      	0            	0            
cbatch       	746          	0            
extraction   	12069        	0            
abatch       	291          	0            
assay        	39122        	0            
-------------------------------

Validating ids from the update tables...
Done.

-------------------------------
Update validation results (/Users/tpd0001/github/watch-wv/patchr/data/updates/2024-11-25_18-53/):
TABLE        	UPDATE IDS   	DUPLICATES   	COLLISIONS   
ebatch       	1            	0            	0            
rbatch       	0            	0            	0            
sample       	34           	0            	0            
concentration	34           	0            	0            
cbatch       	2            	0            	0            
archive      	0            	0            	0            
extraction   	34           	0            	0            
assay        	219          	0            	0            
abatch       	1            	0            	0            
-------------------------------



Ok, I'm about to start modifying the watchdb files in /Users/tpd0001/github/watch-wv/patchr/data/latest/.
First, let's back up /Users/tpd0001/github/watch-wv/patchr/data/latest/ to /Users/tpd0001/github/watch-wv/patchr/data/latest_bk/.

Now I'll create a new watchdb folder in /Users/tpd0001/github/watch-wv/patchr/data/incremental/2024-11-25_18-53/.
It will hold the latest watchdb after update with data from /Users/tpd0001/github/watch-wv/patchr/data/updates/2024-11-25_18-53/.


Now I'm merging the watchdb tables from /Users/tpd0001/github/watch-wv/patchr/data/latest/ with the update tables in /Users/tpd0001/github/watch-wv/patchr/data/updates/2024-11-25_18-53/.
These merged tables will be put in the folder that I just created, /Users/tpd0001/github/watch-wv/patchr/data/incremental/2024-11-25_18-53/.

******
Running 4_appendUpdate.pl /Users/tpd0001/github/watch-wv/patchr/data/incremental/2024-11-25_18-53 /Users/tpd0001/github/watch-wv/patchr/data/updates/2024-11-25_18-53/.
******



Now I will generate the RESULT table using the updated watchdb tables in /Users/tpd0001/github/watch-wv/patchr/data/incremental/2024-11-25_18-53.

******
Running 5_calculateResults.pl /Users/tpd0001/github/watch-wv/patchr/data/incremental/2024-11-25_18-53.
******


******
Running 6_generateBatchList.pl /Users/tpd0001/github/watch-wv/patchr/data/incremental/2024-11-25_18-53 > /Users/tpd0001/github/watch-wv/patchr/data/incremental/2024-11-25_18-53/watchdb.completed_batches.txt.
******



******
Everything appears to be ok, so on to the final step.
I am now copying the watchdb tables from /Users/tpd0001/github/watch-wv/patchr/data/incremental/2024-11-25_18-53/ to /Users/tpd0001/github/watch-wv/patchr/data/latest/, overwriting the old set.
Never fear! The previous version is still readily available in /Users/tpd0001/github/watch-wv/patchr/data/latest_bk/, and older sets in the /Users/tpd0001/github/watch-wv/patchr/data/incremental/ folder.
******

Updating the README file.

File copy finished.
The most recent version of the watchdb can be found in two places:
    /Users/tpd0001/github/watch-wv/patchr/data/incremental/2024-11-25_18-53/
    and
    /Users/tpd0001/github/watch-wv/patchr/data/latest/
/Users/tpd0001/github/watch-wv/patchr/data/latest_bk/ contains the data from immediately before this update was applied.

All done! patchr run of 2024-11-25_18-53 will now exit.

