#############################################
Initiated patchr.sh
2025-09-17_11-15

See logs/patchr/patchr.2025-09-17_11-15.log for warnings, errors, and other important information.
Input data dir: /Users/tpd0001/Library/CloudStorage/GoogleDrive-wvuvectors@gmail.com/My Drive/DRISCOLL_LAB/2 PROJECTS/WaTCH/TESTING_LAB/DATA_PCR
Output data dir: /Users/tpd0001/github/watch-wv/patchr/data

Searching for unprocessed batch files.
******
Running 1_queryBatches.pl -i /Users/tpd0001/Library/CloudStorage/GoogleDrive-wvuvectors@gmail.com/My Drive/DRISCOLL_LAB/2 PROJECTS/WaTCH/TESTING_LAB/DATA_PCR -o /Users/tpd0001/github/watch-wv/patchr/data.
******

1_queryBatches.pl identified unprocessed batch files, so an update will be prepared.
Preparing an update to WaTCH now.
Creating update folder /Users/tpd0001/github/watch-wv/patchr/data/updates/2025-09-17_11-15/ to hold the results.
Recording batch files to process in /Users/tpd0001/github/watch-wv/patchr/data/updates/2025-09-17_11-15//update.batch_files.txt.
******
Running prepUpdate.sh.
******
Switching to update directory /Users/tpd0001/github/watch-wv/patchr/data/updates/2025-09-17_11-15/.
Creating directory batches/ to hold the validated batch files.
Preparing unprocessed batch files listed in update.batch_files.txt.
Validated batch files will be stored in batches/ and update.batch_files.txt will be revised.
Further steps in patchr will use the files in batches/.
Copying file CB179.xlsx to batches/CB179.xlsx.
Repairing known issues in CB179.xlsx.
Copying file CB178.xlsx to batches/CB178.xlsx.
Repairing known issues in CB178.xlsx.
Copying file EB179.xlsx to batches/EB179.xlsx.
Repairing known issues in EB179.xlsx.
Copying file AB111.xlsx to batches/AB111.xlsx.
Repairing known issues in AB111.xlsx.
Copying file AB111_20250914_152143_340.ANALYZED.csv to batches/AB111_20250914_152143_340.ANALYZED.csv.
Repairing known issues in AB111_20250914_152143_340.ANALYZED.csv.
Done.
File AB111_20250914_152143_340.ANALYZED.csv appears to be a ddPCR results file.
  Fixing known incompatibilities in AB111_20250914_152143_340.ANALYZED.csv.
Done.
Copying file AssetTagReport.csv to batches/AssetTagReport.csv.
Repairing known issues in AssetTagReport.csv.
Done.
File AssetTagReport.csv appears to be an asset file.
It has been copied to batches/.

******
Running 2_compileUpdate.pl.
******


Ok, I'm about to start modifying the watchdb files in /Users/tpd0001/github/watch-wv/patchr/data/latest/.
First, let's back up /Users/tpd0001/github/watch-wv/patchr/data/latest/ to /Users/tpd0001/github/watch-wv/patchr/data/latest_bk/.

Now I'll create a new watchdb folder in /Users/tpd0001/github/watch-wv/patchr/data/incremental/2025-09-17_11-15/.
It will hold the latest watchdb after update with data from /Users/tpd0001/github/watch-wv/patchr/data/updates/2025-09-17_11-15/.


Now I'm merging the watchdb tables from /Users/tpd0001/github/watch-wv/patchr/data/latest/ with the update tables in /Users/tpd0001/github/watch-wv/patchr/data/updates/2025-09-17_11-15/.
These merged tables will be put in the folder that I just created, /Users/tpd0001/github/watch-wv/patchr/data/incremental/2025-09-17_11-15/.

******
Running 4_appendUpdate.pl /Users/tpd0001/github/watch-wv/patchr/data/incremental/2025-09-17_11-15 /Users/tpd0001/github/watch-wv/patchr/data/updates/2025-09-17_11-15/.
******



Now I will generate the RESULT table using the updated watchdb tables in /Users/tpd0001/github/watch-wv/patchr/data/incremental/2025-09-17_11-15.

******
Running 5_calculateResults.pl /Users/tpd0001/github/watch-wv/patchr/data/incremental/2025-09-17_11-15.
******


******
Running 6_generateBatchList.pl /Users/tpd0001/github/watch-wv/patchr/data/incremental/2025-09-17_11-15 > /Users/tpd0001/github/watch-wv/patchr/data/incremental/2025-09-17_11-15/watchdb.completed_batches.txt.
******



******
Everything appears to be ok, so on to the final step.
I am now copying the watchdb tables from /Users/tpd0001/github/watch-wv/patchr/data/incremental/2025-09-17_11-15/ to /Users/tpd0001/github/watch-wv/patchr/data/latest/, overwriting the old set.
Never fear! The previous version is still readily available in /Users/tpd0001/github/watch-wv/patchr/data/latest_bk/, and older sets in the /Users/tpd0001/github/watch-wv/patchr/data/incremental/ folder.
******

Updating the README file.

File copy finished.
The most recent version of the watchdb can be found in two places:
    /Users/tpd0001/github/watch-wv/patchr/data/incremental/2025-09-17_11-15/
    and
    /Users/tpd0001/github/watch-wv/patchr/data/latest/
/Users/tpd0001/github/watch-wv/patchr/data/latest_bk/ contains the data from immediately before this update was applied.

All done! patchr run of 2025-09-17_11-15 will now exit.

