#############################################
Initiated patchr.sh
2025-02-06_13-58

See logs/patchr/patchr.2025-02-06_13-58.log for warnings, errors, and other important information.
Input data dir: /Users/tpd0001/Library/CloudStorage/GoogleDrive-wvuvectors@gmail.com/My Drive/DRISCOLL_LAB/2 PROJECTS/WaTCH/TESTING_LAB/DATA_PCR
Output data dir: /Users/tpd0001/github/watch-wv/patchr/data

Searching for unprocessed batch files.
******
Running 1_queryBatches.pl /Users/tpd0001/Library/CloudStorage/GoogleDrive-wvuvectors@gmail.com/My Drive/DRISCOLL_LAB/2 PROJECTS/WaTCH/TESTING_LAB/DATA_PCR.
******

1_queryBatches.pl identified unprocessed batch files, so an update will be prepared.
Preparing an update to WaTCH now.
Creating update folder /Users/tpd0001/github/watch-wv/patchr/data/updates/2025-02-06_13-58/ to hold the results.
Recording batch files to process in /Users/tpd0001/github/watch-wv/patchr/data/updates/2025-02-06_13-58//update.batch_files.txt.
******
Running prepUpdate.sh.
******
Switching to update directory /Users/tpd0001/github/watch-wv/patchr/data/updates/2025-02-06_13-58/.
Creating directory batches/ to hold the validated batch files.
Preparing unprocessed batch files listed in update.batch_files.txt.
Validated batch files will be stored in batches/ and update.batch_files.txt will be revised.
Further steps in patchr will use the files in batches/.
Copying file CB118.xlsx to batches/CB118.xlsx.
Repairing known issues in CB118.xlsx.
Copying file CB119.xlsx to batches/CB119.xlsx.
Repairing known issues in CB119.xlsx.
Copying file CB120.xlsx to batches/CB120.xlsx.
Repairing known issues in CB120.xlsx.
Copying file CB121.xlsx to batches/CB121.xlsx.
Repairing known issues in CB121.xlsx.
Copying file EB119.xlsx to batches/EB119.xlsx.
Repairing known issues in EB119.xlsx.
Copying file EB121.xlsx to batches/EB121.xlsx.
Repairing known issues in EB121.xlsx.
Copying file AssetTagReport.csv to batches/AssetTagReport.csv.
Repairing known issues in AssetTagReport.csv.
Done.
File AssetTagReport.csv appears to be an asset file.
It has been copied to batches/.

******
Running 2_compileUpdate.pl.
******


******
Running 3_validateUpdate.pl.
******
Validating ids from existing WaTCH database tables...
Retrieving ids from WaTCH table rbatch
Retrieving ids from WaTCH table concentration
Retrieving ids from WaTCH table extraction
Retrieving ids from WaTCH table sample
Retrieving ids from WaTCH table cbatch
Retrieving ids from WaTCH table assay
Retrieving ids from WaTCH table abatch
Retrieving ids from WaTCH table archive
Retrieving ids from WaTCH table ebatch
Done.

-------------------------------
WaTCH internal validation results (data/latest):
TABLE        	WaTCH IDS    	DUPLICATES   
rbatch       	0            	0            
concentration	12139        	0            
extraction   	12332        	0            
sample       	12277        	0            
cbatch       	762          	0            
assay        	40259        	0            
abatch       	298          	0            
archive      	0            	0            
ebatch       	520          	0            
-------------------------------

Validating ids from the update tables...
Done.

-------------------------------
Update validation results (/Users/tpd0001/github/watch-wv/patchr/data/updates/2025-02-06_13-58/):
TABLE        	UPDATE IDS   	DUPLICATES   	COLLISIONS   
cbatch       	4            	0            	0            
sample       	28           	0            	0            
assay        	0            	0            	0            
concentration	54           	0            	1            
rbatch       	0            	0            	0            
extraction   	54           	0            	1            
abatch       	0            	0            	0            
ebatch       	2            	0            	0            
archive      	0            	0            	0            
-------------------------------

Resolving 2 collisons between update and watchdb...


Ok, I'm about to start modifying the watchdb files in /Users/tpd0001/github/watch-wv/patchr/data/latest/.
First, let's back up /Users/tpd0001/github/watch-wv/patchr/data/latest/ to /Users/tpd0001/github/watch-wv/patchr/data/latest_bk/.

Now I'll create a new watchdb folder in /Users/tpd0001/github/watch-wv/patchr/data/incremental/2025-02-06_13-58/.
It will hold the latest watchdb after update with data from /Users/tpd0001/github/watch-wv/patchr/data/updates/2025-02-06_13-58/.


Now I'm merging the watchdb tables from /Users/tpd0001/github/watch-wv/patchr/data/latest/ with the update tables in /Users/tpd0001/github/watch-wv/patchr/data/updates/2025-02-06_13-58/.
These merged tables will be put in the folder that I just created, /Users/tpd0001/github/watch-wv/patchr/data/incremental/2025-02-06_13-58/.

******
Running 4_appendUpdate.pl /Users/tpd0001/github/watch-wv/patchr/data/incremental/2025-02-06_13-58 /Users/tpd0001/github/watch-wv/patchr/data/updates/2025-02-06_13-58/.
******



Now I will generate the RESULT table using the updated watchdb tables in /Users/tpd0001/github/watch-wv/patchr/data/incremental/2025-02-06_13-58.

******
Running 5_calculateResults.pl /Users/tpd0001/github/watch-wv/patchr/data/incremental/2025-02-06_13-58.
******


******
Running 6_generateBatchList.pl /Users/tpd0001/github/watch-wv/patchr/data/incremental/2025-02-06_13-58 > /Users/tpd0001/github/watch-wv/patchr/data/incremental/2025-02-06_13-58/watchdb.completed_batches.txt.
******



******
Everything appears to be ok, so on to the final step.
I am now copying the watchdb tables from /Users/tpd0001/github/watch-wv/patchr/data/incremental/2025-02-06_13-58/ to /Users/tpd0001/github/watch-wv/patchr/data/latest/, overwriting the old set.
Never fear! The previous version is still readily available in /Users/tpd0001/github/watch-wv/patchr/data/latest_bk/, and older sets in the /Users/tpd0001/github/watch-wv/patchr/data/incremental/ folder.
******

Updating the README file.

File copy finished.
The most recent version of the watchdb can be found in two places:
    /Users/tpd0001/github/watch-wv/patchr/data/incremental/2025-02-06_13-58/
    and
    /Users/tpd0001/github/watch-wv/patchr/data/latest/
/Users/tpd0001/github/watch-wv/patchr/data/latest_bk/ contains the data from immediately before this update was applied.

All done! patchr run of 2025-02-06_13-58 will now exit.

