#############################################
Initiated patchr.sh
2023-12-18_13-45

See logs/patchr.2023-12-18_13-45.log for warnings, errors, and other important information.

Searching for unprocessed batch files.
******
Running 1_queryBatches.pl /Users/tpd0001/Library/CloudStorage/GoogleDrive-wvuvectors@gmail.com/My Drive/DRISCOLL_LAB/PROJECTS/WaTCH/TESTING_LAB/DATA_PCR.
******

1_queryBatches.pl identified unprocessed batch files, so an update will be prepared.
Preparing an update to WaTCH now.
Creating update folder data/updates/2023-12-18_13-45/ to hold the results.
Recording batch files to process in data/updates/2023-12-18_13-45//update.batch_files.txt.
******
Running prepUpdate.sh.
******
Configuring MU dashboard file /Users/tpd0001/Library/CloudStorage/GoogleDrive-wvuvectors@gmail.com/My Drive/WaTCH-WV/WaTCH-WV SHARED/DATA FOR DASHBOARD/mu_dashboard.LATEST.tsv.
Done. The original, unprocessed MU file has been archived as /Users/tpd0001/Library/CloudStorage/GoogleDrive-wvuvectors@gmail.com/My Drive/WaTCH-WV/WaTCH-WV SHARED/DATA FOR DASHBOARD/ARCHIVED/mu_dashboard.$now.tsv.
Switching to update directory data/updates/2023-12-18_13-45/.
Creating directory batches/ to hold the validated batch files.
Preparing unprocessed batch files listed in update.batch_files.txt.
Validated batch files will be stored in batches/ and update.batch_files.txt will be revised.
Further steps in patchr will use the files in batches/.
Copying file CB5.xlsx to batches/CB5.xlsx.
Repairing known issues in CB5.xlsx.
Copying file CB4.xlsx to batches/CB4.xlsx.
Repairing known issues in CB4.xlsx.
Copying file CB3.xlsx to batches/CB3.xlsx.
Repairing known issues in CB3.xlsx.
Copying file CB2.xlsx to batches/CB2.xlsx.
Repairing known issues in CB2.xlsx.
Copying file CB1.xlsx to batches/CB1.xlsx.
Repairing known issues in CB1.xlsx.
Copying file CB6.xlsx to batches/CB6.xlsx.
Repairing known issues in CB6.xlsx.
Copying file EB2.xlsx to batches/EB2.xlsx.
Repairing known issues in EB2.xlsx.
Copying file EB4.xlsx to batches/EB4.xlsx.
Repairing known issues in EB4.xlsx.
Copying file EB6.xlsx to batches/EB6.xlsx.
Repairing known issues in EB6.xlsx.
Copying file AB1.3SARS.xlsx to batches/AB1.3SARS.xlsx.
Repairing known issues in AB1.3SARS.xlsx.
Copying file AB1_20231130_154616_856.ANALYZED.csv to batches/AB1_20231130_154616_856.ANALYZED.csv.
Repairing known issues in AB1_20231130_154616_856.ANALYZED.csv.
Done.
File AB1_20231130_154616_856.ANALYZED.csv appears to be a ddPCR results file.
  Fixing known incompatibilities in AB1_20231130_154616_856.ANALYZED.csv.
Done.
Copying file AB2.xlsx to batches/AB2.xlsx.
Repairing known issues in AB2.xlsx.
Copying file AB2_20231214_110525_400.ANALYZED.csv to batches/AB2_20231214_110525_400.ANALYZED.csv.
Repairing known issues in AB2_20231214_110525_400.ANALYZED.csv.
Done.
File AB2_20231214_110525_400.ANALYZED.csv appears to be a ddPCR results file.
  Fixing known incompatibilities in AB2_20231214_110525_400.ANALYZED.csv.
Done.
Copying file AssetTagReport.csv to batches/AssetTagReport.csv.
Repairing known issues in AssetTagReport.csv.
Done.
File AssetTagReport.csv appears to be an asset file.
It has been copied to batches/.

******
Running 2_compileUpdate.pl.
******

******
Running 3_validateUpdate.pl.
******

3_validateUpdate.pl exited with error code 255 and caused patchr to abort.
Most likely this script identifed duplicate IDs or collisions (IDs present in both the existing db and the update). Check the following files for more info:
    data/updates/2023-12-18_13-45//_collisions.txt
    data/updates/2023-12-18_13-45//_rundups.txt
    data/updates/2023-12-18_13-45//_watchdups.txt
!!!!!!!!
patchr aborted during phase 3 (update validation).
Delete the folder data/updates/2023-12-18_13-45/. 
Then fix the error(s) and run patchr again.
!!!!!!!!
