#############################################
Initiated patchr.sh
2024-02-12_15-57

See logs/patchr/patchr.2024-02-12_15-57.log for warnings, errors, and other important information.

Searching for unprocessed batch files.
******
Running 1_queryBatches.pl /Users/tpd0001/Library/CloudStorage/GoogleDrive-wvuvectors@gmail.com/My Drive/DRISCOLL_LAB/PROJECTS/WaTCH/TESTING_LAB/DATA_PCR.
******

1_queryBatches.pl identified unprocessed batch files, so an update will be prepared.
Preparing an update to WaTCH now.
Creating update folder data/updates/2024-02-12_15-57/ to hold the results.
Recording batch files to process in data/updates/2024-02-12_15-57//update.batch_files.txt.
******
Running prepUpdate.sh.
******
Switching to update directory data/updates/2024-02-12_15-57/.
Creating directory batches/ to hold the validated batch files.
Preparing unprocessed batch files listed in update.batch_files.txt.
Validated batch files will be stored in batches/ and update.batch_files.txt will be revised.
Further steps in patchr will use the files in batches/.
Copying file CB20.xlsx to batches/CB20.xlsx.
Repairing known issues in CB20.xlsx.
Copying file CB19.xlsx to batches/CB19.xlsx.
Repairing known issues in CB19.xlsx.
Copying file EB20.xlsx to batches/EB20.xlsx.
Repairing known issues in EB20.xlsx.
Copying file AB11.xlsx to batches/AB11.xlsx.
Repairing known issues in AB11.xlsx.
Copying file AB11_20240209_090111_598.ANALYZED.csv to batches/AB11_20240209_090111_598.ANALYZED.csv.
Repairing known issues in AB11_20240209_090111_598.ANALYZED.csv.
Done.
File AB11_20240209_090111_598.ANALYZED.csv appears to be a ddPCR results file.
  Fixing known incompatibilities in AB11_20240209_090111_598.ANALYZED.csv.
Done.
Copying file AB12.xlsx to batches/AB12.xlsx.
Repairing known issues in AB12.xlsx.
Copying file AB12_20240209_090111_598.ANALYZED.csv to batches/AB12_20240209_090111_598.ANALYZED.csv.
Repairing known issues in AB12_20240209_090111_598.ANALYZED.csv.
Done.
File AB12_20240209_090111_598.ANALYZED.csv appears to be a ddPCR results file.
  Fixing known incompatibilities in AB12_20240209_090111_598.ANALYZED.csv.
Done.
Copying file AssetTagReport.csv to batches/AssetTagReport.csv.
Repairing known issues in AssetTagReport.csv.
Done.
File AssetTagReport.csv appears to be an asset file.
It has been copied to batches/.

******
Running 2_compileUpdate.pl.
******

2_compileUpdate.pl exited with error code 25 and caused patchr to abort.
!!!!!!!!
patchr aborted during phase 2 (update compilation).
Delete the folder data/updates/2024-02-12_15-57/. 
Then fix the error(s) and run patchr again.
!!!!!!!!
