#############################################
Initiated patchr.sh
2024-01-29_09-43

See logs/patchr/patchr.2024-01-29_09-43.log for warnings, errors, and other important information.

Searching for unprocessed batch files.
******
Running 1_queryBatches.pl /Users/tpd0001/Library/CloudStorage/GoogleDrive-wvuvectors@gmail.com/My Drive/DRISCOLL_LAB/PROJECTS/WaTCH/TESTING_LAB/DATA_PCR.
******

1_queryBatches.pl identified unprocessed batch files, so an update will be prepared.
Preparing an update to WaTCH now.
Creating update folder data/updates/2024-01-29_09-43/ to hold the results.
Recording batch files to process in data/updates/2024-01-29_09-43//update.batch_files.txt.
******
Running prepUpdate.sh.
******
Switching to update directory data/updates/2024-01-29_09-43/.
Creating directory batches/ to hold the validated batch files.
Preparing unprocessed batch files listed in update.batch_files.txt.
Validated batch files will be stored in batches/ and update.batch_files.txt will be revised.
Further steps in patchr will use the files in batches/.
Copying file AB7.xlsx to batches/AB7.xlsx.
Repairing known issues in AB7.xlsx.
Copying file AB7_20240125_142950_445.ANALYZED.csv to batches/AB7_20240125_142950_445.ANALYZED.csv.
Repairing known issues in AB7_20240125_142950_445.ANALYZED.csv.
Done.
File AB7_20240125_142950_445.ANALYZED.csv appears to be a ddPCR results file.
  Fixing known incompatibilities in AB7_20240125_142950_445.ANALYZED.csv.
Done.
Copying file AssetTagReport.csv to batches/AssetTagReport.csv.
Repairing known issues in AssetTagReport.csv.
Done.
File AssetTagReport.csv appears to be an asset file.
It has been copied to batches/.

******
Running 2_compileUpdate.pl.
******

2_compileUpdate.pl exited with error code 25 and caused patchr to abort.
!!!!!!!!
patchr aborted during phase 2 (update compilation).
Delete the folder data/updates/2024-01-29_09-43/. 
Then fix the error(s) and run patchr again.
!!!!!!!!
