#############################################
Initiated patchr.sh
2025-10-22_12-45

See logs/patchr/patchr.2025-10-22_12-45.log for warnings, errors, and other important information.
Input data dir: /Users/tpd0001/Library/CloudStorage/GoogleDrive-wvuvectors@gmail.com/My Drive/DRISCOLL_LAB/2 PROJECTS/WaTCH/TESTING_LAB/DATA_PCR
Output data dir: /Users/tpd0001/github/watch-wv/patchr/data

Searching for unprocessed batch files.
******
Running 1_queryBatches.pl -i /Users/tpd0001/Library/CloudStorage/GoogleDrive-wvuvectors@gmail.com/My Drive/DRISCOLL_LAB/2 PROJECTS/WaTCH/TESTING_LAB/DATA_PCR -o /Users/tpd0001/github/watch-wv/patchr/data.
******

1_queryBatches.pl identified unprocessed batch files, so an update will be prepared.
Preparing an update to WaTCH now.
Creating update folder /Users/tpd0001/github/watch-wv/patchr/data/updates/2025-10-22_12-45/ to hold the results.
Recording batch files to process in /Users/tpd0001/github/watch-wv/patchr/data/updates/2025-10-22_12-45//update.batch_files.txt.
******
Running prepUpdate.sh.
******
Switching to update directory /Users/tpd0001/github/watch-wv/patchr/data/updates/2025-10-22_12-45/.
Creating directory batches/ to hold the validated batch files.
Preparing unprocessed batch files listed in update.batch_files.txt.
Validated batch files will be stored in batches/ and update.batch_files.txt will be revised.
Further steps in patchr will use the files in batches/.
Copying file CB188.xlsx to batches/CB188.xlsx.
Repairing known issues in CB188.xlsx.
Copying file CB189.xlsx to batches/CB189.xlsx.
Repairing known issues in CB189.xlsx.
Copying file EB189.xlsx to batches/EB189.xlsx.
Repairing known issues in EB189.xlsx.
Copying file EB188.xlsx to batches/EB188.xlsx.
Repairing known issues in EB188.xlsx.
Copying file AB118.xlsx to batches/AB118.xlsx.
Repairing known issues in AB118.xlsx.
Copying file AB118_20251021_072250_612.ANALYZED.csv to batches/AB118_20251021_072250_612.ANALYZED.csv.
Repairing known issues in AB118_20251021_072250_612.ANALYZED.csv.
Done.
File AB118_20251021_072250_612.ANALYZED.csv appears to be a ddPCR results file.
  Fixing known incompatibilities in AB118_20251021_072250_612.ANALYZED.csv.
Done.
Copying file AssetTagReport.csv to batches/AssetTagReport.csv.
Repairing known issues in AssetTagReport.csv.
Done.
File AssetTagReport.csv appears to be an asset file.
It has been copied to batches/.

******
Running 2_compileUpdate.pl.
******


Ok, I'm about to start modifying the watchdb files in /Users/tpd0001/github/watch-wv/patchr/data/latest/.
First, let's back up /Users/tpd0001/github/watch-wv/patchr/data/latest/ to /Users/tpd0001/github/watch-wv/patchr/data/latest_bk/.

Now I'll create a new watchdb folder in /Users/tpd0001/github/watch-wv/patchr/data/incremental/2025-10-22_12-45/.
It will hold the latest watchdb after update with data from /Users/tpd0001/github/watch-wv/patchr/data/updates/2025-10-22_12-45/.


Now I'm merging the watchdb tables from /Users/tpd0001/github/watch-wv/patchr/data/latest/ with the update tables in /Users/tpd0001/github/watch-wv/patchr/data/updates/2025-10-22_12-45/.
These merged tables will be put in the folder that I just created, /Users/tpd0001/github/watch-wv/patchr/data/incremental/2025-10-22_12-45/.

******
Running 4_appendUpdate.pl /Users/tpd0001/github/watch-wv/patchr/data/incremental/2025-10-22_12-45 /Users/tpd0001/github/watch-wv/patchr/data/updates/2025-10-22_12-45/.
******



Now I will generate the RESULT table using the updated watchdb tables in /Users/tpd0001/github/watch-wv/patchr/data/incremental/2025-10-22_12-45.

******
Running 5_calculateResults.pl /Users/tpd0001/github/watch-wv/patchr/data/incremental/2025-10-22_12-45.
******

5_calculateResults.pl exited with error code 40 and caused patchr to abort.
!!!!!!!!
patchr aborted during phase 5 (calculating results).
Check the file /Users/tpd0001/github/watch-wv/patchr/data/incremental/2025-10-22_12-45/_result.rejections.txt for details.
I STRONGLY recommend deleting /Users/tpd0001/github/watch-wv/patchr/data/incremental/2025-10-22_12-45/ after exploring this error.
Then delete the folder /Users/tpd0001/github/watch-wv/patchr/data/updates/2025-10-22_12-45/, fix the error(s), and run patchr again. 
!!!!!!!!
