#############################################
Initiated patchr.sh
2024-08-23_14-30

See logs/patchr/patchr.2024-08-23_14-30.log for warnings, errors, and other important information.
Input data dir: /Users/tpd0001/Library/CloudStorage/GoogleDrive-wvuvectors@gmail.com/My Drive/DRISCOLL_LAB/2 PROJECTS/WaTCH/TESTING_LAB/DATA_PCR
Output data dir: /Users/tpd0001/github/watch-wv/patchr/data

Searching for unprocessed batch files.
******
Running 1_queryBatches.pl /Users/tpd0001/Library/CloudStorage/GoogleDrive-wvuvectors@gmail.com/My Drive/DRISCOLL_LAB/2 PROJECTS/WaTCH/TESTING_LAB/DATA_PCR.
******

1_queryBatches.pl identified unprocessed batch files, so an update will be prepared.
Preparing an update to WaTCH now.
Creating update folder /Users/tpd0001/github/watch-wv/patchr/data/updates/2024-08-23_14-30/ to hold the results.
Recording batch files to process in /Users/tpd0001/github/watch-wv/patchr/data/updates/2024-08-23_14-30//update.batch_files.txt.
******
Running prepUpdate.sh.
******
Switching to update directory /Users/tpd0001/github/watch-wv/patchr/data/updates/2024-08-23_14-30/.
Creating directory batches/ to hold the validated batch files.
Preparing unprocessed batch files listed in update.batch_files.txt.
Validated batch files will be stored in batches/ and update.batch_files.txt will be revised.
Further steps in patchr will use the files in batches/.
Copying file CB77.xlsx to batches/CB77.xlsx.
Repairing known issues in CB77.xlsx.
Copying file CB76.xlsx to batches/CB76.xlsx.
Repairing known issues in CB76.xlsx.
Copying file EB77.xlsx to batches/EB77.xlsx.
Repairing known issues in EB77.xlsx.
Copying file AB49.xlsx to batches/AB49.xlsx.
Repairing known issues in AB49.xlsx.
Copying file AB49_20240823_094038_351.ANALYZED.csv to batches/AB49_20240823_094038_351.ANALYZED.csv.
Repairing known issues in AB49_20240823_094038_351.ANALYZED.csv.
Done.
File AB49_20240823_094038_351.ANALYZED.csv appears to be a ddPCR results file.
  Fixing known incompatibilities in AB49_20240823_094038_351.ANALYZED.csv.
Done.
Copying file AssetTagReport.csv to batches/AssetTagReport.csv.
Repairing known issues in AssetTagReport.csv.
Done.
File AssetTagReport.csv appears to be an asset file.
It has been copied to batches/.

******
Running 2_compileUpdate.pl.
******


******
Running 3_validateUpdate.pl.
******
Validating ids from existing WaTCH database tables...
Retrieving ids from WaTCH table concentration
Retrieving ids from WaTCH table archive
Retrieving ids from WaTCH table cbatch
Retrieving ids from WaTCH table extraction
Retrieving ids from WaTCH table assay
Retrieving ids from WaTCH table abatch
Retrieving ids from WaTCH table ebatch
Retrieving ids from WaTCH table rbatch
Retrieving ids from WaTCH table sample
Done.

-------------------------------
WaTCH internal validation results (data/latest):
TABLE        	WaTCH IDS    	DUPLICATES   
concentration	11502        	0            
archive      	0            	0            
cbatch       	722          	0            
extraction   	11695        	0            
assay        	37041        	0            
abatch       	278          	0            
ebatch       	498          	0            
rbatch       	0            	0            
sample       	11640        	0            
-------------------------------

Validating ids from the update tables...
Done.

-------------------------------
Update validation results (/Users/tpd0001/github/watch-wv/patchr/data/updates/2024-08-23_14-30/):
TABLE        	UPDATE IDS   	DUPLICATES   	COLLISIONS   
assay        	175          	0            	0            
cbatch       	2            	0            	0            
extraction   	35           	0            	1            
concentration	35           	0            	1            
archive      	0            	0            	0            
sample       	36           	0            	0            
rbatch       	0            	0            	0            
abatch       	1            	0            	0            
ebatch       	1            	0            	0            
-------------------------------

Resolving 2 collisons between update and watchdb...


Ok, I'm about to start modifying the watchdb files in /Users/tpd0001/github/watch-wv/patchr/data/latest/.
First, let's back up /Users/tpd0001/github/watch-wv/patchr/data/latest/ to /Users/tpd0001/github/watch-wv/patchr/data/latest_bk/.

Now I'll create a new watchdb folder in /Users/tpd0001/github/watch-wv/patchr/data/incremental/2024-08-23_14-30/.
It will hold the latest watchdb after update with data from /Users/tpd0001/github/watch-wv/patchr/data/updates/2024-08-23_14-30/.


Now I'm merging the watchdb tables from /Users/tpd0001/github/watch-wv/patchr/data/latest/ with the update tables in /Users/tpd0001/github/watch-wv/patchr/data/updates/2024-08-23_14-30/.
These merged tables will be put in the folder that I just created, /Users/tpd0001/github/watch-wv/patchr/data/incremental/2024-08-23_14-30/.

******
Running 4_appendUpdate.pl /Users/tpd0001/github/watch-wv/patchr/data/incremental/2024-08-23_14-30 /Users/tpd0001/github/watch-wv/patchr/data/updates/2024-08-23_14-30/.
******



Now I will generate the RESULT table using the updated watchdb tables in /Users/tpd0001/github/watch-wv/patchr/data/incremental/2024-08-23_14-30.

******
Running 5_calculateResults.pl /Users/tpd0001/github/watch-wv/patchr/data/incremental/2024-08-23_14-30.
******

5_calculateResults.pl exited with error code 5 and caused patchr to abort.
!!!!!!!!
patchr aborted during phase 5 (calculating results).
Check the file /Users/tpd0001/github/watch-wv/patchr/data/incremental/2024-08-23_14-30/_result.rejections.txt for details.
I STRONGLY recommend deleting /Users/tpd0001/github/watch-wv/patchr/data/incremental/2024-08-23_14-30/ after exploring this error.
Then delete the folder /Users/tpd0001/github/watch-wv/patchr/data/updates/2024-08-23_14-30/, fix the error(s), and run patchr again. 
!!!!!!!!
