#############################################
Initiated patchr.sh
2025-07-20_15-18

See logs/patchr/patchr.2025-07-20_15-18.log for warnings, errors, and other important information.
Input data dir: /Users/tpd0001/Library/CloudStorage/GoogleDrive-wvuvectors@gmail.com/My Drive/DRISCOLL_LAB/2 PROJECTS/WaTCH/TESTING_LAB/DATA_NoV
Output data dir: /Users/tpd0001/github/watch-wv/patchr/data_nov


Ok, I'm about to start modifying the watchdb files in /Users/tpd0001/github/watch-wv/patchr/data_nov/latest/.
First, let's back up /Users/tpd0001/github/watch-wv/patchr/data_nov/latest/ to /Users/tpd0001/github/watch-wv/patchr/data_nov/latest_bk/.

Now I'll create a new watchdb folder in /Users/tpd0001/github/watch-wv/patchr/data_nov/incremental/2025-07-20_15-18/.
It will hold the latest watchdb after update with data from .


Now I'm merging the watchdb tables from /Users/tpd0001/github/watch-wv/patchr/data_nov/latest/ with the update tables in .
These merged tables will be put in the folder that I just created, /Users/tpd0001/github/watch-wv/patchr/data_nov/incremental/2025-07-20_15-18/.

******
Running 4_appendUpdate.pl /Users/tpd0001/github/watch-wv/patchr/data_nov/incremental/2025-07-20_15-18 .
******

4_appendUpdate.pl exited with error code 2 and caused patchr to abort.
!!!!!!!!
patchr aborted during phase 4 (appending update).
I STRONGLY recommend deleting /Users/tpd0001/github/watch-wv/patchr/data_nov/incremental/2025-07-20_15-18/ after exploring this error.
Then delete the folder , fix the error(s), and run patchr again. 
!!!!!!!!
