#############################################
Initiated patchr.sh
2024-07-30_15-16

See logs/patchr/patchr.2024-07-30_15-16.log for warnings, errors, and other important information.
Input data dir: /Users/tpd0001/Library/CloudStorage/GoogleDrive-wvuvectors@gmail.com/My Drive/DRISCOLL_LAB/2 PROJECTS/WaTCH/TESTING_LAB/DATA_PCR/MILK
Output data dir: /Users/tpd0001/Library/CloudStorage/GoogleDrive-wvuvectors@gmail.com/My Drive/DRISCOLL_LAB/2 PROJECTS/WaTCH/TESTING_LAB/DATA_PCR/MILK/data

Searching for unprocessed batch files.
******
Running 1_queryBatches.pl /Users/tpd0001/Library/CloudStorage/GoogleDrive-wvuvectors@gmail.com/My Drive/DRISCOLL_LAB/2 PROJECTS/WaTCH/TESTING_LAB/DATA_PCR/MILK.
******

1_queryBatches.pl identified unprocessed batch files, so an update will be prepared.
Preparing an update to WaTCH now.
Creating update folder /Users/tpd0001/Library/CloudStorage/GoogleDrive-wvuvectors@gmail.com/My Drive/DRISCOLL_LAB/2 PROJECTS/WaTCH/TESTING_LAB/DATA_PCR/MILK/data/updates/2024-07-30_15-16/ to hold the results.
Recording batch files to process in /Users/tpd0001/Library/CloudStorage/GoogleDrive-wvuvectors@gmail.com/My Drive/DRISCOLL_LAB/2 PROJECTS/WaTCH/TESTING_LAB/DATA_PCR/MILK/data/updates/2024-07-30_15-16//update.batch_files.txt.
******
Running prepUpdate.sh.
******
Switching to update directory /Users/tpd0001/Library/CloudStorage/GoogleDrive-wvuvectors@gmail.com/My Drive/DRISCOLL_LAB/2 PROJECTS/WaTCH/TESTING_LAB/DATA_PCR/MILK/data/updates/2024-07-30_15-16/.
Creating directory batches/ to hold the validated batch files.
Preparing unprocessed batch files listed in update.batch_files.txt.
Validated batch files will be stored in batches/ and update.batch_files.txt will be revised.
Further steps in patchr will use the files in batches/.
Copying file CBM1.xlsx to batches/CBM1.xlsx.
Repairing known issues in CBM1.xlsx.
Copying file CBM4.xlsx to batches/CBM4.xlsx.
Repairing known issues in CBM4.xlsx.
Copying file CBM2.xlsx to batches/CBM2.xlsx.
Repairing known issues in CBM2.xlsx.
Copying file CBM3.xlsx to batches/CBM3.xlsx.
Repairing known issues in CBM3.xlsx.
Copying file EBM4.xlsx to batches/EBM4.xlsx.
Repairing known issues in EBM4.xlsx.
Copying file EBM3.xlsx to batches/EBM3.xlsx.
Repairing known issues in EBM3.xlsx.
Copying file EBM2.xlsx to batches/EBM2.xlsx.
Repairing known issues in EBM2.xlsx.
Copying file EBM1.xlsx to batches/EBM1.xlsx.
Repairing known issues in EBM1.xlsx.
Copying file ABM1.xlsx to batches/ABM1.xlsx.
Repairing known issues in ABM1.xlsx.
Copying file ABM1_20240529_153522_617.ANALYZED.csv to batches/ABM1_20240529_153522_617.ANALYZED.csv.
Repairing known issues in ABM1_20240529_153522_617.ANALYZED.csv.
Done.
File ABM1_20240529_153522_617.ANALYZED.csv appears to be a ddPCR results file.
  Fixing known incompatibilities in ABM1_20240529_153522_617.ANALYZED.csv.
Done.
Copying file ABM2.xlsx to batches/ABM2.xlsx.
Repairing known issues in ABM2.xlsx.
Copying file ABM2_20240723_145742_423.ANALYZED.csv to batches/ABM2_20240723_145742_423.ANALYZED.csv.
Repairing known issues in ABM2_20240723_145742_423.ANALYZED.csv.
Done.
File ABM2_20240723_145742_423.ANALYZED.csv appears to be a ddPCR results file.
  Fixing known incompatibilities in ABM2_20240723_145742_423.ANALYZED.csv.
Done.
Copying file AssetTagReport.csv to batches/AssetTagReport.csv.
Repairing known issues in AssetTagReport.csv.
Done.
File AssetTagReport.csv appears to be an asset file.
It has been copied to batches/.

******
Running 2_compileUpdate.pl.
******


******
Running 3_validateUpdate.pl.
******
Validating ids from existing WaTCH database tables...
Retrieving ids from WaTCH table rbatch
Retrieving ids from WaTCH table cbatch
Retrieving ids from WaTCH table sample
Retrieving ids from WaTCH table abatch
Retrieving ids from WaTCH table ebatch
Retrieving ids from WaTCH table archive
Retrieving ids from WaTCH table extraction
Retrieving ids from WaTCH table assay
Retrieving ids from WaTCH table concentration
Done.

-------------------------------
WaTCH internal validation results (data/latest):
TABLE        	WaTCH IDS    	DUPLICATES   
rbatch       	0            	0            
cbatch       	717          	0            
sample       	11555        	0            
abatch       	275          	0            
ebatch       	495          	0            
archive      	0            	0            
extraction   	11610        	0            
assay        	36576        	0            
concentration	11417        	0            
-------------------------------

Validating ids from the update tables...
Done.

-------------------------------
Update validation results (/Users/tpd0001/Library/CloudStorage/GoogleDrive-wvuvectors@gmail.com/My Drive/DRISCOLL_LAB/2 PROJECTS/WaTCH/TESTING_LAB/DATA_PCR/MILK/data/updates/2024-07-30_15-16/):
TABLE        	UPDATE IDS   	DUPLICATES   	COLLISIONS   
extraction   	19           	2            	0            
assay        	58           	0            	0            
concentration	13           	2            	0            
abatch       	2            	0            	0            
ebatch       	4            	0            	0            
archive      	0            	0            	0            
cbatch       	4            	0            	0            
rbatch       	0            	0            	0            
sample       	17           	0            	0            
-------------------------------


3_validateUpdate.pl exited with error code 4 and caused patchr to abort.
Most likely this script identifed duplicate IDs or collisions (IDs present in both the existing db and the update). Check the following files for more info:
    /Users/tpd0001/Library/CloudStorage/GoogleDrive-wvuvectors@gmail.com/My Drive/DRISCOLL_LAB/2 PROJECTS/WaTCH/TESTING_LAB/DATA_PCR/MILK/data/updates/2024-07-30_15-16//_collisions.txt
    /Users/tpd0001/Library/CloudStorage/GoogleDrive-wvuvectors@gmail.com/My Drive/DRISCOLL_LAB/2 PROJECTS/WaTCH/TESTING_LAB/DATA_PCR/MILK/data/updates/2024-07-30_15-16//_rundups.txt
    /Users/tpd0001/Library/CloudStorage/GoogleDrive-wvuvectors@gmail.com/My Drive/DRISCOLL_LAB/2 PROJECTS/WaTCH/TESTING_LAB/DATA_PCR/MILK/data/updates/2024-07-30_15-16//_watchdups.txt
!!!!!!!!
patchr aborted during phase 3 (update validation).
Delete the folder /Users/tpd0001/Library/CloudStorage/GoogleDrive-wvuvectors@gmail.com/My Drive/DRISCOLL_LAB/2 PROJECTS/WaTCH/TESTING_LAB/DATA_PCR/MILK/data/updates/2024-07-30_15-16/. 
Then fix the error(s) and run patchr again.
!!!!!!!!
