#############################################
Initiated patchr.sh
2024-02-02_09-58

See logs/patchr/patchr.2024-02-02_09-58.log for warnings, errors, and other important information.

Searching for unprocessed batch files.
******
Running 1_queryBatches.pl /Users/tpd0001/Library/CloudStorage/GoogleDrive-wvuvectors@gmail.com/My Drive/DRISCOLL_LAB/PROJECTS/WaTCH/TESTING_LAB/DATA_PCR.
******

1_queryBatches.pl identified unprocessed batch files, so an update will be prepared.
Preparing an update to WaTCH now.
Creating update folder data/updates/2024-02-02_09-58/ to hold the results.
Recording batch files to process in data/updates/2024-02-02_09-58//update.batch_files.txt.
******
Running prepUpdate.sh.
******
Switching to update directory data/updates/2024-02-02_09-58/.
Creating directory batches/ to hold the validated batch files.
Preparing unprocessed batch files listed in update.batch_files.txt.
Validated batch files will be stored in batches/ and update.batch_files.txt will be revised.
Further steps in patchr will use the files in batches/.
Copying file CB17.xlsx to batches/CB17.xlsx.
Repairing known issues in CB17.xlsx.
Copying file CB18.xlsx to batches/CB18.xlsx.
Repairing known issues in CB18.xlsx.
Copying file EB18.xlsx to batches/EB18.xlsx.
Repairing known issues in EB18.xlsx.
Copying file AB8.xlsx to batches/AB8.xlsx.
Repairing known issues in AB8.xlsx.
Copying file AB8_20240201_091331_210.ANALYZED.csv to batches/AB8_20240201_091331_210.ANALYZED.csv.
Repairing known issues in AB8_20240201_091331_210.ANALYZED.csv.
Done.
File AB8_20240201_091331_210.ANALYZED.csv appears to be a ddPCR results file.
  Fixing known incompatibilities in AB8_20240201_091331_210.ANALYZED.csv.
Done.
Copying file AB10.RSV.xlsx to batches/AB10.RSV.xlsx.
Repairing known issues in AB10.RSV.xlsx.
Copying file AB10_20240201_114747_611.ANALYZED.csv to batches/AB10_20240201_114747_611.ANALYZED.csv.
Repairing known issues in AB10_20240201_114747_611.ANALYZED.csv.
Done.
File AB10_20240201_114747_611.ANALYZED.csv appears to be a ddPCR results file.
  Fixing known incompatibilities in AB10_20240201_114747_611.ANALYZED.csv.
Done.
Copying file AssetTagReport.csv to batches/AssetTagReport.csv.
Repairing known issues in AssetTagReport.csv.
Done.
File AssetTagReport.csv appears to be an asset file.
It has been copied to batches/.

******
Running 2_compileUpdate.pl.
******


******
Running 3_validateUpdate.pl.
******
Validating ids from existing WaTCH database tables...
Retrieving ids from WaTCH table abatch
Retrieving ids from WaTCH table concentration
Retrieving ids from WaTCH table ebatch
Retrieving ids from WaTCH table archive
Retrieving ids from WaTCH table cbatch
Retrieving ids from WaTCH table sample
Retrieving ids from WaTCH table rbatch
Retrieving ids from WaTCH table extraction
Retrieving ids from WaTCH table assay
Done.

-------------------------------
WaTCH internal validation results (data/latest):
TABLE        	WaTCH IDS    	DUPLICATES   
abatch       	238          	0            
concentration	10676        	0            
ebatch       	457          	0            
archive      	0            	0            
cbatch       	663          	0            
sample       	10819        	0            
rbatch       	0            	0            
extraction   	10864        	0            
assay        	33153        	0            
-------------------------------

Validating ids from the update tables...
Done.

-------------------------------
Update validation results (data/updates/2024-02-02_09-58/):
TABLE        	UPDATE IDS   	DUPLICATES   	COLLISIONS   
assay        	86           	26           	0            
extraction   	26           	0            	0            
rbatch       	0            	0            	0            
cbatch       	2            	0            	0            
sample       	26           	0            	0            
ebatch       	1            	0            	0            
concentration	26           	0            	0            
archive      	0            	0            	0            
abatch       	2            	0            	0            
-------------------------------


3_validateUpdate.pl exited with error code 26 and caused patchr to abort.
Most likely this script identifed duplicate IDs or collisions (IDs present in both the existing db and the update). Check the following files for more info:
    data/updates/2024-02-02_09-58//_collisions.txt
    data/updates/2024-02-02_09-58//_rundups.txt
    data/updates/2024-02-02_09-58//_watchdups.txt
!!!!!!!!
patchr aborted during phase 3 (update validation).
Delete the folder data/updates/2024-02-02_09-58/. 
Then fix the error(s) and run patchr again.
!!!!!!!!
