#############################################
Initiated patchr.sh
2025-07-20_16-12

See logs/patchr/patchr.2025-07-20_16-12.log for warnings, errors, and other important information.
Input data dir: /Users/tpd0001/Library/CloudStorage/GoogleDrive-wvuvectors@gmail.com/My Drive/DRISCOLL_LAB/2 PROJECTS/WaTCH/TESTING_LAB/DATA_NoV
Output data dir: /Users/tpd0001/github/watch-wv/patchr/data_nov

******
Running 2_compileUpdate.pl.
******


******
Running 3_validateUpdate.pl.
******
Validating ids from existing WaTCH database tables...
Retrieving ids from WaTCH table concentration
Retrieving ids from WaTCH table assay
Retrieving ids from WaTCH table abatch
Retrieving ids from WaTCH table rbatch
Retrieving ids from WaTCH table cbatch
Retrieving ids from WaTCH table archive
Retrieving ids from WaTCH table sample
Retrieving ids from WaTCH table extraction
Retrieving ids from WaTCH table ebatch
Done.

-------------------------------
WaTCH internal validation results (data/latest):
TABLE        	WaTCH IDS    	DUPLICATES   
concentration	12804        	0            
assay        	43762        	0            
abatch       	322          	0            
rbatch       	0            	0            
cbatch       	804          	0            
archive      	0            	0            
sample       	12940        	0            
extraction   	12997        	0            
ebatch       	542          	0            
-------------------------------

Validating ids from the update tables...
Done.

-------------------------------
Update validation results (/Users/tpd0001/github/watch-wv/patchr/data_nov/updates/2025-07-20_15-33/):
TABLE        	UPDATE IDS   	DUPLICATES   	COLLISIONS   
cbatch       	0            	0            	0            
archive      	0            	0            	0            
rbatch       	0            	0            	0            
concentration	0            	0            	0            
abatch       	23           	0            	0            
assay        	841          	5            	1329         
ebatch       	70           	0            	70           
extraction   	1615         	0            	1615         
sample       	569          	0            	0            
-------------------------------

Resolving 3014 collisons between update and watchdb...

3_validateUpdate.pl exited with error code 5 and caused patchr to abort.
Most likely this script identifed duplicate IDs or collisions (IDs present in both the existing db and the update). Check the following files for more info:
    /Users/tpd0001/github/watch-wv/patchr/data_nov/updates/2025-07-20_15-33//_collisions.txt
    /Users/tpd0001/github/watch-wv/patchr/data_nov/updates/2025-07-20_15-33//_rundups.txt
    /Users/tpd0001/github/watch-wv/patchr/data_nov/updates/2025-07-20_15-33//_watchdups.txt
!!!!!!!!
patchr aborted during phase 3 (update validation).
Delete the folder /Users/tpd0001/github/watch-wv/patchr/data_nov/updates/2025-07-20_15-33/. 
Then fix the error(s) and run patchr again.
!!!!!!!!
