#############################################
Initiated patchr.sh
2025-10-01_15-44

See logs/patchr/patchr.2025-10-01_15-44.log for warnings, errors, and other important information.
Input data dir: /Users/tpd0001/Library/CloudStorage/GoogleDrive-wvuvectors@gmail.com/My Drive/DRISCOLL_LAB/2 PROJECTS/WaTCH/TESTING_LAB/DATA_PCR
Output data dir: /Users/tpd0001/github/watch-wv/patchr/data

Searching for unprocessed batch files.
******
Running 1_queryBatches.pl -i /Users/tpd0001/Library/CloudStorage/GoogleDrive-wvuvectors@gmail.com/My Drive/DRISCOLL_LAB/2 PROJECTS/WaTCH/TESTING_LAB/DATA_PCR -o /Users/tpd0001/github/watch-wv/patchr/data.
******

1_queryBatches.pl identified unprocessed batch files, so an update will be prepared.
Preparing an update to WaTCH now.
Creating update folder /Users/tpd0001/github/watch-wv/patchr/data/updates/2025-10-01_15-44/ to hold the results.
Recording batch files to process in /Users/tpd0001/github/watch-wv/patchr/data/updates/2025-10-01_15-44//update.batch_files.txt.
******
Running prepUpdate.sh.
******
Switching to update directory /Users/tpd0001/github/watch-wv/patchr/data/updates/2025-10-01_15-44/.
Creating directory batches/ to hold the validated batch files.
Preparing unprocessed batch files listed in update.batch_files.txt.
Validated batch files will be stored in batches/ and update.batch_files.txt will be revised.
Further steps in patchr will use the files in batches/.
Copying file CB182.xlsx to batches/CB182.xlsx.
Repairing known issues in CB182.xlsx.
Copying file CB183.xlsx to batches/CB183.xlsx.
Repairing known issues in CB183.xlsx.
Copying file EB182.xlsx to batches/EB182.xlsx.
Repairing known issues in EB182.xlsx.
Copying file AB115.5RVP.xlsx to batches/AB115.5RVP.xlsx.
Repairing known issues in AB115.5RVP.xlsx.
Copying file AB115_20250926_093210_113_ANALYZED.csv to batches/AB115_20250926_093210_113_ANALYZED.csv.
Repairing known issues in AB115_20250926_093210_113_ANALYZED.csv.
Done.
File AB115_20250926_093210_113_ANALYZED.csv appears to be a ddPCR results file.
  Fixing known incompatibilities in AB115_20250926_093210_113_ANALYZED.csv.
Done.
Copying file AssetTagReport.csv to batches/AssetTagReport.csv.
Repairing known issues in AssetTagReport.csv.
Done.
File AssetTagReport.csv appears to be an asset file.
It has been copied to batches/.

******
Running 2_compileUpdate.pl.
******

2_compileUpdate.pl exited with error code 255 and caused patchr to abort.
!!!!!!!!
patchr aborted during phase 2 (update compilation).
Delete the folder /Users/tpd0001/github/watch-wv/patchr/data/updates/2025-10-01_15-44/. 
Then fix the error(s) and run patchr again.
!!!!!!!!
