#############################################
Initiated patchr.sh
2024-02-12_16-53

See logs/patchr/patchr.2024-02-12_16-53.log for warnings, errors, and other important information.

Searching for unprocessed batch files.
******
Running 1_queryBatches.pl /Users/tpd0001/Library/CloudStorage/GoogleDrive-wvuvectors@gmail.com/My Drive/DRISCOLL_LAB/PROJECTS/WaTCH/TESTING_LAB/DATA_PCR.
******

1_queryBatches.pl identified unprocessed batch files, so an update will be prepared.
Preparing an update to WaTCH now.
Creating update folder data/updates/2024-02-12_16-53/ to hold the results.
Recording batch files to process in data/updates/2024-02-12_16-53//update.batch_files.txt.
******
Running prepUpdate.sh.
******
Switching to update directory data/updates/2024-02-12_16-53/.
Creating directory batches/ to hold the validated batch files.
Preparing unprocessed batch files listed in update.batch_files.txt.
Validated batch files will be stored in batches/ and update.batch_files.txt will be revised.
Further steps in patchr will use the files in batches/.
Copying file CB20.xlsx to batches/CB20.xlsx.
Repairing known issues in CB20.xlsx.
Copying file CB19.xlsx to batches/CB19.xlsx.
Repairing known issues in CB19.xlsx.
Copying file EB20.xlsx to batches/EB20.xlsx.
Repairing known issues in EB20.xlsx.
Copying file AB11.xlsx to batches/AB11.xlsx.
Repairing known issues in AB11.xlsx.
Copying file AB11_20240209_090111_598.ANALYZED.csv to batches/AB11_20240209_090111_598.ANALYZED.csv.
Repairing known issues in AB11_20240209_090111_598.ANALYZED.csv.
Done.
File AB11_20240209_090111_598.ANALYZED.csv appears to be a ddPCR results file.
  Fixing known incompatibilities in AB11_20240209_090111_598.ANALYZED.csv.
Done.
Copying file AB12.xlsx to batches/AB12.xlsx.
Repairing known issues in AB12.xlsx.
Copying file AB12_20240209_090111_598.ANALYZED.csv to batches/AB12_20240209_090111_598.ANALYZED.csv.
Repairing known issues in AB12_20240209_090111_598.ANALYZED.csv.
Done.
File AB12_20240209_090111_598.ANALYZED.csv appears to be a ddPCR results file.
  Fixing known incompatibilities in AB12_20240209_090111_598.ANALYZED.csv.
Done.
Copying file AssetTagReport.csv to batches/AssetTagReport.csv.
Repairing known issues in AssetTagReport.csv.
Done.
File AssetTagReport.csv appears to be an asset file.
It has been copied to batches/.

******
Running 2_compileUpdate.pl.
******


******
Running 3_validateUpdate.pl.
******
Validating ids from existing WaTCH database tables...
Retrieving ids from WaTCH table archive
Retrieving ids from WaTCH table extraction
Retrieving ids from WaTCH table cbatch
Retrieving ids from WaTCH table ebatch
Retrieving ids from WaTCH table abatch
Retrieving ids from WaTCH table sample
Retrieving ids from WaTCH table rbatch
Retrieving ids from WaTCH table assay
Retrieving ids from WaTCH table concentration
Done.

-------------------------------
WaTCH internal validation results (data/latest):
TABLE        	WaTCH IDS    	DUPLICATES   
archive      	0            	0            
extraction   	10890        	0            
cbatch       	665          	0            
ebatch       	458          	0            
abatch       	240          	0            
sample       	10845        	0            
rbatch       	0            	0            
assay        	33264        	0            
concentration	10702        	0            
-------------------------------

Validating ids from the update tables...
Done.

-------------------------------
Update validation results (data/updates/2024-02-12_16-53/):
TABLE        	UPDATE IDS   	DUPLICATES   	COLLISIONS   
abatch       	2            	0            	0            
sample       	24           	0            	0            
rbatch       	0            	0            	0            
concentration	23           	0            	1            
assay        	108          	0            	3            
ebatch       	1            	0            	0            
extraction   	23           	0            	1            
cbatch       	2            	0            	0            
archive      	0            	0            	0            
-------------------------------


3_validateUpdate.pl exited with error code 5 and caused patchr to abort.
Most likely this script identifed duplicate IDs or collisions (IDs present in both the existing db and the update). Check the following files for more info:
    data/updates/2024-02-12_16-53//_collisions.txt
    data/updates/2024-02-12_16-53//_rundups.txt
    data/updates/2024-02-12_16-53//_watchdups.txt
!!!!!!!!
patchr aborted during phase 3 (update validation).
Delete the folder data/updates/2024-02-12_16-53/. 
Then fix the error(s) and run patchr again.
!!!!!!!!
