#############################################
Initiated patchr.sh
2024-10-15_16-48

See logs/patchr/patchr.2024-10-15_16-48.log for warnings, errors, and other important information.
Input data dir: /Users/tpd0001/Library/CloudStorage/GoogleDrive-wvuvectors@gmail.com/My Drive/DRISCOLL_LAB/2 PROJECTS/WaTCH/TESTING_LAB/DATA_PCR
Output data dir: /Users/tpd0001/github/watch-wv/patchr/data

Searching for unprocessed batch files.
******
Running 1_queryBatches.pl /Users/tpd0001/Library/CloudStorage/GoogleDrive-wvuvectors@gmail.com/My Drive/DRISCOLL_LAB/2 PROJECTS/WaTCH/TESTING_LAB/DATA_PCR.
******

1_queryBatches.pl identified unprocessed batch files, so an update will be prepared.
Preparing an update to WaTCH now.
Creating update folder /Users/tpd0001/github/watch-wv/patchr/data/updates/2024-10-15_16-48/ to hold the results.
Recording batch files to process in /Users/tpd0001/github/watch-wv/patchr/data/updates/2024-10-15_16-48//update.batch_files.txt.
******
Running prepUpdate.sh.
******
Switching to update directory /Users/tpd0001/github/watch-wv/patchr/data/updates/2024-10-15_16-48/.
Creating directory batches/ to hold the validated batch files.
Preparing unprocessed batch files listed in update.batch_files.txt.
Validated batch files will be stored in batches/ and update.batch_files.txt will be revised.
Further steps in patchr will use the files in batches/.
Copying file CB89.xlsx to batches/CB89.xlsx.
Repairing known issues in CB89.xlsx.
Copying file CB90.xlsx to batches/CB90.xlsx.
Repairing known issues in CB90.xlsx.
Copying file EB90.xlsx to batches/EB90.xlsx.
Repairing known issues in EB90.xlsx.
Copying file AB56.xlsx to batches/AB56.xlsx.
Repairing known issues in AB56.xlsx.
Copying file AB56_20241011_133741_293.ANALYZED.csv to batches/AB56_20241011_133741_293.ANALYZED.csv.
Repairing known issues in AB56_20241011_133741_293.ANALYZED.csv.
Done.
File AB56_20241011_133741_293.ANALYZED.csv appears to be a ddPCR results file.
  Fixing known incompatibilities in AB56_20241011_133741_293.ANALYZED.csv.
Done.
Copying file AssetTagReport.csv to batches/AssetTagReport.csv.
Repairing known issues in AssetTagReport.csv.
Done.
File AssetTagReport.csv appears to be an asset file.
It has been copied to batches/.

******
Running 2_compileUpdate.pl.
******


******
Running 3_validateUpdate.pl.
******
Validating ids from existing WaTCH database tables...
Retrieving ids from WaTCH table concentration
Retrieving ids from WaTCH table extraction
Retrieving ids from WaTCH table cbatch
Retrieving ids from WaTCH table abatch
Retrieving ids from WaTCH table ebatch
Retrieving ids from WaTCH table rbatch
Retrieving ids from WaTCH table sample
Retrieving ids from WaTCH table assay
Retrieving ids from WaTCH table archive
Done.

-------------------------------
WaTCH internal validation results (data/latest):
TABLE        	WaTCH IDS    	DUPLICATES   
concentration	11698        	0            
extraction   	11891        	0            
cbatch       	734          	0            
abatch       	285          	0            
ebatch       	505          	0            
rbatch       	0            	0            
sample       	11836        	0            
assay        	38116        	0            
archive      	0            	0            
-------------------------------

Validating ids from the update tables...
Done.

-------------------------------
Update validation results (/Users/tpd0001/github/watch-wv/patchr/data/updates/2024-10-15_16-48/):
TABLE        	UPDATE IDS   	DUPLICATES   	COLLISIONS   
assay        	200          	0            	0            
archive      	0            	0            	0            
sample       	35           	0            	0            
ebatch       	1            	0            	0            
abatch       	1            	0            	0            
rbatch       	0            	0            	0            
concentration	35           	0            	0            
cbatch       	2            	0            	0            
extraction   	35           	0            	0            
-------------------------------



Ok, I'm about to start modifying the watchdb files in /Users/tpd0001/github/watch-wv/patchr/data/latest/.
First, let's back up /Users/tpd0001/github/watch-wv/patchr/data/latest/ to /Users/tpd0001/github/watch-wv/patchr/data/latest_bk/.

Now I'll create a new watchdb folder in /Users/tpd0001/github/watch-wv/patchr/data/incremental/2024-10-15_16-48/.
It will hold the latest watchdb after update with data from /Users/tpd0001/github/watch-wv/patchr/data/updates/2024-10-15_16-48/.


Now I'm merging the watchdb tables from /Users/tpd0001/github/watch-wv/patchr/data/latest/ with the update tables in /Users/tpd0001/github/watch-wv/patchr/data/updates/2024-10-15_16-48/.
These merged tables will be put in the folder that I just created, /Users/tpd0001/github/watch-wv/patchr/data/incremental/2024-10-15_16-48/.

******
Running 4_appendUpdate.pl /Users/tpd0001/github/watch-wv/patchr/data/incremental/2024-10-15_16-48 /Users/tpd0001/github/watch-wv/patchr/data/updates/2024-10-15_16-48/.
******



Now I will generate the RESULT table using the updated watchdb tables in /Users/tpd0001/github/watch-wv/patchr/data/incremental/2024-10-15_16-48.

******
Running 5_calculateResults.pl /Users/tpd0001/github/watch-wv/patchr/data/incremental/2024-10-15_16-48.
******
Undefined sample with id NTC in sample table

5_calculateResults.pl exited with error code 255 and caused patchr to abort.
!!!!!!!!
patchr aborted during phase 5 (calculating results).
Check the file /Users/tpd0001/github/watch-wv/patchr/data/incremental/2024-10-15_16-48/_result.rejections.txt for details.
I STRONGLY recommend deleting /Users/tpd0001/github/watch-wv/patchr/data/incremental/2024-10-15_16-48/ after exploring this error.
Then delete the folder /Users/tpd0001/github/watch-wv/patchr/data/updates/2024-10-15_16-48/, fix the error(s), and run patchr again. 
!!!!!!!!
