#############################################
Initiated patchr.sh
2024-10-15_16-47

See logs/patchr/patchr.2024-10-15_16-47.log for warnings, errors, and other important information.
Input data dir: /Users/tpd0001/Library/CloudStorage/GoogleDrive-wvuvectors@gmail.com/My Drive/DRISCOLL_LAB/2 PROJECTS/WaTCH/TESTING_LAB/DATA_PCR
Output data dir: /Users/tpd0001/github/watch-wv/patchr/data

Searching for unprocessed batch files.
******
Running 1_queryBatches.pl /Users/tpd0001/Library/CloudStorage/GoogleDrive-wvuvectors@gmail.com/My Drive/DRISCOLL_LAB/2 PROJECTS/WaTCH/TESTING_LAB/DATA_PCR.
******

1_queryBatches.pl identified unprocessed batch files, so an update will be prepared.
Preparing an update to WaTCH now.
Creating update folder /Users/tpd0001/github/watch-wv/patchr/data/updates/2024-10-15_16-47/ to hold the results.
Recording batch files to process in /Users/tpd0001/github/watch-wv/patchr/data/updates/2024-10-15_16-47//update.batch_files.txt.
******
Running prepUpdate.sh.
******
Switching to update directory /Users/tpd0001/github/watch-wv/patchr/data/updates/2024-10-15_16-47/.
Creating directory batches/ to hold the validated batch files.
Preparing unprocessed batch files listed in update.batch_files.txt.
Validated batch files will be stored in batches/ and update.batch_files.txt will be revised.
Further steps in patchr will use the files in batches/.
Copying file CB89.xlsx to batches/CB89.xlsx.
Repairing known issues in CB89.xlsx.
Copying file CB90.xlsx to batches/CB90.xlsx.
Repairing known issues in CB90.xlsx.
Copying file EB90.xlsx to batches/EB90.xlsx.
Repairing known issues in EB90.xlsx.
Copying file AB56.xlsx to batches/AB56.xlsx.
Repairing known issues in AB56.xlsx.
Copying file AB56_20241011_133741_293.ANALYZED.csv to batches/AB56_20241011_133741_293.ANALYZED.csv.
Repairing known issues in AB56_20241011_133741_293.ANALYZED.csv.
Done.
File AB56_20241011_133741_293.ANALYZED.csv appears to be a ddPCR results file.
  Fixing known incompatibilities in AB56_20241011_133741_293.ANALYZED.csv.
Done.
Copying file AssetTagReport.csv to batches/AssetTagReport.csv.
Repairing known issues in AssetTagReport.csv.
Done.
File AssetTagReport.csv appears to be an asset file.
It has been copied to batches/.

******
Running 2_compileUpdate.pl.
******

2_compileUpdate.pl exited with error code 255 and caused patchr to abort.
!!!!!!!!
patchr aborted during phase 2 (update compilation).
Delete the folder /Users/tpd0001/github/watch-wv/patchr/data/updates/2024-10-15_16-47/. 
Then fix the error(s) and run patchr again.
!!!!!!!!
