#############################################
Initiated patchr.sh
2024-11-12_15-16

See logs/patchr/patchr.2024-11-12_15-16.log for warnings, errors, and other important information.
Input data dir: /Users/tpd0001/Library/CloudStorage/GoogleDrive-wvuvectors@gmail.com/My Drive/DRISCOLL_LAB/2 PROJECTS/WaTCH/TESTING_LAB/DATA_PCR
Output data dir: /Users/tpd0001/github/watch-wv/patchr/data

Searching for unprocessed batch files.
******
Running 1_queryBatches.pl /Users/tpd0001/Library/CloudStorage/GoogleDrive-wvuvectors@gmail.com/My Drive/DRISCOLL_LAB/2 PROJECTS/WaTCH/TESTING_LAB/DATA_PCR.
******

1_queryBatches.pl identified unprocessed batch files, so an update will be prepared.
Preparing an update to WaTCH now.
Creating update folder /Users/tpd0001/github/watch-wv/patchr/data/updates/2024-11-12_15-16/ to hold the results.
Recording batch files to process in /Users/tpd0001/github/watch-wv/patchr/data/updates/2024-11-12_15-16//update.batch_files.txt.
******
Running prepUpdate.sh.
******
Switching to update directory /Users/tpd0001/github/watch-wv/patchr/data/updates/2024-11-12_15-16/.
Creating directory batches/ to hold the validated batch files.
Preparing unprocessed batch files listed in update.batch_files.txt.
Validated batch files will be stored in batches/ and update.batch_files.txt will be revised.
Further steps in patchr will use the files in batches/.
Copying file CB98.xlsx to batches/CB98.xlsx.
Repairing known issues in CB98.xlsx.
Copying file CB99.xlsx to batches/CB99.xlsx.
Repairing known issues in CB99.xlsx.
Copying file EB99.xlsx to batches/EB99.xlsx.
Repairing known issues in EB99.xlsx.
Copying file AB60.xlsx to batches/AB60.xlsx.
Repairing known issues in AB60.xlsx.
Copying file AB60_20241109_162626_789.ANALYZED.csv to batches/AB60_20241109_162626_789.ANALYZED.csv.
Repairing known issues in AB60_20241109_162626_789.ANALYZED.csv.
Done.
File AB60_20241109_162626_789.ANALYZED.csv appears to be a ddPCR results file.
  Fixing known incompatibilities in AB60_20241109_162626_789.ANALYZED.csv.
Done.
Copying file AssetTagReport.csv to batches/AssetTagReport.csv.
Repairing known issues in AssetTagReport.csv.
Done.
File AssetTagReport.csv appears to be an asset file.
It has been copied to batches/.

******
Running 2_compileUpdate.pl.
******


******
Running 3_validateUpdate.pl.
******
Validating ids from existing WaTCH database tables...
Retrieving ids from WaTCH table rbatch
Retrieving ids from WaTCH table sample
Retrieving ids from WaTCH table extraction
Retrieving ids from WaTCH table abatch
Retrieving ids from WaTCH table assay
Retrieving ids from WaTCH table archive
Retrieving ids from WaTCH table concentration
Retrieving ids from WaTCH table ebatch
Retrieving ids from WaTCH table cbatch
Done.

-------------------------------
WaTCH internal validation results (data/latest):
TABLE        	WaTCH IDS    	DUPLICATES   
rbatch       	0            	0            
sample       	11957        	0            
extraction   	12012        	0            
abatch       	289          	0            
assay        	38823        	0            
archive      	0            	0            
concentration	11819        	0            
ebatch       	509          	0            
cbatch       	742          	0            
-------------------------------

Validating ids from the update tables...
Done.

-------------------------------
Update validation results (/Users/tpd0001/github/watch-wv/patchr/data/updates/2024-11-12_15-16/):
TABLE        	UPDATE IDS   	DUPLICATES   	COLLISIONS   
cbatch       	2            	0            	0            
concentration	26           	0            	0            
ebatch       	1            	0            	0            
archive      	0            	0            	0            
assay        	160          	0            	0            
abatch       	1            	0            	0            
extraction   	26           	0            	0            
rbatch       	0            	0            	0            
sample       	26           	0            	0            
-------------------------------



Ok, I'm about to start modifying the watchdb files in /Users/tpd0001/github/watch-wv/patchr/data/latest/.
First, let's back up /Users/tpd0001/github/watch-wv/patchr/data/latest/ to /Users/tpd0001/github/watch-wv/patchr/data/latest_bk/.

Now I'll create a new watchdb folder in /Users/tpd0001/github/watch-wv/patchr/data/incremental/2024-11-12_15-16/.
It will hold the latest watchdb after update with data from /Users/tpd0001/github/watch-wv/patchr/data/updates/2024-11-12_15-16/.


Now I'm merging the watchdb tables from /Users/tpd0001/github/watch-wv/patchr/data/latest/ with the update tables in /Users/tpd0001/github/watch-wv/patchr/data/updates/2024-11-12_15-16/.
These merged tables will be put in the folder that I just created, /Users/tpd0001/github/watch-wv/patchr/data/incremental/2024-11-12_15-16/.

******
Running 4_appendUpdate.pl /Users/tpd0001/github/watch-wv/patchr/data/incremental/2024-11-12_15-16 /Users/tpd0001/github/watch-wv/patchr/data/updates/2024-11-12_15-16/.
******



Now I will generate the RESULT table using the updated watchdb tables in /Users/tpd0001/github/watch-wv/patchr/data/incremental/2024-11-12_15-16.

******
Running 5_calculateResults.pl /Users/tpd0001/github/watch-wv/patchr/data/incremental/2024-11-12_15-16.
******


******
Running 6_generateBatchList.pl /Users/tpd0001/github/watch-wv/patchr/data/incremental/2024-11-12_15-16 > /Users/tpd0001/github/watch-wv/patchr/data/incremental/2024-11-12_15-16/watchdb.completed_batches.txt.
******



******
Everything appears to be ok, so on to the final step.
I am now copying the watchdb tables from /Users/tpd0001/github/watch-wv/patchr/data/incremental/2024-11-12_15-16/ to /Users/tpd0001/github/watch-wv/patchr/data/latest/, overwriting the old set.
Never fear! The previous version is still readily available in /Users/tpd0001/github/watch-wv/patchr/data/latest_bk/, and older sets in the /Users/tpd0001/github/watch-wv/patchr/data/incremental/ folder.
******

Updating the README file.

File copy finished.
The most recent version of the watchdb can be found in two places:
    /Users/tpd0001/github/watch-wv/patchr/data/incremental/2024-11-12_15-16/
    and
    /Users/tpd0001/github/watch-wv/patchr/data/latest/
/Users/tpd0001/github/watch-wv/patchr/data/latest_bk/ contains the data from immediately before this update was applied.

All done! patchr run of 2024-11-12_15-16 will now exit.

