#############################################
Initiated patchr.sh
2024-03-12_09-55

See logs/patchr/patchr.2024-03-12_09-55.log for warnings, errors, and other important information.

Searching for unprocessed batch files.
******
Running 1_queryBatches.pl /Users/tpd0001/Library/CloudStorage/GoogleDrive-wvuvectors@gmail.com/My Drive/DRISCOLL_LAB/PROJECTS/WaTCH/TESTING_LAB/DATA_PCR.
******

1_queryBatches.pl identified unprocessed batch files, so an update will be prepared.
Preparing an update to WaTCH now.
Creating update folder data/updates/2024-03-12_09-55/ to hold the results.
Recording batch files to process in data/updates/2024-03-12_09-55//update.batch_files.txt.
******
Running prepUpdate.sh.
******
Switching to update directory data/updates/2024-03-12_09-55/.
Creating directory batches/ to hold the validated batch files.
Preparing unprocessed batch files listed in update.batch_files.txt.
Validated batch files will be stored in batches/ and update.batch_files.txt will be revised.
Further steps in patchr will use the files in batches/.
Copying file EB25.xlsx to batches/EB25.xlsx.
Repairing known issues in EB25.xlsx.
Copying file AB1NoV.xlsx to batches/AB1NoV.xlsx.
Repairing known issues in AB1NoV.xlsx.
Copying file AB1NoV_20240311_114821_174_ANALYZED.csv to batches/AB1NoV_20240311_114821_174_ANALYZED.csv.
Repairing known issues in AB1NoV_20240311_114821_174_ANALYZED.csv.
Done.
File AB1NoV_20240311_114821_174_ANALYZED.csv appears to be a ddPCR results file.
  Fixing known incompatibilities in AB1NoV_20240311_114821_174_ANALYZED.csv.
Done.
Copying file AssetTagReport.csv to batches/AssetTagReport.csv.
Repairing known issues in AssetTagReport.csv.
Done.
File AssetTagReport.csv appears to be an asset file.
It has been copied to batches/.

******
Running 2_compileUpdate.pl.
******


******
Running 3_validateUpdate.pl.
******
Validating ids from existing WaTCH database tables...
Retrieving ids from WaTCH table extraction
Retrieving ids from WaTCH table concentration
Retrieving ids from WaTCH table ebatch
Retrieving ids from WaTCH table sample
Retrieving ids from WaTCH table rbatch
Retrieving ids from WaTCH table abatch
Retrieving ids from WaTCH table archive
Retrieving ids from WaTCH table cbatch
Retrieving ids from WaTCH table assay
Done.

-------------------------------
WaTCH internal validation results (data/latest):
TABLE        	WaTCH IDS    	DUPLICATES   
extraction   	11038        	0            
concentration	10850        	0            
ebatch       	468          	0            
sample       	10993        	0            
rbatch       	0            	0            
abatch       	250          	0            
archive      	0            	0            
cbatch       	677          	0            
assay        	33980        	0            
-------------------------------

Validating ids from the update tables...
Done.

-------------------------------
Update validation results (data/updates/2024-03-12_09-55/):
TABLE        	UPDATE IDS   	DUPLICATES   	COLLISIONS   
archive      	0            	0            	0            
cbatch       	0            	0            	0            
assay        	56           	0            	54           
extraction   	0            	0            	0            
concentration	0            	0            	0            
ebatch       	0            	0            	0            
sample       	54           	0            	0            
rbatch       	0            	0            	0            
abatch       	1            	0            	0            
-------------------------------


3_validateUpdate.pl exited with error code 54 and caused patchr to abort.
Most likely this script identifed duplicate IDs or collisions (IDs present in both the existing db and the update). Check the following files for more info:
    data/updates/2024-03-12_09-55//_collisions.txt
    data/updates/2024-03-12_09-55//_rundups.txt
    data/updates/2024-03-12_09-55//_watchdups.txt
!!!!!!!!
patchr aborted during phase 3 (update validation).
Delete the folder data/updates/2024-03-12_09-55/. 
Then fix the error(s) and run patchr again.
!!!!!!!!
