#############################################
Initiated patchr.sh
2024-06-25_09-55

See logs/patchr/patchr.2024-06-25_09-55.log for warnings, errors, and other important information.

Searching for unprocessed batch files.
******
Running 1_queryBatches.pl /Users/tpd0001/Library/CloudStorage/GoogleDrive-wvuvectors@gmail.com/My Drive/DRISCOLL_LAB/2 PROJECTS/WaTCH/TESTING_LAB/DATA_PCR.
******

1_queryBatches.pl identified unprocessed batch files, so an update will be prepared.
Preparing an update to WaTCH now.
Creating update folder data/updates/2024-06-25_09-55/ to hold the results.
Recording batch files to process in data/updates/2024-06-25_09-55//update.batch_files.txt.
******
Running prepUpdate.sh.
******
Switching to update directory data/updates/2024-06-25_09-55/.
Creating directory batches/ to hold the validated batch files.
Preparing unprocessed batch files listed in update.batch_files.txt.
Validated batch files will be stored in batches/ and update.batch_files.txt will be revised.
Further steps in patchr will use the files in batches/.
Copying file CB57.xlsx to batches/CB57.xlsx.
Repairing known issues in CB57.xlsx.
Copying file CB61.xlsx to batches/CB61.xlsx.
Repairing known issues in CB61.xlsx.
Copying file CB60.xlsx to batches/CB60.xlsx.
Repairing known issues in CB60.xlsx.
Copying file CB56.xlsx to batches/CB56.xlsx.
Repairing known issues in CB56.xlsx.
Copying file CB55.xlsx to batches/CB55.xlsx.
Repairing known issues in CB55.xlsx.
Copying file CB59.xlsx to batches/CB59.xlsx.
Repairing known issues in CB59.xlsx.
Copying file CB58.xlsx to batches/CB58.xlsx.
Repairing known issues in CB58.xlsx.
Copying file CB54.xlsx to batches/CB54.xlsx.
Repairing known issues in CB54.xlsx.
Copying file EB58.xlsx to batches/EB58.xlsx.
Repairing known issues in EB58.xlsx.
Copying file EB55.xlsx to batches/EB55.xlsx.
Repairing known issues in EB55.xlsx.
Copying file EB60.xlsx to batches/EB60.xlsx.
Repairing known issues in EB60.xlsx.
Copying file EB57.xlsx to batches/EB57.xlsx.
Repairing known issues in EB57.xlsx.
Copying file EB61.xlsx to batches/EB61.xlsx.
Repairing known issues in EB61.xlsx.
Copying file AB40.xlsx to batches/AB40.xlsx.
Repairing known issues in AB40.xlsx.
Copying file AB40_20240624_155739_584.ANALYZED.csv to batches/AB40_20240624_155739_584.ANALYZED.csv.
Repairing known issues in AB40_20240624_155739_584.ANALYZED.csv.
Done.
File AB40_20240624_155739_584.ANALYZED.csv appears to be a ddPCR results file.
  Fixing known incompatibilities in AB40_20240624_155739_584.ANALYZED.csv.
Done.
Copying file AB39.xlsx to batches/AB39.xlsx.
Repairing known issues in AB39.xlsx.
Copying file AB39_20240618_071158_307.csv to batches/AB39_20240618_071158_307.csv.
Repairing known issues in AB39_20240618_071158_307.csv.
Done.
File AB39_20240618_071158_307.csv appears to be a ddPCR results file.
  Fixing known incompatibilities in AB39_20240618_071158_307.csv.
Done.
Copying file AB38.xlsx to batches/AB38.xlsx.
Repairing known issues in AB38.xlsx.
Copying file AB38_20240531_133051_119.ANALYZED.csv to batches/AB38_20240531_133051_119.ANALYZED.csv.
Repairing known issues in AB38_20240531_133051_119.ANALYZED.csv.
Done.
File AB38_20240531_133051_119.ANALYZED.csv appears to be a ddPCR results file.
  Fixing known incompatibilities in AB38_20240531_133051_119.ANALYZED.csv.
Done.
Copying file AssetTagReport.csv to batches/AssetTagReport.csv.
Repairing known issues in AssetTagReport.csv.
Done.
File AssetTagReport.csv appears to be an asset file.
It has been copied to batches/.

******
Running 2_compileUpdate.pl.
******


******
Running 3_validateUpdate.pl.
******
Validating ids from existing WaTCH database tables...
Retrieving ids from WaTCH table sample
Retrieving ids from WaTCH table concentration
Retrieving ids from WaTCH table abatch
Retrieving ids from WaTCH table assay
Retrieving ids from WaTCH table extraction
Retrieving ids from WaTCH table rbatch
Retrieving ids from WaTCH table archive
Retrieving ids from WaTCH table ebatch
Retrieving ids from WaTCH table cbatch
Done.

-------------------------------
WaTCH internal validation results (data/latest):
TABLE        	WaTCH IDS    	DUPLICATES   
sample       	11304        	0            
concentration	11166        	0            
abatch       	266          	0            
assay        	35466        	0            
extraction   	11358        	0            
rbatch       	0            	0            
archive      	0            	0            
ebatch       	485          	0            
cbatch       	700          	0            
-------------------------------

Validating ids from the update tables...
Done.

-------------------------------
Update validation results (data/updates/2024-06-25_09-55/):
TABLE        	UPDATE IDS   	DUPLICATES   	COLLISIONS   
concentration	115          	1            	0            
sample       	114          	0            	0            
extraction   	115          	0            	0            
assay        	468          	0            	0            
abatch       	3            	0            	0            
rbatch       	0            	0            	0            
cbatch       	8            	0            	0            
ebatch       	5            	0            	0            
archive      	0            	0            	0            
-------------------------------


3_validateUpdate.pl exited with error code 1 and caused patchr to abort.
Most likely this script identifed duplicate IDs or collisions (IDs present in both the existing db and the update). Check the following files for more info:
    data/updates/2024-06-25_09-55//_collisions.txt
    data/updates/2024-06-25_09-55//_rundups.txt
    data/updates/2024-06-25_09-55//_watchdups.txt
!!!!!!!!
patchr aborted during phase 3 (update validation).
Delete the folder data/updates/2024-06-25_09-55/. 
Then fix the error(s) and run patchr again.
!!!!!!!!
