#############################################
Initiated patchr.sh
2024-09-20_16-11

See logs/patchr/patchr.2024-09-20_16-11.log for warnings, errors, and other important information.
Input data dir: /Users/tpd0001/Library/CloudStorage/GoogleDrive-wvuvectors@gmail.com/My Drive/DRISCOLL_LAB/2 PROJECTS/WaTCH/TESTING_LAB/DATA_PCR
Output data dir: /Users/tpd0001/github/watch-wv/patchr/data

Searching for unprocessed batch files.
******
Running 1_queryBatches.pl /Users/tpd0001/Library/CloudStorage/GoogleDrive-wvuvectors@gmail.com/My Drive/DRISCOLL_LAB/2 PROJECTS/WaTCH/TESTING_LAB/DATA_PCR.
******

1_queryBatches.pl identified unprocessed batch files, so an update will be prepared.
Preparing an update to WaTCH now.
Creating update folder /Users/tpd0001/github/watch-wv/patchr/data/updates/2024-09-20_16-11/ to hold the results.
Recording batch files to process in /Users/tpd0001/github/watch-wv/patchr/data/updates/2024-09-20_16-11//update.batch_files.txt.
******
Running prepUpdate.sh.
******
Switching to update directory /Users/tpd0001/github/watch-wv/patchr/data/updates/2024-09-20_16-11/.
Creating directory batches/ to hold the validated batch files.
Preparing unprocessed batch files listed in update.batch_files.txt.
Validated batch files will be stored in batches/ and update.batch_files.txt will be revised.
Further steps in patchr will use the files in batches/.
Copying file CB83.xlsx to batches/CB83.xlsx.
Repairing known issues in CB83.xlsx.
Copying file CB84.xlsx to batches/CB84.xlsx.
Repairing known issues in CB84.xlsx.
Copying file EB84.xlsx to batches/EB84.xlsx.
Repairing known issues in EB84.xlsx.
Copying file AB53.xlsx to batches/AB53.xlsx.
Repairing known issues in AB53.xlsx.
Copying file AB53_20240920_114830_516.csv to batches/AB53_20240920_114830_516.csv.
Repairing known issues in AB53_20240920_114830_516.csv.
Done.
File AB53_20240920_114830_516.csv appears to be a ddPCR results file.
  Fixing known incompatibilities in AB53_20240920_114830_516.csv.
Done.
Copying file AssetTagReport.csv to batches/AssetTagReport.csv.
Repairing known issues in AssetTagReport.csv.
Done.
File AssetTagReport.csv appears to be an asset file.
It has been copied to batches/.

******
Running 2_compileUpdate.pl.
******


******
Running 3_validateUpdate.pl.
******
Validating ids from existing WaTCH database tables...
Retrieving ids from WaTCH table assay
Retrieving ids from WaTCH table sample
Retrieving ids from WaTCH table abatch
Retrieving ids from WaTCH table rbatch
Retrieving ids from WaTCH table extraction
Retrieving ids from WaTCH table concentration
Retrieving ids from WaTCH table cbatch
Retrieving ids from WaTCH table archive
Retrieving ids from WaTCH table ebatch
Done.

-------------------------------
WaTCH internal validation results (data/latest):
TABLE        	WaTCH IDS    	DUPLICATES   
assay        	37661        	0            
sample       	11753        	0            
abatch       	282          	0            
rbatch       	0            	0            
extraction   	11808        	0            
concentration	11615        	0            
cbatch       	729          	0            
archive      	0            	0            
ebatch       	502          	0            
-------------------------------

Validating ids from the update tables...
Done.

-------------------------------
Update validation results (/Users/tpd0001/github/watch-wv/patchr/data/updates/2024-09-20_16-11/):
TABLE        	UPDATE IDS   	DUPLICATES   	COLLISIONS   
rbatch       	0            	0            	0            
abatch       	1            	0            	0            
sample       	0            	0            	0            
assay        	150          	0            	0            
archive      	0            	0            	0            
cbatch       	2            	0            	0            
extraction   	27           	0            	0            
concentration	27           	0            	0            
ebatch       	1            	0            	0            
-------------------------------



Ok, I'm about to start modifying the watchdb files in /Users/tpd0001/github/watch-wv/patchr/data/latest/.
First, let's back up /Users/tpd0001/github/watch-wv/patchr/data/latest/ to /Users/tpd0001/github/watch-wv/patchr/data/latest_bk/.

Now I'll create a new watchdb folder in /Users/tpd0001/github/watch-wv/patchr/data/incremental/2024-09-20_16-11/.
It will hold the latest watchdb after update with data from /Users/tpd0001/github/watch-wv/patchr/data/updates/2024-09-20_16-11/.


Now I'm merging the watchdb tables from /Users/tpd0001/github/watch-wv/patchr/data/latest/ with the update tables in /Users/tpd0001/github/watch-wv/patchr/data/updates/2024-09-20_16-11/.
These merged tables will be put in the folder that I just created, /Users/tpd0001/github/watch-wv/patchr/data/incremental/2024-09-20_16-11/.

******
Running 4_appendUpdate.pl /Users/tpd0001/github/watch-wv/patchr/data/incremental/2024-09-20_16-11 /Users/tpd0001/github/watch-wv/patchr/data/updates/2024-09-20_16-11/.
******



Now I will generate the RESULT table using the updated watchdb tables in /Users/tpd0001/github/watch-wv/patchr/data/incremental/2024-09-20_16-11.

******
Running 5_calculateResults.pl /Users/tpd0001/github/watch-wv/patchr/data/incremental/2024-09-20_16-11.
******
Undefined sample with id Q01-0522 in sample table

5_calculateResults.pl exited with error code 255 and caused patchr to abort.
!!!!!!!!
patchr aborted during phase 5 (calculating results).
Check the file /Users/tpd0001/github/watch-wv/patchr/data/incremental/2024-09-20_16-11/_result.rejections.txt for details.
I STRONGLY recommend deleting /Users/tpd0001/github/watch-wv/patchr/data/incremental/2024-09-20_16-11/ after exploring this error.
Then delete the folder /Users/tpd0001/github/watch-wv/patchr/data/updates/2024-09-20_16-11/, fix the error(s), and run patchr again. 
!!!!!!!!
