#############################################
Initiated patchr.sh
2024-07-30_15-13

See logs/patchr/patchr.2024-07-30_15-13.log for warnings, errors, and other important information.
Input data dir: /Users/tpd0001/Library/CloudStorage/GoogleDrive-wvuvectors@gmail.com/My Drive/DRISCOLL_LAB/2 PROJECTS/WaTCH/TESTING_LAB/DATA_PCR/MILK
Output data dir: /Users/tpd0001/Library/CloudStorage/GoogleDrive-wvuvectors@gmail.com/My Drive/DRISCOLL_LAB/2 PROJECTS/WaTCH/TESTING_LAB/DATA_PCR/MILK/data

Searching for unprocessed batch files.
******
Running 1_queryBatches.pl /Users/tpd0001/Library/CloudStorage/GoogleDrive-wvuvectors@gmail.com/My Drive/DRISCOLL_LAB/2 PROJECTS/WaTCH/TESTING_LAB/DATA_PCR/MILK.
******

1_queryBatches.pl identified unprocessed batch files, so an update will be prepared.
Preparing an update to WaTCH now.
Creating update folder /Users/tpd0001/Library/CloudStorage/GoogleDrive-wvuvectors@gmail.com/My Drive/DRISCOLL_LAB/2 PROJECTS/WaTCH/TESTING_LAB/DATA_PCR/MILK/data/updates/2024-07-30_15-13/ to hold the results.
Recording batch files to process in /Users/tpd0001/Library/CloudStorage/GoogleDrive-wvuvectors@gmail.com/My Drive/DRISCOLL_LAB/2 PROJECTS/WaTCH/TESTING_LAB/DATA_PCR/MILK/data/updates/2024-07-30_15-13//update.batch_files.txt.
******
Running prepUpdate.sh.
******
Switching to update directory /Users/tpd0001/Library/CloudStorage/GoogleDrive-wvuvectors@gmail.com/My Drive/DRISCOLL_LAB/2 PROJECTS/WaTCH/TESTING_LAB/DATA_PCR/MILK/data/updates/2024-07-30_15-13/.
Creating directory batches/ to hold the validated batch files.
Preparing unprocessed batch files listed in update.batch_files.txt.
Validated batch files will be stored in batches/ and update.batch_files.txt will be revised.
Further steps in patchr will use the files in batches/.
Copying file CBM1.xlsx to batches/CBM1.xlsx.
Repairing known issues in CBM1.xlsx.
Copying file CBM4.xlsx to batches/CBM4.xlsx.
Repairing known issues in CBM4.xlsx.
Copying file CBM2.xlsx to batches/CBM2.xlsx.
Repairing known issues in CBM2.xlsx.
Copying file CBM3.xlsx to batches/CBM3.xlsx.
Repairing known issues in CBM3.xlsx.
Copying file EBM4.xlsx to batches/EBM4.xlsx.
Repairing known issues in EBM4.xlsx.
Copying file EBM3.xlsx to batches/EBM3.xlsx.
Repairing known issues in EBM3.xlsx.
Copying file EBM2.xlsx to batches/EBM2.xlsx.
Repairing known issues in EBM2.xlsx.
Copying file EBM1.xlsx to batches/EBM1.xlsx.
Repairing known issues in EBM1.xlsx.
Copying file ABM1.xlsx to batches/ABM1.xlsx.
Repairing known issues in ABM1.xlsx.
Copying file ABM1_20240529_153522_617.ANALYZED.csv to batches/ABM1_20240529_153522_617.ANALYZED.csv.
Repairing known issues in ABM1_20240529_153522_617.ANALYZED.csv.
Done.
File ABM1_20240529_153522_617.ANALYZED.csv appears to be a ddPCR results file.
  Fixing known incompatibilities in ABM1_20240529_153522_617.ANALYZED.csv.
Done.
Copying file ABM2.xlsx to batches/ABM2.xlsx.
Repairing known issues in ABM2.xlsx.
Copying file ABM2_20240723_145742_423.ANALYZED.csv to batches/ABM2_20240723_145742_423.ANALYZED.csv.
Repairing known issues in ABM2_20240723_145742_423.ANALYZED.csv.
Done.
File ABM2_20240723_145742_423.ANALYZED.csv appears to be a ddPCR results file.
  Fixing known incompatibilities in ABM2_20240723_145742_423.ANALYZED.csv.
Done.
Copying file AssetTagReport.csv to batches/AssetTagReport.csv.
Repairing known issues in AssetTagReport.csv.
Done.
File AssetTagReport.csv appears to be an asset file.
It has been copied to batches/.

******
Running 2_compileUpdate.pl.
******

2_compileUpdate.pl exited with error code 255 and caused patchr to abort.
!!!!!!!!
patchr aborted during phase 2 (update compilation).
Delete the folder /Users/tpd0001/Library/CloudStorage/GoogleDrive-wvuvectors@gmail.com/My Drive/DRISCOLL_LAB/2 PROJECTS/WaTCH/TESTING_LAB/DATA_PCR/MILK/data/updates/2024-07-30_15-13/. 
Then fix the error(s) and run patchr again.
!!!!!!!!
