#############################################
Initiated patchr.sh
2024-03-12_16-39

See logs/patchr/patchr.2024-03-12_16-39.log for warnings, errors, and other important information.

Searching for unprocessed batch files.
******
Running 1_queryBatches.pl /Users/tpd0001/Library/CloudStorage/GoogleDrive-wvuvectors@gmail.com/My Drive/DRISCOLL_LAB/PROJECTS/WaTCH/TESTING_LAB/DATA_PCR.
******

1_queryBatches.pl identified unprocessed batch files, so an update will be prepared.
Preparing an update to WaTCH now.
Creating update folder data/updates/2024-03-12_16-39/ to hold the results.
Recording batch files to process in data/updates/2024-03-12_16-39//update.batch_files.txt.
******
Running prepUpdate.sh.
******
Switching to update directory data/updates/2024-03-12_16-39/.
Creating directory batches/ to hold the validated batch files.
Preparing unprocessed batch files listed in update.batch_files.txt.
Validated batch files will be stored in batches/ and update.batch_files.txt will be revised.
Further steps in patchr will use the files in batches/.
Copying file CB31.xlsx to batches/CB31.xlsx.
Repairing known issues in CB31.xlsx.
Copying file EB31.xlsx to batches/EB31.xlsx.
Repairing known issues in EB31.xlsx.
Copying file AB1NoV.xlsx to batches/AB1NoV.xlsx.
Repairing known issues in AB1NoV.xlsx.
Copying file AB1NoV_20240311_114821_174_ANALYZED.csv to batches/AB1NoV_20240311_114821_174_ANALYZED.csv.
Repairing known issues in AB1NoV_20240311_114821_174_ANALYZED.csv.
Done.
File AB1NoV_20240311_114821_174_ANALYZED.csv appears to be a ddPCR results file.
  Fixing known incompatibilities in AB1NoV_20240311_114821_174_ANALYZED.csv.
Done.
Copying file AssetTagReport.csv to batches/AssetTagReport.csv.
Repairing known issues in AssetTagReport.csv.
Done.
File AssetTagReport.csv appears to be an asset file.
It has been copied to batches/.

******
Running 2_compileUpdate.pl.
******


******
Running 3_validateUpdate.pl.
******
Validating ids from existing WaTCH database tables...
Retrieving ids from WaTCH table ebatch
Retrieving ids from WaTCH table abatch
Retrieving ids from WaTCH table concentration
Retrieving ids from WaTCH table archive
Retrieving ids from WaTCH table cbatch
Retrieving ids from WaTCH table assay
Retrieving ids from WaTCH table rbatch
Retrieving ids from WaTCH table sample
Retrieving ids from WaTCH table extraction
Done.

-------------------------------
WaTCH internal validation results (data/latest):
TABLE        	WaTCH IDS    	DUPLICATES   
ebatch       	468          	0            
abatch       	250          	0            
concentration	10850        	0            
archive      	0            	0            
cbatch       	677          	0            
assay        	33980        	0            
rbatch       	0            	0            
sample       	10993        	0            
extraction   	11038        	0            
-------------------------------

Validating ids from the update tables...
Done.

-------------------------------
Update validation results (data/updates/2024-03-12_16-39/):
TABLE        	UPDATE IDS   	DUPLICATES   	COLLISIONS   
abatch       	1            	0            	0            
ebatch       	1            	0            	0            
archive      	0            	0            	0            
cbatch       	1            	0            	0            
concentration	21           	0            	0            
rbatch       	0            	0            	0            
assay        	56           	0            	54           
extraction   	21           	0            	0            
sample       	54           	0            	0            
-------------------------------

Resolving 54 collisons between update and watchdb...


Ok, I'm about to start modifying the watchdb files in data/latest/.
First, let's back up data/latest/ to data/latest_bk/.

Now I'll create a new watchdb folder in data/incremental/2024-03-12_16-39/.
It will hold the latest watchdb after update with data from data/updates/2024-03-12_16-39/.


Now I'm merging the watchdb tables from data/latest/ with the update tables in data/updates/2024-03-12_16-39/.
These merged tables will be put in the folder that I just created, data/incremental/2024-03-12_16-39/.

******
Running 4_appendUpdate.pl data/incremental/2024-03-12_16-39 data/updates/2024-03-12_16-39/.
******



Now I will generate the RESULT table using the updated watchdb tables in data/incremental/2024-03-12_16-39.

******
Running 5_calculateResults.pl data/incremental/2024-03-12_16-39.
******


******
Running 6_generateBatchList.pl data/incremental/2024-03-12_16-39 > data/incremental/2024-03-12_16-39/watchdb.completed_batches.txt.
******



******
Everything appears to be ok, so on to the final step.
I am now copying the watchdb tables from data/incremental/2024-03-12_16-39/ to data/latest/, overwriting the old set.
Never fear! The previous version is still readily available in data/latest_bk/, and older sets in the data/incremental/ folder.
******

Updating the README file.

File copy finished.
The most recent version of the watchdb can be found in two places:
    data/incremental/2024-03-12_16-39/
    and
    data/latest/
data/latest_bk/ contains the data from immediately before this update was applied.

All done! patchr run of 2024-03-12_16-39 will now exit.

