#############################################
Initiated patchr.sh
2024-07-01_12-21

See logs/patchr/patchr.2024-07-01_12-21.log for warnings, errors, and other important information.

Searching for unprocessed batch files.
******
Running 1_queryBatches.pl /Users/tpd0001/Library/CloudStorage/GoogleDrive-wvuvectors@gmail.com/My Drive/DRISCOLL_LAB/2 PROJECTS/WaTCH/TESTING_LAB/DATA_PCR.
******

1_queryBatches.pl identified unprocessed batch files, so an update will be prepared.
Preparing an update to WaTCH now.
Creating update folder data/updates/2024-07-01_12-21/ to hold the results.
Recording batch files to process in data/updates/2024-07-01_12-21//update.batch_files.txt.
******
Running prepUpdate.sh.
******
Switching to update directory data/updates/2024-07-01_12-21/.
Creating directory batches/ to hold the validated batch files.
Preparing unprocessed batch files listed in update.batch_files.txt.
Validated batch files will be stored in batches/ and update.batch_files.txt will be revised.
Further steps in patchr will use the files in batches/.
Copying file CB63.xlsx to batches/CB63.xlsx.
Repairing known issues in CB63.xlsx.
Copying file CB62.xlsx to batches/CB62.xlsx.
Repairing known issues in CB62.xlsx.
Copying file EB63.xlsx to batches/EB63.xlsx.
Repairing known issues in EB63.xlsx.
Copying file AB41.xlsx to batches/AB41.xlsx.
Repairing known issues in AB41.xlsx.
Copying file AB41_20240628_141011_386.ANALYZED.csv to batches/AB41_20240628_141011_386.ANALYZED.csv.
Repairing known issues in AB41_20240628_141011_386.ANALYZED.csv.
Done.
File AB41_20240628_141011_386.ANALYZED.csv appears to be a ddPCR results file.
  Fixing known incompatibilities in AB41_20240628_141011_386.ANALYZED.csv.
Done.
Copying file AssetTagReport.csv to batches/AssetTagReport.csv.
Repairing known issues in AssetTagReport.csv.
Done.
File AssetTagReport.csv appears to be an asset file.
It has been copied to batches/.

******
Running 2_compileUpdate.pl.
******


******
Running 3_validateUpdate.pl.
******
Validating ids from existing WaTCH database tables...
Retrieving ids from WaTCH table sample
Retrieving ids from WaTCH table archive
Retrieving ids from WaTCH table concentration
Retrieving ids from WaTCH table ebatch
Retrieving ids from WaTCH table cbatch
Retrieving ids from WaTCH table rbatch
Retrieving ids from WaTCH table assay
Retrieving ids from WaTCH table extraction
Retrieving ids from WaTCH table abatch
Done.

-------------------------------
WaTCH internal validation results (data/latest):
TABLE        	WaTCH IDS    	DUPLICATES   
sample       	11418        	0            
archive      	0            	0            
concentration	11280        	0            
ebatch       	490          	0            
cbatch       	708          	0            
rbatch       	0            	0            
assay        	35754        	0            
extraction   	11473        	0            
abatch       	269          	0            
-------------------------------

Validating ids from the update tables...
Done.

-------------------------------
Update validation results (data/updates/2024-07-01_12-21/):
TABLE        	UPDATE IDS   	DUPLICATES   	COLLISIONS   
extraction   	28           	0            	0            
abatch       	1            	0            	0            
rbatch       	0            	0            	0            
assay        	160          	0            	0            
concentration	29           	1            	0            
ebatch       	1            	0            	0            
cbatch       	2            	0            	0            
sample       	28           	0            	0            
archive      	0            	0            	0            
-------------------------------


3_validateUpdate.pl exited with error code 1 and caused patchr to abort.
Most likely this script identifed duplicate IDs or collisions (IDs present in both the existing db and the update). Check the following files for more info:
    data/updates/2024-07-01_12-21//_collisions.txt
    data/updates/2024-07-01_12-21//_rundups.txt
    data/updates/2024-07-01_12-21//_watchdups.txt
!!!!!!!!
patchr aborted during phase 3 (update validation).
Delete the folder data/updates/2024-07-01_12-21/. 
Then fix the error(s) and run patchr again.
!!!!!!!!
