#############################################
Initiated patchr.sh
2024-01-29_09-49

See logs/patchr/patchr.2024-01-29_09-49.log for warnings, errors, and other important information.

Searching for unprocessed batch files.
******
Running 1_queryBatches.pl /Users/tpd0001/Library/CloudStorage/GoogleDrive-wvuvectors@gmail.com/My Drive/DRISCOLL_LAB/PROJECTS/WaTCH/TESTING_LAB/DATA_PCR.
******

1_queryBatches.pl identified unprocessed batch files, so an update will be prepared.
Preparing an update to WaTCH now.
Creating update folder data/updates/2024-01-29_09-49/ to hold the results.
Recording batch files to process in data/updates/2024-01-29_09-49//update.batch_files.txt.
******
Running prepUpdate.sh.
******
Switching to update directory data/updates/2024-01-29_09-49/.
Creating directory batches/ to hold the validated batch files.
Preparing unprocessed batch files listed in update.batch_files.txt.
Validated batch files will be stored in batches/ and update.batch_files.txt will be revised.
Further steps in patchr will use the files in batches/.
Copying file AB7.xlsx to batches/AB7.xlsx.
Repairing known issues in AB7.xlsx.
Copying file AB7_20240125_142950_445.ANALYZED.csv to batches/AB7_20240125_142950_445.ANALYZED.csv.
Repairing known issues in AB7_20240125_142950_445.ANALYZED.csv.
Done.
File AB7_20240125_142950_445.ANALYZED.csv appears to be a ddPCR results file.
  Fixing known incompatibilities in AB7_20240125_142950_445.ANALYZED.csv.
Done.
Copying file AssetTagReport.csv to batches/AssetTagReport.csv.
Repairing known issues in AssetTagReport.csv.
Done.
File AssetTagReport.csv appears to be an asset file.
It has been copied to batches/.

******
Running 2_compileUpdate.pl.
******


******
Running 3_validateUpdate.pl.
******
Validating ids from existing WaTCH database tables...
Retrieving ids from WaTCH table sample
Retrieving ids from WaTCH table concentration
Retrieving ids from WaTCH table archive
Retrieving ids from WaTCH table extraction
Retrieving ids from WaTCH table cbatch
Retrieving ids from WaTCH table assay
Retrieving ids from WaTCH table rbatch
Retrieving ids from WaTCH table ebatch
Retrieving ids from WaTCH table abatch
Done.

-------------------------------
WaTCH internal validation results (data/latest):
TABLE        	WaTCH IDS    	DUPLICATES   
sample       	10814        	0            
concentration	10676        	0            
archive      	0            	0            
extraction   	10864        	0            
cbatch       	663          	0            
assay        	33045        	0            
rbatch       	0            	0            
ebatch       	457          	0            
abatch       	237          	0            
-------------------------------

Validating ids from the update tables...
Done.

-------------------------------
Update validation results (data/updates/2024-01-29_09-49/):
TABLE        	UPDATE IDS   	DUPLICATES   	COLLISIONS   
assay        	108          	0            	0            
archive      	0            	0            	0            
sample       	50           	0            	0            
concentration	0            	0            	0            
extraction   	0            	0            	0            
cbatch       	0            	0            	0            
ebatch       	0            	0            	0            
abatch       	1            	0            	0            
rbatch       	0            	0            	0            
-------------------------------



Ok, I'm about to start modifying the watchdb files in data/latest/.
First, let's back up data/latest/ to data/latest_bk/.

Now I'll create a new watchdb folder in data/incremental/2024-01-29_09-49/.
It will hold the latest watchdb after update with data from data/updates/2024-01-29_09-49/.


Now I'm merging the watchdb tables from data/latest/ with the update tables in data/updates/2024-01-29_09-49/.
These merged tables will be put in the folder that I just created, data/incremental/2024-01-29_09-49/.

******
Running 4_appendUpdate.pl data/incremental/2024-01-29_09-49 data/updates/2024-01-29_09-49/.
******



Now I will generate the RESULT table using the updated watchdb tables in data/incremental/2024-01-29_09-49.

******
Running 5_calculateResults.pl data/incremental/2024-01-29_09-49.
******


******
Running 6_generateBatchList.pl data/incremental/2024-01-29_09-49 > data/incremental/2024-01-29_09-49/watchdb.completed_batches.txt.
******



******
Everything appears to be ok, so on to the final step.
I am now copying the watchdb tables from data/incremental/2024-01-29_09-49/ to data/latest/, overwriting the old set.
Never fear! The previous version is still readily available in data/latest_bk/, and older sets in the data/incremental/ folder.
******

Updating the README file.

File copy finished.
The most recent version of the watchdb can be found in two places:
    data/incremental/2024-01-29_09-49/
    and
    data/latest/
data/latest_bk/ contains the data from immediately before this update was applied.

All done! patchr run of 2024-01-29_09-49 will now exit.

