#############################################
Initiated seqr.sh
2024-02-16_16-42

See logs/seqr.2024-02-16_16-42.log for warnings, errors, and other important information.

Compiling update from run directory /Volumes/depot/tpd0001/ONT/SARS/SARS_20240214/7 DASHBOARD.
******
Running 1sv_compileUpdate.pl /Volumes/depot/tpd0001/ONT/SARS/SARS_20240214/7 DASHBOARD > data/updates/seqr_update.2024-02-16_16-42.txt.
******

Now I'll create a new seqr folder in data/incremental/2024-02-16_16-42/.
It will hold the latest seqrdb after updating with the data from data/updates/seqr_update.2024-02-16_16-42.txt.
This is an incremental backup file.

Applying update data/updates/seqr_update.2024-02-16_16-42.txt to seqr database in data/incremental/2024-02-16_16-42/.
******
Running 2sv_appendUpdate.pl -w ../patchr/data/latest -i data/updates/seqr_update.2024-02-16_16-42.txt -o data/incremental/2024-02-16_16-42/.
******

Ok, I'm about to start modifying the seqrdb files in data/latest/.
First, let's back up data/latest/ to data/latest_bk/.

Backup complete!.
Now I'm going to copy from data/incremental/2024-02-16_16-42 to data/latest/.

Updating the README file.

File copy finished.
The most recent version of the seqrdb can be found in two places:
    data/incremental/2024-02-16_16-42/
    and
    data/latest/
data/latest_bk/ contains the data from immediately before this update was applied.


Writing report to data/reports/seqr_report.2024-02-16_16-42.txt.
******
Running 3sv_generateReport.pl > data/reports/seqr_report.2024-02-16_16-42.txt.
******

3sv_generateReport.pl exited with error code 1 and caused seqr to abort.
!!!!!!!!
seqr aborted during phase 3 (report generation).
The data update was successful, but a report could not be generated.
!!!!!!!!
