#############################################
Initiated seqr.sh
2024-02-12_14-07

See logs/seqr.2024-02-12_14-07.log for warnings, errors, and other important information.

Compiling update from run directory /Users/tpd0001/Desktop/_SEQR/20240129_A_R9/7 DASHBOARD/.
******
Running 1sv_compileUpdate.pl /Users/tpd0001/Desktop/_SEQR/20240129_A_R9/7 DASHBOARD/ > data/updates/seqr_update.2024-02-12_14-07.txt.
******

Now I'll create a new seqr folder in data/incremental/2024-02-12_14-07/.
It will hold the latest seqrdb after updating with the data from data/updates/seqr_update.2024-02-12_14-07.txt.
This is an incremental backup file.
WARN: An old version of data/incremental/2024-02-12_14-07/ already exists, so I'm removing the old directory first.

Applying update data/updates/seqr_update.2024-02-12_14-07.txt to seqr database in data/incremental/2024-02-12_14-07/.
******
Running 2sv_appendUpdate.pl -w ../patchr/data/latest -i data/updates/seqr_update.2024-02-12_14-07.txt -o data/incremental/2024-02-12_14-07/.
******

Ok, I'm about to start modifying the seqrdb files in data/latest/.
First, let's back up data/latest/ to data/latest_bk/.

Backup complete!.
Now I'm going to copy from data/incremental/2024-02-12_14-07 to data/latest/.

Updating the README file.

The most recent version of the seqrdb can be found in two places:
    data/incremental/2024-02-12_14-07/
    and
    data/latest/
data/latest_bk/ contains the data from immediately before this update was applied.


