#############################################
Initiated seqr.sh
2024-01-17_20-22

See logs/seqr.2024-01-17_20-22.log for warnings, errors, and other important information.

Compiling update from run directory /Users/tpd0001/Desktop/SARS_20240104/7 DASHBOARD/.
******
Running 1sv_compileUpdate.pl /Users/tpd0001/Desktop/SARS_20240104/7 DASHBOARD/ > data/updates/seqr_update.2024-01-17_20-22.txt.
******

Now I'll create a new seqr folder in data/incremental/2024-01-17_20-22/.
It will hold the latest seqrdb after updating with the data from data/updates/seqr_update.2024-01-17_20-22.txt.
This is an incremental backup file.
Applying update data/updates/seqr_update.2024-01-17_20-22.txt to seqr database in data/incremental/2024-01-17_20-22/.
******
Running 2sv_appendUpdate.pl -w ../patchr/data/latest -i data/updates/seqr_update.2024-01-17_20-22.txt -o data/incremental/2024-01-17_20-22/.
******

2sv_appendUpdate.pl exited with error code 255 and caused seqr to abort.
!!!!!!!!
seqr aborted during phase 2 (append update to seqrdb).
NO UPDATE WAS APPLIED. 
!!!!!!!!
