#############################################
Initiated patchr.sh
2023-12-14_13-59

See logs/patchr.2023-12-14_13-59.log for warnings, errors, and other important information.

Searching for unprocessed batch files.
******
Running 1_queryBatches.pl /Users/tpd0001/Library/CloudStorage/GoogleDrive-wvuvectors@gmail.com/My Drive/DRISCOLL_LAB/PROJECTS/WaTCH/TESTING_LAB/DATA_PCR.
******

1_queryBatches.pl identified unprocessed batch files, so an update will be prepared.
Preparing an update to WaTCH now.
Creating update folder data/updates/2023-12-14_13-59/ to hold the results.
Recording batch files to process in data/updates/2023-12-14_13-59//update.batch_files.txt.
******
Running prepUpdate.sh.
******
Configuring MU dashboard file /Users/tpd0001/Library/CloudStorage/GoogleDrive-wvuvectors@gmail.com/My Drive/WaTCH-WV/WaTCH-WV SHARED/DATA FOR DASHBOARD/mu_dashboard.LATEST.tsv.
Done. The original, unprocessed MU file has been archived as /Users/tpd0001/Library/CloudStorage/GoogleDrive-wvuvectors@gmail.com/My Drive/WaTCH-WV/WaTCH-WV SHARED/DATA FOR DASHBOARD/ARCHIVED/mu_dashboard.$now.tsv.
Switching to update directory data/updates/2023-12-14_13-59/.
Creating directory data/updates/2023-12-14_13-59//batches/ to hold the validated batch files.
Preparing unprocessed batch files listed in data/updates/2023-12-14_13-59//update.batch_files.txt.
Validated batch files will be stored in batches/ and update.batch_files.txt will be revised.
Further steps in patchr will use the files in batches/.

******
Running 2_compileUpdate.pl.
******

******
Running 3_validateUpdate.pl.
******
Validating ids from existing WaTCH database tables...
Retrieving ids from WaTCH table rbatch
Retrieving ids from WaTCH table concentration
Retrieving ids from WaTCH table cbatch
Retrieving ids from WaTCH table abatch
Retrieving ids from WaTCH table archive
Retrieving ids from WaTCH table assay
Retrieving ids from WaTCH table extraction
Retrieving ids from WaTCH table ebatch
Retrieving ids from WaTCH table sample
Done.

-------------------------------
WaTCH internal validation results (data/latest):
TABLE        	WaTCH IDS    	DUPLICATES   
rbatch       	0            	0            
concentration	3790         	0            
cbatch       	327          	0            
abatch       	120          	0            
archive      	0            	0            
assay        	11661        	0            
extraction   	3782         	0            
ebatch       	288          	0            
sample       	3885         	0            
-------------------------------

Validating ids from the update tables...
Done.

-------------------------------
Update validation results (data/updates/2023-12-14_13-59/):
TABLE        	UPDATE IDS   	DUPLICATES   	COLLISIONS   
archive      	0            	0            	0            
assay        	0            	0            	0            
sample       	0            	0            	0            
extraction   	0            	0            	0            
ebatch       	0            	0            	0            
rbatch       	0            	0            	0            
abatch       	0            	0            	0            
concentration	0            	0            	0            
cbatch       	0            	0            	0            
-------------------------------


Ok, I'm about to start modifying the watchdb files in data/latest/.
First, let's back up data/latest/ to data/latest_bk/.
Now I'll create a new watchdb folder in data/incremental/2023-12-14_13-59/.
It will hold the latest watchdb after update with data from /Users/tpd0001/Library/CloudStorage/GoogleDrive-wvuvectors@gmail.com/My Drive/DRISCOLL_LAB/PROJECTS/WaTCH/TESTING_LAB/DATA_PCR.
Now I'm merging the watchdb tables from data/latest/ with the update tables in data/updates/2023-12-14_13-59/.
These merged tables will be put in the folder that I just created, data/incremental/2023-12-14_13-59/.
Since there should be no duplicate IDs after a successful validateUpdate step, I can just use concatenate.
Now I will generate the RESULT table using the updated watchdb tables in data/incremental/2023-12-14_13-59.
******
Running 4_calculateResults.pl data/incremental/2023-12-14_13-59.
******
WARN : File data/incremental/2023-12-14_13-59/watchdb.result.txt does not exist or can not be read.

4_calculateResults.pl exited with error code 255 and caused patchr to abort.
!!!!!!!!
patchr aborted during phase 4 (calculating results).
I STRONGLY recommend deleting data/incremental/2023-12-14_13-59/ after exploring this error.
Then delete the folder data/updates/2023-12-14_13-59/, fix the error(s), and run patchr again. 
!!!!!!!!
