#############################################
Initiated patchr.sh
2023-12-07_19-42

See logs/patchr.2023-12-07_19-42.log for warnings, errors, and other important information.
In the event of a catastrophic error, run
  ./sh/rollBack.sh /Users/tpd0001/Library/CloudStorage/GoogleDrive-wvuvectors@gmail.com/My Drive/DRISCOLL_LAB/PROJECTS/WaTCH/TESTING_LAB/DATA_PCR
at any point to restore the original files. Then fix the error(s) and run patchr again.

******
Running 1_queryBatches.pl.
******

1_queryBatches.pl identified unprocessed batch files, so an update will be prepared.
Preparing an update to WaTCH now.
Creating update folder data/updates/2023-12-07_19-42/ to hold the results.
Recording batch files to process in data/updates/2023-12-07_19-42//update.batch_ids.txt.
******
Running 2_compileUpdate.pl.
******

2_compileUpdate.pl exited with error code 255 and caused patchr to abort.
!!!!!!!!
patchr aborted during phase 2 (run data compilation).
Run 
    ./sh/rollBack.sh /Users/tpd0001/Library/CloudStorage/GoogleDrive-wvuvectors@gmail.com/My Drive/DRISCOLL_LAB/PROJECTS/WaTCH/TESTING_LAB/DATA_PCR
to restore the original files. Then fix the error(s) and run patchr again.
!!!!!!!!
