# WaTCHdb update log.
# Command: 2_updateWaTCH.pl.
# Data output written to updates/watchdb/watchdb.2023-03-22.09-13-05.txt and updates/watchdb.LATEST.txt.
# Fatal errors and system warnings are NOT logged here; see STDERR for those.
#
# Run started 2023-03-22.09-13-05.
#
4 molecular targets added.
INFO: Finished WaTCHdb import. 7610 total assets present.
INFO: Finished AssetTiger import. 41 new assets added. 7651 total assets present.
INFO: Sample H01-0520 1.1 has a new calculated value of 5146.58524654804.
INFO: Sample H01-0520 1.1 has a new calculated value of 43764.8329138756.
INFO: Sample H01-0520 1.1 has a new calculated value of 33463.3757919073.
INFO: Sample Q01-0302 1.1 has a new calculated value of 2472.55328111351.
INFO: Sample Q01-0302 1.1 has a new calculated value of 27205.5918350816.
INFO: Sample Q01-0302 1.1 has a new calculated value of 22257.8915208578.
INFO: Sample A01-0513 1.1 has a new calculated value of 24000.4936605692.
INFO: Sample A01-0513 1.1 has a new calculated value of 122537.125647068.
INFO: Sample A01-0513 1.1 has a new calculated value of 149010.697603226.
INFO: Sample A04-0341 1.1 has a new calculated value of 16087.352335453.
INFO: Sample A04-0341 1.1 has a new calculated value of 24133.1943869591.
INFO: Sample A04-0341 1.1 has a new calculated value of 32180.4824844003.
INFO: Sample N02-0277 1.1 has a new calculated value of 0.
INFO: Sample N02-0277 1.1 has a new calculated value of 55965.8508002759.
INFO: Sample N02-0277 1.1 has a new calculated value of 34637.2848004103.
INFO: Sample B01-0308 1.1 has a new calculated value of 0.
INFO: Sample B01-0308 1.1 has a new calculated value of 92391.7861282826.
INFO: Sample B01-0308 1.1 has a new calculated value of 76539.6572649477.
INFO: Sample A02-1139 1.1 has a new calculated value of 158667.515516281.
INFO: Sample A02-1139 1.1 has a new calculated value of 9747.94853478669.
INFO: Sample A02-1139 1.1 has a new calculated value of 2436.78832892329.
INFO: Sample H01-0519 1.1 has a new calculated value of 10834.4588242471.
INFO: Sample H01-0519 1.1 has a new calculated value of 48775.7027149199.
INFO: Sample H01-0519 1.1 has a new calculated value of 27091.0590514541.
INFO: Sample A02-1138 1.1 has a new calculated value of 0.
INFO: Sample A02-1138 1.1 has a new calculated value of 0.
INFO: Sample A02-1138 1.1 has a new calculated value of 0.
INFO: Sample Q01-0303 1.1 has a new calculated value of 10119.9910975993.
INFO: Sample Q01-0303 1.1 has a new calculated value of 302051.43392086.
INFO: Sample Q01-0303 1.1 has a new calculated value of 263865.391016006.
INFO: Sample A02-1137 1.1 has a new calculated value of 41851.8054485319.
INFO: Sample A02-1137 1.1 has a new calculated value of 0.
INFO: Sample A02-1137 1.1 has a new calculated value of 0.
INFO: Sample A02-1135 1.1 has a new calculated value of 0.
INFO: Sample A02-1135 1.1 has a new calculated value of 0.
INFO: Sample A02-1135 1.1 has a new calculated value of 0.
INFO: Sample B01-0307 1.1 has a new calculated value of 7988.46948891876.
INFO: Sample B01-0307 1.1 has a new calculated value of 93287.5362038614.
INFO: Sample B01-0307 1.1 has a new calculated value of 95955.760627985.
INFO: Sample B01-0315 1.1 has a new calculated value of 2478.29658910632.
INFO: Sample B01-0315 1.1 has a new calculated value of 111659.267395735.
INFO: Sample B01-0315 1.1 has a new calculated value of 136510.261148214.
INFO: Sample H01-0522 1.1 has a new calculated value of 15785.1191796363.
INFO: Sample H01-0522 1.1 has a new calculated value of 63173.8610565661.
INFO: Sample H01-0522 1.1 has a new calculated value of 52638.6965811254.
INFO: Sample Q01-0300 1.1 has a new calculated value of 14341.9175595045.
INFO: Sample Q01-0300 1.1 has a new calculated value of 93304.6169579029.
INFO: Sample Q01-0300 1.1 has a new calculated value of 83725.9662151335.
INFO: Sample A02-1134 1.1 has a new calculated value of 21567.2336518764.
INFO: Sample A02-1134 1.1 has a new calculated value of 21567.2336518764.
INFO: Sample A02-1134 1.1 has a new calculated value of 37749.4729310275.
INFO: Sample A02-1136 1.1 has a new calculated value of 123983.961492777.
INFO: Sample A02-1136 1.1 has a new calculated value of 0.
INFO: Sample A02-1136 1.1 has a new calculated value of 0.
INFO: Sample N02-0292 1.1 has a new calculated value of 2821.42752315849.
INFO: Sample N02-0292 1.1 has a new calculated value of 96028.3304750918.
INFO: Sample N02-0292 1.1 has a new calculated value of 98855.811059475.
INFO: Sample H01-0523 1.1 has a new calculated value of 8973.33081811665.
INFO: Sample H01-0523 1.1 has a new calculated value of 86817.5657093524.
INFO: Sample H01-0523 1.1 has a new calculated value of 74832.7200114727.
INFO: Sample A02-1131 1.1 has a new calculated value of 29061.3762661815.
INFO: Sample A02-1131 1.1 has a new calculated value of 0.
INFO: Sample A02-1131 1.1 has a new calculated value of 0.
INFO: Sample B01-0445 1.1 has a new calculated value of 2659.82021111995.
INFO: Sample B01-0445 1.1 has a new calculated value of 53226.424008608.
INFO: Sample B01-0445 1.1 has a new calculated value of 50563.60155344.
INFO: Sample T01-0118 1.1 has a new calculated value of 2752.62249168008.
INFO: Sample T01-0118 1.1 has a new calculated value of 769014.040231706.
INFO: Sample T01-0118 1.1 has a new calculated value of 844682.78288841.
INFO: Sample A01-0517 1.1 has a new calculated value of 76337.3297452928.
INFO: Sample A01-0517 1.1 has a new calculated value of 121147.34172821.
INFO: Sample A01-0517 1.1 has a new calculated value of 105326.928198338.
INFO: Sample A01-0515 1.1 has a new calculated value of 68188.6846572161.
INFO: Sample A01-0515 1.1 has a new calculated value of 234223.037660122.
INFO: Sample A01-0515 1.1 has a new calculated value of 208137.710988521.
INFO: Sample A02-1132 1.1 has a new calculated value of 3005.75644243508.
INFO: Sample A02-1132 1.1 has a new calculated value of 1274312.51764298.
INFO: Sample A02-1132 1.1 has a new calculated value of 797542.755603791.
INFO: Sample N02-0291 1.1 has a new calculated value of 0.
INFO: Sample N02-0291 1.1 has a new calculated value of 2486.13385017961.
INFO: Sample N02-0291 1.1 has a new calculated value of 7458.81535112858.
INFO: Sample A02-1124 1.1 has a new calculated value of 5045.46767100692.
INFO: Sample A02-1124 1.1 has a new calculated value of 5045.46767100692.
INFO: Sample A02-1124 1.1 has a new calculated value of 15138.1070539355.
INFO: Sample T01-0117 1.1 has a new calculated value of 11359.016764909.
INFO: Sample T01-0117 1.1 has a new calculated value of 568632.078766822.
INFO: Sample T01-0117 1.1 has a new calculated value of 554256.080389022.
INFO: Sample H01-0524 1.1 has a new calculated value of 21595.0737521052.
INFO: Sample H01-0524 1.1 has a new calculated value of 70994.3577647209.
INFO: Sample H01-0524 1.1 has a new calculated value of 98805.4011762141.
INFO: Sample H01-0521 1.1 has a new calculated value of 2664.56471756101.
INFO: Sample H01-0521 1.1 has a new calculated value of 80005.9461593628.
INFO: Sample H01-0521 1.1 has a new calculated value of 71998.9201426505.
INFO: Sample A02-1133 1.1 has a new calculated value of 44942.18185544.
INFO: Sample A02-1133 1.1 has a new calculated value of 0.
INFO: Sample A02-1133 1.1 has a new calculated value of 2642.41059310734.
INFO: Sample A04-0340 1.1 has a new calculated value of 10195.9775201976.
INFO: Sample A04-0340 1.1 has a new calculated value of 127616.768628359.
INFO: Sample A04-0340 1.1 has a new calculated value of 130172.808766365.
INFO: Sample Q01-0297 1.1 has a new calculated value of 10136.0143907368.
INFO: Sample Q01-0297 1.1 has a new calculated value of 65925.1110255717.
INFO: Sample Q01-0297 1.1 has a new calculated value of 78614.1492426396.
INFO: Sample A02-1130 1.1 has a new calculated value of 0.
INFO: Sample A02-1130 1.1 has a new calculated value of 8147.75962382554.
INFO: Sample A02-1130 1.1 has a new calculated value of 2715.75522143394.
INFO: Sample Q01-0299 1.1 has a new calculated value of 2314.69406280667.
INFO: Sample Q01-0299 1.1 has a new calculated value of 46316.6134804488.
INFO: Sample Q01-0299 1.1 has a new calculated value of 43999.6486902236.
INFO: Sample A04-0339 1.1 has a new calculated value of 9326.3008631766.
INFO: Sample A04-0339 1.1 has a new calculated value of 143217.017948628.
INFO: Sample A04-0339 1.1 has a new calculated value of 108927.799165249.
INFO: Sample N02-0284 1.1 has a new calculated value of 0.
INFO: Sample N02-0284 1.1 has a new calculated value of 31624.9375417828.
INFO: Sample N02-0284 1.1 has a new calculated value of 31624.9375417828.
INFO: Sample N02-0295 1.1 has a new calculated value of 0.
INFO: Sample N02-0295 1.1 has a new calculated value of 21062.9012435675.
INFO: Sample N02-0295 1.1 has a new calculated value of 21062.9012435675.
INFO: Sample Q01-0298 1.1 has a new calculated value of 0.
INFO: Sample Q01-0298 1.1 has a new calculated value of 14051.8409572542.
INFO: Sample Q01-0298 1.1 has a new calculated value of 16394.2432031036.
INFO: Sample N02-0265 1.1 has a new calculated value of 0.
INFO: Sample N02-0265 1.1 has a new calculated value of 52940.3065145015.
INFO: Sample N02-0265 1.1 has a new calculated value of 50291.8086200951.
INFO: Sample A01-0514 1.1 has a new calculated value of 29558.0325275659.
INFO: Sample A01-0514 1.1 has a new calculated value of 158767.197132111.
INFO: Sample A01-0514 1.1 has a new calculated value of 112962.985038757.
INFO: Sample A02-1129 1.1 has a new calculated value of 29088.8171643019.
INFO: Sample A02-1129 1.1 has a new calculated value of 84409.6465408803.
INFO: Sample A02-1129 1.1 has a new calculated value of 75670.2290475368.
INFO: Sample B01-0324 1.1 has a new calculated value of 0.
INFO: Sample B01-0324 1.1 has a new calculated value of 116071.954071522.
INFO: Sample B01-0324 1.1 has a new calculated value of 118598.606139422.
INFO: Sample A01-0516 1.1 has a new calculated value of 52684.7704499959.
INFO: Sample A01-0516 1.1 has a new calculated value of 149434.7012043.
INFO: Sample A01-0516 1.1 has a new calculated value of 149434.7012043.
INFO: Sample Q01-0301 1.1 has a new calculated value of 6902.36689522862.
INFO: Sample Q01-0301 1.1 has a new calculated value of 18408.6764976382.
INFO: Sample Q01-0301 1.1 has a new calculated value of 13805.7986833155.
INFO: Sample H01-0525 1.1 has a new calculated value of 19344.4083631039.
INFO: Sample H01-0525 1.1 has a new calculated value of 35931.9779276848.
INFO: Sample H01-0525 1.1 has a new calculated value of 41462.5324308872.
INFO: Sample A04-0342 1.1 has a new calculated value of 20450.4508897662.
INFO: Sample A04-0342 1.1 has a new calculated value of 73080.2142620085.
INFO: Sample A04-0342 1.1 has a new calculated value of 84784.1235995294.
LOW : WaTCH status of H01-0524 1.1 has been changed to Complete.
LOW : WaTCH status of A02-1138 1.1 has been changed to Complete.
LOW : WaTCH status of Q01-0302 1.1 has been changed to Complete.
LOW : WaTCH status of A04-0342 1.1 has been changed to Complete.
LOW : WaTCH status of A02-1135 1.1 has been changed to Complete.
LOW : WaTCH status of A02-1132 1.1 has been changed to Complete.
LOW : WaTCH status of H01-0521 1.1 has been changed to Complete.
LOW : WaTCH status of A02-1136 1.1 has been changed to Complete.
LOW : WaTCH status of A01-0513 1.1 has been changed to Complete.
LOW : WaTCH status of N02-0295 1.1 has been changed to Complete.
LOW : WaTCH status of N02-0292 1.1 has been changed to Complete.
LOW : WaTCH status of B01-0307 1.1 has been changed to Complete.
LOW : WaTCH status of A02-1134 1.1 has been changed to Complete.
LOW : WaTCH status of B01-0308 1.1 has been changed to Complete.
LOW : WaTCH status of A02-1129 1.1 has been changed to Complete.
LOW : WaTCH status of N02-0291 1.1 has been changed to Complete.
LOW : WaTCH status of H01-0525 1.1 has been changed to Complete.
LOW : WaTCH status of H01-0522 1.1 has been changed to Complete.
LOW : WaTCH status of A02-1131 1.1 has been changed to Complete.
LOW : WaTCH status of A02-1137 1.1 has been changed to Complete.
LOW : WaTCH status of A04-0341 1.1 has been changed to Complete.
LOW : WaTCH status of Q01-0299 1.1 has been changed to Complete.
LOW : WaTCH status of Q01-0301 1.1 has been changed to Complete.
LOW : WaTCH status of A04-0340 1.1 has been changed to Complete.
LOW : WaTCH status of B01-0445 1.1 has been changed to Complete.
LOW : WaTCH status of A02-1124 1.1 has been changed to Complete.
LOW : WaTCH status of B01-0315 1.1 has been changed to Complete.
LOW : WaTCH status of Q01-0300 1.1 has been changed to Complete.
LOW : WaTCH status of A02-1130 1.1 has been changed to Complete.
LOW : WaTCH status of T01-0118 1.1 has been changed to Complete.
LOW : WaTCH status of A02-1139 1.1 has been changed to Complete.
LOW : WaTCH status of Q01-0297 1.1 has been changed to Complete.
LOW : WaTCH status of Q01-0303 1.1 has been changed to Complete.
LOW : WaTCH status of A02-1133 1.1 has been changed to Complete.
LOW : WaTCH status of A04-0339 1.1 has been changed to Complete.
LOW : WaTCH status of A01-0516 1.1 has been changed to Complete.
LOW : WaTCH status of A01-0515 1.1 has been changed to Complete.
LOW : WaTCH status of N02-0284 1.1 has been changed to Complete.
LOW : WaTCH status of H01-0519 1.1 has been changed to Complete.
LOW : WaTCH status of H01-0520 1.1 has been changed to Complete.
LOW : WaTCH status of A01-0514 1.1 has been changed to Complete.
LOW : WaTCH status of T01-0117 1.1 has been changed to Complete.
LOW : WaTCH status of N02-0277 1.1 has been changed to Complete.
LOW : WaTCH status of B01-0324 1.1 has been changed to Complete.
LOW : WaTCH status of A01-0517 1.1 has been changed to Complete.
LOW : WaTCH status of H01-0523 1.1 has been changed to Complete.
LOW : WaTCH status of Q01-0298 1.1 has been changed to Complete.
LOW : WaTCH status of N02-0265 1.1 has been changed to Complete.
#
# WaTCHdb update complete.
# 2023-03-22.09-13-06.
