# WaTCHdb update log.
# Command: 2_updateWaTCH.pl.
# Data output written to DB/INCREMENTAL/watchdb.2022-05-26.19-48-29.txt and DB/watchdb.LATEST.txt.
# Fatal errors and system warnings are NOT logged here; see STDERR for those.
#
# Run started 2022-05-26.19-48-29.
#
4 molecular targets added.
INFO: Finished WaTCHdb import. 3072 total assets present.
INFO: Finished AssetTiger import. 91 new assets added. 3163 total assets present.
INFO: Sample N03-0076 1.1 has a new calculated value of 6534.58921238781.
INFO: Sample N03-0076 1.1 has a new calculated value of 4356.27947095781.
INFO: Sample N03-0076 1.1 has a new calculated value of 4356.27947095781.
INFO: Sample M03-0068 1.1 has a new calculated value of 476187.912225722.
INFO: Sample M03-0068 1.1 has a new calculated value of 368187.705874444.
INFO: Sample M03-0068 1.1 has a new calculated value of 12730.2388474345.
INFO: Sample M04-0063 1.1 has a new calculated value of 69054.987207055.
INFO: Sample M04-0063 1.1 has a new calculated value of 69054.987207055.
INFO: Sample M04-0063 1.1 has a new calculated value of 0.
INFO: Sample K01-0089 1.1 has a new calculated value of 105319.496244192.
INFO: Sample K01-0089 1.1 has a new calculated value of 120386.76828146.
INFO: Sample K01-0089 1.1 has a new calculated value of 0.
INFO: Sample L01-0101 1.1 has a new calculated value of 748585.424423216.
INFO: Sample L01-0101 1.1 has a new calculated value of 4715021.69609071.
INFO: Sample L01-0101 1.1 has a new calculated value of 388439.211845399.
INFO: Sample M03-0060 1.1 has a new calculated value of 449012.271165847.
INFO: Sample M03-0060 1.1 has a new calculated value of 420151.997208596.
INFO: Sample M03-0060 1.1 has a new calculated value of 5193.52759234608.
INFO: Sample L01-0111 1.1 has a new calculated value of 0.
INFO: Sample L01-0111 1.1 has a new calculated value of 0.
INFO: Sample L01-0111 1.1 has a new calculated value of 0.
INFO: Sample N03-0099 1.1 has a new calculated value of 4644.47711594404.
INFO: Sample N03-0099 1.1 has a new calculated value of 2322.17432465404.
INFO: Sample N03-0099 1.1 has a new calculated value of 0.
INFO: Sample A02-0529 1.1 has a new calculated value of 7474346.35162352.
INFO: Sample A02-0529 1.1 has a new calculated value of 7189965.50559996.
INFO: Sample A02-0529 1.1 has a new calculated value of 20139.5127922297.
INFO: Sample M04-0074 1.1 has a new calculated value of 5098.13474491238.
INFO: Sample M04-0074 1.1 has a new calculated value of 7647.43410050868.
INFO: Sample M04-0074 1.1 has a new calculated value of 0.
INFO: Sample L01-0103 1.1 has a new calculated value of 11227.3681908846.
INFO: Sample L01-0103 1.1 has a new calculated value of 28074.0602687001.
INFO: Sample L01-0103 1.1 has a new calculated value of 2806.56016431749.
INFO: Sample J01-0048 1.1 has a new calculated value of 0.
INFO: Sample J01-0048 1.1 has a new calculated value of 0.
INFO: Sample J01-0048 1.1 has a new calculated value of 0.
INFO: Sample M03-0058 1.1 has a new calculated value of 27192.1569854021.
INFO: Sample M03-0058 1.1 has a new calculated value of 19774.3638977408.
INFO: Sample M03-0058 1.1 has a new calculated value of 4942.71612726152.
INFO: Sample J01-0047 1.1 has a new calculated value of 0.
INFO: Sample J01-0047 1.1 has a new calculated value of 0.
INFO: Sample J01-0047 1.1 has a new calculated value of 2276.39056742191.
INFO: Sample M04-0053 1.1 has a new calculated value of 2157.45315654203.
INFO: Sample M04-0053 1.1 has a new calculated value of 0.
INFO: Sample M04-0053 1.1 has a new calculated value of 0.
INFO: Sample M04-0061 1.1 has a new calculated value of 83245.5986738206.
INFO: Sample M04-0061 1.1 has a new calculated value of 80864.850729704.
INFO: Sample M04-0061 1.1 has a new calculated value of 0.
INFO: Sample J01-0050 1.1 has a new calculated value of 2582.60247297585.
INFO: Sample J01-0050 1.1 has a new calculated value of 0.
INFO: Sample J01-0050 1.1 has a new calculated value of 0.
INFO: Sample O01-0067 1.1 has a new calculated value of 8594.20029446481.
INFO: Sample O01-0067 1.1 has a new calculated value of 12891.9602930546.
INFO: Sample O01-0067 1.1 has a new calculated value of 0.
INFO: Sample O01-0068 1.1 has a new calculated value of 21471.8009904027.
INFO: Sample O01-0068 1.1 has a new calculated value of 26244.8079138994.
INFO: Sample O01-0068 1.1 has a new calculated value of 2385.21269056946.
INFO: Sample K01-0082 1.1 has a new calculated value of 56095.8887636661.
INFO: Sample K01-0082 1.1 has a new calculated value of 36182.2988837957.
INFO: Sample K01-0082 1.1 has a new calculated value of 1808.37334133685.
INFO: Sample L01-0110 1.1 has a new calculated value of 19502.9149577021.
INFO: Sample L01-0110 1.1 has a new calculated value of 7312.52954341472.
INFO: Sample L01-0110 1.1 has a new calculated value of 0.
INFO: Sample L01-0107 1.1 has a new calculated value of 4573.02418537439.
INFO: Sample L01-0107 1.1 has a new calculated value of 16007.7677853405.
INFO: Sample L01-0107 1.1 has a new calculated value of 0.
INFO: Sample M04-0058 1.1 has a new calculated value of 109543.470740318.
INFO: Sample M04-0058 1.1 has a new calculated value of 120970.733016729.
INFO: Sample M04-0058 1.1 has a new calculated value of 0.
INFO: Sample O01-0058 1.1 has a new calculated value of 338071.660995483.
INFO: Sample O01-0058 1.1 has a new calculated value of 349238.923788071.
INFO: Sample O01-0058 1.1 has a new calculated value of 0.
INFO: Sample D01-0077 1.1 has a new calculated value of 529919.734597207.
INFO: Sample D01-0077 1.1 has a new calculated value of 489127.020835877.
INFO: Sample D01-0077 1.1 has a new calculated value of 5373.64737130702.
INFO: Sample M04-0056 1.1 has a new calculated value of 4511.97811402381.
INFO: Sample M04-0056 1.1 has a new calculated value of 2255.92827424407.
INFO: Sample M04-0056 1.1 has a new calculated value of 2255.92827424407.
INFO: Sample N03-0091 1.1 has a new calculated value of 73168.6757504941.
INFO: Sample N03-0091 1.1 has a new calculated value of 52971.4527726174.
INFO: Sample N03-0091 1.1 has a new calculated value of 2520.93264833093.
INFO: Sample M03-0064 1.1 has a new calculated value of 173725.164234638.
INFO: Sample M03-0064 1.1 has a new calculated value of 168679.504394531.
INFO: Sample M03-0064 1.1 has a new calculated value of 5025.39130859077.
INFO: Sample K01-0083 1.1 has a new calculated value of 48252.3572444915.
INFO: Sample K01-0083 1.1 has a new calculated value of 34460.300244391.
INFO: Sample K01-0083 1.1 has a new calculated value of 4593.07028912009.
INFO: Sample M04-0055 1.1 has a new calculated value of 0.
INFO: Sample M04-0055 1.1 has a new calculated value of 2231.66400566697.
INFO: Sample M04-0055 1.1 has a new calculated value of 0.
INFO: Sample M03-0071 1.1 has a new calculated value of 335601.024627686.
INFO: Sample M03-0071 1.1 has a new calculated value of 315184.843540192.
INFO: Sample M03-0071 1.1 has a new calculated value of 0.
INFO: Sample L01-0105 1.1 has a new calculated value of 252749.53186512.
INFO: Sample L01-0105 1.1 has a new calculated value of 228612.379431725.
INFO: Sample L01-0105 1.1 has a new calculated value of 2399.96352698654.
INFO: Sample M03-0073 1.1 has a new calculated value of 95650.4559516905.
INFO: Sample M03-0073 1.1 has a new calculated value of 101283.766776323.
INFO: Sample M03-0073 1.1 has a new calculated value of 2810.13546511531.
INFO: Sample D01-0089 1.1 has a new calculated value of 468140.711188317.
INFO: Sample D01-0089 1.1 has a new calculated value of 405236.787199975.
INFO: Sample D01-0089 1.1 has a new calculated value of 13535.206541419.
INFO: Sample M04-0059 1.1 has a new calculated value of 114472.546577454.
INFO: Sample M04-0059 1.1 has a new calculated value of 74159.5123708248.
INFO: Sample M04-0059 1.1 has a new calculated value of 2117.02319327742.
INFO: Sample N03-0062 1.1 has a new calculated value of 0.
INFO: Sample N03-0062 1.1 has a new calculated value of 0.
INFO: Sample N03-0062 1.1 has a new calculated value of 0.
INFO: Sample L01-0119 1.1 has a new calculated value of 155993.608832359.
INFO: Sample L01-0119 1.1 has a new calculated value of 113113.993853331.
INFO: Sample L01-0119 1.1 has a new calculated value of 0.
INFO: Sample J01-0049 1.1 has a new calculated value of 7035.91380268334.
INFO: Sample J01-0049 1.1 has a new calculated value of 0.
INFO: Sample J01-0049 1.1 has a new calculated value of 0.
INFO: Sample O01-0064 1.1 has a new calculated value of 10711.7243483663.
INFO: Sample O01-0064 1.1 has a new calculated value of 10711.7243483663.
INFO: Sample O01-0064 1.1 has a new calculated value of 0.
INFO: Sample M03-0037 1.1 has a new calculated value of 15028.4220278263.
INFO: Sample M03-0037 1.1 has a new calculated value of 27556.2250614166.
INFO: Sample M03-0037 1.1 has a new calculated value of 5008.87538306415.
INFO: Sample M03-0038 1.1 has a new calculated value of 284998.14838171.
INFO: Sample M03-0038 1.1 has a new calculated value of 289928.939938545.
INFO: Sample M03-0038 1.1 has a new calculated value of 2448.61761108041.
INFO: Sample N03-0097 1.1 has a new calculated value of 14311.6833083332.
INFO: Sample N03-0097 1.1 has a new calculated value of 21469.3569391966.
INFO: Sample N03-0097 1.1 has a new calculated value of 0.
INFO: Sample N03-0098 1.1 has a new calculated value of 60743.3275133372.
INFO: Sample N03-0098 1.1 has a new calculated value of 72001.7570257186.
INFO: Sample N03-0098 1.1 has a new calculated value of 2248.18364717066.
INFO: Sample M03-0070 1.1 has a new calculated value of 0.
INFO: Sample M03-0070 1.1 has a new calculated value of 2653.90304848552.
INFO: Sample M03-0070 1.1 has a new calculated value of 0.
INFO: Sample K01-0090 1.1 has a new calculated value of 31958.7469473481.
INFO: Sample K01-0090 1.1 has a new calculated value of 19172.3246499896.
INFO: Sample K01-0090 1.1 has a new calculated value of 2129.82513243332.
INFO: Sample O01-0054 1.1 has a new calculated value of 18835.338614881.
INFO: Sample O01-0054 1.1 has a new calculated value of 18835.338614881.
INFO: Sample O01-0054 1.1 has a new calculated value of 2092.39728050306.
INFO: Sample J01-0046 1.1 has a new calculated value of 2335.11229511351.
INFO: Sample J01-0046 1.1 has a new calculated value of 2335.11229511351.
INFO: Sample J01-0046 1.1 has a new calculated value of 0.
INFO: Sample N03-0087 1.1 has a new calculated value of 19767.3693671823.
INFO: Sample N03-0087 1.1 has a new calculated value of 17295.9388419986.
INFO: Sample N03-0087 1.1 has a new calculated value of 4940.96855632961.
LOW : WaTCH status of M03-0064 1.1 has been changed to Complete.
LOW : WaTCH status of M03-0068 1.1 has been changed to Complete.
LOW : WaTCH status of N03-0098 1.1 has been changed to Complete.
LOW : WaTCH status of O01-0067 1.1 has been changed to Complete.
LOW : WaTCH status of L01-0103 1.1 has been changed to Complete.
LOW : WaTCH status of M03-0071 1.1 has been changed to Complete.
LOW : WaTCH status of N03-0091 1.1 has been changed to Complete.
LOW : WaTCH status of J01-0046 1.1 has been changed to Complete.
LOW : WaTCH status of K01-0089 1.1 has been changed to Complete.
LOW : WaTCH status of M04-0058 1.1 has been changed to Complete.
LOW : WaTCH status of A02-0529 1.1 has been changed to Complete.
LOW : WaTCH status of L01-0111 1.1 has been changed to Complete.
LOW : WaTCH status of M04-0061 1.1 has been changed to Complete.
LOW : WaTCH status of K01-0083 1.1 has been changed to Complete.
LOW : WaTCH status of N03-0076 1.1 has been changed to Complete.
LOW : WaTCH status of L01-0107 1.1 has been changed to Complete.
LOW : WaTCH status of M03-0058 1.1 has been changed to Complete.
LOW : WaTCH status of M04-0074 1.1 has been changed to Complete.
LOW : WaTCH status of D01-0089 1.1 has been changed to Complete.
LOW : WaTCH status of K01-0090 1.1 has been changed to Complete.
LOW : WaTCH status of D01-0077 1.1 has been changed to Complete.
LOW : WaTCH status of M04-0055 1.1 has been changed to Complete.
LOW : WaTCH status of M04-0056 1.1 has been changed to Complete.
LOW : WaTCH status of N03-0062 1.1 has been changed to Complete.
LOW : WaTCH status of J01-0048 1.1 has been changed to Complete.
LOW : WaTCH status of M03-0038 1.1 has been changed to Complete.
LOW : WaTCH status of L01-0110 1.1 has been changed to Complete.
LOW : WaTCH status of O01-0058 1.1 has been changed to Complete.
LOW : WaTCH status of M04-0053 1.1 has been changed to Complete.
LOW : WaTCH status of K01-0082 1.1 has been changed to Complete.
LOW : WaTCH status of M03-0070 1.1 has been changed to Complete.
LOW : WaTCH status of M03-0060 1.1 has been changed to Complete.
LOW : WaTCH status of O01-0054 1.1 has been changed to Complete.
LOW : WaTCH status of J01-0047 1.1 has been changed to Complete.
LOW : WaTCH status of M03-0037 1.1 has been changed to Complete.
LOW : WaTCH status of L01-0101 1.1 has been changed to Complete.
LOW : WaTCH status of M03-0073 1.1 has been changed to Complete.
LOW : WaTCH status of J01-0049 1.1 has been changed to Complete.
LOW : WaTCH status of J01-0050 1.1 has been changed to Complete.
LOW : WaTCH status of M04-0063 1.1 has been changed to Complete.
LOW : WaTCH status of N03-0097 1.1 has been changed to Complete.
LOW : WaTCH status of O01-0068 1.1 has been changed to Complete.
LOW : WaTCH status of L01-0105 1.1 has been changed to Complete.
LOW : WaTCH status of L01-0119 1.1 has been changed to Complete.
LOW : WaTCH status of O01-0064 1.1 has been changed to Complete.
LOW : WaTCH status of N03-0087 1.1 has been changed to Complete.
LOW : WaTCH status of N03-0099 1.1 has been changed to Complete.
LOW : WaTCH status of M04-0059 1.1 has been changed to Complete.
#
# WaTCHdb update complete.
# 2022-05-26.19-48-30.
