# WaTCHdb update log.
# Command: 2_updateWaTCH.pl.
# Data output written to updates/watchdb/watchdb.2022-12-16.15-54-59.txt and updates/watchdb.LATEST.txt.
# Fatal errors and system warnings are NOT logged here; see STDERR for those.
#
# Run started 2022-12-16.15-54-59.
#
4 molecular targets added.
INFO: Finished WaTCHdb import. 6212 total assets present.
INFO: Finished AssetTiger import. 65 new assets added. 6277 total assets present.
INFO: Sample B01-0291 1.1 has a new calculated value of 309916.021227837.
INFO: Sample B01-0291 1.1 has a new calculated value of 284702.161252498.
INFO: Sample B01-0291 1.1 has a new calculated value of 8346.04734554886.
INFO: Sample A02-0928 1.1 has a new calculated value of 4526.84149146078.
INFO: Sample A02-0928 1.1 has a new calculated value of 6790.44591262937.
INFO: Sample A02-0928 1.1 has a new calculated value of 61153.6563187839.
INFO: Sample A02-0922 1.1 has a new calculated value of 0.
INFO: Sample A02-0922 1.1 has a new calculated value of 0.
INFO: Sample A02-0922 1.1 has a new calculated value of 90894.2940831185.
INFO: Sample M03-0151 1.1 has a new calculated value of 87185.6555342675.
INFO: Sample M03-0151 1.1 has a new calculated value of 79004.2886137962.
INFO: Sample M03-0151 1.1 has a new calculated value of 0.
INFO: Sample A04-0229 1.1 has a new calculated value of 227458.124756813.
INFO: Sample A04-0229 1.1 has a new calculated value of 188377.529382706.
INFO: Sample A04-0229 1.1 has a new calculated value of 28094.6170538664.
INFO: Sample A04-0230 1.1 has a new calculated value of 252744.52060461.
INFO: Sample A04-0230 1.1 has a new calculated value of 233794.923126698.
INFO: Sample A04-0230 1.1 has a new calculated value of 14132.3247738183.
INFO: Sample O01-0178 1.1 has a new calculated value of 6875.10170973838.
INFO: Sample O01-0178 1.1 has a new calculated value of 2291.57511144876.
INFO: Sample O01-0178 1.1 has a new calculated value of 0.
INFO: Sample R02-0206 1.1 has a new calculated value of 36395.1075822115.
INFO: Sample R02-0206 1.1 has a new calculated value of 36395.1075822115.
INFO: Sample R02-0206 1.1 has a new calculated value of 0.
INFO: Sample R02-0158 1.1 has a new calculated value of 52763.4557336569.
INFO: Sample R02-0158 1.1 has a new calculated value of 54963.3736163379.
INFO: Sample R02-0158 1.1 has a new calculated value of 6591.80039539933.
INFO: Sample M03-0160 1.1 has a new calculated value of 146125.43463707.
INFO: Sample M03-0160 1.1 has a new calculated value of 124036.095589399.
INFO: Sample M03-0160 1.1 has a new calculated value of 2752.37325578928.
INFO: Sample L01-0289 1.1 has a new calculated value of 15583.4785848856.
INFO: Sample L01-0289 1.1 has a new calculated value of 12985.8301207423.
INFO: Sample L01-0289 1.1 has a new calculated value of 2596.84395510703.
INFO: Sample L01-0284 1.1 has a new calculated value of 22204.9101814628.
INFO: Sample L01-0284 1.1 has a new calculated value of 19737.1170669794.
INFO: Sample L01-0284 1.1 has a new calculated value of 2466.63107536733.
INFO: Sample C01-0323 1.1 has a new calculated value of 88054.5826256273.
INFO: Sample C01-0323 1.1 has a new calculated value of 99074.4294226168.
INFO: Sample C01-0323 1.1 has a new calculated value of 24196.5719684958.
INFO: Sample C01-0325 1.1 has a new calculated value of 89577.1649479866.
INFO: Sample C01-0325 1.1 has a new calculated value of 84978.8153171539.
INFO: Sample C01-0325 1.1 has a new calculated value of 57399.232685566.
INFO: Sample L01-0277 1.1 has a new calculated value of 84102.9913723467.
INFO: Sample L01-0277 1.1 has a new calculated value of 67811.8208795785.
INFO: Sample L01-0277 1.1 has a new calculated value of 0.
INFO: Sample M04-0129 1.1 has a new calculated value of 7077.89638079704.
INFO: Sample M04-0129 1.1 has a new calculated value of 7077.89638079704.
INFO: Sample M04-0129 1.1 has a new calculated value of 4718.46487373114.
INFO: Sample O01-0194 1.1 has a new calculated value of 52348.4596610071.
INFO: Sample O01-0194 1.1 has a new calculated value of 61459.2158049344.
INFO: Sample O01-0194 1.1 has a new calculated value of 6824.35314171015.
INFO: Sample A02-0921 1.1 has a new calculated value of 0.
INFO: Sample A02-0921 1.1 has a new calculated value of 2258.96820891648.
INFO: Sample A02-0921 1.1 has a new calculated value of 27115.65669626.
INFO: Sample D01-0218 1.1 has a new calculated value of 415951.91538334.
INFO: Sample D01-0218 1.1 has a new calculated value of 438351.978063584.
INFO: Sample D01-0218 1.1 has a new calculated value of 34505.4228231311.
INFO: Sample D01-0212 1.1 has a new calculated value of 382738.16406727.
INFO: Sample D01-0212 1.1 has a new calculated value of 396152.815818785.
INFO: Sample D01-0212 1.1 has a new calculated value of 8861.30684986709.
INFO: Sample D01-0207 1.1 has a new calculated value of 403887.552022933.
INFO: Sample D01-0207 1.1 has a new calculated value of 373402.032852174.
INFO: Sample D01-0207 1.1 has a new calculated value of 18591.3008451462.
INFO: Sample M03-0169 1.1 has a new calculated value of 99746.2101280687.
INFO: Sample M03-0169 1.1 has a new calculated value of 105002.589225769.
INFO: Sample M03-0169 1.1 has a new calculated value of 0.
INFO: Sample L01-0281 1.1 has a new calculated value of 74930.9407174587.
INFO: Sample L01-0281 1.1 has a new calculated value of 74930.9407174587.
INFO: Sample L01-0281 1.1 has a new calculated value of 2415.03738798201.
INFO: Sample A02-0924 1.1 has a new calculated value of 98419.1264212131.
INFO: Sample A02-0924 1.1 has a new calculated value of 113201.945722103.
INFO: Sample A02-0924 1.1 has a new calculated value of 123060.054928064.
INFO: Sample O01-0191 1.1 has a new calculated value of 24226.4526709914.
INFO: Sample O01-0191 1.1 has a new calculated value of 21803.1790852547.
INFO: Sample O01-0191 1.1 has a new calculated value of 0.
INFO: Sample R02-0213 1.1 has a new calculated value of 26449.5816081762.
INFO: Sample R02-0213 1.1 has a new calculated value of 31260.3895738721.
INFO: Sample R02-0213 1.1 has a new calculated value of 2403.81779149175.
INFO: Sample A01-0434 1.1 has a new calculated value of 180839.064717293.
INFO: Sample A01-0434 1.1 has a new calculated value of 161766.563951969.
INFO: Sample A01-0434 1.1 has a new calculated value of 30877.7288720012.
INFO: Sample M04-0134 1.1 has a new calculated value of 0.
INFO: Sample M04-0134 1.1 has a new calculated value of 0.
INFO: Sample M04-0134 1.1 has a new calculated value of 0.
INFO: Sample B01-0278 1.1 has a new calculated value of 316845.286488533.
INFO: Sample B01-0278 1.1 has a new calculated value of 243257.202208042.
INFO: Sample B01-0278 1.1 has a new calculated value of 9969.10119429231.
INFO: Sample R02-0164 1.1 has a new calculated value of 70584.5343321561.
INFO: Sample R02-0164 1.1 has a new calculated value of 70584.5343321561.
INFO: Sample R02-0164 1.1 has a new calculated value of 0.
INFO: Sample M03-0172 1.1 has a new calculated value of 156954.00416851.
INFO: Sample M03-0172 1.1 has a new calculated value of 136537.11810708.
INFO: Sample M03-0172 1.1 has a new calculated value of 2034.60109652951.
INFO: Sample O01-0179 1.1 has a new calculated value of 16337.5947251916.
INFO: Sample O01-0179 1.1 has a new calculated value of 23341.3706347346.
INFO: Sample O01-0179 1.1 has a new calculated value of 7001.04625895619.
INFO: Sample R02-0225 1.1 has a new calculated value of 11989.5203970373.
INFO: Sample R02-0225 1.1 has a new calculated value of 7193.30029562116.
INFO: Sample R02-0225 1.1 has a new calculated value of 0.
INFO: Sample B01-0288 1.1 has a new calculated value of 330662.299990654.
INFO: Sample B01-0288 1.1 has a new calculated value of 324237.592220306.
INFO: Sample B01-0288 1.1 has a new calculated value of 8500.50989538431.
INFO: Sample L01-0282 1.1 has a new calculated value of 79411.2624227999.
INFO: Sample L01-0282 1.1 has a new calculated value of 69476.6253232955.
INFO: Sample L01-0282 1.1 has a new calculated value of 4958.79834517838.
INFO: Sample R01-0213 1.1 has a new calculated value of 1709926.07116699.
INFO: Sample R01-0213 1.1 has a new calculated value of 1668458.11128617.
INFO: Sample R01-0213 1.1 has a new calculated value of 101024.285405874.
INFO: Sample M03-0163 1.1 has a new calculated value of 92137.6302838325.
INFO: Sample M03-0163 1.1 has a new calculated value of 81287.3849272727.
INFO: Sample M03-0163 1.1 has a new calculated value of 27078.2824605704.
INFO: Sample M04-0136 1.1 has a new calculated value of 0.
INFO: Sample M04-0136 1.1 has a new calculated value of 0.
INFO: Sample M04-0136 1.1 has a new calculated value of 0.
INFO: Sample C01-0322 1.1 has a new calculated value of 186441.77287817.
INFO: Sample C01-0322 1.1 has a new calculated value of 161349.083483219.
INFO: Sample C01-0322 1.1 has a new calculated value of 55567.481070757.
INFO: Sample A02-0926 1.1 has a new calculated value of 19604.7858148813.
INFO: Sample A02-0926 1.1 has a new calculated value of 10890.4161304235.
INFO: Sample A02-0926 1.1 has a new calculated value of 4355.82665260882.
INFO: Sample O01-0176 1.1 has a new calculated value of 23759.5029920339.
INFO: Sample O01-0176 1.1 has a new calculated value of 35644.3103402854.
INFO: Sample O01-0176 1.1 has a new calculated value of 0.
INFO: Sample R02-0208 1.1 has a new calculated value of 2552.56039090454.
INFO: Sample R02-0208 1.1 has a new calculated value of 2552.56039090454.
INFO: Sample R02-0208 1.1 has a new calculated value of 0.
INFO: Sample M04-0150 1.1 has a new calculated value of 0.
INFO: Sample M04-0150 1.1 has a new calculated value of 0.
INFO: Sample M04-0150 1.1 has a new calculated value of 0.
INFO: Sample R02-0219 1.1 has a new calculated value of 9993.26778575779.
INFO: Sample R02-0219 1.1 has a new calculated value of 7494.72708441315.
INFO: Sample R02-0219 1.1 has a new calculated value of 0.
INFO: Sample A02-0923 1.1 has a new calculated value of 923208.793401718.
INFO: Sample A02-0923 1.1 has a new calculated value of 771990.966796875.
INFO: Sample A02-0923 1.1 has a new calculated value of 52335.1925611496.
INFO: Sample A02-0925 1.1 has a new calculated value of 0.
INFO: Sample A02-0925 1.1 has a new calculated value of 0.
INFO: Sample A02-0925 1.1 has a new calculated value of 63316.1511272191.
INFO: Sample M04-0135 1.1 has a new calculated value of 8797.13776521383.
INFO: Sample M04-0135 1.1 has a new calculated value of 4398.33796117453.
INFO: Sample M04-0135 1.1 has a new calculated value of 0.
INFO: Sample A01-0435 1.1 has a new calculated value of 269274.477660656.
INFO: Sample A01-0435 1.1 has a new calculated value of 278132.483661175.
INFO: Sample A01-0435 1.1 has a new calculated value of 88096.2270498276.
INFO: Sample B01-0347 1.1 has a new calculated value of 460737.873315812.
INFO: Sample B01-0347 1.1 has a new calculated value of 433671.800494192.
INFO: Sample B01-0347 1.1 has a new calculated value of 8927.21023410559.
INFO: Sample R01-0202 1.1 has a new calculated value of 1170018.23186874.
INFO: Sample R01-0202 1.1 has a new calculated value of 1083863.28220368.
INFO: Sample R01-0202 1.1 has a new calculated value of 91593.7726199627.
INFO: Sample C01-0321 1.1 has a new calculated value of 129463.672935963.
INFO: Sample C01-0321 1.1 has a new calculated value of 118429.905027151.
INFO: Sample C01-0321 1.1 has a new calculated value of 30264.1828358173.
INFO: Sample J01-0191 1.1 has a new calculated value of 444242.400527002.
INFO: Sample J01-0191 1.1 has a new calculated value of 399074.567556379.
INFO: Sample J01-0191 1.1 has a new calculated value of 21047.9672625661.
INFO: Sample R02-0211 1.1 has a new calculated value of 32766.6067332029.
INFO: Sample R02-0211 1.1 has a new calculated value of 28396.2460979819.
INFO: Sample R02-0211 1.1 has a new calculated value of 0.
INFO: Sample B01-0283 1.1 has a new calculated value of 134695.522338152.
INFO: Sample B01-0283 1.1 has a new calculated value of 163410.070538521.
INFO: Sample B01-0283 1.1 has a new calculated value of 8584.66509729622.
INFO: Sample R01-0207 1.1 has a new calculated value of 1613947.01242447.
INFO: Sample R01-0207 1.1 has a new calculated value of 1507639.38903809.
INFO: Sample R01-0207 1.1 has a new calculated value of 104685.987979174.
INFO: Sample C01-0324 1.1 has a new calculated value of 157859.938144684.
INFO: Sample C01-0324 1.1 has a new calculated value of 132220.605164766.
INFO: Sample C01-0324 1.1 has a new calculated value of 51132.698133588.
INFO: Sample L01-0283 1.1 has a new calculated value of 101288.625150919.
INFO: Sample L01-0283 1.1 has a new calculated value of 101288.625150919.
INFO: Sample L01-0283 1.1 has a new calculated value of 2408.79136137664.
INFO: Sample R01-0209 1.1 has a new calculated value of 1528839.97678757.
INFO: Sample R01-0209 1.1 has a new calculated value of 1561656.22472763.
INFO: Sample R01-0209 1.1 has a new calculated value of 52747.0757067203.
INFO: Sample R01-0218 1.1 has a new calculated value of 1235790.83919525.
INFO: Sample R01-0218 1.1 has a new calculated value of 1184019.32001114.
INFO: Sample R01-0218 1.1 has a new calculated value of 106025.26858449.
INFO: Sample D01-0213 1.1 has a new calculated value of 424808.93611908.
INFO: Sample D01-0213 1.1 has a new calculated value of 429553.325772284.
INFO: Sample D01-0213 1.1 has a new calculated value of 7044.98078674077.
INFO: Sample R01-0204 1.1 has a new calculated value of 1050716.66479111.
INFO: Sample R01-0204 1.1 has a new calculated value of 1013562.87360191.
INFO: Sample R01-0204 1.1 has a new calculated value of 61216.5094166995.
INFO: Sample M04-0145 1.1 has a new calculated value of 26963.1508737803.
INFO: Sample M04-0145 1.1 has a new calculated value of 36772.2346633673.
INFO: Sample M04-0145 1.1 has a new calculated value of 2450.47878473997.
INFO: Sample J01-0192 1.1 has a new calculated value of 18220.5248996615.
INFO: Sample J01-0192 1.1 has a new calculated value of 13664.6520718932.
INFO: Sample J01-0192 1.1 has a new calculated value of 2277.13270112872.
INFO: Sample R02-0220 1.1 has a new calculated value of 40455.3752392532.
INFO: Sample R02-0220 1.1 has a new calculated value of 31461.9144424796.
INFO: Sample R02-0220 1.1 has a new calculated value of 0.
LOW : WaTCH status of A01-0435 1.1 has been changed to Complete.
LOW : WaTCH status of R01-0202 1.1 has been changed to Complete.
LOW : WaTCH status of L01-0289 1.1 has been changed to Complete.
LOW : WaTCH status of L01-0277 1.1 has been changed to Complete.
LOW : WaTCH status of A04-0230 1.1 has been changed to Complete.
LOW : WaTCH status of B01-0291 1.1 has been changed to Complete.
LOW : WaTCH status of D01-0218 1.1 has been changed to Complete.
LOW : WaTCH status of R01-0207 1.1 has been changed to Complete.
LOW : WaTCH status of M03-0151 1.1 has been changed to Complete.
LOW : WaTCH status of L01-0284 1.1 has been changed to Complete.
LOW : WaTCH status of L01-0281 1.1 has been changed to Complete.
LOW : WaTCH status of D01-0207 1.1 has been changed to Complete.
LOW : WaTCH status of R01-0218 1.1 has been changed to Complete.
LOW : WaTCH status of M03-0163 1.1 has been changed to Complete.
LOW : WaTCH status of M04-0145 1.1 has been changed to Complete.
LOW : WaTCH status of R02-0158 1.1 has been changed to Complete.
LOW : WaTCH status of O01-0176 1.1 has been changed to Complete.
LOW : WaTCH status of M04-0134 1.1 has been changed to Complete.
LOW : WaTCH status of A02-0924 1.1 has been changed to Complete.
LOW : WaTCH status of A02-0921 1.1 has been changed to Complete.
LOW : WaTCH status of A02-0928 1.1 has been changed to Complete.
LOW : WaTCH status of J01-0191 1.1 has been changed to Complete.
LOW : WaTCH status of O01-0194 1.1 has been changed to Complete.
LOW : WaTCH status of C01-0324 1.1 has been changed to Complete.
LOW : WaTCH status of R02-0211 1.1 has been changed to Complete.
LOW : WaTCH status of O01-0191 1.1 has been changed to Complete.
LOW : WaTCH status of B01-0288 1.1 has been changed to Complete.
LOW : WaTCH status of C01-0321 1.1 has been changed to Complete.
LOW : WaTCH status of M03-0172 1.1 has been changed to Complete.
LOW : WaTCH status of R02-0225 1.1 has been changed to Complete.
LOW : WaTCH status of R02-0219 1.1 has been changed to Complete.
LOW : WaTCH status of R02-0206 1.1 has been changed to Complete.
LOW : WaTCH status of A04-0229 1.1 has been changed to Complete.
LOW : WaTCH status of B01-0278 1.1 has been changed to Complete.
LOW : WaTCH status of A02-0922 1.1 has been changed to Complete.
LOW : WaTCH status of R02-0208 1.1 has been changed to Complete.
LOW : WaTCH status of M04-0135 1.1 has been changed to Complete.
LOW : WaTCH status of M04-0150 1.1 has been changed to Complete.
LOW : WaTCH status of A02-0925 1.1 has been changed to Complete.
LOW : WaTCH status of J01-0192 1.1 has been changed to Complete.
LOW : WaTCH status of M03-0169 1.1 has been changed to Complete.
LOW : WaTCH status of R01-0213 1.1 has been changed to Complete.
LOW : WaTCH status of C01-0322 1.1 has been changed to Complete.
LOW : WaTCH status of M04-0136 1.1 has been changed to Complete.
LOW : WaTCH status of A02-0926 1.1 has been changed to Complete.
LOW : WaTCH status of C01-0325 1.1 has been changed to Complete.
LOW : WaTCH status of R02-0164 1.1 has been changed to Complete.
LOW : WaTCH status of L01-0283 1.1 has been changed to Complete.
LOW : WaTCH status of R02-0220 1.1 has been changed to Complete.
LOW : WaTCH status of D01-0213 1.1 has been changed to Complete.
LOW : WaTCH status of M03-0160 1.1 has been changed to Complete.
LOW : WaTCH status of O01-0179 1.1 has been changed to Complete.
LOW : WaTCH status of O01-0178 1.1 has been changed to Complete.
LOW : WaTCH status of A02-0923 1.1 has been changed to Complete.
LOW : WaTCH status of R01-0209 1.1 has been changed to Complete.
LOW : WaTCH status of A01-0434 1.1 has been changed to Complete.
LOW : WaTCH status of R01-0204 1.1 has been changed to Complete.
LOW : WaTCH status of R02-0213 1.1 has been changed to Complete.
LOW : WaTCH status of C01-0323 1.1 has been changed to Complete.
LOW : WaTCH status of M04-0129 1.1 has been changed to Complete.
LOW : WaTCH status of D01-0212 1.1 has been changed to Complete.
LOW : WaTCH status of B01-0283 1.1 has been changed to Complete.
LOW : WaTCH status of L01-0282 1.1 has been changed to Complete.
LOW : WaTCH status of B01-0347 1.1 has been changed to Complete.
#
# WaTCHdb update complete.
# 2022-12-16.15-55-00.
