# WaTCHdb update log.
# Command: 2_updateWaTCH.pl.
# Data output written to updates/watchdb/watchdb.2023-10-17.12-39-39.txt and updates/watchdb.LATEST.txt.
# Fatal errors and system warnings are NOT logged here; see STDERR for those.
#
# Run started 2023-10-17.12-39-39.
#
4 molecular targets added.
INFO: Finished WaTCHdb import. 10388 total assets present.
INFO: Finished AssetTiger import. 41 new assets added. 10429 total assets present.
INFO: Sample A01-0689 1.1 has a new calculated value of 121689.050495625.
INFO: Sample A01-0689 1.1 has a new calculated value of 18102.9726192355.
INFO: Sample A01-0689 1.1 has a new calculated value of 113911.786526442.
INFO: Sample C01-0507 1.1 has a new calculated value of 90818.8788592814.
INFO: Sample C01-0507 1.1 has a new calculated value of 5184.69524569811.
INFO: Sample C01-0507 1.1 has a new calculated value of 70044.0486520528.
INFO: Sample C01-0508 1.1 has a new calculated value of 30532.6228961348.
INFO: Sample C01-0508 1.1 has a new calculated value of 2347.92471863329.
INFO: Sample C01-0508 1.1 has a new calculated value of 42281.4828157423.
INFO: Sample C01-0509 1.1 has a new calculated value of 83681.2980473042.
INFO: Sample C01-0509 1.1 has a new calculated value of 8091.36383235456.
INFO: Sample C01-0509 1.1 has a new calculated value of 70173.734128475.
INFO: Sample N02-0444 1.1 has a new calculated value of 32399.8610302806.
INFO: Sample N02-0444 1.1 has a new calculated value of 11568.6902403831.
INFO: Sample N02-0444 1.1 has a new calculated value of 32399.8610302806.
INFO: Sample J01-0378 1.1 has a new calculated value of 199411.730468273.
INFO: Sample J01-0378 1.1 has a new calculated value of 5102.05191560088.
INFO: Sample J01-0378 1.1 has a new calculated value of 227605.421841145.
INFO: Sample M03-0332 1.1 has a new calculated value of 0.
INFO: Sample M03-0332 1.1 has a new calculated value of 10364.5936958492.
INFO: Sample M03-0332 1.1 has a new calculated value of 2590.92360734939.
INFO: Sample A04-0514 1.1 has a new calculated value of 106417.556852102.
INFO: Sample A04-0514 1.1 has a new calculated value of 21808.6490035057.
INFO: Sample A04-0514 1.1 has a new calculated value of 87298.3494400979.
INFO: Sample C01-0506 1.1 has a new calculated value of 80969.0934419632.
INFO: Sample C01-0506 1.1 has a new calculated value of 2528.07077486068.
INFO: Sample C01-0506 1.1 has a new calculated value of 63244.5962727069.
INFO: Sample O01-0442 1.1 has a new calculated value of 118051.682263613.
INFO: Sample O01-0442 1.1 has a new calculated value of 5359.24424417316.
INFO: Sample O01-0442 1.1 has a new calculated value of 99249.9169707298.
INFO: Sample C01-0501 1.1 has a new calculated value of 41797.7093160154.
INFO: Sample C01-0501 1.1 has a new calculated value of 0.
INFO: Sample C01-0501 1.1 has a new calculated value of 50161.9277894496.
INFO: Sample C01-0510 1.1 has a new calculated value of 44309.1534823178.
INFO: Sample C01-0510 1.1 has a new calculated value of 17226.1315584183.
INFO: Sample C01-0510 1.1 has a new calculated value of 44309.1534823178.
INFO: Sample A01-0691 1.1 has a new calculated value of 171800.789237022.
INFO: Sample A01-0691 1.1 has a new calculated value of 23388.6336162686.
INFO: Sample A01-0691 1.1 has a new calculated value of 153548.249602318.
INFO: Sample B01-0547 1.1 has a new calculated value of 98600.5085706709.
INFO: Sample B01-0547 1.1 has a new calculated value of 2591.97257459164.
INFO: Sample B01-0547 1.1 has a new calculated value of 98600.5085706709.
INFO: Sample Q01-0474 1.1 has a new calculated value of 425398.803949355.
INFO: Sample Q01-0474 1.1 has a new calculated value of 7116.2967570126.
INFO: Sample Q01-0474 1.1 has a new calculated value of 357206.522226334.
INFO: Sample R01-0450 1.1 has a new calculated value of 205656.185746193.
INFO: Sample R01-0450 1.1 has a new calculated value of 2699.8837525025.
INFO: Sample R01-0450 1.1 has a new calculated value of 173121.33282423.
INFO: Sample L01-0529 1.1 has a new calculated value of 2845382.98130035.
INFO: Sample L01-0529 1.1 has a new calculated value of 10574.3191950023.
INFO: Sample L01-0529 1.1 has a new calculated value of 2511460.57605743.
INFO: Sample A01-0690 1.1 has a new calculated value of 535918.706059458.
INFO: Sample A01-0690 1.1 has a new calculated value of 18453.2130137086.
INFO: Sample A01-0690 1.1 has a new calculated value of 458965.381979941.
INFO: Sample A01-0692 1.1 has a new calculated value of 10338.289886713.
INFO: Sample A01-0692 1.1 has a new calculated value of 31022.0298171043.
INFO: Sample A01-0692 1.1 has a new calculated value of 62065.5485987664.
INFO: Sample R02-0423 1.1 has a new calculated value of 93875.9770989417.
INFO: Sample R02-0423 1.1 has a new calculated value of 12024.3964344263.
INFO: Sample R02-0423 1.1 has a new calculated value of 69786.4571213722.
INFO: Sample K01-0342 1.1 has a new calculated value of 139793.239831924.
INFO: Sample K01-0342 1.1 has a new calculated value of 2537.80663479119.
INFO: Sample K01-0342 1.1 has a new calculated value of 132156.894207001.
INFO: Sample B01-0530 1.1 has a new calculated value of 219035.266041756.
INFO: Sample B01-0530 1.1 has a new calculated value of 0.
INFO: Sample B01-0530 1.1 has a new calculated value of 216357.656121254.
LOW : WaTCH status of A01-0690 1.1 has been changed to Complete.
LOW : WaTCH status of C01-0506 1.1 has been changed to Complete.
LOW : WaTCH status of K01-0342 1.1 has been changed to Complete.
LOW : WaTCH status of R01-0450 1.1 has been changed to Complete.
LOW : WaTCH status of A01-0691 1.1 has been changed to Complete.
LOW : WaTCH status of N02-0444 1.1 has been changed to Complete.
LOW : WaTCH status of J01-0378 1.1 has been changed to Complete.
LOW : WaTCH status of B01-0530 1.1 has been changed to Complete.
LOW : WaTCH status of C01-0507 1.1 has been changed to Complete.
LOW : WaTCH status of R02-0423 1.1 has been changed to Complete.
LOW : WaTCH status of L01-0529 1.1 has been changed to Complete.
LOW : WaTCH status of M03-0332 1.1 has been changed to Complete.
LOW : WaTCH status of O01-0442 1.1 has been changed to Complete.
LOW : WaTCH status of B01-0547 1.1 has been changed to Complete.
LOW : WaTCH status of C01-0501 1.1 has been changed to Complete.
LOW : WaTCH status of C01-0509 1.1 has been changed to Complete.
LOW : WaTCH status of Q01-0474 1.1 has been changed to Complete.
LOW : WaTCH status of A01-0689 1.1 has been changed to Complete.
LOW : WaTCH status of C01-0508 1.1 has been changed to Complete.
LOW : WaTCH status of C01-0510 1.1 has been changed to Complete.
LOW : WaTCH status of A04-0514 1.1 has been changed to Complete.
#
# WaTCHdb update complete.
# 2023-10-17.12-39-40.
