# WaTCHdb update log.
# Command: 2_updateWaTCH.pl.
# Data output written to updates/watchdb/watchdb.2022-07-29.20-13-42.txt and updates/watchdb.LATEST.txt.
# Fatal errors and system warnings are NOT logged here; see STDERR for those.
#
# Run started 2022-07-29.20-13-42.
#
4 molecular targets added.
INFO: Finished WaTCHdb import. 4085 total assets present.
INFO: Finished AssetTiger import. 0 new assets added. 4085 total assets present.
INFO: Sample O01-0103 1.1 has a new calculated value of 7413.85627537968.
INFO: Sample O01-0103 1.1 has a new calculated value of 0.
INFO: Sample O01-0103 1.1 has a new calculated value of 0.
INFO: Sample C01-0192 1.1 has a new calculated value of 35339.750982821.
INFO: Sample C01-0192 1.1 has a new calculated value of 63633.0241709946.
INFO: Sample C01-0192 1.1 has a new calculated value of 0.
INFO: Sample J01-0094 1.1 has a new calculated value of 574362.276792525.
INFO: Sample J01-0094 1.1 has a new calculated value of 584291.57137871.
INFO: Sample J01-0094 1.1 has a new calculated value of 9794.1848449409.
INFO: Sample C01-0195 1.1 has a new calculated value of 68469.3067520855.
INFO: Sample C01-0195 1.1 has a new calculated value of 74894.0442502498.
INFO: Sample C01-0195 1.1 has a new calculated value of 0.
INFO: Sample E02-0163 1.1 has a new calculated value of 22819.989323616.
INFO: Sample E02-0163 1.1 has a new calculated value of 17113.8283610344.
INFO: Sample E02-0163 1.1 has a new calculated value of 0.
INFO: Sample O01-0102 1.1 has a new calculated value of 13713.8346210122.
INFO: Sample O01-0102 1.1 has a new calculated value of 15999.9100863934.
INFO: Sample O01-0102 1.1 has a new calculated value of 0.
INFO: Sample R02-0124 1.1 has a new calculated value of 52798.6110001802.
INFO: Sample R02-0124 1.1 has a new calculated value of 50501.640290022.
INFO: Sample R02-0124 1.1 has a new calculated value of 0.
INFO: Sample M03-0123 1.1 has a new calculated value of 43317.1659708022.
INFO: Sample M03-0123 1.1 has a new calculated value of 48132.9533457756.
INFO: Sample M03-0123 1.1 has a new calculated value of 2405.33523727208.
INFO: Sample B01-0250 1.1 has a new calculated value of 282832.128703594.
INFO: Sample B01-0250 1.1 has a new calculated value of 357021.666169165.
INFO: Sample B01-0250 1.1 has a new calculated value of 2103.63466059789.
INFO: Sample E02-0165 1.1 has a new calculated value of 147660.901844501.
INFO: Sample E02-0165 1.1 has a new calculated value of 210792.506933212.
INFO: Sample E02-0165 1.1 has a new calculated value of 0.
INFO: Sample M04-0090 1.1 has a new calculated value of 2268.01395881921.
INFO: Sample M04-0090 1.1 has a new calculated value of 2268.01395881921.
INFO: Sample M04-0090 1.1 has a new calculated value of 0.
INFO: Sample M04-0083 1.1 has a new calculated value of 7477.78966091575.
INFO: Sample M04-0083 1.1 has a new calculated value of 2492.44835693389.
INFO: Sample M04-0083 1.1 has a new calculated value of 0.
INFO: Sample M04-0096 1.1 has a new calculated value of 10624.8288787902.
INFO: Sample M04-0096 1.1 has a new calculated value of 6374.57446195184.
INFO: Sample M04-0096 1.1 has a new calculated value of 0.
INFO: Sample C01-0193 1.1 has a new calculated value of 43607.2584986688.
INFO: Sample C01-0193 1.1 has a new calculated value of 68546.0809618233.
INFO: Sample C01-0193 1.1 has a new calculated value of 0.
INFO: Sample M03-0097 1.1 has a new calculated value of 99896.6838419438.
INFO: Sample M03-0097 1.1 has a new calculated value of 105026.023238897.
INFO: Sample M03-0097 1.1 has a new calculated value of 0.
INFO: Sample R01-0064 1.1 has a new calculated value of 0.
INFO: Sample R01-0064 1.1 has a new calculated value of 7278.66478264333.
INFO: Sample R01-0064 1.1 has a new calculated value of 12131.8104676902.
INFO: Sample R02-0108 1.1 has a new calculated value of 140911.073684692.
INFO: Sample R02-0108 1.1 has a new calculated value of 136283.514350653.
INFO: Sample R02-0108 1.1 has a new calculated value of 2306.20225891471.
INFO: Sample M03-0098 1.1 has a new calculated value of 35405.4303467274.
INFO: Sample M03-0098 1.1 has a new calculated value of 51938.2072985172.
INFO: Sample M03-0098 1.1 has a new calculated value of 0.
INFO: Sample O01-0112 1.1 has a new calculated value of 4741.14985205234.
INFO: Sample O01-0112 1.1 has a new calculated value of 4741.14985205234.
INFO: Sample O01-0112 1.1 has a new calculated value of 0.
INFO: Sample E02-0162 1.1 has a new calculated value of 13655.0053954124.
INFO: Sample E02-0162 1.1 has a new calculated value of 13655.0053954124.
INFO: Sample E02-0162 1.1 has a new calculated value of 0.
INFO: Sample J01-0096 1.1 has a new calculated value of 41121.9833046197.
INFO: Sample J01-0096 1.1 has a new calculated value of 31442.5913617015.
INFO: Sample J01-0096 1.1 has a new calculated value of 2417.82357450575.
INFO: Sample J01-0097 1.1 has a new calculated value of 4777.90298871697.
INFO: Sample J01-0097 1.1 has a new calculated value of 11945.7780383527.
INFO: Sample J01-0097 1.1 has a new calculated value of 0.
INFO: Sample M03-0115 1.1 has a new calculated value of 432015.536427496.
INFO: Sample M03-0115 1.1 has a new calculated value of 429351.516366005.
INFO: Sample M03-0115 1.1 has a new calculated value of 0.
INFO: Sample M04-0081 1.1 has a new calculated value of 0.
INFO: Sample M04-0081 1.1 has a new calculated value of 0.
INFO: Sample M04-0081 1.1 has a new calculated value of 0.
INFO: Sample C01-0191 1.1 has a new calculated value of 2207.33444206416.
INFO: Sample C01-0191 1.1 has a new calculated value of 0.
INFO: Sample C01-0191 1.1 has a new calculated value of 0.
INFO: Sample R01-0090 1.1 has a new calculated value of 30028.1312316656.
INFO: Sample R01-0090 1.1 has a new calculated value of 20016.3653120399.
INFO: Sample R01-0090 1.1 has a new calculated value of 2501.52277294546.
INFO: Sample J01-0095 1.1 has a new calculated value of 82533.9572131633.
INFO: Sample J01-0095 1.1 has a new calculated value of 110942.589193583.
INFO: Sample J01-0095 1.1 has a new calculated value of 5153.61375175417.
INFO: Sample A01-0312 1.1 has a new calculated value of 144274.716675282.
INFO: Sample A01-0312 1.1 has a new calculated value of 166706.749498844.
INFO: Sample A01-0312 1.1 has a new calculated value of 0.
INFO: Sample C01-0194 1.1 has a new calculated value of 35964.4449502228.
INFO: Sample C01-0194 1.1 has a new calculated value of 38363.1739765404.
INFO: Sample C01-0194 1.1 has a new calculated value of 2396.66984416544.
INFO: Sample J01-0093 1.1 has a new calculated value of 55463.3063077928.
INFO: Sample J01-0093 1.1 has a new calculated value of 48526.3755172492.
INFO: Sample J01-0093 1.1 has a new calculated value of 0.
INFO: Sample R01-0085 1.1 has a new calculated value of 12072.4036730826.
INFO: Sample R01-0085 1.1 has a new calculated value of 4828.54432426393.
INFO: Sample R01-0085 1.1 has a new calculated value of 7243.02537739278.
INFO: Sample O01-0122 1.1 has a new calculated value of 11619.2413307726.
INFO: Sample O01-0122 1.1 has a new calculated value of 2323.59037734568.
INFO: Sample O01-0122 1.1 has a new calculated value of 0.
INFO: Sample R02-0104 1.1 has a new calculated value of 28529.1973873973.
INFO: Sample R02-0104 1.1 has a new calculated value of 33285.9495654702.
INFO: Sample R02-0104 1.1 has a new calculated value of 2376.69142428786.
INFO: Sample E02-0164 1.1 has a new calculated value of 4172.4007157609.
INFO: Sample E02-0164 1.1 has a new calculated value of 10431.7806847394.
INFO: Sample E02-0164 1.1 has a new calculated value of 0.
INFO: Sample A04-0120 1.1 has a new calculated value of 426421.406865122.
INFO: Sample A04-0120 1.1 has a new calculated value of 522033.233642578.
INFO: Sample A04-0120 1.1 has a new calculated value of 0.
INFO: Sample R02-0109 1.1 has a new calculated value of 76376.8167793751.
INFO: Sample R02-0109 1.1 has a new calculated value of 123120.147585869.
INFO: Sample R02-0109 1.1 has a new calculated value of 4239.50701486318.
INFO: Sample B01-0229 1.1 has a new calculated value of 55982.8423708677.
INFO: Sample B01-0229 1.1 has a new calculated value of 64602.2274345158.
INFO: Sample B01-0229 1.1 has a new calculated value of 0.
INFO: Sample R01-0082 1.1 has a new calculated value of 6964.97951634229.
INFO: Sample R01-0082 1.1 has a new calculated value of 4643.19085702301.
INFO: Sample R01-0082 1.1 has a new calculated value of 6964.97951634229.
INFO: Sample M04-0086 1.1 has a new calculated value of 17443.2476051152.
INFO: Sample M04-0086 1.1 has a new calculated value of 4360.13161204754.
INFO: Sample M04-0086 1.1 has a new calculated value of 0.
INFO: Sample M03-0091 1.1 has a new calculated value of 280414.883494377.
INFO: Sample M03-0091 1.1 has a new calculated value of 338754.279613495.
INFO: Sample M03-0091 1.1 has a new calculated value of 2517.9035961628.
INFO: Sample M04-0080 1.1 has a new calculated value of 0.
INFO: Sample M04-0080 1.1 has a new calculated value of 0.
INFO: Sample M04-0080 1.1 has a new calculated value of 0.
INFO: Sample R01-0099 1.1 has a new calculated value of 18060.5510249734.
INFO: Sample R01-0099 1.1 has a new calculated value of 18060.5510249734.
INFO: Sample R01-0099 1.1 has a new calculated value of 6771.79436199367.
INFO: Sample M04-0079 1.1 has a new calculated value of 7459.15775187314.
INFO: Sample M04-0079 1.1 has a new calculated value of 4972.62443415819.
INFO: Sample M04-0079 1.1 has a new calculated value of 0.
INFO: Sample A01-0313 1.1 has a new calculated value of 72335.3795707225.
INFO: Sample A01-0313 1.1 has a new calculated value of 103060.870170593.
INFO: Sample A01-0313 1.1 has a new calculated value of 2190.14791538939.
INFO: Sample M03-0120 1.1 has a new calculated value of 383906.688094138.
INFO: Sample M03-0120 1.1 has a new calculated value of 374886.113405227.
INFO: Sample M03-0120 1.1 has a new calculated value of 0.
INFO: Sample O01-0111 1.1 has a new calculated value of 14854.4272407889.
INFO: Sample O01-0111 1.1 has a new calculated value of 10609.7674928606.
INFO: Sample O01-0111 1.1 has a new calculated value of 0.
INFO: Sample R02-0114 1.1 has a new calculated value of 87039.3097400666.
INFO: Sample R02-0114 1.1 has a new calculated value of 84684.5184266567.
INFO: Sample R02-0114 1.1 has a new calculated value of 2350.0385787338.
INFO: Sample E02-0161 1.1 has a new calculated value of 8545.13771831991.
INFO: Sample E02-0161 1.1 has a new calculated value of 23503.3235326409.
INFO: Sample E02-0161 1.1 has a new calculated value of 0.
LOW : WaTCH status of M04-0083 1.1 has been changed to Complete.
LOW : WaTCH status of O01-0103 1.1 has been changed to Complete.
LOW : WaTCH status of O01-0112 1.1 has been changed to Complete.
LOW : WaTCH status of C01-0195 1.1 has been changed to Complete.
LOW : WaTCH status of B01-0250 1.1 has been changed to Complete.
LOW : WaTCH status of R01-0064 1.1 has been changed to Complete.
LOW : WaTCH status of O01-0122 1.1 has been changed to Complete.
LOW : WaTCH status of E02-0163 1.1 has been changed to Complete.
LOW : WaTCH status of C01-0191 1.1 has been changed to Complete.
LOW : WaTCH status of M04-0080 1.1 has been changed to Complete.
LOW : WaTCH status of M03-0091 1.1 has been changed to Complete.
LOW : WaTCH status of R02-0104 1.1 has been changed to Complete.
LOW : WaTCH status of M04-0096 1.1 has been changed to Complete.
LOW : WaTCH status of M04-0086 1.1 has been changed to Complete.
LOW : WaTCH status of J01-0095 1.1 has been changed to Complete.
LOW : WaTCH status of M04-0090 1.1 has been changed to Complete.
LOW : WaTCH status of A01-0313 1.1 has been changed to Complete.
LOW : WaTCH status of J01-0096 1.1 has been changed to Complete.
LOW : WaTCH status of R01-0099 1.1 has been changed to Complete.
LOW : WaTCH status of C01-0193 1.1 has been changed to Complete.
LOW : WaTCH status of E02-0161 1.1 has been changed to Complete.
LOW : WaTCH status of R02-0108 1.1 has been changed to Complete.
LOW : WaTCH status of M04-0081 1.1 has been changed to Complete.
LOW : WaTCH status of E02-0165 1.1 has been changed to Complete.
LOW : WaTCH status of J01-0093 1.1 has been changed to Complete.
LOW : WaTCH status of B01-0229 1.1 has been changed to Complete.
LOW : WaTCH status of R02-0109 1.1 has been changed to Complete.
LOW : WaTCH status of R01-0082 1.1 has been changed to Complete.
LOW : WaTCH status of J01-0097 1.1 has been changed to Complete.
LOW : WaTCH status of J01-0094 1.1 has been changed to Complete.
LOW : WaTCH status of O01-0102 1.1 has been changed to Complete.
LOW : WaTCH status of R02-0124 1.1 has been changed to Complete.
LOW : WaTCH status of M04-0079 1.1 has been changed to Complete.
LOW : WaTCH status of E02-0162 1.1 has been changed to Complete.
LOW : WaTCH status of R02-0114 1.1 has been changed to Complete.
LOW : WaTCH status of M03-0097 1.1 has been changed to Complete.
LOW : WaTCH status of M03-0115 1.1 has been changed to Complete.
LOW : WaTCH status of C01-0194 1.1 has been changed to Complete.
LOW : WaTCH status of R01-0085 1.1 has been changed to Complete.
LOW : WaTCH status of A01-0312 1.1 has been changed to Complete.
LOW : WaTCH status of C01-0192 1.1 has been changed to Complete.
LOW : WaTCH status of R01-0090 1.1 has been changed to Complete.
LOW : WaTCH status of A04-0120 1.1 has been changed to Complete.
LOW : WaTCH status of O01-0111 1.1 has been changed to Complete.
LOW : WaTCH status of M03-0123 1.1 has been changed to Complete.
LOW : WaTCH status of M03-0098 1.1 has been changed to Complete.
LOW : WaTCH status of M03-0120 1.1 has been changed to Complete.
LOW : WaTCH status of E02-0164 1.1 has been changed to Complete.
#
# WaTCHdb update complete.
# 2022-07-29.20-13-43.
