# WaTCHdb update log.
# Command: 2_updateWaTCH.pl.
# Data output written to updates/watchdb/watchdb.2023-02-25.17-50-02.txt and updates/watchdb.LATEST.txt.
# Fatal errors and system warnings are NOT logged here; see STDERR for those.
#
# Run started 2023-02-25.17-50-02.
#
4 molecular targets added.
INFO: Finished WaTCHdb import. 7197 total assets present.
INFO: Finished AssetTiger import. 60 new assets added. 7257 total assets present.
INFO: Sample D01-0246 1.1 has a new calculated value of 8165.3282325715.
INFO: Sample D01-0246 1.1 has a new calculated value of 245609.385967255.
INFO: Sample D01-0246 1.1 has a new calculated value of 57188.564389944.
INFO: Sample C01-0358 1.1 has a new calculated value of 2260.17298176885.
INFO: Sample C01-0358 1.1 has a new calculated value of 153952.038288116.
INFO: Sample C01-0358 1.1 has a new calculated value of 174367.726743221.
INFO: Sample O01-0272 1.1 has a new calculated value of 2340.93363862485.
INFO: Sample O01-0272 1.1 has a new calculated value of 4681.98937363924.
INFO: Sample O01-0272 1.1 has a new calculated value of 4681.98937363924.
INFO: Sample C01-0356 1.1 has a new calculated value of 8891.13499782981.
INFO: Sample C01-0356 1.1 has a new calculated value of 135781.870186329.
INFO: Sample C01-0356 1.1 has a new calculated value of 131323.470622301.
INFO: Sample L01-0341 1.1 has a new calculated value of 4921.07640020549.
INFO: Sample L01-0341 1.1 has a new calculated value of 17226.1315584183.
INFO: Sample L01-0341 1.1 has a new calculated value of 24610.7866242528.
INFO: Sample R02-0242 1.1 has a new calculated value of 7336.69666573406.
INFO: Sample R02-0242 1.1 has a new calculated value of 95470.8744585515.
INFO: Sample R02-0242 1.1 has a new calculated value of 105274.27598834.
INFO: Sample A01-0491 1.1 has a new calculated value of 17218.566890806.
INFO: Sample A01-0491 1.1 has a new calculated value of 239191.541075706.
INFO: Sample A01-0491 1.1 has a new calculated value of 256502.286493778.
INFO: Sample M04-0194 1.1 has a new calculated value of 2504.19509131461.
INFO: Sample M04-0194 1.1 has a new calculated value of 5008.53032805026.
INFO: Sample M04-0194 1.1 has a new calculated value of 2504.19509131461.
INFO: Sample D01-0241 1.1 has a new calculated value of 30382.6163336635.
INFO: Sample D01-0241 1.1 has a new calculated value of 185655.208826065.
INFO: Sample D01-0241 1.1 has a new calculated value of 21265.668310225.
INFO: Sample A01-0494 1.1 has a new calculated value of 28932.9308643937.
INFO: Sample A01-0494 1.1 has a new calculated value of 179686.033129692.
INFO: Sample A01-0494 1.1 has a new calculated value of 156460.216641426.
INFO: Sample R02-0247 1.1 has a new calculated value of 16903.5528972745.
INFO: Sample R02-0247 1.1 has a new calculated value of 450112.743973731.
INFO: Sample R02-0247 1.1 has a new calculated value of 484267.728924753.
INFO: Sample R01-0186 1.1 has a new calculated value of 6603.49510610102.
INFO: Sample R01-0186 1.1 has a new calculated value of 9905.60788661243.
INFO: Sample R01-0186 1.1 has a new calculated value of 0.
INFO: Sample M04-0186 1.1 has a new calculated value of 0.
INFO: Sample M04-0186 1.1 has a new calculated value of 22704.2228356004.
INFO: Sample M04-0186 1.1 has a new calculated value of 13621.15284428.
INFO: Sample A02-1068 1.1 has a new calculated value of 26108.9815199375.
INFO: Sample A02-1068 1.1 has a new calculated value of 7119.1235538572.
INFO: Sample A02-1068 1.1 has a new calculated value of 4745.95620296896.
INFO: Sample R02-0234 1.1 has a new calculated value of 2564.23678714782.
INFO: Sample R02-0234 1.1 has a new calculated value of 404392.856955527.
INFO: Sample R02-0234 1.1 has a new calculated value of 388871.097564696.
INFO: Sample L01-0332 1.1 has a new calculated value of 2163.07397000492.
INFO: Sample L01-0332 1.1 has a new calculated value of 38951.3133466243.
INFO: Sample L01-0332 1.1 has a new calculated value of 36786.4657938479.
INFO: Sample A02-1066 1.1 has a new calculated value of 205821.693241596.
INFO: Sample A02-1066 1.1 has a new calculated value of 5008.81008803844.
INFO: Sample A02-1066 1.1 has a new calculated value of 7513.42481933533.
INFO: Sample J01-0230 1.1 has a new calculated value of 2313.61855287105.
INFO: Sample J01-0230 1.1 has a new calculated value of 2313.61855287105.
INFO: Sample J01-0230 1.1 has a new calculated value of 2313.61855287105.
INFO: Sample L01-0339 1.1 has a new calculated value of 2397.545222193.
INFO: Sample L01-0339 1.1 has a new calculated value of 496622.881293296.
INFO: Sample L01-0339 1.1 has a new calculated value of 525722.744464876.
INFO: Sample K01-0206 1.1 has a new calculated value of 2380.85809629411.
INFO: Sample K01-0206 1.1 has a new calculated value of 135911.203175783.
INFO: Sample K01-0206 1.1 has a new calculated value of 140687.512010336.
INFO: Sample J01-0229 1.1 has a new calculated value of 12270.0140252709.
INFO: Sample J01-0229 1.1 has a new calculated value of 120391.261428594.
INFO: Sample J01-0229 1.1 has a new calculated value of 120391.261428594.
INFO: Sample M04-0176 1.1 has a new calculated value of 0.
INFO: Sample M04-0176 1.1 has a new calculated value of 13058.0527894199.
INFO: Sample M04-0176 1.1 has a new calculated value of 15670.120306313.
INFO: Sample L01-0338 1.1 has a new calculated value of 0.
INFO: Sample L01-0338 1.1 has a new calculated value of 20265.9175917506.
INFO: Sample L01-0338 1.1 has a new calculated value of 24770.6989198923.
INFO: Sample M04-0177 1.1 has a new calculated value of 4586.85929886998.
INFO: Sample M04-0177 1.1 has a new calculated value of 4586.85929886998.
INFO: Sample M04-0177 1.1 has a new calculated value of 6880.46492636203.
INFO: Sample J01-0231 1.1 has a new calculated value of 0.
INFO: Sample J01-0231 1.1 has a new calculated value of 17831.8018466234.
INFO: Sample J01-0231 1.1 has a new calculated value of 26750.3655329347.
INFO: Sample A01-0493 1.1 has a new calculated value of 25636.4323943853.
INFO: Sample A01-0493 1.1 has a new calculated value of 123656.123131514.
INFO: Sample A01-0493 1.1 has a new calculated value of 137676.466405392.
INFO: Sample L01-0336 1.1 has a new calculated value of 7200.72641037406.
INFO: Sample L01-0336 1.1 has a new calculated value of 194826.919734478.
INFO: Sample L01-0336 1.1 has a new calculated value of 197237.471938133.
INFO: Sample R01-0154 1.1 has a new calculated value of 0.
INFO: Sample R01-0154 1.1 has a new calculated value of 2941.82305689901.
INFO: Sample R01-0154 1.1 has a new calculated value of 2941.82305689901.
INFO: Sample A01-0495 1.1 has a new calculated value of 73935.5769753457.
INFO: Sample A01-0495 1.1 has a new calculated value of 168444.620668888.
INFO: Sample A01-0495 1.1 has a new calculated value of 171001.688539982.
INFO: Sample L01-0345 1.1 has a new calculated value of 2401.39975212514.
INFO: Sample L01-0345 1.1 has a new calculated value of 16812.5019036233.
INFO: Sample L01-0345 1.1 has a new calculated value of 28825.2949342132.
INFO: Sample J01-0228 1.1 has a new calculated value of 0.
INFO: Sample J01-0228 1.1 has a new calculated value of 10456.4972408116.
INFO: Sample J01-0228 1.1 has a new calculated value of 13071.0035003722.
INFO: Sample R02-0239 1.1 has a new calculated value of 0.
INFO: Sample R02-0239 1.1 has a new calculated value of 19064.5910426974.
INFO: Sample R02-0239 1.1 has a new calculated value of 10893.0587209761.
INFO: Sample K01-0214 1.1 has a new calculated value of 7250.82733668388.
INFO: Sample K01-0214 1.1 has a new calculated value of 288519.705533981.
INFO: Sample K01-0214 1.1 has a new calculated value of 312849.901914597.
INFO: Sample L01-0343 1.1 has a new calculated value of 14697.0545500517.
INFO: Sample L01-0343 1.1 has a new calculated value of 551985.860466956.
INFO: Sample L01-0343 1.1 has a new calculated value of 539590.244293212.
INFO: Sample R01-0185 1.1 has a new calculated value of 15854.9317717552.
INFO: Sample R01-0185 1.1 has a new calculated value of 5284.35403481125.
INFO: Sample R01-0185 1.1 has a new calculated value of 0.
INFO: Sample K01-0202 1.1 has a new calculated value of 4925.94486102462.
INFO: Sample K01-0202 1.1 has a new calculated value of 254392.953515053.
INFO: Sample K01-0202 1.1 has a new calculated value of 291561.251878738.
INFO: Sample O01-0260 1.1 has a new calculated value of 39542.8926497699.
INFO: Sample O01-0260 1.1 has a new calculated value of 304057.67083168.
INFO: Sample O01-0260 1.1 has a new calculated value of 256329.644322395.
INFO: Sample C01-0360 1.1 has a new calculated value of 18076.890707016.
INFO: Sample C01-0360 1.1 has a new calculated value of 67179.5229613779.
INFO: Sample C01-0360 1.1 has a new calculated value of 67179.5229613779.
INFO: Sample R01-0180 1.1 has a new calculated value of 23368.1362867355.
INFO: Sample R01-0180 1.1 has a new calculated value of 17524.958755821.
INFO: Sample R01-0180 1.1 has a new calculated value of 0.
INFO: Sample C01-0359 1.1 has a new calculated value of 15362.5011071563.
INFO: Sample C01-0359 1.1 has a new calculated value of 211146.301925182.
INFO: Sample C01-0359 1.1 has a new calculated value of 230992.371439934.
INFO: Sample O01-0259 1.1 has a new calculated value of 96728.4969985485.
INFO: Sample O01-0259 1.1 has a new calculated value of 840283.745527268.
INFO: Sample O01-0259 1.1 has a new calculated value of 570979.62498665.
INFO: Sample A01-0492 1.1 has a new calculated value of 20636.1138448119.
INFO: Sample A01-0492 1.1 has a new calculated value of 165355.611741543.
INFO: Sample A01-0492 1.1 has a new calculated value of 183478.453159332.
INFO: Sample O01-0276 1.1 has a new calculated value of 60075.1608610155.
INFO: Sample O01-0276 1.1 has a new calculated value of 5851205.66368103.
INFO: Sample O01-0276 1.1 has a new calculated value of 6441956.8347931.
INFO: Sample O01-0257 1.1 has a new calculated value of 0.
INFO: Sample O01-0257 1.1 has a new calculated value of 26554.8584237695.
INFO: Sample O01-0257 1.1 has a new calculated value of 19311.0622465611.
INFO: Sample K01-0203 1.1 has a new calculated value of 12448.6261792481.
INFO: Sample K01-0203 1.1 has a new calculated value of 302231.839299202.
INFO: Sample K01-0203 1.1 has a new calculated value of 292208.061218262.
INFO: Sample C01-0357 1.1 has a new calculated value of 26455.0939947367.
INFO: Sample C01-0357 1.1 has a new calculated value of 89047.4662184715.
INFO: Sample C01-0357 1.1 has a new calculated value of 105914.213955402.
INFO: Sample R02-0235 1.1 has a new calculated value of 5728.15052233637.
INFO: Sample R02-0235 1.1 has a new calculated value of 166414.36368227.
INFO: Sample R02-0235 1.1 has a new calculated value of 183664.956986904.
INFO: Sample R01-0189 1.1 has a new calculated value of 5226.1145878583.
INFO: Sample R01-0189 1.1 has a new calculated value of 0.
INFO: Sample R01-0189 1.1 has a new calculated value of 2612.98111639917.
LOW : WaTCH status of C01-0356 1.1 has been changed to Complete.
LOW : WaTCH status of A01-0492 1.1 has been changed to Complete.
LOW : WaTCH status of A02-1066 1.1 has been changed to Complete.
LOW : WaTCH status of M04-0194 1.1 has been changed to Complete.
LOW : WaTCH status of A01-0493 1.1 has been changed to Complete.
LOW : WaTCH status of L01-0338 1.1 has been changed to Complete.
LOW : WaTCH status of K01-0206 1.1 has been changed to Complete.
LOW : WaTCH status of O01-0257 1.1 has been changed to Complete.
LOW : WaTCH status of R02-0235 1.1 has been changed to Complete.
LOW : WaTCH status of R02-0239 1.1 has been changed to Complete.
LOW : WaTCH status of M04-0177 1.1 has been changed to Complete.
LOW : WaTCH status of J01-0231 1.1 has been changed to Complete.
LOW : WaTCH status of L01-0343 1.1 has been changed to Complete.
LOW : WaTCH status of R01-0180 1.1 has been changed to Complete.
LOW : WaTCH status of J01-0228 1.1 has been changed to Complete.
LOW : WaTCH status of L01-0332 1.1 has been changed to Complete.
LOW : WaTCH status of A01-0494 1.1 has been changed to Complete.
LOW : WaTCH status of O01-0276 1.1 has been changed to Complete.
LOW : WaTCH status of C01-0359 1.1 has been changed to Complete.
LOW : WaTCH status of O01-0260 1.1 has been changed to Complete.
LOW : WaTCH status of M04-0186 1.1 has been changed to Complete.
LOW : WaTCH status of R01-0154 1.1 has been changed to Complete.
LOW : WaTCH status of A02-1068 1.1 has been changed to Complete.
LOW : WaTCH status of R02-0242 1.1 has been changed to Complete.
LOW : WaTCH status of D01-0241 1.1 has been changed to Complete.
LOW : WaTCH status of C01-0358 1.1 has been changed to Complete.
LOW : WaTCH status of D01-0246 1.1 has been changed to Complete.
LOW : WaTCH status of C01-0357 1.1 has been changed to Complete.
LOW : WaTCH status of M04-0176 1.1 has been changed to Complete.
LOW : WaTCH status of O01-0272 1.1 has been changed to Complete.
LOW : WaTCH status of L01-0336 1.1 has been changed to Complete.
LOW : WaTCH status of J01-0229 1.1 has been changed to Complete.
LOW : WaTCH status of J01-0230 1.1 has been changed to Complete.
LOW : WaTCH status of L01-0341 1.1 has been changed to Complete.
LOW : WaTCH status of A01-0495 1.1 has been changed to Complete.
LOW : WaTCH status of R01-0189 1.1 has been changed to Complete.
LOW : WaTCH status of R01-0185 1.1 has been changed to Complete.
LOW : WaTCH status of K01-0203 1.1 has been changed to Complete.
LOW : WaTCH status of K01-0214 1.1 has been changed to Complete.
LOW : WaTCH status of R01-0186 1.1 has been changed to Complete.
LOW : WaTCH status of L01-0345 1.1 has been changed to Complete.
LOW : WaTCH status of O01-0259 1.1 has been changed to Complete.
LOW : WaTCH status of L01-0339 1.1 has been changed to Complete.
LOW : WaTCH status of R02-0247 1.1 has been changed to Complete.
LOW : WaTCH status of A01-0491 1.1 has been changed to Complete.
LOW : WaTCH status of C01-0360 1.1 has been changed to Complete.
LOW : WaTCH status of R02-0234 1.1 has been changed to Complete.
LOW : WaTCH status of K01-0202 1.1 has been changed to Complete.
#
# WaTCHdb update complete.
# 2023-02-25.17-50-03.
