# WaTCHdb update log.
# Command: 2_updateWaTCH.pl.
# Data output written to updates/watchdb/watchdb.2023-04-13.20-20-39.txt and updates/watchdb.LATEST.txt.
# Fatal errors and system warnings are NOT logged here; see STDERR for those.
#
# Run started 2023-04-13.20-20-39.
#
4 molecular targets added.
INFO: Finished WaTCHdb import. 7954 total assets present.
INFO: Finished AssetTiger import. 100 new assets added. 8054 total assets present.
INFO: Sample A02-1193 1.1 has a new calculated value of 2601.90564673394.
INFO: Sample A02-1193 1.1 has a new calculated value of 39044.4590896369.
INFO: Sample A02-1193 1.1 has a new calculated value of 2601.90564673394.
INFO: Sample B01-0478 1.1 has a new calculated value of 36895.0317800045.
INFO: Sample B01-0478 1.1 has a new calculated value of 0.
INFO: Sample B01-0478 1.1 has a new calculated value of 32281.4912348986.
INFO: Sample A01-0534 1.1 has a new calculated value of 104947.320967912.
INFO: Sample A01-0534 1.1 has a new calculated value of 25631.1026215553.
INFO: Sample A01-0534 1.1 has a new calculated value of 100277.768969536.
INFO: Sample B01-0309 1.1 has a new calculated value of 101896.066367626.
INFO: Sample B01-0309 1.1 has a new calculated value of 2544.57979928702.
INFO: Sample B01-0309 1.1 has a new calculated value of 94245.8081245421.
INFO: Sample A02-1165 1.1 has a new calculated value of 4747.7165143937.
INFO: Sample A02-1165 1.1 has a new calculated value of 14244.6576990187.
INFO: Sample A02-1165 1.1 has a new calculated value of 14244.6576990187.
INFO: Sample A02-1191 1.1 has a new calculated value of 0.
INFO: Sample A02-1191 1.1 has a new calculated value of 5037.52662800252.
INFO: Sample A02-1191 1.1 has a new calculated value of 5037.52662800252.
INFO: Sample A01-0533 1.1 has a new calculated value of 91952.1202147006.
INFO: Sample A01-0533 1.1 has a new calculated value of 7655.4744131863.
INFO: Sample A01-0533 1.1 has a new calculated value of 102180.688977241.
INFO: Sample H01-0542 1.1 has a new calculated value of 141391.5091753.
INFO: Sample H01-0542 1.1 has a new calculated value of 2434.00904349983.
INFO: Sample H01-0542 1.1 has a new calculated value of 143833.216130734.
INFO: Sample E01-0256 1.1 has a new calculated value of 0.
INFO: Sample E01-0256 1.1 has a new calculated value of 0.
INFO: Sample E01-0256 1.1 has a new calculated value of 0.
INFO: Sample E01-0254 1.1 has a new calculated value of 243196.183741093.
INFO: Sample E01-0254 1.1 has a new calculated value of 2526.50289796293.
INFO: Sample E01-0254 1.1 has a new calculated value of 227957.687973976.
INFO: Sample A02-1177 1.1 has a new calculated value of 20977.4465113878.
INFO: Sample A02-1177 1.1 has a new calculated value of 4660.80618090927.
INFO: Sample A02-1177 1.1 has a new calculated value of 9322.09756225348.
INFO: Sample A02-1190 1.1 has a new calculated value of 4746.71054631471.
INFO: Sample A02-1190 1.1 has a new calculated value of 76007.7671706678.
INFO: Sample A02-1190 1.1 has a new calculated value of 2373.29236697406.
INFO: Sample A02-1179 1.1 has a new calculated value of 4901.42949856818.
INFO: Sample A02-1179 1.1 has a new calculated value of 4901.42949856818.
INFO: Sample A02-1179 1.1 has a new calculated value of 0.
INFO: Sample H01-0545 1.1 has a new calculated value of 45778.7013798953.
INFO: Sample H01-0545 1.1 has a new calculated value of 0.
INFO: Sample H01-0545 1.1 has a new calculated value of 36137.1932923793.
INFO: Sample H01-0541 1.1 has a new calculated value of 44436.0827654601.
INFO: Sample H01-0541 1.1 has a new calculated value of 0.
INFO: Sample H01-0541 1.1 has a new calculated value of 61728.6942154169.
INFO: Sample H01-0546 1.1 has a new calculated value of 90152.9842615127.
INFO: Sample H01-0546 1.1 has a new calculated value of 5298.09890314935.
INFO: Sample H01-0546 1.1 has a new calculated value of 98116.3698434831.
INFO: Sample A02-1192 1.1 has a new calculated value of 0.
INFO: Sample A02-1192 1.1 has a new calculated value of 41922.0140576363.
INFO: Sample A02-1192 1.1 has a new calculated value of 2205.44433686882.
INFO: Sample H01-0544 1.1 has a new calculated value of 79284.4520509244.
INFO: Sample H01-0544 1.1 has a new calculated value of 0.
INFO: Sample H01-0544 1.1 has a new calculated value of 62454.8088759183.
INFO: Sample H01-0543 1.1 has a new calculated value of 77738.4017407893.
INFO: Sample H01-0543 1.1 has a new calculated value of 4854.70108687876.
INFO: Sample H01-0543 1.1 has a new calculated value of 65582.8844010829.
INFO: Sample E01-0255 1.1 has a new calculated value of 46999.1344213484.
INFO: Sample E01-0255 1.1 has a new calculated value of 0.
INFO: Sample E01-0255 1.1 has a new calculated value of 32894.2155092954.
INFO: Sample A01-0532 1.1 has a new calculated value of 72538.6413931846.
INFO: Sample A01-0532 1.1 has a new calculated value of 7014.73857276142.
INFO: Sample A01-0532 1.1 has a new calculated value of 70196.849629283.
INFO: Sample A02-1167 1.1 has a new calculated value of 21136.8619278073.
INFO: Sample A02-1167 1.1 has a new calculated value of 4696.2189115584.
INFO: Sample A02-1167 1.1 has a new calculated value of 28184.6987083554.
INFO: Sample B01-0461 1.1 has a new calculated value of 69625.6848424674.
INFO: Sample B01-0461 1.1 has a new calculated value of 0.
INFO: Sample B01-0461 1.1 has a new calculated value of 55211.4862203597.
INFO: Sample B01-0302 1.1 has a new calculated value of 107500.481754541.
INFO: Sample B01-0302 1.1 has a new calculated value of 9337.63671666384.
INFO: Sample B01-0302 1.1 has a new calculated value of 107500.481754541.
INFO: Sample A01-0535 1.1 has a new calculated value of 137045.005112887.
INFO: Sample A01-0535 1.1 has a new calculated value of 59019.7384357454.
INFO: Sample A01-0535 1.1 has a new calculated value of 160715.880990028.
INFO: Sample B01-0460 1.1 has a new calculated value of 29850.9959131479.
INFO: Sample B01-0460 1.1 has a new calculated value of 0.
INFO: Sample B01-0460 1.1 has a new calculated value of 39805.7502508163.
INFO: Sample A02-1166 1.1 has a new calculated value of 256438.906788826.
INFO: Sample A02-1166 1.1 has a new calculated value of 10028.8296863437.
INFO: Sample A02-1166 1.1 has a new calculated value of 296798.104047775.
LOW : WaTCH status of H01-0541 1.1 has been changed to Complete.
LOW : WaTCH status of A02-1191 1.1 has been changed to Complete.
LOW : WaTCH status of E01-0256 1.1 has been changed to Complete.
LOW : WaTCH status of A02-1193 1.1 has been changed to Complete.
LOW : WaTCH status of A02-1177 1.1 has been changed to Complete.
LOW : WaTCH status of H01-0543 1.1 has been changed to Complete.
LOW : WaTCH status of A01-0534 1.1 has been changed to Complete.
LOW : WaTCH status of B01-0302 1.1 has been changed to Complete.
LOW : WaTCH status of A02-1179 1.1 has been changed to Complete.
LOW : WaTCH status of H01-0545 1.1 has been changed to Complete.
LOW : WaTCH status of H01-0542 1.1 has been changed to Complete.
LOW : WaTCH status of A02-1165 1.1 has been changed to Complete.
LOW : WaTCH status of A02-1190 1.1 has been changed to Complete.
LOW : WaTCH status of A02-1192 1.1 has been changed to Complete.
LOW : WaTCH status of E01-0254 1.1 has been changed to Complete.
LOW : WaTCH status of A01-0532 1.1 has been changed to Complete.
LOW : WaTCH status of H01-0546 1.1 has been changed to Complete.
LOW : WaTCH status of B01-0460 1.1 has been changed to Complete.
LOW : WaTCH status of A02-1167 1.1 has been changed to Complete.
LOW : WaTCH status of E01-0255 1.1 has been changed to Complete.
LOW : WaTCH status of B01-0309 1.1 has been changed to Complete.
LOW : WaTCH status of B01-0478 1.1 has been changed to Complete.
LOW : WaTCH status of A02-1166 1.1 has been changed to Complete.
LOW : WaTCH status of B01-0461 1.1 has been changed to Complete.
LOW : WaTCH status of A01-0535 1.1 has been changed to Complete.
LOW : WaTCH status of H01-0544 1.1 has been changed to Complete.
LOW : WaTCH status of A01-0533 1.1 has been changed to Complete.
#
# WaTCHdb update complete.
# 2023-04-13.20-20-40.
