# WaTCHdb update log.
# Command: 2_updateWaTCH.pl.
# Data output written to updates/watchdb/watchdb.2023-09-29.13-56-26.txt and updates/watchdb.LATEST.txt.
# Fatal errors and system warnings are NOT logged here; see STDERR for those.
#
# Run started 2023-09-29.13-56-26.
#
4 molecular targets added.
INFO: Finished WaTCHdb import. 10269 total assets present.
INFO: Finished AssetTiger import. 29 new assets added. 10298 total assets present.
INFO: Sample T01-0229 1.1 has a new calculated value of 56796.8027293681.
INFO: Sample T01-0229 1.1 has a new calculated value of 51384.4842463731.
INFO: Sample T01-0229 1.1 has a new calculated value of 5406.11917153.
INFO: Sample K01-0329 1.1 has a new calculated value of 256085.145771503.
INFO: Sample K01-0329 1.1 has a new calculated value of 239892.336130142.
INFO: Sample K01-0329 1.1 has a new calculated value of 11503.9462409914.
INFO: Sample T01-0226 1.1 has a new calculated value of 236033.903360367.
INFO: Sample T01-0226 1.1 has a new calculated value of 288076.540231705.
INFO: Sample T01-0226 1.1 has a new calculated value of 0.
INFO: Sample A02-1306 1.1 has a new calculated value of 7494.15800906719.
INFO: Sample A02-1306 1.1 has a new calculated value of 0.
INFO: Sample A02-1306 1.1 has a new calculated value of 7494.15800906719.
INFO: Sample A01-0677 1.1 has a new calculated value of 161330.363452434.
INFO: Sample A01-0677 1.1 has a new calculated value of 168790.414631367.
INFO: Sample A01-0677 1.1 has a new calculated value of 27261.2635418773.
INFO: Sample J01-0350 1.1 has a new calculated value of 225953.064858913.
INFO: Sample J01-0350 1.1 has a new calculated value of 241655.484437943.
INFO: Sample J01-0350 1.1 has a new calculated value of 8927.00213938952.
INFO: Sample R01-0429 1.1 has a new calculated value of 3781820.21141051.
INFO: Sample R01-0429 1.1 has a new calculated value of 3801310.78720091.
INFO: Sample R01-0429 1.1 has a new calculated value of 199685.260355473.
INFO: Sample R01-0386 1.1 has a new calculated value of 5860024.39498902.
INFO: Sample R01-0386 1.1 has a new calculated value of 5547362.50877379.
INFO: Sample R01-0386 1.1 has a new calculated value of 175296.185910702.
INFO: Sample T01-0228 1.1 has a new calculated value of 112907.241135836.
INFO: Sample T01-0228 1.1 has a new calculated value of 102631.184309721.
INFO: Sample T01-0228 1.1 has a new calculated value of 7689.19053487479.
INFO: Sample R02-0370 1.1 has a new calculated value of 53150.1127034426.
INFO: Sample R02-0370 1.1 has a new calculated value of 62400.0544846056.
INFO: Sample R02-0370 1.1 has a new calculated value of 2309.56415645778.
INFO: Sample A02-1304 1.1 has a new calculated value of 7259.04867053033.
INFO: Sample A02-1304 1.1 has a new calculated value of 7259.04867053033.
INFO: Sample A02-1304 1.1 has a new calculated value of 4839.235721156.
INFO: Sample A01-0678 1.1 has a new calculated value of 373970.904350282.
INFO: Sample A01-0678 1.1 has a new calculated value of 376578.832268714.
INFO: Sample A01-0678 1.1 has a new calculated value of 43987.2097223998.
INFO: Sample A04-0505 1.1 has a new calculated value of 314444.63789463.
INFO: Sample A04-0505 1.1 has a new calculated value of 241926.738023758.
INFO: Sample A04-0505 1.1 has a new calculated value of 3133.54942481965.
INFO: Sample A01-0679 1.1 has a new calculated value of 193392.187356949.
INFO: Sample A01-0679 1.1 has a new calculated value of 186124.908328056.
INFO: Sample A01-0679 1.1 has a new calculated value of 33783.4403291344.
INFO: Sample L01-0530 1.1 has a new calculated value of 147237.509787083.
INFO: Sample L01-0530 1.1 has a new calculated value of 152237.10000515.
INFO: Sample L01-0530 1.1 has a new calculated value of 2491.52467120439.
INFO: Sample L01-0543 1.1 has a new calculated value of 11301.4339841902.
INFO: Sample L01-0543 1.1 has a new calculated value of 13562.0635002851.
INFO: Sample L01-0543 1.1 has a new calculated value of 4520.23182995618.
INFO: Sample R02-0363 1.1 has a new calculated value of 100796.315521002.
INFO: Sample R02-0363 1.1 has a new calculated value of 78650.8673429491.
INFO: Sample R02-0363 1.1 has a new calculated value of 0.
INFO: Sample A01-0676 1.1 has a new calculated value of 217224.570214748.
INFO: Sample A01-0676 1.1 has a new calculated value of 240018.348097801.
INFO: Sample A01-0676 1.1 has a new calculated value of 103429.214805365.
INFO: Sample N03-0447 1.1 has a new calculated value of 22603.4391671419.
INFO: Sample N03-0447 1.1 has a new calculated value of 15067.6924735308.
INFO: Sample N03-0447 1.1 has a new calculated value of 2510.93056518584.
INFO: Sample A04-0507 1.1 has a new calculated value of 717990.167140961.
INFO: Sample A04-0507 1.1 has a new calculated value of 657924.757003785.
INFO: Sample A04-0507 1.1 has a new calculated value of 27118.7802404165.
INFO: Sample A04-0504 1.1 has a new calculated value of 360884.92333889.
INFO: Sample A04-0504 1.1 has a new calculated value of 307705.426812172.
INFO: Sample A04-0504 1.1 has a new calculated value of 0.
INFO: Sample A01-0680 1.1 has a new calculated value of 612288.379669188.
INFO: Sample A01-0680 1.1 has a new calculated value of 474635.066986085.
INFO: Sample A01-0680 1.1 has a new calculated value of 77043.9514517784.
INFO: Sample O01-0441 1.1 has a new calculated value of 61135.8153820037.
INFO: Sample O01-0441 1.1 has a new calculated value of 56241.8735772371.
INFO: Sample O01-0441 1.1 has a new calculated value of 7331.89509250222.
INFO: Sample R01-0439 1.1 has a new calculated value of 6622567.69180299.
INFO: Sample R01-0439 1.1 has a new calculated value of 6550331.06803893.
INFO: Sample R01-0439 1.1 has a new calculated value of 82394.4318294525.
INFO: Sample A02-1305 1.1 has a new calculated value of 93396.3909745215.
INFO: Sample A02-1305 1.1 has a new calculated value of 73186.0792636873.
INFO: Sample A02-1305 1.1 has a new calculated value of 0.
INFO: Sample A04-0506 1.1 has a new calculated value of 408120.487332344.
INFO: Sample A04-0506 1.1 has a new calculated value of 408120.487332344.
INFO: Sample A04-0506 1.1 has a new calculated value of 7170.00271193681.
INFO: Sample R02-0360 1.1 has a new calculated value of 75075.0526785852.
INFO: Sample R02-0360 1.1 has a new calculated value of 70227.702856064.
INFO: Sample R02-0360 1.1 has a new calculated value of 0.
INFO: Sample A01-0675 1.1 has a new calculated value of 455650.815367697.
INFO: Sample A01-0675 1.1 has a new calculated value of 377654.775381088.
INFO: Sample A01-0675 1.1 has a new calculated value of 38653.7761241196.
INFO: Sample M03-0331 1.1 has a new calculated value of 185576.353669167.
INFO: Sample M03-0331 1.1 has a new calculated value of 145745.241343975.
INFO: Sample M03-0331 1.1 has a new calculated value of 0.
INFO: Sample B01-0574 1.1 has a new calculated value of 11693.6723515391.
INFO: Sample B01-0574 1.1 has a new calculated value of 2338.4901182726.
INFO: Sample B01-0574 1.1 has a new calculated value of 0.
INFO: Sample G01-0516 1.1 has a new calculated value of 73959.8688483239.
INFO: Sample G01-0516 1.1 has a new calculated value of 69184.5792531965.
INFO: Sample G01-0516 1.1 has a new calculated value of 0.
INFO: Sample J01-0377 1.1 has a new calculated value of 107549.175918102.
INFO: Sample J01-0377 1.1 has a new calculated value of 90421.8001663686.
INFO: Sample J01-0377 1.1 has a new calculated value of 2441.43515825272.
INFO: Sample A04-0508 1.1 has a new calculated value of 330676.705241203.
INFO: Sample A04-0508 1.1 has a new calculated value of 299193.622469902.
INFO: Sample A04-0508 1.1 has a new calculated value of 4809.88799594342.
INFO: Sample J01-0349 1.1 has a new calculated value of 135203.851014376.
INFO: Sample J01-0349 1.1 has a new calculated value of 152679.263055324.
INFO: Sample J01-0349 1.1 has a new calculated value of 2177.47377930209.
INFO: Sample B01-0529 1.1 has a new calculated value of 107285.838425159.
INFO: Sample B01-0529 1.1 has a new calculated value of 75561.0005557536.
INFO: Sample B01-0529 1.1 has a new calculated value of 2435.46411395073.
INFO: Sample E01-0356 1.1 has a new calculated value of 31360.0839301944.
INFO: Sample E01-0356 1.1 has a new calculated value of 20157.5342193246.
INFO: Sample E01-0356 1.1 has a new calculated value of 0.
INFO: Sample R02-0364 1.1 has a new calculated value of 143535.785079002.
INFO: Sample R02-0364 1.1 has a new calculated value of 130701.369345188.
INFO: Sample R02-0364 1.1 has a new calculated value of 7677.77239903809.
INFO: Sample T01-0230 1.1 has a new calculated value of 374992.318153381.
INFO: Sample T01-0230 1.1 has a new calculated value of 317894.593477249.
INFO: Sample T01-0230 1.1 has a new calculated value of 5151.02265402676.
INFO: Sample T01-0231 1.1 has a new calculated value of 75991.9519722462.
INFO: Sample T01-0231 1.1 has a new calculated value of 90078.6902010441.
INFO: Sample T01-0231 1.1 has a new calculated value of 5624.61649999022.
INFO: Sample B01-0555 1.1 has a new calculated value of 118907.13840723.
INFO: Sample B01-0555 1.1 has a new calculated value of 95100.4573702812.
INFO: Sample B01-0555 1.1 has a new calculated value of 0.
INFO: Sample A02-1303 1.1 has a new calculated value of 23478.4986823797.
INFO: Sample A02-1303 1.1 has a new calculated value of 7824.79874789714.
INFO: Sample A02-1303 1.1 has a new calculated value of 36527.4260938166.
INFO: Sample E01-0357 1.1 has a new calculated value of 25765.4787227512.
INFO: Sample E01-0357 1.1 has a new calculated value of 33498.012945056.
INFO: Sample E01-0357 1.1 has a new calculated value of 0.
INFO: Sample R01-0395 1.1 has a new calculated value of 5110884.50431823.
INFO: Sample R01-0395 1.1 has a new calculated value of 4970094.10858155.
INFO: Sample R01-0395 1.1 has a new calculated value of 32081.2404155731.
INFO: Sample G01-0502 1.1 has a new calculated value of 85553.3945560454.
INFO: Sample G01-0502 1.1 has a new calculated value of 78966.559767723.
INFO: Sample G01-0502 1.1 has a new calculated value of 4383.38248059155.
INFO: Sample G01-0523 1.1 has a new calculated value of 187440.746426582.
INFO: Sample G01-0523 1.1 has a new calculated value of 173177.187144756.
INFO: Sample G01-0523 1.1 has a new calculated value of 4735.6746252626.
INFO: Sample B01-0552 1.1 has a new calculated value of 179454.869627953.
INFO: Sample B01-0552 1.1 has a new calculated value of 137018.73421669.
INFO: Sample B01-0552 1.1 has a new calculated value of 0.
INFO: Sample E01-0355 1.1 has a new calculated value of 27705.6200802326.
INFO: Sample E01-0355 1.1 has a new calculated value of 22666.9590175152.
INFO: Sample E01-0355 1.1 has a new calculated value of 2517.98508223146.
INFO: Sample G01-0435 1.1 has a new calculated value of 395555.201768877.
INFO: Sample G01-0435 1.1 has a new calculated value of 347422.741055488.
INFO: Sample G01-0435 1.1 has a new calculated value of 2386.81825809181.
INFO: Sample R02-0365 1.1 has a new calculated value of 92519.2335247995.
INFO: Sample R02-0365 1.1 has a new calculated value of 85395.5823183061.
INFO: Sample R02-0365 1.1 has a new calculated value of 0.
INFO: Sample R01-0399 1.1 has a new calculated value of 5492921.53358459.
INFO: Sample R01-0399 1.1 has a new calculated value of 5190830.92689514.
INFO: Sample R01-0399 1.1 has a new calculated value of 19329.8056349158.
INFO: Sample N02-0389 1.1 has a new calculated value of 72377.50813365.
INFO: Sample N02-0389 1.1 has a new calculated value of 74792.1033203603.
INFO: Sample N02-0389 1.1 has a new calculated value of 2410.70137359202.
INFO: Sample G01-0447 1.1 has a new calculated value of 379935.663342475.
INFO: Sample G01-0447 1.1 has a new calculated value of 314649.19924736.
INFO: Sample G01-0447 1.1 has a new calculated value of 2591.37324057519.
INFO: Sample K01-0341 1.1 has a new calculated value of 132072.679549455.
INFO: Sample K01-0341 1.1 has a new calculated value of 127511.973828077.
INFO: Sample K01-0341 1.1 has a new calculated value of 6821.80769741535.
INFO: Sample K01-0333 1.1 has a new calculated value of 254268.300533295.
INFO: Sample K01-0333 1.1 has a new calculated value of 214024.61707592.
INFO: Sample K01-0333 1.1 has a new calculated value of 5338.17624673247.
INFO: Sample K01-0340 1.1 has a new calculated value of 111789.254397154.
INFO: Sample K01-0340 1.1 has a new calculated value of 94381.4858794212.
INFO: Sample K01-0340 1.1 has a new calculated value of 4962.49414980411.
LOW : WaTCH status of A02-1305 1.1 has been changed to Complete.
LOW : WaTCH status of A04-0504 1.1 has been changed to Complete.
LOW : WaTCH status of J01-0350 1.1 has been changed to Complete.
LOW : WaTCH status of T01-0226 1.1 has been changed to Complete.
LOW : WaTCH status of R01-0395 1.1 has been changed to Complete.
LOW : WaTCH status of A04-0508 1.1 has been changed to Complete.
LOW : WaTCH status of A01-0676 1.1 has been changed to Complete.
LOW : WaTCH status of O01-0441 1.1 has been changed to Complete.
LOW : WaTCH status of L01-0530 1.1 has been changed to Complete.
LOW : WaTCH status of R01-0386 1.1 has been changed to Complete.
LOW : WaTCH status of G01-0435 1.1 has been changed to Complete.
LOW : WaTCH status of R01-0399 1.1 has been changed to Complete.
LOW : WaTCH status of K01-0341 1.1 has been changed to Complete.
LOW : WaTCH status of T01-0230 1.1 has been changed to Complete.
LOW : WaTCH status of B01-0574 1.1 has been changed to Complete.
LOW : WaTCH status of A02-1306 1.1 has been changed to Complete.
LOW : WaTCH status of A04-0507 1.1 has been changed to Complete.
LOW : WaTCH status of R02-0364 1.1 has been changed to Complete.
LOW : WaTCH status of A01-0675 1.1 has been changed to Complete.
LOW : WaTCH status of A01-0680 1.1 has been changed to Complete.
LOW : WaTCH status of A01-0679 1.1 has been changed to Complete.
LOW : WaTCH status of E01-0357 1.1 has been changed to Complete.
LOW : WaTCH status of J01-0377 1.1 has been changed to Complete.
LOW : WaTCH status of T01-0229 1.1 has been changed to Complete.
LOW : WaTCH status of K01-0333 1.1 has been changed to Complete.
LOW : WaTCH status of R02-0363 1.1 has been changed to Complete.
LOW : WaTCH status of B01-0555 1.1 has been changed to Complete.
LOW : WaTCH status of R01-0439 1.1 has been changed to Complete.
LOW : WaTCH status of L01-0543 1.1 has been changed to Complete.
LOW : WaTCH status of N02-0389 1.1 has been changed to Complete.
LOW : WaTCH status of K01-0329 1.1 has been changed to Complete.
LOW : WaTCH status of T01-0231 1.1 has been changed to Complete.
LOW : WaTCH status of R01-0429 1.1 has been changed to Complete.
LOW : WaTCH status of E01-0356 1.1 has been changed to Complete.
LOW : WaTCH status of A04-0506 1.1 has been changed to Complete.
LOW : WaTCH status of A01-0678 1.1 has been changed to Complete.
LOW : WaTCH status of R02-0360 1.1 has been changed to Complete.
LOW : WaTCH status of G01-0523 1.1 has been changed to Complete.
LOW : WaTCH status of R02-0365 1.1 has been changed to Complete.
LOW : WaTCH status of T01-0228 1.1 has been changed to Complete.
LOW : WaTCH status of N03-0447 1.1 has been changed to Complete.
LOW : WaTCH status of A02-1303 1.1 has been changed to Complete.
LOW : WaTCH status of G01-0447 1.1 has been changed to Complete.
LOW : WaTCH status of E01-0355 1.1 has been changed to Complete.
LOW : WaTCH status of J01-0349 1.1 has been changed to Complete.
LOW : WaTCH status of A01-0677 1.1 has been changed to Complete.
LOW : WaTCH status of B01-0529 1.1 has been changed to Complete.
LOW : WaTCH status of G01-0502 1.1 has been changed to Complete.
LOW : WaTCH status of K01-0340 1.1 has been changed to Complete.
LOW : WaTCH status of A04-0505 1.1 has been changed to Complete.
LOW : WaTCH status of A02-1304 1.1 has been changed to Complete.
LOW : WaTCH status of B01-0552 1.1 has been changed to Complete.
LOW : WaTCH status of R02-0370 1.1 has been changed to Complete.
LOW : WaTCH status of M03-0331 1.1 has been changed to Complete.
LOW : WaTCH status of G01-0516 1.1 has been changed to Complete.
#
# WaTCHdb update complete.
# 2023-09-29.13-56-27.
