# WaTCHdb update log.
# Command: 2_updateWaTCH.pl.
# Data output written to updates/watchdb/watchdb.2022-11-16.15-09-03.txt and updates/watchdb.LATEST.txt.
# Fatal errors and system warnings are NOT logged here; see STDERR for those.
#
# Run started 2022-11-16.15-09-03.
#
4 molecular targets added.
INFO: Finished WaTCHdb import. 5703 total assets present.
INFO: Finished AssetTiger import. 140 new assets added. 5843 total assets present.
INFO: Sample H01-0387 1.1 has a new calculated value of 95376.8835961818.
INFO: Sample H01-0387 1.1 has a new calculated value of 12704.3841406703.
INFO: Sample H01-0387 1.1 has a new calculated value of 82647.415548563.
INFO: Sample Q01-0163 1.1 has a new calculated value of 181247.966587543.
INFO: Sample Q01-0163 1.1 has a new calculated value of 21144.4191634655.
INFO: Sample Q01-0163 1.1 has a new calculated value of 127026.832848787.
INFO: Sample A02-0761 1.1 has a new calculated value of 0.
INFO: Sample A02-0761 1.1 has a new calculated value of 99619.3063259125.
INFO: Sample A02-0761 1.1 has a new calculated value of 2426.92400235683.
INFO: Sample G01-0217 1.1 has a new calculated value of 117686.250954866.
INFO: Sample G01-0217 1.1 has a new calculated value of 6185.78212335707.
INFO: Sample G01-0217 1.1 has a new calculated value of 150780.487954616.
INFO: Sample A04-0211 1.1 has a new calculated value of 334136.377573013.
INFO: Sample A04-0211 1.1 has a new calculated value of 72796.0503101348.
INFO: Sample A04-0211 1.1 has a new calculated value of 334136.377573013.
INFO: Sample E02-0218 1.1 has a new calculated value of 151579.792499542.
INFO: Sample E02-0218 1.1 has a new calculated value of 39064.9118274452.
INFO: Sample E02-0218 1.1 has a new calculated value of 185883.484482765.
INFO: Sample N02-0178 1.1 has a new calculated value of 93929.5296370984.
INFO: Sample N02-0178 1.1 has a new calculated value of 0.
INFO: Sample N02-0178 1.1 has a new calculated value of 81108.5508763791.
INFO: Sample K01-0184 1.1 has a new calculated value of 297184.769511223.
INFO: Sample K01-0184 1.1 has a new calculated value of 10125.4493370652.
INFO: Sample K01-0184 1.1 has a new calculated value of 289538.26546669.
INFO: Sample D01-0200 1.1 has a new calculated value of 134312.390238046.
INFO: Sample D01-0200 1.1 has a new calculated value of 15183.5874281824.
INFO: Sample D01-0200 1.1 has a new calculated value of 103864.319622517.
INFO: Sample A02-0759 1.1 has a new calculated value of 2403.54201290756.
INFO: Sample A02-0759 1.1 has a new calculated value of 40878.971144557.
INFO: Sample A02-0759 1.1 has a new calculated value of 0.
INFO: Sample N02-0192 1.1 has a new calculated value of 73753.965497017.
INFO: Sample N02-0192 1.1 has a new calculated value of 0.
INFO: Sample N02-0192 1.1 has a new calculated value of 58558.7109625339.
INFO: Sample A01-0404 1.1 has a new calculated value of 228770.004808903.
INFO: Sample A01-0404 1.1 has a new calculated value of 40846.1643755436.
INFO: Sample A01-0404 1.1 has a new calculated value of 250507.850646973.
INFO: Sample K01-0196 1.1 has a new calculated value of 266230.58706522.
INFO: Sample K01-0196 1.1 has a new calculated value of 11059.2425242066.
INFO: Sample K01-0196 1.1 has a new calculated value of 277360.307872295.
INFO: Sample A01-0399 1.1 has a new calculated value of 390668.832063673.
INFO: Sample A01-0399 1.1 has a new calculated value of 53362.4627441169.
INFO: Sample A01-0399 1.1 has a new calculated value of 386183.43114853.
INFO: Sample A01-0405 1.1 has a new calculated value of 225232.683420181.
INFO: Sample A01-0405 1.1 has a new calculated value of 80769.5943117141.
INFO: Sample A01-0405 1.1 has a new calculated value of 207695.463001728.
INFO: Sample A01-0402 1.1 has a new calculated value of 271245.941519737.
INFO: Sample A01-0402 1.1 has a new calculated value of 39585.0466936828.
INFO: Sample A01-0402 1.1 has a new calculated value of 295589.455962181.
INFO: Sample A02-0763 1.1 has a new calculated value of 8618.05686727167.
INFO: Sample A02-0763 1.1 has a new calculated value of 4308.80680214614.
INFO: Sample A02-0763 1.1 has a new calculated value of 8618.05686727167.
INFO: Sample K01-0198 1.1 has a new calculated value of 158592.159748077.
INFO: Sample K01-0198 1.1 has a new calculated value of 5106.5201126039.
INFO: Sample K01-0198 1.1 has a new calculated value of 148342.280387878.
INFO: Sample C01-0299 1.1 has a new calculated value of 185568.55648756.
INFO: Sample C01-0299 1.1 has a new calculated value of 23417.3676744104.
INFO: Sample C01-0299 1.1 has a new calculated value of 168470.441401005.
INFO: Sample K01-0178 1.1 has a new calculated value of 378250.622749327.
INFO: Sample K01-0178 1.1 has a new calculated value of 5341.45957790315.
INFO: Sample K01-0178 1.1 has a new calculated value of 432180.755138396.
INFO: Sample Q01-0161 1.1 has a new calculated value of 209729.661047459.
INFO: Sample Q01-0161 1.1 has a new calculated value of 10461.5955613553.
INFO: Sample Q01-0161 1.1 has a new calculated value of 217614.972889423.
INFO: Sample K01-0192 1.1 has a new calculated value of 520391.170978548.
INFO: Sample K01-0192 1.1 has a new calculated value of 13793.5699336231.
INFO: Sample K01-0192 1.1 has a new calculated value of 511083.102822303.
INFO: Sample D01-0195 1.1 has a new calculated value of 121390.693634749.
INFO: Sample D01-0195 1.1 has a new calculated value of 11021.0008732975.
INFO: Sample D01-0195 1.1 has a new calculated value of 119180.447459221.
INFO: Sample E02-0216 1.1 has a new calculated value of 46361.0693067313.
INFO: Sample E02-0216 1.1 has a new calculated value of 120098.91808033.
INFO: Sample E02-0216 1.1 has a new calculated value of 60006.442889571.
INFO: Sample Q01-0159 1.1 has a new calculated value of 225885.251462459.
INFO: Sample Q01-0159 1.1 has a new calculated value of 17722.2123742103.
INFO: Sample Q01-0159 1.1 has a new calculated value of 195357.722640038.
INFO: Sample T01-0057 1.1 has a new calculated value of 252872.978746891.
INFO: Sample T01-0057 1.1 has a new calculated value of 10806.179177016.
INFO: Sample T01-0057 1.1 has a new calculated value of 434435.24479866.
INFO: Sample R01-0113 1.1 has a new calculated value of 1701387.56275177.
INFO: Sample R01-0113 1.1 has a new calculated value of 7006.11750595272.
INFO: Sample R01-0113 1.1 has a new calculated value of 1565420.75157165.
INFO: Sample C01-0300 1.1 has a new calculated value of 185226.567685604.
INFO: Sample C01-0300 1.1 has a new calculated value of 12323.0027966201.
INFO: Sample C01-0300 1.1 has a new calculated value of 180276.546478272.
INFO: Sample B01-0271 1.1 has a new calculated value of 106757.974326611.
INFO: Sample B01-0271 1.1 has a new calculated value of 13909.5413312316.
INFO: Sample B01-0271 1.1 has a new calculated value of 116054.142862558.
INFO: Sample A02-0764 1.1 has a new calculated value of 0.
INFO: Sample A02-0764 1.1 has a new calculated value of 28551.1343926191.
INFO: Sample A02-0764 1.1 has a new calculated value of 0.
INFO: Sample N02-0183 1.1 has a new calculated value of 52403.3626914025.
INFO: Sample N02-0183 1.1 has a new calculated value of 0.
INFO: Sample N02-0183 1.1 has a new calculated value of 45849.3559062479.
INFO: Sample A02-0757 1.1 has a new calculated value of 4471.54191322624.
INFO: Sample A02-0757 1.1 has a new calculated value of 71601.9858419896.
INFO: Sample A02-0757 1.1 has a new calculated value of 0.
INFO: Sample K01-0156 1.1 has a new calculated value of 457094.873785974.
INFO: Sample K01-0156 1.1 has a new calculated value of 4862.43562772871.
INFO: Sample K01-0156 1.1 has a new calculated value of 425156.496763228.
INFO: Sample A01-0401 1.1 has a new calculated value of 316521.474123001.
INFO: Sample A01-0401 1.1 has a new calculated value of 90191.0443603994.
INFO: Sample A01-0401 1.1 has a new calculated value of 336951.279044151.
INFO: Sample E01-0200 1.1 has a new calculated value of 128841.784000397.
INFO: Sample E01-0200 1.1 has a new calculated value of 15265.6213380396.
INFO: Sample E01-0200 1.1 has a new calculated value of 122280.948311091.
INFO: Sample H01-0389 1.1 has a new calculated value of 52966.8831825256.
INFO: Sample H01-0389 1.1 has a new calculated value of 9206.82370662689.
INFO: Sample H01-0389 1.1 has a new calculated value of 64490.2809709312.
INFO: Sample Q01-0162 1.1 has a new calculated value of 181695.24282217.
INFO: Sample Q01-0162 1.1 has a new calculated value of 11929.4585287571.
INFO: Sample Q01-0162 1.1 has a new calculated value of 176903.67937088.
INFO: Sample E02-0220 1.1 has a new calculated value of 14717.0709259808.
INFO: Sample E02-0220 1.1 has a new calculated value of 4905.11627867818.
INFO: Sample E02-0220 1.1 has a new calculated value of 14717.0709259808.
INFO: Sample A02-0766 1.1 has a new calculated value of 25421.9801723957.
INFO: Sample A02-0766 1.1 has a new calculated value of 72675.1770079136.
INFO: Sample A02-0766 1.1 has a new calculated value of 0.
INFO: Sample Q01-0164 1.1 has a new calculated value of 226981.358528137.
INFO: Sample Q01-0164 1.1 has a new calculated value of 12042.5728708506.
INFO: Sample Q01-0164 1.1 has a new calculated value of 214876.888096332.
INFO: Sample A02-0770 1.1 has a new calculated value of 16216.5855243802.
INFO: Sample A02-0770 1.1 has a new calculated value of 1504420.35913467.
INFO: Sample A02-0770 1.1 has a new calculated value of 11582.6347097754.
INFO: Sample H01-0390 1.1 has a new calculated value of 116143.020540476.
INFO: Sample H01-0390 1.1 has a new calculated value of 16873.5405430198.
INFO: Sample H01-0390 1.1 has a new calculated value of 109799.639582634.
INFO: Sample A02-0780 1.1 has a new calculated value of 0.
INFO: Sample A02-0780 1.1 has a new calculated value of 13325.0627294183.
INFO: Sample A02-0780 1.1 has a new calculated value of 0.
INFO: Sample T01-0059 1.1 has a new calculated value of 58229.9467921258.
INFO: Sample T01-0059 1.1 has a new calculated value of 15315.8284351229.
INFO: Sample T01-0059 1.1 has a new calculated value of 107328.519076109.
INFO: Sample A02-0768 1.1 has a new calculated value of 2595.8791282028.
INFO: Sample A02-0768 1.1 has a new calculated value of 12981.002535671.
INFO: Sample A02-0768 1.1 has a new calculated value of 7788.1193999201.
INFO: Sample B01-0251 1.1 has a new calculated value of 200960.651636123.
INFO: Sample B01-0251 1.1 has a new calculated value of 4608.98051038386.
INFO: Sample B01-0251 1.1 has a new calculated value of 261205.32900095.
INFO: Sample A02-0762 1.1 has a new calculated value of 5572.26156815886.
INFO: Sample A02-0762 1.1 has a new calculated value of 0.
INFO: Sample A02-0762 1.1 has a new calculated value of 0.
INFO: Sample C01-0297 1.1 has a new calculated value of 192864.357233047.
INFO: Sample C01-0297 1.1 has a new calculated value of 28873.139731586.
INFO: Sample C01-0297 1.1 has a new calculated value of 175953.2725811.
INFO: Sample E01-0198 1.1 has a new calculated value of 290804.568529129.
INFO: Sample E01-0198 1.1 has a new calculated value of 10896.0782177746.
INFO: Sample E01-0198 1.1 has a new calculated value of 295192.9718256.
INFO: Sample A02-0765 1.1 has a new calculated value of 50953.7451714279.
INFO: Sample A02-0765 1.1 has a new calculated value of 30101.5419512987.
INFO: Sample A02-0765 1.1 has a new calculated value of 39367.906227708.
INFO: Sample A01-0403 1.1 has a new calculated value of 271772.65048027.
INFO: Sample A01-0403 1.1 has a new calculated value of 33575.4602774978.
INFO: Sample A01-0403 1.1 has a new calculated value of 356308.70819092.
INFO: Sample A04-0207 1.1 has a new calculated value of 52389.7133767604.
INFO: Sample A04-0207 1.1 has a new calculated value of 26186.6687983274.
INFO: Sample A04-0207 1.1 has a new calculated value of 62220.078036189.
INFO: Sample C01-0298 1.1 has a new calculated value of 286364.659667015.
INFO: Sample C01-0298 1.1 has a new calculated value of 40377.4246573448.
INFO: Sample C01-0298 1.1 has a new calculated value of 222558.759748936.
INFO: Sample K01-0199 1.1 has a new calculated value of 376346.207857132.
INFO: Sample K01-0199 1.1 has a new calculated value of 19576.4424651861.
INFO: Sample K01-0199 1.1 has a new calculated value of 441284.092068672.
INFO: Sample A02-0756 1.1 has a new calculated value of 2333.16246885806.
INFO: Sample A02-0756 1.1 has a new calculated value of 35011.0823661089.
INFO: Sample A02-0756 1.1 has a new calculated value of 4666.45499691367.
INFO: Sample Q01-0158 1.1 has a new calculated value of 77084.5001935958.
INFO: Sample Q01-0158 1.1 has a new calculated value of 11670.3604348004.
INFO: Sample Q01-0158 1.1 has a new calculated value of 72408.6713790894.
INFO: Sample A04-0205 1.1 has a new calculated value of 105473.070144653.
INFO: Sample A04-0205 1.1 has a new calculated value of 50410.52877903.
INFO: Sample A04-0205 1.1 has a new calculated value of 107768.90695095.
INFO: Sample K01-0164 1.1 has a new calculated value of 204651.385545731.
INFO: Sample K01-0164 1.1 has a new calculated value of 12603.9051823318.
INFO: Sample K01-0164 1.1 has a new calculated value of 252801.088392735.
INFO: Sample A02-0767 1.1 has a new calculated value of 1108570.05357742.
INFO: Sample A02-0767 1.1 has a new calculated value of 17290.8415831625.
INFO: Sample A02-0767 1.1 has a new calculated value of 1149162.55474091.
INFO: Sample H01-0391 1.1 has a new calculated value of 56966.1790877582.
INFO: Sample H01-0391 1.1 has a new calculated value of 8758.98954458534.
INFO: Sample H01-0391 1.1 has a new calculated value of 56966.1790877582.
INFO: Sample A02-0752 1.1 has a new calculated value of 120230.850130319.
INFO: Sample A02-0752 1.1 has a new calculated value of 211200.032830238.
INFO: Sample A02-0752 1.1 has a new calculated value of 163416.593670845.
INFO: Sample A02-0755 1.1 has a new calculated value of 35393.4691473842.
INFO: Sample A02-0755 1.1 has a new calculated value of 2358.63496083766.
INFO: Sample A02-0755 1.1 has a new calculated value of 28312.3839274049.
INFO: Sample N02-0179 1.1 has a new calculated value of 139027.13701129.
INFO: Sample N02-0179 1.1 has a new calculated value of 0.
INFO: Sample N02-0179 1.1 has a new calculated value of 143913.668096066.
INFO: Sample B01-0287 1.1 has a new calculated value of 85412.2298955919.
INFO: Sample B01-0287 1.1 has a new calculated value of 5688.73674608765.
INFO: Sample B01-0287 1.1 has a new calculated value of 205282.515585423.
INFO: Sample E02-0219 1.1 has a new calculated value of 170309.489071369.
INFO: Sample E02-0219 1.1 has a new calculated value of 38035.5012416838.
INFO: Sample E02-0219 1.1 has a new calculated value of 177046.457827091.
INFO: Sample A04-0204 1.1 has a new calculated value of 123950.029313564.
INFO: Sample A04-0204 1.1 has a new calculated value of 19045.3911200166.
INFO: Sample A04-0204 1.1 has a new calculated value of 114402.380436659.
INFO: Sample E01-0201 1.1 has a new calculated value of 359319.20170784.
INFO: Sample E01-0201 1.1 has a new calculated value of 25563.747882843.
INFO: Sample E01-0201 1.1 has a new calculated value of 791135.952472688.
INFO: Sample A01-0400 1.1 has a new calculated value of 320771.906375885.
INFO: Sample A01-0400 1.1 has a new calculated value of 82186.4899992944.
INFO: Sample A01-0400 1.1 has a new calculated value of 369995.666742323.
INFO: Sample C01-0296 1.1 has a new calculated value of 48099.811077118.
INFO: Sample C01-0296 1.1 has a new calculated value of 19233.3006486296.
INFO: Sample C01-0296 1.1 has a new calculated value of 76986.2115383149.
INFO: Sample A04-0206 1.1 has a new calculated value of 89729.6176850794.
INFO: Sample A04-0206 1.1 has a new calculated value of 20689.7874176502.
INFO: Sample A04-0206 1.1 has a new calculated value of 82820.5078840255.
INFO: Sample A02-0758 1.1 has a new calculated value of 96854.959130287.
INFO: Sample A02-0758 1.1 has a new calculated value of 6596.64178267122.
INFO: Sample A02-0758 1.1 has a new calculated value of 77025.5032181739.
INFO: Sample G01-0216 1.1 has a new calculated value of 126588.347554207.
INFO: Sample G01-0216 1.1 has a new calculated value of 2006.3555566594.
INFO: Sample G01-0216 1.1 has a new calculated value of 122563.795745373.
INFO: Sample H01-0386 1.1 has a new calculated value of 340362.605452538.
INFO: Sample H01-0386 1.1 has a new calculated value of 6436.90573051571.
INFO: Sample H01-0386 1.1 has a new calculated value of 413967.999815939.
INFO: Sample A02-0769 1.1 has a new calculated value of 43235.8646392821.
INFO: Sample A02-0769 1.1 has a new calculated value of 0.
INFO: Sample A02-0769 1.1 has a new calculated value of 43235.8646392821.
INFO: Sample T01-0058 1.1 has a new calculated value of 227976.594865322.
INFO: Sample T01-0058 1.1 has a new calculated value of 36826.4624476432.
INFO: Sample T01-0058 1.1 has a new calculated value of 195332.479476929.
INFO: Sample A04-0203 1.1 has a new calculated value of 169804.812669754.
INFO: Sample A04-0203 1.1 has a new calculated value of 12462.2425809502.
INFO: Sample A04-0203 1.1 has a new calculated value of 147291.104793549.
INFO: Sample A02-0751 1.1 has a new calculated value of 4611.2621203065.
INFO: Sample A02-0751 1.1 has a new calculated value of 27675.1872897148.
INFO: Sample A02-0751 1.1 has a new calculated value of 0.
INFO: Sample T01-0055 1.1 has a new calculated value of 66025.6674885751.
INFO: Sample T01-0055 1.1 has a new calculated value of 7917.59041137993.
INFO: Sample T01-0055 1.1 has a new calculated value of 63382.6437592507.
INFO: Sample G01-0214 1.1 has a new calculated value of 166129.656136036.
INFO: Sample G01-0214 1.1 has a new calculated value of 2240.61181303114.
INFO: Sample G01-0214 1.1 has a new calculated value of 175128.436088562.
INFO: Sample Q01-0160 1.1 has a new calculated value of 239739.042520523.
INFO: Sample Q01-0160 1.1 has a new calculated value of 14943.5809627175.
INFO: Sample Q01-0160 1.1 has a new calculated value of 244748.230576515.
INFO: Sample D01-0177 1.1 has a new calculated value of 108824.91543889.
INFO: Sample D01-0177 1.1 has a new calculated value of 2362.75704111904.
INFO: Sample D01-0177 1.1 has a new calculated value of 99350.6602942945.
INFO: Sample A02-0742 1.2 has a new calculated value of 20283.9751169086.
INFO: Sample A02-0742 1.2 has a new calculated value of 5070.0738094747.
INFO: Sample A02-0742 1.2 has a new calculated value of 213472.953736782.
INFO: Sample D01-0197 1.1 has a new calculated value of 85675.0917434692.
INFO: Sample D01-0197 1.1 has a new calculated value of 2377.50018015504.
INFO: Sample D01-0197 1.1 has a new calculated value of 76146.9867825508.
INFO: Sample E01-0199 1.1 has a new calculated value of 488240.248560906.
INFO: Sample E01-0199 1.1 has a new calculated value of 12664.7155545652.
INFO: Sample E01-0199 1.1 has a new calculated value of 432761.857509612.
INFO: Sample G01-0207 1.1 has a new calculated value of 228165.714740753.
INFO: Sample G01-0207 1.1 has a new calculated value of 8669.30709220467.
INFO: Sample G01-0207 1.1 has a new calculated value of 180256.586372852.
INFO: Sample H01-0392 1.1 has a new calculated value of 407790.865302085.
INFO: Sample H01-0392 1.1 has a new calculated value of 20756.9616660476.
INFO: Sample H01-0392 1.1 has a new calculated value of 403134.537935257.
INFO: Sample E02-0217 1.1 has a new calculated value of 64020.0208872557.
INFO: Sample E02-0217 1.1 has a new calculated value of 17773.5310792923.
INFO: Sample E02-0217 1.1 has a new calculated value of 85381.7716240884.
INFO: Sample G01-0218 1.1 has a new calculated value of 99459.9397480489.
INFO: Sample G01-0218 1.1 has a new calculated value of 6341.45979769527.
INFO: Sample G01-0218 1.1 has a new calculated value of 110054.687261581.
INFO: Sample H01-0388 1.1 has a new calculated value of 46671.1091995239.
INFO: Sample H01-0388 1.1 has a new calculated value of 15551.2631870806.
INFO: Sample H01-0388 1.1 has a new calculated value of 64464.2648845912.
INFO: Sample A02-0753 1.1 has a new calculated value of 2909.02398526669.
INFO: Sample A02-0753 1.1 has a new calculated value of 26188.4864419699.
INFO: Sample A02-0753 1.1 has a new calculated value of 0.
INFO: Sample T01-0056 1.1 has a new calculated value of 59422.2318381071.
INFO: Sample T01-0056 1.1 has a new calculated value of 16969.1844843328.
INFO: Sample T01-0056 1.1 has a new calculated value of 61546.0125356911.
INFO: Sample A02-0760 1.1 has a new calculated value of 109742.842465639.
INFO: Sample A02-0760 1.1 has a new calculated value of 4982.08159580827.
INFO: Sample A02-0760 1.1 has a new calculated value of 94760.9741985798.
INFO: Sample B01-0266 1.1 has a new calculated value of 249927.376806736.
INFO: Sample B01-0266 1.1 has a new calculated value of 6987.04074136914.
INFO: Sample B01-0266 1.1 has a new calculated value of 231189.594268799.
LOW : WaTCH status of A04-0203 1.1 has been changed to Complete.
LOW : WaTCH status of K01-0198 1.1 has been changed to Complete.
LOW : WaTCH status of E02-0217 1.1 has been changed to Complete.
LOW : WaTCH status of K01-0199 1.1 has been changed to Complete.
LOW : WaTCH status of A02-0766 1.1 has been changed to Complete.
LOW : WaTCH status of A02-0780 1.1 has been changed to Complete.
LOW : WaTCH status of H01-0390 1.1 has been changed to Complete.
LOW : WaTCH status of A04-0205 1.1 has been changed to Complete.
LOW : WaTCH status of A02-0760 1.1 has been changed to Complete.
LOW : WaTCH status of K01-0196 1.1 has been changed to Complete.
LOW : WaTCH status of E01-0199 1.1 has been changed to Complete.
LOW : WaTCH status of A02-0755 1.1 has been changed to Complete.
LOW : WaTCH status of A02-0769 1.1 has been changed to Complete.
LOW : WaTCH status of H01-0387 1.1 has been changed to Complete.
LOW : WaTCH status of G01-0214 1.1 has been changed to Complete.
LOW : WaTCH status of A02-0768 1.1 has been changed to Complete.
LOW : WaTCH status of B01-0266 1.1 has been changed to Complete.
LOW : WaTCH status of A01-0404 1.1 has been changed to Complete.
LOW : WaTCH status of E02-0220 1.1 has been changed to Complete.
LOW : WaTCH status of Q01-0162 1.1 has been changed to Complete.
LOW : WaTCH status of A04-0211 1.1 has been changed to Complete.
LOW : WaTCH status of A01-0401 1.1 has been changed to Complete.
LOW : WaTCH status of E01-0198 1.1 has been changed to Complete.
LOW : WaTCH status of A02-0753 1.1 has been changed to Complete.
LOW : WaTCH status of A01-0405 1.1 has been changed to Complete.
LOW : WaTCH status of T01-0055 1.1 has been changed to Complete.
LOW : WaTCH status of E02-0218 1.1 has been changed to Complete.
LOW : WaTCH status of D01-0197 1.1 has been changed to Complete.
LOW : WaTCH status of K01-0192 1.1 has been changed to Complete.
LOW : WaTCH status of A01-0403 1.1 has been changed to Complete.
LOW : WaTCH status of E02-0219 1.1 has been changed to Complete.
LOW : WaTCH status of A02-0751 1.1 has been changed to Complete.
LOW : WaTCH status of H01-0392 1.1 has been changed to Complete.
LOW : WaTCH status of H01-0386 1.1 has been changed to Complete.
LOW : WaTCH status of N02-0192 1.1 has been changed to Complete.
LOW : WaTCH status of E02-0216 1.1 has been changed to Complete.
LOW : WaTCH status of H01-0389 1.1 has been changed to Complete.
LOW : WaTCH status of A04-0204 1.1 has been changed to Complete.
LOW : WaTCH status of C01-0300 1.1 has been changed to Complete.
LOW : WaTCH status of A02-0767 1.1 has been changed to Complete.
LOW : WaTCH status of Q01-0160 1.1 has been changed to Complete.
LOW : WaTCH status of H01-0388 1.1 has been changed to Complete.
LOW : WaTCH status of E01-0201 1.1 has been changed to Complete.
LOW : WaTCH status of B01-0271 1.1 has been changed to Complete.
LOW : WaTCH status of B01-0251 1.1 has been changed to Complete.
LOW : WaTCH status of B01-0287 1.1 has been changed to Complete.
LOW : WaTCH status of A04-0206 1.1 has been changed to Complete.
LOW : WaTCH status of A02-0759 1.1 has been changed to Complete.
LOW : WaTCH status of A02-0765 1.1 has been changed to Complete.
LOW : WaTCH status of K01-0164 1.1 has been changed to Complete.
LOW : WaTCH status of A02-0770 1.1 has been changed to Complete.
LOW : WaTCH status of A02-0763 1.1 has been changed to Complete.
LOW : WaTCH status of A02-0742 1.2 has been changed to Complete.
LOW : WaTCH status of D01-0200 1.1 has been changed to Complete.
LOW : WaTCH status of A02-0758 1.1 has been changed to Complete.
LOW : WaTCH status of Q01-0164 1.1 has been changed to Complete.
LOW : WaTCH status of Q01-0161 1.1 has been changed to Complete.
LOW : WaTCH status of T01-0057 1.1 has been changed to Complete.
LOW : WaTCH status of C01-0297 1.1 has been changed to Complete.
LOW : WaTCH status of A01-0402 1.1 has been changed to Complete.
LOW : WaTCH status of E01-0200 1.1 has been changed to Complete.
LOW : WaTCH status of G01-0217 1.1 has been changed to Complete.
LOW : WaTCH status of K01-0184 1.1 has been changed to Complete.
LOW : WaTCH status of A02-0756 1.1 has been changed to Complete.
LOW : WaTCH status of D01-0195 1.1 has been changed to Complete.
LOW : WaTCH status of D01-0177 1.1 has been changed to Complete.
LOW : WaTCH status of Q01-0163 1.1 has been changed to Complete.
LOW : WaTCH status of A02-0757 1.1 has been changed to Complete.
LOW : WaTCH status of H01-0391 1.1 has been changed to Complete.
LOW : WaTCH status of A02-0752 1.1 has been changed to Complete.
LOW : WaTCH status of G01-0216 1.1 has been changed to Complete.
LOW : WaTCH status of N02-0179 1.1 has been changed to Complete.
LOW : WaTCH status of K01-0156 1.1 has been changed to Complete.
LOW : WaTCH status of Q01-0158 1.1 has been changed to Complete.
LOW : WaTCH status of N02-0178 1.1 has been changed to Complete.
LOW : WaTCH status of A01-0399 1.1 has been changed to Complete.
LOW : WaTCH status of Q01-0159 1.1 has been changed to Complete.
LOW : WaTCH status of R01-0113 1.1 has been changed to Complete.
LOW : WaTCH status of C01-0296 1.1 has been changed to Complete.
LOW : WaTCH status of T01-0056 1.1 has been changed to Complete.
LOW : WaTCH status of K01-0178 1.1 has been changed to Complete.
LOW : WaTCH status of N02-0183 1.1 has been changed to Complete.
LOW : WaTCH status of A01-0400 1.1 has been changed to Complete.
LOW : WaTCH status of C01-0299 1.1 has been changed to Complete.
LOW : WaTCH status of T01-0059 1.1 has been changed to Complete.
LOW : WaTCH status of G01-0207 1.1 has been changed to Complete.
LOW : WaTCH status of G01-0218 1.1 has been changed to Complete.
LOW : WaTCH status of A02-0764 1.1 has been changed to Complete.
LOW : WaTCH status of A04-0207 1.1 has been changed to Complete.
LOW : WaTCH status of C01-0298 1.1 has been changed to Complete.
LOW : WaTCH status of T01-0058 1.1 has been changed to Complete.
LOW : WaTCH status of A02-0761 1.1 has been changed to Complete.
#
# WaTCHdb update complete.
# 2022-11-16.15-09-04.
