# WaTCHdb update log.
# Command: 2_updateWaTCH.pl.
# Data output written to updates/watchdb/watchdb.2022-11-22.13-58-48.txt and updates/watchdb.LATEST.txt.
# Fatal errors and system warnings are NOT logged here; see STDERR for those.
#
# Run started 2022-11-22.13-58-48.
#
4 molecular targets added.
INFO: Finished WaTCHdb import. 5889 total assets present.
INFO: Finished AssetTiger import. 51 new assets added. 5940 total assets present.
INFO: Sample A04-0208 1.1 has a new calculated value of 153674.669265747.
INFO: Sample A04-0208 1.1 has a new calculated value of 2949.97458346188.
INFO: Sample A04-0208 1.1 has a new calculated value of 141833.519339561.
INFO: Sample C01-0305 1.1 has a new calculated value of 14640.9337408841.
INFO: Sample C01-0305 1.1 has a new calculated value of 6274.05940555036.
INFO: Sample C01-0305 1.1 has a new calculated value of 18824.9975815415.
INFO: Sample A02-0771 1.1 has a new calculated value of 0.
INFO: Sample A02-0771 1.1 has a new calculated value of 24241.2443831563.
INFO: Sample A02-0771 1.1 has a new calculated value of 0.
INFO: Sample H01-0397 1.1 has a new calculated value of 120652.874708176.
INFO: Sample H01-0397 1.1 has a new calculated value of 10758.4681548178.
INFO: Sample H01-0397 1.1 has a new calculated value of 96925.7792830466.
INFO: Sample A02-0879 1.1 has a new calculated value of 4251.11731979996.
INFO: Sample A02-0879 1.1 has a new calculated value of 6376.83749198915.
INFO: Sample A02-0879 1.1 has a new calculated value of 4251.11731979996.
INFO: Sample A02-0867 1.1 has a new calculated value of 1119381.80565834.
INFO: Sample A02-0867 1.1 has a new calculated value of 37497.0412999391.
INFO: Sample A02-0867 1.1 has a new calculated value of 1092217.78392792.
INFO: Sample E02-0222 1.1 has a new calculated value of 71250.2548098563.
INFO: Sample E02-0222 1.1 has a new calculated value of 0.
INFO: Sample E02-0222 1.1 has a new calculated value of 49862.4540120364.
INFO: Sample O01-0210 1.1 has a new calculated value of 89666.4163470268.
INFO: Sample O01-0210 1.1 has a new calculated value of 2420.89615669102.
INFO: Sample O01-0210 1.1 has a new calculated value of 82389.0213668345.
INFO: Sample L01-0262 1.1 has a new calculated value of 515830.923914908.
INFO: Sample L01-0262 1.1 has a new calculated value of 6152.48643793165.
INFO: Sample L01-0262 1.1 has a new calculated value of 505451.838970184.
INFO: Sample K01-0194 1.1 has a new calculated value of 133083.510249853.
INFO: Sample K01-0194 1.1 has a new calculated value of 18986.0777556896.
INFO: Sample K01-0194 1.1 has a new calculated value of 135463.842004538.
INFO: Sample C01-0304 1.1 has a new calculated value of 180303.301513195.
INFO: Sample C01-0304 1.1 has a new calculated value of 2167.71907405928.
INFO: Sample C01-0304 1.1 has a new calculated value of 143310.48220396.
INFO: Sample A04-0213 1.1 has a new calculated value of 728315.402269363.
INFO: Sample A04-0213 1.1 has a new calculated value of 38444.6664154528.
INFO: Sample A04-0213 1.1 has a new calculated value of 697457.928657531.
INFO: Sample A02-0861 1.1 has a new calculated value of 27083.5315436125.
INFO: Sample A02-0861 1.1 has a new calculated value of 4512.70697638392.
INFO: Sample A02-0861 1.1 has a new calculated value of 27083.5315436125.
INFO: Sample C01-0303 1.1 has a new calculated value of 122643.644660711.
INFO: Sample C01-0303 1.1 has a new calculated value of 15589.275509119.
INFO: Sample C01-0303 1.1 has a new calculated value of 107014.508396387.
INFO: Sample R01-0149 1.1 has a new calculated value of 680073.577165604.
INFO: Sample R01-0149 1.1 has a new calculated value of 16659.7497649491.
INFO: Sample R01-0149 1.1 has a new calculated value of 595514.348745346.
INFO: Sample D01-0112 1.1 has a new calculated value of 482892.503142358.
INFO: Sample D01-0112 1.1 has a new calculated value of 8690.87940081955.
INFO: Sample D01-0112 1.1 has a new calculated value of 485090.25514126.
INFO: Sample A02-0831 1.1 has a new calculated value of 2092.81532792375.
INFO: Sample A02-0831 1.1 has a new calculated value of 2092.81532792375.
INFO: Sample A02-0831 1.1 has a new calculated value of 6278.75958569346.
INFO: Sample A01-0409 1.1 has a new calculated value of 237880.357503891.
INFO: Sample A01-0409 1.1 has a new calculated value of 7907.63106197117.
INFO: Sample A01-0409 1.1 has a new calculated value of 211382.442712784.
INFO: Sample D01-0118 1.1 has a new calculated value of 187436.193823815.
INFO: Sample D01-0118 1.1 has a new calculated value of 8801.75672471523.
INFO: Sample D01-0118 1.1 has a new calculated value of 194066.923856735.
INFO: Sample L01-0265 1.1 has a new calculated value of 222043.839991093.
INFO: Sample L01-0265 1.1 has a new calculated value of 2171.20028100908.
INFO: Sample L01-0265 1.1 has a new calculated value of 208949.823975563.
INFO: Sample B01-0297 1.1 has a new calculated value of 41562.6429766416.
INFO: Sample B01-0297 1.1 has a new calculated value of 6231.76946304737.
INFO: Sample B01-0297 1.1 has a new calculated value of 45721.1738079785.
INFO: Sample H01-0399 1.1 has a new calculated value of 30896.9903737307.
INFO: Sample H01-0399 1.1 has a new calculated value of 4412.46132832022.
INFO: Sample H01-0399 1.1 has a new calculated value of 17652.6344195008.
INFO: Sample O01-0216 1.1 has a new calculated value of 24322.9534104466.
INFO: Sample O01-0216 1.1 has a new calculated value of 2210.59441566467.
INFO: Sample O01-0216 1.1 has a new calculated value of 26534.8303690553.
INFO: Sample A01-0411 1.1 has a new calculated value of 126076.222211122.
INFO: Sample A01-0411 1.1 has a new calculated value of 34152.7001559734.
INFO: Sample A01-0411 1.1 has a new calculated value of 136778.100281954.
INFO: Sample A02-0869 1.1 has a new calculated value of 97745.2902495862.
INFO: Sample A02-0869 1.1 has a new calculated value of 18600.5844175815.
INFO: Sample A02-0869 1.1 has a new calculated value of 104735.828787089.
INFO: Sample N03-0217 1.1 has a new calculated value of 2429.17455732822.
INFO: Sample N03-0217 1.1 has a new calculated value of 2429.17455732822.
INFO: Sample N03-0217 1.1 has a new calculated value of 2429.17455732822.
INFO: Sample K01-0181 1.1 has a new calculated value of 132150.710821152.
INFO: Sample K01-0181 1.1 has a new calculated value of 5997.82004021108.
INFO: Sample K01-0181 1.1 has a new calculated value of 126134.811490774.
INFO: Sample E02-0224 1.1 has a new calculated value of 2665.04062805325.
INFO: Sample E02-0224 1.1 has a new calculated value of 15992.7870891988.
INFO: Sample E02-0224 1.1 has a new calculated value of 26658.0373048782.
INFO: Sample L01-0251 1.1 has a new calculated value of 70645.9944695234.
INFO: Sample L01-0251 1.1 has a new calculated value of 2076.12448604777.
INFO: Sample L01-0251 1.1 has a new calculated value of 89366.3522601128.
INFO: Sample T01-0061 1.1 has a new calculated value of 0.
INFO: Sample T01-0061 1.1 has a new calculated value of 37135.4873478411.
INFO: Sample T01-0061 1.1 has a new calculated value of 45878.0347555875.
INFO: Sample E02-0223 1.1 has a new calculated value of 25098.1168448925.
INFO: Sample E02-0223 1.1 has a new calculated value of 0.
INFO: Sample E02-0223 1.1 has a new calculated value of 29282.6000601053.
INFO: Sample A02-0871 1.1 has a new calculated value of 3136.99068501592.
INFO: Sample A02-0871 1.1 has a new calculated value of 6274.21653829513.
INFO: Sample A02-0871 1.1 has a new calculated value of 9411.67702898384.
INFO: Sample O01-0215 1.1 has a new calculated value of 11015.7868266106.
INFO: Sample O01-0215 1.1 has a new calculated value of 0.
INFO: Sample O01-0215 1.1 has a new calculated value of 13219.2922197282.
INFO: Sample C01-0302 1.1 has a new calculated value of 263561.453819275.
INFO: Sample C01-0302 1.1 has a new calculated value of 17968.6028882861.
INFO: Sample C01-0302 1.1 has a new calculated value of 245487.281084061.
INFO: Sample A04-0212 1.1 has a new calculated value of 83770.8127498626.
INFO: Sample A04-0212 1.1 has a new calculated value of 0.
INFO: Sample A04-0212 1.1 has a new calculated value of 52725.0601351261.
INFO: Sample N03-0211 1.1 has a new calculated value of 2285.95071472228.
INFO: Sample N03-0211 1.1 has a new calculated value of 0.
INFO: Sample N03-0211 1.1 has a new calculated value of 4572.02618010341.
INFO: Sample D01-0104 1.1 has a new calculated value of 628657.908439636.
INFO: Sample D01-0104 1.1 has a new calculated value of 7228.0356567353.
INFO: Sample D01-0104 1.1 has a new calculated value of 557797.054052352.
INFO: Sample E02-0225 1.1 has a new calculated value of 55758.456811309.
INFO: Sample E02-0225 1.1 has a new calculated value of 20900.7296338677.
INFO: Sample E02-0225 1.1 has a new calculated value of 113919.159024954.
INFO: Sample L01-0266 1.1 has a new calculated value of 359026.951789857.
INFO: Sample L01-0266 1.1 has a new calculated value of 10900.6117098033.
INFO: Sample L01-0266 1.1 has a new calculated value of 350233.531594276.
INFO: Sample A04-0210 1.1 has a new calculated value of 550389.289855959.
INFO: Sample A04-0210 1.1 has a new calculated value of 17785.5995111167.
INFO: Sample A04-0210 1.1 has a new calculated value of 523372.650146484.
INFO: Sample K01-0177 1.1 has a new calculated value of 134221.431612969.
INFO: Sample K01-0177 1.1 has a new calculated value of 9242.86337569354.
INFO: Sample K01-0177 1.1 has a new calculated value of 117999.463230371.
INFO: Sample A01-0407 1.1 has a new calculated value of 270119.070410729.
INFO: Sample A01-0407 1.1 has a new calculated value of 0.
INFO: Sample A01-0407 1.1 has a new calculated value of 227724.485993385.
INFO: Sample B01-0295 1.1 has a new calculated value of 30470.2050983906.
INFO: Sample B01-0295 1.1 has a new calculated value of 0.
INFO: Sample B01-0295 1.1 has a new calculated value of 11716.6880518198.
INFO: Sample R01-0106 1.1 has a new calculated value of 1204138.56267929.
INFO: Sample R01-0106 1.1 has a new calculated value of 4987.71448619665.
INFO: Sample R01-0106 1.1 has a new calculated value of 1093928.67922783.
INFO: Sample A02-0878 1.1 has a new calculated value of 0.
INFO: Sample A02-0878 1.1 has a new calculated value of 0.
INFO: Sample A02-0878 1.1 has a new calculated value of 0.
INFO: Sample L01-0267 1.1 has a new calculated value of 190805.561542511.
INFO: Sample L01-0267 1.1 has a new calculated value of 0.
INFO: Sample L01-0267 1.1 has a new calculated value of 173618.942499161.
INFO: Sample T01-0063 1.1 has a new calculated value of 81891.5136158467.
INFO: Sample T01-0063 1.1 has a new calculated value of 3030.16775753349.
INFO: Sample T01-0063 1.1 has a new calculated value of 176112.885475159.
INFO: Sample E02-0221 1.1 has a new calculated value of 31049.5853796601.
INFO: Sample E02-0221 1.1 has a new calculated value of 0.
INFO: Sample E02-0221 1.1 has a new calculated value of 26908.3115458489.
INFO: Sample T01-0064 1.1 has a new calculated value of 126166.798621416.
INFO: Sample T01-0064 1.1 has a new calculated value of 10160.6736145914.
INFO: Sample T01-0064 1.1 has a new calculated value of 126166.798621416.
INFO: Sample A01-0406 1.1 has a new calculated value of 783680.012226105.
INFO: Sample A01-0406 1.1 has a new calculated value of 8260.37443242968.
INFO: Sample A01-0406 1.1 has a new calculated value of 744426.316022872.
INFO: Sample A04-0209 1.1 has a new calculated value of 440392.461419104.
INFO: Sample A04-0209 1.1 has a new calculated value of 10953.6015428603.
INFO: Sample A04-0209 1.1 has a new calculated value of 418262.565135957.
INFO: Sample O01-0211 1.1 has a new calculated value of 75228.6775410177.
INFO: Sample O01-0211 1.1 has a new calculated value of 2348.85318204761.
INFO: Sample O01-0211 1.1 has a new calculated value of 72875.7378458975.
INFO: Sample D01-0181 1.1 has a new calculated value of 495225.028395653.
INFO: Sample D01-0181 1.1 has a new calculated value of 2178.42281330377.
INFO: Sample D01-0181 1.1 has a new calculated value of 486408.913135527.
INFO: Sample A02-0875 1.1 has a new calculated value of 8622.48896621167.
INFO: Sample A02-0875 1.1 has a new calculated value of 19403.0953198671.
INFO: Sample A02-0875 1.1 has a new calculated value of 0.
INFO: Sample L01-0256 1.1 has a new calculated value of 179539.670348167.
INFO: Sample L01-0256 1.1 has a new calculated value of 0.
INFO: Sample L01-0256 1.1 has a new calculated value of 164548.628926277.
INFO: Sample A02-0772 1.1 has a new calculated value of 0.
INFO: Sample A02-0772 1.1 has a new calculated value of 32931.3795268536.
INFO: Sample A02-0772 1.1 has a new calculated value of 0.
INFO: Sample N03-0203 1.1 has a new calculated value of 7722.46764041484.
INFO: Sample N03-0203 1.1 has a new calculated value of 1930.48353306949.
INFO: Sample N03-0203 1.1 has a new calculated value of 11584.2347033322.
INFO: Sample L01-0255 1.1 has a new calculated value of 709042.196273802.
INFO: Sample L01-0255 1.1 has a new calculated value of 0.
INFO: Sample L01-0255 1.1 has a new calculated value of 720147.353410721.
INFO: Sample B01-0289 1.1 has a new calculated value of 107328.519076109.
INFO: Sample B01-0289 1.1 has a new calculated value of 0.
INFO: Sample B01-0289 1.1 has a new calculated value of 118948.086351156.
INFO: Sample A02-0876 1.1 has a new calculated value of 29109.4355285168.
INFO: Sample A02-0876 1.1 has a new calculated value of 17463.2353149354.
INFO: Sample A02-0876 1.1 has a new calculated value of 81557.4239194394.
INFO: Sample B01-0294 1.1 has a new calculated value of 119219.110608101.
INFO: Sample B01-0294 1.1 has a new calculated value of 6266.24258235098.
INFO: Sample B01-0294 1.1 has a new calculated value of 109794.738739729.
INFO: Sample B01-0293 1.1 has a new calculated value of 12253.8272291422.
INFO: Sample B01-0293 1.1 has a new calculated value of 0.
INFO: Sample B01-0293 1.1 has a new calculated value of 19607.8435331583.
INFO: Sample N03-0216 1.1 has a new calculated value of 2036.67739871889.
INFO: Sample N03-0216 1.1 has a new calculated value of 0.
INFO: Sample N03-0216 1.1 has a new calculated value of 2036.67739871889.
INFO: Sample A01-0408 1.1 has a new calculated value of 66647.2251713276.
INFO: Sample A01-0408 1.1 has a new calculated value of 10656.4359180629.
INFO: Sample A01-0408 1.1 has a new calculated value of 77320.6239938738.
INFO: Sample A02-0874 1.1 has a new calculated value of 559147.71616459.
INFO: Sample A02-0874 1.1 has a new calculated value of 35317.9116547108.
INFO: Sample A02-0874 1.1 has a new calculated value of 497179.759740828.
INFO: Sample A02-0830 1.1 has a new calculated value of 0.
INFO: Sample A02-0830 1.1 has a new calculated value of 0.
INFO: Sample A02-0830 1.1 has a new calculated value of 0.
INFO: Sample A02-0859 1.1 has a new calculated value of 97835.8326852322.
INFO: Sample A02-0859 1.1 has a new calculated value of 39106.9299727678.
INFO: Sample A02-0859 1.1 has a new calculated value of 100012.554377317.
INFO: Sample L01-0258 1.1 has a new calculated value of 736652.712821961.
INFO: Sample L01-0258 1.1 has a new calculated value of 4452.77702528982.
INFO: Sample L01-0258 1.1 has a new calculated value of 714001.339673996.
INFO: Sample R01-0176 1.1 has a new calculated value of 900492.528676987.
INFO: Sample R01-0176 1.1 has a new calculated value of 7508.15344043075.
INFO: Sample R01-0176 1.1 has a new calculated value of 811098.504066467.
INFO: Sample A02-0862 1.1 has a new calculated value of 8115.35789631306.
INFO: Sample A02-0862 1.1 has a new calculated value of 178901.864290238.
INFO: Sample A02-0862 1.1 has a new calculated value of 8115.35789631306.
INFO: Sample H01-0395 1.1 has a new calculated value of 197143.379151821.
INFO: Sample H01-0395 1.1 has a new calculated value of 2092.39728050306.
INFO: Sample H01-0395 1.1 has a new calculated value of 182430.488169193.
INFO: Sample R01-0165 1.1 has a new calculated value of 484568.84622574.
INFO: Sample R01-0165 1.1 has a new calculated value of 17737.926710397.
INFO: Sample R01-0165 1.1 has a new calculated value of 878109.419345857.
INFO: Sample T01-0062 1.1 has a new calculated value of 107505.501508713.
INFO: Sample T01-0062 1.1 has a new calculated value of 10226.7468720674.
INFO: Sample T01-0062 1.1 has a new calculated value of 122885.968834162.
INFO: Sample A02-0776 1.1 has a new calculated value of 6786.04831919074.
INFO: Sample A02-0776 1.1 has a new calculated value of 0.
INFO: Sample A02-0776 1.1 has a new calculated value of 2261.89401000738.
INFO: Sample A02-0868 1.1 has a new calculated value of 11457.2502113879.
INFO: Sample A02-0868 1.1 has a new calculated value of 34381.1478093266.
INFO: Sample A02-0868 1.1 has a new calculated value of 2291.19926691055.
INFO: Sample D01-0109 1.1 has a new calculated value of 239700.056612492.
INFO: Sample D01-0109 1.1 has a new calculated value of 6460.38805134594.
INFO: Sample D01-0109 1.1 has a new calculated value of 233203.611373901.
INFO: Sample K01-0182 1.1 has a new calculated value of 192313.679158688.
INFO: Sample K01-0182 1.1 has a new calculated value of 4171.36236559598.
INFO: Sample K01-0182 1.1 has a new calculated value of 196504.231095314.
INFO: Sample T01-0060 1.1 has a new calculated value of 90444.5716738701.
INFO: Sample T01-0060 1.1 has a new calculated value of 6950.34918375312.
INFO: Sample T01-0060 1.1 has a new calculated value of 111344.135552645.
INFO: Sample A02-0774 1.1 has a new calculated value of 0.
INFO: Sample A02-0774 1.1 has a new calculated value of 32145.034186542.
INFO: Sample A02-0774 1.1 has a new calculated value of 101877.29537487.
INFO: Sample H01-0398 1.1 has a new calculated value of 322880.203127861.
INFO: Sample H01-0398 1.1 has a new calculated value of 9391.99190586804.
INFO: Sample H01-0398 1.1 has a new calculated value of 287406.865954399.
INFO: Sample A01-0410 1.1 has a new calculated value of 184920.252263546.
INFO: Sample A01-0410 1.1 has a new calculated value of 36462.8487825392.
INFO: Sample A01-0410 1.1 has a new calculated value of 187208.325862885.
INFO: Sample A02-0773 1.1 has a new calculated value of 21487.7032488585.
INFO: Sample A02-0773 1.1 has a new calculated value of 2148.27469317242.
INFO: Sample A02-0773 1.1 has a new calculated value of 10742.4745894968.
INFO: Sample N03-0210 1.1 has a new calculated value of 11735.0587807596.
INFO: Sample N03-0210 1.1 has a new calculated value of 4693.62940639257.
INFO: Sample N03-0210 1.1 has a new calculated value of 9387.784358114.
INFO: Sample H01-0394 1.1 has a new calculated value of 106182.995885611.
INFO: Sample H01-0394 1.1 has a new calculated value of 6769.60724405943.
INFO: Sample H01-0394 1.1 has a new calculated value of 97135.6661617755.
INFO: Sample A02-0866 1.1 has a new calculated value of 22040.1352643967.
INFO: Sample A02-0866 1.1 has a new calculated value of 17141.324467957.
INFO: Sample A02-0866 1.1 has a new calculated value of 14692.1356581152.
INFO: Sample H01-0393 1.1 has a new calculated value of 128987.730592489.
INFO: Sample H01-0393 1.1 has a new calculated value of 0.
INFO: Sample H01-0393 1.1 has a new calculated value of 104388.013333082.
INFO: Sample A02-0775 1.1 has a new calculated value of 1315831.98308945.
INFO: Sample A02-0775 1.1 has a new calculated value of 2496.01091723889.
INFO: Sample A02-0775 1.1 has a new calculated value of 1125674.046278.
INFO: Sample R01-0170 1.1 has a new calculated value of 1021984.78102684.
INFO: Sample R01-0170 1.1 has a new calculated value of 5472.58101403715.
INFO: Sample R01-0170 1.1 has a new calculated value of 1094943.16220284.
INFO: Sample O01-0209 1.1 has a new calculated value of 22196.6755762696.
INFO: Sample O01-0209 1.1 has a new calculated value of 0.
INFO: Sample O01-0209 1.1 has a new calculated value of 22196.6755762696.
INFO: Sample A02-0863 1.1 has a new calculated value of 0.
INFO: Sample A02-0863 1.1 has a new calculated value of 52335.1925611496.
INFO: Sample A02-0863 1.1 has a new calculated value of 0.
INFO: Sample H01-0396 1.1 has a new calculated value of 134226.850569248.
INFO: Sample H01-0396 1.1 has a new calculated value of 2127.2308495827.
INFO: Sample H01-0396 1.1 has a new calculated value of 144898.202419281.
INFO: Sample C01-0301 1.1 has a new calculated value of 188082.493543625.
INFO: Sample C01-0301 1.1 has a new calculated value of 0.
INFO: Sample C01-0301 1.1 has a new calculated value of 183370.141983032.
LOW : WaTCH status of A01-0406 1.1 has been changed to Complete.
LOW : WaTCH status of A01-0408 1.1 has been changed to Complete.
LOW : WaTCH status of A02-0830 1.1 has been changed to Complete.
LOW : WaTCH status of T01-0063 1.1 has been changed to Complete.
LOW : WaTCH status of A01-0407 1.1 has been changed to Complete.
LOW : WaTCH status of A04-0212 1.1 has been changed to Complete.
LOW : WaTCH status of A04-0213 1.1 has been changed to Complete.
LOW : WaTCH status of A02-0867 1.1 has been changed to Complete.
LOW : WaTCH status of A04-0209 1.1 has been changed to Complete.
LOW : WaTCH status of A02-0776 1.1 has been changed to Complete.
LOW : WaTCH status of H01-0399 1.1 has been changed to Complete.
LOW : WaTCH status of A02-0876 1.1 has been changed to Complete.
LOW : WaTCH status of A02-0878 1.1 has been changed to Complete.
LOW : WaTCH status of L01-0267 1.1 has been changed to Complete.
LOW : WaTCH status of L01-0266 1.1 has been changed to Complete.
LOW : WaTCH status of T01-0061 1.1 has been changed to Complete.
LOW : WaTCH status of H01-0394 1.1 has been changed to Complete.
LOW : WaTCH status of T01-0062 1.1 has been changed to Complete.
LOW : WaTCH status of E02-0224 1.1 has been changed to Complete.
LOW : WaTCH status of D01-0181 1.1 has been changed to Complete.
LOW : WaTCH status of A02-0868 1.1 has been changed to Complete.
LOW : WaTCH status of A02-0866 1.1 has been changed to Complete.
LOW : WaTCH status of K01-0194 1.1 has been changed to Complete.
LOW : WaTCH status of D01-0118 1.1 has been changed to Complete.
LOW : WaTCH status of R01-0106 1.1 has been changed to Complete.
LOW : WaTCH status of N03-0217 1.1 has been changed to Complete.
LOW : WaTCH status of B01-0289 1.1 has been changed to Complete.
LOW : WaTCH status of A01-0410 1.1 has been changed to Complete.
LOW : WaTCH status of E02-0222 1.1 has been changed to Complete.
LOW : WaTCH status of E02-0221 1.1 has been changed to Complete.
LOW : WaTCH status of N03-0216 1.1 has been changed to Complete.
LOW : WaTCH status of T01-0064 1.1 has been changed to Complete.
LOW : WaTCH status of N03-0210 1.1 has been changed to Complete.
LOW : WaTCH status of O01-0211 1.1 has been changed to Complete.
LOW : WaTCH status of O01-0215 1.1 has been changed to Complete.
LOW : WaTCH status of R01-0170 1.1 has been changed to Complete.
LOW : WaTCH status of O01-0209 1.1 has been changed to Complete.
LOW : WaTCH status of H01-0393 1.1 has been changed to Complete.
LOW : WaTCH status of H01-0395 1.1 has been changed to Complete.
LOW : WaTCH status of E02-0225 1.1 has been changed to Complete.
LOW : WaTCH status of B01-0297 1.1 has been changed to Complete.
LOW : WaTCH status of E02-0223 1.1 has been changed to Complete.
LOW : WaTCH status of R01-0176 1.1 has been changed to Complete.
LOW : WaTCH status of R01-0149 1.1 has been changed to Complete.
LOW : WaTCH status of L01-0258 1.1 has been changed to Complete.
LOW : WaTCH status of L01-0256 1.1 has been changed to Complete.
LOW : WaTCH status of A02-0771 1.1 has been changed to Complete.
LOW : WaTCH status of A02-0772 1.1 has been changed to Complete.
LOW : WaTCH status of N03-0203 1.1 has been changed to Complete.
LOW : WaTCH status of A02-0871 1.1 has been changed to Complete.
LOW : WaTCH status of L01-0262 1.1 has been changed to Complete.
LOW : WaTCH status of A02-0861 1.1 has been changed to Complete.
LOW : WaTCH status of T01-0060 1.1 has been changed to Complete.
LOW : WaTCH status of A02-0831 1.1 has been changed to Complete.
LOW : WaTCH status of A02-0859 1.1 has been changed to Complete.
LOW : WaTCH status of A02-0863 1.1 has been changed to Complete.
LOW : WaTCH status of C01-0304 1.1 has been changed to Complete.
LOW : WaTCH status of L01-0265 1.1 has been changed to Complete.
LOW : WaTCH status of A04-0210 1.1 has been changed to Complete.
LOW : WaTCH status of B01-0294 1.1 has been changed to Complete.
LOW : WaTCH status of A02-0875 1.1 has been changed to Complete.
LOW : WaTCH status of A02-0775 1.1 has been changed to Complete.
LOW : WaTCH status of A02-0773 1.1 has been changed to Complete.
LOW : WaTCH status of C01-0302 1.1 has been changed to Complete.
LOW : WaTCH status of K01-0177 1.1 has been changed to Complete.
LOW : WaTCH status of C01-0301 1.1 has been changed to Complete.
LOW : WaTCH status of D01-0104 1.1 has been changed to Complete.
LOW : WaTCH status of K01-0181 1.1 has been changed to Complete.
LOW : WaTCH status of K01-0182 1.1 has been changed to Complete.
LOW : WaTCH status of A01-0409 1.1 has been changed to Complete.
LOW : WaTCH status of D01-0109 1.1 has been changed to Complete.
LOW : WaTCH status of L01-0251 1.1 has been changed to Complete.
LOW : WaTCH status of L01-0255 1.1 has been changed to Complete.
LOW : WaTCH status of D01-0112 1.1 has been changed to Complete.
LOW : WaTCH status of A01-0411 1.1 has been changed to Complete.
LOW : WaTCH status of R01-0165 1.1 has been changed to Complete.
LOW : WaTCH status of H01-0397 1.1 has been changed to Complete.
LOW : WaTCH status of A02-0869 1.1 has been changed to Complete.
LOW : WaTCH status of B01-0293 1.1 has been changed to Complete.
LOW : WaTCH status of A02-0874 1.1 has been changed to Complete.
LOW : WaTCH status of B01-0295 1.1 has been changed to Complete.
LOW : WaTCH status of O01-0210 1.1 has been changed to Complete.
LOW : WaTCH status of H01-0398 1.1 has been changed to Complete.
LOW : WaTCH status of C01-0303 1.1 has been changed to Complete.
LOW : WaTCH status of C01-0305 1.1 has been changed to Complete.
LOW : WaTCH status of A04-0208 1.1 has been changed to Complete.
LOW : WaTCH status of N03-0211 1.1 has been changed to Complete.
LOW : WaTCH status of H01-0396 1.1 has been changed to Complete.
LOW : WaTCH status of A02-0879 1.1 has been changed to Complete.
LOW : WaTCH status of O01-0216 1.1 has been changed to Complete.
#
# WaTCHdb update complete.
# 2022-11-22.13-58-48.
