# WaTCHdb update log.
# Command: 2_updateWaTCH.pl.
# Data output written to DB/INCREMENTAL/watchdb.2022-03-31.15-27-41.txt and DB/watchdb.LATEST.txt.
# Fatal errors and system warnings are NOT logged here; see STDERR for those.
#
# Run started 2022-03-31.15-27-41.
#
4 molecular targets added.
INFO: Finished WaTCHdb import. 2231 total assets present.
INFO: Finished AssetTiger import. 0 new assets added. 2231 total assets present.
HIGH: Mysterious sample ID A04-0042 found during Run Metadata import, does not exist in AT or WaTCHdb. This is concerning.
HIGH: A04-0042 will be ignored!
HIGH: Mysterious sample ID A04-0041 found during Run Metadata import, does not exist in AT or WaTCHdb. This is concerning.
HIGH: A04-0041 will be ignored!
HIGH: Mysterious sample ID A04-0040 found during Run Metadata import, does not exist in AT or WaTCHdb. This is concerning.
HIGH: A04-0040 will be ignored!
INFO: Sample H01-0166 1.1 has a new calculated value of 6732.27282240986.
INFO: Sample H01-0166 1.1 has a new calculated value of 26935.5804473162.
INFO: Sample H01-0166 1.1 has a new calculated value of 6732.27282240986.
INFO: Sample C01-0131 1.1 has a new calculated value of 26551.6414493322.
INFO: Sample C01-0131 1.1 has a new calculated value of 8848.67836721241.
INFO: Sample C01-0131 1.1 has a new calculated value of 14748.8350979984.
INFO: Sample A03-0231 1.1 has a new calculated value of 7494.28063631056.
INFO: Sample A03-0231 1.1 has a new calculated value of 0.
INFO: Sample A03-0231 1.1 has a new calculated value of 0.
INFO: Sample C01-0135 1.1 has a new calculated value of 13122.030235827.
INFO: Sample C01-0135 1.1 has a new calculated value of 6560.50178222358.
INFO: Sample C01-0135 1.1 has a new calculated value of 6560.50178222358.
INFO: Sample E02-0059 1.1 has a new calculated value of 5850.73848254977.
INFO: Sample E02-0059 1.1 has a new calculated value of 0.
INFO: Sample E02-0059 1.1 has a new calculated value of 2925.26705190539.
INFO: Sample H01-0163 1.1 has a new calculated value of 6266.71079546215.
INFO: Sample H01-0163 1.1 has a new calculated value of 37614.3302768468.
INFO: Sample H01-0163 1.1 has a new calculated value of 40750.3813505173.
INFO: Sample A02-0420 1.1 has a new calculated value of 9473.36968034507.
INFO: Sample A02-0420 1.1 has a new calculated value of 9473.36968034507.
INFO: Sample A02-0420 1.1 has a new calculated value of 3157.55198244005.
INFO: Sample C01-0133 1.1 has a new calculated value of 2937.56905943155.
INFO: Sample C01-0133 1.1 has a new calculated value of 2937.56905943155.
INFO: Sample C01-0133 1.1 has a new calculated value of 2937.56905943155.
INFO: Sample A03-0278 1.1 has a new calculated value of 0.
INFO: Sample A03-0278 1.1 has a new calculated value of 10408.9815728366.
INFO: Sample A03-0278 1.1 has a new calculated value of 20820.5494657159.
INFO: Sample E02-0057 1.1 has a new calculated value of 12376.1295899749.
INFO: Sample E02-0057 1.1 has a new calculated value of 24755.9157013893.
INFO: Sample E02-0057 1.1 has a new calculated value of 9281.7547917366.
INFO: Sample H01-0164 1.1 has a new calculated value of 5634.43729653953.
INFO: Sample H01-0164 1.1 has a new calculated value of 16905.5850058794.
INFO: Sample H01-0164 1.1 has a new calculated value of 16905.5850058794.
INFO: Sample C01-0132 1.1 has a new calculated value of 23759.5029920339.
INFO: Sample C01-0132 1.1 has a new calculated value of 14848.1122031808.
INFO: Sample C01-0132 1.1 has a new calculated value of 11878.0686892569.
INFO: Sample A03-0264 1.1 has a new calculated value of 32282.5869172812.
INFO: Sample A03-0264 1.1 has a new calculated value of 3585.72676777839.
INFO: Sample A03-0264 1.1 has a new calculated value of 14344.7470106184.
INFO: Sample A03-0260 1.1 has a new calculated value of 20862.7438545227.
INFO: Sample A03-0260 1.1 has a new calculated value of 0.
INFO: Sample A03-0260 1.1 has a new calculated value of 0.
INFO: Sample H01-0161 1.1 has a new calculated value of 3091.86412487179.
INFO: Sample H01-0161 1.1 has a new calculated value of 18554.6082258225.
INFO: Sample H01-0161 1.1 has a new calculated value of 15461.6019688547.
INFO: Sample A02-0422 1.1 has a new calculated value of 45950.8466720581.
INFO: Sample A02-0422 1.1 has a new calculated value of 0.
INFO: Sample A02-0422 1.1 has a new calculated value of 0.
INFO: Sample B01-0109 1.1 has a new calculated value of 5671.41604609789.
INFO: Sample B01-0109 1.1 has a new calculated value of 8507.41205736996.
INFO: Sample B01-0109 1.1 has a new calculated value of 11343.5997068882.
INFO: Sample B01-0113 1.1 has a new calculated value of 0.
INFO: Sample B01-0113 1.1 has a new calculated value of 5220.37340328097.
INFO: Sample B01-0113 1.1 has a new calculated value of 5220.37340328097.
INFO: Sample C01-0134 1.1 has a new calculated value of 26948.0916112661.
INFO: Sample C01-0134 1.1 has a new calculated value of 2993.37666481733.
INFO: Sample C01-0134 1.1 has a new calculated value of 8980.77126592396.
INFO: Sample A02-0419 1.1 has a new calculated value of 34398.7636640668.
INFO: Sample A02-0419 1.1 has a new calculated value of 0.
INFO: Sample A02-0419 1.1 has a new calculated value of 3125.99404715001.
INFO: Sample H01-0165 1.1 has a new calculated value of 6221.13168239594.
INFO: Sample H01-0165 1.1 has a new calculated value of 15554.5608513057.
INFO: Sample H01-0165 1.1 has a new calculated value of 3110.45064590871.
INFO: Sample E02-0056 1.1 has a new calculated value of 17045.3874953091.
INFO: Sample E02-0056 1.1 has a new calculated value of 165063.174962998.
INFO: Sample E02-0056 1.1 has a new calculated value of 122312.069088221.
INFO: Sample A02-0424 1.1 has a new calculated value of 9213.06442469359.
INFO: Sample A02-0424 1.1 has a new calculated value of 0.
INFO: Sample A02-0424 1.1 has a new calculated value of 0.
INFO: Sample A03-0229 1.1 has a new calculated value of 8736.62307858468.
INFO: Sample A03-0229 1.1 has a new calculated value of 0.
INFO: Sample A03-0229 1.1 has a new calculated value of 0.
INFO: Sample E02-0060 1.1 has a new calculated value of 10469.6528613567.
INFO: Sample E02-0060 1.1 has a new calculated value of 0.
INFO: Sample E02-0060 1.1 has a new calculated value of 0.
INFO: Sample D01-0024 1.1 has a new calculated value of 8898.46396632493.
INFO: Sample D01-0024 1.1 has a new calculated value of 0.
INFO: Sample D01-0024 1.1 has a new calculated value of 0.
INFO: Sample G01-0129 1.1 has a new calculated value of 5168.86783763766.
INFO: Sample G01-0129 1.1 has a new calculated value of 36195.4683065415.
INFO: Sample G01-0129 1.1 has a new calculated value of 41368.8006252052.
INFO: Sample E02-0058 1.1 has a new calculated value of 14822.905138135.
INFO: Sample E02-0058 1.1 has a new calculated value of 0.
INFO: Sample E02-0058 1.1 has a new calculated value of 0.
INFO: Sample A02-0415 1.1 has a new calculated value of 9902.36543118952.
INFO: Sample A02-0415 1.1 has a new calculated value of 0.
INFO: Sample A02-0415 1.1 has a new calculated value of 0.
INFO: Sample H01-0160 1.1 has a new calculated value of 0.
INFO: Sample H01-0160 1.1 has a new calculated value of 25617.5679713488.
INFO: Sample H01-0160 1.1 has a new calculated value of 25617.5679713488.
INFO: Sample A03-0259 1.1 has a new calculated value of 5491.58345907928.
INFO: Sample A03-0259 1.1 has a new calculated value of 2745.70174980909.
INFO: Sample A03-0259 1.1 has a new calculated value of 2745.70174980909.
INFO: Sample A03-0282 1.1 has a new calculated value of 31498.3968436718.
INFO: Sample A03-0282 1.1 has a new calculated value of 0.
INFO: Sample A03-0282 1.1 has a new calculated value of 0.
INFO: Sample A02-0418 1.1 has a new calculated value of 12991.8680526316.
INFO: Sample A02-0418 1.1 has a new calculated value of 19489.3123582005.
INFO: Sample A02-0418 1.1 has a new calculated value of 6495.43077684937.
INFO: Sample E01-0084 1.1 has a new calculated value of 0.
INFO: Sample E01-0084 1.1 has a new calculated value of 0.
INFO: Sample E01-0084 1.1 has a new calculated value of 14607.9836413264.
INFO: Sample H01-0162 1.1 has a new calculated value of 2848.71792420745.
INFO: Sample H01-0162 1.1 has a new calculated value of 57011.182755232.
INFO: Sample H01-0162 1.1 has a new calculated value of 48454.5616060495.
INFO: Sample A02-0394 1.1 has a new calculated value of 9091.16020426154.
INFO: Sample A02-0394 1.1 has a new calculated value of 0.
INFO: Sample A02-0394 1.1 has a new calculated value of 0.
INFO: Sample A01-0207 1.1 has a new calculated value of 23134.9024549127.
INFO: Sample A01-0207 1.1 has a new calculated value of 17349.9787040055.
INFO: Sample A01-0207 1.1 has a new calculated value of 8674.09167811276.
INFO: Sample A02-0421 1.1 has a new calculated value of 0.
INFO: Sample A02-0421 1.1 has a new calculated value of 0.
INFO: Sample A02-0421 1.1 has a new calculated value of 0.
INFO: Sample D01-0075 1.1 has a new calculated value of 8123.22249636053.
INFO: Sample D01-0075 1.1 has a new calculated value of 0.
INFO: Sample D01-0075 1.1 has a new calculated value of 4061.4140359685.
INFO: Sample G01-0139 1.1 has a new calculated value of 5315.37925824521.
INFO: Sample G01-0139 1.1 has a new calculated value of 0.
INFO: Sample G01-0139 1.1 has a new calculated value of 2657.60548878461.
INFO: Sample G01-0130 1.1 has a new calculated value of 7846.93057648838.
INFO: Sample G01-0130 1.1 has a new calculated value of 0.
INFO: Sample G01-0130 1.1 has a new calculated value of 5231.12372495236.
INFO: Sample A01-0209 1.1 has a new calculated value of 7805.5250365287.
INFO: Sample A01-0209 1.1 has a new calculated value of 5203.52197811006.
INFO: Sample A01-0209 1.1 has a new calculated value of 10407.6884128153.
INFO: Sample G01-0144 1.1 has a new calculated value of 2964.58102762699.
INFO: Sample G01-0144 1.1 has a new calculated value of 0.
INFO: Sample G01-0144 1.1 has a new calculated value of 0.
INFO: Sample A01-0208 1.1 has a new calculated value of 31126.4508962631.
INFO: Sample A01-0208 1.1 has a new calculated value of 15560.3354796767.
INFO: Sample A01-0208 1.1 has a new calculated value of 7779.44577857852.
INFO: Sample B01-0108 1.1 has a new calculated value of 0.
INFO: Sample B01-0108 1.1 has a new calculated value of 5936.93057075141.
INFO: Sample B01-0108 1.1 has a new calculated value of 2968.36044173688.
LOW : WaTCH status of G01-0144 1.1 has been changed to Complete.
LOW : WaTCH status of A02-0422 1.1 has been changed to Complete.
LOW : WaTCH status of A02-0394 1.1 has been changed to Complete.
LOW : WaTCH status of H01-0161 1.1 has been changed to Complete.
LOW : WaTCH status of C01-0133 1.1 has been changed to Complete.
LOW : WaTCH status of H01-0163 1.1 has been changed to Complete.
LOW : WaTCH status of A03-0260 1.1 has been changed to Complete.
LOW : WaTCH status of A02-0418 1.1 has been changed to Complete.
LOW : WaTCH status of A03-0264 1.1 has been changed to Complete.
LOW : WaTCH status of H01-0164 1.1 has been changed to Complete.
LOW : WaTCH status of C01-0132 1.1 has been changed to Complete.
LOW : WaTCH status of G01-0130 1.1 has been changed to Complete.
LOW : WaTCH status of C01-0135 1.1 has been changed to Complete.
LOW : WaTCH status of H01-0166 1.1 has been changed to Complete.
LOW : WaTCH status of A01-0208 1.1 has been changed to Complete.
LOW : WaTCH status of H01-0162 1.1 has been changed to Complete.
LOW : WaTCH status of E02-0060 1.1 has been changed to Complete.
LOW : WaTCH status of G01-0129 1.1 has been changed to Complete.
LOW : WaTCH status of A03-0259 1.1 has been changed to Complete.
LOW : WaTCH status of A03-0282 1.1 has been changed to Complete.
LOW : WaTCH status of C01-0134 1.1 has been changed to Complete.
LOW : WaTCH status of B01-0113 1.1 has been changed to Complete.
LOW : WaTCH status of H01-0160 1.1 has been changed to Complete.
LOW : WaTCH status of A03-0229 1.1 has been changed to Complete.
LOW : WaTCH status of A01-0209 1.1 has been changed to Complete.
LOW : WaTCH status of D01-0075 1.1 has been changed to Complete.
LOW : WaTCH status of A03-0231 1.1 has been changed to Complete.
LOW : WaTCH status of D01-0024 1.1 has been changed to Complete.
LOW : WaTCH status of E02-0058 1.1 has been changed to Complete.
LOW : WaTCH status of E02-0056 1.1 has been changed to Complete.
LOW : WaTCH status of A01-0207 1.1 has been changed to Complete.
LOW : WaTCH status of E02-0057 1.1 has been changed to Complete.
LOW : WaTCH status of H01-0165 1.1 has been changed to Complete.
LOW : WaTCH status of A03-0278 1.1 has been changed to Complete.
LOW : WaTCH status of B01-0108 1.1 has been changed to Complete.
LOW : WaTCH status of A02-0424 1.1 has been changed to Complete.
LOW : WaTCH status of E02-0059 1.1 has been changed to Complete.
LOW : WaTCH status of B01-0109 1.1 has been changed to Complete.
LOW : WaTCH status of C01-0131 1.1 has been changed to Complete.
LOW : WaTCH status of A02-0415 1.1 has been changed to Complete.
LOW : WaTCH status of A02-0419 1.1 has been changed to Complete.
LOW : WaTCH status of G01-0139 1.1 has been changed to Complete.
LOW : WaTCH status of E01-0084 1.1 has been changed to Complete.
LOW : WaTCH status of A02-0420 1.1 has been changed to Complete.
#
# WaTCHdb update complete.
# 2022-03-31.15-27-42.
