# WaTCHdb update log.
# Command: 2_updateWaTCH.pl.
# Data output written to updates/watchdb/watchdb.2022-12-20.21-04-17.txt and updates/watchdb.LATEST.txt.
# Fatal errors and system warnings are NOT logged here; see STDERR for those.
#
# Run started 2022-12-20.21-04-17.
#
4 molecular targets added.
INFO: Finished WaTCHdb import. 6277 total assets present.
INFO: Finished AssetTiger import. 42 new assets added. 6319 total assets present.
INFO: Sample J01-0189 1.1 has a new calculated value of 0.
INFO: Sample J01-0189 1.1 has a new calculated value of 0.
INFO: Sample J01-0189 1.1 has a new calculated value of 2258.84637795389.
INFO: Sample J01-0188 1.1 has a new calculated value of 8334.43013951182.
INFO: Sample J01-0188 1.1 has a new calculated value of 0.
INFO: Sample J01-0188 1.1 has a new calculated value of 10418.2959347963.
INFO: Sample L01-0295 1.1 has a new calculated value of 29701.8365934491.
INFO: Sample L01-0295 1.1 has a new calculated value of 2474.34915974736.
INFO: Sample L01-0295 1.1 has a new calculated value of 27225.8789464831.
INFO: Sample J01-0190 1.1 has a new calculated value of 2368.09690017253.
INFO: Sample J01-0190 1.1 has a new calculated value of 0.
INFO: Sample J01-0190 1.1 has a new calculated value of 4736.32757551969.
LOW : WaTCH status of J01-0190 1.1 has been changed to Complete.
LOW : WaTCH status of J01-0188 1.1 has been changed to Complete.
LOW : WaTCH status of J01-0189 1.1 has been changed to Complete.
LOW : WaTCH status of L01-0295 1.1 has been changed to Complete.
#
# WaTCHdb update complete.
# 2022-12-20.21-04-18.
