# WaTCHdb update log.
# Command: 2_updateWaTCH.pl.
# Data output written to updates/watchdb/watchdb.2023-06-14.09-38-32.txt and updates/watchdb.LATEST.txt.
# Fatal errors and system warnings are NOT logged here; see STDERR for those.
#
# Run started 2023-06-14.09-38-32.
#
4 molecular targets added.
INFO: Finished WaTCHdb import. 8909 total assets present.
INFO: Finished AssetTiger import. 0 new assets added. 8909 total assets present.
HIGH: Mysterious sample ID M03-255 found during Run Metadata import, does not exist in AT or WaTCHdb. This is concerning.
HIGH: M03-255 will be ignored!
INFO: Sample R01-0325 1.1 has a new calculated value of 7638.94468545913.
INFO: Sample R01-0325 1.1 has a new calculated value of 0.
INFO: Sample R01-0325 1.1 has a new calculated value of 0.
INFO: Sample B01-0448 1.1 has a new calculated value of 2576.77024696022.
INFO: Sample B01-0448 1.1 has a new calculated value of 92857.2048246862.
INFO: Sample B01-0448 1.1 has a new calculated value of 98021.5805768966.
INFO: Sample L01-0448 1.1 has a new calculated value of 0.
INFO: Sample L01-0448 1.1 has a new calculated value of 10492.6112294197.
INFO: Sample L01-0448 1.1 has a new calculated value of 7869.22803148627.
INFO: Sample N02-0317 1.1 has a new calculated value of 0.
INFO: Sample N02-0317 1.1 has a new calculated value of 5251.5318710357.
INFO: Sample N02-0317 1.1 has a new calculated value of 7877.52793170512.
INFO: Sample H01-0591 1.1 has a new calculated value of 0.
INFO: Sample H01-0591 1.1 has a new calculated value of 25429.1912913322.
INFO: Sample H01-0591 1.1 has a new calculated value of 20342.1991690993.
INFO: Sample Q01-0372 1.1 has a new calculated value of 7297.6661659777.
INFO: Sample Q01-0372 1.1 has a new calculated value of 77903.1108319759.
INFO: Sample Q01-0372 1.1 has a new calculated value of 87650.5306363104.
INFO: Sample M03-0267 1.1 has a new calculated value of 14325.4111893475.
INFO: Sample M03-0267 1.1 has a new calculated value of 0.
INFO: Sample M03-0267 1.1 has a new calculated value of 2864.71573635936.
INFO: Sample M03-0229 1.2 has a new calculated value of 0.
INFO: Sample M03-0229 1.2 has a new calculated value of 2272.55222853273.
INFO: Sample M03-0229 1.2 has a new calculated value of 0.
INFO: Sample J01-0286 1.1 has a new calculated value of 10201.7797529697.
INFO: Sample J01-0286 1.1 has a new calculated value of 5100.60003027319.
INFO: Sample J01-0286 1.1 has a new calculated value of 2550.22755358368.
INFO: Sample M04-0244 1.1 has a new calculated value of 0.
INFO: Sample M04-0244 1.1 has a new calculated value of 0.
INFO: Sample M04-0244 1.1 has a new calculated value of 0.
INFO: Sample Q01-0370 1.1 has a new calculated value of 10569.9534527957.
INFO: Sample Q01-0370 1.1 has a new calculated value of 227805.277705193.
INFO: Sample Q01-0370 1.1 has a new calculated value of 249055.451452732.
INFO: Sample B01-0447 1.1 has a new calculated value of 0.
INFO: Sample B01-0447 1.1 has a new calculated value of 47846.9505161046.
INFO: Sample B01-0447 1.1 has a new calculated value of 42528.0962884427.
INFO: Sample L01-0438 1.1 has a new calculated value of 4959.473060444.
INFO: Sample L01-0438 1.1 has a new calculated value of 0.
INFO: Sample L01-0438 1.1 has a new calculated value of 2479.66805007309.
INFO: Sample Q01-0369 1.1 has a new calculated value of 4685.66128984092.
INFO: Sample Q01-0369 1.1 has a new calculated value of 168993.243277073.
INFO: Sample Q01-0369 1.1 has a new calculated value of 157236.979007721.
INFO: Sample H01-0589 1.1 has a new calculated value of 16068.8934847712.
INFO: Sample H01-0589 1.1 has a new calculated value of 25712.9942625761.
INFO: Sample H01-0589 1.1 has a new calculated value of 28928.1574264169.
INFO: Sample C01-0428 1.1 has a new calculated value of 2556.4834009856.
INFO: Sample C01-0428 1.1 has a new calculated value of 189574.812948704.
INFO: Sample C01-0428 1.1 has a new calculated value of 169041.538238526.
INFO: Sample M03-0252 1.1 has a new calculated value of 9841.61132946609.
INFO: Sample M03-0252 1.1 has a new calculated value of 0.
INFO: Sample M03-0252 1.1 has a new calculated value of 0.
INFO: Sample L01-0427 1.1 has a new calculated value of 9910.17216816544.
INFO: Sample L01-0427 1.1 has a new calculated value of 7432.42342025043.
INFO: Sample L01-0427 1.1 has a new calculated value of 7432.42342025043.
INFO: Sample B01-0391 1.2 has a new calculated value of 4355.89991044254.
INFO: Sample B01-0391 1.2 has a new calculated value of 113391.235470772.
INFO: Sample B01-0391 1.2 has a new calculated value of 102475.75879097.
INFO: Sample R01-0320 1.1 has a new calculated value of 10014.8215144873.
INFO: Sample R01-0320 1.1 has a new calculated value of 0.
INFO: Sample R01-0320 1.1 has a new calculated value of 0.
INFO: Sample R01-0314 1.1 has a new calculated value of 7173.44583012164.
INFO: Sample R01-0314 1.1 has a new calculated value of 2391.02102816105.
INFO: Sample R01-0314 1.1 has a new calculated value of 0.
INFO: Sample J01-0284 1.1 has a new calculated value of 0.
INFO: Sample J01-0284 1.1 has a new calculated value of 9056.90845102073.
INFO: Sample J01-0284 1.1 has a new calculated value of 0.
INFO: Sample M03-0250 1.1 has a new calculated value of 0.
INFO: Sample M03-0250 1.1 has a new calculated value of 0.
INFO: Sample M03-0250 1.1 has a new calculated value of 0.
INFO: Sample C01-0427 1.1 has a new calculated value of 2849.95826426893.
INFO: Sample C01-0427 1.1 has a new calculated value of 228571.372032165.
INFO: Sample C01-0427 1.1 has a new calculated value of 237165.513932705.
INFO: Sample L01-0404 1.1 has a new calculated value of 5205.77598363163.
INFO: Sample L01-0404 1.1 has a new calculated value of 10412.1571406722.
INFO: Sample L01-0404 1.1 has a new calculated value of 26034.9316522479.
INFO: Sample M03-0249 1.1 has a new calculated value of 7038.61160203813.
INFO: Sample M03-0249 1.1 has a new calculated value of 0.
INFO: Sample M03-0249 1.1 has a new calculated value of 0.
INFO: Sample K01-0294 1.1 has a new calculated value of 14418.8297912479.
INFO: Sample K01-0294 1.1 has a new calculated value of 117889.767587185.
INFO: Sample K01-0294 1.1 has a new calculated value of 96213.2884562016.
INFO: Sample R01-0312 1.1 has a new calculated value of 7675.58103427289.
INFO: Sample R01-0312 1.1 has a new calculated value of 0.
INFO: Sample R01-0312 1.1 has a new calculated value of 0.
INFO: Sample R01-0265 1.1 has a new calculated value of 12954.9928195775.
INFO: Sample R01-0265 1.1 has a new calculated value of 0.
INFO: Sample R01-0265 1.1 has a new calculated value of 0.
INFO: Sample K01-0288 1.1 has a new calculated value of 7082.74042233826.
INFO: Sample K01-0288 1.1 has a new calculated value of 16528.1372889877.
INFO: Sample K01-0288 1.1 has a new calculated value of 2360.7891658321.
INFO: Sample M04-0239 1.1 has a new calculated value of 0.
INFO: Sample M04-0239 1.1 has a new calculated value of 0.
INFO: Sample M04-0239 1.1 has a new calculated value of 2395.11046092957.
INFO: Sample M03-0271 1.1 has a new calculated value of 0.
INFO: Sample M03-0271 1.1 has a new calculated value of 2334.22683086246.
INFO: Sample M03-0271 1.1 has a new calculated value of 2334.22683086246.
INFO: Sample R01-0315 1.1 has a new calculated value of 2889.28206078708.
INFO: Sample R01-0315 1.1 has a new calculated value of 0.
INFO: Sample R01-0315 1.1 has a new calculated value of 2889.28206078708.
INFO: Sample G01-0332 1.1 has a new calculated value of 2375.3050994128.
INFO: Sample G01-0332 1.1 has a new calculated value of 64177.4763911961.
INFO: Sample G01-0332 1.1 has a new calculated value of 52285.8189046382.
INFO: Sample J01-0285 1.1 has a new calculated value of 2369.65283285827.
INFO: Sample J01-0285 1.1 has a new calculated value of 2369.65283285827.
INFO: Sample J01-0285 1.1 has a new calculated value of 2369.65283285827.
INFO: Sample G01-0342 1.1 has a new calculated value of 9636.32483035327.
INFO: Sample G01-0342 1.1 has a new calculated value of 9636.32483035327.
INFO: Sample G01-0342 1.1 has a new calculated value of 7227.04933024944.
INFO: Sample Q01-0373 1.1 has a new calculated value of 18290.3343066573.
INFO: Sample Q01-0373 1.1 has a new calculated value of 59470.9047675132.
INFO: Sample Q01-0373 1.1 has a new calculated value of 57182.1007132532.
INFO: Sample R01-0254 1.1 has a new calculated value of 11953.8289681077.
INFO: Sample R01-0254 1.1 has a new calculated value of 0.
INFO: Sample R01-0254 1.1 has a new calculated value of 0.
INFO: Sample C01-0430 1.1 has a new calculated value of 8282.79823064804.
INFO: Sample C01-0430 1.1 has a new calculated value of 271366.41561985.
INFO: Sample C01-0430 1.1 has a new calculated value of 221400.258243084.
INFO: Sample Q01-0367 1.1 has a new calculated value of 6855.90231791139.
INFO: Sample Q01-0367 1.1 has a new calculated value of 291154.813170433.
INFO: Sample Q01-0367 1.1 has a new calculated value of 240582.88782835.
INFO: Sample M04-0241 1.1 has a new calculated value of 0.
INFO: Sample M04-0241 1.1 has a new calculated value of 0.
INFO: Sample M04-0241 1.1 has a new calculated value of 0.
INFO: Sample M03-0272 1.1 has a new calculated value of 0.
INFO: Sample M03-0272 1.1 has a new calculated value of 0.
INFO: Sample M03-0272 1.1 has a new calculated value of 0.
INFO: Sample R01-0306 1.1 has a new calculated value of 7508.59935767948.
INFO: Sample R01-0306 1.1 has a new calculated value of 0.
INFO: Sample R01-0306 1.1 has a new calculated value of 0.
INFO: Sample G01-0331 1.1 has a new calculated value of 4202.1118104458.
INFO: Sample G01-0331 1.1 has a new calculated value of 16810.8116649091.
INFO: Sample G01-0331 1.1 has a new calculated value of 12607.5181737542.
INFO: Sample B01-0440 1.1 has a new calculated value of 0.
INFO: Sample B01-0440 1.1 has a new calculated value of 32763.264477253.
INFO: Sample B01-0440 1.1 has a new calculated value of 40327.4182230234.
INFO: Sample L01-0440 1.1 has a new calculated value of 18653.0646309256.
INFO: Sample L01-0440 1.1 has a new calculated value of 2664.24806322902.
INFO: Sample L01-0440 1.1 has a new calculated value of 10657.942481339.
INFO: Sample N02-0308 1.1 has a new calculated value of 2889.65472020209.
INFO: Sample N02-0308 1.1 has a new calculated value of 5779.49577011167.
INFO: Sample N02-0308 1.1 has a new calculated value of 5779.49577011167.
INFO: Sample B01-0494 1.1 has a new calculated value of 2440.10563474148.
INFO: Sample B01-0494 1.1 has a new calculated value of 102599.018812179.
INFO: Sample B01-0494 1.1 has a new calculated value of 90372.5199401379.
INFO: Sample Q01-0368 1.1 has a new calculated value of 9653.45123782752.
INFO: Sample Q01-0368 1.1 has a new calculated value of 208008.862137794.
INFO: Sample Q01-0368 1.1 has a new calculated value of 217707.231044769.
INFO: Sample A01-0573 1.1 has a new calculated value of 31595.7788005471.
INFO: Sample A01-0573 1.1 has a new calculated value of 77814.3350780009.
INFO: Sample A01-0573 1.1 has a new calculated value of 89985.0390851499.
INFO: Sample L01-0430 1.1 has a new calculated value of 15076.9877247512.
INFO: Sample L01-0430 1.1 has a new calculated value of 37701.9848674535.
INFO: Sample L01-0430 1.1 has a new calculated value of 37701.9848674535.
INFO: Sample A01-0574 1.1 has a new calculated value of 32510.9347701073.
INFO: Sample A01-0574 1.1 has a new calculated value of 47523.9408016204.
INFO: Sample A01-0574 1.1 has a new calculated value of 60038.6211276054.
INFO: Sample H01-0593 1.1 has a new calculated value of 2533.50220620632.
INFO: Sample H01-0593 1.1 has a new calculated value of 10134.8688080907.
INFO: Sample H01-0593 1.1 has a new calculated value of 15203.1621336937.
INFO: Sample E01-0274 1.1 has a new calculated value of 2358.18028450012.
INFO: Sample E01-0274 1.1 has a new calculated value of 4716.48478880525.
INFO: Sample E01-0274 1.1 has a new calculated value of 4716.48478880525.
INFO: Sample E01-0273 1.1 has a new calculated value of 0.
INFO: Sample E01-0273 1.1 has a new calculated value of 17733.0110035837.
INFO: Sample E01-0273 1.1 has a new calculated value of 22167.3618257046.
INFO: Sample A04-0430 1.1 has a new calculated value of 11656.9659300149.
INFO: Sample A04-0430 1.1 has a new calculated value of 69987.3279780149.
INFO: Sample A04-0430 1.1 has a new calculated value of 3885.31839475037.
INFO: Sample H01-0594 1.1 has a new calculated value of 2517.13624689728.
INFO: Sample H01-0594 1.1 has a new calculated value of 2517.13624689728.
INFO: Sample H01-0594 1.1 has a new calculated value of 5034.4142317772.
INFO: Sample R01-0303 1.1 has a new calculated value of 20367.6249459386.
INFO: Sample R01-0303 1.1 has a new calculated value of 0.
INFO: Sample R01-0303 1.1 has a new calculated value of 0.
INFO: Sample M03-0257 1.1 has a new calculated value of 8055.96755817532.
INFO: Sample M03-0257 1.1 has a new calculated value of 0.
INFO: Sample M03-0257 1.1 has a new calculated value of 0.
INFO: Sample C01-0429 1.1 has a new calculated value of 5253.99450212717.
INFO: Sample C01-0429 1.1 has a new calculated value of 215920.504331589.
INFO: Sample C01-0429 1.1 has a new calculated value of 239682.610630989.
INFO: Sample B01-0496 1.1 has a new calculated value of 2687.89972644299.
INFO: Sample B01-0496 1.1 has a new calculated value of 145377.788543701.
INFO: Sample B01-0496 1.1 has a new calculated value of 145377.788543701.
INFO: Sample A04-0429 1.1 has a new calculated value of 22251.7527267337.
INFO: Sample A04-0429 1.1 has a new calculated value of 121282.339990139.
INFO: Sample A04-0429 1.1 has a new calculated value of 128718.456029892.
INFO: Sample L01-0435 1.1 has a new calculated value of 0.
INFO: Sample L01-0435 1.1 has a new calculated value of 2374.54995978624.
INFO: Sample L01-0435 1.1 has a new calculated value of 2374.54995978624.
INFO: Sample N02-0298 1.1 has a new calculated value of 5237.41487413645.
INFO: Sample N02-0298 1.1 has a new calculated value of 5237.41487413645.
INFO: Sample N02-0298 1.1 has a new calculated value of 5237.41487413645.
INFO: Sample K01-0285 1.1 has a new calculated value of 21103.8173362613.
INFO: Sample K01-0285 1.1 has a new calculated value of 47497.5764751434.
INFO: Sample K01-0285 1.1 has a new calculated value of 23742.4944341183.
INFO: Sample K01-0291 1.1 has a new calculated value of 16495.9770999849.
INFO: Sample K01-0291 1.1 has a new calculated value of 18853.0415296554.
INFO: Sample K01-0291 1.1 has a new calculated value of 49506.1618834735.
INFO: Sample R01-0321 1.1 has a new calculated value of 23153.6522135139.
INFO: Sample R01-0321 1.1 has a new calculated value of 0.
INFO: Sample R01-0321 1.1 has a new calculated value of 0.
INFO: Sample E01-0275 1.1 has a new calculated value of 4434.56900306046.
INFO: Sample E01-0275 1.1 has a new calculated value of 0.
INFO: Sample E01-0275 1.1 has a new calculated value of 6652.01780386269.
INFO: Sample H01-0595 1.1 has a new calculated value of 9805.1830753684.
INFO: Sample H01-0595 1.1 has a new calculated value of 9805.1830753684.
INFO: Sample H01-0595 1.1 has a new calculated value of 6536.55018657447.
INFO: Sample M03-0266 1.1 has a new calculated value of 10184.3911036849.
INFO: Sample M03-0266 1.1 has a new calculated value of 0.
INFO: Sample M03-0266 1.1 has a new calculated value of 0.
INFO: Sample E01-0272 1.1 has a new calculated value of 0.
INFO: Sample E01-0272 1.1 has a new calculated value of 0.
INFO: Sample E01-0272 1.1 has a new calculated value of 0.
INFO: Sample C01-0426 1.1 has a new calculated value of 2504.05521132052.
INFO: Sample C01-0426 1.1 has a new calculated value of 90234.2516183855.
INFO: Sample C01-0426 1.1 has a new calculated value of 75182.5909316539.
INFO: Sample H01-0592 1.1 has a new calculated value of 0.
INFO: Sample H01-0592 1.1 has a new calculated value of 18548.2804477215.
INFO: Sample H01-0592 1.1 has a new calculated value of 21198.6618116498.
INFO: Sample Q01-0371 1.1 has a new calculated value of 4939.24752809106.
INFO: Sample Q01-0371 1.1 has a new calculated value of 195515.415966511.
INFO: Sample Q01-0371 1.1 has a new calculated value of 180636.168122292.
INFO: Sample N02-0301 1.1 has a new calculated value of 0.
INFO: Sample N02-0301 1.1 has a new calculated value of 4985.40580272675.
INFO: Sample N02-0301 1.1 has a new calculated value of 7478.31679880619.
INFO: Sample M04-0238 1.1 has a new calculated value of 2505.17504755408.
INFO: Sample M04-0238 1.1 has a new calculated value of 0.
INFO: Sample M04-0238 1.1 has a new calculated value of 0.
INFO: Sample G01-0348 1.1 has a new calculated value of 4886.99717447163.
INFO: Sample G01-0348 1.1 has a new calculated value of 26885.0813806057.
INFO: Sample G01-0348 1.1 has a new calculated value of 19551.1865615845.
INFO: Sample R01-0305 1.1 has a new calculated value of 0.
INFO: Sample R01-0305 1.1 has a new calculated value of 0.
INFO: Sample R01-0305 1.1 has a new calculated value of 0.
INFO: Sample H01-0590 1.1 has a new calculated value of 12739.5362220704.
INFO: Sample H01-0590 1.1 has a new calculated value of 15287.8789789975.
INFO: Sample H01-0590 1.1 has a new calculated value of 15287.8789789975.
INFO: Sample G01-0338 1.1 has a new calculated value of 4432.15653765948.
INFO: Sample G01-0338 1.1 has a new calculated value of 6648.39950390161.
INFO: Sample G01-0338 1.1 has a new calculated value of 8864.7515606135.
INFO: Sample M03-0263 1.1 has a new calculated value of 9255.19086420536.
INFO: Sample M03-0263 1.1 has a new calculated value of 0.
INFO: Sample M03-0263 1.1 has a new calculated value of 0.
LOW : WaTCH status of M03-0263 1.1 has been changed to Complete.
LOW : WaTCH status of Q01-0371 1.1 has been changed to Complete.
LOW : WaTCH status of H01-0592 1.1 has been changed to Complete.
LOW : WaTCH status of B01-0496 1.1 has been changed to Complete.
LOW : WaTCH status of N02-0308 1.1 has been changed to Complete.
LOW : WaTCH status of Q01-0373 1.1 has been changed to Complete.
LOW : WaTCH status of M03-0271 1.1 has been changed to Complete.
LOW : WaTCH status of R01-0325 1.1 has been changed to Complete.
LOW : WaTCH status of N02-0317 1.1 has been changed to Complete.
LOW : WaTCH status of R01-0321 1.1 has been changed to Complete.
LOW : WaTCH status of H01-0589 1.1 has been changed to Complete.
LOW : WaTCH status of A01-0574 1.1 has been changed to Complete.
LOW : WaTCH status of H01-0594 1.1 has been changed to Complete.
LOW : WaTCH status of C01-0430 1.1 has been changed to Complete.
LOW : WaTCH status of M04-0239 1.1 has been changed to Complete.
LOW : WaTCH status of A04-0430 1.1 has been changed to Complete.
LOW : WaTCH status of J01-0284 1.1 has been changed to Complete.
LOW : WaTCH status of Q01-0369 1.1 has been changed to Complete.
LOW : WaTCH status of L01-0427 1.1 has been changed to Complete.
LOW : WaTCH status of G01-0331 1.1 has been changed to Complete.
LOW : WaTCH status of E01-0273 1.1 has been changed to Complete.
LOW : WaTCH status of R01-0254 1.1 has been changed to Complete.
LOW : WaTCH status of B01-0494 1.1 has been changed to Complete.
LOW : WaTCH status of N02-0298 1.1 has been changed to Complete.
LOW : WaTCH status of R01-0314 1.1 has been changed to Complete.
LOW : WaTCH status of M04-0241 1.1 has been changed to Complete.
LOW : WaTCH status of L01-0435 1.1 has been changed to Complete.
LOW : WaTCH status of E01-0275 1.1 has been changed to Complete.
LOW : WaTCH status of R01-0306 1.1 has been changed to Complete.
LOW : WaTCH status of A04-0429 1.1 has been changed to Complete.
LOW : WaTCH status of H01-0590 1.1 has been changed to Complete.
LOW : WaTCH status of C01-0429 1.1 has been changed to Complete.
LOW : WaTCH status of J01-0286 1.1 has been changed to Complete.
LOW : WaTCH status of K01-0285 1.1 has been changed to Complete.
LOW : WaTCH status of R01-0312 1.1 has been changed to Complete.
LOW : WaTCH status of K01-0294 1.1 has been changed to Complete.
LOW : WaTCH status of K01-0288 1.1 has been changed to Complete.
LOW : WaTCH status of M03-0267 1.1 has been changed to Complete.
LOW : WaTCH status of C01-0428 1.1 has been changed to Complete.
LOW : WaTCH status of Q01-0370 1.1 has been changed to Complete.
LOW : WaTCH status of L01-0438 1.1 has been changed to Complete.
LOW : WaTCH status of Q01-0367 1.1 has been changed to Complete.
LOW : WaTCH status of M03-0249 1.1 has been changed to Complete.
LOW : WaTCH status of G01-0348 1.1 has been changed to Complete.
LOW : WaTCH status of E01-0274 1.1 has been changed to Complete.
LOW : WaTCH status of B01-0448 1.1 has been changed to Complete.
LOW : WaTCH status of M03-0266 1.1 has been changed to Complete.
LOW : WaTCH status of M04-0244 1.1 has been changed to Complete.
LOW : WaTCH status of M03-0252 1.1 has been changed to Complete.
LOW : WaTCH status of L01-0440 1.1 has been changed to Complete.
LOW : WaTCH status of L01-0404 1.1 has been changed to Complete.
LOW : WaTCH status of R01-0315 1.1 has been changed to Complete.
LOW : WaTCH status of R01-0320 1.1 has been changed to Complete.
LOW : WaTCH status of G01-0342 1.1 has been changed to Complete.
LOW : WaTCH status of K01-0291 1.1 has been changed to Complete.
LOW : WaTCH status of E01-0272 1.1 has been changed to Complete.
LOW : WaTCH status of L01-0430 1.1 has been changed to Complete.
LOW : WaTCH status of J01-0285 1.1 has been changed to Complete.
LOW : WaTCH status of B01-0447 1.1 has been changed to Complete.
LOW : WaTCH status of C01-0426 1.1 has been changed to Complete.
LOW : WaTCH status of Q01-0368 1.1 has been changed to Complete.
LOW : WaTCH status of M04-0238 1.1 has been changed to Complete.
LOW : WaTCH status of B01-0440 1.1 has been changed to Complete.
LOW : WaTCH status of N02-0301 1.1 has been changed to Complete.
LOW : WaTCH status of G01-0332 1.1 has been changed to Complete.
LOW : WaTCH status of C01-0427 1.1 has been changed to Complete.
LOW : WaTCH status of M03-0257 1.1 has been changed to Complete.
LOW : WaTCH status of H01-0595 1.1 has been changed to Complete.
LOW : WaTCH status of R01-0305 1.1 has been changed to Complete.
LOW : WaTCH status of M03-0250 1.1 has been changed to Complete.
LOW : WaTCH status of H01-0591 1.1 has been changed to Complete.
LOW : WaTCH status of R01-0265 1.1 has been changed to Complete.
LOW : WaTCH status of Q01-0372 1.1 has been changed to Complete.
LOW : WaTCH status of L01-0448 1.1 has been changed to Complete.
LOW : WaTCH status of H01-0593 1.1 has been changed to Complete.
LOW : WaTCH status of R01-0303 1.1 has been changed to Complete.
LOW : WaTCH status of A01-0573 1.1 has been changed to Complete.
LOW : WaTCH status of M03-0272 1.1 has been changed to Complete.
LOW : WaTCH status of G01-0338 1.1 has been changed to Complete.
#
# WaTCHdb update complete.
# 2023-06-14.09-38-33.
