# WaTCHdb update log.
# Command: 2_updateWaTCH.pl.
# Data output written to DB/INCREMENTAL/watchdb.2022-04-28.14-56-45.txt and DB/watchdb.LATEST.txt.
# Fatal errors and system warnings are NOT logged here; see STDERR for those.
#
# Run started 2022-04-28.14-56-45.
#
4 molecular targets added.
INFO: Finished WaTCHdb import. 2697 total assets present.
INFO: Finished AssetTiger import. 20 new assets added. 2717 total assets present.
INFO: Sample A04-0064 1.1 has a new calculated value of 13673.5682934522.
INFO: Sample A04-0064 1.1 has a new calculated value of 235350.860059261.
INFO: Sample A04-0064 1.1 has a new calculated value of 203283.702135086.
INFO: Sample N02-0074 1.1 has a new calculated value of 0.
INFO: Sample N02-0074 1.1 has a new calculated value of 5611.0531836748.
INFO: Sample N02-0074 1.1 has a new calculated value of 11222.858056426.
INFO: Sample A01-0236 1.1 has a new calculated value of 67638.0193233491.
INFO: Sample A01-0236 1.1 has a new calculated value of 35057.9397752881.
INFO: Sample A01-0236 1.1 has a new calculated value of 40068.612098694.
INFO: Sample B01-0166 1.1 has a new calculated value of 0.
INFO: Sample B01-0166 1.1 has a new calculated value of 32754.2293444276.
INFO: Sample B01-0166 1.1 has a new calculated value of 21833.3103507757.
INFO: Sample C01-0160 1.1 has a new calculated value of 5746.45383283498.
INFO: Sample C01-0160 1.1 has a new calculated value of 11493.6965145171.
INFO: Sample C01-0160 1.1 has a new calculated value of 8619.97696571052.
INFO: Sample B01-0149 1.1 has a new calculated value of 0.
INFO: Sample B01-0149 1.1 has a new calculated value of 20110.5218008161.
INFO: Sample B01-0149 1.1 has a new calculated value of 14363.6740744114.
INFO: Sample A03-0330 1.1 has a new calculated value of 2409.34530738741.
INFO: Sample A03-0330 1.1 has a new calculated value of 185926.037728787.
INFO: Sample A03-0330 1.1 has a new calculated value of 176247.204244137.
INFO: Sample A04-0063 1.1 has a new calculated value of 17706.1678469181.
INFO: Sample A04-0063 1.1 has a new calculated value of 350451.852679253.
INFO: Sample A04-0063 1.1 has a new calculated value of 309669.263362884.
INFO: Sample A01-0235 1.1 has a new calculated value of 16744.1342957318.
INFO: Sample A01-0235 1.1 has a new calculated value of 43069.8687583208.
INFO: Sample A01-0235 1.1 has a new calculated value of 62226.2529283762.
INFO: Sample A02-0466 1.2 has a new calculated value of 0.
INFO: Sample A02-0466 1.2 has a new calculated value of 4827.15401798486.
INFO: Sample A02-0466 1.2 has a new calculated value of 4827.15401798486.
INFO: Sample C01-0157 1.1 has a new calculated value of 2645.19306365401.
INFO: Sample C01-0157 1.1 has a new calculated value of 5290.55334627628.
INFO: Sample C01-0157 1.1 has a new calculated value of 5290.55334627628.
INFO: Sample N02-0051 1.1 has a new calculated value of 0.
INFO: Sample N02-0051 1.1 has a new calculated value of 5886.48405857383.
INFO: Sample N02-0051 1.1 has a new calculated value of 5886.48405857383.
INFO: Sample N02-0062 1.1 has a new calculated value of 0.
INFO: Sample N02-0062 1.1 has a new calculated value of 5522.33529277146.
INFO: Sample N02-0062 1.1 has a new calculated value of 2761.07687037438.
INFO: Sample A03-0309 1.1 has a new calculated value of 9764.52073082328.
INFO: Sample A03-0309 1.1 has a new calculated value of 0.
INFO: Sample A03-0309 1.1 has a new calculated value of 0.
INFO: Sample C01-0156 1.1 has a new calculated value of 14893.1360431015.
INFO: Sample C01-0156 1.1 has a new calculated value of 19858.6910963058.
INFO: Sample C01-0156 1.1 has a new calculated value of 14893.1360431015.
INFO: Sample A03-0308 1.1 has a new calculated value of 0.
INFO: Sample A03-0308 1.1 has a new calculated value of 0.
INFO: Sample A03-0308 1.1 has a new calculated value of 0.
INFO: Sample C01-0159 1.1 has a new calculated value of 24979.6939641237.
INFO: Sample C01-0159 1.1 has a new calculated value of 5549.75708015262.
INFO: Sample C01-0159 1.1 has a new calculated value of 2774.78670235723.
INFO: Sample N02-0055 1.1 has a new calculated value of 0.
INFO: Sample N02-0055 1.1 has a new calculated value of 2685.0163936615.
INFO: Sample N02-0055 1.1 has a new calculated value of 2685.0163936615.
INFO: Sample C01-0158 1.1 has a new calculated value of 12087.8982357681.
INFO: Sample C01-0158 1.1 has a new calculated value of 1922838.39225769.
INFO: Sample C01-0158 1.1 has a new calculated value of 1576302.0157814.
INFO: Sample A01-0234 1.1 has a new calculated value of 17473.1155671179.
INFO: Sample A01-0234 1.1 has a new calculated value of 59938.1793290378.
INFO: Sample A01-0234 1.1 has a new calculated value of 77436.307668686.
LOW : WaTCH status of N02-0055 1.1 has been changed to Complete.
LOW : WaTCH status of N02-0074 1.1 has been changed to Complete.
LOW : WaTCH status of C01-0157 1.1 has been changed to Complete.
LOW : WaTCH status of A01-0236 1.1 has been changed to Complete.
LOW : WaTCH status of A04-0063 1.1 has been changed to Complete.
LOW : WaTCH status of A01-0235 1.1 has been changed to Complete.
LOW : WaTCH status of C01-0158 1.1 has been changed to Complete.
LOW : WaTCH status of A01-0234 1.1 has been changed to Complete.
LOW : WaTCH status of B01-0166 1.1 has been changed to Complete.
LOW : WaTCH status of B01-0149 1.1 has been changed to Complete.
LOW : WaTCH status of A03-0330 1.1 has been changed to Complete.
LOW : WaTCH status of C01-0159 1.1 has been changed to Complete.
LOW : WaTCH status of C01-0156 1.1 has been changed to Complete.
LOW : WaTCH status of N02-0051 1.1 has been changed to Complete.
LOW : WaTCH status of C01-0160 1.1 has been changed to Complete.
LOW : WaTCH status of N02-0062 1.1 has been changed to Complete.
LOW : WaTCH status of A03-0309 1.1 has been changed to Complete.
LOW : WaTCH status of A04-0064 1.1 has been changed to Complete.
#
# WaTCHdb update complete.
# 2022-04-28.14-56-46.
