# WaTCHdb update log.
# Command: 2_updateWaTCH.pl.
# Data output written to updates/watchdb/watchdb.2023-03-06.10-24-45.txt and updates/watchdb.LATEST.txt.
# Fatal errors and system warnings are NOT logged here; see STDERR for those.
#
# Run started 2023-03-06.10-24-45.
#
4 molecular targets added.
INFO: Finished WaTCHdb import. 7304 total assets present.
INFO: Finished AssetTiger import. 74 new assets added. 7378 total assets present.
INFO: Sample G01-0313 1.1 has a new calculated value of 0.
INFO: Sample G01-0313 1.1 has a new calculated value of 44372.0405548811.
INFO: Sample G01-0313 1.1 has a new calculated value of 44372.0405548811.
INFO: Sample C01-0362 1.1 has a new calculated value of 2672.6700598374.
INFO: Sample C01-0362 1.1 has a new calculated value of 74895.0804769992.
INFO: Sample C01-0362 1.1 has a new calculated value of 74895.0804769992.
INFO: Sample A02-1067 1.2 has a new calculated value of 49487.9344850777.
INFO: Sample A02-1067 1.2 has a new calculated value of 24737.1340915561.
INFO: Sample A02-1067 1.2 has a new calculated value of 16489.9062551558.
INFO: Sample J01-0232 1.1 has a new calculated value of 0.
INFO: Sample J01-0232 1.1 has a new calculated value of 10127.9963739216.
INFO: Sample J01-0232 1.1 has a new calculated value of 12660.3529974818.
INFO: Sample A04-0328 1.1 has a new calculated value of 13541.8453998864.
INFO: Sample A04-0328 1.1 has a new calculated value of 189959.253072739.
INFO: Sample A04-0328 1.1 has a new calculated value of 165490.762889385.
INFO: Sample R02-0248 1.1 has a new calculated value of 0.
INFO: Sample R02-0248 1.1 has a new calculated value of 224477.953612804.
INFO: Sample R02-0248 1.1 has a new calculated value of 222133.855819702.
INFO: Sample R02-0226 1.1 has a new calculated value of 0.
INFO: Sample R02-0226 1.1 has a new calculated value of 31669.6396842599.
INFO: Sample R02-0226 1.1 has a new calculated value of 31669.6396842599.
INFO: Sample L01-0359 1.1 has a new calculated value of 0.
INFO: Sample L01-0359 1.1 has a new calculated value of 520248.885154722.
INFO: Sample L01-0359 1.1 has a new calculated value of 592583.491802216.
INFO: Sample E01-0244 1.1 has a new calculated value of 12541.6519492865.
INFO: Sample E01-0244 1.1 has a new calculated value of 179050.758183003.
INFO: Sample E01-0244 1.1 has a new calculated value of 179050.758183003.
INFO: Sample R01-0158 1.1 has a new calculated value of 0.
INFO: Sample R01-0158 1.1 has a new calculated value of 12319.2634619773.
INFO: Sample R01-0158 1.1 has a new calculated value of 0.
INFO: Sample L01-0355 1.1 has a new calculated value of 4873.70937131344.
INFO: Sample L01-0355 1.1 has a new calculated value of 455537.917613982.
INFO: Sample L01-0355 1.1 has a new calculated value of 428468.311429024.
INFO: Sample D01-0250 1.1 has a new calculated value of 10062.0452128351.
INFO: Sample D01-0250 1.1 has a new calculated value of 287657.428979873.
INFO: Sample D01-0250 1.1 has a new calculated value of 259820.36948204.
INFO: Sample M03-0222 1.1 has a new calculated value of 2317.08768289536.
INFO: Sample M03-0222 1.1 has a new calculated value of 16222.1318855882.
INFO: Sample M03-0222 1.1 has a new calculated value of 30131.4906030893.
INFO: Sample M03-0218 1.1 has a new calculated value of 2841.46486781538.
INFO: Sample M03-0218 1.1 has a new calculated value of 31266.0272419453.
INFO: Sample M03-0218 1.1 has a new calculated value of 45485.0712418557.
INFO: Sample G01-0305 1.1 has a new calculated value of 12172.8539653123.
INFO: Sample G01-0305 1.1 has a new calculated value of 345162.339806557.
INFO: Sample G01-0305 1.1 has a new calculated value of 437246.748805047.
INFO: Sample A04-0329 1.1 has a new calculated value of 32575.8369639516.
INFO: Sample A04-0329 1.1 has a new calculated value of 186000.272333622.
INFO: Sample A04-0329 1.1 has a new calculated value of 176191.519796848.
INFO: Sample O01-0263 1.1 has a new calculated value of 0.
INFO: Sample O01-0263 1.1 has a new calculated value of 11421.2615042925.
INFO: Sample O01-0263 1.1 has a new calculated value of 17132.9847536981.
INFO: Sample A01-0501 1.1 has a new calculated value of 68579.6733945608.
INFO: Sample A01-0501 1.1 has a new calculated value of 79562.1693134308.
INFO: Sample A01-0501 1.1 has a new calculated value of 85054.417401552.
INFO: Sample L01-0358 1.1 has a new calculated value of 16392.5296068192.
INFO: Sample L01-0358 1.1 has a new calculated value of 838988.631963731.
INFO: Sample L01-0358 1.1 has a new calculated value of 867625.114917754.
INFO: Sample E01-0241 1.1 has a new calculated value of 11660.5056636035.
INFO: Sample E01-0241 1.1 has a new calculated value of 157673.400342465.
INFO: Sample E01-0241 1.1 has a new calculated value of 210354.743599892.
INFO: Sample L01-0360 1.1 has a new calculated value of 2513.60659953207.
INFO: Sample L01-0360 1.1 has a new calculated value of 632831.490039824.
INFO: Sample L01-0360 1.1 has a new calculated value of 648129.798173903.
INFO: Sample O01-0277 1.1 has a new calculated value of 0.
INFO: Sample O01-0277 1.1 has a new calculated value of 7956.79078437389.
INFO: Sample O01-0277 1.1 has a new calculated value of 5304.37041074036.
INFO: Sample A01-0500 1.1 has a new calculated value of 28540.4238849878.
INFO: Sample A01-0500 1.1 has a new calculated value of 269000.370204449.
INFO: Sample A01-0500 1.1 has a new calculated value of 286225.533485413.
INFO: Sample R01-0155 1.1 has a new calculated value of 10319.2449733615.
INFO: Sample R01-0155 1.1 has a new calculated value of 17200.0613249838.
INFO: Sample R01-0155 1.1 has a new calculated value of 3439.4839592278.
INFO: Sample N03-0263 1.1 has a new calculated value of 0.
INFO: Sample N03-0263 1.1 has a new calculated value of 90900.0527858735.
INFO: Sample N03-0263 1.1 has a new calculated value of 122039.813250303.
INFO: Sample G01-0312 1.1 has a new calculated value of 0.
INFO: Sample G01-0312 1.1 has a new calculated value of 517796.866893769.
INFO: Sample G01-0312 1.1 has a new calculated value of 444663.040637971.
INFO: Sample J01-0233 1.1 has a new calculated value of 0.
INFO: Sample J01-0233 1.1 has a new calculated value of 2578.69777735323.
INFO: Sample J01-0233 1.1 has a new calculated value of 5157.5436629355.
INFO: Sample C01-0363 1.1 has a new calculated value of 4665.17298482359.
INFO: Sample C01-0363 1.1 has a new calculated value of 25664.4657254219.
INFO: Sample C01-0363 1.1 has a new calculated value of 32666.4154976606.
INFO: Sample R02-0245 1.1 has a new calculated value of 2287.63405233622.
INFO: Sample R02-0245 1.1 has a new calculated value of 13727.5571934879.
INFO: Sample R02-0245 1.1 has a new calculated value of 13727.5571934879.
INFO: Sample R01-0157 1.1 has a new calculated value of 0.
INFO: Sample R01-0157 1.1 has a new calculated value of 2891.33248385042.
INFO: Sample R01-0157 1.1 has a new calculated value of 5782.85235911608.
INFO: Sample K01-0212 1.1 has a new calculated value of 8430.31137250363.
INFO: Sample K01-0212 1.1 has a new calculated value of 205589.153766632.
INFO: Sample K01-0212 1.1 has a new calculated value of 146350.380778313.
INFO: Sample O01-0258 1.1 has a new calculated value of 21595.0737521052.
INFO: Sample O01-0258 1.1 has a new calculated value of 43200.5607336761.
INFO: Sample O01-0258 1.1 has a new calculated value of 33939.7916570306.
INFO: Sample D01-0278 1.1 has a new calculated value of 12568.0332630873.
INFO: Sample D01-0278 1.1 has a new calculated value of 300079.715251923.
INFO: Sample D01-0278 1.1 has a new calculated value of 269728.327989578.
INFO: Sample L01-0353 1.1 has a new calculated value of 2251.31595041603.
INFO: Sample L01-0353 1.1 has a new calculated value of 479826.766848563.
INFO: Sample L01-0353 1.1 has a new calculated value of 488929.662108422.
INFO: Sample R02-0236 1.1 has a new calculated value of 0.
INFO: Sample R02-0236 1.1 has a new calculated value of 81945.4059004784.
INFO: Sample R02-0236 1.1 has a new calculated value of 99890.9506201743.
INFO: Sample K01-0209 1.1 has a new calculated value of 0.
INFO: Sample K01-0209 1.1 has a new calculated value of 126523.566395044.
INFO: Sample K01-0209 1.1 has a new calculated value of 159588.551223278.
INFO: Sample E01-0243 1.1 has a new calculated value of 17984.4775423408.
INFO: Sample E01-0243 1.1 has a new calculated value of 249428.238272667.
INFO: Sample E01-0243 1.1 has a new calculated value of 252441.874444485.
INFO: Sample D01-0284 1.1 has a new calculated value of 29973.2154607773.
INFO: Sample D01-0284 1.1 has a new calculated value of 498517.375588418.
INFO: Sample D01-0284 1.1 has a new calculated value of 371993.783712386.
INFO: Sample A02-1088 1.1 has a new calculated value of 79677.4622797964.
INFO: Sample A02-1088 1.1 has a new calculated value of 43442.8721666337.
INFO: Sample A02-1088 1.1 has a new calculated value of 3618.63121390344.
INFO: Sample K01-0220 1.1 has a new calculated value of 6307.45595321058.
INFO: Sample K01-0220 1.1 has a new calculated value of 240309.646725655.
INFO: Sample K01-0220 1.1 has a new calculated value of 180111.327767372.
INFO: Sample C01-0361 1.1 has a new calculated value of 2453.19675654173.
INFO: Sample C01-0361 1.1 has a new calculated value of 46633.7200999261.
INFO: Sample C01-0361 1.1 has a new calculated value of 46633.7200999261.
INFO: Sample N03-0251 1.1 has a new calculated value of 2509.94609668851.
INFO: Sample N03-0251 1.1 has a new calculated value of 50225.6514877081.
INFO: Sample N03-0251 1.1 has a new calculated value of 72845.568358898.
INFO: Sample G01-0314 1.1 has a new calculated value of 3060.98700966686.
INFO: Sample G01-0314 1.1 has a new calculated value of 174810.824096203.
INFO: Sample G01-0314 1.1 has a new calculated value of 156377.539336681.
INFO: Sample C01-0364 1.1 has a new calculated value of 0.
INFO: Sample C01-0364 1.1 has a new calculated value of 89387.4420225621.
INFO: Sample C01-0364 1.1 has a new calculated value of 108228.592425585.
INFO: Sample R01-0188 1.1 has a new calculated value of 8080.66341094672.
INFO: Sample R01-0188 1.1 has a new calculated value of 0.
INFO: Sample R01-0188 1.1 has a new calculated value of 0.
INFO: Sample J01-0234 1.1 has a new calculated value of 0.
INFO: Sample J01-0234 1.1 has a new calculated value of 63814.321383834.
INFO: Sample J01-0234 1.1 has a new calculated value of 66095.0861871241.
INFO: Sample N03-0265 1.1 has a new calculated value of 27057.2521537542.
INFO: Sample N03-0265 1.1 has a new calculated value of 24050.0839054585.
INFO: Sample N03-0265 1.1 has a new calculated value of 18036.3525822758.
INFO: Sample A02-1087 1.1 has a new calculated value of 28538.6062413454.
INFO: Sample A02-1087 1.1 has a new calculated value of 11413.2615365088.
INFO: Sample A02-1087 1.1 has a new calculated value of 8559.6740897745.
INFO: Sample N03-0257 1.1 has a new calculated value of 9357.62336477636.
INFO: Sample N03-0257 1.1 has a new calculated value of 133530.964851379.
INFO: Sample N03-0257 1.1 has a new calculated value of 140569.942742586.
INFO: Sample E01-0242 1.1 has a new calculated value of 5534.31135602295.
INFO: Sample E01-0242 1.1 has a new calculated value of 130237.369090319.
INFO: Sample E01-0242 1.1 has a new calculated value of 127462.413311005.
INFO: Sample R02-0238 1.1 has a new calculated value of 2283.20487309247.
INFO: Sample R02-0238 1.1 has a new calculated value of 41115.4983937741.
INFO: Sample R02-0238 1.1 has a new calculated value of 43400.7988125087.
INFO: Sample R01-0179 1.1 has a new calculated value of 6017.36554875969.
INFO: Sample R01-0179 1.1 has a new calculated value of 3008.58164671809.
INFO: Sample R01-0179 1.1 has a new calculated value of 0.
INFO: Sample J01-0235 1.1 has a new calculated value of 4905.99059499799.
INFO: Sample J01-0235 1.1 has a new calculated value of 7359.18788239361.
INFO: Sample J01-0235 1.1 has a new calculated value of 7359.18788239361.
INFO: Sample C01-0365 1.1 has a new calculated value of 14461.4849612117.
INFO: Sample C01-0365 1.1 has a new calculated value of 84424.5274364947.
INFO: Sample C01-0365 1.1 has a new calculated value of 96498.174369335.
INFO: Sample L01-0371 1.1 has a new calculated value of 2340.44445678592.
INFO: Sample L01-0371 1.1 has a new calculated value of 451621.761918067.
INFO: Sample L01-0371 1.1 has a new calculated value of 461079.11467552.
INFO: Sample D01-0288 1.1 has a new calculated value of 27406.7727103829.
INFO: Sample D01-0288 1.1 has a new calculated value of 505980.008840559.
INFO: Sample D01-0288 1.1 has a new calculated value of 493386.558294296.
INFO: Sample A02-1085 1.1 has a new calculated value of 54705.8925032615.
INFO: Sample A02-1085 1.1 has a new calculated value of 14389.8143805563.
INFO: Sample A02-1085 1.1 has a new calculated value of 20147.0339298248.
INFO: Sample K01-0201 1.1 has a new calculated value of 8941.69829785822.
INFO: Sample K01-0201 1.1 has a new calculated value of 158233.285546303.
INFO: Sample K01-0201 1.1 has a new calculated value of 143281.722664833.
INFO: Sample O01-0265 1.1 has a new calculated value of 0.
INFO: Sample O01-0265 1.1 has a new calculated value of 13145.3899294138.
INFO: Sample O01-0265 1.1 has a new calculated value of 13145.3899294138.
INFO: Sample L01-0362 1.1 has a new calculated value of 2614.3531082198.
INFO: Sample L01-0362 1.1 has a new calculated value of 996582.48066902.
INFO: Sample L01-0362 1.1 has a new calculated value of 1025995.82791328.
INFO: Sample M03-0225 1.1 has a new calculated value of 4921.07640020549.
INFO: Sample M03-0225 1.1 has a new calculated value of 59088.6135399342.
INFO: Sample M03-0225 1.1 has a new calculated value of 73872.9447126388.
INFO: Sample O01-0255 1.1 has a new calculated value of 0.
INFO: Sample O01-0255 1.1 has a new calculated value of 23121.7946112156.
INFO: Sample O01-0255 1.1 has a new calculated value of 25691.6178390384.
INFO: Sample D01-0248 1.1 has a new calculated value of 37643.1917399168.
INFO: Sample D01-0248 1.1 has a new calculated value of 153667.126893997.
INFO: Sample D01-0248 1.1 has a new calculated value of 92717.1018719674.
INFO: Sample N03-0273 1.1 has a new calculated value of 2459.5253309235.
INFO: Sample N03-0273 1.1 has a new calculated value of 49216.1712795496.
INFO: Sample N03-0273 1.1 has a new calculated value of 44292.1236902474.
INFO: Sample A02-1086 1.1 has a new calculated value of 18375.3367513418.
INFO: Sample A02-1086 1.1 has a new calculated value of 137999.038696289.
INFO: Sample A02-1086 1.1 has a new calculated value of 119574.587345123.
INFO: Sample J01-0236 1.1 has a new calculated value of 0.
INFO: Sample J01-0236 1.1 has a new calculated value of 10274.8804539442.
INFO: Sample J01-0236 1.1 has a new calculated value of 2568.49927827716.
INFO: Sample N03-0269 1.1 has a new calculated value of 0.
INFO: Sample N03-0269 1.1 has a new calculated value of 77343.2765901089.
INFO: Sample N03-0269 1.1 has a new calculated value of 81897.0429897307.
INFO: Sample G01-0310 1.1 has a new calculated value of 0.
INFO: Sample G01-0310 1.1 has a new calculated value of 358829.45716381.
INFO: Sample G01-0310 1.1 has a new calculated value of 327512.578368187.
INFO: Sample A02-1089 1.1 has a new calculated value of 17297.2160764039.
INFO: Sample A02-1089 1.1 has a new calculated value of 28832.4041292071.
INFO: Sample A02-1089 1.1 has a new calculated value of 17297.2160764039.
INFO: Sample N03-0259 1.1 has a new calculated value of 2290.90888984501.
INFO: Sample N03-0259 1.1 has a new calculated value of 66483.9472621679.
INFO: Sample N03-0259 1.1 has a new calculated value of 50427.0701855423.
LOW : WaTCH status of R01-0188 1.1 has been changed to Complete.
LOW : WaTCH status of O01-0277 1.1 has been changed to Complete.
LOW : WaTCH status of N03-0263 1.1 has been changed to Complete.
LOW : WaTCH status of A02-1087 1.1 has been changed to Complete.
LOW : WaTCH status of G01-0312 1.1 has been changed to Complete.
LOW : WaTCH status of D01-0248 1.1 has been changed to Complete.
LOW : WaTCH status of A02-1088 1.1 has been changed to Complete.
LOW : WaTCH status of L01-0362 1.1 has been changed to Complete.
LOW : WaTCH status of A01-0500 1.1 has been changed to Complete.
LOW : WaTCH status of J01-0233 1.1 has been changed to Complete.
LOW : WaTCH status of L01-0355 1.1 has been changed to Complete.
LOW : WaTCH status of C01-0363 1.1 has been changed to Complete.
LOW : WaTCH status of A04-0328 1.1 has been changed to Complete.
LOW : WaTCH status of E01-0242 1.1 has been changed to Complete.
LOW : WaTCH status of K01-0220 1.1 has been changed to Complete.
LOW : WaTCH status of A02-1085 1.1 has been changed to Complete.
LOW : WaTCH status of C01-0361 1.1 has been changed to Complete.
LOW : WaTCH status of J01-0236 1.1 has been changed to Complete.
LOW : WaTCH status of O01-0263 1.1 has been changed to Complete.
LOW : WaTCH status of L01-0371 1.1 has been changed to Complete.
LOW : WaTCH status of R02-0236 1.1 has been changed to Complete.
LOW : WaTCH status of J01-0234 1.1 has been changed to Complete.
LOW : WaTCH status of A01-0501 1.1 has been changed to Complete.
LOW : WaTCH status of C01-0364 1.1 has been changed to Complete.
LOW : WaTCH status of N03-0269 1.1 has been changed to Complete.
LOW : WaTCH status of D01-0284 1.1 has been changed to Complete.
LOW : WaTCH status of N03-0251 1.1 has been changed to Complete.
LOW : WaTCH status of L01-0358 1.1 has been changed to Complete.
LOW : WaTCH status of N03-0259 1.1 has been changed to Complete.
LOW : WaTCH status of O01-0255 1.1 has been changed to Complete.
LOW : WaTCH status of N03-0257 1.1 has been changed to Complete.
LOW : WaTCH status of L01-0359 1.1 has been changed to Complete.
LOW : WaTCH status of O01-0265 1.1 has been changed to Complete.
LOW : WaTCH status of G01-0314 1.1 has been changed to Complete.
LOW : WaTCH status of E01-0243 1.1 has been changed to Complete.
LOW : WaTCH status of R01-0179 1.1 has been changed to Complete.
LOW : WaTCH status of G01-0305 1.1 has been changed to Complete.
LOW : WaTCH status of A02-1067 1.2 has been changed to Complete.
LOW : WaTCH status of R02-0248 1.1 has been changed to Complete.
LOW : WaTCH status of R01-0157 1.1 has been changed to Complete.
LOW : WaTCH status of D01-0250 1.1 has been changed to Complete.
LOW : WaTCH status of R02-0238 1.1 has been changed to Complete.
LOW : WaTCH status of D01-0288 1.1 has been changed to Complete.
LOW : WaTCH status of R01-0158 1.1 has been changed to Complete.
LOW : WaTCH status of M03-0218 1.1 has been changed to Complete.
LOW : WaTCH status of A04-0329 1.1 has been changed to Complete.
LOW : WaTCH status of L01-0360 1.1 has been changed to Complete.
LOW : WaTCH status of G01-0313 1.1 has been changed to Complete.
LOW : WaTCH status of E01-0244 1.1 has been changed to Complete.
LOW : WaTCH status of M03-0225 1.1 has been changed to Complete.
LOW : WaTCH status of R02-0226 1.1 has been changed to Complete.
LOW : WaTCH status of N03-0273 1.1 has been changed to Complete.
LOW : WaTCH status of N03-0265 1.1 has been changed to Complete.
LOW : WaTCH status of D01-0278 1.1 has been changed to Complete.
LOW : WaTCH status of M03-0222 1.1 has been changed to Complete.
LOW : WaTCH status of O01-0258 1.1 has been changed to Complete.
LOW : WaTCH status of C01-0362 1.1 has been changed to Complete.
LOW : WaTCH status of K01-0212 1.1 has been changed to Complete.
LOW : WaTCH status of E01-0241 1.1 has been changed to Complete.
LOW : WaTCH status of R01-0155 1.1 has been changed to Complete.
LOW : WaTCH status of A02-1089 1.1 has been changed to Complete.
LOW : WaTCH status of C01-0365 1.1 has been changed to Complete.
LOW : WaTCH status of A02-1086 1.1 has been changed to Complete.
LOW : WaTCH status of K01-0201 1.1 has been changed to Complete.
LOW : WaTCH status of R02-0245 1.1 has been changed to Complete.
LOW : WaTCH status of J01-0232 1.1 has been changed to Complete.
LOW : WaTCH status of G01-0310 1.1 has been changed to Complete.
LOW : WaTCH status of K01-0209 1.1 has been changed to Complete.
LOW : WaTCH status of J01-0235 1.1 has been changed to Complete.
LOW : WaTCH status of L01-0353 1.1 has been changed to Complete.
#
# WaTCHdb update complete.
# 2023-03-06.10-24-46.
