# WaTCHdb update log.
# Command: 2_updateWaTCH.pl.
# Data output written to DB/INCREMENTAL/watchdb.2022-07-06.15-15-45.txt and DB/watchdb.LATEST.txt.
# Fatal errors and system warnings are NOT logged here; see STDERR for those.
#
# Run started 2022-07-06.15-15-45.
#
4 molecular targets added.
INFO: Finished WaTCHdb import. 3722 total assets present.
INFO: Finished AssetTiger import. 46 new assets added. 3768 total assets present.
INFO: Sample G01-0180 1.1 has a new calculated value of 206172.906160355.
INFO: Sample G01-0180 1.1 has a new calculated value of 0.
INFO: Sample G01-0180 1.1 has a new calculated value of 235073.745846748.
INFO: Sample N02-0110 1.1 has a new calculated value of 35612.0046973229.
INFO: Sample N02-0110 1.1 has a new calculated value of 0.
INFO: Sample N02-0110 1.1 has a new calculated value of 28487.18136549.
INFO: Sample G01-0176 1.1 has a new calculated value of 176799.547076225.
INFO: Sample G01-0176 1.1 has a new calculated value of 0.
INFO: Sample G01-0176 1.1 has a new calculated value of 162996.140420437.
INFO: Sample E01-0130 1.1 has a new calculated value of 288269.108533859.
INFO: Sample E01-0130 1.1 has a new calculated value of 0.
INFO: Sample E01-0130 1.1 has a new calculated value of 336507.332324982.
INFO: Sample N02-0120 1.1 has a new calculated value of 106923.074126243.
INFO: Sample N02-0120 1.1 has a new calculated value of 0.
INFO: Sample N02-0120 1.1 has a new calculated value of 113100.038766861.
INFO: Sample Q01-0050 1.1 has a new calculated value of 180353.091359139.
INFO: Sample Q01-0050 1.1 has a new calculated value of 0.
INFO: Sample Q01-0050 1.1 has a new calculated value of 164109.79539156.
INFO: Sample E01-0132 1.1 has a new calculated value of 244262.087345123.
INFO: Sample E01-0132 1.1 has a new calculated value of 0.
INFO: Sample E01-0132 1.1 has a new calculated value of 234930.729568005.
INFO: Sample Q01-0053 1.1 has a new calculated value of 329918.42508316.
INFO: Sample Q01-0053 1.1 has a new calculated value of 2235.59205885977.
INFO: Sample Q01-0053 1.1 has a new calculated value of 329918.42508316.
INFO: Sample Q01-0052 1.1 has a new calculated value of 359112.87367344.
INFO: Sample Q01-0052 1.1 has a new calculated value of 0.
INFO: Sample Q01-0052 1.1 has a new calculated value of 359112.87367344.
INFO: Sample E01-0129 1.1 has a new calculated value of 583087.917566299.
INFO: Sample E01-0129 1.1 has a new calculated value of 0.
INFO: Sample E01-0129 1.1 has a new calculated value of 629362.610578536.
INFO: Sample Q01-0056 1.1 has a new calculated value of 388701.46214962.
INFO: Sample Q01-0056 1.1 has a new calculated value of 2173.67764329538.
INFO: Sample Q01-0056 1.1 has a new calculated value of 362383.239269256.
INFO: Sample E01-0131 1.1 has a new calculated value of 219678.525030613.
INFO: Sample E01-0131 1.1 has a new calculated value of 0.
INFO: Sample E01-0131 1.1 has a new calculated value of 226708.55909586.
INFO: Sample N02-0115 1.1 has a new calculated value of 4849.21471215785.
INFO: Sample N02-0115 1.1 has a new calculated value of 0.
INFO: Sample N02-0115 1.1 has a new calculated value of 2424.53728336841.
INFO: Sample Q01-0051 1.1 has a new calculated value of 317964.003682136.
INFO: Sample Q01-0051 1.1 has a new calculated value of 5369.1728040576.
INFO: Sample Q01-0051 1.1 has a new calculated value of 312554.628252983.
INFO: Sample G01-0191 1.1 has a new calculated value of 222206.765413284.
INFO: Sample G01-0191 1.1 has a new calculated value of 0.
INFO: Sample G01-0191 1.1 has a new calculated value of 222206.765413284.
INFO: Sample N02-0105 1.1 has a new calculated value of 46735.9583079814.
INFO: Sample N02-0105 1.1 has a new calculated value of 0.
INFO: Sample N02-0105 1.1 has a new calculated value of 31151.5156924725.
INFO: Sample Q01-0055 1.1 has a new calculated value of 412297.194600105.
INFO: Sample Q01-0055 1.1 has a new calculated value of 0.
INFO: Sample Q01-0055 1.1 has a new calculated value of 443328.176736832.
INFO: Sample N02-0125 1.1 has a new calculated value of 123349.544405937.
INFO: Sample N02-0125 1.1 has a new calculated value of 2160.90158326551.
INFO: Sample N02-0125 1.1 has a new calculated value of 93019.5102095605.
INFO: Sample N02-0124 1.1 has a new calculated value of 57519.9063867329.
INFO: Sample N02-0124 1.1 has a new calculated value of 0.
INFO: Sample N02-0124 1.1 has a new calculated value of 61783.7798595428.
INFO: Sample G01-0196 1.1 has a new calculated value of 2143.33085110411.
INFO: Sample G01-0196 1.1 has a new calculated value of 0.
INFO: Sample G01-0196 1.1 has a new calculated value of 4286.77158895882.
INFO: Sample Q01-0054 1.1 has a new calculated value of 338766.238689423.
INFO: Sample Q01-0054 1.1 has a new calculated value of 10287.8725714982.
INFO: Sample Q01-0054 1.1 has a new calculated value of 338766.238689423.
INFO: Sample G01-0199 1.1 has a new calculated value of 122757.527679205.
INFO: Sample G01-0199 1.1 has a new calculated value of 0.
INFO: Sample G01-0199 1.1 has a new calculated value of 138623.424768448.
LOW : WaTCH status of G01-0180 1.1 has been changed to Complete.
LOW : WaTCH status of Q01-0054 1.1 has been changed to Complete.
LOW : WaTCH status of N02-0110 1.1 has been changed to Complete.
LOW : WaTCH status of Q01-0055 1.1 has been changed to Complete.
LOW : WaTCH status of G01-0199 1.1 has been changed to Complete.
LOW : WaTCH status of N02-0124 1.1 has been changed to Complete.
LOW : WaTCH status of Q01-0051 1.1 has been changed to Complete.
LOW : WaTCH status of E01-0131 1.1 has been changed to Complete.
LOW : WaTCH status of N02-0125 1.1 has been changed to Complete.
LOW : WaTCH status of G01-0196 1.1 has been changed to Complete.
LOW : WaTCH status of Q01-0050 1.1 has been changed to Complete.
LOW : WaTCH status of E01-0129 1.1 has been changed to Complete.
LOW : WaTCH status of E01-0130 1.1 has been changed to Complete.
LOW : WaTCH status of N02-0115 1.1 has been changed to Complete.
LOW : WaTCH status of Q01-0056 1.1 has been changed to Complete.
LOW : WaTCH status of G01-0191 1.1 has been changed to Complete.
LOW : WaTCH status of N02-0120 1.1 has been changed to Complete.
LOW : WaTCH status of Q01-0053 1.1 has been changed to Complete.
LOW : WaTCH status of E01-0132 1.1 has been changed to Complete.
LOW : WaTCH status of N02-0105 1.1 has been changed to Complete.
LOW : WaTCH status of Q01-0052 1.1 has been changed to Complete.
LOW : WaTCH status of G01-0176 1.1 has been changed to Complete.
#
# WaTCHdb update complete.
# 2022-07-06.15-15-46.
