# WaTCHdb update log.
# Command: 2_updateWaTCH.pl.
# Data output written to updates/watchdb/watchdb.2022-10-28.12-02-08.txt and updates/watchdb.LATEST.txt.
# Fatal errors and system warnings are NOT logged here; see STDERR for those.
#
# Run started 2022-10-28.12-02-08.
#
4 molecular targets added.
INFO: Finished WaTCHdb import. 5388 total assets present.
INFO: Finished AssetTiger import. 157 new assets added. 5545 total assets present.
INFO: Sample M04-0118 1.1 has a new calculated value of 1960.0964197889.
INFO: Sample M04-0118 1.1 has a new calculated value of 13722.6011417806.
INFO: Sample M04-0118 1.1 has a new calculated value of 9801.39914900063.
INFO: Sample C01-0278 1.1 has a new calculated value of 2311.67164631188.
INFO: Sample C01-0278 1.1 has a new calculated value of 6935.39768457414.
INFO: Sample C01-0278 1.1 has a new calculated value of 13871.9430752098.
INFO: Sample B01-0275 1.2 has a new calculated value of 0.
INFO: Sample B01-0275 1.2 has a new calculated value of 58647.1554636957.
INFO: Sample B01-0275 1.2 has a new calculated value of 52359.6033453942.
INFO: Sample A04-0172 1.1 has a new calculated value of 6486.71787232161.
INFO: Sample A04-0172 1.1 has a new calculated value of 236330.89274168.
INFO: Sample A04-0172 1.1 has a new calculated value of 245028.997063637.
INFO: Sample O01-0168 1.1 has a new calculated value of 0.
INFO: Sample O01-0168 1.1 has a new calculated value of 0.
INFO: Sample O01-0168 1.1 has a new calculated value of 2124.21201635152.
INFO: Sample A02-0689 1.1 has a new calculated value of 27372.4370822311.
INFO: Sample A02-0689 1.1 has a new calculated value of 221774.030327797.
INFO: Sample A02-0689 1.1 has a new calculated value of 251585.696339607.
INFO: Sample L01-0237 1.1 has a new calculated value of 2154.68024136499.
INFO: Sample L01-0237 1.1 has a new calculated value of 21551.7879277468.
INFO: Sample L01-0237 1.1 has a new calculated value of 32331.8416625261.
INFO: Sample M03-0131 1.1 has a new calculated value of 6893.19374039768.
INFO: Sample M03-0131 1.1 has a new calculated value of 147301.246225834.
INFO: Sample M03-0131 1.1 has a new calculated value of 142690.241038799.
INFO: Sample J01-0148 1.1 has a new calculated value of 0.
INFO: Sample J01-0148 1.1 has a new calculated value of 66761.7494612934.
INFO: Sample J01-0148 1.1 has a new calculated value of 52148.5273540018.
INFO: Sample A02-0695 1.1 has a new calculated value of 12769.8002010584.
INFO: Sample A02-0695 1.1 has a new calculated value of 2553.64917218685.
INFO: Sample A02-0695 1.1 has a new calculated value of 7661.41360625624.
INFO: Sample M03-0143 1.1 has a new calculated value of 2200.15039667487.
INFO: Sample M03-0143 1.1 has a new calculated value of 11001.9071213901.
INFO: Sample M03-0143 1.1 has a new calculated value of 22006.7020878196.
INFO: Sample A02-0693 1.1 has a new calculated value of 11811.9529634714.
INFO: Sample A02-0693 1.1 has a new calculated value of 0.
INFO: Sample A02-0693 1.1 has a new calculated value of 0.
INFO: Sample J01-0151 1.1 has a new calculated value of 1993.56741970405.
INFO: Sample J01-0151 1.1 has a new calculated value of 1035359.51256752.
INFO: Sample J01-0151 1.1 has a new calculated value of 1049665.62509537.
INFO: Sample L01-0239 1.1 has a new calculated value of 0.
INFO: Sample L01-0239 1.1 has a new calculated value of 134359.60650444.
INFO: Sample L01-0239 1.1 has a new calculated value of 130154.343545437.
INFO: Sample A01-0378 1.1 has a new calculated value of 15393.7800787389.
INFO: Sample A01-0378 1.1 has a new calculated value of 169643.348157406.
INFO: Sample A01-0378 1.1 has a new calculated value of 176266.739666462.
INFO: Sample A04-0169 1.1 has a new calculated value of 0.
INFO: Sample A04-0169 1.1 has a new calculated value of 0.
INFO: Sample A04-0169 1.1 has a new calculated value of 1997.55798093975.
INFO: Sample A02-0690 1.1 has a new calculated value of 0.
INFO: Sample A02-0690 1.1 has a new calculated value of 0.
INFO: Sample A02-0690 1.1 has a new calculated value of 0.
INFO: Sample B01-0260 1.2 has a new calculated value of 6423.75117167831.
INFO: Sample B01-0260 1.2 has a new calculated value of 143698.846399784.
INFO: Sample B01-0260 1.2 has a new calculated value of 115778.430104256.
INFO: Sample M04-0113 1.1 has a new calculated value of 2033.71244715527.
INFO: Sample M04-0113 1.1 has a new calculated value of 8135.44222153722.
INFO: Sample M04-0113 1.1 has a new calculated value of 8135.44222153722.
INFO: Sample A02-0691 1.1 has a new calculated value of 0.
INFO: Sample A02-0691 1.1 has a new calculated value of 0.
INFO: Sample A02-0691 1.1 has a new calculated value of 0.
INFO: Sample L01-0244 1.1 has a new calculated value of 2213.27934181318.
INFO: Sample L01-0244 1.1 has a new calculated value of 33211.4686444402.
INFO: Sample L01-0244 1.1 has a new calculated value of 35426.5031218529.
INFO: Sample B01-0270 1.2 has a new calculated value of 2125.50464551896.
INFO: Sample B01-0270 1.2 has a new calculated value of 91494.1759407519.
INFO: Sample B01-0270 1.2 has a new calculated value of 93624.3268847465.
INFO: Sample L01-0236 1.1 has a new calculated value of 2098.99911191314.
INFO: Sample L01-0236 1.1 has a new calculated value of 18894.7772607207.
INFO: Sample L01-0236 1.1 has a new calculated value of 16794.9370108545.
INFO: Sample R01-0137 1.1 has a new calculated value of 13444.0302662551.
INFO: Sample R01-0137 1.1 has a new calculated value of 8065.90036489068.
INFO: Sample R01-0137 1.1 has a new calculated value of 2688.46110440791.
INFO: Sample J01-0150 1.1 has a new calculated value of 0.
INFO: Sample J01-0150 1.1 has a new calculated value of 21740.005351603.
INFO: Sample J01-0150 1.1 has a new calculated value of 13833.2438282669.
INFO: Sample M04-0119 1.1 has a new calculated value of 0.
INFO: Sample M04-0119 1.1 has a new calculated value of 0.
INFO: Sample M04-0119 1.1 has a new calculated value of 4153.58672384174.
INFO: Sample L01-0240 1.1 has a new calculated value of 2059.90039743483.
INFO: Sample L01-0240 1.1 has a new calculated value of 51527.9039740562.
INFO: Sample L01-0240 1.1 has a new calculated value of 57715.5154198407.
INFO: Sample C01-0279 1.1 has a new calculated value of 2376.82626117021.
INFO: Sample C01-0279 1.1 has a new calculated value of 723998.651504518.
INFO: Sample C01-0279 1.1 has a new calculated value of 687741.723060608.
INFO: Sample A04-0173 1.1 has a new calculated value of 25000.9175017476.
INFO: Sample A04-0173 1.1 has a new calculated value of 72771.3932096958.
INFO: Sample A04-0173 1.1 has a new calculated value of 56841.8488651515.
INFO: Sample A02-0688 1.1 has a new calculated value of 0.
INFO: Sample A02-0688 1.1 has a new calculated value of 0.
INFO: Sample A02-0688 1.1 has a new calculated value of 0.
INFO: Sample O01-0169 1.1 has a new calculated value of 2101.94667801261.
INFO: Sample O01-0169 1.1 has a new calculated value of 4203.99846509097.
INFO: Sample O01-0169 1.1 has a new calculated value of 4203.99846509097.
INFO: Sample R01-0101 1.1 has a new calculated value of 5647.34394662081.
INFO: Sample R01-0101 1.1 has a new calculated value of 2823.57695046812.
INFO: Sample R01-0101 1.1 has a new calculated value of 0.
INFO: Sample O01-0151 1.1 has a new calculated value of 4180.51614426078.
INFO: Sample O01-0151 1.1 has a new calculated value of 12542.7996553481.
INFO: Sample O01-0151 1.1 has a new calculated value of 12542.7996553481.
INFO: Sample J01-0149 1.1 has a new calculated value of 0.
INFO: Sample J01-0149 1.1 has a new calculated value of 27406.7451059818.
INFO: Sample J01-0149 1.1 has a new calculated value of 31976.2799888849.
INFO: Sample C01-0276 1.1 has a new calculated value of 6510.56542061269.
INFO: Sample C01-0276 1.1 has a new calculated value of 15192.8922347724.
INFO: Sample C01-0276 1.1 has a new calculated value of 10851.5045419335.
INFO: Sample A02-0692 1.1 has a new calculated value of 24722.0642119646.
INFO: Sample A02-0692 1.1 has a new calculated value of 15730.535723269.
INFO: Sample A02-0692 1.1 has a new calculated value of 17978.2368242741.
INFO: Sample A02-0694 1.1 has a new calculated value of 30209.5813304186.
INFO: Sample A02-0694 1.1 has a new calculated value of 2013.29487841576.
INFO: Sample A02-0694 1.1 has a new calculated value of 0.
INFO: Sample M03-0142 1.1 has a new calculated value of 2257.6296608895.
INFO: Sample M03-0142 1.1 has a new calculated value of 11289.3634289503.
INFO: Sample M03-0142 1.1 has a new calculated value of 22581.7697122693.
INFO: Sample M04-0123 1.1 has a new calculated value of 0.
INFO: Sample M04-0123 1.1 has a new calculated value of 80303.8953244685.
INFO: Sample M04-0123 1.1 has a new calculated value of 84225.0962555409.
INFO: Sample O01-0162 1.1 has a new calculated value of 0.
INFO: Sample O01-0162 1.1 has a new calculated value of 2000.99141104147.
INFO: Sample O01-0162 1.1 has a new calculated value of 0.
INFO: Sample A01-0379 1.1 has a new calculated value of 13048.0876006186.
INFO: Sample A01-0379 1.1 has a new calculated value of 141134.788244963.
INFO: Sample A01-0379 1.1 has a new calculated value of 146371.139287949.
INFO: Sample L01-0238 1.1 has a new calculated value of 0.
INFO: Sample L01-0238 1.1 has a new calculated value of 123903.084844351.
INFO: Sample L01-0238 1.1 has a new calculated value of 136523.944437504.
INFO: Sample B01-0269 1.2 has a new calculated value of 6576.9736468792.
INFO: Sample B01-0269 1.2 has a new calculated value of 153732.273280621.
INFO: Sample B01-0269 1.2 has a new calculated value of 129536.981731653.
INFO: Sample R01-0148 1.1 has a new calculated value of 2908.01483206451.
INFO: Sample R01-0148 1.1 has a new calculated value of 0.
INFO: Sample R01-0148 1.1 has a new calculated value of 2908.01483206451.
INFO: Sample J01-0147 1.1 has a new calculated value of 0.
INFO: Sample J01-0147 1.1 has a new calculated value of 29844.09481287.
INFO: Sample J01-0147 1.1 has a new calculated value of 25579.348616302.
INFO: Sample C01-0277 1.1 has a new calculated value of 5011.27059571447.
INFO: Sample C01-0277 1.1 has a new calculated value of 15035.6108509004.
INFO: Sample C01-0277 1.1 has a new calculated value of 15035.6108509004.
INFO: Sample C01-0280 1.1 has a new calculated value of 6420.47049477697.
INFO: Sample C01-0280 1.1 has a new calculated value of 96410.485804081.
INFO: Sample C01-0280 1.1 has a new calculated value of 94265.6238377095.
INFO: Sample M04-0117 1.1 has a new calculated value of 0.
INFO: Sample M04-0117 1.1 has a new calculated value of 108755.13151288.
INFO: Sample M04-0117 1.1 has a new calculated value of 104310.619086027.
INFO: Sample O01-0174 1.1 has a new calculated value of 0.
INFO: Sample O01-0174 1.1 has a new calculated value of 0.
INFO: Sample O01-0174 1.1 has a new calculated value of 0.
INFO: Sample M03-0137 1.1 has a new calculated value of 0.
INFO: Sample M03-0137 1.1 has a new calculated value of 42891.1153972149.
INFO: Sample M03-0137 1.1 has a new calculated value of 57197.9116648434.
INFO: Sample R01-0133 1.1 has a new calculated value of 8724.80149380863.
INFO: Sample R01-0133 1.1 has a new calculated value of 0.
INFO: Sample R01-0133 1.1 has a new calculated value of 0.
INFO: Sample R01-0103 1.1 has a new calculated value of 9048.79700392486.
INFO: Sample R01-0103 1.1 has a new calculated value of 0.
INFO: Sample R01-0103 1.1 has a new calculated value of 2262.01610639691.
LOW : WaTCH status of O01-0151 1.1 has been changed to Complete.
LOW : WaTCH status of J01-0149 1.1 has been changed to Complete.
LOW : WaTCH status of L01-0244 1.1 has been changed to Complete.
LOW : WaTCH status of A02-0692 1.1 has been changed to Complete.
LOW : WaTCH status of C01-0277 1.1 has been changed to Complete.
LOW : WaTCH status of L01-0240 1.1 has been changed to Complete.
LOW : WaTCH status of M03-0131 1.1 has been changed to Complete.
LOW : WaTCH status of R01-0101 1.1 has been changed to Complete.
LOW : WaTCH status of L01-0236 1.1 has been changed to Complete.
LOW : WaTCH status of J01-0148 1.1 has been changed to Complete.
LOW : WaTCH status of M04-0117 1.1 has been changed to Complete.
LOW : WaTCH status of L01-0237 1.1 has been changed to Complete.
LOW : WaTCH status of A02-0689 1.1 has been changed to Complete.
LOW : WaTCH status of M04-0113 1.1 has been changed to Complete.
LOW : WaTCH status of R01-0103 1.1 has been changed to Complete.
LOW : WaTCH status of M03-0137 1.1 has been changed to Complete.
LOW : WaTCH status of J01-0151 1.1 has been changed to Complete.
LOW : WaTCH status of A04-0173 1.1 has been changed to Complete.
LOW : WaTCH status of A02-0694 1.1 has been changed to Complete.
LOW : WaTCH status of C01-0276 1.1 has been changed to Complete.
LOW : WaTCH status of M03-0142 1.1 has been changed to Complete.
LOW : WaTCH status of A02-0688 1.1 has been changed to Complete.
LOW : WaTCH status of A02-0690 1.1 has been changed to Complete.
LOW : WaTCH status of C01-0279 1.1 has been changed to Complete.
LOW : WaTCH status of O01-0168 1.1 has been changed to Complete.
LOW : WaTCH status of M03-0143 1.1 has been changed to Complete.
LOW : WaTCH status of A02-0691 1.1 has been changed to Complete.
LOW : WaTCH status of A01-0378 1.1 has been changed to Complete.
LOW : WaTCH status of J01-0147 1.1 has been changed to Complete.
LOW : WaTCH status of A01-0379 1.1 has been changed to Complete.
LOW : WaTCH status of A04-0169 1.1 has been changed to Complete.
LOW : WaTCH status of O01-0169 1.1 has been changed to Complete.
LOW : WaTCH status of A04-0172 1.1 has been changed to Complete.
LOW : WaTCH status of C01-0278 1.1 has been changed to Complete.
LOW : WaTCH status of R01-0137 1.1 has been changed to Complete.
LOW : WaTCH status of R01-0133 1.1 has been changed to Complete.
LOW : WaTCH status of J01-0150 1.1 has been changed to Complete.
LOW : WaTCH status of O01-0162 1.1 has been changed to Complete.
LOW : WaTCH status of A02-0695 1.1 has been changed to Complete.
LOW : WaTCH status of R01-0148 1.1 has been changed to Complete.
LOW : WaTCH status of M04-0119 1.1 has been changed to Complete.
LOW : WaTCH status of L01-0239 1.1 has been changed to Complete.
LOW : WaTCH status of O01-0174 1.1 has been changed to Complete.
LOW : WaTCH status of C01-0280 1.1 has been changed to Complete.
LOW : WaTCH status of M04-0123 1.1 has been changed to Complete.
LOW : WaTCH status of L01-0238 1.1 has been changed to Complete.
LOW : WaTCH status of M04-0118 1.1 has been changed to Complete.
LOW : WaTCH status of A02-0693 1.1 has been changed to Complete.
#
# WaTCHdb update complete.
# 2022-10-28.12-02-09.
