# WaTCHdb update log.
# Command: 2_updateWaTCH.pl.
# Data output written to updates/watchdb/watchdb.2023-01-30.11-50-44.txt and updates/watchdb.LATEST.txt.
# Fatal errors and system warnings are NOT logged here; see STDERR for those.
#
# Run started 2023-01-30.11-50-44.
#
4 molecular targets added.
INFO: Finished WaTCHdb import. 6728 total assets present.
INFO: Finished AssetTiger import. 104 new assets added. 6832 total assets present.
INFO: Sample C01-0336 1.1 has a new calculated value of 9193.95156204702.
INFO: Sample C01-0336 1.1 has a new calculated value of 39087.3266011475.
INFO: Sample C01-0336 1.1 has a new calculated value of 41387.6438140868.
INFO: Sample B01-0311 1.1 has a new calculated value of 0.
INFO: Sample B01-0311 1.1 has a new calculated value of 208149.381279945.
INFO: Sample B01-0311 1.1 has a new calculated value of 187026.901245117.
INFO: Sample E02-0239 1.1 has a new calculated value of 0.
INFO: Sample E02-0239 1.1 has a new calculated value of 120016.17282629.
INFO: Sample E02-0239 1.1 has a new calculated value of 102851.314544678.
INFO: Sample A02-0967 1.1 has a new calculated value of 4837.14574947954.
INFO: Sample A02-0967 1.1 has a new calculated value of 1891908.41674805.
INFO: Sample A02-0967 1.1 has a new calculated value of 1838962.19015121.
INFO: Sample A04-0302 1.1 has a new calculated value of 4852.33560204508.
INFO: Sample A04-0302 1.1 has a new calculated value of 111736.873984337.
INFO: Sample A04-0302 1.1 has a new calculated value of 119033.744931221.
INFO: Sample A02-0970 1.1 has a new calculated value of 8980.67465052008.
INFO: Sample A02-0970 1.1 has a new calculated value of 1210513.83733749.
INFO: Sample A02-0970 1.1 has a new calculated value of 1120653.95236015.
INFO: Sample A02-0979 1.1 has a new calculated value of 160141.063928604.
INFO: Sample A02-0979 1.1 has a new calculated value of 1665860.13793945.
INFO: Sample A02-0979 1.1 has a new calculated value of 1778101.77326202.
INFO: Sample A01-0466 1.1 has a new calculated value of 22503.5494565964.
INFO: Sample A01-0466 1.1 has a new calculated value of 207460.188567638.
INFO: Sample A01-0466 1.1 has a new calculated value of 200680.021047592.
INFO: Sample A02-0978 1.1 has a new calculated value of 18812.4758005142.
INFO: Sample A02-0978 1.1 has a new calculated value of 4702.37893983722.
INFO: Sample A02-0978 1.1 has a new calculated value of 7053.75314690174.
INFO: Sample H01-0468 1.1 has a new calculated value of 0.
INFO: Sample H01-0468 1.1 has a new calculated value of 4579.82760854066.
INFO: Sample H01-0468 1.1 has a new calculated value of 0.
INFO: Sample A02-0971 1.1 has a new calculated value of 16228.8461253047.
INFO: Sample A02-0971 1.1 has a new calculated value of 2632576.38931274.
INFO: Sample A02-0971 1.1 has a new calculated value of 2608000.76007843.
INFO: Sample D01-0210 1.1 has a new calculated value of 14740.5665181577.
INFO: Sample D01-0210 1.1 has a new calculated value of 150088.832080364.
INFO: Sample D01-0210 1.1 has a new calculated value of 142695.659995079.
INFO: Sample E01-0219 1.1 has a new calculated value of 0.
INFO: Sample E01-0219 1.1 has a new calculated value of 204010.980427265.
INFO: Sample E01-0219 1.1 has a new calculated value of 211776.548624039.
INFO: Sample A02-0959 1.1 has a new calculated value of 12787.5243499875.
INFO: Sample A02-0959 1.1 has a new calculated value of 4046255.22136686.
INFO: Sample A02-0959 1.1 has a new calculated value of 3895375.1707077.
INFO: Sample H01-0464 1.1 has a new calculated value of 2453.46563402563.
INFO: Sample H01-0464 1.1 has a new calculated value of 29450.4560530186.
INFO: Sample H01-0464 1.1 has a new calculated value of 31905.5320322514.
INFO: Sample D01-0230 1.1 has a new calculated value of 10340.0799259543.
INFO: Sample D01-0230 1.1 has a new calculated value of 277422.20968008.
INFO: Sample D01-0230 1.1 has a new calculated value of 277422.20968008.
INFO: Sample A02-0974 1.1 has a new calculated value of 4471.29506617784.
INFO: Sample A02-0974 1.1 has a new calculated value of 347854.72869873.
INFO: Sample A02-0974 1.1 has a new calculated value of 386171.404123308.
INFO: Sample A02-0975 1.1 has a new calculated value of 15339.3378295004.
INFO: Sample A02-0975 1.1 has a new calculated value of 104923.623651266.
INFO: Sample A02-0975 1.1 has a new calculated value of 104923.623651266.
INFO: Sample H01-0465 1.1 has a new calculated value of 0.
INFO: Sample H01-0465 1.1 has a new calculated value of 78971.9787240029.
INFO: Sample H01-0465 1.1 has a new calculated value of 47366.48529768.
INFO: Sample A02-0983 1.1 has a new calculated value of 0.
INFO: Sample A02-0983 1.1 has a new calculated value of 0.
INFO: Sample A02-0983 1.1 has a new calculated value of 0.
INFO: Sample E01-0221 1.1 has a new calculated value of 0.
INFO: Sample E01-0221 1.1 has a new calculated value of 219919.099509716.
INFO: Sample E01-0221 1.1 has a new calculated value of 240809.617638588.
INFO: Sample E01-0220 1.1 has a new calculated value of 0.
INFO: Sample E01-0220 1.1 has a new calculated value of 129437.758773565.
INFO: Sample E01-0220 1.1 has a new calculated value of 124253.066182136.
INFO: Sample N02-0222 1.1 has a new calculated value of 2423.08486718684.
INFO: Sample N02-0222 1.1 has a new calculated value of 31510.3283151984.
INFO: Sample N02-0222 1.1 has a new calculated value of 26661.143861711.
INFO: Sample T01-0093 1.1 has a new calculated value of 0.
INFO: Sample T01-0093 1.1 has a new calculated value of 552166.94533825.
INFO: Sample T01-0093 1.1 has a new calculated value of 543620.316982268.
INFO: Sample C01-0340 1.1 has a new calculated value of 9937.64385581017.
INFO: Sample C01-0340 1.1 has a new calculated value of 52197.2342580556.
INFO: Sample C01-0340 1.1 has a new calculated value of 57171.5728193522.
INFO: Sample A04-0301 1.1 has a new calculated value of 4980.972642079.
INFO: Sample A04-0301 1.1 has a new calculated value of 601705.209016798.
INFO: Sample A04-0301 1.1 has a new calculated value of 538649.214506149.
INFO: Sample A02-0963 1.1 has a new calculated value of 11807.0563673973.
INFO: Sample A02-0963 1.1 has a new calculated value of 241481.704115867.
INFO: Sample A02-0963 1.1 has a new calculated value of 253352.564871311.
INFO: Sample H01-0462 1.1 has a new calculated value of 0.
INFO: Sample H01-0462 1.1 has a new calculated value of 2901.81790944189.
INFO: Sample H01-0462 1.1 has a new calculated value of 0.
INFO: Sample A02-0972 1.1 has a new calculated value of 9572.00020551683.
INFO: Sample A02-0972 1.1 has a new calculated value of 1548225.63886643.
INFO: Sample A02-0972 1.1 has a new calculated value of 1417144.11020279.
INFO: Sample H01-0456 1.1 has a new calculated value of 2240.06211385131.
INFO: Sample H01-0456 1.1 has a new calculated value of 60521.010160446.
INFO: Sample H01-0456 1.1 has a new calculated value of 60521.010160446.
INFO: Sample B01-0346 1.1 has a new calculated value of 2448.23778513819.
INFO: Sample B01-0346 1.1 has a new calculated value of 36737.6187443733.
INFO: Sample B01-0346 1.1 has a new calculated value of 41638.2450610398.
INFO: Sample A01-0467 1.1 has a new calculated value of 0.
INFO: Sample A01-0467 1.1 has a new calculated value of 79154.4820368288.
INFO: Sample A01-0467 1.1 has a new calculated value of 76678.7919402124.
INFO: Sample B01-0322 1.1 has a new calculated value of 2905.39214853197.
INFO: Sample B01-0322 1.1 has a new calculated value of 119275.831282139.
INFO: Sample B01-0322 1.1 has a new calculated value of 87243.8201308252.
INFO: Sample E01-0222 1.1 has a new calculated value of 2224.49402790517.
INFO: Sample E01-0222 1.1 has a new calculated value of 26701.2190818786.
INFO: Sample E01-0222 1.1 has a new calculated value of 35605.1630526781.
INFO: Sample A01-0470 1.1 has a new calculated value of 9095.5132059753.
INFO: Sample A01-0470 1.1 has a new calculated value of 214234.172701836.
INFO: Sample A01-0470 1.1 has a new calculated value of 198245.210945606.
INFO: Sample A01-0471 1.1 has a new calculated value of 24141.0743817687.
INFO: Sample A01-0471 1.1 has a new calculated value of 881853.153705597.
INFO: Sample A01-0471 1.1 has a new calculated value of 832651.81660652.
INFO: Sample A02-0966 1.1 has a new calculated value of 17642.7488587797.
INFO: Sample A02-0966 1.1 has a new calculated value of 2985053.02906036.
INFO: Sample A02-0966 1.1 has a new calculated value of 3017386.29341125.
INFO: Sample C01-0337 1.1 has a new calculated value of 0.
INFO: Sample C01-0337 1.1 has a new calculated value of 4649.68266896902.
INFO: Sample C01-0337 1.1 has a new calculated value of 9299.84841495752.
INFO: Sample A04-0304 1.1 has a new calculated value of 2236.59590352327.
INFO: Sample A04-0304 1.1 has a new calculated value of 145611.43219471.
INFO: Sample A04-0304 1.1 has a new calculated value of 161320.918500423.
INFO: Sample A04-0305 1.1 has a new calculated value of 9608.9455112815.
INFO: Sample A04-0305 1.1 has a new calculated value of 432030.179500579.
INFO: Sample A04-0305 1.1 has a new calculated value of 373861.981630326.
INFO: Sample E02-0243 1.1 has a new calculated value of 5077.19468325378.
INFO: Sample E02-0243 1.1 has a new calculated value of 7616.00808240474.
INFO: Sample E02-0243 1.1 has a new calculated value of 2538.52541092783.
INFO: Sample N02-0208 1.1 has a new calculated value of 2437.4510999769.
INFO: Sample N02-0208 1.1 has a new calculated value of 43894.4207131862.
INFO: Sample N02-0208 1.1 has a new calculated value of 48774.2333114148.
INFO: Sample A02-0973 1.1 has a new calculated value of 22469.9485301971.
INFO: Sample A02-0973 1.1 has a new calculated value of 1355680.30357361.
INFO: Sample A02-0973 1.1 has a new calculated value of 1191329.16927338.
INFO: Sample H01-0463 1.1 has a new calculated value of 0.
INFO: Sample H01-0463 1.1 has a new calculated value of 12347.7777466178.
INFO: Sample H01-0463 1.1 has a new calculated value of 9877.95040011406.
INFO: Sample A02-0962 1.1 has a new calculated value of 9228.98154705762.
INFO: Sample A02-0962 1.1 has a new calculated value of 608549.537658693.
INFO: Sample A02-0962 1.1 has a new calculated value of 592182.65891075.
INFO: Sample T01-0094 1.1 has a new calculated value of 8397.13672176003.
INFO: Sample T01-0094 1.1 has a new calculated value of 784895.693063738.
INFO: Sample T01-0094 1.1 has a new calculated value of 736501.865386962.
INFO: Sample C01-0338 1.1 has a new calculated value of 2398.4436923638.
INFO: Sample C01-0338 1.1 has a new calculated value of 40791.0107821225.
INFO: Sample C01-0338 1.1 has a new calculated value of 28789.7999212146.
INFO: Sample E02-0242 1.1 has a new calculated value of 4763.10809142887.
INFO: Sample E02-0242 1.1 has a new calculated value of 9526.72261744737.
INFO: Sample E02-0242 1.1 has a new calculated value of 14290.8430472016.
INFO: Sample A02-0980 1.1 has a new calculated value of 19290.2803793549.
INFO: Sample A02-0980 1.1 has a new calculated value of 2590282.57369995.
INFO: Sample A02-0980 1.1 has a new calculated value of 2641396.20780945.
INFO: Sample A01-0469 1.1 has a new calculated value of 2456.96289930493.
INFO: Sample A01-0469 1.1 has a new calculated value of 206855.94946146.
INFO: Sample A01-0469 1.1 has a new calculated value of 172313.568592072.
INFO: Sample H01-0466 1.1 has a new calculated value of 0.
INFO: Sample H01-0466 1.1 has a new calculated value of 27229.8900783062.
INFO: Sample H01-0466 1.1 has a new calculated value of 18151.4204666019.
INFO: Sample A02-0976 1.1 has a new calculated value of 156982.491910458.
INFO: Sample A02-0976 1.1 has a new calculated value of 5112707.1762085.
INFO: Sample A02-0976 1.1 has a new calculated value of 4993107.17582704.
INFO: Sample A01-0468 1.1 has a new calculated value of 4660.56358069183.
INFO: Sample A01-0468 1.1 has a new calculated value of 191481.691002846.
INFO: Sample A01-0468 1.1 has a new calculated value of 179782.521128654.
INFO: Sample C01-0339 1.1 has a new calculated value of 0.
INFO: Sample C01-0339 1.1 has a new calculated value of 9579.16248589754.
INFO: Sample C01-0339 1.1 has a new calculated value of 19160.3719443083.
INFO: Sample A02-0981 1.1 has a new calculated value of 26397.1247524023.
INFO: Sample A02-0981 1.1 has a new calculated value of 524244.337677954.
INFO: Sample A02-0981 1.1 has a new calculated value of 493105.248212815.
INFO: Sample H01-0467 1.1 has a new calculated value of 2451.0497180745.
INFO: Sample H01-0467 1.1 has a new calculated value of 24516.532458365.
INFO: Sample H01-0467 1.1 has a new calculated value of 17160.1655334234.
INFO: Sample A02-0977 1.1 has a new calculated value of 23237.5632226467.
INFO: Sample A02-0977 1.1 has a new calculated value of 321747.590303421.
INFO: Sample A02-0977 1.1 has a new calculated value of 293677.668571472.
INFO: Sample A02-0960 1.1 has a new calculated value of 0.
INFO: Sample A02-0960 1.1 has a new calculated value of 181034.877598286.
INFO: Sample A02-0960 1.1 has a new calculated value of 186293.184757233.
INFO: Sample A02-0969 1.1 has a new calculated value of 0.
INFO: Sample A02-0969 1.1 has a new calculated value of 109899.057894945.
INFO: Sample A02-0969 1.1 has a new calculated value of 89897.3590135574.
INFO: Sample A02-0961 1.1 has a new calculated value of 4662.01812028885.
INFO: Sample A02-0961 1.1 has a new calculated value of 1387150.34008026.
INFO: Sample A02-0961 1.1 has a new calculated value of 1391958.97579193.
INFO: Sample B01-0317 1.1 has a new calculated value of 0.
INFO: Sample B01-0317 1.1 has a new calculated value of 256465.763747692.
INFO: Sample B01-0317 1.1 has a new calculated value of 277683.253884316.
INFO: Sample A02-0968 1.1 has a new calculated value of 0.
INFO: Sample A02-0968 1.1 has a new calculated value of 0.
INFO: Sample A02-0968 1.1 has a new calculated value of 0.
INFO: Sample A04-0303 1.1 has a new calculated value of 73379.5733749867.
INFO: Sample A04-0303 1.1 has a new calculated value of 487070.059776306.
INFO: Sample A04-0303 1.1 has a new calculated value of 479129.233360291.
INFO: Sample A02-0965 1.1 has a new calculated value of 11579.4517099857.
INFO: Sample A02-0965 1.1 has a new calculated value of 1401790.83108902.
INFO: Sample A02-0965 1.1 has a new calculated value of 1342101.31645203.
INFO: Sample E02-0241 1.1 has a new calculated value of 7853.13944332301.
INFO: Sample E02-0241 1.1 has a new calculated value of 18326.1308446526.
INFO: Sample E02-0241 1.1 has a new calculated value of 20944.7629004717.
INFO: Sample D01-0204 1.1 has a new calculated value of 29357.2020158171.
INFO: Sample D01-0204 1.1 has a new calculated value of 306751.554608345.
INFO: Sample D01-0204 1.1 has a new calculated value of 282134.017646313.
INFO: Sample T01-0092 1.1 has a new calculated value of 0.
INFO: Sample T01-0092 1.1 has a new calculated value of 16442021.4271546.
INFO: Sample T01-0092 1.1 has a new calculated value of 15934136.8675232.
INFO: Sample D01-0237 1.1 has a new calculated value of 25148.0553299189.
INFO: Sample D01-0237 1.1 has a new calculated value of 158668.874502182.
INFO: Sample D01-0237 1.1 has a new calculated value of 128402.899503708.
INFO: Sample B01-0350 1.1 has a new calculated value of 4860.2299299091.
INFO: Sample B01-0350 1.1 has a new calculated value of 136286.096423864.
INFO: Sample B01-0350 1.1 has a new calculated value of 128974.531441927.
INFO: Sample A02-0982 1.1 has a new calculated value of 640851.409435271.
INFO: Sample A02-0982 1.1 has a new calculated value of 677679.587602614.
INFO: Sample A02-0982 1.1 has a new calculated value of 704706.215858459.
INFO: Sample E02-0240 1.1 has a new calculated value of 0.
INFO: Sample E02-0240 1.1 has a new calculated value of 6904.49402667583.
INFO: Sample E02-0240 1.1 has a new calculated value of 16112.142149359.
LOW : WaTCH status of A02-0975 1.1 has been changed to Complete.
LOW : WaTCH status of A01-0468 1.1 has been changed to Complete.
LOW : WaTCH status of E02-0243 1.1 has been changed to Complete.
LOW : WaTCH status of A01-0471 1.1 has been changed to Complete.
LOW : WaTCH status of A02-0977 1.1 has been changed to Complete.
LOW : WaTCH status of A02-0963 1.1 has been changed to Complete.
LOW : WaTCH status of B01-0346 1.1 has been changed to Complete.
LOW : WaTCH status of H01-0464 1.1 has been changed to Complete.
LOW : WaTCH status of A02-0966 1.1 has been changed to Complete.
LOW : WaTCH status of A01-0469 1.1 has been changed to Complete.
LOW : WaTCH status of H01-0466 1.1 has been changed to Complete.
LOW : WaTCH status of C01-0337 1.1 has been changed to Complete.
LOW : WaTCH status of H01-0463 1.1 has been changed to Complete.
LOW : WaTCH status of E01-0220 1.1 has been changed to Complete.
LOW : WaTCH status of D01-0237 1.1 has been changed to Complete.
LOW : WaTCH status of D01-0204 1.1 has been changed to Complete.
LOW : WaTCH status of B01-0317 1.1 has been changed to Complete.
LOW : WaTCH status of A04-0305 1.1 has been changed to Complete.
LOW : WaTCH status of E01-0221 1.1 has been changed to Complete.
LOW : WaTCH status of E01-0222 1.1 has been changed to Complete.
LOW : WaTCH status of A02-0965 1.1 has been changed to Complete.
LOW : WaTCH status of A02-0976 1.1 has been changed to Complete.
LOW : WaTCH status of A02-0973 1.1 has been changed to Complete.
LOW : WaTCH status of A02-0967 1.1 has been changed to Complete.
LOW : WaTCH status of A04-0304 1.1 has been changed to Complete.
LOW : WaTCH status of T01-0094 1.1 has been changed to Complete.
LOW : WaTCH status of A02-0974 1.1 has been changed to Complete.
LOW : WaTCH status of A01-0470 1.1 has been changed to Complete.
LOW : WaTCH status of A04-0303 1.1 has been changed to Complete.
LOW : WaTCH status of C01-0336 1.1 has been changed to Complete.
LOW : WaTCH status of H01-0467 1.1 has been changed to Complete.
LOW : WaTCH status of T01-0093 1.1 has been changed to Complete.
LOW : WaTCH status of E01-0219 1.1 has been changed to Complete.
LOW : WaTCH status of H01-0456 1.1 has been changed to Complete.
LOW : WaTCH status of A02-0983 1.1 has been changed to Complete.
LOW : WaTCH status of H01-0465 1.1 has been changed to Complete.
LOW : WaTCH status of A02-0970 1.1 has been changed to Complete.
LOW : WaTCH status of H01-0462 1.1 has been changed to Complete.
LOW : WaTCH status of C01-0340 1.1 has been changed to Complete.
LOW : WaTCH status of A02-0979 1.1 has been changed to Complete.
LOW : WaTCH status of A02-0959 1.1 has been changed to Complete.
LOW : WaTCH status of B01-0322 1.1 has been changed to Complete.
LOW : WaTCH status of C01-0338 1.1 has been changed to Complete.
LOW : WaTCH status of A02-0978 1.1 has been changed to Complete.
LOW : WaTCH status of D01-0230 1.1 has been changed to Complete.
LOW : WaTCH status of A02-0980 1.1 has been changed to Complete.
LOW : WaTCH status of A02-0962 1.1 has been changed to Complete.
LOW : WaTCH status of C01-0339 1.1 has been changed to Complete.
LOW : WaTCH status of E02-0241 1.1 has been changed to Complete.
LOW : WaTCH status of A01-0467 1.1 has been changed to Complete.
LOW : WaTCH status of A02-0961 1.1 has been changed to Complete.
LOW : WaTCH status of E02-0242 1.1 has been changed to Complete.
LOW : WaTCH status of T01-0092 1.1 has been changed to Complete.
LOW : WaTCH status of A02-0969 1.1 has been changed to Complete.
LOW : WaTCH status of E02-0240 1.1 has been changed to Complete.
LOW : WaTCH status of N02-0222 1.1 has been changed to Complete.
LOW : WaTCH status of A04-0302 1.1 has been changed to Complete.
LOW : WaTCH status of A04-0301 1.1 has been changed to Complete.
LOW : WaTCH status of A02-0960 1.1 has been changed to Complete.
LOW : WaTCH status of B01-0311 1.1 has been changed to Complete.
LOW : WaTCH status of A02-0982 1.1 has been changed to Complete.
LOW : WaTCH status of H01-0468 1.1 has been changed to Complete.
LOW : WaTCH status of A02-0981 1.1 has been changed to Complete.
LOW : WaTCH status of A02-0968 1.1 has been changed to Complete.
LOW : WaTCH status of A02-0971 1.1 has been changed to Complete.
LOW : WaTCH status of E02-0239 1.1 has been changed to Complete.
LOW : WaTCH status of B01-0350 1.1 has been changed to Complete.
LOW : WaTCH status of D01-0210 1.1 has been changed to Complete.
LOW : WaTCH status of A01-0466 1.1 has been changed to Complete.
LOW : WaTCH status of A02-0972 1.1 has been changed to Complete.
LOW : WaTCH status of N02-0208 1.1 has been changed to Complete.
#
# WaTCHdb update complete.
# 2023-01-30.11-50-45.
