# WaTCHdb update log.
# Command: 2_updateWaTCH.pl.
# Data output written to updates/watchdb/watchdb.2023-03-17.17-50-49.txt and updates/watchdb.LATEST.txt.
# Fatal errors and system warnings are NOT logged here; see STDERR for those.
#
# Run started 2023-03-17.17-50-49.
#
4 molecular targets added.
INFO: Finished WaTCHdb import. 7590 total assets present.
INFO: Finished AssetTiger import. 20 new assets added. 7610 total assets present.
INFO: Sample C01-0370 1.1 has a new calculated value of 12832.9325281083.
INFO: Sample C01-0370 1.1 has a new calculated value of 5132.73208402098.
INFO: Sample C01-0370 1.1 has a new calculated value of 7699.31869581343.
INFO: Sample N03-0262 1.1 has a new calculated value of 24741.2322834134.
INFO: Sample N03-0262 1.1 has a new calculated value of 2473.50855264813.
INFO: Sample N03-0262 1.1 has a new calculated value of 29691.1197155714.
INFO: Sample L01-0364 1.1 has a new calculated value of 207726.057171822.
INFO: Sample L01-0364 1.1 has a new calculated value of 4876.62641331555.
INFO: Sample L01-0364 1.1 has a new calculated value of 219975.276589394.
INFO: Sample R02-0244 1.1 has a new calculated value of 180761.90829277.
INFO: Sample R02-0244 1.1 has a new calculated value of 5011.33058220146.
INFO: Sample R02-0244 1.1 has a new calculated value of 173215.59548378.
INFO: Sample L01-0372 1.1 has a new calculated value of 592838.097810744.
INFO: Sample L01-0372 1.1 has a new calculated value of 2617.55999643356.
INFO: Sample L01-0372 1.1 has a new calculated value of 571624.39584732.
INFO: Sample M03-0213 1.1 has a new calculated value of 0.
INFO: Sample M03-0213 1.1 has a new calculated value of 2518.12655478716.
INFO: Sample M03-0213 1.1 has a new calculated value of 0.
INFO: Sample R02-0237 1.1 has a new calculated value of 6898.4714895487.
INFO: Sample R02-0237 1.1 has a new calculated value of 0.
INFO: Sample R02-0237 1.1 has a new calculated value of 6898.4714895487.
INFO: Sample N03-0268 1.1 has a new calculated value of 2474.32819101959.
INFO: Sample N03-0268 1.1 has a new calculated value of 0.
INFO: Sample N03-0268 1.1 has a new calculated value of 4948.79281148314.
INFO: Sample L01-0363 1.1 has a new calculated value of 906574.873924254.
INFO: Sample L01-0363 1.1 has a new calculated value of 4958.64970609544.
INFO: Sample L01-0363 1.1 has a new calculated value of 967332.551479338.
INFO: Sample C01-0368 1.1 has a new calculated value of 97110.1172268389.
INFO: Sample C01-0368 1.1 has a new calculated value of 4974.89011846483.
INFO: Sample C01-0368 1.1 has a new calculated value of 144496.503174305.
INFO: Sample A04-0334 1.1 has a new calculated value of 143864.778578281.
INFO: Sample A04-0334 1.1 has a new calculated value of 35292.4455329776.
INFO: Sample A04-0334 1.1 has a new calculated value of 133753.931969404.
INFO: Sample J01-0238 1.1 has a new calculated value of 16473.4529703856.
INFO: Sample J01-0238 1.1 has a new calculated value of 4706.082707271.
INFO: Sample J01-0238 1.1 has a new calculated value of 9412.66017034651.
INFO: Sample A02-1093 1.2 has a new calculated value of 38177.9102236032.
INFO: Sample A02-1093 1.2 has a new calculated value of 28630.3845047951.
INFO: Sample A02-1093 1.2 has a new calculated value of 19084.8908945918.
INFO: Sample K01-0213 1.1 has a new calculated value of 62492.142766714.
INFO: Sample K01-0213 1.1 has a new calculated value of 2230.36208655685.
INFO: Sample K01-0213 1.1 has a new calculated value of 66959.2016190291.
INFO: Sample L01-0366 1.1 has a new calculated value of 347097.09405899.
INFO: Sample L01-0366 1.1 has a new calculated value of 2174.62070519105.
INFO: Sample L01-0366 1.1 has a new calculated value of 428255.154490472.
INFO: Sample O01-0292 1.1 has a new calculated value of 35505.3667724132.
INFO: Sample O01-0292 1.1 has a new calculated value of 4732.42367617785.
INFO: Sample O01-0292 1.1 has a new calculated value of 30769.6916162968.
INFO: Sample D01-0311 1.1 has a new calculated value of 188935.223221779.
INFO: Sample D01-0311 1.1 has a new calculated value of 33680.0618469715.
INFO: Sample D01-0311 1.1 has a new calculated value of 186681.311130524.
INFO: Sample L01-0369 1.1 has a new calculated value of 382152.984738351.
INFO: Sample L01-0369 1.1 has a new calculated value of 8273.11386354269.
INFO: Sample L01-0369 1.1 has a new calculated value of 351571.691036224.
INFO: Sample A04-0333 1.1 has a new calculated value of 230657.704174519.
INFO: Sample A04-0333 1.1 has a new calculated value of 8935.45757979153.
INFO: Sample A04-0333 1.1 has a new calculated value of 232902.918756008.
INFO: Sample R02-0229 1.1 has a new calculated value of 15799.9607920647.
INFO: Sample R02-0229 1.1 has a new calculated value of 0.
INFO: Sample R02-0229 1.1 has a new calculated value of 21067.8509250283.
INFO: Sample N03-0266 1.1 has a new calculated value of 51894.9915468692.
INFO: Sample N03-0266 1.1 has a new calculated value of 2357.55998175591.
INFO: Sample N03-0266 1.1 has a new calculated value of 47174.7791022061.
INFO: Sample K01-0218 1.1 has a new calculated value of 139204.297810793.
INFO: Sample K01-0218 1.1 has a new calculated value of 4964.14298191665.
INFO: Sample K01-0218 1.1 has a new calculated value of 169090.138971805.
INFO: Sample O01-0293 1.1 has a new calculated value of 4902.50182338058.
INFO: Sample O01-0293 1.1 has a new calculated value of 0.
INFO: Sample O01-0293 1.1 has a new calculated value of 7353.95419411363.
INFO: Sample D01-0313 1.1 has a new calculated value of 21978.452168405.
INFO: Sample D01-0313 1.1 has a new calculated value of 43967.6955342292.
INFO: Sample D01-0313 1.1 has a new calculated value of 13735.2705001831.
INFO: Sample A02-1105 1.1 has a new calculated value of 9483.5429638624.
INFO: Sample A02-1105 1.1 has a new calculated value of 22131.3890442252.
INFO: Sample A02-1105 1.1 has a new calculated value of 12645.1695151627.
INFO: Sample M03-0212 1.1 has a new calculated value of 2362.15823795646.
INFO: Sample M03-0212 1.1 has a new calculated value of 0.
INFO: Sample M03-0212 1.1 has a new calculated value of 2362.15823795646.
INFO: Sample A01-0506 1.1 has a new calculated value of 130319.163054228.
INFO: Sample A01-0506 1.1 has a new calculated value of 14734.1039031744.
INFO: Sample A01-0506 1.1 has a new calculated value of 113085.463643074.
INFO: Sample A02-1107 1.1 has a new calculated value of 248758.937716484.
INFO: Sample A02-1107 1.1 has a new calculated value of 134158.289730549.
INFO: Sample A02-1107 1.1 has a new calculated value of 206372.371315956.
INFO: Sample J01-0239 1.1 has a new calculated value of 0.
INFO: Sample J01-0239 1.1 has a new calculated value of 0.
INFO: Sample J01-0239 1.1 has a new calculated value of 0.
INFO: Sample N03-0271 1.1 has a new calculated value of 15989.7654689849.
INFO: Sample N03-0271 1.1 has a new calculated value of 0.
INFO: Sample N03-0271 1.1 has a new calculated value of 10659.2101603746.
INFO: Sample O01-0290 1.1 has a new calculated value of 4628.07320058344.
INFO: Sample O01-0290 1.1 has a new calculated value of 4628.07320058344.
INFO: Sample O01-0290 1.1 has a new calculated value of 2313.97687923163.
INFO: Sample C01-0369 1.1 has a new calculated value of 183341.926038265.
INFO: Sample C01-0369 1.1 has a new calculated value of 5227.94391028582.
INFO: Sample C01-0369 1.1 has a new calculated value of 196466.502249241.
INFO: Sample C01-0366 1.1 has a new calculated value of 8757.34230503441.
INFO: Sample C01-0366 1.1 has a new calculated value of 4378.45721840858.
INFO: Sample C01-0366 1.1 has a new calculated value of 4378.45721840858.
INFO: Sample M04-0178 1.1 has a new calculated value of 0.
INFO: Sample M04-0178 1.1 has a new calculated value of 0.
INFO: Sample M04-0178 1.1 has a new calculated value of 0.
INFO: Sample L01-0357 1.1 has a new calculated value of 440739.206671716.
INFO: Sample L01-0357 1.1 has a new calculated value of 0.
INFO: Sample L01-0357 1.1 has a new calculated value of 517834.00118351.
INFO: Sample N03-0272 1.1 has a new calculated value of 16329.6637684107.
INFO: Sample N03-0272 1.1 has a new calculated value of 0.
INFO: Sample N03-0272 1.1 has a new calculated value of 10885.78177616.
INFO: Sample M04-0193 1.1 has a new calculated value of 0.
INFO: Sample M04-0193 1.1 has a new calculated value of 2356.44412692636.
INFO: Sample M04-0193 1.1 has a new calculated value of 0.
INFO: Sample A02-1106 1.1 has a new calculated value of 250257.61038065.
INFO: Sample A02-1106 1.1 has a new calculated value of 227216.412127018.
INFO: Sample A02-1106 1.1 has a new calculated value of 224657.000005245.
INFO: Sample K01-0224 1.1 has a new calculated value of 187389.257848263.
INFO: Sample K01-0224 1.1 has a new calculated value of 17603.2681949436.
INFO: Sample K01-0224 1.1 has a new calculated value of 194017.337858677.
INFO: Sample A01-0507 1.1 has a new calculated value of 253957.687318325.
INFO: Sample A01-0507 1.1 has a new calculated value of 43433.5163980724.
INFO: Sample A01-0507 1.1 has a new calculated value of 232133.426964283.
INFO: Sample J01-0237 1.1 has a new calculated value of 0.
INFO: Sample J01-0237 1.1 has a new calculated value of 2363.65312244743.
INFO: Sample J01-0237 1.1 has a new calculated value of 0.
INFO: Sample D01-0282 1.1 has a new calculated value of 197494.014501572.
INFO: Sample D01-0282 1.1 has a new calculated value of 21502.5544166565.
INFO: Sample D01-0282 1.1 has a new calculated value of 121984.460055828.
INFO: Sample R01-0181 1.1 has a new calculated value of 0.
INFO: Sample R01-0181 1.1 has a new calculated value of 40722.9510694742.
INFO: Sample R01-0181 1.1 has a new calculated value of 0.
INFO: Sample C01-0367 1.1 has a new calculated value of 28704.6828120947.
INFO: Sample C01-0367 1.1 has a new calculated value of 0.
INFO: Sample C01-0367 1.1 has a new calculated value of 50797.725096345.
INFO: Sample M03-0220 1.1 has a new calculated value of 0.
INFO: Sample M03-0220 1.1 has a new calculated value of 0.
INFO: Sample M03-0220 1.1 has a new calculated value of 0.
INFO: Sample M04-0181 1.1 has a new calculated value of 0.
INFO: Sample M04-0181 1.1 has a new calculated value of 0.
INFO: Sample M04-0181 1.1 has a new calculated value of 4802.67103761435.
INFO: Sample N03-0258 1.1 has a new calculated value of 17487.345635891.
INFO: Sample N03-0258 1.1 has a new calculated value of 4371.19619920851.
INFO: Sample N03-0258 1.1 has a new calculated value of 39356.1255186796.
INFO: Sample N03-0267 1.1 has a new calculated value of 5088.72589096426.
INFO: Sample N03-0267 1.1 has a new calculated value of 2544.29074935615.
INFO: Sample N03-0267 1.1 has a new calculated value of 7633.30542482435.
INFO: Sample J01-0240 1.1 has a new calculated value of 0.
INFO: Sample J01-0240 1.1 has a new calculated value of 0.
INFO: Sample J01-0240 1.1 has a new calculated value of 0.
INFO: Sample O01-0278 1.1 has a new calculated value of 12104.2973734438.
INFO: Sample O01-0278 1.1 has a new calculated value of 2420.5980822444.
INFO: Sample O01-0278 1.1 has a new calculated value of 4841.32675454022.
INFO: Sample A02-1104 1.1 has a new calculated value of 0.
INFO: Sample A02-1104 1.1 has a new calculated value of 76400.4546403885.
INFO: Sample A02-1104 1.1 has a new calculated value of 7387.90176808834.
INFO: Sample R01-0152 1.1 has a new calculated value of 0.
INFO: Sample R01-0152 1.1 has a new calculated value of 94795.4329848291.
INFO: Sample R01-0152 1.1 has a new calculated value of 0.
INFO: Sample A02-1103 1.1 has a new calculated value of 10172.8301681578.
INFO: Sample A02-1103 1.1 has a new calculated value of 15260.1131983101.
INFO: Sample A02-1103 1.1 has a new calculated value of 10172.8301681578.
INFO: Sample R02-0232 1.1 has a new calculated value of 0.
INFO: Sample R02-0232 1.1 has a new calculated value of 2518.40949989855.
INFO: Sample R02-0232 1.1 has a new calculated value of 0.
INFO: Sample R01-0151 1.1 has a new calculated value of 2630.00374194235.
INFO: Sample R01-0151 1.1 has a new calculated value of 92142.1064436437.
INFO: Sample R01-0151 1.1 has a new calculated value of 0.
INFO: Sample M03-0217 1.1 has a new calculated value of 72469.9361622334.
INFO: Sample M03-0217 1.1 has a new calculated value of 20370.3238070011.
INFO: Sample M03-0217 1.1 has a new calculated value of 81536.9202196599.
INFO: Sample D01-0289 1.1 has a new calculated value of 136175.160706043.
INFO: Sample D01-0289 1.1 has a new calculated value of 16999.2817752063.
INFO: Sample D01-0289 1.1 has a new calculated value of 145917.798578739.
INFO: Sample A02-1102 1.1 has a new calculated value of 92553.5394251348.
INFO: Sample A02-1102 1.1 has a new calculated value of 71969.5575535299.
INFO: Sample A02-1102 1.1 has a new calculated value of 95127.1954178809.
INFO: Sample R01-0153 1.1 has a new calculated value of 0.
INFO: Sample R01-0153 1.1 has a new calculated value of 48863.5059446098.
INFO: Sample R01-0153 1.1 has a new calculated value of 0.
INFO: Sample K01-0205 1.1 has a new calculated value of 95525.2423882485.
INFO: Sample K01-0205 1.1 has a new calculated value of 8877.48409062625.
INFO: Sample K01-0205 1.1 has a new calculated value of 113319.871723652.
INFO: Sample D01-0277 1.1 has a new calculated value of 190826.337039471.
INFO: Sample D01-0277 1.1 has a new calculated value of 17855.4864227772.
INFO: Sample D01-0277 1.1 has a new calculated value of 125138.071775436.
INFO: Sample R01-0156 1.1 has a new calculated value of 0.
INFO: Sample R01-0156 1.1 has a new calculated value of 38568.1090503933.
INFO: Sample R01-0156 1.1 has a new calculated value of 0.
INFO: Sample M04-0198 1.1 has a new calculated value of 74303.3610284327.
INFO: Sample M04-0198 1.1 has a new calculated value of 7680.84338866174.
INFO: Sample M04-0198 1.1 has a new calculated value of 48667.5911396742.
INFO: Sample M04-0184 1.1 has a new calculated value of 0.
INFO: Sample M04-0184 1.1 has a new calculated value of 10115.992706269.
INFO: Sample M04-0184 1.1 has a new calculated value of 0.
INFO: Sample O01-0301 1.1 has a new calculated value of 12133.7958611548.
INFO: Sample O01-0301 1.1 has a new calculated value of 2426.49639956653.
INFO: Sample O01-0301 1.1 has a new calculated value of 12133.7958611548.
INFO: Sample J01-0241 1.1 has a new calculated value of 4694.98892314734.
INFO: Sample J01-0241 1.1 has a new calculated value of 2347.43288252503.
INFO: Sample J01-0241 1.1 has a new calculated value of 2347.43288252503.
INFO: Sample L01-0365 1.1 has a new calculated value of 370175.970196724.
INFO: Sample L01-0365 1.1 has a new calculated value of 2525.07914789021.
INFO: Sample L01-0365 1.1 has a new calculated value of 438969.467282296.
INFO: Sample R02-0230 1.1 has a new calculated value of 12647.4904082716.
INFO: Sample R02-0230 1.1 has a new calculated value of 0.
INFO: Sample R02-0230 1.1 has a new calculated value of 10117.7063025534.
LOW : WaTCH status of A02-1107 1.1 has been changed to Complete.
LOW : WaTCH status of J01-0241 1.1 has been changed to Complete.
LOW : WaTCH status of N03-0262 1.1 has been changed to Complete.
LOW : WaTCH status of R02-0232 1.1 has been changed to Complete.
LOW : WaTCH status of C01-0368 1.1 has been changed to Complete.
LOW : WaTCH status of R01-0152 1.1 has been changed to Complete.
LOW : WaTCH status of N03-0266 1.1 has been changed to Complete.
LOW : WaTCH status of L01-0369 1.1 has been changed to Complete.
LOW : WaTCH status of A01-0506 1.1 has been changed to Complete.
LOW : WaTCH status of K01-0224 1.1 has been changed to Complete.
LOW : WaTCH status of C01-0367 1.1 has been changed to Complete.
LOW : WaTCH status of R01-0156 1.1 has been changed to Complete.
LOW : WaTCH status of O01-0278 1.1 has been changed to Complete.
LOW : WaTCH status of D01-0282 1.1 has been changed to Complete.
LOW : WaTCH status of M04-0178 1.1 has been changed to Complete.
LOW : WaTCH status of L01-0357 1.1 has been changed to Complete.
LOW : WaTCH status of R01-0151 1.1 has been changed to Complete.
LOW : WaTCH status of R02-0244 1.1 has been changed to Complete.
LOW : WaTCH status of M04-0193 1.1 has been changed to Complete.
LOW : WaTCH status of O01-0293 1.1 has been changed to Complete.
LOW : WaTCH status of K01-0213 1.1 has been changed to Complete.
LOW : WaTCH status of C01-0366 1.1 has been changed to Complete.
LOW : WaTCH status of R02-0237 1.1 has been changed to Complete.
LOW : WaTCH status of A01-0507 1.1 has been changed to Complete.
LOW : WaTCH status of D01-0313 1.1 has been changed to Complete.
LOW : WaTCH status of N03-0267 1.1 has been changed to Complete.
LOW : WaTCH status of L01-0363 1.1 has been changed to Complete.
LOW : WaTCH status of A02-1102 1.1 has been changed to Complete.
LOW : WaTCH status of A04-0334 1.1 has been changed to Complete.
LOW : WaTCH status of N03-0272 1.1 has been changed to Complete.
LOW : WaTCH status of D01-0277 1.1 has been changed to Complete.
LOW : WaTCH status of O01-0290 1.1 has been changed to Complete.
LOW : WaTCH status of A02-1106 1.1 has been changed to Complete.
LOW : WaTCH status of N03-0268 1.1 has been changed to Complete.
LOW : WaTCH status of A02-1105 1.1 has been changed to Complete.
LOW : WaTCH status of J01-0238 1.1 has been changed to Complete.
LOW : WaTCH status of M04-0184 1.1 has been changed to Complete.
LOW : WaTCH status of M04-0181 1.1 has been changed to Complete.
LOW : WaTCH status of J01-0237 1.1 has been changed to Complete.
LOW : WaTCH status of N03-0271 1.1 has been changed to Complete.
LOW : WaTCH status of M03-0213 1.1 has been changed to Complete.
LOW : WaTCH status of A02-1104 1.1 has been changed to Complete.
LOW : WaTCH status of O01-0301 1.1 has been changed to Complete.
LOW : WaTCH status of C01-0369 1.1 has been changed to Complete.
LOW : WaTCH status of K01-0205 1.1 has been changed to Complete.
LOW : WaTCH status of L01-0372 1.1 has been changed to Complete.
LOW : WaTCH status of R01-0153 1.1 has been changed to Complete.
LOW : WaTCH status of M03-0220 1.1 has been changed to Complete.
LOW : WaTCH status of M03-0217 1.1 has been changed to Complete.
LOW : WaTCH status of O01-0292 1.1 has been changed to Complete.
LOW : WaTCH status of L01-0366 1.1 has been changed to Complete.
LOW : WaTCH status of J01-0240 1.1 has been changed to Complete.
LOW : WaTCH status of A02-1103 1.1 has been changed to Complete.
LOW : WaTCH status of A04-0333 1.1 has been changed to Complete.
LOW : WaTCH status of M03-0212 1.1 has been changed to Complete.
LOW : WaTCH status of D01-0289 1.1 has been changed to Complete.
LOW : WaTCH status of N03-0258 1.1 has been changed to Complete.
LOW : WaTCH status of R01-0181 1.1 has been changed to Complete.
LOW : WaTCH status of L01-0364 1.1 has been changed to Complete.
LOW : WaTCH status of D01-0311 1.1 has been changed to Complete.
LOW : WaTCH status of C01-0370 1.1 has been changed to Complete.
LOW : WaTCH status of J01-0239 1.1 has been changed to Complete.
LOW : WaTCH status of R02-0229 1.1 has been changed to Complete.
LOW : WaTCH status of R02-0230 1.1 has been changed to Complete.
LOW : WaTCH status of M04-0198 1.1 has been changed to Complete.
LOW : WaTCH status of L01-0365 1.1 has been changed to Complete.
LOW : WaTCH status of K01-0218 1.1 has been changed to Complete.
#
# WaTCHdb update complete.
# 2023-03-17.17-50-49.
