# WaTCHdb update log.
# Command: 2_updateWaTCH.pl.
# Data output written to DB/INCREMENTAL/watchdb.2022-02-17.15-27-59.txt and DB/watchdb.LATEST.txt.
# Fatal errors and system warnings are NOT logged here; see STDERR for those.
#
# Run started 2022-02-17.15-27-59.
#
4 molecular targets added.
INFO: Finished WaTCHdb import.
1499 samples added.
INFO: Asset ID A01-0172, found during AssetTiger import, does not exist in the latest WaTCHdb. It will be added.
INFO: Asset ID A01-0173, found during AssetTiger import, does not exist in the latest WaTCHdb. It will be added.
INFO: Asset ID A01-0174, found during AssetTiger import, does not exist in the latest WaTCHdb. It will be added.
INFO: Asset ID A01-0175, found during AssetTiger import, does not exist in the latest WaTCHdb. It will be added.
INFO: Asset ID A01-0176, found during AssetTiger import, does not exist in the latest WaTCHdb. It will be added.
INFO: Asset ID A01-0177, found during AssetTiger import, does not exist in the latest WaTCHdb. It will be added.
HIGH: During AT import of A02-0323, AT value for A02-0323:Description (Sample) is replacing the existing WaTCHdb value (Sample ).
HIGH: During AT import of A02-0323, AT value for A02-0323:Sample Collection By (Gz) is replacing the existing WaTCHdb value (Gz ).
INFO: Asset ID A02-0335, found during AssetTiger import, does not exist in the latest WaTCHdb. It will be added.
HIGH: During AT import of A02-0336, AT value for A02-0336:Description (Sample) is replacing the existing WaTCHdb value (Sample ).
HIGH: During AT import of A02-0336, AT value for A02-0336:Sample Collection By (Gz) is replacing the existing WaTCHdb value (Gz ).
HIGH: During AT import of A02-0337, AT value for A02-0337:Description (Sample) is replacing the existing WaTCHdb value (Sample ).
HIGH: During AT import of A02-0337, AT value for A02-0337:Sample Collection By (gz) is replacing the existing WaTCHdb value (gz ).
HIGH: During AT import of A02-0338, AT value for A02-0338:Description (Sample) is replacing the existing WaTCHdb value (Sample ).
HIGH: During AT import of A02-0338, AT value for A02-0338:Sample Collection By (Gz) is replacing the existing WaTCHdb value (Gz ).
HIGH: During AT import of A02-0339, AT value for A02-0339:Description (Sample) is replacing the existing WaTCHdb value (Sample ).
HIGH: During AT import of A02-0339, AT value for A02-0339:Sample Collection By (Sample) is replacing the existing WaTCHdb value (Sample ).
INFO: Asset ID A02-0341, found during AssetTiger import, does not exist in the latest WaTCHdb. It will be added.
INFO: Asset ID A02-0342, found during AssetTiger import, does not exist in the latest WaTCHdb. It will be added.
INFO: Asset ID A02-0343, found during AssetTiger import, does not exist in the latest WaTCHdb. It will be added.
INFO: Asset ID A02-0344, found during AssetTiger import, does not exist in the latest WaTCHdb. It will be added.
INFO: Asset ID A02-0345, found during AssetTiger import, does not exist in the latest WaTCHdb. It will be added.
INFO: Asset ID A02-0346, found during AssetTiger import, does not exist in the latest WaTCHdb. It will be added.
INFO: Asset ID A02-0347, found during AssetTiger import, does not exist in the latest WaTCHdb. It will be added.
INFO: Asset ID A02-0348, found during AssetTiger import, does not exist in the latest WaTCHdb. It will be added.
INFO: Asset ID A02-0349, found during AssetTiger import, does not exist in the latest WaTCHdb. It will be added.
HIGH: During AT import of A03-0174, AT value for A03-0174:Sample Collection By (Gz) is replacing the existing WaTCHdb value (Gz ).
HIGH: During AT import of A03-0184, AT value for A03-0184:Sample Collection By (Gz) is replacing the existing WaTCHdb value (Gz ).
HIGH: During AT import of A03-0199, AT value for A03-0199:Sample Collection By (Gz) is replacing the existing WaTCHdb value (Gz ).
HIGH: During AT import of A03-0238, AT value for A03-0238:Description (Sample) is replacing the existing WaTCHdb value (Sample ).
HIGH: During AT import of A03-0238, AT value for A03-0238:Sample Collection By (Gz) is replacing the existing WaTCHdb value (Gz ).
INFO: Asset ID A04-0011, found during AssetTiger import, does not exist in the latest WaTCHdb. It will be added.
INFO: Asset ID A04-0012, found during AssetTiger import, does not exist in the latest WaTCHdb. It will be added.
INFO: Asset ID A04-0013, found during AssetTiger import, does not exist in the latest WaTCHdb. It will be added.
INFO: Asset ID A04-0014, found during AssetTiger import, does not exist in the latest WaTCHdb. It will be added.
INFO: Asset ID A04-0015, found during AssetTiger import, does not exist in the latest WaTCHdb. It will be added.
INFO: Asset ID B01-0080, found during AssetTiger import, does not exist in the latest WaTCHdb. It will be added.
INFO: Asset ID B01-0085, found during AssetTiger import, does not exist in the latest WaTCHdb. It will be added.
INFO: Asset ID B01-0090, found during AssetTiger import, does not exist in the latest WaTCHdb. It will be added.
INFO: Asset ID B01-0095, found during AssetTiger import, does not exist in the latest WaTCHdb. It will be added.
INFO: Asset ID B01-0100, found during AssetTiger import, does not exist in the latest WaTCHdb. It will be added.
INFO: Asset ID C01-0076, found during AssetTiger import, does not exist in the latest WaTCHdb. It will be added.
INFO: Asset ID C01-0077, found during AssetTiger import, does not exist in the latest WaTCHdb. It will be added.
INFO: Asset ID C01-0123, found during AssetTiger import, does not exist in the latest WaTCHdb. It will be added.
INFO: Asset ID C01-0124, found during AssetTiger import, does not exist in the latest WaTCHdb. It will be added.
INFO: Asset ID C01-0125, found during AssetTiger import, does not exist in the latest WaTCHdb. It will be added.
INFO: Asset ID D01-0021, found during AssetTiger import, does not exist in the latest WaTCHdb. It will be added.
INFO: Asset ID D01-0047, found during AssetTiger import, does not exist in the latest WaTCHdb. It will be added.
INFO: Asset ID E02-0081, found during AssetTiger import, does not exist in the latest WaTCHdb. It will be added.
INFO: Asset ID E02-0082, found during AssetTiger import, does not exist in the latest WaTCHdb. It will be added.
INFO: Asset ID E02-0083, found during AssetTiger import, does not exist in the latest WaTCHdb. It will be added.
INFO: Asset ID E02-0084, found during AssetTiger import, does not exist in the latest WaTCHdb. It will be added.
INFO: Asset ID E02-0085, found during AssetTiger import, does not exist in the latest WaTCHdb. It will be added.
INFO: Asset ID H01-0118, found during AssetTiger import, does not exist in the latest WaTCHdb. It will be added.
INFO: Asset ID H01-0119, found during AssetTiger import, does not exist in the latest WaTCHdb. It will be added.
INFO: Asset ID H01-0120, found during AssetTiger import, does not exist in the latest WaTCHdb. It will be added.
INFO: Asset ID H01-0122, found during AssetTiger import, does not exist in the latest WaTCHdb. It will be added.
INFO: Asset ID H01-0123, found during AssetTiger import, does not exist in the latest WaTCHdb. It will be added.
INFO: Asset ID H01-0124, found during AssetTiger import, does not exist in the latest WaTCHdb. It will be added.
INFO: Asset ID H01-0125, found during AssetTiger import, does not exist in the latest WaTCHdb. It will be added.
INFO: Asset ID N02-0029, found during AssetTiger import, does not exist in the latest WaTCHdb. It will be added.
INFO: Asset ID N02-0039, found during AssetTiger import, does not exist in the latest WaTCHdb. It will be added.
INFO: Asset ID N02-0045, found during AssetTiger import, does not exist in the latest WaTCHdb. It will be added.
INFO: Asset ID N02-0049, found during AssetTiger import, does not exist in the latest WaTCHdb. It will be added.
INFO: Asset ID N02-0050, found during AssetTiger import, does not exist in the latest WaTCHdb. It will be added.
HIGH: Mysterious sample ID N01-0031, found during Run Metadata import, does not exist in AT or WaTCHdb. This is concerning.
INFO: Sample H01-0119 has a new calculated value of 8258.20483267309.
INFO: Sample H01-0119 has a new calculated value of 5505.28904423116.
INFO: Sample H01-0119 has a new calculated value of 8258.20483267309.
INFO: Sample L01-0008 has a new calculated value of 2228045.69721222.
INFO: Sample L01-0008 has a new calculated value of 7440.17866440116.
INFO: Sample L01-0008 has a new calculated value of 2094880.43546676.
INFO: Sample G01-0093 has a new calculated value of 221672.106385231.
INFO: Sample G01-0093 has a new calculated value of 0.
INFO: Sample G01-0093 has a new calculated value of 189932.803809643.
INFO: Sample A04-0012 has a new calculated value of 643261.367082596.
INFO: Sample A04-0012 has a new calculated value of 5624.60747547448.
INFO: Sample A04-0012 has a new calculated value of 557680.554986001.
INFO: Sample A02-0323 has a new calculated value of 10332.6384164393.
INFO: Sample A02-0323 has a new calculated value of 15499.9126307666.
INFO: Sample A02-0323 has a new calculated value of 15499.9126307666.
INFO: Sample A02-0338 has a new calculated value of 17470.5154448748.
INFO: Sample A02-0338 has a new calculated value of 34948.3163282275.
INFO: Sample A02-0338 has a new calculated value of 0.
INFO: Sample L01-0007 has a new calculated value of 1063567.77906418.
INFO: Sample L01-0007 has a new calculated value of 0.
INFO: Sample L01-0007 has a new calculated value of 978084.847927094.
INFO: Sample G01-0099 has a new calculated value of 100028.123259544.
INFO: Sample G01-0099 has a new calculated value of 8326.56500861048.
INFO: Sample G01-0099 has a new calculated value of 86121.0429668427.
INFO: Sample B01-0085 has a new calculated value of 182162.207365036.
INFO: Sample B01-0085 has a new calculated value of 0.
INFO: Sample B01-0085 has a new calculated value of 166290.5600667.
INFO: Sample H01-0118 has a new calculated value of 39071.7407315969.
INFO: Sample H01-0118 has a new calculated value of 2440.91677945107.
INFO: Sample H01-0118 has a new calculated value of 36628.6917775869.
INFO: Sample A04-0011 has a new calculated value of 69018.9740806817.
INFO: Sample A04-0011 has a new calculated value of 17244.0914064646.
INFO: Sample A04-0011 has a new calculated value of 207398.847341538.
INFO: Sample H01-0120 has a new calculated value of 15193.6789602041.
INFO: Sample H01-0120 has a new calculated value of 0.
INFO: Sample H01-0120 has a new calculated value of 15193.6789602041.
INFO: Sample A02-0349 has a new calculated value of 295276.243686676.
INFO: Sample A02-0349 has a new calculated value of 111481.64793849.
INFO: Sample A02-0349 has a new calculated value of 257919.36904192.
INFO: Sample A02-0341 has a new calculated value of 0.
INFO: Sample A02-0341 has a new calculated value of 0.
INFO: Sample A02-0341 has a new calculated value of 0.
INFO: Sample E01-0058 has a new calculated value of 89650.8644521235.
INFO: Sample E01-0058 has a new calculated value of 0.
INFO: Sample E01-0058 has a new calculated value of 92546.0310280323.
INFO: Sample A02-0342 has a new calculated value of 2696.59086596221.
INFO: Sample A02-0342 has a new calculated value of 8090.29363095761.
INFO: Sample A02-0342 has a new calculated value of 0.
INFO: Sample H01-0124 has a new calculated value of 91457.5852453707.
INFO: Sample H01-0124 has a new calculated value of 2687.08194606006.
INFO: Sample H01-0124 has a new calculated value of 86072.1959173681.
INFO: Sample E01-0057 has a new calculated value of 334378.41296196.
INFO: Sample E01-0057 has a new calculated value of 2752.55401153117.
INFO: Sample E01-0057 has a new calculated value of 381571.67851925.
INFO: Sample P01-0018 has a new calculated value of 293737.939596176.
INFO: Sample P01-0018 has a new calculated value of 41381.7619532345.
INFO: Sample P01-0018 has a new calculated value of 229706.515967846.
INFO: Sample A02-0330 has a new calculated value of 5011.86992973088.
INFO: Sample A02-0330 has a new calculated value of 5011.86992973088.
INFO: Sample A02-0330 has a new calculated value of 35095.6834852696.
INFO: Sample K01-0028 has a new calculated value of 486870.356798173.
INFO: Sample K01-0028 has a new calculated value of 0.
INFO: Sample K01-0028 has a new calculated value of 428146.401643751.
INFO: Sample H01-0125 has a new calculated value of 176527.155339718.
INFO: Sample H01-0125 has a new calculated value of 8007.85255618392.
INFO: Sample H01-0125 has a new calculated value of 149732.777774334.
INFO: Sample E02-0082 has a new calculated value of 47520.8066403865.
INFO: Sample E02-0082 has a new calculated value of 15834.2836797238.
INFO: Sample E02-0082 has a new calculated value of 76059.1793060304.
INFO: Sample A02-0347 has a new calculated value of 29546.5406030417.
INFO: Sample A02-0347 has a new calculated value of 139050.205796957.
INFO: Sample A02-0347 has a new calculated value of 53198.7771391868.
INFO: Sample A02-0344 has a new calculated value of 11136.3798379898.
INFO: Sample A02-0344 has a new calculated value of 33418.0196374655.
INFO: Sample A02-0344 has a new calculated value of 3711.79766021667.
INFO: Sample L01-0013 has a new calculated value of 641445.897817612.
INFO: Sample L01-0013 has a new calculated value of 0.
INFO: Sample L01-0013 has a new calculated value of 525835.981965064.
INFO: Sample A02-0345 has a new calculated value of 4778.44764478503.
INFO: Sample A02-0345 has a new calculated value of 23897.6863771677.
INFO: Sample A02-0345 has a new calculated value of 0.
INFO: Sample A02-0335 has a new calculated value of 24893.7657102942.
INFO: Sample A02-0335 has a new calculated value of 28006.5250396729.
INFO: Sample A02-0335 has a new calculated value of 21781.2357097864.
INFO: Sample A01-0172 has a new calculated value of 157434.779405594.
INFO: Sample A01-0172 has a new calculated value of 23725.8787080645.
INFO: Sample A01-0172 has a new calculated value of 181249.988079071.
INFO: Sample L01-0010 has a new calculated value of 5604266.51000976.
INFO: Sample L01-0010 has a new calculated value of 11392.9362036288.
INFO: Sample L01-0010 has a new calculated value of 4942190.86647035.
INFO: Sample L01-0006 has a new calculated value of 177014.742493629.
INFO: Sample L01-0006 has a new calculated value of 0.
INFO: Sample L01-0006 has a new calculated value of 157841.914594173.
INFO: Sample A02-0326 has a new calculated value of 0.
INFO: Sample A02-0326 has a new calculated value of 4255.21763507276.
INFO: Sample A02-0326 has a new calculated value of 4255.21763507276.
INFO: Sample E02-0084 has a new calculated value of 124165.572971106.
INFO: Sample E02-0084 has a new calculated value of 20668.7337532639.
INFO: Sample E02-0084 has a new calculated value of 121204.971224069.
INFO: Sample G01-0083 has a new calculated value of 49546.9569414853.
INFO: Sample G01-0083 has a new calculated value of 3301.308802329.
INFO: Sample G01-0083 has a new calculated value of 62769.3758904934.
INFO: Sample H01-0123 has a new calculated value of 80253.5618841649.
INFO: Sample H01-0123 has a new calculated value of 0.
INFO: Sample H01-0123 has a new calculated value of 69889.6296322347.
INFO: Sample G01-0088 has a new calculated value of 53340.8251404764.
INFO: Sample G01-0088 has a new calculated value of 0.
INFO: Sample G01-0088 has a new calculated value of 40783.9355617761.
INFO: Sample L01-0005 has a new calculated value of 361386.796832083.
INFO: Sample L01-0005 has a new calculated value of 5032.93474204837.
INFO: Sample L01-0005 has a new calculated value of 318261.179924011.
INFO: Sample P01-0017 has a new calculated value of 120949.626266956.
INFO: Sample P01-0017 has a new calculated value of 16472.5919254124.
INFO: Sample P01-0017 has a new calculated value of 74177.7057945726.
INFO: Sample H01-0122 has a new calculated value of 24316.0586804151.
INFO: Sample H01-0122 has a new calculated value of 3038.73573895544.
INFO: Sample H01-0122 has a new calculated value of 27356.5581813454.
INFO: Sample P01-0014 has a new calculated value of 131246.212273836.
INFO: Sample P01-0014 has a new calculated value of 12191.6260197759.
INFO: Sample P01-0014 has a new calculated value of 94577.9952406885.
INFO: Sample E01-0059 has a new calculated value of 303595.955371857.
INFO: Sample E01-0059 has a new calculated value of 5215.82504734397.
INFO: Sample E01-0059 has a new calculated value of 240602.338314056.
INFO: Sample A01-0174 has a new calculated value of 199923.660457134.
INFO: Sample A01-0174 has a new calculated value of 75808.1066608431.
INFO: Sample A01-0174 has a new calculated value of 192314.171791077.
INFO: Sample A02-0348 has a new calculated value of 0.
INFO: Sample A02-0348 has a new calculated value of 250594.248175621.
INFO: Sample A02-0348 has a new calculated value of 0.
INFO: Sample K01-0029 has a new calculated value of 516027.467250823.
INFO: Sample K01-0029 has a new calculated value of 5398.91336113215.
INFO: Sample K01-0029 has a new calculated value of 502366.057634354.
INFO: Sample E01-0060 has a new calculated value of 316504.588723183.
INFO: Sample E01-0060 has a new calculated value of 10629.8592500389.
INFO: Sample E01-0060 has a new calculated value of 270124.251544476.
INFO: Sample P01-0010 has a new calculated value of 197397.016882897.
INFO: Sample P01-0010 has a new calculated value of 6353.15503925086.
INFO: Sample P01-0010 has a new calculated value of 245294.339060783.
INFO: Sample E02-0083 has a new calculated value of 104026.8458426.
INFO: Sample E02-0083 has a new calculated value of 3148.53781834245.
INFO: Sample E02-0083 has a new calculated value of 179845.255315304.
INFO: Sample D01-0005 has a new calculated value of 207587.168812752.
INFO: Sample D01-0005 has a new calculated value of 12944.1198706627.
INFO: Sample D01-0005 has a new calculated value of 204985.984861851.
INFO: Sample A01-0173 has a new calculated value of 122284.821420908.
INFO: Sample A01-0173 has a new calculated value of 29209.5821723342.
INFO: Sample A01-0173 has a new calculated value of 111637.183874846.
INFO: Sample E02-0085 has a new calculated value of 55286.1370146276.
INFO: Sample E02-0085 has a new calculated value of 9751.07951089741.
INFO: Sample E02-0085 has a new calculated value of 94355.6056916714.
INFO: Sample E02-0081 has a new calculated value of 106003.185063601.
INFO: Sample E02-0081 has a new calculated value of 12457.0550769567.
INFO: Sample E02-0081 has a new calculated value of 96639.1606628895.
INFO: Sample A02-0346 has a new calculated value of 0.
INFO: Sample A02-0346 has a new calculated value of 0.
INFO: Sample A02-0346 has a new calculated value of 0.
INFO: Sample G01-0098 has a new calculated value of 29714.1205519438.
INFO: Sample G01-0098 has a new calculated value of 0.
INFO: Sample G01-0098 has a new calculated value of 23109.1624125838.
INFO: Sample P01-0013 has a new calculated value of 70550.7975071669.
INFO: Sample P01-0013 has a new calculated value of 15327.0305134356.
INFO: Sample P01-0013 has a new calculated value of 76691.2606358529.
INFO: Sample A04-0013 has a new calculated value of 110929.534435272.
INFO: Sample A04-0013 has a new calculated value of 29335.1397290826.
INFO: Sample A04-0013 has a new calculated value of 340242.539048195.
INFO: Sample L01-0009 has a new calculated value of 2055206.20107651.
INFO: Sample L01-0009 has a new calculated value of 18773.468658328.
INFO: Sample L01-0009 has a new calculated value of 1794125.4401207.
INFO: Sample A02-0343 has a new calculated value of 69059.7691386939.
INFO: Sample A02-0343 has a new calculated value of 48029.5302718877.
INFO: Sample A02-0343 has a new calculated value of 72064.9498701097.
INFO: Sample P01-0016 has a new calculated value of 0.
INFO: Sample P01-0016 has a new calculated value of 0.
INFO: Sample P01-0016 has a new calculated value of 0.
INFO: Sample D01-0047 has a new calculated value of 290734.988451004.
INFO: Sample D01-0047 has a new calculated value of 28275.7741212845.
INFO: Sample D01-0047 has a new calculated value of 333451.244831085.
INFO: Sample D01-0021 has a new calculated value of 98654.6556651593.
INFO: Sample D01-0021 has a new calculated value of 21903.1962007284.
INFO: Sample D01-0021 has a new calculated value of 473459.883928299.
LOW : WaTCH status of P01-0017 has been changed to Complete.
LOW : WaTCH status of A01-0174 has been changed to Complete.
LOW : WaTCH status of L01-0013 has been changed to Complete.
LOW : WaTCH status of E02-0081 has been changed to Complete.
LOW : WaTCH status of L01-0008 has been changed to Complete.
LOW : WaTCH status of A02-0326 has been changed to Complete.
LOW : WaTCH status of K01-0028 has been changed to Complete.
LOW : WaTCH status of A02-0330 has been changed to Complete.
LOW : WaTCH status of L01-0006 has been changed to Complete.
LOW : WaTCH status of E02-0083 has been changed to Complete.
LOW : WaTCH status of A01-0172 has been changed to Complete.
LOW : WaTCH status of E02-0084 has been changed to Complete.
LOW : WaTCH status of P01-0013 has been changed to Complete.
LOW : WaTCH status of P01-0018 has been changed to Complete.
LOW : WaTCH status of A02-0343 has been changed to Complete.
LOW : WaTCH status of H01-0125 has been changed to Complete.
LOW : WaTCH status of G01-0098 has been changed to Complete.
LOW : WaTCH status of P01-0016 has been changed to Complete.
LOW : WaTCH status of A01-0173 has been changed to Complete.
LOW : WaTCH status of H01-0119 has been changed to Complete.
LOW : WaTCH status of A02-0323 has been changed to Complete.
LOW : WaTCH status of L01-0007 has been changed to Complete.
LOW : WaTCH status of E02-0082 has been changed to Complete.
LOW : WaTCH status of A02-0347 has been changed to Complete.
LOW : WaTCH status of G01-0083 has been changed to Complete.
LOW : WaTCH status of H01-0123 has been changed to Complete.
LOW : WaTCH status of E01-0060 has been changed to Complete.
LOW : WaTCH status of H01-0124 has been changed to Complete.
LOW : WaTCH status of A02-0345 has been changed to Complete.
LOW : WaTCH status of P01-0014 has been changed to Complete.
LOW : WaTCH status of H01-0122 has been changed to Complete.
LOW : WaTCH status of G01-0088 has been changed to Complete.
LOW : WaTCH status of A04-0012 has been changed to Complete.
LOW : WaTCH status of E01-0057 has been changed to Complete.
LOW : WaTCH status of L01-0010 has been changed to Complete.
LOW : WaTCH status of E01-0059 has been changed to Complete.
LOW : WaTCH status of D01-0005 has been changed to Complete.
LOW : WaTCH status of L01-0009 has been changed to Complete.
LOW : WaTCH status of L01-0005 has been changed to Complete.
LOW : WaTCH status of E02-0085 has been changed to Complete.
LOW : WaTCH status of P01-0010 has been changed to Complete.
LOW : WaTCH status of B01-0085 has been changed to Complete.
LOW : WaTCH status of G01-0093 has been changed to Complete.
LOW : WaTCH status of A02-0342 has been changed to Complete.
LOW : WaTCH status of A04-0011 has been changed to Complete.
LOW : WaTCH status of H01-0118 has been changed to Complete.
LOW : WaTCH status of A02-0346 has been changed to Complete.
LOW : WaTCH status of H01-0120 has been changed to Complete.
LOW : WaTCH status of A02-0335 has been changed to Complete.
LOW : WaTCH status of G01-0099 has been changed to Complete.
LOW : WaTCH status of E01-0058 has been changed to Complete.
LOW : WaTCH status of K01-0029 has been changed to Complete.
LOW : WaTCH status of A04-0013 has been changed to Complete.
LOW : WaTCH status of A02-0349 has been changed to Complete.
LOW : WaTCH status of A02-0344 has been changed to Complete.
#
# WaTCHdb update complete.
# 2022-02-17.15-28-00.
