# WaTCHdb update log.
# Command: 2_updateWaTCH.pl.
# Data output written to updates/watchdb/watchdb.2023-05-11.14-25-09.txt and updates/watchdb.LATEST.txt.
# Fatal errors and system warnings are NOT logged here; see STDERR for those.
#
# Run started 2023-05-11.14-25-09.
#
4 molecular targets added.
INFO: Finished WaTCHdb import. 8478 total assets present.
INFO: Finished AssetTiger import. 5 new assets added. 8483 total assets present.
HIGH: Mysterious sample ID A01-0553 found during Run Metadata import, does not exist in AT or WaTCHdb. This is concerning.
HIGH: A01-0553 will be ignored!
HIGH: Mysterious sample ID A01-0554 found during Run Metadata import, does not exist in AT or WaTCHdb. This is concerning.
HIGH: A01-0554 will be ignored!
INFO: Sample N02-0288 1.1 has a new calculated value of 11059.3348927796.
INFO: Sample N02-0288 1.1 has a new calculated value of 2211.64869144559.
INFO: Sample N02-0288 1.1 has a new calculated value of 15483.8330671191.
INFO: Sample N02-0290 1.1 has a new calculated value of 2226.81545186788.
INFO: Sample N02-0290 1.1 has a new calculated value of 0.
INFO: Sample N02-0290 1.1 has a new calculated value of 2226.81545186788.
INFO: Sample H01-0569 1.1 has a new calculated value of 37225.0742465258.
INFO: Sample H01-0569 1.1 has a new calculated value of 0.
INFO: Sample H01-0569 1.1 has a new calculated value of 43797.414600849.
INFO: Sample A02-1266 1.1 has a new calculated value of 0.
INFO: Sample A02-1266 1.1 has a new calculated value of 15033.3918817341.
INFO: Sample A02-1266 1.1 has a new calculated value of 0.
INFO: Sample B01-0441 1.1 has a new calculated value of 94295.5470085143.
INFO: Sample B01-0441 1.1 has a new calculated value of 7850.38749687373.
INFO: Sample B01-0441 1.1 has a new calculated value of 96917.7018105985.
INFO: Sample H01-0572 1.1 has a new calculated value of 85479.1769385336.
INFO: Sample H01-0572 1.1 has a new calculated value of 2247.36427422613.
INFO: Sample H01-0572 1.1 has a new calculated value of 87730.8297157287.
INFO: Sample H01-0570 1.1 has a new calculated value of 36806.0139566662.
INFO: Sample H01-0570 1.1 has a new calculated value of 2164.22313591465.
INFO: Sample H01-0570 1.1 has a new calculated value of 32474.3249639869.
INFO: Sample A02-1264 1.1 has a new calculated value of 30226.8616855145.
INFO: Sample A02-1264 1.1 has a new calculated value of 0.
INFO: Sample A02-1264 1.1 has a new calculated value of 110931.649357081.
INFO: Sample A02-1267 1.1 has a new calculated value of 4995.9666095674.
INFO: Sample A02-1267 1.1 has a new calculated value of 37483.332529664.
INFO: Sample A02-1267 1.1 has a new calculated value of 0.
INFO: Sample A01-0552 1.1 has a new calculated value of 86359.9441945553.
INFO: Sample A01-0552 1.1 has a new calculated value of 35787.5856757163.
INFO: Sample A01-0552 1.1 has a new calculated value of 77927.2583127023.
INFO: Sample A04-0421 1.1 has a new calculated value of 22483.7294965982.
INFO: Sample A04-0421 1.1 has a new calculated value of 9991.37582257391.
INFO: Sample A04-0421 1.1 has a new calculated value of 14987.8987669945.
INFO: Sample A02-1253 1.1 has a new calculated value of 2292.90144983679.
INFO: Sample A02-1253 1.1 has a new calculated value of 50470.9526896475.
INFO: Sample A02-1253 1.1 has a new calculated value of 0.
INFO: Sample A02-1261 1.1 has a new calculated value of 0.
INFO: Sample A02-1261 1.1 has a new calculated value of 2291.4944216609.
INFO: Sample A02-1261 1.1 has a new calculated value of 0.
INFO: Sample A02-1284 1.1 has a new calculated value of 4371.40960246326.
INFO: Sample A02-1284 1.1 has a new calculated value of 10929.3234720826.
INFO: Sample A02-1284 1.1 has a new calculated value of 2185.65145041793.
INFO: Sample N02-0278 1.1 has a new calculated value of 19630.6490153074.
INFO: Sample N02-0278 1.1 has a new calculated value of 0.
INFO: Sample N02-0278 1.1 has a new calculated value of 23994.1849932074.
INFO: Sample A02-1263 1.1 has a new calculated value of 0.
INFO: Sample A02-1263 1.1 has a new calculated value of 30322.8379413486.
INFO: Sample A02-1263 1.1 has a new calculated value of 0.
INFO: Sample B01-0435 1.1 has a new calculated value of 87865.3608262539.
INFO: Sample B01-0435 1.1 has a new calculated value of 7315.53683057427.
INFO: Sample B01-0435 1.1 has a new calculated value of 63441.033437848.
INFO: Sample A02-1251 1.1 has a new calculated value of 2381.61748275161.
INFO: Sample A02-1251 1.1 has a new calculated value of 35737.5537604092.
INFO: Sample A02-1251 1.1 has a new calculated value of 0.
INFO: Sample B01-0439 1.1 has a new calculated value of 51267.3481553792.
INFO: Sample B01-0439 1.1 has a new calculated value of 9760.68902760745.
INFO: Sample B01-0439 1.1 has a new calculated value of 53710.1125717162.
INFO: Sample H01-0574 1.1 has a new calculated value of 8691.94482453168.
INFO: Sample H01-0574 1.1 has a new calculated value of 0.
INFO: Sample H01-0574 1.1 has a new calculated value of 10865.1942014694.
INFO: Sample A02-1262 1.1 has a new calculated value of 10833.148676902.
INFO: Sample A02-1262 1.1 has a new calculated value of 39011.597111821.
INFO: Sample A02-1262 1.1 has a new calculated value of 13000.0920407474.
INFO: Sample A02-1260 1.1 has a new calculated value of 9526.72261744737.
INFO: Sample A02-1260 1.1 has a new calculated value of 11908.7201915681.
INFO: Sample A02-1260 1.1 has a new calculated value of 2381.49060867727.
INFO: Sample A02-1265 1.1 has a new calculated value of 2259.83084645122.
INFO: Sample A02-1265 1.1 has a new calculated value of 31648.0105742812.
INFO: Sample A02-1265 1.1 has a new calculated value of 0.
INFO: Sample A02-1250 1.1 has a new calculated value of 59325.5527317525.
INFO: Sample A02-1250 1.1 has a new calculated value of 15964.5392931998.
INFO: Sample A02-1250 1.1 has a new calculated value of 63892.3101872207.
INFO: Sample A02-1252 1.1 has a new calculated value of 81830.5715918539.
INFO: Sample A02-1252 1.1 has a new calculated value of 18171.6629862785.
INFO: Sample A02-1252 1.1 has a new calculated value of 90932.0908784866.
INFO: Sample A02-1259 1.1 has a new calculated value of 163473.722040653.
INFO: Sample A02-1259 1.1 has a new calculated value of 25287.9055961967.
INFO: Sample A02-1259 1.1 has a new calculated value of 161167.132258415.
INFO: Sample H01-0568 1.1 has a new calculated value of 142885.306477547.
INFO: Sample H01-0568 1.1 has a new calculated value of 0.
INFO: Sample H01-0568 1.1 has a new calculated value of 137273.382693529.
INFO: Sample H01-0573 1.1 has a new calculated value of 0.
INFO: Sample H01-0573 1.1 has a new calculated value of 2403.97625137121.
INFO: Sample H01-0573 1.1 has a new calculated value of 0.
INFO: Sample A01-0551 1.1 has a new calculated value of 49286.5412682296.
INFO: Sample A01-0551 1.1 has a new calculated value of 14780.2722640336.
INFO: Sample A01-0551 1.1 has a new calculated value of 39424.8944520951.
INFO: Sample H01-0571 1.1 has a new calculated value of 45143.8808441163.
INFO: Sample H01-0571 1.1 has a new calculated value of 0.
INFO: Sample H01-0571 1.1 has a new calculated value of 54178.1218349934.
INFO: Sample B01-0442 1.1 has a new calculated value of 57473.2252210378.
INFO: Sample B01-0442 1.1 has a new calculated value of 2735.14943663031.
INFO: Sample B01-0442 1.1 has a new calculated value of 46520.2575176955.
INFO: Sample B01-0449 1.1 has a new calculated value of 108052.714169025.
INFO: Sample B01-0449 1.1 has a new calculated value of 0.
INFO: Sample B01-0449 1.1 has a new calculated value of 84540.8226549625.
INFO: Sample A04-0417 1.1 has a new calculated value of 29878.0439794063.
INFO: Sample A04-0417 1.1 has a new calculated value of 0.
INFO: Sample A04-0417 1.1 has a new calculated value of 27579.0262967348.
INFO: Sample N02-0324 1.1 has a new calculated value of 4682.23409727216.
INFO: Sample N02-0324 1.1 has a new calculated value of 2341.05573501438.
INFO: Sample N02-0324 1.1 has a new calculated value of 4682.23409727216.
LOW : WaTCH status of A01-0552 1.1 has been changed to Complete.
LOW : WaTCH status of H01-0571 1.1 has been changed to Complete.
LOW : WaTCH status of A02-1266 1.1 has been changed to Complete.
LOW : WaTCH status of H01-0570 1.1 has been changed to Complete.
LOW : WaTCH status of A02-1284 1.1 has been changed to Complete.
LOW : WaTCH status of A02-1253 1.1 has been changed to Complete.
LOW : WaTCH status of A02-1261 1.1 has been changed to Complete.
LOW : WaTCH status of A02-1265 1.1 has been changed to Complete.
LOW : WaTCH status of A02-1260 1.1 has been changed to Complete.
LOW : WaTCH status of B01-0442 1.1 has been changed to Complete.
LOW : WaTCH status of A02-1259 1.1 has been changed to Complete.
LOW : WaTCH status of B01-0439 1.1 has been changed to Complete.
LOW : WaTCH status of B01-0449 1.1 has been changed to Complete.
LOW : WaTCH status of H01-0573 1.1 has been changed to Complete.
LOW : WaTCH status of H01-0568 1.1 has been changed to Complete.
LOW : WaTCH status of A02-1267 1.1 has been changed to Complete.
LOW : WaTCH status of A01-0551 1.1 has been changed to Complete.
LOW : WaTCH status of H01-0572 1.1 has been changed to Complete.
LOW : WaTCH status of N02-0288 1.1 has been changed to Complete.
LOW : WaTCH status of A04-0421 1.1 has been changed to Complete.
LOW : WaTCH status of A02-1263 1.1 has been changed to Complete.
LOW : WaTCH status of B01-0435 1.1 has been changed to Complete.
LOW : WaTCH status of N02-0290 1.1 has been changed to Complete.
LOW : WaTCH status of N02-0278 1.1 has been changed to Complete.
LOW : WaTCH status of A02-1251 1.1 has been changed to Complete.
LOW : WaTCH status of H01-0574 1.1 has been changed to Complete.
LOW : WaTCH status of B01-0441 1.1 has been changed to Complete.
LOW : WaTCH status of A04-0417 1.1 has been changed to Complete.
LOW : WaTCH status of A02-1262 1.1 has been changed to Complete.
LOW : WaTCH status of N02-0324 1.1 has been changed to Complete.
LOW : WaTCH status of H01-0569 1.1 has been changed to Complete.
LOW : WaTCH status of A02-1250 1.1 has been changed to Complete.
#
# WaTCHdb update complete.
# 2023-05-11.14-25-10.
