# WaTCHdb update log.
# Command: 2_updateWaTCH.pl.
# Data output written to updates/watchdb/watchdb.2023-11-14.10-33-32.txt and updates/watchdb.LATEST.txt.
# Fatal errors and system warnings are NOT logged here; see STDERR for those.
#
# Run started 2023-11-14.10-33-32.
#
4 molecular targets added.
INFO: Finished WaTCHdb import. 10559 total assets present.
INFO: Finished AssetTiger import. 0 new assets added. 10559 total assets present.
HIGH: Mysterious sample ID A01-P1 found during Run Metadata import, does not exist in AT or WaTCHdb. This is concerning.
HIGH: A01-P1 will be ignored!
INFO: Sample P01-0086 1.1 has a new calculated value of 15283.5334092379.
INFO: Sample P01-0086 1.1 has a new calculated value of 43316.8899267911.
INFO: Sample P01-0086 1.1 has a new calculated value of 25475.4520207644.
INFO: Sample J01-0382 1.1 has a new calculated value of 0.
INFO: Sample J01-0382 1.1 has a new calculated value of 5407.74995461107.
INFO: Sample J01-0382 1.1 has a new calculated value of 5407.74995461107.
INFO: Sample A01-0714 1.1 has a new calculated value of 31393.302641809.
INFO: Sample A01-0714 1.1 has a new calculated value of 307026.919126511.
INFO: Sample A01-0714 1.1 has a new calculated value of 249134.52744484.
INFO: Sample J01-0381 1.1 has a new calculated value of 2523.65725580603.
INFO: Sample J01-0381 1.1 has a new calculated value of 10095.4815745354.
INFO: Sample J01-0381 1.1 has a new calculated value of 12619.7076402605.
INFO: Sample A01-0713 1.1 has a new calculated value of 31227.4023145437.
INFO: Sample A01-0713 1.1 has a new calculated value of 239968.065619469.
INFO: Sample A01-0713 1.1 has a new calculated value of 213822.230100632.
INFO: Sample A04-0520 1.1 has a new calculated value of 11828.2491154969.
INFO: Sample A04-0520 1.1 has a new calculated value of 92343.2448506355.
INFO: Sample A04-0520 1.1 has a new calculated value of 92343.2448506355.
INFO: Sample A02-1308 1.1 has a new calculated value of 0.
INFO: Sample A02-1308 1.1 has a new calculated value of 5405.14080785215.
INFO: Sample A02-1308 1.1 has a new calculated value of 8107.95620083807.
INFO: Sample R02-0417 1.1 has a new calculated value of 8722.3983183503.
INFO: Sample R02-0417 1.1 has a new calculated value of 256565.190553665.
INFO: Sample R02-0417 1.1 has a new calculated value of 166016.588509083.
INFO: Sample N02-0447 1.1 has a new calculated value of 8475.4886291921.
INFO: Sample N02-0447 1.1 has a new calculated value of 110306.583791971.
INFO: Sample N02-0447 1.1 has a new calculated value of 110306.583791971.
INFO: Sample C01-0530 1.1 has a new calculated value of 7457.98828080297.
INFO: Sample C01-0530 1.1 has a new calculated value of 82106.2164008618.
INFO: Sample C01-0530 1.1 has a new calculated value of 94559.674412012.
INFO: Sample R01-0428 1.1 has a new calculated value of 12322.6513713598.
INFO: Sample R01-0428 1.1 has a new calculated value of 2464.25895486027.
INFO: Sample R01-0428 1.1 has a new calculated value of 0.
INFO: Sample A01-0712 1.1 has a new calculated value of 27665.5788347125.
INFO: Sample A01-0712 1.1 has a new calculated value of 152372.488975525.
INFO: Sample A01-0712 1.1 has a new calculated value of 152372.488975525.
INFO: Sample D01-0281 1.1 has a new calculated value of 5254.61082346737.
INFO: Sample D01-0281 1.1 has a new calculated value of 215945.900380611.
INFO: Sample D01-0281 1.1 has a new calculated value of 218585.815429688.
INFO: Sample A01-0711 1.1 has a new calculated value of 31713.6028781533.
INFO: Sample A01-0711 1.1 has a new calculated value of 100503.496527672.
INFO: Sample A01-0711 1.1 has a new calculated value of 97855.7842969895.
INFO: Sample C01-0529 1.1 has a new calculated value of 2947.04692438245.
INFO: Sample C01-0529 1.1 has a new calculated value of 11789.3502674997.
INFO: Sample C01-0529 1.1 has a new calculated value of 17685.1885020733.
INFO: Sample E01-0375 1.1 has a new calculated value of 0.
INFO: Sample E01-0375 1.1 has a new calculated value of 7165.0344505906.
INFO: Sample E01-0375 1.1 has a new calculated value of 7165.0344505906.
INFO: Sample M03-0338 1.1 has a new calculated value of 22705.0828188658.
INFO: Sample M03-0338 1.1 has a new calculated value of 45421.6787964105.
INFO: Sample M03-0338 1.1 has a new calculated value of 25544.0298467875.
INFO: Sample C01-0528 1.1 has a new calculated value of 5890.02644643188.
INFO: Sample C01-0528 1.1 has a new calculated value of 44194.0771043302.
INFO: Sample C01-0528 1.1 has a new calculated value of 47141.9043838977.
INFO: Sample E01-0377 1.1 has a new calculated value of 2768.26675515622.
INFO: Sample E01-0377 1.1 has a new calculated value of 299965.322613716.
INFO: Sample E01-0377 1.1 has a new calculated value of 313901.349306107.
INFO: Sample A01-0710 1.1 has a new calculated value of 13394.5069089532.
INFO: Sample A01-0710 1.1 has a new calculated value of 55836.8745446205.
INFO: Sample A01-0710 1.1 has a new calculated value of 58071.7948079111.
INFO: Sample M04-0209 1.1 has a new calculated value of 28381.3567087054.
INFO: Sample M04-0209 1.1 has a new calculated value of 122167.566418648.
INFO: Sample M04-0209 1.1 has a new calculated value of 136394.738852978.
INFO: Sample H01-0737 1.1 has a new calculated value of 5265.72478003801.
INFO: Sample H01-0737 1.1 has a new calculated value of 26334.8131254315.
INFO: Sample H01-0737 1.1 has a new calculated value of 7898.81941862405.
INFO: Sample N03-0449 1.1 has a new calculated value of 0.
INFO: Sample N03-0449 1.1 has a new calculated value of 0.
INFO: Sample N03-0449 1.1 has a new calculated value of 0.
INFO: Sample A01-0709 1.1 has a new calculated value of 7851.76293924449.
INFO: Sample A01-0709 1.1 has a new calculated value of 68094.3582952024.
INFO: Sample A01-0709 1.1 has a new calculated value of 39272.5818604231.
INFO: Sample K01-0373 1.1 has a new calculated value of 7866.46546795964.
INFO: Sample K01-0373 1.1 has a new calculated value of 220784.705579281.
INFO: Sample K01-0373 1.1 has a new calculated value of 220784.705579281.
INFO: Sample C01-0527 1.1 has a new calculated value of 2823.20482190698.
INFO: Sample C01-0527 1.1 has a new calculated value of 50844.924375415.
INFO: Sample C01-0527 1.1 has a new calculated value of 45192.6387101412.
INFO: Sample A02-1309 1.1 has a new calculated value of 29994.9634820223.
INFO: Sample A02-1309 1.1 has a new calculated value of 25379.0468350053.
INFO: Sample A02-1309 1.1 has a new calculated value of 11534.1486409307.
INFO: Sample E01-0374 1.1 has a new calculated value of 0.
INFO: Sample E01-0374 1.1 has a new calculated value of 272055.676281452.
INFO: Sample E01-0374 1.1 has a new calculated value of 237958.261370659.
INFO: Sample O01-0467 1.1 has a new calculated value of 5205.1713410765.
INFO: Sample O01-0467 1.1 has a new calculated value of 200836.848020554.
INFO: Sample O01-0467 1.1 has a new calculated value of 200836.848020554.
INFO: Sample L01-0547 1.1 has a new calculated value of 13701.6727589071.
INFO: Sample L01-0547 1.1 has a new calculated value of 1868691.09392166.
INFO: Sample L01-0547 1.1 has a new calculated value of 1788777.83060074.
INFO: Sample E01-0376 1.1 has a new calculated value of 4867.09227785468.
INFO: Sample E01-0376 1.1 has a new calculated value of 447542.222142219.
INFO: Sample E01-0376 1.1 has a new calculated value of 410689.786076546.
INFO: Sample A02-1310 1.1 has a new calculated value of 5142.74611137806.
INFO: Sample A02-1310 1.1 has a new calculated value of 0.
INFO: Sample A02-1310 1.1 has a new calculated value of 0.
INFO: Sample B01-0601 1.1 has a new calculated value of 7737.42922581732.
INFO: Sample B01-0601 1.1 has a new calculated value of 199018.151164055.
INFO: Sample B01-0601 1.1 has a new calculated value of 167944.140136242.
INFO: Sample Q01-0478 1.1 has a new calculated value of 5037.24368289113.
INFO: Sample Q01-0478 1.1 has a new calculated value of 156418.461799622.
INFO: Sample Q01-0478 1.1 has a new calculated value of 146310.443580151.
INFO: Sample C01-0526 1.1 has a new calculated value of 0.
INFO: Sample C01-0526 1.1 has a new calculated value of 53209.568336606.
INFO: Sample C01-0526 1.1 has a new calculated value of 29553.0722290278.
LOW : WaTCH status of M03-0338 1.1 has been changed to Complete.
LOW : WaTCH status of E01-0374 1.1 has been changed to Complete.
LOW : WaTCH status of Q01-0478 1.1 has been changed to Complete.
LOW : WaTCH status of C01-0527 1.1 has been changed to Complete.
LOW : WaTCH status of C01-0529 1.1 has been changed to Complete.
LOW : WaTCH status of L01-0547 1.1 has been changed to Complete.
LOW : WaTCH status of H01-0737 1.1 has been changed to Complete.
LOW : WaTCH status of C01-0530 1.1 has been changed to Complete.
LOW : WaTCH status of C01-0528 1.1 has been changed to Complete.
LOW : WaTCH status of D01-0281 1.1 has been changed to Complete.
LOW : WaTCH status of N02-0447 1.1 has been changed to Complete.
LOW : WaTCH status of O01-0467 1.1 has been changed to Complete.
LOW : WaTCH status of J01-0382 1.1 has been changed to Complete.
LOW : WaTCH status of C01-0526 1.1 has been changed to Complete.
LOW : WaTCH status of B01-0601 1.1 has been changed to Complete.
LOW : WaTCH status of J01-0381 1.1 has been changed to Complete.
LOW : WaTCH status of R01-0428 1.1 has been changed to Complete.
LOW : WaTCH status of E01-0375 1.1 has been changed to Complete.
LOW : WaTCH status of A02-1310 1.1 has been changed to Complete.
LOW : WaTCH status of A01-0711 1.1 has been changed to Complete.
LOW : WaTCH status of A01-0712 1.1 has been changed to Complete.
LOW : WaTCH status of A01-0714 1.1 has been changed to Complete.
LOW : WaTCH status of A01-0709 1.1 has been changed to Complete.
LOW : WaTCH status of E01-0376 1.1 has been changed to Complete.
LOW : WaTCH status of A01-0713 1.1 has been changed to Complete.
LOW : WaTCH status of R02-0417 1.1 has been changed to Complete.
LOW : WaTCH status of A01-0710 1.1 has been changed to Complete.
LOW : WaTCH status of P01-0086 1.1 has been changed to Complete.
LOW : WaTCH status of A04-0520 1.1 has been changed to Complete.
LOW : WaTCH status of A02-1308 1.1 has been changed to Complete.
LOW : WaTCH status of E01-0377 1.1 has been changed to Complete.
LOW : WaTCH status of M04-0209 1.1 has been changed to Complete.
LOW : WaTCH status of K01-0373 1.1 has been changed to Complete.
LOW : WaTCH status of A02-1309 1.1 has been changed to Complete.
LOW : WaTCH status of N03-0449 1.1 has been changed to Complete.
#
# WaTCHdb update complete.
# 2023-11-14.10-33-34.
