# WaTCHdb update log.
# Command: 2_updateWaTCH.pl.
# Data output written to DB/INCREMENTAL/watchdb.2022-05-26.20-10-53.txt and DB/watchdb.LATEST.txt.
# Fatal errors and system warnings are NOT logged here; see STDERR for those.
#
# Run started 2022-05-26.20-10-53.
#
4 molecular targets added.
INFO: Finished WaTCHdb import. 3163 total assets present.
INFO: Finished AssetTiger import. 0 new assets added. 3163 total assets present.
INFO: Sample Q01-0012 1.1 has a new calculated value of 71376.8953084947.
INFO: Sample Q01-0012 1.1 has a new calculated value of 78767.6551938056.
INFO: Sample Q01-0012 1.1 has a new calculated value of 0.
INFO: Sample G01-0160 1.1 has a new calculated value of 34066.2983804941.
INFO: Sample G01-0160 1.1 has a new calculated value of 31794.3499982357.
INFO: Sample G01-0160 1.1 has a new calculated value of 0.
INFO: Sample A03-0348 1.1 has a new calculated value of 0.
INFO: Sample A03-0348 1.1 has a new calculated value of 0.
INFO: Sample A03-0348 1.1 has a new calculated value of 23402.6269242168.
INFO: Sample N02-0072 1.1 has a new calculated value of 34084.9993005395.
INFO: Sample N02-0072 1.1 has a new calculated value of 23430.4585307837.
INFO: Sample N02-0072 1.1 has a new calculated value of 0.
INFO: Sample G01-0159 1.1 has a new calculated value of 54926.9655346871.
INFO: Sample G01-0159 1.1 has a new calculated value of 54926.9655346871.
INFO: Sample G01-0159 1.1 has a new calculated value of 2495.11908274144.
INFO: Sample Q01-0010 1.1 has a new calculated value of 145071.829855442.
INFO: Sample Q01-0010 1.1 has a new calculated value of 156252.020001412.
INFO: Sample Q01-0010 1.1 has a new calculated value of 5570.40994986892.
INFO: Sample S01-0021 1.1 has a new calculated value of 39645.372927189.
INFO: Sample S01-0021 1.1 has a new calculated value of 30832.0478349924.
INFO: Sample S01-0021 1.1 has a new calculated value of 2201.53725240379.
INFO: Sample Q01-0013 1.1 has a new calculated value of 192098.772525787.
INFO: Sample Q01-0013 1.1 has a new calculated value of 185222.932398319.
INFO: Sample Q01-0013 1.1 has a new calculated value of 9127.62349471449.
INFO: Sample E01-0112 1.1 has a new calculated value of 85655.632764101.
INFO: Sample E01-0112 1.1 has a new calculated value of 76129.6936869622.
INFO: Sample E01-0112 1.1 has a new calculated value of 4754.05703298748.
INFO: Sample A03-0347 1.1 has a new calculated value of 0.
INFO: Sample A03-0347 1.1 has a new calculated value of 0.
INFO: Sample A03-0347 1.1 has a new calculated value of 69309.2364817858.
INFO: Sample S01-0027 1.1 has a new calculated value of 87686.3738894461.
INFO: Sample S01-0027 1.1 has a new calculated value of 64593.2199060918.
INFO: Sample S01-0027 1.1 has a new calculated value of 0.
INFO: Sample Q01-0014 1.1 has a new calculated value of 566399.163007737.
INFO: Sample Q01-0014 1.1 has a new calculated value of 593889.816999435.
INFO: Sample Q01-0014 1.1 has a new calculated value of 11298.4941154719.
INFO: Sample E01-0110 1.1 has a new calculated value of 78106.1857938766.
INFO: Sample E01-0110 1.1 has a new calculated value of 72894.5682942867.
INFO: Sample E01-0110 1.1 has a new calculated value of 2601.19562968612.
INFO: Sample A02-0532 1.1 has a new calculated value of 25565.1663243771.
INFO: Sample A02-0532 1.1 has a new calculated value of 20915.7931432128.
INFO: Sample A02-0532 1.1 has a new calculated value of 4647.05228805542.
INFO: Sample N02-0089 1.1 has a new calculated value of 77621.3505864145.
INFO: Sample N02-0089 1.1 has a new calculated value of 77621.3505864145.
INFO: Sample N02-0089 1.1 has a new calculated value of 0.
INFO: Sample G01-0164 1.1 has a new calculated value of 134368.575811386.
INFO: Sample G01-0164 1.1 has a new calculated value of 114185.80904603.
INFO: Sample G01-0164 1.1 has a new calculated value of 0.
INFO: Sample S01-0023 1.1 has a new calculated value of 14932.9330958426.
INFO: Sample S01-0023 1.1 has a new calculated value of 17422.2725071013.
INFO: Sample S01-0023 1.1 has a new calculated value of 0.
INFO: Sample Q01-0011 1.1 has a new calculated value of 127292.930781841.
INFO: Sample Q01-0011 1.1 has a new calculated value of 117672.414779663.
INFO: Sample Q01-0011 1.1 has a new calculated value of 2398.17826543003.
INFO: Sample S01-0020 1.1 has a new calculated value of 41263.4962052105.
INFO: Sample S01-0020 1.1 has a new calculated value of 54302.5200068951.
INFO: Sample S01-0020 1.1 has a new calculated value of 2170.75038235634.
INFO: Sample P01-0067 1.1 has a new calculated value of 114662.762135267.
INFO: Sample P01-0067 1.1 has a new calculated value of 104457.814246416.
INFO: Sample P01-0067 1.1 has a new calculated value of 0.
INFO: Sample N02-0079 1.1 has a new calculated value of 37337.8785699607.
INFO: Sample N02-0079 1.1 has a new calculated value of 37337.8785699607.
INFO: Sample N02-0079 1.1 has a new calculated value of 0.
INFO: Sample S01-0026 1.1 has a new calculated value of 123790.722191334.
INFO: Sample S01-0026 1.1 has a new calculated value of 126673.929691315.
INFO: Sample S01-0026 1.1 has a new calculated value of 0.
INFO: Sample A03-0362 1.1 has a new calculated value of 3356994.96746063.
INFO: Sample A03-0362 1.1 has a new calculated value of 3317770.0138092.
INFO: Sample A03-0362 1.1 has a new calculated value of 47569.093108177.
INFO: Sample G01-0152 1.1 has a new calculated value of 2788.81876263767.
INFO: Sample G01-0152 1.1 has a new calculated value of 0.
INFO: Sample G01-0152 1.1 has a new calculated value of 0.
INFO: Sample N02-0097 1.1 has a new calculated value of 78165.5649840832.
INFO: Sample N02-0097 1.1 has a new calculated value of 87194.0642595292.
INFO: Sample N02-0097 1.1 has a new calculated value of 0.
INFO: Sample S01-0022 1.1 has a new calculated value of 58039.4976586102.
INFO: Sample S01-0022 1.1 has a new calculated value of 43522.0840573312.
INFO: Sample S01-0022 1.1 has a new calculated value of 0.
INFO: Sample S01-0025 1.1 has a new calculated value of 187488.124072552.
INFO: Sample S01-0025 1.1 has a new calculated value of 212274.532020092.
INFO: Sample S01-0025 1.1 has a new calculated value of 2055.75801199302.
INFO: Sample P01-0072 1.1 has a new calculated value of 2364.62325789034.
INFO: Sample P01-0072 1.1 has a new calculated value of 2364.62325789034.
INFO: Sample P01-0072 1.1 has a new calculated value of 0.
INFO: Sample P01-0075 1.1 has a new calculated value of 127122.386544943.
INFO: Sample P01-0075 1.1 has a new calculated value of 136217.323243618.
INFO: Sample P01-0075 1.1 has a new calculated value of 2266.66479371488.
INFO: Sample N02-0057 1.1 has a new calculated value of 42439.9065971376.
INFO: Sample N02-0057 1.1 has a new calculated value of 42439.9065971376.
INFO: Sample N02-0057 1.1 has a new calculated value of 0.
INFO: Sample N02-0083 1.1 has a new calculated value of 29594.6848019957.
INFO: Sample N02-0083 1.1 has a new calculated value of 25040.296241641.
INFO: Sample N02-0083 1.1 has a new calculated value of 0.
INFO: Sample E01-0111 1.1 has a new calculated value of 67774.5379507543.
INFO: Sample E01-0111 1.1 has a new calculated value of 60992.1493381262.
INFO: Sample E01-0111 1.1 has a new calculated value of 6772.52375520765.
INFO: Sample P01-0068 1.1 has a new calculated value of 15994.6769289672.
INFO: Sample P01-0068 1.1 has a new calculated value of 9139.06764239072.
INFO: Sample P01-0068 1.1 has a new calculated value of 2284.58005003631.
INFO: Sample S01-0024 1.1 has a new calculated value of 92988.0496859552.
INFO: Sample S01-0024 1.1 has a new calculated value of 77475.7097661495.
INFO: Sample S01-0024 1.1 has a new calculated value of 0.
INFO: Sample E01-0109 1.1 has a new calculated value of 67228.1534224748.
INFO: Sample E01-0109 1.1 has a new calculated value of 102129.693031311.
INFO: Sample E01-0109 1.1 has a new calculated value of 4976.16682201624.
INFO: Sample G01-0154 1.1 has a new calculated value of 23642.8998783231.
INFO: Sample G01-0154 1.1 has a new calculated value of 28373.0775117874.
INFO: Sample G01-0154 1.1 has a new calculated value of 0.
INFO: Sample A02-0531 1.1 has a new calculated value of 2149.48649983853.
INFO: Sample A02-0531 1.1 has a new calculated value of 2149.48649983853.
INFO: Sample A02-0531 1.1 has a new calculated value of 4299.08341728151.
LOW : WaTCH status of P01-0075 1.1 has been changed to Complete.
LOW : WaTCH status of S01-0025 1.1 has been changed to Complete.
LOW : WaTCH status of Q01-0012 1.1 has been changed to Complete.
LOW : WaTCH status of S01-0020 1.1 has been changed to Complete.
LOW : WaTCH status of E01-0109 1.1 has been changed to Complete.
LOW : WaTCH status of S01-0023 1.1 has been changed to Complete.
LOW : WaTCH status of N02-0097 1.1 has been changed to Complete.
LOW : WaTCH status of S01-0027 1.1 has been changed to Complete.
LOW : WaTCH status of N02-0079 1.1 has been changed to Complete.
LOW : WaTCH status of S01-0021 1.1 has been changed to Complete.
LOW : WaTCH status of E01-0112 1.1 has been changed to Complete.
LOW : WaTCH status of S01-0024 1.1 has been changed to Complete.
LOW : WaTCH status of A03-0362 1.1 has been changed to Complete.
LOW : WaTCH status of G01-0152 1.1 has been changed to Complete.
LOW : WaTCH status of N02-0083 1.1 has been changed to Complete.
LOW : WaTCH status of A02-0532 1.1 has been changed to Complete.
LOW : WaTCH status of A03-0347 1.1 has been changed to Complete.
LOW : WaTCH status of A03-0348 1.1 has been changed to Complete.
LOW : WaTCH status of N02-0089 1.1 has been changed to Complete.
LOW : WaTCH status of G01-0160 1.1 has been changed to Complete.
LOW : WaTCH status of P01-0067 1.1 has been changed to Complete.
LOW : WaTCH status of P01-0068 1.1 has been changed to Complete.
LOW : WaTCH status of G01-0159 1.1 has been changed to Complete.
LOW : WaTCH status of E01-0110 1.1 has been changed to Complete.
LOW : WaTCH status of Q01-0014 1.1 has been changed to Complete.
LOW : WaTCH status of N02-0072 1.1 has been changed to Complete.
LOW : WaTCH status of Q01-0011 1.1 has been changed to Complete.
LOW : WaTCH status of S01-0026 1.1 has been changed to Complete.
LOW : WaTCH status of Q01-0013 1.1 has been changed to Complete.
LOW : WaTCH status of P01-0072 1.1 has been changed to Complete.
LOW : WaTCH status of E01-0111 1.1 has been changed to Complete.
LOW : WaTCH status of S01-0022 1.1 has been changed to Complete.
LOW : WaTCH status of Q01-0010 1.1 has been changed to Complete.
LOW : WaTCH status of G01-0154 1.1 has been changed to Complete.
LOW : WaTCH status of A02-0531 1.1 has been changed to Complete.
LOW : WaTCH status of G01-0164 1.1 has been changed to Complete.
LOW : WaTCH status of N02-0057 1.1 has been changed to Complete.
#
# WaTCHdb update complete.
# 2022-05-26.20-10-55.
