# WaTCHdb update log.
# Command: 2_updateWaTCH.pl.
# Data output written to DB/INCREMENTAL/watchdb.2022-05-17.13-35-12.txt and DB/watchdb.LATEST.txt.
# Fatal errors and system warnings are NOT logged here; see STDERR for those.
#
# Run started 2022-05-17.13-35-12.
#
4 molecular targets added.
INFO: Finished WaTCHdb import. 2934 total assets present.
INFO: Finished AssetTiger import. 50 new assets added. 2984 total assets present.
HIGH: Mysterious sample ID Q02-0003 found during Run Metadata import, does not exist in AT or WaTCHdb. This is concerning.
HIGH: Q02-0003 will be ignored!
INFO: Sample E02-0122 1.1 has a new calculated value of 9270.80539986492.
INFO: Sample E02-0122 1.1 has a new calculated value of 15452.4818994105.
INFO: Sample E02-0122 1.1 has a new calculated value of 3090.04064183682.
INFO: Sample A04-0075 1.1 has a new calculated value of 394482.859969138.
INFO: Sample A04-0075 1.1 has a new calculated value of 404914.299845694.
INFO: Sample A04-0075 1.1 has a new calculated value of 34455.5798918009.
INFO: Sample H01-0210 1.1 has a new calculated value of 106892.259120941.
INFO: Sample H01-0210 1.1 has a new calculated value of 56752.5677382946.
INFO: Sample H01-0210 1.1 has a new calculated value of 0.
INFO: Sample A04-0074 1.1 has a new calculated value of 566613.95072937.
INFO: Sample A04-0074 1.1 has a new calculated value of 610278.507471086.
INFO: Sample A04-0074 1.1 has a new calculated value of 0.
INFO: Sample G01-0158 1.1 has a new calculated value of 3532.23740123212.
INFO: Sample G01-0158 1.1 has a new calculated value of 7064.77261148392.
INFO: Sample G01-0158 1.1 has a new calculated value of 0.
INFO: Sample E01-0105 1.1 has a new calculated value of 182521.149516106.
INFO: Sample E01-0105 1.1 has a new calculated value of 272414.142787457.
INFO: Sample E01-0105 1.1 has a new calculated value of 9935.22953242063.
INFO: Sample Q01-0007 1.1 has a new calculated value of 155387.501120567.
INFO: Sample Q01-0007 1.1 has a new calculated value of 152210.565805435.
INFO: Sample Q01-0007 1.1 has a new calculated value of 0.
INFO: Sample A02-0537 1.1 has a new calculated value of 0.
INFO: Sample A02-0537 1.1 has a new calculated value of 0.
INFO: Sample A02-0537 1.1 has a new calculated value of 0.
INFO: Sample D01-0090 1.1 has a new calculated value of 107661.258280277.
INFO: Sample D01-0090 1.1 has a new calculated value of 92794.9802577496.
INFO: Sample D01-0090 1.1 has a new calculated value of 29672.0471978188.
INFO: Sample A03-0336 1.1 has a new calculated value of 0.
INFO: Sample A03-0336 1.1 has a new calculated value of 0.
INFO: Sample A03-0336 1.1 has a new calculated value of 10035.1404771209.
INFO: Sample A03-0335 1.1 has a new calculated value of 0.
INFO: Sample A03-0335 1.1 has a new calculated value of 11905.9056043625.
INFO: Sample A03-0335 1.1 has a new calculated value of 26793.0461838841.
INFO: Sample G01-0151 1.1 has a new calculated value of 23592.3243686557.
INFO: Sample G01-0151 1.1 has a new calculated value of 13479.7015227378.
INFO: Sample G01-0151 1.1 has a new calculated value of 0.
HIGH: I have assay data for Q01-0003 1.1 in this run, but no value for Concentration Output Volume (mL). This is concerning.
HIGH: I have assay data for Q01-0003 1.1 in this run, but no value for Concentration Input Volume (mL). This is concerning.
    I am unable to calculate a result for Q01-0003 1.1. This should be confirmed.
HIGH: I have assay data for Q01-0003 1.1 in this run, but no value for Concentration Input Volume (mL). This is concerning.
HIGH: I have assay data for Q01-0003 1.1 in this run, but no value for Concentration Output Volume (mL). This is concerning.
    I am unable to calculate a result for Q01-0003 1.1. This should be confirmed.
HIGH: I have assay data for Q01-0003 1.1 in this run, but no value for Concentration Input Volume (mL). This is concerning.
HIGH: I have assay data for Q01-0003 1.1 in this run, but no value for Concentration Output Volume (mL). This is concerning.
    I am unable to calculate a result for Q01-0003 1.1. This should be confirmed.
INFO: Sample G01-0156 1.1 has a new calculated value of 0.
INFO: Sample G01-0156 1.1 has a new calculated value of 3427.38394159824.
INFO: Sample G01-0156 1.1 has a new calculated value of 0.
INFO: Sample D01-0083 1.1 has a new calculated value of 86676.3415932655.
INFO: Sample D01-0083 1.1 has a new calculated value of 94221.8984663486.
INFO: Sample D01-0083 1.1 has a new calculated value of 7529.9614481628.
INFO: Sample Q01-0005 1.1 has a new calculated value of 87323.2103884221.
INFO: Sample Q01-0005 1.1 has a new calculated value of 67155.5411070585.
INFO: Sample Q01-0005 1.1 has a new calculated value of 0.
INFO: Sample E01-0106 1.1 has a new calculated value of 119424.419403076.
INFO: Sample E01-0106 1.1 has a new calculated value of 102931.842952967.
INFO: Sample E01-0106 1.1 has a new calculated value of 12338.4814336896.
INFO: Sample D01-0084 1.1 has a new calculated value of 79316.9063329695.
INFO: Sample D01-0084 1.1 has a new calculated value of 43245.1609522105.
INFO: Sample D01-0084 1.1 has a new calculated value of 10807.1071095765.
INFO: Sample A01-0250 1.1 has a new calculated value of 155491.837263107.
INFO: Sample A01-0250 1.1 has a new calculated value of 155491.837263107.
INFO: Sample A01-0250 1.1 has a new calculated value of 16873.3706697822.
INFO: Sample E02-0123 1.1 has a new calculated value of 0.
INFO: Sample E02-0123 1.1 has a new calculated value of 0.
INFO: Sample E02-0123 1.1 has a new calculated value of 2738.70456498116.
INFO: Sample H01-0212 1.1 has a new calculated value of 13022.1415869892.
INFO: Sample H01-0212 1.1 has a new calculated value of 16278.3100269735.
INFO: Sample H01-0212 1.1 has a new calculated value of 0.
INFO: Sample H01-0211 1.1 has a new calculated value of 10132.9970173538.
INFO: Sample H01-0211 1.1 has a new calculated value of 13511.206638068.
INFO: Sample H01-0211 1.1 has a new calculated value of 0.
INFO: Sample A03-0350 1.1 has a new calculated value of 0.
INFO: Sample A03-0350 1.1 has a new calculated value of 0.
INFO: Sample A03-0350 1.1 has a new calculated value of 3166.61737393588.
INFO: Sample Q01-0002 1.1 has a new calculated value of 46587.6122564076.
INFO: Sample Q01-0002 1.1 has a new calculated value of 59019.7256952525.
INFO: Sample Q01-0002 1.1 has a new calculated value of 3104.23010028899.
INFO: Sample E02-0125 1.1 has a new calculated value of 44452.9978930951.
INFO: Sample E02-0125 1.1 has a new calculated value of 53349.2550998925.
INFO: Sample E02-0125 1.1 has a new calculated value of 0.
INFO: Sample A02-0501 1.2 has a new calculated value of 321657.489538193.
INFO: Sample A02-0501 1.2 has a new calculated value of 257128.201425076.
INFO: Sample A02-0501 1.2 has a new calculated value of 74832.915365696.
INFO: Sample E02-0121 1.1 has a new calculated value of 11553.8974665105.
INFO: Sample E02-0121 1.1 has a new calculated value of 8665.12502543627.
INFO: Sample E02-0121 1.1 has a new calculated value of 8665.12502543627.
INFO: Sample E01-0108 1.1 has a new calculated value of 36188.9749020336.
INFO: Sample E01-0108 1.1 has a new calculated value of 49356.3506752251.
INFO: Sample E01-0108 1.1 has a new calculated value of 6577.48963683843.
INFO: Sample A02-0550 1.1 has a new calculated value of 6661.64855472744.
INFO: Sample A02-0550 1.1 has a new calculated value of 0.
INFO: Sample A02-0550 1.1 has a new calculated value of 6661.64855472744.
INFO: Sample A01-0251 1.1 has a new calculated value of 264728.194177151.
INFO: Sample A01-0251 1.1 has a new calculated value of 227293.29675436.
INFO: Sample A01-0251 1.1 has a new calculated value of 47392.3527449369.
INFO: Sample B01-0128 1.1 has a new calculated value of 154463.577568531.
INFO: Sample B01-0128 1.1 has a new calculated value of 175380.765795708.
INFO: Sample B01-0128 1.1 has a new calculated value of 0.
INFO: Sample Q01-0004 1.1 has a new calculated value of 6552.29690484703.
INFO: Sample Q01-0004 1.1 has a new calculated value of 6552.29690484703.
INFO: Sample Q01-0004 1.1 has a new calculated value of 3276.0202512145.
INFO: Sample B01-0175 1.1 has a new calculated value of 122429.782748222.
INFO: Sample B01-0175 1.1 has a new calculated value of 112213.623225689.
INFO: Sample B01-0175 1.1 has a new calculated value of 0.
INFO: Sample H01-0214 1.1 has a new calculated value of 36620.1556473972.
INFO: Sample H01-0214 1.1 has a new calculated value of 26629.6663507819.
INFO: Sample H01-0214 1.1 has a new calculated value of 6655.83039633928.
INFO: Sample E01-0107 1.1 has a new calculated value of 63087.6334011553.
INFO: Sample E01-0107 1.1 has a new calculated value of 56442.3579722641.
INFO: Sample E01-0107 1.1 has a new calculated value of 0.
INFO: Sample Q01-0001 1.1 has a new calculated value of 16359.6410863101.
INFO: Sample Q01-0001 1.1 has a new calculated value of 13087.201975286.
INFO: Sample Q01-0001 1.1 has a new calculated value of 0.
INFO: Sample Q01-0006 1.1 has a new calculated value of 633157.782554627.
INFO: Sample Q01-0006 1.1 has a new calculated value of 667571.926116944.
INFO: Sample Q01-0006 1.1 has a new calculated value of 0.
INFO: Sample H01-0125 1.2 has a new calculated value of 33110.8930706978.
INFO: Sample H01-0125 1.2 has a new calculated value of 33110.8930706978.
INFO: Sample H01-0125 1.2 has a new calculated value of 0.
INFO: Sample A02-0490 1.2 has a new calculated value of 0.
INFO: Sample A02-0490 1.2 has a new calculated value of 0.
INFO: Sample A02-0490 1.2 has a new calculated value of 0.
INFO: Sample A02-0536 1.1 has a new calculated value of 3400.68676974625.
INFO: Sample A02-0536 1.1 has a new calculated value of 0.
INFO: Sample A02-0536 1.1 has a new calculated value of 143066.951930523.
INFO: Sample B01-0160 1.1 has a new calculated value of 28114.5495548844.
INFO: Sample B01-0160 1.1 has a new calculated value of 24599.1991460323.
INFO: Sample B01-0160 1.1 has a new calculated value of 0.
INFO: Sample G01-0165 1.1 has a new calculated value of 11465.3977565467.
INFO: Sample G01-0165 1.1 has a new calculated value of 19110.7413545251.
INFO: Sample G01-0165 1.1 has a new calculated value of 0.
INFO: Sample H01-0217 1.1 has a new calculated value of 34430.733807385.
INFO: Sample H01-0217 1.1 has a new calculated value of 38258.1201195719.
INFO: Sample H01-0217 1.1 has a new calculated value of 3824.24073759467.
INFO: Sample A02-0530 1.1 has a new calculated value of 48103.357180953.
INFO: Sample A02-0530 1.1 has a new calculated value of 48103.357180953.
INFO: Sample A02-0530 1.1 has a new calculated value of 13738.1848879158.
INFO: Sample E02-0124 1.1 has a new calculated value of 2550.85157230496.
INFO: Sample E02-0124 1.1 has a new calculated value of 0.
INFO: Sample E02-0124 1.1 has a new calculated value of 7653.02027575671.
INFO: Sample H01-0213 1.1 has a new calculated value of 14037.2658334672.
INFO: Sample H01-0213 1.1 has a new calculated value of 10527.5074392557.
INFO: Sample H01-0213 1.1 has a new calculated value of 0.
INFO: Sample D01-0093 1.1 has a new calculated value of 1268573.11248779.
INFO: Sample D01-0093 1.1 has a new calculated value of 1010989.97354508.
INFO: Sample D01-0093 1.1 has a new calculated value of 7596.83948010206.
INFO: Sample G01-0153 1.1 has a new calculated value of 6510.05951687692.
INFO: Sample G01-0153 1.1 has a new calculated value of 13021.1308412254.
INFO: Sample G01-0153 1.1 has a new calculated value of 0.
#
# WaTCHdb update complete.
# 2022-05-17.13-35-13.
