# WaTCHdb update log.
# Command: 2_updateWaTCH.pl.
# Data output written to updates/watchdb/watchdb.2023-01-10.17-51-11.txt and updates/watchdb.LATEST.txt.
# Fatal errors and system warnings are NOT logged here; see STDERR for those.
#
# Run started 2023-01-10.17-51-11.
#
4 molecular targets added.
INFO: Finished WaTCHdb import. 6509 total assets present.
INFO: Finished AssetTiger import. 15 new assets added. 6524 total assets present.
INFO: Sample A02-0905 1.1 has a new calculated value of 7193.30029562116.
INFO: Sample A02-0905 1.1 has a new calculated value of 14387.8353573382.
INFO: Sample A02-0905 1.1 has a new calculated value of 2397.62962795794.
INFO: Sample A02-0906 1.1 has a new calculated value of 624962.418079377.
INFO: Sample A02-0906 1.1 has a new calculated value of 624962.418079377.
INFO: Sample A02-0906 1.1 has a new calculated value of 124780.947268009.
INFO: Sample B01-0332 1.1 has a new calculated value of 456771.537065505.
INFO: Sample B01-0332 1.1 has a new calculated value of 490889.591574668.
INFO: Sample B01-0332 1.1 has a new calculated value of 2249.0282356739.
INFO: Sample A04-0243 1.1 has a new calculated value of 638215.112686159.
INFO: Sample A04-0243 1.1 has a new calculated value of 705538.934469222.
INFO: Sample A04-0243 1.1 has a new calculated value of 10601.8503382802.
INFO: Sample A01-0455 1.1 has a new calculated value of 176296.195685864.
INFO: Sample A01-0455 1.1 has a new calculated value of 207484.412491322.
INFO: Sample A01-0455 1.1 has a new calculated value of 20702.279470861.
INFO: Sample Q01-0220 1.1 has a new calculated value of 876815.528869631.
INFO: Sample Q01-0220 1.1 has a new calculated value of 897189.513444901.
INFO: Sample Q01-0220 1.1 has a new calculated value of 9974.83547776938.
INFO: Sample A01-0456 1.1 has a new calculated value of 246927.84011364.
INFO: Sample A01-0456 1.1 has a new calculated value of 255183.86632204.
INFO: Sample A01-0456 1.1 has a new calculated value of 30102.1471247077.
INFO: Sample B01-0337 1.1 has a new calculated value of 369900.503754616.
INFO: Sample B01-0337 1.1 has a new calculated value of 383835.443258285.
INFO: Sample B01-0337 1.1 has a new calculated value of 2301.76909826696.
INFO: Sample A02-0911 1.1 has a new calculated value of 613463.290929795.
INFO: Sample A02-0911 1.1 has a new calculated value of 570779.514312743.
INFO: Sample A02-0911 1.1 has a new calculated value of 91697.1234977246.
INFO: Sample A04-0242 1.1 has a new calculated value of 1437946.6509819.
INFO: Sample A04-0242 1.1 has a new calculated value of 1457127.64978409.
INFO: Sample A04-0242 1.1 has a new calculated value of 2647.19809871167.
INFO: Sample H01-0455 1.1 has a new calculated value of 52306.5009713171.
INFO: Sample H01-0455 1.1 has a new calculated value of 42791.3700789213.
INFO: Sample H01-0455 1.1 has a new calculated value of 4752.4395212531.
INFO: Sample A01-0457 1.1 has a new calculated value of 217083.201706409.
INFO: Sample A01-0457 1.1 has a new calculated value of 209664.089977741.
INFO: Sample A01-0457 1.1 has a new calculated value of 56629.2100399733.
INFO: Sample H01-0453 1.1 has a new calculated value of 342813.57049942.
INFO: Sample H01-0453 1.1 has a new calculated value of 313528.545498848.
INFO: Sample H01-0453 1.1 has a new calculated value of 14530.8325253427.
INFO: Sample A02-0902 1.1 has a new calculated value of 4705.48602752389.
INFO: Sample A02-0902 1.1 has a new calculated value of 7058.42731520532.
INFO: Sample A02-0902 1.1 has a new calculated value of 42368.4027045965.
INFO: Sample A02-0901 1.1 has a new calculated value of 528112.011551856.
INFO: Sample A02-0901 1.1 has a new calculated value of 540707.568526269.
INFO: Sample A02-0901 1.1 has a new calculated value of 156987.078487873.
INFO: Sample E02-0233 1.1 has a new calculated value of 412713.112235071.
INFO: Sample E02-0233 1.1 has a new calculated value of 362536.396980286.
INFO: Sample E02-0233 1.1 has a new calculated value of 8646.94965071975.
INFO: Sample K01-0179 1.1 has a new calculated value of 768696.513175964.
INFO: Sample K01-0179 1.1 has a new calculated value of 783065.410852432.
INFO: Sample K01-0179 1.1 has a new calculated value of 14107.7462397516.
INFO: Sample H01-0451 1.1 has a new calculated value of 291284.97004509.
INFO: Sample H01-0451 1.1 has a new calculated value of 302358.360886574.
INFO: Sample H01-0451 1.1 has a new calculated value of 2199.11138294264.
INFO: Sample T01-0086 1.1 has a new calculated value of 24940.0561675429.
INFO: Sample T01-0086 1.1 has a new calculated value of 30484.3067005277.
INFO: Sample T01-0086 1.1 has a new calculated value of 0.
INFO: Sample H01-0452 1.1 has a new calculated value of 544722.692370416.
INFO: Sample H01-0452 1.1 has a new calculated value of 544722.692370416.
INFO: Sample H01-0452 1.1 has a new calculated value of 13820.1020099223.
INFO: Sample T01-0085 1.1 has a new calculated value of 604380.033016204.
INFO: Sample T01-0085 1.1 has a new calculated value of 653016.303777694.
INFO: Sample T01-0085 1.1 has a new calculated value of 11409.2185534537.
INFO: Sample A02-0903 1.1 has a new calculated value of 53934.1923594474.
INFO: Sample A02-0903 1.1 has a new calculated value of 61294.2349165676.
INFO: Sample A02-0903 1.1 has a new calculated value of 83382.1257948877.
INFO: Sample N02-0242 1.1 has a new calculated value of 46329.2647898197.
INFO: Sample N02-0242 1.1 has a new calculated value of 46329.2647898197.
INFO: Sample N02-0242 1.1 has a new calculated value of 0.
INFO: Sample Q01-0218 1.1 has a new calculated value of 571926.97405815.
INFO: Sample Q01-0218 1.1 has a new calculated value of 605814.034938813.
INFO: Sample Q01-0218 1.1 has a new calculated value of 12853.6092862487.
INFO: Sample E02-0232 1.1 has a new calculated value of 330528.779625893.
INFO: Sample E02-0232 1.1 has a new calculated value of 304831.103682518.
INFO: Sample E02-0232 1.1 has a new calculated value of 9275.07983520628.
INFO: Sample K01-0197 1.1 has a new calculated value of 582085.121870042.
INFO: Sample K01-0197 1.1 has a new calculated value of 449713.745713232.
INFO: Sample K01-0197 1.1 has a new calculated value of 13765.6332179904.
INFO: Sample B01-0338 1.1 has a new calculated value of 863970.733880995.
INFO: Sample B01-0338 1.1 has a new calculated value of 835959.928035736.
INFO: Sample B01-0338 1.1 has a new calculated value of 6334.75033566356.
INFO: Sample Q01-0219 1.1 has a new calculated value of 504561.839103698.
INFO: Sample Q01-0219 1.1 has a new calculated value of 572298.045158386.
INFO: Sample Q01-0219 1.1 has a new calculated value of 2388.33888899535.
INFO: Sample N02-0232 1.1 has a new calculated value of 183929.976224899.
INFO: Sample N02-0232 1.1 has a new calculated value of 183929.976224899.
INFO: Sample N02-0232 1.1 has a new calculated value of 2414.89803884178.
INFO: Sample K01-0186 1.1 has a new calculated value of 694883.669614791.
INFO: Sample K01-0186 1.1 has a new calculated value of 787722.995281218.
INFO: Sample K01-0186 1.1 has a new calculated value of 17739.3568307161.
INFO: Sample A04-0244 1.1 has a new calculated value of 488049.820661544.
INFO: Sample A04-0244 1.1 has a new calculated value of 439245.035648344.
INFO: Sample A04-0244 1.1 has a new calculated value of 27953.883446753.
INFO: Sample T01-0084 1.1 has a new calculated value of 352926.498055458.
INFO: Sample T01-0084 1.1 has a new calculated value of 347597.268819809.
INFO: Sample T01-0084 1.1 has a new calculated value of 13214.2905145884.
INFO: Sample N02-0237 1.1 has a new calculated value of 62137.5408768653.
INFO: Sample N02-0237 1.1 has a new calculated value of 51034.7916930913.
INFO: Sample N02-0237 1.1 has a new calculated value of 0.
INFO: Sample A02-0934 1.1 has a new calculated value of 101908.390671015.
INFO: Sample A02-0934 1.1 has a new calculated value of 130696.638375521.
INFO: Sample A02-0934 1.1 has a new calculated value of 256550.020873546.
INFO: Sample N02-0229 1.1 has a new calculated value of 57576.2745738029.
INFO: Sample N02-0229 1.1 has a new calculated value of 57576.2745738029.
INFO: Sample N02-0229 1.1 has a new calculated value of 0.
INFO: Sample K01-0191 1.1 has a new calculated value of 752292.466163637.
INFO: Sample K01-0191 1.1 has a new calculated value of 513668.40362549.
INFO: Sample K01-0191 1.1 has a new calculated value of 5055.09152077137.
INFO: Sample Q01-0221 1.1 has a new calculated value of 746364.297866823.
INFO: Sample Q01-0221 1.1 has a new calculated value of 856829.127073289.
INFO: Sample Q01-0221 1.1 has a new calculated value of 14137.8859989345.
INFO: Sample Q01-0217 1.1 has a new calculated value of 411715.854406357.
INFO: Sample Q01-0217 1.1 has a new calculated value of 434707.959294319.
INFO: Sample Q01-0217 1.1 has a new calculated value of 11382.1067847312.
INFO: Sample H01-0449 1.1 has a new calculated value of 234517.054259777.
INFO: Sample H01-0449 1.1 has a new calculated value of 252966.15421772.
INFO: Sample H01-0449 1.1 has a new calculated value of 9172.06764221193.
INFO: Sample A02-0904 1.1 has a new calculated value of 170940.602123737.
INFO: Sample A02-0904 1.1 has a new calculated value of 199136.977493763.
INFO: Sample A02-0904 1.1 has a new calculated value of 32403.5005643964.
INFO: Sample B01-0341 1.1 has a new calculated value of 661324.396133424.
INFO: Sample B01-0341 1.1 has a new calculated value of 675817.573070527.
INFO: Sample B01-0341 1.1 has a new calculated value of 2377.36560869962.
INFO: Sample A01-0454 1.1 has a new calculated value of 151759.875118732.
INFO: Sample A01-0454 1.1 has a new calculated value of 154135.484397411.
INFO: Sample A01-0454 1.1 has a new calculated value of 18939.9614185095.
INFO: Sample E02-0234 1.1 has a new calculated value of 185011.321306229.
INFO: Sample E02-0234 1.1 has a new calculated value of 209892.161786556.
INFO: Sample E02-0234 1.1 has a new calculated value of 4502.76779942216.
INFO: Sample B01-0342 1.1 has a new calculated value of 671809.040308.
INFO: Sample B01-0342 1.1 has a new calculated value of 713292.152881621.
INFO: Sample B01-0342 1.1 has a new calculated value of 4533.94219279288.
INFO: Sample H01-0450 1.1 has a new calculated value of 338386.130332947.
INFO: Sample H01-0450 1.1 has a new calculated value of 338386.130332947.
INFO: Sample H01-0450 1.1 has a new calculated value of 8479.44295965134.
INFO: Sample H01-0454 1.1 has a new calculated value of 40546.3126301767.
INFO: Sample H01-0454 1.1 has a new calculated value of 35774.118974805.
INFO: Sample H01-0454 1.1 has a new calculated value of 2383.99146124721.
LOW : WaTCH status of A02-0903 1.1 has been changed to Complete.
LOW : WaTCH status of A01-0454 1.1 has been changed to Complete.
LOW : WaTCH status of H01-0452 1.1 has been changed to Complete.
LOW : WaTCH status of Q01-0219 1.1 has been changed to Complete.
LOW : WaTCH status of A01-0457 1.1 has been changed to Complete.
LOW : WaTCH status of B01-0337 1.1 has been changed to Complete.
LOW : WaTCH status of B01-0342 1.1 has been changed to Complete.
LOW : WaTCH status of E02-0232 1.1 has been changed to Complete.
LOW : WaTCH status of H01-0451 1.1 has been changed to Complete.
LOW : WaTCH status of B01-0341 1.1 has been changed to Complete.
LOW : WaTCH status of T01-0085 1.1 has been changed to Complete.
LOW : WaTCH status of A02-0906 1.1 has been changed to Complete.
LOW : WaTCH status of A04-0244 1.1 has been changed to Complete.
LOW : WaTCH status of A04-0242 1.1 has been changed to Complete.
LOW : WaTCH status of E02-0234 1.1 has been changed to Complete.
LOW : WaTCH status of H01-0454 1.1 has been changed to Complete.
LOW : WaTCH status of T01-0086 1.1 has been changed to Complete.
LOW : WaTCH status of H01-0450 1.1 has been changed to Complete.
LOW : WaTCH status of A02-0905 1.1 has been changed to Complete.
LOW : WaTCH status of N02-0229 1.1 has been changed to Complete.
LOW : WaTCH status of K01-0186 1.1 has been changed to Complete.
LOW : WaTCH status of B01-0332 1.1 has been changed to Complete.
LOW : WaTCH status of Q01-0217 1.1 has been changed to Complete.
LOW : WaTCH status of K01-0197 1.1 has been changed to Complete.
LOW : WaTCH status of A02-0904 1.1 has been changed to Complete.
LOW : WaTCH status of A04-0243 1.1 has been changed to Complete.
LOW : WaTCH status of A02-0934 1.1 has been changed to Complete.
LOW : WaTCH status of H01-0449 1.1 has been changed to Complete.
LOW : WaTCH status of Q01-0218 1.1 has been changed to Complete.
LOW : WaTCH status of A01-0456 1.1 has been changed to Complete.
LOW : WaTCH status of Q01-0220 1.1 has been changed to Complete.
LOW : WaTCH status of H01-0455 1.1 has been changed to Complete.
LOW : WaTCH status of N02-0232 1.1 has been changed to Complete.
LOW : WaTCH status of H01-0453 1.1 has been changed to Complete.
LOW : WaTCH status of E02-0233 1.1 has been changed to Complete.
LOW : WaTCH status of A02-0911 1.1 has been changed to Complete.
LOW : WaTCH status of T01-0084 1.1 has been changed to Complete.
LOW : WaTCH status of K01-0191 1.1 has been changed to Complete.
LOW : WaTCH status of A02-0901 1.1 has been changed to Complete.
LOW : WaTCH status of N02-0237 1.1 has been changed to Complete.
LOW : WaTCH status of A02-0902 1.1 has been changed to Complete.
LOW : WaTCH status of A01-0455 1.1 has been changed to Complete.
LOW : WaTCH status of K01-0179 1.1 has been changed to Complete.
LOW : WaTCH status of B01-0338 1.1 has been changed to Complete.
LOW : WaTCH status of Q01-0221 1.1 has been changed to Complete.
LOW : WaTCH status of N02-0242 1.1 has been changed to Complete.
#
# WaTCHdb update complete.
# 2023-01-10.17-51-12.
