# WaTCHdb update log.
# Command: 2_updateWaTCH.pl.
# Data output written to updates/watchdb/watchdb.2022-09-17.09-31-43.txt and updates/watchdb.LATEST.txt.
# Fatal errors and system warnings are NOT logged here; see STDERR for those.
#
# Run started 2022-09-17.09-31-43.
#
4 molecular targets added.
INFO: Finished WaTCHdb import. 4790 total assets present.
INFO: Finished AssetTiger import. 101 new assets added. 4891 total assets present.
INFO: Sample K01-0129 1.1 has a new calculated value of 226407.645642758.
INFO: Sample K01-0129 1.1 has a new calculated value of 0.
INFO: Sample K01-0129 1.1 has a new calculated value of 234895.260035992.
INFO: Sample J01-0131 1.1 has a new calculated value of 124285.724312067.
INFO: Sample J01-0131 1.1 has a new calculated value of 0.
INFO: Sample J01-0131 1.1 has a new calculated value of 110004.702061415.
INFO: Sample O01-0152 1.1 has a new calculated value of 6548.20136725902.
INFO: Sample O01-0152 1.1 has a new calculated value of 2182.62027483434.
INFO: Sample O01-0152 1.1 has a new calculated value of 6548.20136725902.
INFO: Sample C01-0257 1.1 has a new calculated value of 84768.7245905398.
INFO: Sample C01-0257 1.1 has a new calculated value of 0.
INFO: Sample C01-0257 1.1 has a new calculated value of 86890.1440501214.
INFO: Sample A02-0594 1.1 has a new calculated value of 6233.31424780188.
INFO: Sample A02-0594 1.1 has a new calculated value of 54052.8785437347.
INFO: Sample A02-0594 1.1 has a new calculated value of 2077.66834180802.
INFO: Sample M03-0132 1.1 has a new calculated value of 538724.706172945.
INFO: Sample M03-0132 1.1 has a new calculated value of 4387.7474265173.
INFO: Sample M03-0132 1.1 has a new calculated value of 632158.588171006.
INFO: Sample K01-0147 1.1 has a new calculated value of 162285.679578781.
INFO: Sample K01-0147 1.1 has a new calculated value of 0.
INFO: Sample K01-0147 1.1 has a new calculated value of 166402.353644371.
INFO: Sample M03-0130 1.1 has a new calculated value of 246747.859418392.
INFO: Sample M03-0130 1.1 has a new calculated value of 0.
INFO: Sample M03-0130 1.1 has a new calculated value of 275482.54609108.
INFO: Sample A01-0344 1.2 has a new calculated value of 712788.512706756.
INFO: Sample A01-0344 1.2 has a new calculated value of 14057.2747774422.
INFO: Sample A01-0344 1.2 has a new calculated value of 694411.965608595.
INFO: Sample R01-0135 1.1 has a new calculated value of 275420.729219913.
INFO: Sample R01-0135 1.1 has a new calculated value of 0.
INFO: Sample R01-0135 1.1 has a new calculated value of 173087.188303471.
INFO: Sample J01-0128 1.1 has a new calculated value of 508654.595017433.
INFO: Sample J01-0128 1.1 has a new calculated value of 0.
INFO: Sample J01-0128 1.1 has a new calculated value of 493478.255867958.
INFO: Sample M03-0149 1.1 has a new calculated value of 283494.056761265.
INFO: Sample M03-0149 1.1 has a new calculated value of 2047.42267727852.
INFO: Sample M03-0149 1.1 has a new calculated value of 283494.056761265.
INFO: Sample M03-0148 1.1 has a new calculated value of 263705.625236034.
INFO: Sample M03-0148 1.1 has a new calculated value of 0.
INFO: Sample M03-0148 1.1 has a new calculated value of 276717.660427093.
INFO: Sample J01-0129 1.1 has a new calculated value of 11034.9294170737.
INFO: Sample J01-0129 1.1 has a new calculated value of 0.
INFO: Sample J01-0129 1.1 has a new calculated value of 6620.6087730825.
INFO: Sample A02-0597 1.1 has a new calculated value of 7981.6724359989.
INFO: Sample A02-0597 1.1 has a new calculated value of 7981.6724359989.
INFO: Sample A02-0597 1.1 has a new calculated value of 7981.6724359989.
INFO: Sample R02-0099 1.1 has a new calculated value of 183911.901712418.
INFO: Sample R02-0099 1.1 has a new calculated value of 0.
INFO: Sample R02-0099 1.1 has a new calculated value of 192387.064397335.
INFO: Sample K01-0142 1.1 has a new calculated value of 449905.770421029.
INFO: Sample K01-0142 1.1 has a new calculated value of 8063.83162736893.
INFO: Sample K01-0142 1.1 has a new calculated value of 415282.241106034.
INFO: Sample R01-0130 1.1 has a new calculated value of 184766.126275063.
INFO: Sample R01-0130 1.1 has a new calculated value of 15008.6891278625.
INFO: Sample R01-0130 1.1 has a new calculated value of 191226.184666157.
INFO: Sample R01-0141 1.1 has a new calculated value of 249051.969051361.
INFO: Sample R01-0141 1.1 has a new calculated value of 17740.4302172363.
INFO: Sample R01-0141 1.1 has a new calculated value of 55780.9437811376.
INFO: Sample A02-0515 1.2 has a new calculated value of 77295.5846786498.
INFO: Sample A02-0515 1.2 has a new calculated value of 0.
INFO: Sample A02-0515 1.2 has a new calculated value of 14043.1445091963.
INFO: Sample C01-0256 1.1 has a new calculated value of 232222.780287266.
INFO: Sample C01-0256 1.1 has a new calculated value of 2164.36089249328.
INFO: Sample C01-0256 1.1 has a new calculated value of 225694.296956062.
INFO: Sample R02-0093 1.1 has a new calculated value of 29440.0003552437.
INFO: Sample R02-0093 1.1 has a new calculated value of 0.
INFO: Sample R02-0093 1.1 has a new calculated value of 29440.0003552437.
INFO: Sample K01-0128 1.1 has a new calculated value of 196615.379154682.
INFO: Sample K01-0128 1.1 has a new calculated value of 2043.33005938679.
INFO: Sample K01-0128 1.1 has a new calculated value of 178143.431246281.
INFO: Sample R01-0125 1.1 has a new calculated value of 184665.731191635.
INFO: Sample R01-0125 1.1 has a new calculated value of 29103.7086769938.
INFO: Sample R01-0125 1.1 has a new calculated value of 191971.877217293.
INFO: Sample R02-0084 1.1 has a new calculated value of 32306.335195899.
INFO: Sample R02-0084 1.1 has a new calculated value of 0.
INFO: Sample R02-0084 1.1 has a new calculated value of 43714.5164608955.
INFO: Sample A04-0180 1.1 has a new calculated value of 244569.65982914.
INFO: Sample A04-0180 1.1 has a new calculated value of 5948.16503114999.
INFO: Sample A04-0180 1.1 has a new calculated value of 266511.43848896.
INFO: Sample R02-0094 1.1 has a new calculated value of 34477.5466248393.
INFO: Sample R02-0094 1.1 has a new calculated value of 0.
INFO: Sample R02-0094 1.1 has a new calculated value of 38789.23304379.
INFO: Sample C01-0259 1.1 has a new calculated value of 134896.185100078.
INFO: Sample C01-0259 1.1 has a new calculated value of 0.
INFO: Sample C01-0259 1.1 has a new calculated value of 121608.428657055.
INFO: Sample A02-0587 1.1 has a new calculated value of 2179.21564355493.
INFO: Sample A02-0587 1.1 has a new calculated value of 10897.2110599279.
INFO: Sample A02-0587 1.1 has a new calculated value of 4358.54435898364.
INFO: Sample R02-0089 1.1 has a new calculated value of 6653.54135446249.
INFO: Sample R02-0089 1.1 has a new calculated value of 2217.72975521162.
INFO: Sample R02-0089 1.1 has a new calculated value of 6653.54135446249.
INFO: Sample A01-0357 1.1 has a new calculated value of 144773.073792458.
INFO: Sample A01-0357 1.1 has a new calculated value of 8259.28936712445.
INFO: Sample A01-0357 1.1 has a new calculated value of 138558.252900839.
INFO: Sample O01-0165 1.1 has a new calculated value of 4432.29323253035.
INFO: Sample O01-0165 1.1 has a new calculated value of 0.
INFO: Sample O01-0165 1.1 has a new calculated value of 2216.08795691282.
INFO: Sample C01-0260 1.1 has a new calculated value of 44621.5121448039.
INFO: Sample C01-0260 1.1 has a new calculated value of 0.
INFO: Sample C01-0260 1.1 has a new calculated value of 20276.6153588891.
INFO: Sample A02-0598 1.1 has a new calculated value of 50564.6462738513.
INFO: Sample A02-0598 1.1 has a new calculated value of 6317.24489852787.
INFO: Sample A02-0598 1.1 has a new calculated value of 27381.610237062.
INFO: Sample A02-0518 1.2 has a new calculated value of 129063.70639801.
INFO: Sample A02-0518 1.2 has a new calculated value of 50265.7118439673.
INFO: Sample A02-0518 1.2 has a new calculated value of 107160.514444113.
INFO: Sample A02-0582 1.1 has a new calculated value of 82476.4466285707.
INFO: Sample A02-0582 1.1 has a new calculated value of 112123.004347086.
INFO: Sample A02-0582 1.1 has a new calculated value of 88827.5143504144.
INFO: Sample R01-0084 1.2 has a new calculated value of 544031.376242636.
INFO: Sample R01-0084 1.2 has a new calculated value of 10898.9119157195.
INFO: Sample R01-0084 1.2 has a new calculated value of 444790.105819701.
INFO: Sample O01-0142 1.1 has a new calculated value of 0.
INFO: Sample O01-0142 1.1 has a new calculated value of 2091.77074022591.
INFO: Sample O01-0142 1.1 has a new calculated value of 2091.77074022591.
INFO: Sample A02-0519 1.2 has a new calculated value of 130211.40396595.
INFO: Sample A02-0519 1.2 has a new calculated value of 2031.44530300051.
INFO: Sample A02-0519 1.2 has a new calculated value of 136325.005888939.
INFO: Sample A02-0599 1.1 has a new calculated value of 23412.6091003418.
INFO: Sample A02-0599 1.1 has a new calculated value of 29800.137989223.
INFO: Sample A02-0599 1.1 has a new calculated value of 25541.6771024466.
INFO: Sample A04-0179 1.1 has a new calculated value of 335018.359422684.
INFO: Sample A04-0179 1.1 has a new calculated value of 17773.8665789366.
INFO: Sample A04-0179 1.1 has a new calculated value of 342980.352044106.
INFO: Sample O01-0160 1.1 has a new calculated value of 6715.73194675147.
INFO: Sample O01-0160 1.1 has a new calculated value of 0.
INFO: Sample O01-0160 1.1 has a new calculated value of 6715.73194675147.
INFO: Sample A01-0356 1.1 has a new calculated value of 9686978.70254518.
INFO: Sample A01-0356 1.1 has a new calculated value of 6791.18008352816.
INFO: Sample A01-0356 1.1 has a new calculated value of 10197754.0969849.
INFO: Sample R01-0145 1.1 has a new calculated value of 216585.252285003.
INFO: Sample R01-0145 1.1 has a new calculated value of 5205.78394643961.
INFO: Sample R01-0145 1.1 has a new calculated value of 187816.777825356.
INFO: Sample M03-0140 1.1 has a new calculated value of 191171.026825905.
INFO: Sample M03-0140 1.1 has a new calculated value of 1926.66762275621.
INFO: Sample M03-0140 1.1 has a new calculated value of 196977.735757828.
INFO: Sample O01-0164 1.1 has a new calculated value of 15930.407512933.
INFO: Sample O01-0164 1.1 has a new calculated value of 0.
INFO: Sample O01-0164 1.1 has a new calculated value of 20483.0644279719.
INFO: Sample A02-0593 1.1 has a new calculated value of 68407.0779383184.
INFO: Sample A02-0593 1.1 has a new calculated value of 4142.70660839975.
INFO: Sample A02-0593 1.1 has a new calculated value of 74631.4457058907.
INFO: Sample C01-0258 1.1 has a new calculated value of 193745.014071465.
INFO: Sample C01-0258 1.1 has a new calculated value of 5978.7119552493.
INFO: Sample C01-0258 1.1 has a new calculated value of 211766.831874847.
INFO: Sample J01-0130 1.1 has a new calculated value of 212427.027225494.
INFO: Sample J01-0130 1.1 has a new calculated value of 0.
INFO: Sample J01-0130 1.1 has a new calculated value of 129827.456474304.
LOW : WaTCH status of O01-0160 1.1 has been changed to Complete.
LOW : WaTCH status of A02-0599 1.1 has been changed to Complete.
LOW : WaTCH status of R02-0084 1.1 has been changed to Complete.
LOW : WaTCH status of A02-0519 1.2 has been changed to Complete.
LOW : WaTCH status of R02-0099 1.1 has been changed to Complete.
LOW : WaTCH status of K01-0142 1.1 has been changed to Complete.
LOW : WaTCH status of R01-0141 1.1 has been changed to Complete.
LOW : WaTCH status of M03-0130 1.1 has been changed to Complete.
LOW : WaTCH status of O01-0165 1.1 has been changed to Complete.
LOW : WaTCH status of C01-0260 1.1 has been changed to Complete.
LOW : WaTCH status of M03-0132 1.1 has been changed to Complete.
LOW : WaTCH status of C01-0258 1.1 has been changed to Complete.
LOW : WaTCH status of A01-0356 1.1 has been changed to Complete.
LOW : WaTCH status of A04-0180 1.1 has been changed to Complete.
LOW : WaTCH status of R02-0094 1.1 has been changed to Complete.
LOW : WaTCH status of C01-0256 1.1 has been changed to Complete.
LOW : WaTCH status of J01-0128 1.1 has been changed to Complete.
LOW : WaTCH status of R02-0089 1.1 has been changed to Complete.
LOW : WaTCH status of M03-0149 1.1 has been changed to Complete.
LOW : WaTCH status of A02-0594 1.1 has been changed to Complete.
LOW : WaTCH status of A02-0582 1.1 has been changed to Complete.
LOW : WaTCH status of R01-0084 1.2 has been changed to Complete.
LOW : WaTCH status of M03-0140 1.1 has been changed to Complete.
LOW : WaTCH status of A01-0357 1.1 has been changed to Complete.
LOW : WaTCH status of O01-0164 1.1 has been changed to Complete.
LOW : WaTCH status of J01-0131 1.1 has been changed to Complete.
LOW : WaTCH status of K01-0129 1.1 has been changed to Complete.
LOW : WaTCH status of C01-0257 1.1 has been changed to Complete.
LOW : WaTCH status of A02-0518 1.2 has been changed to Complete.
LOW : WaTCH status of R01-0135 1.1 has been changed to Complete.
LOW : WaTCH status of J01-0130 1.1 has been changed to Complete.
LOW : WaTCH status of A02-0598 1.1 has been changed to Complete.
LOW : WaTCH status of A02-0593 1.1 has been changed to Complete.
LOW : WaTCH status of R02-0093 1.1 has been changed to Complete.
LOW : WaTCH status of R01-0130 1.1 has been changed to Complete.
LOW : WaTCH status of C01-0259 1.1 has been changed to Complete.
LOW : WaTCH status of K01-0147 1.1 has been changed to Complete.
LOW : WaTCH status of A04-0179 1.1 has been changed to Complete.
LOW : WaTCH status of A01-0344 1.2 has been changed to Complete.
LOW : WaTCH status of M03-0148 1.1 has been changed to Complete.
LOW : WaTCH status of J01-0129 1.1 has been changed to Complete.
LOW : WaTCH status of O01-0152 1.1 has been changed to Complete.
LOW : WaTCH status of A02-0597 1.1 has been changed to Complete.
LOW : WaTCH status of O01-0142 1.1 has been changed to Complete.
LOW : WaTCH status of R01-0145 1.1 has been changed to Complete.
LOW : WaTCH status of A02-0587 1.1 has been changed to Complete.
LOW : WaTCH status of R01-0125 1.1 has been changed to Complete.
LOW : WaTCH status of K01-0128 1.1 has been changed to Complete.
#
# WaTCHdb update complete.
# 2022-09-17.09-31-45.
