# WaTCHdb update log.
# Command: 2_updateWaTCH.pl.
# Data output written to updates/watchdb/watchdb.2022-09-23.17-23-39.txt and updates/watchdb.LATEST.txt.
# Fatal errors and system warnings are NOT logged here; see STDERR for those.
#
# Run started 2022-09-23.17-23-39.
#
4 molecular targets added.
INFO: Finished WaTCHdb import. 4891 total assets present.
INFO: Finished AssetTiger import. 96 new assets added. 4987 total assets present.
INFO: Sample H01-0341 1.1 has a new calculated value of 164674.980640411.
INFO: Sample H01-0341 1.1 has a new calculated value of 10146.4074477553.
INFO: Sample H01-0341 1.1 has a new calculated value of 168749.23735857.
INFO: Sample H01-0339 1.1 has a new calculated value of 146281.93885088.
INFO: Sample H01-0339 1.1 has a new calculated value of 8113.3937370032.
INFO: Sample H01-0339 1.1 has a new calculated value of 136106.956601143.
INFO: Sample T01-0047 1.1 has a new calculated value of 8012.95565441251.
INFO: Sample T01-0047 1.1 has a new calculated value of 0.
INFO: Sample T01-0047 1.1 has a new calculated value of 24043.4652194381.
INFO: Sample D01-0122 1.1 has a new calculated value of 519835.243821144.
INFO: Sample D01-0122 1.1 has a new calculated value of 4654.53520417212.
INFO: Sample D01-0122 1.1 has a new calculated value of 571703.35292816.
INFO: Sample E02-0199 1.1 has a new calculated value of 234144.556224346.
INFO: Sample E02-0199 1.1 has a new calculated value of 7960.70158481599.
INFO: Sample E02-0199 1.1 has a new calculated value of 268845.241963863.
INFO: Sample D01-0116 1.1 has a new calculated value of 76134.0169608592.
INFO: Sample D01-0116 1.1 has a new calculated value of 10143.214892596.
INFO: Sample D01-0116 1.1 has a new calculated value of 152406.582534313.
INFO: Sample H01-0343 1.1 has a new calculated value of 89339.2914533614.
INFO: Sample H01-0343 1.1 has a new calculated value of 7761.07876561582.
INFO: Sample H01-0343 1.1 has a new calculated value of 75731.8930327893.
INFO: Sample N02-0160 1.1 has a new calculated value of 86441.1775767804.
INFO: Sample N02-0160 1.1 has a new calculated value of 0.
INFO: Sample N02-0160 1.1 has a new calculated value of 77567.2034919261.
INFO: Sample H01-0338 1.1 has a new calculated value of 262084.813714027.
INFO: Sample H01-0338 1.1 has a new calculated value of 4114.64408040048.
INFO: Sample H01-0338 1.1 has a new calculated value of 195893.078148365.
INFO: Sample H01-0340 1.1 has a new calculated value of 121094.850897789.
INFO: Sample H01-0340 1.1 has a new calculated value of 2159.34273088351.
INFO: Sample H01-0340 1.1 has a new calculated value of 123260.445892811.
INFO: Sample G01-0272 1.1 has a new calculated value of 41190.9263581037.
INFO: Sample G01-0272 1.1 has a new calculated value of 0.
INFO: Sample G01-0272 1.1 has a new calculated value of 24709.6974402666.
INFO: Sample E02-0198 1.1 has a new calculated value of 688257.662057878.
INFO: Sample E02-0198 1.1 has a new calculated value of 2167.15862508863.
INFO: Sample E02-0198 1.1 has a new calculated value of 633219.208717348.
INFO: Sample B01-0221 1.1 has a new calculated value of 505661.870241164.
INFO: Sample B01-0221 1.1 has a new calculated value of 4409.21197179704.
INFO: Sample B01-0221 1.1 has a new calculated value of 472206.491231917.
INFO: Sample B01-0211 1.1 has a new calculated value of 412681.379914282.
INFO: Sample B01-0211 1.1 has a new calculated value of 0.
INFO: Sample B01-0211 1.1 has a new calculated value of 403567.680716516.
INFO: Sample T01-0045 1.1 has a new calculated value of 57229.4528782369.
INFO: Sample T01-0045 1.1 has a new calculated value of 6599.41177815198.
INFO: Sample T01-0045 1.1 has a new calculated value of 72650.7492363452.
INFO: Sample T01-0046 1.1 has a new calculated value of 91410.6407761574.
INFO: Sample T01-0046 1.1 has a new calculated value of 4150.70684161038.
INFO: Sample T01-0046 1.1 has a new calculated value of 81013.0311548709.
INFO: Sample A02-0617 1.1 has a new calculated value of 7155.23064136504.
INFO: Sample A02-0617 1.1 has a new calculated value of 28628.256842494.
INFO: Sample A02-0617 1.1 has a new calculated value of 14311.6833083332.
INFO: Sample E01-0172 1.1 has a new calculated value of 65658.1297516822.
INFO: Sample E01-0172 1.1 has a new calculated value of 0.
INFO: Sample E01-0172 1.1 has a new calculated value of 61277.7189910411.
INFO: Sample A01-0359 1.1 has a new calculated value of 263596.872389317.
INFO: Sample A01-0359 1.1 has a new calculated value of 17818.6812624335.
INFO: Sample A01-0359 1.1 has a new calculated value of 247913.410663605.
INFO: Sample A02-0560 1.1 has a new calculated value of 17224.249150604.
INFO: Sample A02-0560 1.1 has a new calculated value of 6888.85029405354.
INFO: Sample A02-0560 1.1 has a new calculated value of 13778.8323685527.
INFO: Sample B01-0219 1.1 has a new calculated value of 362167.228460311.
INFO: Sample B01-0219 1.1 has a new calculated value of 6596.9884302467.
INFO: Sample B01-0219 1.1 has a new calculated value of 353296.549916267.
INFO: Sample N02-0156 1.1 has a new calculated value of 68108.6191534997.
INFO: Sample N02-0156 1.1 has a new calculated value of 2268.50499864668.
INFO: Sample N02-0156 1.1 has a new calculated value of 86289.6251678468.
INFO: Sample A02-0579 1.1 has a new calculated value of 16713.6101983488.
INFO: Sample A02-0579 1.1 has a new calculated value of 9549.81794580819.
INFO: Sample A02-0579 1.1 has a new calculated value of 11937.6124441624.
INFO: Sample A01-0358 1.1 has a new calculated value of 192291.629612446.
INFO: Sample A01-0358 1.1 has a new calculated value of 11027.3806750774.
INFO: Sample A01-0358 1.1 has a new calculated value of 207801.769673824.
INFO: Sample A02-0600 1.1 has a new calculated value of 6653.89331057668.
INFO: Sample A02-0600 1.1 has a new calculated value of 31060.5422034859.
INFO: Sample A02-0600 1.1 has a new calculated value of 13308.8430203498.
INFO: Sample N02-0162 1.1 has a new calculated value of 4730.98134621979.
INFO: Sample N02-0162 1.1 has a new calculated value of 0.
INFO: Sample N02-0162 1.1 has a new calculated value of 4730.98134621979.
INFO: Sample A04-0185 1.1 has a new calculated value of 113953.210115433.
INFO: Sample A04-0185 1.1 has a new calculated value of 3993.11756249516.
INFO: Sample A04-0185 1.1 has a new calculated value of 119959.341734648.
INFO: Sample G01-0263 1.1 has a new calculated value of 231754.762530327.
INFO: Sample G01-0263 1.1 has a new calculated value of 0.
INFO: Sample G01-0263 1.1 has a new calculated value of 201358.732581139.
INFO: Sample H01-0342 1.1 has a new calculated value of 61354.0939986705.
INFO: Sample H01-0342 1.1 has a new calculated value of 5933.56920406222.
INFO: Sample H01-0342 1.1 has a new calculated value of 69277.2918194533.
INFO: Sample H01-0337 1.1 has a new calculated value of 124453.898817301.
INFO: Sample H01-0337 1.1 has a new calculated value of 3883.59577395023.
INFO: Sample H01-0337 1.1 has a new calculated value of 138088.485449553.
INFO: Sample E02-0197 1.1 has a new calculated value of 1001403.14340591.
INFO: Sample E02-0197 1.1 has a new calculated value of 11712.1035978198.
INFO: Sample E02-0197 1.1 has a new calculated value of 941477.844715119.
INFO: Sample N02-0167 1.1 has a new calculated value of 78547.7627813815.
INFO: Sample N02-0167 1.1 has a new calculated value of 0.
INFO: Sample N02-0167 1.1 has a new calculated value of 78547.7627813815.
INFO: Sample G01-0268 1.1 has a new calculated value of 35571.1990222335.
INFO: Sample G01-0268 1.1 has a new calculated value of 2222.31580177322.
INFO: Sample G01-0268 1.1 has a new calculated value of 44468.7196612357.
INFO: Sample A04-0178 1.1 has a new calculated value of 183967.908918857.
INFO: Sample A04-0178 1.1 has a new calculated value of 4370.81716954707.
INFO: Sample A04-0178 1.1 has a new calculated value of 186162.874996662.
INFO: Sample B01-0215 1.1 has a new calculated value of 303430.56678772.
INFO: Sample B01-0215 1.1 has a new calculated value of 2399.5513189584.
INFO: Sample B01-0215 1.1 has a new calculated value of 276852.896511555.
INFO: Sample T01-0048 1.1 has a new calculated value of 78635.7231438161.
INFO: Sample T01-0048 1.1 has a new calculated value of 8494.04993467032.
INFO: Sample T01-0048 1.1 has a new calculated value of 65873.9537000654.
INFO: Sample G01-0256 1.1 has a new calculated value of 65113.516151905.
INFO: Sample G01-0256 1.1 has a new calculated value of 2243.61060652882.
INFO: Sample G01-0256 1.1 has a new calculated value of 51633.4504634143.
INFO: Sample A02-0592 1.1 has a new calculated value of 0.
INFO: Sample A02-0592 1.1 has a new calculated value of 3614.17363397778.
INFO: Sample A02-0592 1.1 has a new calculated value of 10843.455735594.
INFO: Sample B01-0203 1.1 has a new calculated value of 232007.839679718.
INFO: Sample B01-0203 1.1 has a new calculated value of 2290.82368779927.
INFO: Sample B01-0203 1.1 has a new calculated value of 236615.056693554.
INFO: Sample A02-0619 1.1 has a new calculated value of 39413.177445531.
INFO: Sample A02-0619 1.1 has a new calculated value of 10368.2969324291.
INFO: Sample A02-0619 1.1 has a new calculated value of 26962.9066810012.
INFO: Sample E01-0171 1.1 has a new calculated value of 962755.419015886.
INFO: Sample E01-0171 1.1 has a new calculated value of 7850.48251971603.
INFO: Sample E01-0171 1.1 has a new calculated value of 974805.411100389.
INFO: Sample E02-0200 1.1 has a new calculated value of 17303.4196346998.
INFO: Sample E02-0200 1.1 has a new calculated value of 2883.40710103512.
INFO: Sample E02-0200 1.1 has a new calculated value of 49044.9220687153.
INFO: Sample D01-0102 1.1 has a new calculated value of 17301.0382242501.
INFO: Sample D01-0102 1.1 has a new calculated value of 3459.63623374701.
INFO: Sample D01-0102 1.1 has a new calculated value of 96977.9218733312.
INFO: Sample E01-0173 1.1 has a new calculated value of 424378.952980043.
INFO: Sample E01-0173 1.1 has a new calculated value of 0.
INFO: Sample E01-0173 1.1 has a new calculated value of 361391.587257387.
INFO: Sample A02-0618 1.1 has a new calculated value of 13736.308850348.
INFO: Sample A02-0618 1.1 has a new calculated value of 4578.26902158559.
INFO: Sample A02-0618 1.1 has a new calculated value of 4578.26902158559.
INFO: Sample E01-0170 1.1 has a new calculated value of 506589.887738229.
INFO: Sample E01-0170 1.1 has a new calculated value of 7993.4706632048.
INFO: Sample E01-0170 1.1 has a new calculated value of 494456.793665885.
INFO: Sample D01-0107 1.1 has a new calculated value of 53659.333214164.
INFO: Sample D01-0107 1.1 has a new calculated value of 0.
INFO: Sample D01-0107 1.1 has a new calculated value of 118909.584581852.
INFO: Sample N02-0165 1.1 has a new calculated value of 88831.9905102252.
INFO: Sample N02-0165 1.1 has a new calculated value of 2112.86090081557.
INFO: Sample N02-0165 1.1 has a new calculated value of 74013.5742723943.
LOW : WaTCH status of H01-0337 1.1 has been changed to Complete.
LOW : WaTCH status of H01-0341 1.1 has been changed to Complete.
LOW : WaTCH status of A02-0579 1.1 has been changed to Complete.
LOW : WaTCH status of A02-0617 1.1 has been changed to Complete.
LOW : WaTCH status of H01-0339 1.1 has been changed to Complete.
LOW : WaTCH status of A02-0600 1.1 has been changed to Complete.
LOW : WaTCH status of A02-0619 1.1 has been changed to Complete.
LOW : WaTCH status of T01-0048 1.1 has been changed to Complete.
LOW : WaTCH status of D01-0122 1.1 has been changed to Complete.
LOW : WaTCH status of N02-0165 1.1 has been changed to Complete.
LOW : WaTCH status of E01-0170 1.1 has been changed to Complete.
LOW : WaTCH status of A02-0618 1.1 has been changed to Complete.
LOW : WaTCH status of B01-0221 1.1 has been changed to Complete.
LOW : WaTCH status of H01-0338 1.1 has been changed to Complete.
LOW : WaTCH status of D01-0102 1.1 has been changed to Complete.
LOW : WaTCH status of T01-0046 1.1 has been changed to Complete.
LOW : WaTCH status of A02-0592 1.1 has been changed to Complete.
LOW : WaTCH status of E01-0173 1.1 has been changed to Complete.
LOW : WaTCH status of N02-0167 1.1 has been changed to Complete.
LOW : WaTCH status of A02-0560 1.1 has been changed to Complete.
LOW : WaTCH status of A01-0359 1.1 has been changed to Complete.
LOW : WaTCH status of E01-0172 1.1 has been changed to Complete.
LOW : WaTCH status of N02-0156 1.1 has been changed to Complete.
LOW : WaTCH status of A01-0358 1.1 has been changed to Complete.
LOW : WaTCH status of G01-0263 1.1 has been changed to Complete.
LOW : WaTCH status of D01-0116 1.1 has been changed to Complete.
LOW : WaTCH status of T01-0045 1.1 has been changed to Complete.
LOW : WaTCH status of H01-0340 1.1 has been changed to Complete.
LOW : WaTCH status of E02-0198 1.1 has been changed to Complete.
LOW : WaTCH status of D01-0107 1.1 has been changed to Complete.
LOW : WaTCH status of N02-0160 1.1 has been changed to Complete.
LOW : WaTCH status of E01-0171 1.1 has been changed to Complete.
LOW : WaTCH status of B01-0219 1.1 has been changed to Complete.
LOW : WaTCH status of A04-0178 1.1 has been changed to Complete.
LOW : WaTCH status of E02-0199 1.1 has been changed to Complete.
LOW : WaTCH status of E02-0200 1.1 has been changed to Complete.
LOW : WaTCH status of E02-0197 1.1 has been changed to Complete.
LOW : WaTCH status of G01-0256 1.1 has been changed to Complete.
LOW : WaTCH status of B01-0203 1.1 has been changed to Complete.
LOW : WaTCH status of B01-0215 1.1 has been changed to Complete.
LOW : WaTCH status of A04-0185 1.1 has been changed to Complete.
LOW : WaTCH status of N02-0162 1.1 has been changed to Complete.
LOW : WaTCH status of H01-0343 1.1 has been changed to Complete.
LOW : WaTCH status of B01-0211 1.1 has been changed to Complete.
LOW : WaTCH status of G01-0268 1.1 has been changed to Complete.
LOW : WaTCH status of H01-0342 1.1 has been changed to Complete.
LOW : WaTCH status of G01-0272 1.1 has been changed to Complete.
#
# WaTCHdb update complete.
# 2022-09-23.17-23-41.
