# WaTCHdb update log.
# Command: 2_updateWaTCH.pl.
# Data output written to updates/watchdb/watchdb.2022-08-26.14-54-01.txt and updates/watchdb.LATEST.txt.
# Fatal errors and system warnings are NOT logged here; see STDERR for those.
#
# Run started 2022-08-26.14-54-01.
#
4 molecular targets added.
INFO: Finished WaTCHdb import. 4512 total assets present.
INFO: Finished AssetTiger import. 39 new assets added. 4551 total assets present.
INFO: Sample L01-0223 1.1 has a new calculated value of 118653.262853623.
INFO: Sample L01-0223 1.1 has a new calculated value of 0.
INFO: Sample L01-0223 1.1 has a new calculated value of 140938.185453415.
INFO: Sample T01-0014 1.1 has a new calculated value of 105159.603059292.
INFO: Sample T01-0014 1.1 has a new calculated value of 0.
INFO: Sample T01-0014 1.1 has a new calculated value of 93778.2745063306.
INFO: Sample A02-0502 1.1 has a new calculated value of 704688.888788222.
INFO: Sample A02-0502 1.1 has a new calculated value of 3220.38995102048.
INFO: Sample A02-0502 1.1 has a new calculated value of 727619.193792343.
INFO: Sample B01-0239 1.1 has a new calculated value of 147145.013809204.
INFO: Sample B01-0239 1.1 has a new calculated value of 0.
INFO: Sample B01-0239 1.1 has a new calculated value of 161185.818314552.
INFO: Sample O01-0140 1.1 has a new calculated value of 0.
INFO: Sample O01-0140 1.1 has a new calculated value of 0.
INFO: Sample O01-0140 1.1 has a new calculated value of 7190.42094424365.
INFO: Sample A04-0141 1.1 has a new calculated value of 2878836.32183075.
INFO: Sample A04-0141 1.1 has a new calculated value of 6169.39201019703.
INFO: Sample A04-0141 1.1 has a new calculated value of 2850213.36078644.
INFO: Sample C01-0242 1.1 has a new calculated value of 113492.377996445.
INFO: Sample C01-0242 1.1 has a new calculated value of 7084.27724428475.
INFO: Sample C01-0242 1.1 has a new calculated value of 122963.96613121.
INFO: Sample R01-0105 1.1 has a new calculated value of 0.
INFO: Sample R01-0105 1.1 has a new calculated value of 4112.42351867259.
INFO: Sample R01-0105 1.1 has a new calculated value of 0.
INFO: Sample D01-0136 1.1 has a new calculated value of 223956.527709961.
INFO: Sample D01-0136 1.1 has a new calculated value of 9573.63205030562.
INFO: Sample D01-0136 1.1 has a new calculated value of 262469.525635243.
INFO: Sample R01-0112 1.1 has a new calculated value of 0.
INFO: Sample R01-0112 1.1 has a new calculated value of 10881.9330856204.
INFO: Sample R01-0112 1.1 has a new calculated value of 0.
INFO: Sample M03-0101 1.1 has a new calculated value of 79555.5102825163.
INFO: Sample M03-0101 1.1 has a new calculated value of 2148.16454099491.
INFO: Sample M03-0101 1.1 has a new calculated value of 68795.9347665308.
INFO: Sample R01-0102 1.1 has a new calculated value of 0.
INFO: Sample R01-0102 1.1 has a new calculated value of 16648.168656975.
INFO: Sample R01-0102 1.1 has a new calculated value of 0.
INFO: Sample C01-0245 1.1 has a new calculated value of 98483.9330613615.
INFO: Sample C01-0245 1.1 has a new calculated value of 2287.69748937339.
INFO: Sample C01-0245 1.1 has a new calculated value of 93898.14555645.
INFO: Sample R02-0076 1.1 has a new calculated value of 172916.703522205.
INFO: Sample R02-0076 1.1 has a new calculated value of 0.
INFO: Sample R02-0076 1.1 has a new calculated value of 163798.027038574.
INFO: Sample A02-0609 1.1 has a new calculated value of 389047.493934631.
INFO: Sample A02-0609 1.1 has a new calculated value of 4141.88776630906.
INFO: Sample A02-0609 1.1 has a new calculated value of 401590.288281441.
INFO: Sample A02-0606 1.1 has a new calculated value of 333668.444752693.
INFO: Sample A02-0606 1.1 has a new calculated value of 6432.95352347195.
INFO: Sample A02-0606 1.1 has a new calculated value of 268879.811167717.
INFO: Sample N03-0157 1.1 has a new calculated value of 67877.5448352099.
INFO: Sample N03-0157 1.1 has a new calculated value of 0.
INFO: Sample N03-0157 1.1 has a new calculated value of 75716.6469097137.
INFO: Sample K01-0144 1.1 has a new calculated value of 271718.002259731.
INFO: Sample K01-0144 1.1 has a new calculated value of 0.
INFO: Sample K01-0144 1.1 has a new calculated value of 274088.515341282.
INFO: Sample A02-0613 1.1 has a new calculated value of 231575.070619583.
INFO: Sample A02-0613 1.1 has a new calculated value of 3207.57381152361.
INFO: Sample A02-0613 1.1 has a new calculated value of 225125.119686127.
INFO: Sample N03-0161 1.1 has a new calculated value of 129270.832836628.
INFO: Sample N03-0161 1.1 has a new calculated value of 0.
INFO: Sample N03-0161 1.1 has a new calculated value of 97525.9669125081.
INFO: Sample O01-0141 1.1 has a new calculated value of 18291.0987362266.
INFO: Sample O01-0141 1.1 has a new calculated value of 0.
INFO: Sample O01-0141 1.1 has a new calculated value of 20578.0469253659.
INFO: Sample J01-0115 1.1 has a new calculated value of 214161.025285721.
INFO: Sample J01-0115 1.1 has a new calculated value of 0.
INFO: Sample J01-0115 1.1 has a new calculated value of 192423.960864544.
INFO: Sample R01-0118 1.1 has a new calculated value of 0.
INFO: Sample R01-0118 1.1 has a new calculated value of 3947.42298871279.
INFO: Sample R01-0118 1.1 has a new calculated value of 0.
INFO: Sample A02-0557 1.1 has a new calculated value of 381184.401512144.
INFO: Sample A02-0557 1.1 has a new calculated value of 16501.3450942933.
INFO: Sample A02-0557 1.1 has a new calculated value of 447832.705378532.
INFO: Sample L01-0224 1.1 has a new calculated value of 284117.066860199.
INFO: Sample L01-0224 1.1 has a new calculated value of 2321.01706322283.
INFO: Sample L01-0224 1.1 has a new calculated value of 279443.854093551.
INFO: Sample A01-0339 1.1 has a new calculated value of 1270524.48034287.
INFO: Sample A01-0339 1.1 has a new calculated value of 27346.6418311.
INFO: Sample A01-0339 1.1 has a new calculated value of 1220458.21666717.
INFO: Sample T01-0013 1.1 has a new calculated value of 133881.396353245.
INFO: Sample T01-0013 1.1 has a new calculated value of 2304.6803008765.
INFO: Sample T01-0013 1.1 has a new calculated value of 110767.857581377.
INFO: Sample N03-0162 1.1 has a new calculated value of 2431.00626859814.
INFO: Sample N03-0162 1.1 has a new calculated value of 0.
INFO: Sample N03-0162 1.1 has a new calculated value of 2431.00626859814.
INFO: Sample O01-0130 1.1 has a new calculated value of 4943.29953566193.
INFO: Sample O01-0130 1.1 has a new calculated value of 0.
INFO: Sample O01-0130 1.1 has a new calculated value of 0.
INFO: Sample T01-0016 1.1 has a new calculated value of 94279.6298861505.
INFO: Sample T01-0016 1.1 has a new calculated value of 2242.29010753333.
INFO: Sample T01-0016 1.1 has a new calculated value of 101022.00910449.
INFO: Sample R02-0081 1.1 has a new calculated value of 11207.2530761361.
INFO: Sample R02-0081 1.1 has a new calculated value of 0.
INFO: Sample R02-0081 1.1 has a new calculated value of 15690.9934803843.
INFO: Sample L01-0217 1.1 has a new calculated value of 163198.425471783.
INFO: Sample L01-0217 1.1 has a new calculated value of 0.
INFO: Sample L01-0217 1.1 has a new calculated value of 190086.488127708.
INFO: Sample J01-0117 1.1 has a new calculated value of 237288.009524345.
INFO: Sample J01-0117 1.1 has a new calculated value of 0.
INFO: Sample J01-0117 1.1 has a new calculated value of 253783.601224422.
INFO: Sample L01-0218 1.1 has a new calculated value of 13302.5056868791.
INFO: Sample L01-0218 1.1 has a new calculated value of 0.
INFO: Sample L01-0218 1.1 has a new calculated value of 4433.69972985237.
INFO: Sample A02-0572 1.1 has a new calculated value of 723638.452291488.
INFO: Sample A02-0572 1.1 has a new calculated value of 4123.34742955864.
INFO: Sample A02-0572 1.1 has a new calculated value of 8247.10043147207.
INFO: Sample A04-0142 1.1 has a new calculated value of 599774.158000944.
INFO: Sample A04-0142 1.1 has a new calculated value of 0.
INFO: Sample A04-0142 1.1 has a new calculated value of 626047.024726867.
INFO: Sample T01-0019 1.1 has a new calculated value of 176233.80124569.
INFO: Sample T01-0019 1.1 has a new calculated value of 0.
INFO: Sample T01-0019 1.1 has a new calculated value of 190953.470170498.
INFO: Sample C01-0241 1.1 has a new calculated value of 127051.64283514.
INFO: Sample C01-0241 1.1 has a new calculated value of 0.
INFO: Sample C01-0241 1.1 has a new calculated value of 121962.172687054.
INFO: Sample A01-0336 1.1 has a new calculated value of 1758707.00597763.
INFO: Sample A01-0336 1.1 has a new calculated value of 6064.93961066006.
INFO: Sample A01-0336 1.1 has a new calculated value of 1803001.11293793.
INFO: Sample A02-0604 1.1 has a new calculated value of 171898.636221886.
INFO: Sample A02-0604 1.1 has a new calculated value of 12554.0707446635.
INFO: Sample A02-0604 1.1 has a new calculated value of 207624.55791235.
INFO: Sample R02-0087 1.1 has a new calculated value of 69809.3263059854.
INFO: Sample R02-0087 1.1 has a new calculated value of 0.
INFO: Sample R02-0087 1.1 has a new calculated value of 96017.8323090075.
INFO: Sample R02-0122 1.1 has a new calculated value of 164652.659296989.
INFO: Sample R02-0122 1.1 has a new calculated value of 2567.72954016924.
INFO: Sample R02-0122 1.1 has a new calculated value of 169808.481931686.
INFO: Sample A02-0567 1.1 has a new calculated value of 805718.414783479.
INFO: Sample A02-0567 1.1 has a new calculated value of 5182.28941597044.
INFO: Sample A02-0567 1.1 has a new calculated value of 416621.385812761.
INFO: Sample K01-0134 1.1 has a new calculated value of 263687.329888344.
INFO: Sample K01-0134 1.1 has a new calculated value of 7169.51061040164.
INFO: Sample K01-0134 1.1 has a new calculated value of 254069.582819939.
INFO: Sample M03-0104 1.1 has a new calculated value of 283488.858640194.
INFO: Sample M03-0104 1.1 has a new calculated value of 4217.11161732674.
INFO: Sample M03-0104 1.1 has a new calculated value of 258023.484349251.
INFO: Sample J01-0116 1.1 has a new calculated value of 76014.9782896041.
INFO: Sample J01-0116 1.1 has a new calculated value of 0.
INFO: Sample J01-0116 1.1 has a new calculated value of 68144.9635326861.
INFO: Sample M03-0121 1.1 has a new calculated value of 218589.110970497.
INFO: Sample M03-0121 1.1 has a new calculated value of 0.
INFO: Sample M03-0121 1.1 has a new calculated value of 245732.000470162.
INFO: Sample K01-0140 1.1 has a new calculated value of 309719.681739807.
INFO: Sample K01-0140 1.1 has a new calculated value of 2285.82622949034.
INFO: Sample K01-0140 1.1 has a new calculated value of 272892.369925976.
INFO: Sample A01-0337 1.1 has a new calculated value of 287639.354467392.
INFO: Sample A01-0337 1.1 has a new calculated value of 8600.51957890392.
INFO: Sample A01-0337 1.1 has a new calculated value of 290525.738596916.
INFO: Sample N03-0148 1.1 has a new calculated value of 0.
INFO: Sample N03-0148 1.1 has a new calculated value of 0.
INFO: Sample N03-0148 1.1 has a new calculated value of 0.
INFO: Sample A02-0602 1.1 has a new calculated value of 193839.667439461.
INFO: Sample A02-0602 1.1 has a new calculated value of 2173.00146818161.
INFO: Sample A02-0602 1.1 has a new calculated value of 185108.505785465.
INFO: Sample A01-0338 1.1 has a new calculated value of 324945.691823959.
INFO: Sample A01-0338 1.1 has a new calculated value of 0.
INFO: Sample A01-0338 1.1 has a new calculated value of 288715.943098068.
INFO: Sample K01-0148 1.1 has a new calculated value of 221706.998348236.
INFO: Sample K01-0148 1.1 has a new calculated value of 2303.41368354857.
INFO: Sample K01-0148 1.1 has a new calculated value of 228654.270172119.
INFO: Sample T01-0011 1.1 has a new calculated value of 165158.270001412.
INFO: Sample T01-0011 1.1 has a new calculated value of 2321.65992725641.
INFO: Sample T01-0011 1.1 has a new calculated value of 148846.107423306.
INFO: Sample A02-0612 1.1 has a new calculated value of 1204059.46969986.
INFO: Sample A02-0612 1.1 has a new calculated value of 9892.23780110477.
INFO: Sample A02-0612 1.1 has a new calculated value of 1278774.61194992.
INFO: Sample J01-0113 1.1 has a new calculated value of 189218.215048313.
INFO: Sample J01-0113 1.1 has a new calculated value of 0.
INFO: Sample J01-0113 1.1 has a new calculated value of 177656.047940254.
INFO: Sample A02-0542 1.1 has a new calculated value of 1359066.48874283.
INFO: Sample A02-0542 1.1 has a new calculated value of 48246.5433329345.
INFO: Sample A02-0542 1.1 has a new calculated value of 1249631.83879852.
INFO: Sample D01-0147 1.1 has a new calculated value of 259913.527965546.
INFO: Sample D01-0147 1.1 has a new calculated value of 13462.3829461634.
INFO: Sample D01-0147 1.1 has a new calculated value of 270072.728991508.
INFO: Sample A02-0503 1.1 has a new calculated value of 0.
INFO: Sample A02-0503 1.1 has a new calculated value of 0.
INFO: Sample A02-0503 1.1 has a new calculated value of 0.
INFO: Sample O01-0136 1.1 has a new calculated value of 0.
INFO: Sample O01-0136 1.1 has a new calculated value of 0.
INFO: Sample O01-0136 1.1 has a new calculated value of 14287.2905731201.
INFO: Sample T01-0010 1.1 has a new calculated value of 280652.536153793.
INFO: Sample T01-0010 1.1 has a new calculated value of 0.
INFO: Sample T01-0010 1.1 has a new calculated value of 315007.393956184.
INFO: Sample A02-0506 1.1 has a new calculated value of 0.
INFO: Sample A02-0506 1.1 has a new calculated value of 0.
INFO: Sample A02-0506 1.1 has a new calculated value of 0.
INFO: Sample T01-0017 1.1 has a new calculated value of 179382.571578026.
INFO: Sample T01-0017 1.1 has a new calculated value of 12972.9664698243.
INFO: Sample T01-0017 1.1 has a new calculated value of 101295.793801546.
INFO: Sample T01-0018 1.1 has a new calculated value of 213978.394567966.
INFO: Sample T01-0018 1.1 has a new calculated value of 0.
INFO: Sample T01-0018 1.1 has a new calculated value of 300343.902111053.
INFO: Sample C01-0243 1.1 has a new calculated value of 364374.18758869.
INFO: Sample C01-0243 1.1 has a new calculated value of 22400.7294327021.
INFO: Sample C01-0243 1.1 has a new calculated value of 386970.55578232.
INFO: Sample L01-0219 1.1 has a new calculated value of 463768.887519835.
INFO: Sample L01-0219 1.1 has a new calculated value of 0.
INFO: Sample L01-0219 1.1 has a new calculated value of 493388.494849203.
INFO: Sample A02-0573 1.1 has a new calculated value of 1203038.19179535.
INFO: Sample A02-0573 1.1 has a new calculated value of 3258.19311663508.
INFO: Sample A02-0573 1.1 has a new calculated value of 1374387.96758652.
INFO: Sample B01-0230 1.1 has a new calculated value of 453922.45709896.
INFO: Sample B01-0230 1.1 has a new calculated value of 8853.35147380827.
INFO: Sample B01-0230 1.1 has a new calculated value of 505409.778356553.
INFO: Sample J01-0114 1.1 has a new calculated value of 117736.372053623.
INFO: Sample J01-0114 1.1 has a new calculated value of 0.
INFO: Sample J01-0114 1.1 has a new calculated value of 115378.395617008.
INFO: Sample R02-0091 1.1 has a new calculated value of 68404.2792767285.
INFO: Sample R02-0091 1.1 has a new calculated value of 0.
INFO: Sample R02-0091 1.1 has a new calculated value of 73125.9356439114.
INFO: Sample M03-0119 1.1 has a new calculated value of 190014.801621437.
INFO: Sample M03-0119 1.1 has a new calculated value of 0.
INFO: Sample M03-0119 1.1 has a new calculated value of 171881.003379822.
INFO: Sample L01-0190 1.1 has a new calculated value of 275945.756435394.
INFO: Sample L01-0190 1.1 has a new calculated value of 0.
INFO: Sample L01-0190 1.1 has a new calculated value of 256783.18887949.
INFO: Sample T01-0012 1.1 has a new calculated value of 115436.772555113.
INFO: Sample T01-0012 1.1 has a new calculated value of 0.
INFO: Sample T01-0012 1.1 has a new calculated value of 94210.2451622484.
INFO: Sample T01-0015 1.1 has a new calculated value of 1093271.60954475.
INFO: Sample T01-0015 1.1 has a new calculated value of 2458.24013371021.
INFO: Sample T01-0015 1.1 has a new calculated value of 1010090.80052376.
INFO: Sample M03-0109 1.1 has a new calculated value of 236384.36883688.
INFO: Sample M03-0109 1.1 has a new calculated value of 0.
INFO: Sample M03-0109 1.1 has a new calculated value of 259631.232619285.
INFO: Sample C01-0244 1.1 has a new calculated value of 5280297.3175049.
INFO: Sample C01-0244 1.1 has a new calculated value of 0.
INFO: Sample C01-0244 1.1 has a new calculated value of 5547530.47943116.
INFO: Sample N03-0166 1.1 has a new calculated value of 144274.716675282.
INFO: Sample N03-0166 1.1 has a new calculated value of 5334.66093242167.
INFO: Sample N03-0166 1.1 has a new calculated value of 136246.414035559.
INFO: Sample O01-0134 1.1 has a new calculated value of 5405.87710216642.
INFO: Sample O01-0134 1.1 has a new calculated value of 0.
INFO: Sample O01-0134 1.1 has a new calculated value of 0.
INFO: Sample N03-0159 1.1 has a new calculated value of 95048.8243997096.
INFO: Sample N03-0159 1.1 has a new calculated value of 2373.59548453242.
INFO: Sample N03-0159 1.1 has a new calculated value of 106945.106685161.
LOW : WaTCH status of N03-0161 1.1 has been changed to Complete.
LOW : WaTCH status of T01-0019 1.1 has been changed to Complete.
LOW : WaTCH status of A02-0557 1.1 has been changed to Complete.
LOW : WaTCH status of N03-0159 1.1 has been changed to Complete.
LOW : WaTCH status of L01-0218 1.1 has been changed to Complete.
LOW : WaTCH status of N03-0148 1.1 has been changed to Complete.
LOW : WaTCH status of N03-0162 1.1 has been changed to Complete.
LOW : WaTCH status of B01-0230 1.1 has been changed to Complete.
LOW : WaTCH status of J01-0117 1.1 has been changed to Complete.
LOW : WaTCH status of T01-0014 1.1 has been changed to Complete.
LOW : WaTCH status of R01-0118 1.1 has been changed to Complete.
LOW : WaTCH status of O01-0130 1.1 has been changed to Complete.
LOW : WaTCH status of R02-0076 1.1 has been changed to Complete.
LOW : WaTCH status of O01-0141 1.1 has been changed to Complete.
LOW : WaTCH status of N03-0166 1.1 has been changed to Complete.
LOW : WaTCH status of L01-0217 1.1 has been changed to Complete.
LOW : WaTCH status of A02-0503 1.1 has been changed to Complete.
LOW : WaTCH status of M03-0101 1.1 has been changed to Complete.
LOW : WaTCH status of L01-0219 1.1 has been changed to Complete.
LOW : WaTCH status of A02-0506 1.1 has been changed to Complete.
LOW : WaTCH status of A04-0142 1.1 has been changed to Complete.
LOW : WaTCH status of A01-0336 1.1 has been changed to Complete.
LOW : WaTCH status of K01-0140 1.1 has been changed to Complete.
LOW : WaTCH status of A02-0604 1.1 has been changed to Complete.
LOW : WaTCH status of R02-0091 1.1 has been changed to Complete.
LOW : WaTCH status of O01-0140 1.1 has been changed to Complete.
LOW : WaTCH status of T01-0018 1.1 has been changed to Complete.
LOW : WaTCH status of A02-0502 1.1 has been changed to Complete.
LOW : WaTCH status of O01-0136 1.1 has been changed to Complete.
LOW : WaTCH status of N03-0157 1.1 has been changed to Complete.
LOW : WaTCH status of A04-0141 1.1 has been changed to Complete.
LOW : WaTCH status of D01-0136 1.1 has been changed to Complete.
LOW : WaTCH status of R02-0087 1.1 has been changed to Complete.
LOW : WaTCH status of A02-0609 1.1 has been changed to Complete.
LOW : WaTCH status of J01-0114 1.1 has been changed to Complete.
LOW : WaTCH status of T01-0017 1.1 has been changed to Complete.
LOW : WaTCH status of R02-0122 1.1 has been changed to Complete.
LOW : WaTCH status of L01-0223 1.1 has been changed to Complete.
LOW : WaTCH status of C01-0244 1.1 has been changed to Complete.
LOW : WaTCH status of R01-0102 1.1 has been changed to Complete.
LOW : WaTCH status of M03-0119 1.1 has been changed to Complete.
LOW : WaTCH status of A01-0337 1.1 has been changed to Complete.
LOW : WaTCH status of R02-0081 1.1 has been changed to Complete.
LOW : WaTCH status of K01-0144 1.1 has been changed to Complete.
LOW : WaTCH status of T01-0015 1.1 has been changed to Complete.
LOW : WaTCH status of A02-0573 1.1 has been changed to Complete.
LOW : WaTCH status of T01-0011 1.1 has been changed to Complete.
LOW : WaTCH status of A02-0567 1.1 has been changed to Complete.
LOW : WaTCH status of L01-0224 1.1 has been changed to Complete.
LOW : WaTCH status of C01-0243 1.1 has been changed to Complete.
LOW : WaTCH status of A02-0612 1.1 has been changed to Complete.
LOW : WaTCH status of J01-0113 1.1 has been changed to Complete.
LOW : WaTCH status of T01-0012 1.1 has been changed to Complete.
LOW : WaTCH status of A01-0338 1.1 has been changed to Complete.
LOW : WaTCH status of R01-0105 1.1 has been changed to Complete.
LOW : WaTCH status of T01-0016 1.1 has been changed to Complete.
LOW : WaTCH status of A02-0542 1.1 has been changed to Complete.
LOW : WaTCH status of A02-0606 1.1 has been changed to Complete.
LOW : WaTCH status of L01-0190 1.1 has been changed to Complete.
LOW : WaTCH status of T01-0013 1.1 has been changed to Complete.
LOW : WaTCH status of R01-0112 1.1 has been changed to Complete.
LOW : WaTCH status of M03-0109 1.1 has been changed to Complete.
LOW : WaTCH status of D01-0147 1.1 has been changed to Complete.
LOW : WaTCH status of B01-0239 1.1 has been changed to Complete.
LOW : WaTCH status of J01-0115 1.1 has been changed to Complete.
LOW : WaTCH status of C01-0241 1.1 has been changed to Complete.
LOW : WaTCH status of C01-0245 1.1 has been changed to Complete.
LOW : WaTCH status of A02-0602 1.1 has been changed to Complete.
LOW : WaTCH status of M03-0104 1.1 has been changed to Complete.
LOW : WaTCH status of J01-0116 1.1 has been changed to Complete.
LOW : WaTCH status of A02-0572 1.1 has been changed to Complete.
LOW : WaTCH status of K01-0134 1.1 has been changed to Complete.
LOW : WaTCH status of T01-0010 1.1 has been changed to Complete.
LOW : WaTCH status of C01-0242 1.1 has been changed to Complete.
LOW : WaTCH status of O01-0134 1.1 has been changed to Complete.
LOW : WaTCH status of M03-0121 1.1 has been changed to Complete.
LOW : WaTCH status of K01-0148 1.1 has been changed to Complete.
LOW : WaTCH status of A01-0339 1.1 has been changed to Complete.
LOW : WaTCH status of A02-0613 1.1 has been changed to Complete.
#
# WaTCHdb update complete.
# 2022-08-26.14-54-02.
