# WaTCHdb update log.
# Command: 2_updateWaTCH.pl.
# Data output written to DB/INCREMENTAL/watchdb.2022-03-03.11-31-42.txt and DB/watchdb.LATEST.txt.
# Fatal errors and system warnings are NOT logged here; see STDERR for those.
#
# Run started 2022-03-03.11-31-42.
#
4 molecular targets added.
INFO: Finished WaTCHdb import.
1693 samples added.
INFO: Finished AssetTiger import.
 1735 samples new samples added.
3428 total samples present.
HIGH: Mysterious sample ID B01-0093 found during Run Metadata import, does not exist in AT or WaTCHdb. This is concerning.
HIGH: B01-0093 will be ignored!
HIGH: Mysterious sample ID H01-0138 found during Run Metadata import, does not exist in AT or WaTCHdb. This is concerning.
HIGH: H01-0138 will be ignored!
HIGH: Mysterious sample ID H01-0137 found during Run Metadata import, does not exist in AT or WaTCHdb. This is concerning.
HIGH: H01-0137 will be ignored!
HIGH: Mysterious sample ID E02-0072 found during Run Metadata import, does not exist in AT or WaTCHdb. This is concerning.
HIGH: E02-0072 will be ignored!
HIGH: Mysterious sample ID H01-0135 found during Run Metadata import, does not exist in AT or WaTCHdb. This is concerning.
HIGH: H01-0135 will be ignored!
HIGH: Mysterious sample ID A04-0021 found during Run Metadata import, does not exist in AT or WaTCHdb. This is concerning.
HIGH: A04-0021 will be ignored!
HIGH: Mysterious sample ID H01-0133 found during Run Metadata import, does not exist in AT or WaTCHdb. This is concerning.
HIGH: H01-0133 will be ignored!
HIGH: Mysterious sample ID E02-0073 found during Run Metadata import, does not exist in AT or WaTCHdb. This is concerning.
HIGH: E02-0073 will be ignored!
HIGH: Mysterious sample ID O01-0042 found during Run Metadata import, does not exist in AT or WaTCHdb. This is concerning.
HIGH: O01-0042 will be ignored!
HIGH: Mysterious sample ID A04-0023 found during Run Metadata import, does not exist in AT or WaTCHdb. This is concerning.
HIGH: A04-0023 will be ignored!
HIGH: Mysterious sample ID E02-0071 found during Run Metadata import, does not exist in AT or WaTCHdb. This is concerning.
HIGH: E02-0071 will be ignored!
HIGH: Mysterious sample ID H01-0131 found during Run Metadata import, does not exist in AT or WaTCHdb. This is concerning.
HIGH: H01-0131 will be ignored!
HIGH: Mysterious sample ID O01-0027 found during Run Metadata import, does not exist in AT or WaTCHdb. This is concerning.
HIGH: O01-0027 will be ignored!
HIGH: Mysterious sample ID B01-0098 found during Run Metadata import, does not exist in AT or WaTCHdb. This is concerning.
HIGH: B01-0098 will be ignored!
HIGH: Mysterious sample ID H01-0134 found during Run Metadata import, does not exist in AT or WaTCHdb. This is concerning.
HIGH: H01-0134 will be ignored!
HIGH: Mysterious sample ID O01-0037 found during Run Metadata import, does not exist in AT or WaTCHdb. This is concerning.
HIGH: O01-0037 will be ignored!
HIGH: Mysterious sample ID A01-0182 found during Run Metadata import, does not exist in AT or WaTCHdb. This is concerning.
HIGH: A01-0182 will be ignored!
HIGH: Mysterious sample ID A01-0184 found during Run Metadata import, does not exist in AT or WaTCHdb. This is concerning.
HIGH: A01-0184 will be ignored!
HIGH: Mysterious sample ID B01-0088 found during Run Metadata import, does not exist in AT or WaTCHdb. This is concerning.
HIGH: B01-0088 will be ignored!
HIGH: Mysterious sample ID H01-0136 found during Run Metadata import, does not exist in AT or WaTCHdb. This is concerning.
HIGH: H01-0136 will be ignored!
HIGH: Mysterious sample ID A04-0022 found during Run Metadata import, does not exist in AT or WaTCHdb. This is concerning.
HIGH: A04-0022 will be ignored!
HIGH: Mysterious sample ID A01-0183 found during Run Metadata import, does not exist in AT or WaTCHdb. This is concerning.
HIGH: A01-0183 will be ignored!
INFO: Sample G01-0084 1.1 has a new calculated value of 2504.66224271804.
INFO: Sample G01-0084 1.1 has a new calculated value of 7514.43609595297.
INFO: Sample G01-0084 1.1 has a new calculated value of 2504.66224271804.
INFO: Sample E01-0066 1.1 has a new calculated value of 2669.62402034551.
INFO: Sample E01-0066 1.1 has a new calculated value of 361946.155428888.
INFO: Sample E01-0066 1.1 has a new calculated value of 361946.155428888.
INFO: Sample A02-0370 1.1 has a new calculated value of 10075.5490735173.
INFO: Sample A02-0370 1.1 has a new calculated value of 2518.66032835096.
INFO: Sample A02-0370 1.1 has a new calculated value of 0.
INFO: Sample A02-0362 1.2 has a new calculated value of 0.
INFO: Sample A02-0362 1.2 has a new calculated value of 0.
INFO: Sample A02-0362 1.2 has a new calculated value of 0.
INFO: Sample A03-0091 1.1 has a new calculated value of 20131.2208548188.
INFO: Sample A03-0091 1.1 has a new calculated value of 0.
INFO: Sample A03-0091 1.1 has a new calculated value of 0.
INFO: Sample E02-0078 1.2 has a new calculated value of 0.
INFO: Sample E02-0078 1.2 has a new calculated value of 25995238.9526367.
INFO: Sample E02-0078 1.2 has a new calculated value of 24839753.036499.
INFO: Sample E01-0065 1.1 has a new calculated value of 5727.99869813023.
INFO: Sample E01-0065 1.1 has a new calculated value of 481004.803776741.
INFO: Sample E01-0065 1.1 has a new calculated value of 379737.183451653.
INFO: Sample A02-0369 1.1 has a new calculated value of 16051.9974678755.
INFO: Sample A02-0369 1.1 has a new calculated value of 8025.23005753756.
INFO: Sample A02-0369 1.1 has a new calculated value of 2674.90601632744.
INFO: Sample G01-0100 1.1 has a new calculated value of 0.
INFO: Sample G01-0100 1.1 has a new calculated value of 21737.0580509305.
INFO: Sample G01-0100 1.1 has a new calculated value of 29891.362041235.
INFO: Sample A02-0366 1.1 has a new calculated value of 30501.2473091483.
INFO: Sample A02-0366 1.1 has a new calculated value of 15247.8504739702.
INFO: Sample A02-0366 1.1 has a new calculated value of 12197.8359483182.
INFO: Sample E01-0068 1.1 has a new calculated value of 3070.57157624513.
INFO: Sample E01-0068 1.1 has a new calculated value of 150723.172724247.
INFO: Sample E01-0068 1.1 has a new calculated value of 175382.600426674.
INFO: Sample A03-0188 1.1 has a new calculated value of 15977.546274662.
INFO: Sample A03-0188 1.1 has a new calculated value of 13314.1982741654.
INFO: Sample A03-0188 1.1 has a new calculated value of 13314.1982741654.
INFO: Sample E02-0077 1.2 has a new calculated value of 2839.83912784606.
INFO: Sample E02-0077 1.2 has a new calculated value of 2446923.69461059.
INFO: Sample E02-0077 1.2 has a new calculated value of 2227733.67404938.
INFO: Sample A02-0371 1.1 has a new calculated value of 28443.681076169.
INFO: Sample A02-0371 1.1 has a new calculated value of 2369.569754228.
INFO: Sample A02-0371 1.1 has a new calculated value of 4739.27328363059.
INFO: Sample A02-0364 1.2 has a new calculated value of 0.
INFO: Sample A02-0364 1.2 has a new calculated value of 0.
INFO: Sample A02-0364 1.2 has a new calculated value of 0.
INFO: Sample E01-0067 1.1 has a new calculated value of 0.
INFO: Sample E01-0067 1.1 has a new calculated value of 214450.59120655.
INFO: Sample E01-0067 1.1 has a new calculated value of 190568.503439426.
INFO: Sample G01-0141 1.1 has a new calculated value of 0.
INFO: Sample G01-0141 1.1 has a new calculated value of 32709.4953507185.
INFO: Sample G01-0141 1.1 has a new calculated value of 38163.5601818562.
INFO: Sample G01-0147 1.1 has a new calculated value of 2693.12545191497.
INFO: Sample G01-0147 1.1 has a new calculated value of 21549.851372838.
INFO: Sample G01-0147 1.1 has a new calculated value of 21549.851372838.
INFO: Sample G01-0146 1.1 has a new calculated value of 0.
INFO: Sample G01-0146 1.1 has a new calculated value of 21518.0426090956.
INFO: Sample G01-0146 1.1 has a new calculated value of 24208.573512733.
INFO: Sample A03-0099 1.1 has a new calculated value of 16481.6918224096.
INFO: Sample A03-0099 1.1 has a new calculated value of 0.
INFO: Sample A03-0099 1.1 has a new calculated value of 0.
INFO: Sample A03-0244 1.1 has a new calculated value of 0.
INFO: Sample A03-0244 1.1 has a new calculated value of 0.
INFO: Sample A03-0244 1.1 has a new calculated value of 0.
INFO: Sample A02-0368 1.1 has a new calculated value of 21551.7879277468.
INFO: Sample A02-0368 1.1 has a new calculated value of 8619.38612535595.
INFO: Sample A02-0368 1.1 has a new calculated value of 4309.4714311883.
LOW : WaTCH status of G01-0147 1.1 has been changed to Complete.
LOW : WaTCH status of A03-0099 1.1 has been changed to Complete.
LOW : WaTCH status of A02-0369 1.1 has been changed to Complete.
LOW : WaTCH status of G01-0141 1.1 has been changed to Complete.
LOW : WaTCH status of E01-0067 1.1 has been changed to Complete.
LOW : WaTCH status of E01-0065 1.1 has been changed to Complete.
LOW : WaTCH status of E01-0066 1.1 has been changed to Complete.
LOW : WaTCH status of E01-0068 1.1 has been changed to Complete.
LOW : WaTCH status of G01-0084 1.1 has been changed to Complete.
LOW : WaTCH status of A03-0244 1.1 has been changed to Complete.
LOW : WaTCH status of G01-0146 1.1 has been changed to Complete.
LOW : WaTCH status of G01-0100 1.1 has been changed to Complete.
LOW : WaTCH status of A02-0366 1.1 has been changed to Complete.
LOW : WaTCH status of E02-0078 1.2 has been changed to Complete.
LOW : WaTCH status of A03-0091 1.1 has been changed to Complete.
LOW : WaTCH status of E02-0077 1.2 has been changed to Complete.
LOW : WaTCH status of A02-0368 1.1 has been changed to Complete.
LOW : WaTCH status of A02-0370 1.1 has been changed to Complete.
LOW : WaTCH status of A03-0188 1.1 has been changed to Complete.
LOW : WaTCH status of A02-0371 1.1 has been changed to Complete.
#
# WaTCHdb update complete.
# 2022-03-03.11-31-44.
