# WaTCHdb update log.
# Command: 2_updateWaTCH.pl.
# Data output written to DB/INCREMENTAL/watchdb.2022-04-21.10-12-54.txt and DB/watchdb.LATEST.txt.
# Fatal errors and system warnings are NOT logged here; see STDERR for those.
#
# Run started 2022-04-21.10-12-54.
#
4 molecular targets added.
INFO: Finished WaTCHdb import. 2521 total assets present.
INFO: Finished AssetTiger import. 53 new assets added. 2574 total assets present.
INFO: Sample P01-0059 1.1 has a new calculated value of 3646.56235557048.
INFO: Sample P01-0059 1.1 has a new calculated value of 0.
INFO: Sample P01-0059 1.1 has a new calculated value of 0.
INFO: Sample S01-0040 1.1 has a new calculated value of 8770.29195427894.
INFO: Sample S01-0040 1.1 has a new calculated value of 0.
INFO: Sample S01-0040 1.1 has a new calculated value of 5846.65780887007.
INFO: Sample E01-0092 1.1 has a new calculated value of 39866.6115850209.
INFO: Sample E01-0092 1.1 has a new calculated value of 13284.657318145.
INFO: Sample E01-0092 1.1 has a new calculated value of 13284.657318145.
INFO: Sample A02-0455 1.1 has a new calculated value of 112430.644780397.
INFO: Sample A02-0455 1.1 has a new calculated value of 44413.2815301419.
INFO: Sample A02-0455 1.1 has a new calculated value of 107194.616496563.
INFO: Sample A01-0225 1.1 has a new calculated value of 27148.4422311187.
INFO: Sample A01-0225 1.1 has a new calculated value of 2714.05330393463.
INFO: Sample A01-0225 1.1 has a new calculated value of 24432.8083097935.
INFO: Sample D01-0033 1.2 has a new calculated value of 54768.7286138536.
INFO: Sample D01-0033 1.2 has a new calculated value of 4561.32841296495.
INFO: Sample D01-0033 1.2 has a new calculated value of 31939.7275149822.
INFO: Sample A04-0056 1.1 has a new calculated value of 122044.85848546.
INFO: Sample A04-0056 1.1 has a new calculated value of 10598.4985269606.
INFO: Sample A04-0056 1.1 has a new calculated value of 90172.7914810182.
INFO: Sample H01-0187 1.1 has a new calculated value of 5011.86992973088.
INFO: Sample H01-0187 1.1 has a new calculated value of 0.
INFO: Sample H01-0187 1.1 has a new calculated value of 0.
INFO: Sample G01-0117 1.1 has a new calculated value of 0.
INFO: Sample G01-0117 1.1 has a new calculated value of 0.
INFO: Sample G01-0117 1.1 has a new calculated value of 0.
INFO: Sample D01-0052 1.1 has a new calculated value of 20172.748491168.
INFO: Sample D01-0052 1.1 has a new calculated value of 8644.27467808129.
INFO: Sample D01-0052 1.1 has a new calculated value of 28821.184001863.
INFO: Sample H01-0184 1.1 has a new calculated value of 0.
INFO: Sample H01-0184 1.1 has a new calculated value of 0.
INFO: Sample H01-0184 1.1 has a new calculated value of 2691.22313708067.
INFO: Sample E02-0107 1.1 has a new calculated value of 9430.73680624367.
INFO: Sample E02-0107 1.1 has a new calculated value of 28298.5774800181.
INFO: Sample E02-0107 1.1 has a new calculated value of 6286.92146390677.
INFO: Sample A02-0452 1.1 has a new calculated value of 10070.7066245377.
INFO: Sample A02-0452 1.1 has a new calculated value of 12588.7609831989.
INFO: Sample A02-0452 1.1 has a new calculated value of 7552.80302837492.
INFO: Sample D01-0029 1.2 has a new calculated value of 43413.479849696.
INFO: Sample D01-0029 1.2 has a new calculated value of 7890.01626893878.
INFO: Sample D01-0029 1.2 has a new calculated value of 15781.5168052912.
INFO: Sample D01-0038 1.1 has a new calculated value of 52449.4875222445.
INFO: Sample D01-0038 1.1 has a new calculated value of 6167.12260991336.
INFO: Sample D01-0038 1.1 has a new calculated value of 58624.3329942226.
INFO: Sample B01-0147 1.1 has a new calculated value of 5731.52303695677.
INFO: Sample B01-0147 1.1 has a new calculated value of 2865.66357593983.
INFO: Sample B01-0147 1.1 has a new calculated value of 11463.8306759298.
INFO: Sample G01-0112 1.1 has a new calculated value of 0.
INFO: Sample G01-0112 1.1 has a new calculated value of 0.
INFO: Sample G01-0112 1.1 has a new calculated value of 0.
INFO: Sample H01-0183 1.1 has a new calculated value of 0.
INFO: Sample H01-0183 1.1 has a new calculated value of 0.
INFO: Sample H01-0183 1.1 has a new calculated value of 0.
INFO: Sample A03-0310 1.1 has a new calculated value of 0.
INFO: Sample A03-0310 1.1 has a new calculated value of 49632.3564648629.
INFO: Sample A03-0310 1.1 has a new calculated value of 0.
INFO: Sample G01-0124 1.1 has a new calculated value of 0.
INFO: Sample G01-0124 1.1 has a new calculated value of 0.
INFO: Sample G01-0124 1.1 has a new calculated value of 2698.67446739226.
INFO: Sample P01-0054 1.1 has a new calculated value of 0.
INFO: Sample P01-0054 1.1 has a new calculated value of 2856.87369760126.
INFO: Sample P01-0054 1.1 has a new calculated value of 0.
INFO: Sample P01-0065 1.1 has a new calculated value of 0.
INFO: Sample P01-0065 1.1 has a new calculated value of 0.
INFO: Sample P01-0065 1.1 has a new calculated value of 0.
INFO: Sample B01-0153 1.1 has a new calculated value of 16463.9644883573.
INFO: Sample B01-0153 1.1 has a new calculated value of 2743.54515597224.
INFO: Sample B01-0153 1.1 has a new calculated value of 13719.5200659335.
INFO: Sample S01-0037 1.1 has a new calculated value of 11569.8453783989.
INFO: Sample S01-0037 1.1 has a new calculated value of 0.
INFO: Sample S01-0037 1.1 has a new calculated value of 0.
INFO: Sample E02-0106 1.1 has a new calculated value of 2966.04963485152.
INFO: Sample E02-0106 1.1 has a new calculated value of 8898.77876266838.
INFO: Sample E02-0106 1.1 has a new calculated value of 8898.77876266838.
INFO: Sample A02-0456 1.1 has a new calculated value of 0.
INFO: Sample A02-0456 1.1 has a new calculated value of 0.
INFO: Sample A02-0456 1.1 has a new calculated value of 0.
INFO: Sample S01-0036 1.1 has a new calculated value of 2825.0994393602.
INFO: Sample S01-0036 1.1 has a new calculated value of 0.
INFO: Sample S01-0036 1.1 has a new calculated value of 2825.0994393602.
INFO: Sample G01-0123 1.1 has a new calculated value of 0.
INFO: Sample G01-0123 1.1 has a new calculated value of 2850.65554082394.
INFO: Sample G01-0123 1.1 has a new calculated value of 8552.54843831063.
INFO: Sample S01-0041 1.1 has a new calculated value of 2467.06690639257.
INFO: Sample S01-0041 1.1 has a new calculated value of 2467.06690639257.
INFO: Sample S01-0041 1.1 has a new calculated value of 4934.27873589098.
INFO: Sample G01-0125 1.1 has a new calculated value of 0.
INFO: Sample G01-0125 1.1 has a new calculated value of 0.
INFO: Sample G01-0125 1.1 has a new calculated value of 5672.18312993647.
INFO: Sample P01-0060 1.1 has a new calculated value of 6169.84589025377.
INFO: Sample P01-0060 1.1 has a new calculated value of 0.
INFO: Sample P01-0060 1.1 has a new calculated value of 3084.80960782617.
INFO: Sample A02-0457 1.1 has a new calculated value of 0.
INFO: Sample A02-0457 1.1 has a new calculated value of 14322.443716228.
INFO: Sample A02-0457 1.1 has a new calculated value of 0.
INFO: Sample H01-0185 1.1 has a new calculated value of 0.
INFO: Sample H01-0185 1.1 has a new calculated value of 2561.13925483078.
INFO: Sample H01-0185 1.1 has a new calculated value of 0.
INFO: Sample A03-0299 1.1 has a new calculated value of 0.
INFO: Sample A03-0299 1.1 has a new calculated value of 0.
INFO: Sample A03-0299 1.1 has a new calculated value of 0.
INFO: Sample H01-0186 1.1 has a new calculated value of 0.
INFO: Sample H01-0186 1.1 has a new calculated value of 6238.72630298139.
INFO: Sample H01-0186 1.1 has a new calculated value of 0.
INFO: Sample S01-0038 1.1 has a new calculated value of 31443.6509460211.
INFO: Sample S01-0038 1.1 has a new calculated value of 0.
INFO: Sample S01-0038 1.1 has a new calculated value of 26201.4053016901.
INFO: Sample B01-0127 1.1 has a new calculated value of 18318.6500519514.
INFO: Sample B01-0127 1.1 has a new calculated value of 0.
INFO: Sample B01-0127 1.1 has a new calculated value of 15701.2102939188.
INFO: Sample E02-0105 1.1 has a new calculated value of 40016.3293629886.
INFO: Sample E02-0105 1.1 has a new calculated value of 8000.20985305311.
INFO: Sample E02-0105 1.1 has a new calculated value of 50693.8008964061.
INFO: Sample H01-0182 1.1 has a new calculated value of 0.
INFO: Sample H01-0182 1.1 has a new calculated value of 0.
INFO: Sample H01-0182 1.1 has a new calculated value of 0.
INFO: Sample A02-0461 1.1 has a new calculated value of 0.
INFO: Sample A02-0461 1.1 has a new calculated value of 0.
INFO: Sample A02-0461 1.1 has a new calculated value of 0.
INFO: Sample A03-0300 1.1 has a new calculated value of 0.
INFO: Sample A03-0300 1.1 has a new calculated value of 5052.34966054558.
INFO: Sample A03-0300 1.1 has a new calculated value of 0.
INFO: Sample A01-0226 1.1 has a new calculated value of 56683.1235587598.
INFO: Sample A01-0226 1.1 has a new calculated value of 48580.836877227.
INFO: Sample A01-0226 1.1 has a new calculated value of 59384.2311948538.
INFO: Sample A02-0454 1.1 has a new calculated value of 0.
INFO: Sample A02-0454 1.1 has a new calculated value of 0.
INFO: Sample A02-0454 1.1 has a new calculated value of 0.
INFO: Sample S01-0039 1.1 has a new calculated value of 2686.39316316694.
INFO: Sample S01-0039 1.1 has a new calculated value of 0.
INFO: Sample S01-0039 1.1 has a new calculated value of 2686.39316316694.
INFO: Sample E01-0093 1.1 has a new calculated value of 52491.4164841173.
INFO: Sample E01-0093 1.1 has a new calculated value of 18364.5179495215.
INFO: Sample E01-0093 1.1 has a new calculated value of 57744.1772818565.
INFO: Sample E01-0091 1.1 has a new calculated value of 0.
INFO: Sample E01-0091 1.1 has a new calculated value of 0.
INFO: Sample E01-0091 1.1 has a new calculated value of 0.
INFO: Sample R01-0043 1.1 has a new calculated value of 0.
INFO: Sample R01-0043 1.1 has a new calculated value of 0.
INFO: Sample R01-0043 1.1 has a new calculated value of 0.
INFO: Sample A04-0055 1.1 has a new calculated value of 57168.1456267833.
INFO: Sample A04-0055 1.1 has a new calculated value of 6014.02860134841.
INFO: Sample A04-0055 1.1 has a new calculated value of 39106.6199541091.
INFO: Sample P01-0055 1.1 has a new calculated value of 8003.26491706073.
INFO: Sample P01-0055 1.1 has a new calculated value of 5335.33989451824.
INFO: Sample P01-0055 1.1 has a new calculated value of 8003.26491706073.
INFO: Sample H01-0181 1.1 has a new calculated value of 0.
INFO: Sample H01-0181 1.1 has a new calculated value of 0.
INFO: Sample H01-0181 1.1 has a new calculated value of 0.
LOW : WaTCH status of A01-0226 1.1 has been changed to Complete.
LOW : WaTCH status of E02-0107 1.1 has been changed to Complete.
LOW : WaTCH status of P01-0059 1.1 has been changed to Complete.
LOW : WaTCH status of G01-0125 1.1 has been changed to Complete.
LOW : WaTCH status of G01-0112 1.1 has been changed to Complete.
LOW : WaTCH status of G01-0117 1.1 has been changed to Complete.
LOW : WaTCH status of A04-0055 1.1 has been changed to Complete.
LOW : WaTCH status of A04-0056 1.1 has been changed to Complete.
LOW : WaTCH status of H01-0184 1.1 has been changed to Complete.
LOW : WaTCH status of S01-0040 1.1 has been changed to Complete.
LOW : WaTCH status of E01-0092 1.1 has been changed to Complete.
LOW : WaTCH status of G01-0123 1.1 has been changed to Complete.
LOW : WaTCH status of S01-0036 1.1 has been changed to Complete.
LOW : WaTCH status of P01-0055 1.1 has been changed to Complete.
LOW : WaTCH status of B01-0153 1.1 has been changed to Complete.
LOW : WaTCH status of A02-0457 1.1 has been changed to Complete.
LOW : WaTCH status of S01-0041 1.1 has been changed to Complete.
LOW : WaTCH status of D01-0038 1.1 has been changed to Complete.
LOW : WaTCH status of D01-0052 1.1 has been changed to Complete.
LOW : WaTCH status of E02-0106 1.1 has been changed to Complete.
LOW : WaTCH status of A02-0461 1.1 has been changed to Complete.
LOW : WaTCH status of H01-0187 1.1 has been changed to Complete.
LOW : WaTCH status of H01-0182 1.1 has been changed to Complete.
LOW : WaTCH status of A03-0299 1.1 has been changed to Complete.
LOW : WaTCH status of B01-0127 1.1 has been changed to Complete.
LOW : WaTCH status of S01-0037 1.1 has been changed to Complete.
LOW : WaTCH status of P01-0054 1.1 has been changed to Complete.
LOW : WaTCH status of A02-0452 1.1 has been changed to Complete.
LOW : WaTCH status of S01-0039 1.1 has been changed to Complete.
LOW : WaTCH status of E02-0105 1.1 has been changed to Complete.
LOW : WaTCH status of A03-0300 1.1 has been changed to Complete.
LOW : WaTCH status of E01-0091 1.1 has been changed to Complete.
LOW : WaTCH status of A03-0310 1.1 has been changed to Complete.
LOW : WaTCH status of G01-0124 1.1 has been changed to Complete.
LOW : WaTCH status of H01-0183 1.1 has been changed to Complete.
LOW : WaTCH status of P01-0060 1.1 has been changed to Complete.
LOW : WaTCH status of S01-0038 1.1 has been changed to Complete.
LOW : WaTCH status of A02-0455 1.1 has been changed to Complete.
LOW : WaTCH status of E01-0093 1.1 has been changed to Complete.
LOW : WaTCH status of H01-0185 1.1 has been changed to Complete.
LOW : WaTCH status of H01-0186 1.1 has been changed to Complete.
LOW : WaTCH status of A01-0225 1.1 has been changed to Complete.
LOW : WaTCH status of R01-0043 1.1 has been changed to Complete.
LOW : WaTCH status of H01-0181 1.1 has been changed to Complete.
LOW : WaTCH status of P01-0065 1.1 has been changed to Complete.
LOW : WaTCH status of B01-0147 1.1 has been changed to Complete.
#
# WaTCHdb update complete.
# 2022-04-21.10-12-55.
