# WaTCHdb update log.
# Command: 2_updateWaTCH.pl.
# Data output written to DB/INCREMENTAL/watchdb.2022-03-04.14-54-40.txt and DB/watchdb.LATEST.txt.
# Fatal errors and system warnings are NOT logged here; see STDERR for those.
#
# Run started 2022-03-04.14-54-40.
#
4 molecular targets added.
INFO: Finished WaTCHdb import. 1735 total assets present.
INFO: Finished AssetTiger import. 63 new assets added. 1798 total assets present.
INFO: Sample K01-0014 1.1 has a new calculated value of 150361.971259117.
INFO: Sample K01-0014 1.1 has a new calculated value of 4228.17301936447.
INFO: Sample K01-0014 1.1 has a new calculated value of 129151.55634284.
INFO: Sample H01-0131 1.1 has a new calculated value of 40966.9697284698.
INFO: Sample H01-0131 1.1 has a new calculated value of 2559.26268640906.
INFO: Sample H01-0131 1.1 has a new calculated value of 48652.7314782142.
INFO: Sample C01-0085 1.1 has a new calculated value of 11481.8882010877.
INFO: Sample C01-0085 1.1 has a new calculated value of 2870.17716094851.
INFO: Sample C01-0085 1.1 has a new calculated value of 17224.0134514868.
INFO: Sample P01-0006 1.1 has a new calculated value of 57535.547465086.
INFO: Sample P01-0006 1.1 has a new calculated value of 8625.29877573251.
INFO: Sample P01-0006 1.1 has a new calculated value of 57535.547465086.
INFO: Sample M03-0019 1.1 has a new calculated value of 0.
INFO: Sample M03-0019 1.1 has a new calculated value of 0.
INFO: Sample M03-0019 1.1 has a new calculated value of 0.
INFO: Sample L01-0039 1.1 has a new calculated value of 306441.128253937.
INFO: Sample L01-0039 1.1 has a new calculated value of 9160.7084311545.
INFO: Sample L01-0039 1.1 has a new calculated value of 303365.607261658.
INFO: Sample P01-0002 1.1 has a new calculated value of 12680.9373870492.
INFO: Sample P01-0002 1.1 has a new calculated value of 2535.88043153286.
INFO: Sample P01-0002 1.1 has a new calculated value of 20291.3412451744.
INFO: Sample N02-0042 1.1 has a new calculated value of 76363.8894259931.
INFO: Sample N02-0042 1.1 has a new calculated value of 0.
INFO: Sample N02-0042 1.1 has a new calculated value of 67629.5426487922.
INFO: Sample M03-0014 1.1 has a new calculated value of 9757.13336840271.
INFO: Sample M03-0014 1.1 has a new calculated value of 0.
INFO: Sample M03-0014 1.1 has a new calculated value of 16263.1509639323.
INFO: Sample N02-0046 1.1 has a new calculated value of 30492.3735558987.
INFO: Sample N02-0046 1.1 has a new calculated value of 0.
INFO: Sample N02-0046 1.1 has a new calculated value of 33034.4055220485.
INFO: Sample A01-0182 1.1 has a new calculated value of 193496.506512165.
INFO: Sample A01-0182 1.1 has a new calculated value of 22280.9836640954.
INFO: Sample A01-0182 1.1 has a new calculated value of 178580.396175385.
INFO: Sample O01-0049 1.1 has a new calculated value of 19822.2957551479.
INFO: Sample O01-0049 1.1 has a new calculated value of 4954.69484478234.
INFO: Sample O01-0049 1.1 has a new calculated value of 24779.3327271938.
INFO: Sample M04-0014 1.1 has a new calculated value of 0.
INFO: Sample M04-0014 1.1 has a new calculated value of 0.
INFO: Sample M04-0014 1.1 has a new calculated value of 0.
INFO: Sample P01-0003 1.1 has a new calculated value of 17944.4235563278.
INFO: Sample P01-0003 1.1 has a new calculated value of 2563.01874294877.
INFO: Sample P01-0003 1.1 has a new calculated value of 46158.3340913057.
INFO: Sample M04-0009 1.1 has a new calculated value of 0.
INFO: Sample M04-0009 1.1 has a new calculated value of 0.
INFO: Sample M04-0009 1.1 has a new calculated value of 5092.86867454648.
INFO: Sample N02-0036 1.1 has a new calculated value of 64090.7221287489.
INFO: Sample N02-0036 1.1 has a new calculated value of 0.
INFO: Sample N02-0036 1.1 has a new calculated value of 52214.6759927274.
INFO: Sample P01-0001 1.1 has a new calculated value of 35381.0195624828.
INFO: Sample P01-0001 1.1 has a new calculated value of 5894.76325549183.
INFO: Sample P01-0001 1.1 has a new calculated value of 26532.963886857.
INFO: Sample L01-0043 1.1 has a new calculated value of 13455.9001587331.
INFO: Sample L01-0043 1.1 has a new calculated value of 0.
INFO: Sample L01-0043 1.1 has a new calculated value of 16820.5496482551.
INFO: Sample O01-0032 1.1 has a new calculated value of 57833.2673013211.
INFO: Sample O01-0032 1.1 has a new calculated value of 0.
INFO: Sample O01-0032 1.1 has a new calculated value of 49153.1907767056.
INFO: Sample N02-0041 1.1 has a new calculated value of 63298.4375953676.
INFO: Sample N02-0041 1.1 has a new calculated value of 2342.68280211836.
INFO: Sample N02-0041 1.1 has a new calculated value of 58606.3901335002.
INFO: Sample A04-0022 1.1 has a new calculated value of 318312.243819237.
INFO: Sample A04-0022 1.1 has a new calculated value of 28139.8606672883.
INFO: Sample A04-0022 1.1 has a new calculated value of 437013.275027274.
INFO: Sample C01-0086 1.1 has a new calculated value of 9300.98019540308.
INFO: Sample C01-0086 1.1 has a new calculated value of 6200.42360387742.
INFO: Sample C01-0086 1.1 has a new calculated value of 6200.42360387742.
INFO: Sample L01-0044 1.1 has a new calculated value of 91410.6407761574.
INFO: Sample L01-0044 1.1 has a new calculated value of 8561.28363870083.
INFO: Sample L01-0044 1.1 has a new calculated value of 77114.5847439766.
INFO: Sample H01-0133 1.1 has a new calculated value of 0.
INFO: Sample H01-0133 1.1 has a new calculated value of 0.
INFO: Sample H01-0133 1.1 has a new calculated value of 0.
INFO: Sample L01-0028 1.1 has a new calculated value of 99230.8062314986.
INFO: Sample L01-0028 1.1 has a new calculated value of 3303.91131341457.
INFO: Sample L01-0028 1.1 has a new calculated value of 89297.1459031105.
INFO: Sample A04-0021 1.1 has a new calculated value of 108137.990534305.
INFO: Sample A04-0021 1.1 has a new calculated value of 13848.262745887.
INFO: Sample A04-0021 1.1 has a new calculated value of 30472.2202196717.
INFO: Sample M03-0013 1.1 has a new calculated value of 0.
INFO: Sample M03-0013 1.1 has a new calculated value of 0.
INFO: Sample M03-0013 1.1 has a new calculated value of 11341.2979245186.
INFO: Sample K01-0036 1.1 has a new calculated value of 87898.0614244937.
INFO: Sample K01-0036 1.1 has a new calculated value of 0.
INFO: Sample K01-0036 1.1 has a new calculated value of 93575.242012739.
INFO: Sample D01-0071 1.1 has a new calculated value of 196739.981174469.
INFO: Sample D01-0071 1.1 has a new calculated value of 22366.8588325381.
INFO: Sample D01-0071 1.1 has a new calculated value of 166795.864999294.
INFO: Sample L01-0045 1.1 has a new calculated value of 170291.465520859.
INFO: Sample L01-0045 1.1 has a new calculated value of 0.
INFO: Sample L01-0045 1.1 has a new calculated value of 136177.768260241.
INFO: Sample N02-0047 1.1 has a new calculated value of 0.
INFO: Sample N02-0047 1.1 has a new calculated value of 0.
INFO: Sample N02-0047 1.1 has a new calculated value of 0.
INFO: Sample D01-0056 1.1 has a new calculated value of 278505.304455757.
INFO: Sample D01-0056 1.1 has a new calculated value of 15597.3965115845.
INFO: Sample D01-0056 1.1 has a new calculated value of 375948.976278306.
INFO: Sample O01-0048 1.1 has a new calculated value of 65791.5864139796.
INFO: Sample O01-0048 1.1 has a new calculated value of 2528.53712998331.
INFO: Sample O01-0048 1.1 has a new calculated value of 43005.8860033751.
INFO: Sample M03-0020 1.1 has a new calculated value of 11695.7617923617.
INFO: Sample M03-0020 1.1 has a new calculated value of 2338.89144379646.
INFO: Sample M03-0020 1.1 has a new calculated value of 21054.723970592.
INFO: Sample M04-0002 1.1 has a new calculated value of 28422.786667943.
INFO: Sample M04-0002 1.1 has a new calculated value of 4735.79247482119.
INFO: Sample M04-0002 1.1 has a new calculated value of 16577.6160545647.
INFO: Sample O01-0028 1.1 has a new calculated value of 29592.0560136437.
INFO: Sample O01-0028 1.1 has a new calculated value of 0.
INFO: Sample O01-0028 1.1 has a new calculated value of 32283.2770273089.
INFO: Sample P01-0011 1.1 has a new calculated value of 3187.81251087785.
INFO: Sample P01-0011 1.1 has a new calculated value of 0.
INFO: Sample P01-0011 1.1 has a new calculated value of 6375.86709111928.
INFO: Sample A01-0186 1.1 has a new calculated value of 59643.1986987592.
INFO: Sample A01-0186 1.1 has a new calculated value of 27325.9300366044.
INFO: Sample A01-0186 1.1 has a new calculated value of 49696.7681497334.
INFO: Sample A04-0023 1.1 has a new calculated value of 167733.854055405.
INFO: Sample A04-0023 1.1 has a new calculated value of 37816.7554736137.
INFO: Sample A04-0023 1.1 has a new calculated value of 151472.177803517.
INFO: Sample A01-0187 1.1 has a new calculated value of 72937.6141726971.
INFO: Sample A01-0187 1.1 has a new calculated value of 13666.1374010146.
INFO: Sample A01-0187 1.1 has a new calculated value of 75218.9607918261.
INFO: Sample A04-0025 1.1 has a new calculated value of 172025.684416294.
INFO: Sample A04-0025 1.1 has a new calculated value of 49414.5449995995.
INFO: Sample A04-0025 1.1 has a new calculated value of 150778.857171535.
INFO: Sample M04-0020 1.1 has a new calculated value of 0.
INFO: Sample M04-0020 1.1 has a new calculated value of 0.
INFO: Sample M04-0020 1.1 has a new calculated value of 0.
INFO: Sample L01-0040 1.1 has a new calculated value of 227525.054812431.
INFO: Sample L01-0040 1.1 has a new calculated value of 6982.384622097.
INFO: Sample L01-0040 1.1 has a new calculated value of 206470.931768417.
INFO: Sample A01-0183 1.1 has a new calculated value of 182089.450657368.
INFO: Sample A01-0183 1.1 has a new calculated value of 18987.3050898313.
INFO: Sample A01-0183 1.1 has a new calculated value of 192985.544800758.
INFO: Sample K01-0037 1.1 has a new calculated value of 32322.6982355118.
INFO: Sample K01-0037 1.1 has a new calculated value of 0.
INFO: Sample K01-0037 1.1 has a new calculated value of 78155.8991968631.
INFO: Sample C01-0083 1.1 has a new calculated value of 60159.1292023658.
INFO: Sample C01-0083 1.1 has a new calculated value of 21866.057664156.
INFO: Sample C01-0083 1.1 has a new calculated value of 38273.090198636.
INFO: Sample C01-0087 1.1 has a new calculated value of 0.
INFO: Sample C01-0087 1.1 has a new calculated value of 0.
INFO: Sample C01-0087 1.1 has a new calculated value of 0.
INFO: Sample B01-0122 1.1 has a new calculated value of 34795.9867492318.
INFO: Sample B01-0122 1.1 has a new calculated value of 0.
INFO: Sample B01-0122 1.1 has a new calculated value of 26094.2832380533.
INFO: Sample P01-0007 1.1 has a new calculated value of 3095.28945945203.
INFO: Sample P01-0007 1.1 has a new calculated value of 0.
INFO: Sample P01-0007 1.1 has a new calculated value of 12382.5285024941.
INFO: Sample A01-0184 1.1 has a new calculated value of 270845.176577568.
INFO: Sample A01-0184 1.1 has a new calculated value of 63408.698067069.
INFO: Sample A01-0184 1.1 has a new calculated value of 232045.687437057.
INFO: Sample A04-0024 1.1 has a new calculated value of 36269.2994624377.
INFO: Sample A04-0024 1.1 has a new calculated value of 5179.40687946977.
INFO: Sample A04-0024 1.1 has a new calculated value of 36269.2994624377.
INFO: Sample C01-0084 1.1 has a new calculated value of 0.
INFO: Sample C01-0084 1.1 has a new calculated value of 8520.09468711914.
INFO: Sample C01-0084 1.1 has a new calculated value of 5679.87042479218.
INFO: Sample M03-0025 1.1 has a new calculated value of 50966.3412719964.
INFO: Sample M03-0025 1.1 has a new calculated value of 8043.19786839186.
INFO: Sample M03-0025 1.1 has a new calculated value of 37548.1391698124.
INFO: Sample L01-0034 1.1 has a new calculated value of 81690.5280947686.
INFO: Sample L01-0034 1.1 has a new calculated value of 12092.2565460205.
INFO: Sample L01-0034 1.1 has a new calculated value of 36287.2465699911.
INFO: Sample A01-0188 1.1 has a new calculated value of 58926.0915666818.
INFO: Sample A01-0188 1.1 has a new calculated value of 94321.5461075305.
INFO: Sample A01-0188 1.1 has a new calculated value of 51850.5866825581.
INFO: Sample B01-0123 1.1 has a new calculated value of 34911.927357316.
INFO: Sample B01-0123 1.1 has a new calculated value of 0.
INFO: Sample B01-0123 1.1 has a new calculated value of 44226.6842722894.
LOW : WaTCH status of B01-0122 1.1 has been changed to Complete.
LOW : WaTCH status of M03-0013 1.1 has been changed to Complete.
LOW : WaTCH status of A01-0186 1.1 has been changed to Complete.
LOW : WaTCH status of K01-0037 1.1 has been changed to Complete.
LOW : WaTCH status of O01-0049 1.1 has been changed to Complete.
LOW : WaTCH status of L01-0044 1.1 has been changed to Complete.
LOW : WaTCH status of O01-0028 1.1 has been changed to Complete.
LOW : WaTCH status of C01-0084 1.1 has been changed to Complete.
LOW : WaTCH status of L01-0045 1.1 has been changed to Complete.
LOW : WaTCH status of L01-0034 1.1 has been changed to Complete.
LOW : WaTCH status of L01-0043 1.1 has been changed to Complete.
LOW : WaTCH status of N02-0047 1.1 has been changed to Complete.
LOW : WaTCH status of M03-0019 1.1 has been changed to Complete.
LOW : WaTCH status of P01-0006 1.1 has been changed to Complete.
LOW : WaTCH status of O01-0032 1.1 has been changed to Complete.
LOW : WaTCH status of C01-0086 1.1 has been changed to Complete.
LOW : WaTCH status of M04-0014 1.1 has been changed to Complete.
LOW : WaTCH status of N02-0036 1.1 has been changed to Complete.
LOW : WaTCH status of A01-0184 1.1 has been changed to Complete.
LOW : WaTCH status of N02-0041 1.1 has been changed to Complete.
LOW : WaTCH status of A04-0023 1.1 has been changed to Complete.
LOW : WaTCH status of M04-0002 1.1 has been changed to Complete.
LOW : WaTCH status of M03-0025 1.1 has been changed to Complete.
LOW : WaTCH status of C01-0083 1.1 has been changed to Complete.
LOW : WaTCH status of C01-0085 1.1 has been changed to Complete.
LOW : WaTCH status of P01-0003 1.1 has been changed to Complete.
LOW : WaTCH status of L01-0040 1.1 has been changed to Complete.
LOW : WaTCH status of A01-0187 1.1 has been changed to Complete.
LOW : WaTCH status of A04-0024 1.1 has been changed to Complete.
LOW : WaTCH status of A04-0021 1.1 has been changed to Complete.
LOW : WaTCH status of O01-0048 1.1 has been changed to Complete.
LOW : WaTCH status of A01-0188 1.1 has been changed to Complete.
LOW : WaTCH status of D01-0056 1.1 has been changed to Complete.
LOW : WaTCH status of A04-0022 1.1 has been changed to Complete.
LOW : WaTCH status of P01-0001 1.1 has been changed to Complete.
LOW : WaTCH status of M03-0020 1.1 has been changed to Complete.
LOW : WaTCH status of N02-0046 1.1 has been changed to Complete.
LOW : WaTCH status of M03-0014 1.1 has been changed to Complete.
LOW : WaTCH status of H01-0131 1.1 has been changed to Complete.
LOW : WaTCH status of B01-0123 1.1 has been changed to Complete.
LOW : WaTCH status of N02-0042 1.1 has been changed to Complete.
LOW : WaTCH status of H01-0133 1.1 has been changed to Complete.
LOW : WaTCH status of A01-0182 1.1 has been changed to Complete.
LOW : WaTCH status of P01-0007 1.1 has been changed to Complete.
LOW : WaTCH status of C01-0087 1.1 has been changed to Complete.
LOW : WaTCH status of M04-0009 1.1 has been changed to Complete.
LOW : WaTCH status of D01-0071 1.1 has been changed to Complete.
LOW : WaTCH status of K01-0036 1.1 has been changed to Complete.
LOW : WaTCH status of A01-0183 1.1 has been changed to Complete.
LOW : WaTCH status of M04-0020 1.1 has been changed to Complete.
LOW : WaTCH status of A04-0025 1.1 has been changed to Complete.
LOW : WaTCH status of P01-0002 1.1 has been changed to Complete.
LOW : WaTCH status of K01-0014 1.1 has been changed to Complete.
LOW : WaTCH status of P01-0011 1.1 has been changed to Complete.
LOW : WaTCH status of L01-0039 1.1 has been changed to Complete.
LOW : WaTCH status of L01-0028 1.1 has been changed to Complete.
#
# WaTCHdb update complete.
# 2022-03-04.14-54-41.
