# WaTCHdb update log.
# Command: 2_updateWaTCH.pl.
# Data output written to updates/watchdb/watchdb.2023-07-12.10-57-21.txt and updates/watchdb.LATEST.txt.
# Fatal errors and system warnings are NOT logged here; see STDERR for those.
#
# Run started 2023-07-12.10-57-21.
#
4 molecular targets added.
INFO: Finished WaTCHdb import. 9194 total assets present.
INFO: Finished AssetTiger import. 81 new assets added. 9275 total assets present.
INFO: Sample A04-0453 1.1 has a new calculated value of 5300.91932974755.
INFO: Sample A04-0453 1.1 has a new calculated value of 50384.066775441.
INFO: Sample A04-0453 1.1 has a new calculated value of 63652.4534225464.
INFO: Sample A01-0605 1.1 has a new calculated value of 9882.85230472684.
INFO: Sample A01-0605 1.1 has a new calculated value of 32127.2399649024.
INFO: Sample A01-0605 1.1 has a new calculated value of 22239.4815087318.
INFO: Sample G01-0351 1.1 has a new calculated value of 2494.15982980281.
INFO: Sample G01-0351 1.1 has a new calculated value of 0.
INFO: Sample G01-0351 1.1 has a new calculated value of 0.
INFO: Sample D01-0263 1.1 has a new calculated value of 7825.70969313384.
INFO: Sample D01-0263 1.1 has a new calculated value of 36531.6771715878.
INFO: Sample D01-0263 1.1 has a new calculated value of 44363.7677282096.
INFO: Sample R01-0264 1.1 has a new calculated value of 6816.27354584634.
INFO: Sample R01-0264 1.1 has a new calculated value of 0.
INFO: Sample R01-0264 1.1 has a new calculated value of 0.
INFO: Sample D01-0259 1.1 has a new calculated value of 8266.49995520712.
INFO: Sample D01-0259 1.1 has a new calculated value of 33075.1559883356.
INFO: Sample D01-0259 1.1 has a new calculated value of 38590.0566726922.
INFO: Sample R02-0324 1.2 has a new calculated value of 0.
INFO: Sample R02-0324 1.2 has a new calculated value of 0.
INFO: Sample R02-0324 1.2 has a new calculated value of 0.
INFO: Sample N02-0323 1.1 has a new calculated value of 2400.37069190293.
INFO: Sample N02-0323 1.1 has a new calculated value of 48031.8617820738.
INFO: Sample N02-0323 1.1 has a new calculated value of 31214.8508056998.
INFO: Sample A04-0452 1.1 has a new calculated value of 6848.56751002373.
INFO: Sample A04-0452 1.1 has a new calculated value of 98262.9619538784.
INFO: Sample A04-0452 1.1 has a new calculated value of 61674.82316494.
INFO: Sample R02-0308 1.1 has a new calculated value of 4826.72561891378.
INFO: Sample R02-0308 1.1 has a new calculated value of 0.
INFO: Sample R02-0308 1.1 has a new calculated value of 4826.72561891378.
INFO: Sample T01-0174 1.1 has a new calculated value of 12754.0402114391.
INFO: Sample T01-0174 1.1 has a new calculated value of 6376.56622566284.
INFO: Sample T01-0174 1.1 has a new calculated value of 3188.1697755307.
INFO: Sample C01-0455 1.1 has a new calculated value of 0.
INFO: Sample C01-0455 1.1 has a new calculated value of 2320.08700724691.
INFO: Sample C01-0455 1.1 has a new calculated value of 0.
INFO: Sample R02-0304 1.1 has a new calculated value of 0.
INFO: Sample R02-0304 1.1 has a new calculated value of 0.
INFO: Sample R02-0304 1.1 has a new calculated value of 4285.29395721851.
INFO: Sample C01-0452 1.1 has a new calculated value of 2338.12409453094.
INFO: Sample C01-0452 1.1 has a new calculated value of 2338.12409453094.
INFO: Sample C01-0452 1.1 has a new calculated value of 2338.12409453094.
INFO: Sample E01-0290 1.1 has a new calculated value of 5954.20137047767.
INFO: Sample E01-0290 1.1 has a new calculated value of 8931.59827217459.
INFO: Sample E01-0290 1.1 has a new calculated value of 17864.9780899286.
INFO: Sample G01-0367 1.1 has a new calculated value of 7463.37060816585.
INFO: Sample G01-0367 1.1 has a new calculated value of 0.
INFO: Sample G01-0367 1.1 has a new calculated value of 4975.44220648704.
INFO: Sample C01-0451 1.1 has a new calculated value of 4620.43846026065.
INFO: Sample C01-0451 1.1 has a new calculated value of 6930.83605729044.
INFO: Sample C01-0451 1.1 has a new calculated value of 0.
INFO: Sample E01-0291 1.1 has a new calculated value of 2974.63035676628.
INFO: Sample E01-0291 1.1 has a new calculated value of 32731.7997068167.
INFO: Sample E01-0291 1.1 has a new calculated value of 35708.6031138898.
INFO: Sample A04-0455 1.1 has a new calculated value of 10121.1334951222.
INFO: Sample A04-0455 1.1 has a new calculated value of 48095.7553535701.
INFO: Sample A04-0455 1.1 has a new calculated value of 50628.5440921782.
INFO: Sample A01-0603 1.1 has a new calculated value of 26615.692153573.
INFO: Sample A01-0603 1.1 has a new calculated value of 30419.2240163684.
INFO: Sample A01-0603 1.1 has a new calculated value of 68472.3177552225.
INFO: Sample C01-0453 1.1 has a new calculated value of 4726.93252377212.
INFO: Sample C01-0453 1.1 has a new calculated value of 2363.40388655663.
INFO: Sample C01-0453 1.1 has a new calculated value of 0.
INFO: Sample A01-0607 1.1 has a new calculated value of 76937.0926916598.
INFO: Sample A01-0607 1.1 has a new calculated value of 24876.9610002637.
INFO: Sample A01-0607 1.1 has a new calculated value of 33926.5542849898.
INFO: Sample N02-0315 1.1 has a new calculated value of 0.
INFO: Sample N02-0315 1.1 has a new calculated value of 20990.1381656528.
INFO: Sample N02-0315 1.1 has a new calculated value of 23614.5968735218.
INFO: Sample G01-0363 1.1 has a new calculated value of 0.
INFO: Sample G01-0363 1.1 has a new calculated value of 5146.88093215226.
INFO: Sample G01-0363 1.1 has a new calculated value of 7720.54329514503.
INFO: Sample A01-0604 1.1 has a new calculated value of 18743.3437630534.
INFO: Sample A01-0604 1.1 has a new calculated value of 53573.2287168502.
INFO: Sample A01-0604 1.1 has a new calculated value of 61614.7347539662.
INFO: Sample R02-0309 1.1 has a new calculated value of 0.
INFO: Sample R02-0309 1.1 has a new calculated value of 2179.37994282693.
INFO: Sample R02-0309 1.1 has a new calculated value of 0.
INFO: Sample R01-0290 1.1 has a new calculated value of 17824.2042660713.
INFO: Sample R01-0290 1.1 has a new calculated value of 0.
INFO: Sample R01-0290 1.1 has a new calculated value of 0.
INFO: Sample A01-0608 1.1 has a new calculated value of 53165.7962501049.
INFO: Sample A01-0608 1.1 has a new calculated value of 10628.1148642302.
INFO: Sample A01-0608 1.1 has a new calculated value of 23385.1809427142.
INFO: Sample R02-0325 1.1 has a new calculated value of 0.
INFO: Sample R02-0325 1.1 has a new calculated value of 2645.53068671376.
INFO: Sample R02-0325 1.1 has a new calculated value of 0.
INFO: Sample T01-0175 1.1 has a new calculated value of 4617.58140474557.
INFO: Sample T01-0175 1.1 has a new calculated value of 9235.63951626421.
INFO: Sample T01-0175 1.1 has a new calculated value of 13854.1722111404.
INFO: Sample N02-0326 1.1 has a new calculated value of 2149.79107724503.
INFO: Sample N02-0326 1.1 has a new calculated value of 6449.68285225332.
INFO: Sample N02-0326 1.1 has a new calculated value of 0.
INFO: Sample G01-0356 1.1 has a new calculated value of 7038.98001462221.
INFO: Sample G01-0356 1.1 has a new calculated value of 11732.2473786771.
INFO: Sample G01-0356 1.1 has a new calculated value of 2346.20369039476.
INFO: Sample C01-0454 1.1 has a new calculated value of 2212.0854514651.
INFO: Sample C01-0454 1.1 has a new calculated value of 11061.5188255906.
INFO: Sample C01-0454 1.1 has a new calculated value of 6636.58375851809.
INFO: Sample D01-0264 1.1 has a new calculated value of 13396.9095535576.
INFO: Sample D01-0264 1.1 has a new calculated value of 26797.8238686919.
INFO: Sample D01-0264 1.1 has a new calculated value of 53611.6837710144.
INFO: Sample A01-0606 1.1 has a new calculated value of 11577.0586207509.
INFO: Sample A01-0606 1.1 has a new calculated value of 18524.7296467423.
INFO: Sample A01-0606 1.1 has a new calculated value of 25473.4772443771.
INFO: Sample T01-0172 1.1 has a new calculated value of 14517.3138007522.
INFO: Sample T01-0172 1.1 has a new calculated value of 21777.7363210917.
INFO: Sample T01-0172 1.1 has a new calculated value of 72633.6514949798.
INFO: Sample T01-0171 1.1 has a new calculated value of 7378.98076884447.
INFO: Sample T01-0171 1.1 has a new calculated value of 9838.9103449881.
INFO: Sample T01-0171 1.1 has a new calculated value of 7378.98076884447.
INFO: Sample R02-0311 1.1 has a new calculated value of 2472.55328111351.
INFO: Sample R02-0311 1.1 has a new calculated value of 2472.55328111351.
INFO: Sample R02-0311 1.1 has a new calculated value of 2472.55328111351.
INFO: Sample A04-0454 1.1 has a new calculated value of 19470.484033227.
INFO: Sample A04-0454 1.1 has a new calculated value of 17306.6790774464.
INFO: Sample A04-0454 1.1 has a new calculated value of 6489.22137916088.
INFO: Sample G01-0358 1.1 has a new calculated value of 7604.37601245939.
INFO: Sample G01-0358 1.1 has a new calculated value of 10139.4543237984.
INFO: Sample G01-0358 1.1 has a new calculated value of 5069.44050081074.
INFO: Sample T01-0173 1.1 has a new calculated value of 0.
INFO: Sample T01-0173 1.1 has a new calculated value of 2785.99382378161.
INFO: Sample T01-0173 1.1 has a new calculated value of 2785.99382378161.
LOW : WaTCH status of R02-0325 1.1 has been changed to Complete.
LOW : WaTCH status of A01-0604 1.1 has been changed to Complete.
LOW : WaTCH status of G01-0356 1.1 has been changed to Complete.
LOW : WaTCH status of R02-0309 1.1 has been changed to Complete.
LOW : WaTCH status of D01-0263 1.1 has been changed to Complete.
LOW : WaTCH status of A01-0608 1.1 has been changed to Complete.
LOW : WaTCH status of A01-0607 1.1 has been changed to Complete.
LOW : WaTCH status of R02-0304 1.1 has been changed to Complete.
LOW : WaTCH status of T01-0171 1.1 has been changed to Complete.
LOW : WaTCH status of C01-0451 1.1 has been changed to Complete.
LOW : WaTCH status of R02-0308 1.1 has been changed to Complete.
LOW : WaTCH status of N02-0315 1.1 has been changed to Complete.
LOW : WaTCH status of A01-0603 1.1 has been changed to Complete.
LOW : WaTCH status of G01-0358 1.1 has been changed to Complete.
LOW : WaTCH status of N02-0323 1.1 has been changed to Complete.
LOW : WaTCH status of A01-0605 1.1 has been changed to Complete.
LOW : WaTCH status of N02-0326 1.1 has been changed to Complete.
LOW : WaTCH status of R01-0264 1.1 has been changed to Complete.
LOW : WaTCH status of D01-0264 1.1 has been changed to Complete.
LOW : WaTCH status of A01-0606 1.1 has been changed to Complete.
LOW : WaTCH status of T01-0172 1.1 has been changed to Complete.
LOW : WaTCH status of D01-0259 1.1 has been changed to Complete.
LOW : WaTCH status of C01-0452 1.1 has been changed to Complete.
LOW : WaTCH status of A04-0452 1.1 has been changed to Complete.
LOW : WaTCH status of C01-0455 1.1 has been changed to Complete.
LOW : WaTCH status of T01-0175 1.1 has been changed to Complete.
LOW : WaTCH status of G01-0363 1.1 has been changed to Complete.
LOW : WaTCH status of E01-0291 1.1 has been changed to Complete.
LOW : WaTCH status of A04-0453 1.1 has been changed to Complete.
LOW : WaTCH status of T01-0173 1.1 has been changed to Complete.
LOW : WaTCH status of C01-0453 1.1 has been changed to Complete.
LOW : WaTCH status of E01-0290 1.1 has been changed to Complete.
LOW : WaTCH status of A04-0455 1.1 has been changed to Complete.
LOW : WaTCH status of R02-0311 1.1 has been changed to Complete.
LOW : WaTCH status of A04-0454 1.1 has been changed to Complete.
LOW : WaTCH status of C01-0454 1.1 has been changed to Complete.
LOW : WaTCH status of T01-0174 1.1 has been changed to Complete.
LOW : WaTCH status of G01-0367 1.1 has been changed to Complete.
LOW : WaTCH status of G01-0351 1.1 has been changed to Complete.
LOW : WaTCH status of R01-0290 1.1 has been changed to Complete.
#
# WaTCHdb update complete.
# 2023-07-12.10-57-22.
