# WaTCHdb update log.
# Command: 2_updateWaTCH.pl.
# Data output written to updates/watchdb/watchdb.2023-01-20.17-03-31.txt and updates/watchdb.LATEST.txt.
# Fatal errors and system warnings are NOT logged here; see STDERR for those.
#
# Run started 2023-01-20.17-03-31.
#
4 molecular targets added.
INFO: Finished WaTCHdb import. 6713 total assets present.
INFO: Finished AssetTiger import. 15 new assets added. 6728 total assets present.
INFO: Sample R01-0197 1.1 has a new calculated value of 11183.9262954891.
INFO: Sample R01-0197 1.1 has a new calculated value of 42514.8079544304.
INFO: Sample R01-0197 1.1 has a new calculated value of 2236.54653411359.
INFO: Sample E02-0238 1.1 has a new calculated value of 386080.623865127.
INFO: Sample E02-0238 1.1 has a new calculated value of 19997.662268579.
INFO: Sample E02-0238 1.1 has a new calculated value of 417480.230927468.
INFO: Sample A02-0949 1.1 has a new calculated value of 32677.4254068732.
INFO: Sample A02-0949 1.1 has a new calculated value of 17820.8917379379.
INFO: Sample A02-0949 1.1 has a new calculated value of 32677.4254068732.
INFO: Sample R01-0201 1.1 has a new calculated value of 2474.93362985551.
INFO: Sample R01-0201 1.1 has a new calculated value of 47048.7501472236.
INFO: Sample R01-0201 1.1 has a new calculated value of 12376.1295899749.
INFO: Sample A02-0944 1.1 has a new calculated value of 20273.8910168409.
INFO: Sample A02-0944 1.1 has a new calculated value of 78898.0668783189.
INFO: Sample A02-0944 1.1 has a new calculated value of 13514.8376785219.
INFO: Sample N03-0249 1.1 has a new calculated value of 40942.7882730961.
INFO: Sample N03-0249 1.1 has a new calculated value of 0.
INFO: Sample N03-0249 1.1 has a new calculated value of 31840.9334868193.
INFO: Sample N03-0244 1.1 has a new calculated value of 135410.230010748.
INFO: Sample N03-0244 1.1 has a new calculated value of 2330.95650561154.
INFO: Sample N03-0244 1.1 has a new calculated value of 151782.468259334.
INFO: Sample A04-0249 1.1 has a new calculated value of 511324.968338012.
INFO: Sample A04-0249 1.1 has a new calculated value of 10165.6031236053.
INFO: Sample A04-0249 1.1 has a new calculated value of 515440.82701206.
INFO: Sample K01-0215 1.1 has a new calculated value of 80513.3065581321.
INFO: Sample K01-0215 1.1 has a new calculated value of 0.
INFO: Sample K01-0215 1.1 has a new calculated value of 89724.6828675271.
INFO: Sample K01-0190 1.1 has a new calculated value of 279132.91811943.
INFO: Sample K01-0190 1.1 has a new calculated value of 6786.04831919074.
INFO: Sample K01-0190 1.1 has a new calculated value of 267749.712467194.
INFO: Sample N03-0250 1.1 has a new calculated value of 32373.2270300388.
INFO: Sample N03-0250 1.1 has a new calculated value of 0.
INFO: Sample N03-0250 1.1 has a new calculated value of 41627.3137181997.
INFO: Sample C01-0334 1.1 has a new calculated value of 26009.3890875578.
INFO: Sample C01-0334 1.1 has a new calculated value of 0.
INFO: Sample C01-0334 1.1 has a new calculated value of 23644.2312598229.
INFO: Sample A02-0950 1.1 has a new calculated value of 155190.974771976.
INFO: Sample A02-0950 1.1 has a new calculated value of 38012.5556141138.
INFO: Sample A02-0950 1.1 has a new calculated value of 169861.346483231.
INFO: Sample E02-0236 1.1 has a new calculated value of 126813.302189112.
INFO: Sample E02-0236 1.1 has a new calculated value of 4689.95324335994.
INFO: Sample E02-0236 1.1 has a new calculated value of 133869.751542807.
INFO: Sample R01-0200 1.1 has a new calculated value of 73196.7133283614.
INFO: Sample R01-0200 1.1 has a new calculated value of 48783.6060673.
INFO: Sample R01-0200 1.1 has a new calculated value of 48783.6060673.
INFO: Sample K01-0187 1.1 has a new calculated value of 258173.567354679.
INFO: Sample K01-0187 1.1 has a new calculated value of 0.
INFO: Sample K01-0187 1.1 has a new calculated value of 256101.861298084.
INFO: Sample N02-0227 1.1 has a new calculated value of 73184.3720376492.
INFO: Sample N02-0227 1.1 has a new calculated value of 0.
INFO: Sample N02-0227 1.1 has a new calculated value of 59452.5627046823.
INFO: Sample A01-0463 1.1 has a new calculated value of 228858.050107956.
INFO: Sample A01-0463 1.1 has a new calculated value of 19851.1657118797.
INFO: Sample A01-0463 1.1 has a new calculated value of 230853.60199213.
INFO: Sample M03-0195 1.1 has a new calculated value of 28810.9958544374.
INFO: Sample M03-0195 1.1 has a new calculated value of 2057.27160908282.
INFO: Sample M03-0195 1.1 has a new calculated value of 20577.261261642.
INFO: Sample N02-0248 1.1 has a new calculated value of 33704.6786025167.
INFO: Sample N02-0248 1.1 has a new calculated value of 2246.1353475228.
INFO: Sample N02-0248 1.1 has a new calculated value of 35952.6175260545.
INFO: Sample K01-0180 1.1 has a new calculated value of 145765.711069107.
INFO: Sample K01-0180 1.1 has a new calculated value of 6236.71489767729.
INFO: Sample K01-0180 1.1 has a new calculated value of 152024.146914482.
INFO: Sample O01-0251 1.1 has a new calculated value of 4708.39351415633.
INFO: Sample O01-0251 1.1 has a new calculated value of 0.
INFO: Sample O01-0251 1.1 has a new calculated value of 2354.13066577166.
INFO: Sample D01-0205 1.1 has a new calculated value of 140417.464524508.
INFO: Sample D01-0205 1.1 has a new calculated value of 16825.2763710916.
INFO: Sample D01-0205 1.1 has a new calculated value of 255911.858081818.
INFO: Sample M04-0156 1.1 has a new calculated value of 2046.62281321362.
INFO: Sample M04-0156 1.1 has a new calculated value of 0.
INFO: Sample M04-0156 1.1 has a new calculated value of 0.
INFO: Sample O01-0237 1.1 has a new calculated value of 2552.40485072136.
INFO: Sample O01-0237 1.1 has a new calculated value of 2552.40485072136.
INFO: Sample O01-0237 1.1 has a new calculated value of 7657.68117271363.
INFO: Sample A02-0945 1.1 has a new calculated value of 29636.0786631703.
INFO: Sample A02-0945 1.1 has a new calculated value of 31753.7439242005.
INFO: Sample A02-0945 1.1 has a new calculated value of 46580.3968906404.
INFO: Sample K01-0188 1.1 has a new calculated value of 513518.201708793.
INFO: Sample K01-0188 1.1 has a new calculated value of 9631.01416826247.
INFO: Sample K01-0188 1.1 has a new calculated value of 613560.866117477.
INFO: Sample N03-0245 1.1 has a new calculated value of 105084.094405174.
INFO: Sample N03-0245 1.1 has a new calculated value of 2233.09094086289.
INFO: Sample N03-0245 1.1 has a new calculated value of 107322.794348001.
INFO: Sample N03-0231 1.1 has a new calculated value of 62140.7175064088.
INFO: Sample N03-0231 1.1 has a new calculated value of 2141.25030208379.
INFO: Sample N03-0231 1.1 has a new calculated value of 53564.1065239907.
INFO: Sample L01-0310 1.1 has a new calculated value of 18395.4624831677.
INFO: Sample L01-0310 1.1 has a new calculated value of 0.
INFO: Sample L01-0310 1.1 has a new calculated value of 25295.8450466394.
INFO: Sample D01-0238 1.1 has a new calculated value of 278248.863816261.
INFO: Sample D01-0238 1.1 has a new calculated value of 40803.2798767092.
INFO: Sample D01-0238 1.1 has a new calculated value of 508790.255784988.
INFO: Sample L01-0309 1.1 has a new calculated value of 13431.8227507174.
INFO: Sample L01-0309 1.1 has a new calculated value of 2238.3381659165.
INFO: Sample L01-0309 1.1 has a new calculated value of 15670.8783656359.
INFO: Sample A01-0460 1.1 has a new calculated value of 241752.821803093.
INFO: Sample A01-0460 1.1 has a new calculated value of 22102.7123183012.
INFO: Sample A01-0460 1.1 has a new calculated value of 213476.368188858.
INFO: Sample R02-0194 1.1 has a new calculated value of 52046.0385829212.
INFO: Sample R02-0194 1.1 has a new calculated value of 2261.52798626572.
INFO: Sample R02-0194 1.1 has a new calculated value of 47517.727687955.
INFO: Sample C01-0332 1.1 has a new calculated value of 390429.276823999.
INFO: Sample C01-0332 1.1 has a new calculated value of 28132.9935416579.
INFO: Sample C01-0332 1.1 has a new calculated value of 336271.378397942.
INFO: Sample O01-0233 1.1 has a new calculated value of 8729.79895211757.
INFO: Sample O01-0233 1.1 has a new calculated value of 8729.79895211757.
INFO: Sample O01-0233 1.1 has a new calculated value of 17461.4166095853.
INFO: Sample C01-0335 1.1 has a new calculated value of 129822.351783514.
INFO: Sample C01-0335 1.1 has a new calculated value of 7337.7079423517.
INFO: Sample C01-0335 1.1 has a new calculated value of 90588.3099138735.
INFO: Sample J01-0208 1.1 has a new calculated value of 19662.0139852166.
INFO: Sample J01-0208 1.1 has a new calculated value of 0.
INFO: Sample J01-0208 1.1 has a new calculated value of 13106.9826520979.
INFO: Sample A02-0892 1.1 has a new calculated value of 159814.295768738.
INFO: Sample A02-0892 1.1 has a new calculated value of 12431.1918765307.
INFO: Sample A02-0892 1.1 has a new calculated value of 136946.334242821.
INFO: Sample K01-0200 1.1 has a new calculated value of 121590.447574854.
INFO: Sample K01-0200 1.1 has a new calculated value of 0.
INFO: Sample K01-0200 1.1 has a new calculated value of 117241.854071617.
INFO: Sample E02-0237 1.1 has a new calculated value of 224021.130502224.
INFO: Sample E02-0237 1.1 has a new calculated value of 7448.11121374368.
INFO: Sample E02-0237 1.1 has a new calculated value of 211544.060111046.
INFO: Sample A01-0461 1.1 has a new calculated value of 101593.131422996.
INFO: Sample A01-0461 1.1 has a new calculated value of 6918.98739896714.
INFO: Sample A01-0461 1.1 has a new calculated value of 120091.095417738.
INFO: Sample N03-0242 1.1 has a new calculated value of 49671.1087971926.
INFO: Sample N03-0242 1.1 has a new calculated value of 0.
INFO: Sample N03-0242 1.1 has a new calculated value of 59138.9469802381.
INFO: Sample R01-0198 1.1 has a new calculated value of 9674.36369508505.
INFO: Sample R01-0198 1.1 has a new calculated value of 26609.8761186004.
INFO: Sample R01-0198 1.1 has a new calculated value of 9674.36369508505.
INFO: Sample A02-0942 1.1 has a new calculated value of 433890.359401703.
INFO: Sample A02-0942 1.1 has a new calculated value of 33217.1721383929.
INFO: Sample A02-0942 1.1 has a new calculated value of 492643.193006514.
INFO: Sample O01-0252 1.1 has a new calculated value of 27372.4370822311.
INFO: Sample O01-0252 1.1 has a new calculated value of 0.
INFO: Sample O01-0252 1.1 has a new calculated value of 22809.1238066554.
INFO: Sample M04-0170 1.1 has a new calculated value of 0.
INFO: Sample M04-0170 1.1 has a new calculated value of 2215.50229238346.
INFO: Sample M04-0170 1.1 has a new calculated value of 2215.50229238346.
INFO: Sample A02-0948 1.1 has a new calculated value of 55003.6633014681.
INFO: Sample A02-0948 1.1 has a new calculated value of 26474.2344617844.
INFO: Sample A02-0948 1.1 has a new calculated value of 48888.5749876498.
INFO: Sample E01-0217 1.1 has a new calculated value of 333296.082615852.
INFO: Sample E01-0217 1.1 has a new calculated value of 2243.12991835177.
INFO: Sample E01-0217 1.1 has a new calculated value of 335557.129383087.
INFO: Sample N02-0231 1.1 has a new calculated value of 32860.8056902885.
INFO: Sample N02-0231 1.1 has a new calculated value of 0.
INFO: Sample N02-0231 1.1 has a new calculated value of 48204.6695798637.
INFO: Sample A02-0940 1.1 has a new calculated value of 33719.9310958385.
INFO: Sample A02-0940 1.1 has a new calculated value of 44262.9776895047.
INFO: Sample A02-0940 1.1 has a new calculated value of 29503.4543797374.
INFO: Sample C01-0331 1.1 has a new calculated value of 120551.664233208.
INFO: Sample C01-0331 1.1 has a new calculated value of 20067.879371345.
INFO: Sample C01-0331 1.1 has a new calculated value of 150743.82930994.
INFO: Sample A02-0890 1.1 has a new calculated value of 47647.3154872656.
INFO: Sample A02-0890 1.1 has a new calculated value of 56587.221622467.
INFO: Sample A02-0890 1.1 has a new calculated value of 59567.6093548535.
INFO: Sample A04-0246 1.1 has a new calculated value of 332156.23319149.
INFO: Sample A04-0246 1.1 has a new calculated value of 29512.3599842191.
INFO: Sample A04-0246 1.1 has a new calculated value of 279088.598191738.
INFO: Sample D01-0228 1.1 has a new calculated value of 32217.102907598.
INFO: Sample D01-0228 1.1 has a new calculated value of 8051.9543029368.
INFO: Sample D01-0228 1.1 has a new calculated value of 242234.106659889.
INFO: Sample A02-0946 1.1 has a new calculated value of 46170.4927682878.
INFO: Sample A02-0946 1.1 has a new calculated value of 4012.80719786884.
INFO: Sample A02-0946 1.1 has a new calculated value of 38137.1873617173.
INFO: Sample L01-0307 1.1 has a new calculated value of 20718.1987166405.
INFO: Sample L01-0307 1.1 has a new calculated value of 0.
INFO: Sample L01-0307 1.1 has a new calculated value of 23020.8538100123.
INFO: Sample M04-0171 1.1 has a new calculated value of 2220.07918171584.
INFO: Sample M04-0171 1.1 has a new calculated value of 0.
INFO: Sample M04-0171 1.1 has a new calculated value of 2220.07918171584.
INFO: Sample M04-0162 1.1 has a new calculated value of 19260.429404676.
INFO: Sample M04-0162 1.1 has a new calculated value of 2139.61062720045.
INFO: Sample M04-0162 1.1 has a new calculated value of 19260.429404676.
INFO: Sample A04-0248 1.1 has a new calculated value of 1009399.2125988.
INFO: Sample A04-0248 1.1 has a new calculated value of 12788.3747778833.
INFO: Sample A04-0248 1.1 has a new calculated value of 987574.714422225.
INFO: Sample A01-0462 1.1 has a new calculated value of 140661.793202162.
INFO: Sample A01-0462 1.1 has a new calculated value of 15125.5311258137.
INFO: Sample A01-0462 1.1 has a new calculated value of 138494.185209274.
INFO: Sample A02-0891 1.1 has a new calculated value of 25921.3098138571.
INFO: Sample A02-0891 1.1 has a new calculated value of 17943.8141360879.
INFO: Sample A02-0891 1.1 has a new calculated value of 29910.6277897954.
INFO: Sample A02-0941 1.1 has a new calculated value of 172717.951834202.
INFO: Sample A02-0941 1.1 has a new calculated value of 70280.6735783814.
INFO: Sample A02-0941 1.1 has a new calculated value of 155627.6679039.
INFO: Sample O01-0247 1.1 has a new calculated value of 11378.2453536987.
INFO: Sample O01-0247 1.1 has a new calculated value of 2275.40185209364.
INFO: Sample O01-0247 1.1 has a new calculated value of 6826.57635770737.
INFO: Sample N02-0249 1.1 has a new calculated value of 46142.6080763338.
INFO: Sample N02-0249 1.1 has a new calculated value of 0.
INFO: Sample N02-0249 1.1 has a new calculated value of 50539.7895723581.
INFO: Sample J01-0211 1.1 has a new calculated value of 37396.1790651083.
INFO: Sample J01-0211 1.1 has a new calculated value of 0.
INFO: Sample J01-0211 1.1 has a new calculated value of 49089.3311798573.
INFO: Sample L01-0314 1.1 has a new calculated value of 151318.782269955.
INFO: Sample L01-0314 1.1 has a new calculated value of 4647.82521128654.
INFO: Sample L01-0314 1.1 has a new calculated value of 123341.857641935.
INFO: Sample C01-0333 1.1 has a new calculated value of 163646.126389504.
INFO: Sample C01-0333 1.1 has a new calculated value of 22463.489100337.
INFO: Sample C01-0333 1.1 has a new calculated value of 177995.607554913.
INFO: Sample A04-0247 1.1 has a new calculated value of 876638.724803925.
INFO: Sample A04-0247 1.1 has a new calculated value of 100675.926357508.
INFO: Sample A04-0247 1.1 has a new calculated value of 820302.915573121.
INFO: Sample L01-0308 1.1 has a new calculated value of 6745.99858000874.
INFO: Sample L01-0308 1.1 has a new calculated value of 0.
INFO: Sample L01-0308 1.1 has a new calculated value of 8994.90578100086.
INFO: Sample R02-0190 1.1 has a new calculated value of 151485.869586468.
INFO: Sample R02-0190 1.1 has a new calculated value of 2160.23323824629.
INFO: Sample R02-0190 1.1 has a new calculated value of 136312.613636255.
INFO: Sample E02-0235 1.1 has a new calculated value of 279214.457273483.
INFO: Sample E02-0235 1.1 has a new calculated value of 4562.32110969721.
INFO: Sample E02-0235 1.1 has a new calculated value of 226433.17759037.
INFO: Sample E01-0216 1.1 has a new calculated value of 396242.474913596.
INFO: Sample E01-0216 1.1 has a new calculated value of 0.
INFO: Sample E01-0216 1.1 has a new calculated value of 382026.259303094.
INFO: Sample K01-0195 1.1 has a new calculated value of 95290.1463210584.
INFO: Sample K01-0195 1.1 has a new calculated value of 2115.2067440562.
INFO: Sample K01-0195 1.1 has a new calculated value of 116495.184749365.
INFO: Sample J01-0210 1.1 has a new calculated value of 13829.9833238125.
INFO: Sample J01-0210 1.1 has a new calculated value of 0.
INFO: Sample J01-0210 1.1 has a new calculated value of 9219.48138624429.
INFO: Sample J01-0209 1.1 has a new calculated value of 0.
INFO: Sample J01-0209 1.1 has a new calculated value of 0.
INFO: Sample J01-0209 1.1 has a new calculated value of 0.
INFO: Sample A02-0947 1.1 has a new calculated value of 4198.94447084515.
INFO: Sample A02-0947 1.1 has a new calculated value of 117729.755491018.
INFO: Sample A02-0947 1.1 has a new calculated value of 10498.1501586735.
INFO: Sample L01-0306 1.1 has a new calculated value of 168021.177649498.
INFO: Sample L01-0306 1.1 has a new calculated value of 4723.78296777606.
INFO: Sample L01-0306 1.1 has a new calculated value of 149055.527150631.
INFO: Sample E01-0218 1.1 has a new calculated value of 254485.483467579.
INFO: Sample E01-0218 1.1 has a new calculated value of 4655.56930750609.
INFO: Sample E01-0218 1.1 has a new calculated value of 282596.888244152.
INFO: Sample A02-0943 1.1 has a new calculated value of 42537.0613485575.
INFO: Sample A02-0943 1.1 has a new calculated value of 12756.5861865878.
INFO: Sample A02-0943 1.1 has a new calculated value of 38281.4139872789.
INFO: Sample L01-0301 1.1 has a new calculated value of 20615.1599809527.
INFO: Sample L01-0301 1.1 has a new calculated value of 0.
INFO: Sample L01-0301 1.1 has a new calculated value of 22906.3592478633.
INFO: Sample K01-0176 1.1 has a new calculated value of 106326.513290405.
INFO: Sample K01-0176 1.1 has a new calculated value of 0.
INFO: Sample K01-0176 1.1 has a new calculated value of 102068.275362253.
INFO: Sample M03-0193 1.1 has a new calculated value of 52969.061806798.
INFO: Sample M03-0193 1.1 has a new calculated value of 0.
INFO: Sample M03-0193 1.1 has a new calculated value of 59594.9037373067.
INFO: Sample M04-0159 1.1 has a new calculated value of 8169.93498243392.
INFO: Sample M04-0159 1.1 has a new calculated value of 0.
INFO: Sample M04-0159 1.1 has a new calculated value of 6127.30166874827.
INFO: Sample N03-0243 1.1 has a new calculated value of 46488.6908233167.
INFO: Sample N03-0243 1.1 has a new calculated value of 0.
INFO: Sample N03-0243 1.1 has a new calculated value of 48703.7231773139.
INFO: Sample R01-0199 1.1 has a new calculated value of 4617.10416711867.
INFO: Sample R01-0199 1.1 has a new calculated value of 43883.0392062665.
INFO: Sample R01-0199 1.1 has a new calculated value of 13852.8387062251.
INFO: Sample A02-0893 1.1 has a new calculated value of 27780.6658297777.
INFO: Sample A02-0893 1.1 has a new calculated value of 9258.17638635635.
INFO: Sample A02-0893 1.1 has a new calculated value of 18518.3976218104.
LOW : WaTCH status of A01-0461 1.1 has been changed to Complete.
LOW : WaTCH status of K01-0215 1.1 has been changed to Complete.
LOW : WaTCH status of M03-0195 1.1 has been changed to Complete.
LOW : WaTCH status of M04-0162 1.1 has been changed to Complete.
LOW : WaTCH status of E02-0238 1.1 has been changed to Complete.
LOW : WaTCH status of C01-0334 1.1 has been changed to Complete.
LOW : WaTCH status of K01-0188 1.1 has been changed to Complete.
LOW : WaTCH status of C01-0332 1.1 has been changed to Complete.
LOW : WaTCH status of A02-0943 1.1 has been changed to Complete.
LOW : WaTCH status of M04-0170 1.1 has been changed to Complete.
LOW : WaTCH status of K01-0200 1.1 has been changed to Complete.
LOW : WaTCH status of A02-0949 1.1 has been changed to Complete.
LOW : WaTCH status of A04-0246 1.1 has been changed to Complete.
LOW : WaTCH status of E01-0216 1.1 has been changed to Complete.
LOW : WaTCH status of A02-0890 1.1 has been changed to Complete.
LOW : WaTCH status of R01-0199 1.1 has been changed to Complete.
LOW : WaTCH status of A02-0946 1.1 has been changed to Complete.
LOW : WaTCH status of L01-0310 1.1 has been changed to Complete.
LOW : WaTCH status of A04-0249 1.1 has been changed to Complete.
LOW : WaTCH status of N02-0227 1.1 has been changed to Complete.
LOW : WaTCH status of C01-0335 1.1 has been changed to Complete.
LOW : WaTCH status of N02-0249 1.1 has been changed to Complete.
LOW : WaTCH status of K01-0190 1.1 has been changed to Complete.
LOW : WaTCH status of E01-0217 1.1 has been changed to Complete.
LOW : WaTCH status of A04-0247 1.1 has been changed to Complete.
LOW : WaTCH status of R02-0190 1.1 has been changed to Complete.
LOW : WaTCH status of R01-0197 1.1 has been changed to Complete.
LOW : WaTCH status of K01-0176 1.1 has been changed to Complete.
LOW : WaTCH status of R01-0200 1.1 has been changed to Complete.
LOW : WaTCH status of J01-0209 1.1 has been changed to Complete.
LOW : WaTCH status of E02-0235 1.1 has been changed to Complete.
LOW : WaTCH status of A02-0940 1.1 has been changed to Complete.
LOW : WaTCH status of J01-0211 1.1 has been changed to Complete.
LOW : WaTCH status of N03-0244 1.1 has been changed to Complete.
LOW : WaTCH status of N03-0242 1.1 has been changed to Complete.
LOW : WaTCH status of A01-0462 1.1 has been changed to Complete.
LOW : WaTCH status of L01-0308 1.1 has been changed to Complete.
LOW : WaTCH status of L01-0301 1.1 has been changed to Complete.
LOW : WaTCH status of N03-0231 1.1 has been changed to Complete.
LOW : WaTCH status of N03-0245 1.1 has been changed to Complete.
LOW : WaTCH status of C01-0331 1.1 has been changed to Complete.
LOW : WaTCH status of A02-0893 1.1 has been changed to Complete.
LOW : WaTCH status of N03-0250 1.1 has been changed to Complete.
LOW : WaTCH status of A02-0947 1.1 has been changed to Complete.
LOW : WaTCH status of A02-0892 1.1 has been changed to Complete.
LOW : WaTCH status of L01-0314 1.1 has been changed to Complete.
LOW : WaTCH status of A01-0463 1.1 has been changed to Complete.
LOW : WaTCH status of M04-0156 1.1 has been changed to Complete.
LOW : WaTCH status of L01-0307 1.1 has been changed to Complete.
LOW : WaTCH status of R01-0201 1.1 has been changed to Complete.
LOW : WaTCH status of D01-0228 1.1 has been changed to Complete.
LOW : WaTCH status of A02-0948 1.1 has been changed to Complete.
LOW : WaTCH status of A02-0941 1.1 has been changed to Complete.
LOW : WaTCH status of J01-0210 1.1 has been changed to Complete.
LOW : WaTCH status of O01-0237 1.1 has been changed to Complete.
LOW : WaTCH status of K01-0195 1.1 has been changed to Complete.
LOW : WaTCH status of R01-0198 1.1 has been changed to Complete.
LOW : WaTCH status of A04-0248 1.1 has been changed to Complete.
LOW : WaTCH status of E01-0218 1.1 has been changed to Complete.
LOW : WaTCH status of N03-0243 1.1 has been changed to Complete.
LOW : WaTCH status of D01-0238 1.1 has been changed to Complete.
LOW : WaTCH status of M04-0159 1.1 has been changed to Complete.
LOW : WaTCH status of N03-0249 1.1 has been changed to Complete.
LOW : WaTCH status of N02-0248 1.1 has been changed to Complete.
LOW : WaTCH status of O01-0251 1.1 has been changed to Complete.
LOW : WaTCH status of E02-0236 1.1 has been changed to Complete.
LOW : WaTCH status of O01-0247 1.1 has been changed to Complete.
LOW : WaTCH status of A02-0945 1.1 has been changed to Complete.
LOW : WaTCH status of A01-0460 1.1 has been changed to Complete.
LOW : WaTCH status of A02-0950 1.1 has been changed to Complete.
LOW : WaTCH status of K01-0180 1.1 has been changed to Complete.
LOW : WaTCH status of L01-0306 1.1 has been changed to Complete.
LOW : WaTCH status of J01-0208 1.1 has been changed to Complete.
LOW : WaTCH status of M04-0171 1.1 has been changed to Complete.
LOW : WaTCH status of M03-0193 1.1 has been changed to Complete.
LOW : WaTCH status of O01-0252 1.1 has been changed to Complete.
LOW : WaTCH status of N02-0231 1.1 has been changed to Complete.
LOW : WaTCH status of K01-0187 1.1 has been changed to Complete.
LOW : WaTCH status of L01-0309 1.1 has been changed to Complete.
LOW : WaTCH status of E02-0237 1.1 has been changed to Complete.
LOW : WaTCH status of A02-0891 1.1 has been changed to Complete.
LOW : WaTCH status of C01-0333 1.1 has been changed to Complete.
LOW : WaTCH status of D01-0205 1.1 has been changed to Complete.
LOW : WaTCH status of R02-0194 1.1 has been changed to Complete.
LOW : WaTCH status of A02-0944 1.1 has been changed to Complete.
LOW : WaTCH status of A02-0942 1.1 has been changed to Complete.
LOW : WaTCH status of O01-0233 1.1 has been changed to Complete.
#
# WaTCHdb update complete.
# 2023-01-20.17-03-32.
