# WaTCHdb update log.
# Command: 2_updateWaTCH.pl.
# Data output written to DB/INCREMENTAL/watchdb.2022-02-03.17-01-20.txt and DB/watchdb.LATEST.txt.
# Fatal errors and system warnings are NOT logged here; see STDERR for those.
#
# Run started 2022-02-03.17-01-20.
#
4 molecular targets added.
INFO: Finished WaTCHdb import.
1323 samples added.
HIGH: During AT import of A01-0141, AT value for A01-0141:Description (Sample) is replacing the existing WaTCHdb value (G).
HIGH: During AT import of A01-0145, AT value for A01-0145:Description (Sample) is replacing the existing WaTCHdb value (G).
HIGH: During AT import of A01-0146, AT value for A01-0146:Description (Sample) is replacing the existing WaTCHdb value (G).
HIGH: During AT import of A01-0147, AT value for A01-0147:Description (Sample) is replacing the existing WaTCHdb value (G).
HIGH: During AT import of A01-0150, AT value for A01-0150:Description (Sample) is replacing the existing WaTCHdb value (G).
HIGH: During AT import of A01-0154, AT value for A01-0154:Description (Sample) is replacing the existing WaTCHdb value (G).
HIGH: During AT import of A01-0158, AT value for A01-0158:Description (Sample) is replacing the existing WaTCHdb value (G).
INFO: Asset ID A04-0001, found during AssetTiger import, does not exist in the latest WaTCHdb. It will be added.
INFO: Asset ID A04-0002, found during AssetTiger import, does not exist in the latest WaTCHdb. It will be added.
INFO: Asset ID A04-0003, found during AssetTiger import, does not exist in the latest WaTCHdb. It will be added.
INFO: Asset ID A04-0004, found during AssetTiger import, does not exist in the latest WaTCHdb. It will be added.
INFO: Asset ID A04-0005, found during AssetTiger import, does not exist in the latest WaTCHdb. It will be added.
INFO: Asset ID A01-0160, found during AssetTiger import, does not exist in the latest WaTCHdb. It will be added.
INFO: Asset ID A01-0161, found during AssetTiger import, does not exist in the latest WaTCHdb. It will be added.
INFO: Asset ID A01-0162, found during AssetTiger import, does not exist in the latest WaTCHdb. It will be added.
INFO: Asset ID A01-0163, found during AssetTiger import, does not exist in the latest WaTCHdb. It will be added.
INFO: Asset ID A01-0164, found during AssetTiger import, does not exist in the latest WaTCHdb. It will be added.
INFO: Asset ID A01-0165, found during AssetTiger import, does not exist in the latest WaTCHdb. It will be added.
HIGH: During AT import of B01-0036, AT value for B01-0036:Description (Sample) is replacing the existing WaTCHdb value (G).
HIGH: During AT import of B01-0038, AT value for B01-0038:Description (Sample) is replacing the existing WaTCHdb value (G).
INFO: Asset ID B01-0076, found during AssetTiger import, does not exist in the latest WaTCHdb. It will be added.
INFO: Asset ID B01-0081, found during AssetTiger import, does not exist in the latest WaTCHdb. It will be added.
INFO: Asset ID B01-0086, found during AssetTiger import, does not exist in the latest WaTCHdb. It will be added.
INFO: Asset ID B01-0087, found during AssetTiger import, does not exist in the latest WaTCHdb. It will be added.
INFO: Asset ID B01-0091, found during AssetTiger import, does not exist in the latest WaTCHdb. It will be added.
INFO: Asset ID B01-0096, found during AssetTiger import, does not exist in the latest WaTCHdb. It will be added.
INFO: Asset ID B01-0097, found during AssetTiger import, does not exist in the latest WaTCHdb. It will be added.
HIGH: During AT import of C01-0065, AT value for C01-0065:Description (Sample) is replacing the existing WaTCHdb value (G).
HIGH: During AT import of C01-0102, AT value for C01-0102:Description (Sample) is replacing the existing WaTCHdb value (G).
INFO: Asset ID C01-0113, found during AssetTiger import, does not exist in the latest WaTCHdb. It will be added.
INFO: Asset ID C01-0114, found during AssetTiger import, does not exist in the latest WaTCHdb. It will be added.
INFO: Asset ID C01-0115, found during AssetTiger import, does not exist in the latest WaTCHdb. It will be added.
INFO: Asset ID C01-0116, found during AssetTiger import, does not exist in the latest WaTCHdb. It will be added.
INFO: Asset ID C01-0117, found during AssetTiger import, does not exist in the latest WaTCHdb. It will be added.
HIGH: During AT import of H01-0054, AT value for H01-0054:Description (Sample) is replacing the existing WaTCHdb value (G).
HIGH: During AT import of H01-0055, AT value for H01-0055:Description (Sample) is replacing the existing WaTCHdb value (G).
HIGH: During AT import of H01-0058, AT value for H01-0058:Description (Sample) is replacing the existing WaTCHdb value (SAMPLE).
INFO: Asset ID H01-0104, found during AssetTiger import, does not exist in the latest WaTCHdb. It will be added.
INFO: Asset ID H01-0105, found during AssetTiger import, does not exist in the latest WaTCHdb. It will be added.
INFO: Asset ID H01-0106, found during AssetTiger import, does not exist in the latest WaTCHdb. It will be added.
INFO: Asset ID H01-0107, found during AssetTiger import, does not exist in the latest WaTCHdb. It will be added.
INFO: Asset ID H01-0108, found during AssetTiger import, does not exist in the latest WaTCHdb. It will be added.
INFO: Asset ID H01-0109, found during AssetTiger import, does not exist in the latest WaTCHdb. It will be added.
INFO: Asset ID H01-0110, found during AssetTiger import, does not exist in the latest WaTCHdb. It will be added.
HIGH: During AT import of D01-0023, AT value for D01-0023:Description (Sample) is replacing the existing WaTCHdb value (G).
INFO: Asset ID D01-0004, found during AssetTiger import, does not exist in the latest WaTCHdb. It will be added.
INFO: Asset ID D001-0018, found during AssetTiger import, does not exist in the latest WaTCHdb. It will be added.
INFO: Asset ID D01-0018, found during AssetTiger import, does not exist in the latest WaTCHdb. It will be added.
INFO: Asset ID D01-0005, found during AssetTiger import, does not exist in the latest WaTCHdb. It will be added.
INFO: Asset ID D01-0020, found during AssetTiger import, does not exist in the latest WaTCHdb. It will be added.
HIGH: During AT import of G01-0078, AT value for G01-0078:Description (Sample) is replacing the existing WaTCHdb value (G).
HIGH: During AT import of G01-0049, AT value for G01-0049:Description (Sample) is replacing the existing WaTCHdb value (G).
HIGH: During AT import of G01-0081, AT value for G01-0081:Sample Flow (MGD) (1.03) is replacing the existing WaTCHdb value (1.030).
INFO: Asset ID G01-0082, found during AssetTiger import, does not exist in the latest WaTCHdb. It will be added.
INFO: Asset ID G01-0087, found during AssetTiger import, does not exist in the latest WaTCHdb. It will be added.
INFO: Asset ID G01-0091, found during AssetTiger import, does not exist in the latest WaTCHdb. It will be added.
INFO: Asset ID G01-0092, found during AssetTiger import, does not exist in the latest WaTCHdb. It will be added.
INFO: Asset ID G01-0097, found during AssetTiger import, does not exist in the latest WaTCHdb. It will be added.
HIGH: During AT import of E01-0025, AT value for E01-0025:Description (Sample) is replacing the existing WaTCHdb value (G).
INFO: Asset ID E02-0092, found during AssetTiger import, does not exist in the latest WaTCHdb. It will be added.
INFO: Asset ID E02-0093, found during AssetTiger import, does not exist in the latest WaTCHdb. It will be added.
INFO: Asset ID E02-0094, found during AssetTiger import, does not exist in the latest WaTCHdb. It will be added.
INFO: Asset ID E02-0095, found during AssetTiger import, does not exist in the latest WaTCHdb. It will be added.
INFO: Asset ID E02-0096, found during AssetTiger import, does not exist in the latest WaTCHdb. It will be added.
INFO: Asset ID E01-0053, found during AssetTiger import, does not exist in the latest WaTCHdb. It will be added.
INFO: Asset ID E01-0054, found during AssetTiger import, does not exist in the latest WaTCHdb. It will be added.
INFO: Asset ID E01-0055, found during AssetTiger import, does not exist in the latest WaTCHdb. It will be added.
INFO: Asset ID E01-0056, found during AssetTiger import, does not exist in the latest WaTCHdb. It will be added.
HIGH: During AT import of L01-0021, AT value for L01-0021:Sample Flow (MGD) (0.31) is replacing the existing WaTCHdb value (0.310).
INFO: Asset ID L01-0011, found during AssetTiger import, does not exist in the latest WaTCHdb. It will be added.
INFO: Asset ID L01-0012, found during AssetTiger import, does not exist in the latest WaTCHdb. It will be added.
INFO: Asset ID L01-0014, found during AssetTiger import, does not exist in the latest WaTCHdb. It will be added.
INFO: Asset ID L01-0015, found during AssetTiger import, does not exist in the latest WaTCHdb. It will be added.
INFO: Asset ID L01-0017, found during AssetTiger import, does not exist in the latest WaTCHdb. It will be added.
INFO: Asset ID L01-0019, found during AssetTiger import, does not exist in the latest WaTCHdb. It will be added.
INFO: Asset ID L01-0020, found during AssetTiger import, does not exist in the latest WaTCHdb. It will be added.
INFO: Asset ID P01-0024, found during AssetTiger import, does not exist in the latest WaTCHdb. It will be added.
INFO: Asset ID P01-0025, found during AssetTiger import, does not exist in the latest WaTCHdb. It will be added.
INFO: Asset ID P01-0023, found during AssetTiger import, does not exist in the latest WaTCHdb. It will be added.
INFO: Asset ID P01-0030, found during AssetTiger import, does not exist in the latest WaTCHdb. It will be added.
INFO: Asset ID P01-0005, found during AssetTiger import, does not exist in the latest WaTCHdb. It will be added.
INFO: Asset ID P01-0015, found during AssetTiger import, does not exist in the latest WaTCHdb. It will be added.
INFO: Asset ID P01-0019, found during AssetTiger import, does not exist in the latest WaTCHdb. It will be added.
INFO: Asset ID P01-0021, found during AssetTiger import, does not exist in the latest WaTCHdb. It will be added.
INFO: Asset ID P01-0022, found during AssetTiger import, does not exist in the latest WaTCHdb. It will be added.
HIGH: During AT import of K01-0021, AT value for K01-0021:Description (Sample) is replacing the existing WaTCHdb value (SAMPLE).
INFO: Asset ID K01-0002, found during AssetTiger import, does not exist in the latest WaTCHdb. It will be added.
INFO: Asset ID K01-0003, found during AssetTiger import, does not exist in the latest WaTCHdb. It will be added.
INFO: Asset ID K01-0005, found during AssetTiger import, does not exist in the latest WaTCHdb. It will be added.
INFO: Asset ID K01-0030, found during AssetTiger import, does not exist in the latest WaTCHdb. It will be added.
INFO: Asset ID N02-0028, found during AssetTiger import, does not exist in the latest WaTCHdb. It will be added.
INFO: Asset ID N02-0040, found during AssetTiger import, does not exist in the latest WaTCHdb. It will be added.
INFO: Asset ID N02-0027, found during AssetTiger import, does not exist in the latest WaTCHdb. It will be added.
INFO: Asset ID N02-0030, found during AssetTiger import, does not exist in the latest WaTCHdb. It will be added.
INFO: Asset ID N02-0026, found during AssetTiger import, does not exist in the latest WaTCHdb. It will be added.
HIGH: During AT import of A02-0307, AT value for A02-0307:Description (Sample) is replacing the existing WaTCHdb value (Sample ).
HIGH: During AT import of A02-0307, AT value for A02-0307:Sample Collection By (GZ) is replacing the existing WaTCHdb value (GZ ).
HIGH: During AT import of A02-0309, AT value for A02-0309:Description (Sample) is replacing the existing WaTCHdb value (Sample ).
HIGH: During AT import of A02-0309, AT value for A02-0309:Sample Collection By (GZ) is replacing the existing WaTCHdb value (GZ ).
HIGH: During AT import of A02-0278, AT value for A02-0278:Description (Sample) is replacing the existing WaTCHdb value (Sample ).
HIGH: During AT import of A02-0278, AT value for A02-0278:Sample Collection By (Gz) is replacing the existing WaTCHdb value (Gz ).
HIGH: During AT import of A02-0308, AT value for A02-0308:Description (Sample) is replacing the existing WaTCHdb value (Sample ).
HIGH: During AT import of A02-0308, AT value for A02-0308:Sample Collection By (Gz) is replacing the existing WaTCHdb value (Gz ).
HIGH: During AT import of A02-0310, AT value for A02-0310:Description (Sample) is replacing the existing WaTCHdb value (Sample ).
HIGH: During AT import of A02-0310, AT value for A02-0310:Sample Collection By (GZ) is replacing the existing WaTCHdb value (GZ ).
INFO: Asset ID A02-0288, found during AssetTiger import, does not exist in the latest WaTCHdb. It will be added.
INFO: Asset ID A02-0314, found during AssetTiger import, does not exist in the latest WaTCHdb. It will be added.
INFO: Asset ID A02-0312, found during AssetTiger import, does not exist in the latest WaTCHdb. It will be added.
INFO: Asset ID A02-0313, found during AssetTiger import, does not exist in the latest WaTCHdb. It will be added.
INFO: Asset ID A02-0315, found during AssetTiger import, does not exist in the latest WaTCHdb. It will be added.
INFO: Asset ID A02-0320, found during AssetTiger import, does not exist in the latest WaTCHdb. It will be added.
INFO: Asset ID A02-0317, found during AssetTiger import, does not exist in the latest WaTCHdb. It will be added.
INFO: Asset ID A02-0319, found during AssetTiger import, does not exist in the latest WaTCHdb. It will be added.
INFO: Asset ID A02-0318, found during AssetTiger import, does not exist in the latest WaTCHdb. It will be added.
INFO: Asset ID A02-0287, found during AssetTiger import, does not exist in the latest WaTCHdb. It will be added.
INFO: Asset ID A02-0316, found during AssetTiger import, does not exist in the latest WaTCHdb. It will be added.
INFO: Asset ID A02-0322, found during AssetTiger import, does not exist in the latest WaTCHdb. It will be added.
INFO: Asset ID A02-0321, found during AssetTiger import, does not exist in the latest WaTCHdb. It will be added.
HIGH: During AT import of A03-0162, AT value for A03-0162:Sample Collection By (GZ) is replacing the existing WaTCHdb value (GZ ).
HIGH: During AT import of A03-0195, AT value for A03-0195:Sample Collection By (GZ) is replacing the existing WaTCHdb value (GZ ).
HIGH: During AT import of A03-0197, AT value for A03-0197:Sample Collection By (GZ) is replacing the existing WaTCHdb value (GZ ).
HIGH: During AT import of A03-0122, AT value for A03-0122:Description (Sample) is replacing the existing WaTCHdb value (Sample ).
HIGH: During AT import of A03-0122, AT value for A03-0122:Sample Collection By (GZ) is replacing the existing WaTCHdb value (GZ ).
INFO: Asset ID A03-0226, found during AssetTiger import, does not exist in the latest WaTCHdb. It will be added.
INFO: Asset ID A03-0228, found during AssetTiger import, does not exist in the latest WaTCHdb. It will be added.
INFO: Asset ID A03-0230, found during AssetTiger import, does not exist in the latest WaTCHdb. It will be added.
INFO: Asset ID A03-0232, found during AssetTiger import, does not exist in the latest WaTCHdb. It will be added.
INFO: Sample L01-0021 has a new calculated value of 3325142.78411865.
INFO: Sample L01-0021 has a new calculated value of 3243942.83294678.
INFO: Sample L01-0021 has a new calculated value of 5775.75484290718.
INFO: Sample A02-0213 has a new calculated value of 1882746.19817734.
INFO: Sample A02-0213 has a new calculated value of 1857386.4197731.
INFO: Sample A02-0213 has a new calculated value of 150419.230163097.
INFO: Sample E02-0094 has a new calculated value of 4863544.72160339.
INFO: Sample E02-0094 has a new calculated value of 5280211.42959596.
INFO: Sample E02-0094 has a new calculated value of 0.
INFO: Sample A02-0305 has a new calculated value of 272084.605693817.
INFO: Sample A02-0305 has a new calculated value of 1580720.62253952.
INFO: Sample A02-0305 has a new calculated value of 10849.5382592082.
INFO: Sample D01-0023 has a new calculated value of 121366.197913885.
INFO: Sample D01-0023 has a new calculated value of 1257515.5878067.
INFO: Sample D01-0023 has a new calculated value of 3366.54198355973.
INFO: Sample L01-0022 has a new calculated value of 2129078.63616943.
INFO: Sample L01-0022 has a new calculated value of 2060106.16064072.
INFO: Sample L01-0022 has a new calculated value of 26252.2802129388.
INFO: Sample K01-0018 has a new calculated value of 1647617.38300323.
INFO: Sample K01-0018 has a new calculated value of 1644788.51795197.
INFO: Sample K01-0018 has a new calculated value of 8160.6551259756.
INFO: Sample A02-0278 has a new calculated value of 57557.9367578029.
INFO: Sample A02-0278 has a new calculated value of 176762.073040009.
INFO: Sample A02-0278 has a new calculated value of 38363.1739765404.
INFO: Sample K01-0019 has a new calculated value of 1221850.63362122.
INFO: Sample K01-0019 has a new calculated value of 1136615.44561386.
INFO: Sample K01-0019 has a new calculated value of 15541.1026440561.
INFO: Sample G01-0081 has a new calculated value of 363835.757374762.
INFO: Sample G01-0081 has a new calculated value of 444429.363012313.
INFO: Sample G01-0081 has a new calculated value of 9211.03974804284.
INFO: Sample D01-0004 has a new calculated value of 27353.7234216928.
INFO: Sample D01-0004 has a new calculated value of 721038.032770157.
INFO: Sample D01-0004 has a new calculated value of 0.
INFO: Sample A03-0150 has a new calculated value of 0.
INFO: Sample A03-0150 has a new calculated value of 0.
INFO: Sample A03-0150 has a new calculated value of 0.
INFO: Sample K01-0007 has a new calculated value of 765595.035552977.
INFO: Sample K01-0007 has a new calculated value of 783886.17038727.
INFO: Sample K01-0007 has a new calculated value of 0.
INFO: Sample A04-0003 has a new calculated value of 854213.55485916.
INFO: Sample A04-0003 has a new calculated value of 842145.692110061.
INFO: Sample A04-0003 has a new calculated value of 112498.976290226.
INFO: Sample G01-0046 has a new calculated value of 589383.555650713.
INFO: Sample G01-0046 has a new calculated value of 576047.555208205.
INFO: Sample G01-0046 has a new calculated value of 9865.07400870323.
INFO: Sample A04-0002 has a new calculated value of 1526359.96341705.
INFO: Sample A04-0002 has a new calculated value of 1472231.41908646.
INFO: Sample A04-0002 has a new calculated value of 36574.5022147892.
INFO: Sample H01-0109 has a new calculated value of 830238.597393036.
INFO: Sample H01-0109 has a new calculated value of 792779.713869094.
INFO: Sample H01-0109 has a new calculated value of 18374.294154346.
INFO: Sample A02-0310 has a new calculated value of 204149.274230003.
INFO: Sample A02-0310 has a new calculated value of 391674.277782441.
INFO: Sample A02-0310 has a new calculated value of 37838.3251279592.
INFO: Sample E02-0096 has a new calculated value of 647494.472265242.
INFO: Sample E02-0096 has a new calculated value of 1377259.23299789.
INFO: Sample E02-0096 has a new calculated value of 16764.7070065141.
INFO: Sample H01-0110 has a new calculated value of 636471.329927445.
INFO: Sample H01-0110 has a new calculated value of 580158.147811888.
INFO: Sample H01-0110 has a new calculated value of 39662.8826111554.
INFO: Sample A03-0122 has a new calculated value of 128453.275412321.
INFO: Sample A03-0122 has a new calculated value of 147284.377813339.
INFO: Sample A03-0122 has a new calculated value of 81412.4965667725.
INFO: Sample H01-0107 has a new calculated value of 316814.06378746.
INFO: Sample H01-0107 has a new calculated value of 653990.017175674.
INFO: Sample H01-0107 has a new calculated value of 27783.7362885475.
INFO: Sample D01-0018 has a new calculated value of 264549.079835415.
INFO: Sample D01-0018 has a new calculated value of 1081404.74081039.
INFO: Sample D01-0018 has a new calculated value of 50867.6576614379.
INFO: Sample A02-0314 has a new calculated value of 95138.2116973401.
INFO: Sample A02-0314 has a new calculated value of 1302954.23269272.
INFO: Sample A02-0314 has a new calculated value of 153006.235063076.
INFO: Sample L01-0024 has a new calculated value of 807165.462970735.
INFO: Sample L01-0024 has a new calculated value of 813846.237659455.
INFO: Sample L01-0024 has a new calculated value of 0.
INFO: Sample H01-0105 has a new calculated value of 397499.231100082.
INFO: Sample H01-0105 has a new calculated value of 455026.701092722.
INFO: Sample H01-0105 has a new calculated value of 5994.67420019209.
INFO: Sample H01-0104 has a new calculated value of 662232.470512391.
INFO: Sample H01-0104 has a new calculated value of 614581.532478333.
INFO: Sample H01-0104 has a new calculated value of 8282.6846279204.
INFO: Sample L01-0023 has a new calculated value of 1338432.32631683.
INFO: Sample L01-0023 has a new calculated value of 1259938.11607361.
INFO: Sample L01-0023 has a new calculated value of 13122.4411167204.
INFO: Sample A02-0307 has a new calculated value of 370565.047860146.
INFO: Sample A02-0307 has a new calculated value of 373406.449556351.
INFO: Sample A02-0307 has a new calculated value of 33808.9000806212.
INFO: Sample A02-0312 has a new calculated value of 544976.890683173.
INFO: Sample A02-0312 has a new calculated value of 515731.853842736.
INFO: Sample A02-0312 has a new calculated value of 231657.289266586.
INFO: Sample A02-0309 has a new calculated value of 459842.641353609.
INFO: Sample A02-0309 has a new calculated value of 2255555.10520935.
INFO: Sample A02-0309 has a new calculated value of 18902.1624997258.
INFO: Sample H01-0108 has a new calculated value of 483235.273361206.
INFO: Sample H01-0108 has a new calculated value of 463459.548354151.
INFO: Sample H01-0108 has a new calculated value of 13969.1912569106.
INFO: Sample H01-0106 has a new calculated value of 1988131.82115555.
INFO: Sample H01-0106 has a new calculated value of 2203444.51904297.
INFO: Sample H01-0106 has a new calculated value of 15962.3330645263.
INFO: Sample A04-0001 has a new calculated value of 890459.815263747.
INFO: Sample A04-0001 has a new calculated value of 1898034.99698639.
INFO: Sample A04-0001 has a new calculated value of 33800.8608296514.
INFO: Sample E02-0092 has a new calculated value of 670138.235092162.
INFO: Sample E02-0092 has a new calculated value of 1038771.72231674.
INFO: Sample E02-0092 has a new calculated value of 0.
INFO: Sample L01-0025 has a new calculated value of 746992.081403732.
INFO: Sample L01-0025 has a new calculated value of 658090.009689332.
INFO: Sample L01-0025 has a new calculated value of 2732.09915030748.
INFO: Sample G01-0096 has a new calculated value of 331792.602539062.
INFO: Sample G01-0096 has a new calculated value of 322790.645956993.
INFO: Sample G01-0096 has a new calculated value of 11910.9816290438.
INFO: Sample E02-0095 has a new calculated value of 1028135.21146774.
INFO: Sample E02-0095 has a new calculated value of 1387779.68645096.
INFO: Sample E02-0095 has a new calculated value of 0.
INFO: Sample A02-0308 has a new calculated value of 1717394.24228668.
INFO: Sample A02-0308 has a new calculated value of 1606662.98389435.
INFO: Sample A02-0308 has a new calculated value of 80616.1817908287.
INFO: Sample A03-0162 has a new calculated value of 23190.9075379372.
INFO: Sample A03-0162 has a new calculated value of 69611.2541109323.
INFO: Sample A03-0162 has a new calculated value of 31890.806145966.
INFO: Sample D01-0001 has a new calculated value of 612127.40778923.
INFO: Sample D01-0001 has a new calculated value of 1319094.09284592.
INFO: Sample D01-0001 has a new calculated value of 18089.5866081118.
INFO: Sample K01-0017 has a new calculated value of 1283090.07167816.
INFO: Sample K01-0017 has a new calculated value of 1222855.33189774.
INFO: Sample K01-0017 has a new calculated value of 15742.3525303602.
INFO: Sample G01-0041 has a new calculated value of 481632.281541824.
INFO: Sample G01-0041 has a new calculated value of 478696.5662241.
INFO: Sample G01-0041 has a new calculated value of 2902.37636771053.
INFO: Sample E02-0093 has a new calculated value of 2147456.61020279.
INFO: Sample E02-0093 has a new calculated value of 2007543.30396652.
INFO: Sample E02-0093 has a new calculated value of 12330.2531987429.
INFO: Sample L01-0016 has a new calculated value of 2908022.1748352.
INFO: Sample L01-0016 has a new calculated value of 2833032.51743317.
INFO: Sample L01-0016 has a new calculated value of 33625.8085817099.
INFO: Sample L01-0018 has a new calculated value of 191415.287554264.
INFO: Sample L01-0018 has a new calculated value of 194667.153954506.
INFO: Sample L01-0018 has a new calculated value of 12949.7193172574.
LOW : WaTCH status of A02-0309 has been changed to Complete.
LOW : WaTCH status of G01-0041 has been changed to Complete.
LOW : WaTCH status of K01-0019 has been changed to Complete.
LOW : WaTCH status of K01-0018 has been changed to Complete.
LOW : WaTCH status of A04-0002 has been changed to Complete.
LOW : WaTCH status of L01-0024 has been changed to Complete.
LOW : WaTCH status of G01-0046 has been changed to Complete.
LOW : WaTCH status of L01-0025 has been changed to Complete.
LOW : WaTCH status of A02-0278 has been changed to Complete.
LOW : WaTCH status of G01-0096 has been changed to Complete.
LOW : WaTCH status of A03-0162 has been changed to Complete.
LOW : WaTCH status of A02-0308 has been changed to Complete.
LOW : WaTCH status of L01-0016 has been changed to Complete.
LOW : WaTCH status of H01-0107 has been changed to Complete.
LOW : WaTCH status of L01-0022 has been changed to Complete.
LOW : WaTCH status of E02-0094 has been changed to Complete.
LOW : WaTCH status of A02-0310 has been changed to Complete.
LOW : WaTCH status of D01-0018 has been changed to Complete.
LOW : WaTCH status of H01-0106 has been changed to Complete.
LOW : WaTCH status of A04-0001 has been changed to Complete.
LOW : WaTCH status of L01-0023 has been changed to Complete.
LOW : WaTCH status of H01-0109 has been changed to Complete.
LOW : WaTCH status of E02-0095 has been changed to Complete.
LOW : WaTCH status of H01-0108 has been changed to Complete.
LOW : WaTCH status of H01-0105 has been changed to Complete.
LOW : WaTCH status of E02-0096 has been changed to Complete.
LOW : WaTCH status of E02-0092 has been changed to Complete.
LOW : WaTCH status of A02-0307 has been changed to Complete.
LOW : WaTCH status of E02-0093 has been changed to Complete.
LOW : WaTCH status of D01-0004 has been changed to Complete.
LOW : WaTCH status of A03-0122 has been changed to Complete.
LOW : WaTCH status of H01-0110 has been changed to Complete.
LOW : WaTCH status of K01-0017 has been changed to Complete.
LOW : WaTCH status of L01-0021 has been changed to Complete.
LOW : WaTCH status of A02-0314 has been changed to Complete.
LOW : WaTCH status of G01-0081 has been changed to Complete.
LOW : WaTCH status of D01-0023 has been changed to Complete.
LOW : WaTCH status of L01-0018 has been changed to Complete.
LOW : WaTCH status of D01-0001 has been changed to Complete.
LOW : WaTCH status of K01-0007 has been changed to Complete.
LOW : WaTCH status of H01-0104 has been changed to Complete.
LOW : WaTCH status of A02-0312 has been changed to Complete.
#
# WaTCHdb update complete.
# 2022-02-03.17-01-21.
