# WaTCHdb update log.
# Command: 2_updateWaTCH.pl.
# Data output written to DB/INCREMENTAL/watchdb.2022-01-13.16-51-20.txt and DB/watchdb.LATEST.txt.
# Fatal errors and system warnings are NOT logged here; see STDERR for those.
#
# Run started 2022-01-13.16-51-20.
#
4 molecular targets added.
INFO: Finished WaTCHdb import.
1114 samples added.
INFO: Asset ID A01-0125, found during AssetTiger import, does not exist in the latest WaTCHdb. It will be added.
INFO: Asset ID A01-0126, found during AssetTiger import, does not exist in the latest WaTCHdb. It will be added.
INFO: Asset ID A01-0127, found during AssetTiger import, does not exist in the latest WaTCHdb. It will be added.
HIGH: During AT import of A01-0129, AT value for A01-0129:Sample Flow (MGD) (8) is replacing the existing WaTCHdb value (8.0).
HIGH: During AT import of A01-0131, AT value for A01-0131:Sample Flow (MGD) (7) is replacing the existing WaTCHdb value (7.0).
HIGH: During AT import of A01-0135, AT value for A01-0135:Sample Flow (MGD) (14) is replacing the existing WaTCHdb value (14.0).
INFO: Asset ID A01-0137, found during AssetTiger import, does not exist in the latest WaTCHdb. It will be added.
INFO: Asset ID A01-0138, found during AssetTiger import, does not exist in the latest WaTCHdb. It will be added.
INFO: Asset ID A01-0139, found during AssetTiger import, does not exist in the latest WaTCHdb. It will be added.
INFO: Asset ID A01-0140, found during AssetTiger import, does not exist in the latest WaTCHdb. It will be added.
INFO: Asset ID A01-0141, found during AssetTiger import, does not exist in the latest WaTCHdb. It will be added.
INFO: Asset ID A01-0142, found during AssetTiger import, does not exist in the latest WaTCHdb. It will be added.
INFO: Asset ID A01-0143, found during AssetTiger import, does not exist in the latest WaTCHdb. It will be added.
INFO: Asset ID A01-0144, found during AssetTiger import, does not exist in the latest WaTCHdb. It will be added.
INFO: Asset ID A01-0145, found during AssetTiger import, does not exist in the latest WaTCHdb. It will be added.
INFO: Asset ID A01-0146, found during AssetTiger import, does not exist in the latest WaTCHdb. It will be added.
INFO: Asset ID A01-0147, found during AssetTiger import, does not exist in the latest WaTCHdb. It will be added.
INFO: Asset ID A01-0148, found during AssetTiger import, does not exist in the latest WaTCHdb. It will be added.
INFO: Asset ID A02-0272, found during AssetTiger import, does not exist in the latest WaTCHdb. It will be added.
INFO: Asset ID A02-0273, found during AssetTiger import, does not exist in the latest WaTCHdb. It will be added.
INFO: Asset ID A02-0274, found during AssetTiger import, does not exist in the latest WaTCHdb. It will be added.
INFO: Asset ID A02-0277, found during AssetTiger import, does not exist in the latest WaTCHdb. It will be added.
INFO: Asset ID A02-0279, found during AssetTiger import, does not exist in the latest WaTCHdb. It will be added.
INFO: Asset ID A02-0281, found during AssetTiger import, does not exist in the latest WaTCHdb. It will be added.
INFO: Asset ID A02-0282, found during AssetTiger import, does not exist in the latest WaTCHdb. It will be added.
INFO: Asset ID A03-0085, found during AssetTiger import, does not exist in the latest WaTCHdb. It will be added.
INFO: Asset ID A03-0086, found during AssetTiger import, does not exist in the latest WaTCHdb. It will be added.
INFO: Asset ID A03-0121, found during AssetTiger import, does not exist in the latest WaTCHdb. It will be added.
INFO: Asset ID B01-0036, found during AssetTiger import, does not exist in the latest WaTCHdb. It will be added.
INFO: Asset ID B01-0037, found during AssetTiger import, does not exist in the latest WaTCHdb. It will be added.
INFO: Asset ID B01-0038, found during AssetTiger import, does not exist in the latest WaTCHdb. It will be added.
INFO: Asset ID B01-0039, found during AssetTiger import, does not exist in the latest WaTCHdb. It will be added.
INFO: Asset ID B01-0041, found during AssetTiger import, does not exist in the latest WaTCHdb. It will be added.
INFO: Asset ID B01-0042, found during AssetTiger import, does not exist in the latest WaTCHdb. It will be added.
INFO: Asset ID C01-0063, found during AssetTiger import, does not exist in the latest WaTCHdb. It will be added.
INFO: Asset ID C01-0064, found during AssetTiger import, does not exist in the latest WaTCHdb. It will be added.
INFO: Asset ID C01-0065, found during AssetTiger import, does not exist in the latest WaTCHdb. It will be added.
INFO: Asset ID C01-0066, found during AssetTiger import, does not exist in the latest WaTCHdb. It will be added.
INFO: Asset ID C01-0067, found during AssetTiger import, does not exist in the latest WaTCHdb. It will be added.
INFO: Asset ID C01-0068, found during AssetTiger import, does not exist in the latest WaTCHdb. It will be added.
INFO: Asset ID C01-0069, found during AssetTiger import, does not exist in the latest WaTCHdb. It will be added.
INFO: Asset ID C01-0070, found during AssetTiger import, does not exist in the latest WaTCHdb. It will be added.
INFO: Asset ID C01-0071, found during AssetTiger import, does not exist in the latest WaTCHdb. It will be added.
INFO: Asset ID C01-0072, found during AssetTiger import, does not exist in the latest WaTCHdb. It will be added.
INFO: Asset ID C01-0073, found during AssetTiger import, does not exist in the latest WaTCHdb. It will be added.
INFO: Asset ID C01-0074, found during AssetTiger import, does not exist in the latest WaTCHdb. It will be added.
INFO: Asset ID C01-0075, found during AssetTiger import, does not exist in the latest WaTCHdb. It will be added.
INFO: Asset ID C01-0101, found during AssetTiger import, does not exist in the latest WaTCHdb. It will be added.
INFO: Asset ID C01-0102, found during AssetTiger import, does not exist in the latest WaTCHdb. It will be added.
INFO: Asset ID E02-0023, found during AssetTiger import, does not exist in the latest WaTCHdb. It will be added.
INFO: Asset ID E02-0024, found during AssetTiger import, does not exist in the latest WaTCHdb. It will be added.
INFO: Asset ID E02-0025, found during AssetTiger import, does not exist in the latest WaTCHdb. It will be added.
INFO: Asset ID G01-0008, found during AssetTiger import, does not exist in the latest WaTCHdb. It will be added.
INFO: Asset ID G01-0033, found during AssetTiger import, does not exist in the latest WaTCHdb. It will be added.
INFO: Asset ID G01-0034, found during AssetTiger import, does not exist in the latest WaTCHdb. It will be added.
INFO: Asset ID G01-0038, found during AssetTiger import, does not exist in the latest WaTCHdb. It will be added.
INFO: Asset ID G01-0039, found during AssetTiger import, does not exist in the latest WaTCHdb. It will be added.
INFO: Asset ID G01-0044, found during AssetTiger import, does not exist in the latest WaTCHdb. It will be added.
INFO: Asset ID G01-0048, found during AssetTiger import, does not exist in the latest WaTCHdb. It will be added.
INFO: Asset ID G01-0049, found during AssetTiger import, does not exist in the latest WaTCHdb. It will be added.
INFO: Asset ID G01-0078, found during AssetTiger import, does not exist in the latest WaTCHdb. It will be added.
INFO: Asset ID G01-0079, found during AssetTiger import, does not exist in the latest WaTCHdb. It will be added.
INFO: Asset ID G01-0086, found during AssetTiger import, does not exist in the latest WaTCHdb. It will be added.
INFO: Asset ID H01-0051, found during AssetTiger import, does not exist in the latest WaTCHdb. It will be added.
INFO: Asset ID H01-0052, found during AssetTiger import, does not exist in the latest WaTCHdb. It will be added.
INFO: Asset ID H01-0053, found during AssetTiger import, does not exist in the latest WaTCHdb. It will be added.
INFO: Asset ID H01-0054, found during AssetTiger import, does not exist in the latest WaTCHdb. It will be added.
INFO: Asset ID H01-0055, found during AssetTiger import, does not exist in the latest WaTCHdb. It will be added.
INFO: Asset ID H01-0056, found during AssetTiger import, does not exist in the latest WaTCHdb. It will be added.
INFO: Asset ID H01-0057, found during AssetTiger import, does not exist in the latest WaTCHdb. It will be added.
INFO: Asset ID J01-0001, found during AssetTiger import, does not exist in the latest WaTCHdb. It will be added.
INFO: Asset ID J01-0002, found during AssetTiger import, does not exist in the latest WaTCHdb. It will be added.
INFO: Asset ID J01-0003, found during AssetTiger import, does not exist in the latest WaTCHdb. It will be added.
INFO: Asset ID J01-0004, found during AssetTiger import, does not exist in the latest WaTCHdb. It will be added.
INFO: Asset ID J01-0005, found during AssetTiger import, does not exist in the latest WaTCHdb. It will be added.
INFO: Asset ID J01-0006, found during AssetTiger import, does not exist in the latest WaTCHdb. It will be added.
INFO: Asset ID J01-0007, found during AssetTiger import, does not exist in the latest WaTCHdb. It will be added.
INFO: Asset ID J01-0008, found during AssetTiger import, does not exist in the latest WaTCHdb. It will be added.
INFO: Asset ID K01-0004, found during AssetTiger import, does not exist in the latest WaTCHdb. It will be added.
INFO: Asset ID K01-0006, found during AssetTiger import, does not exist in the latest WaTCHdb. It will be added.
INFO: Asset ID K01-0011, found during AssetTiger import, does not exist in the latest WaTCHdb. It will be added.
INFO: Asset ID K01-0016, found during AssetTiger import, does not exist in the latest WaTCHdb. It will be added.
INFO: Asset ID K01-0023, found during AssetTiger import, does not exist in the latest WaTCHdb. It will be added.
INFO: Sample A01-0145 has a new calculated value of 70239.2754703759.
INFO: Sample A01-0145 has a new calculated value of 7018.63291673362.
INFO: Sample A01-0145 has a new calculated value of 87817.4990415572.
INFO: Sample B01-0038 has a new calculated value of 0.
INFO: Sample B01-0038 has a new calculated value of 0.
INFO: Sample B01-0038 has a new calculated value of 24438.348300755.
INFO: Sample C01-0071 has a new calculated value of 42979.0800064801.
INFO: Sample C01-0071 has a new calculated value of 0.
INFO: Sample C01-0071 has a new calculated value of 50146.5500146151.
INFO: Sample A01-0137 has a new calculated value of 40241.7341619729.
INFO: Sample A01-0137 has a new calculated value of 8045.25705054402.
INFO: Sample A01-0137 has a new calculated value of 45610.2211028338.
INFO: Sample A01-0142 has a new calculated value of 45695.9646195173.
INFO: Sample A01-0142 has a new calculated value of 17130.1489323377.
INFO: Sample A01-0142 has a new calculated value of 51411.4643633366.
INFO: Sample K01-0016 has a new calculated value of 25321.0521116853.
INFO: Sample K01-0016 has a new calculated value of 0.
INFO: Sample K01-0016 has a new calculated value of 25321.0521116853.
INFO: Sample H01-0057 has a new calculated value of 3200.22626314312.
INFO: Sample H01-0057 has a new calculated value of 3200.22626314312.
INFO: Sample H01-0057 has a new calculated value of 0.
INFO: Sample G01-0079 has a new calculated value of 28188.6100396514.
INFO: Sample G01-0079 has a new calculated value of 18790.3009727597.
INFO: Sample G01-0079 has a new calculated value of 34455.3208351135.
INFO: Sample H01-0056 has a new calculated value of 0.
INFO: Sample H01-0056 has a new calculated value of 0.
INFO: Sample H01-0056 has a new calculated value of 3475.99131055176.
INFO: Sample B01-0037 has a new calculated value of 0.
INFO: Sample B01-0037 has a new calculated value of 0.
INFO: Sample B01-0037 has a new calculated value of 0.
INFO: Sample B01-0036 has a new calculated value of 0.
INFO: Sample B01-0036 has a new calculated value of 0.
INFO: Sample B01-0036 has a new calculated value of 4258.67641344667.
INFO: Sample E02-0024 has a new calculated value of 2718.45381706953.
INFO: Sample E02-0024 has a new calculated value of 0.
INFO: Sample E02-0024 has a new calculated value of 0.
INFO: Sample H01-0054 has a new calculated value of 5580.42238466441.
INFO: Sample H01-0054 has a new calculated value of 2790.11855833233.
INFO: Sample H01-0054 has a new calculated value of 8370.91307155787.
INFO: Sample A01-0127 has a new calculated value of 3720.36431450396.
INFO: Sample A01-0127 has a new calculated value of 3720.36431450396.
INFO: Sample A01-0127 has a new calculated value of 7441.0593509674.
INFO: Sample H01-0096 has a new calculated value of 5540.21975956858.
INFO: Sample H01-0096 has a new calculated value of 2770.01857291907.
INFO: Sample H01-0096 has a new calculated value of 11081.1731591821.
INFO: Sample K01-0006 has a new calculated value of 0.
INFO: Sample K01-0006 has a new calculated value of 0.
INFO: Sample K01-0006 has a new calculated value of 24194.2892968655.
INFO: Sample K01-0011 has a new calculated value of 19753.0617937445.
INFO: Sample K01-0011 has a new calculated value of 0.
INFO: Sample K01-0011 has a new calculated value of 16930.6264445186.
INFO: Sample E02-0025 has a new calculated value of 2558.79394244403.
INFO: Sample E02-0025 has a new calculated value of 2558.79394244403.
INFO: Sample E02-0025 has a new calculated value of 5117.74395592512.
INFO: Sample K01-0023 has a new calculated value of 5620.83628959955.
INFO: Sample K01-0023 has a new calculated value of 0.
INFO: Sample K01-0023 has a new calculated value of 8431.53711408377.
INFO: Sample A01-0139 has a new calculated value of 134117.757976055.
INFO: Sample A01-0139 has a new calculated value of 10043.9579598606.
INFO: Sample A01-0139 has a new calculated value of 160992.893278599.
INFO: Sample A01-0141 has a new calculated value of 9965.15057981013.
INFO: Sample A01-0141 has a new calculated value of 16609.9015250802.
INFO: Sample A01-0141 has a new calculated value of 13287.394400686.
INFO: Sample K01-0004 has a new calculated value of 4741.41793325545.
INFO: Sample K01-0004 has a new calculated value of 0.
INFO: Sample K01-0004 has a new calculated value of 9483.37202891707.
INFO: Sample G01-0039 has a new calculated value of 8318.30173730851.
INFO: Sample G01-0039 has a new calculated value of 0.
INFO: Sample G01-0039 has a new calculated value of 12478.07264328.
INFO: Sample C01-0069 has a new calculated value of 31154.7305434942.
INFO: Sample C01-0069 has a new calculated value of 0.
INFO: Sample C01-0069 has a new calculated value of 58867.2772049903.
INFO: Sample A01-0140 has a new calculated value of 3649.41994193941.
INFO: Sample A01-0140 has a new calculated value of 0.
INFO: Sample A01-0140 has a new calculated value of 0.
INFO: Sample C01-0067 has a new calculated value of 10166.5894500911.
INFO: Sample C01-0067 has a new calculated value of 3388.58914095908.
INFO: Sample C01-0067 has a new calculated value of 23725.8787080645.
INFO: Sample C01-0065 has a new calculated value of 43062.8699809312.
INFO: Sample C01-0065 has a new calculated value of 6622.17797711493.
INFO: Sample C01-0065 has a new calculated value of 59637.304097414.
INFO: Sample A01-0135 has a new calculated value of 3207.32829160988.
INFO: Sample A01-0135 has a new calculated value of 6414.90236856045.
INFO: Sample A01-0135 has a new calculated value of 9622.72116914391.
INFO: Sample A01-0138 has a new calculated value of 18102.0892783999.
INFO: Sample A01-0138 has a new calculated value of 0.
INFO: Sample A01-0138 has a new calculated value of 28967.0944958925.
INFO: Sample A01-0132 has a new calculated value of 51172.4824458361.
INFO: Sample A01-0132 has a new calculated value of 24073.3862668276.
INFO: Sample A01-0132 has a new calculated value of 48160.6087088586.
INFO: Sample H01-0055 has a new calculated value of 2809.57037117332.
INFO: Sample H01-0055 has a new calculated value of 2809.57037117332.
INFO: Sample H01-0055 has a new calculated value of 8429.27567660808.
INFO: Sample A01-0126 has a new calculated value of 9999.22821298241.
INFO: Sample A01-0126 has a new calculated value of 3332.81073253602.
INFO: Sample A01-0126 has a new calculated value of 20000.8431449533.
INFO: Sample H01-0094 has a new calculated value of 20385.0985318422.
INFO: Sample H01-0094 has a new calculated value of 0.
INFO: Sample H01-0094 has a new calculated value of 13588.9650508762.
INFO: Sample G01-0038 has a new calculated value of 0.
INFO: Sample G01-0038 has a new calculated value of 0.
INFO: Sample G01-0038 has a new calculated value of 14326.3603560626.
INFO: Sample A01-0125 has a new calculated value of 6472.85940125584.
INFO: Sample A01-0125 has a new calculated value of 0.
INFO: Sample A01-0125 has a new calculated value of 16184.0229481459.
INFO: Sample C01-0072 has a new calculated value of 3686.98156904429.
INFO: Sample C01-0072 has a new calculated value of 0.
INFO: Sample C01-0072 has a new calculated value of 3686.98156904429.
INFO: Sample H01-0097 has a new calculated value of 19471.2038710714.
INFO: Sample H01-0097 has a new calculated value of 0.
INFO: Sample H01-0097 has a new calculated value of 22253.542765975.
INFO: Sample A01-0143 has a new calculated value of 49742.362126708.
INFO: Sample A01-0143 has a new calculated value of 7648.83024618029.
INFO: Sample A01-0143 has a new calculated value of 57400.2816528083.
INFO: Sample A01-0144 has a new calculated value of 35852.6683598757.
INFO: Sample A01-0144 has a new calculated value of 17922.4992915988.
INFO: Sample A01-0144 has a new calculated value of 44820.6248134374.
INFO: Sample H01-0053 has a new calculated value of 13205.131161958.
INFO: Sample H01-0053 has a new calculated value of 5281.55324980618.
INFO: Sample H01-0053 has a new calculated value of 10563.7721903622.
INFO: Sample G01-0033 has a new calculated value of 9509.19276103378.
INFO: Sample G01-0033 has a new calculated value of 3169.49088592082.
INFO: Sample G01-0033 has a new calculated value of 9509.19276103378.
INFO: Sample H01-0052 has a new calculated value of 0.
INFO: Sample H01-0052 has a new calculated value of 0.
INFO: Sample H01-0052 has a new calculated value of 0.
INFO: Sample A01-0133 has a new calculated value of 33907.6728746295.
INFO: Sample A01-0133 has a new calculated value of 7532.66827203333.
INFO: Sample A01-0133 has a new calculated value of 30138.7993991375.
INFO: Sample C01-0064 has a new calculated value of 45201.8161118031.
INFO: Sample C01-0064 has a new calculated value of 0.
INFO: Sample C01-0064 has a new calculated value of 35511.6053670645.
INFO: Sample G01-0078 has a new calculated value of 61194.994971156.
INFO: Sample G01-0078 has a new calculated value of 3397.37875387073.
INFO: Sample G01-0078 has a new calculated value of 71402.8519392013.
INFO: Sample C01-0066 has a new calculated value of 24386.8023902178.
INFO: Sample C01-0066 has a new calculated value of 6095.37027776243.
INFO: Sample C01-0066 has a new calculated value of 42686.2185448407.
INFO: Sample C01-0070 has a new calculated value of 65358.2780063152.
INFO: Sample C01-0070 has a new calculated value of 0.
INFO: Sample C01-0070 has a new calculated value of 62243.6649352313.
INFO: Sample H01-0100 has a new calculated value of 18443.020619452.
INFO: Sample H01-0100 has a new calculated value of 0.
INFO: Sample H01-0100 has a new calculated value of 46122.7796226739.
INFO: Sample A01-0136 has a new calculated value of 16556.0984238982.
INFO: Sample A01-0136 has a new calculated value of 9932.87466466426.
INFO: Sample A01-0136 has a new calculated value of 16556.0984238982.
INFO: Sample G01-0034 has a new calculated value of 0.
INFO: Sample G01-0034 has a new calculated value of 0.
INFO: Sample G01-0034 has a new calculated value of 0.
INFO: Sample G01-0048 has a new calculated value of 11747.3937012255.
INFO: Sample G01-0048 has a new calculated value of 2936.53973378241.
INFO: Sample G01-0048 has a new calculated value of 11747.3937012255.
INFO: Sample E02-0023 has a new calculated value of 6164.40145298838.
INFO: Sample E02-0023 has a new calculated value of 6164.40145298838.
INFO: Sample E02-0023 has a new calculated value of 3082.08738919348.
INFO: Sample A01-0131 has a new calculated value of 11398.8753966987.
INFO: Sample A01-0131 has a new calculated value of 3799.28078502417.
INFO: Sample A01-0131 has a new calculated value of 26602.1999716759.
INFO: Sample H01-0098 has a new calculated value of 11592.2452881932.
INFO: Sample H01-0098 has a new calculated value of 0.
INFO: Sample H01-0098 has a new calculated value of 23187.6990571618.
INFO: Sample H01-0095 has a new calculated value of 9285.86784750223.
INFO: Sample H01-0095 has a new calculated value of 6190.35012088717.
INFO: Sample H01-0095 has a new calculated value of 15477.5891639292.
INFO: Sample C01-0063 has a new calculated value of 39185.1353645325.
INFO: Sample C01-0063 has a new calculated value of 9792.85027831794.
INFO: Sample C01-0063 has a new calculated value of 22853.5414114594.
INFO: Sample A01-0134 has a new calculated value of 19639.0832215548.
INFO: Sample A01-0134 has a new calculated value of 7854.52868789433.
INFO: Sample A01-0134 has a new calculated value of 27497.2939118743.
INFO: Sample H01-0051 has a new calculated value of 19318.6279758811.
INFO: Sample H01-0051 has a new calculated value of 2759.25896130502.
INFO: Sample H01-0051 has a new calculated value of 27600.7679477334.
INFO: Sample G01-0044 has a new calculated value of 43243.0332899092.
INFO: Sample G01-0044 has a new calculated value of 3087.30913326144.
INFO: Sample G01-0044 has a new calculated value of 52515.2072310448.
INFO: Sample H01-0099 has a new calculated value of 39773.9202529193.
INFO: Sample H01-0099 has a new calculated value of 0.
INFO: Sample H01-0099 has a new calculated value of 46406.5783470868.
INFO: Sample C01-0068 has a new calculated value of 25227.4264767766.
INFO: Sample C01-0068 has a new calculated value of 0.
INFO: Sample C01-0068 has a new calculated value of 50470.0481146574.
LOW : WaTCH status of H01-0096 has been changed to Complete.
LOW : WaTCH status of H01-0094 has been changed to Complete.
LOW : WaTCH status of A01-0145 has been changed to Complete.
LOW : WaTCH status of G02-0012 has been changed to Complete.
LOW : WaTCH status of B01-0037 has been changed to Complete.
LOW : WaTCH status of E02-0023 has been changed to Complete.
LOW : WaTCH status of G01-0048 has been changed to Complete.
LOW : WaTCH status of C01-0065 has been changed to Complete.
LOW : WaTCH status of K01-0004 has been changed to Complete.
LOW : WaTCH status of G01-0039 has been changed to Complete.
LOW : WaTCH status of H01-0056 has been changed to Complete.
LOW : WaTCH status of A01-0125 has been changed to Complete.
LOW : WaTCH status of A01-0138 has been changed to Complete.
LOW : WaTCH status of K01-0016 has been changed to Complete.
LOW : WaTCH status of A01-0131 has been changed to Complete.
LOW : WaTCH status of G01-0033 has been changed to Complete.
LOW : WaTCH status of H01-0053 has been changed to Complete.
LOW : WaTCH status of C01-0064 has been changed to Complete.
LOW : WaTCH status of A01-0140 has been changed to Complete.
LOW : WaTCH status of A01-0134 has been changed to Complete.
LOW : WaTCH status of H01-0055 has been changed to Complete.
LOW : WaTCH status of C01-0063 has been changed to Complete.
LOW : WaTCH status of E02-0025 has been changed to Complete.
LOW : WaTCH status of K01-0006 has been changed to Complete.
LOW : WaTCH status of A01-0132 has been changed to Complete.
LOW : WaTCH status of C01-0070 has been changed to Complete.
LOW : WaTCH status of C01-0066 has been changed to Complete.
LOW : WaTCH status of A01-0127 has been changed to Complete.
LOW : WaTCH status of A01-0135 has been changed to Complete.
LOW : WaTCH status of G01-0079 has been changed to Complete.
LOW : WaTCH status of K01-0011 has been changed to Complete.
LOW : WaTCH status of C01-0071 has been changed to Complete.
LOW : WaTCH status of C01-0068 has been changed to Complete.
LOW : WaTCH status of H01-0097 has been changed to Complete.
LOW : WaTCH status of H01-0100 has been changed to Complete.
LOW : WaTCH status of A01-0137 has been changed to Complete.
LOW : WaTCH status of B01-0036 has been changed to Complete.
LOW : WaTCH status of H01-0054 has been changed to Complete.
LOW : WaTCH status of H01-0098 has been changed to Complete.
LOW : WaTCH status of A01-0133 has been changed to Complete.
LOW : WaTCH status of K01-0023 has been changed to Complete.
LOW : WaTCH status of A01-0142 has been changed to Complete.
LOW : WaTCH status of H01-0099 has been changed to Complete.
LOW : WaTCH status of A01-0144 has been changed to Complete.
LOW : WaTCH status of E02-0024 has been changed to Complete.
LOW : WaTCH status of A01-0143 has been changed to Complete.
LOW : WaTCH status of A01-0126 has been changed to Complete.
LOW : WaTCH status of H01-0057 has been changed to Complete.
LOW : WaTCH status of H01-0095 has been changed to Complete.
LOW : WaTCH status of G01-0038 has been changed to Complete.
LOW : WaTCH status of G01-0078 has been changed to Complete.
LOW : WaTCH status of A01-0139 has been changed to Complete.
LOW : WaTCH status of C01-0067 has been changed to Complete.
LOW : WaTCH status of C01-0069 has been changed to Complete.
LOW : WaTCH status of A01-0141 has been changed to Complete.
LOW : WaTCH status of G01-0044 has been changed to Complete.
LOW : WaTCH status of H01-0051 has been changed to Complete.
LOW : WaTCH status of C01-0072 has been changed to Complete.
LOW : WaTCH status of H01-0052 has been changed to Complete.
LOW : WaTCH status of G01-0034 has been changed to Complete.
LOW : WaTCH status of A01-0136 has been changed to Complete.
#
# WaTCHdb update complete.
# 2022-01-13.16-51-21.
