# WaTCHdb update log.
# Command: 2_updateWaTCH.pl.
# Data output written to updates/watchdb/watchdb.2023-01-30.11-55-56.txt and updates/watchdb.LATEST.txt.
# Fatal errors and system warnings are NOT logged here; see STDERR for those.
#
# Run started 2023-01-30.11-55-56.
#
4 molecular targets added.
INFO: Finished WaTCHdb import. 6832 total assets present.
INFO: Finished AssetTiger import. 52 new assets added. 6884 total assets present.
INFO: Sample O01-0232 1.1 has a new calculated value of 0.
INFO: Sample O01-0232 1.1 has a new calculated value of 8553.6834038794.
INFO: Sample O01-0232 1.1 has a new calculated value of 11405.2732475102.
INFO: Sample N03-0246 1.1 has a new calculated value of 0.
INFO: Sample N03-0246 1.1 has a new calculated value of 87956.3789069652.
INFO: Sample N03-0246 1.1 has a new calculated value of 100186.215788126.
INFO: Sample R01-0212 1.1 has a new calculated value of 0.
INFO: Sample R01-0212 1.1 has a new calculated value of 0.
INFO: Sample R01-0212 1.1 has a new calculated value of 0.
INFO: Sample R01-0208 1.1 has a new calculated value of 18488.4256124496.
INFO: Sample R01-0208 1.1 has a new calculated value of 11554.3709881604.
INFO: Sample R01-0208 1.1 has a new calculated value of 13865.6046800315.
INFO: Sample M04-0172 1.1 has a new calculated value of 0.
INFO: Sample M04-0172 1.1 has a new calculated value of 8998.25759232045.
INFO: Sample M04-0172 1.1 has a new calculated value of 8998.25759232045.
INFO: Sample K01-0222 1.1 has a new calculated value of 5421.81758210064.
INFO: Sample K01-0222 1.1 has a new calculated value of 236457.533240318.
INFO: Sample K01-0222 1.1 has a new calculated value of 225558.534264564.
INFO: Sample O01-0241 1.1 has a new calculated value of 0.
INFO: Sample O01-0241 1.1 has a new calculated value of 2718.88619754463.
INFO: Sample O01-0241 1.1 has a new calculated value of 13596.0795544088.
INFO: Sample O01-0242 1.1 has a new calculated value of 0.
INFO: Sample O01-0242 1.1 has a new calculated value of 0.
INFO: Sample O01-0242 1.1 has a new calculated value of 5612.99186199902.
INFO: Sample R02-0201 1.1 has a new calculated value of 0.
INFO: Sample R02-0201 1.1 has a new calculated value of 16129.5403540134.
INFO: Sample R02-0201 1.1 has a new calculated value of 13824.9646313489.
INFO: Sample R02-0197 1.1 has a new calculated value of 4831.14869333804.
INFO: Sample R02-0197 1.1 has a new calculated value of 12078.8493007422.
INFO: Sample R02-0197 1.1 has a new calculated value of 21744.2712932825.
INFO: Sample O01-0246 1.1 has a new calculated value of 0.
INFO: Sample O01-0246 1.1 has a new calculated value of 5387.59449496866.
INFO: Sample O01-0246 1.1 has a new calculated value of 5387.59449496866.
INFO: Sample R01-0222 1.1 has a new calculated value of 78845.9922373296.
INFO: Sample R01-0222 1.1 has a new calculated value of 15758.1040263176.
INFO: Sample R01-0222 1.1 has a new calculated value of 3151.17748919875.
INFO: Sample R02-0199 1.1 has a new calculated value of 2375.80887973309.
INFO: Sample R02-0199 1.1 has a new calculated value of 33272.7950066328.
INFO: Sample R02-0199 1.1 has a new calculated value of 42783.8446944953.
INFO: Sample N03-0247 1.1 has a new calculated value of 2329.97893821448.
INFO: Sample N03-0247 1.1 has a new calculated value of 44290.3272807597.
INFO: Sample N03-0247 1.1 has a new calculated value of 48955.0166577102.
INFO: Sample M04-0164 1.1 has a new calculated value of 0.
INFO: Sample M04-0164 1.1 has a new calculated value of 2634.33285523206.
INFO: Sample M04-0164 1.1 has a new calculated value of 2634.33285523206.
INFO: Sample O01-0236 1.1 has a new calculated value of 0.
INFO: Sample O01-0236 1.1 has a new calculated value of 2518.83418299258.
INFO: Sample O01-0236 1.1 has a new calculated value of 5037.81010396779.
INFO: Sample M03-0198 1.1 has a new calculated value of 0.
INFO: Sample M03-0198 1.1 has a new calculated value of 0.
INFO: Sample M03-0198 1.1 has a new calculated value of 0.
INFO: Sample J01-0212 1.1 has a new calculated value of 2533.50220620632.
INFO: Sample J01-0212 1.1 has a new calculated value of 2533.50220620632.
INFO: Sample J01-0212 1.1 has a new calculated value of 50697.2790509461.
INFO: Sample R02-0180 1.1 has a new calculated value of 0.
INFO: Sample R02-0180 1.1 has a new calculated value of 35196.0361003876.
INFO: Sample R02-0180 1.1 has a new calculated value of 35196.0361003876.
INFO: Sample R01-0216 1.1 has a new calculated value of 13398.5106088221.
INFO: Sample R01-0216 1.1 has a new calculated value of 10718.4884883464.
INFO: Sample R01-0216 1.1 has a new calculated value of 0.
INFO: Sample J01-0213 1.1 has a new calculated value of 2444.7649391368.
INFO: Sample J01-0213 1.1 has a new calculated value of 2444.7649391368.
INFO: Sample J01-0213 1.1 has a new calculated value of 107696.039825678.
INFO: Sample M03-0199 1.1 has a new calculated value of 0.
INFO: Sample M03-0199 1.1 has a new calculated value of 0.
INFO: Sample M03-0199 1.1 has a new calculated value of 0.
INFO: Sample J01-0215 1.1 has a new calculated value of 0.
INFO: Sample J01-0215 1.1 has a new calculated value of 0.
INFO: Sample J01-0215 1.1 has a new calculated value of 0.
INFO: Sample M04-0166 1.1 has a new calculated value of 2428.99539414793.
INFO: Sample M04-0166 1.1 has a new calculated value of 7287.38087229432.
INFO: Sample M04-0166 1.1 has a new calculated value of 12146.2932229042.
INFO: Sample M04-0157 1.1 has a new calculated value of 0.
INFO: Sample M04-0157 1.1 has a new calculated value of 7108.20654407144.
INFO: Sample M04-0157 1.1 has a new calculated value of 7108.20654407144.
INFO: Sample R01-0223 1.1 has a new calculated value of 6742.59952269494.
INFO: Sample R01-0223 1.1 has a new calculated value of 16858.4027141333.
INFO: Sample R01-0223 1.1 has a new calculated value of 0.
INFO: Sample K01-0225 1.1 has a new calculated value of 7587.63712830843.
INFO: Sample K01-0225 1.1 has a new calculated value of 151997.391879559.
INFO: Sample K01-0225 1.1 has a new calculated value of 159610.804617405.
INFO: Sample K01-0223 1.1 has a new calculated value of 2491.3863837719.
INFO: Sample K01-0223 1.1 has a new calculated value of 112249.738276005.
INFO: Sample K01-0223 1.1 has a new calculated value of 117245.149612427.
INFO: Sample R02-0195 1.1 has a new calculated value of 0.
INFO: Sample R02-0195 1.1 has a new calculated value of 24326.2171000242.
INFO: Sample R02-0195 1.1 has a new calculated value of 29193.0450126529.
INFO: Sample J01-0214 1.1 has a new calculated value of 0.
INFO: Sample J01-0214 1.1 has a new calculated value of 2407.33390208334.
INFO: Sample J01-0214 1.1 has a new calculated value of 7222.390556708.
INFO: Sample M03-0192 1.1 has a new calculated value of 0.
INFO: Sample M03-0192 1.1 has a new calculated value of 2450.37978049368.
INFO: Sample M03-0192 1.1 has a new calculated value of 0.
INFO: Sample N03-0248 1.1 has a new calculated value of 0.
INFO: Sample N03-0248 1.1 has a new calculated value of 46205.1766365768.
INFO: Sample N03-0248 1.1 has a new calculated value of 53910.6776565314.
INFO: Sample M03-0191 1.1 has a new calculated value of 2640.07536694408.
INFO: Sample M03-0191 1.1 has a new calculated value of 5280.30627407133.
INFO: Sample M03-0191 1.1 has a new calculated value of 2640.07536694408.
INFO: Sample M04-0167 1.1 has a new calculated value of 0.
INFO: Sample M04-0167 1.1 has a new calculated value of 21224.7394770384.
INFO: Sample M04-0167 1.1 has a new calculated value of 23583.6650803685.
INFO: Sample K01-0210 1.1 has a new calculated value of 5034.9795911461.
INFO: Sample K01-0210 1.1 has a new calculated value of 133618.483543396.
INFO: Sample K01-0210 1.1 has a new calculated value of 123520.156592131.
INFO: Sample M03-0197 1.1 has a new calculated value of 2354.83431257308.
INFO: Sample M03-0197 1.1 has a new calculated value of 4709.79231409728.
INFO: Sample M03-0197 1.1 has a new calculated value of 4709.79231409728.
LOW : WaTCH status of R01-0222 1.1 has been changed to Complete.
LOW : WaTCH status of M03-0197 1.1 has been changed to Complete.
LOW : WaTCH status of M04-0166 1.1 has been changed to Complete.
LOW : WaTCH status of O01-0236 1.1 has been changed to Complete.
LOW : WaTCH status of K01-0225 1.1 has been changed to Complete.
LOW : WaTCH status of R01-0212 1.1 has been changed to Complete.
LOW : WaTCH status of N03-0248 1.1 has been changed to Complete.
LOW : WaTCH status of K01-0223 1.1 has been changed to Complete.
LOW : WaTCH status of R02-0195 1.1 has been changed to Complete.
LOW : WaTCH status of R01-0216 1.1 has been changed to Complete.
LOW : WaTCH status of M03-0191 1.1 has been changed to Complete.
LOW : WaTCH status of N03-0246 1.1 has been changed to Complete.
LOW : WaTCH status of J01-0212 1.1 has been changed to Complete.
LOW : WaTCH status of O01-0241 1.1 has been changed to Complete.
LOW : WaTCH status of K01-0210 1.1 has been changed to Complete.
LOW : WaTCH status of O01-0232 1.1 has been changed to Complete.
LOW : WaTCH status of R02-0197 1.1 has been changed to Complete.
LOW : WaTCH status of O01-0242 1.1 has been changed to Complete.
LOW : WaTCH status of N03-0247 1.1 has been changed to Complete.
LOW : WaTCH status of R01-0223 1.1 has been changed to Complete.
LOW : WaTCH status of K01-0222 1.1 has been changed to Complete.
LOW : WaTCH status of R02-0199 1.1 has been changed to Complete.
LOW : WaTCH status of M03-0192 1.1 has been changed to Complete.
LOW : WaTCH status of M03-0198 1.1 has been changed to Complete.
LOW : WaTCH status of R01-0208 1.1 has been changed to Complete.
LOW : WaTCH status of M03-0199 1.1 has been changed to Complete.
LOW : WaTCH status of M04-0172 1.1 has been changed to Complete.
LOW : WaTCH status of R02-0201 1.1 has been changed to Complete.
LOW : WaTCH status of M04-0167 1.1 has been changed to Complete.
LOW : WaTCH status of O01-0246 1.1 has been changed to Complete.
LOW : WaTCH status of M04-0164 1.1 has been changed to Complete.
LOW : WaTCH status of J01-0215 1.1 has been changed to Complete.
LOW : WaTCH status of J01-0213 1.1 has been changed to Complete.
LOW : WaTCH status of M04-0157 1.1 has been changed to Complete.
LOW : WaTCH status of R02-0180 1.1 has been changed to Complete.
LOW : WaTCH status of J01-0214 1.1 has been changed to Complete.
#
# WaTCHdb update complete.
# 2023-01-30.11-55-57.
