# WaTCHdb update log.
# Command: 2_updateWaTCH.pl.
# Data output written to DB/INCREMENTAL/watchdb.2022-04-12.09-32-20.txt and DB/watchdb.LATEST.txt.
# Fatal errors and system warnings are NOT logged here; see STDERR for those.
#
# Run started 2022-04-12.09-32-20.
#
4 molecular targets added.
INFO: Finished WaTCHdb import. 2356 total assets present.
INFO: Finished AssetTiger import. 38 new assets added. 2394 total assets present.
INFO: Sample N03-0018 1.1 has a new calculated value of 0.
INFO: Sample N03-0018 1.1 has a new calculated value of 0.
INFO: Sample N03-0018 1.1 has a new calculated value of 3011.0108340159.
INFO: Sample O01-0004 1.1 has a new calculated value of 0.
INFO: Sample O01-0004 1.1 has a new calculated value of 0.
INFO: Sample O01-0004 1.1 has a new calculated value of 8346.463534981.
INFO: Sample M04-0028 1.1 has a new calculated value of 0.
INFO: Sample M04-0028 1.1 has a new calculated value of 0.
INFO: Sample M04-0028 1.1 has a new calculated value of 0.
INFO: Sample R01-0037 1.1 has a new calculated value of 11553.1011857092.
INFO: Sample R01-0037 1.1 has a new calculated value of 20220.0178429484.
INFO: Sample R01-0037 1.1 has a new calculated value of 23109.3874946237.
INFO: Sample M03-0042 1.1 has a new calculated value of 0.
INFO: Sample M03-0042 1.1 has a new calculated value of 2698.50087817758.
INFO: Sample M03-0042 1.1 has a new calculated value of 2698.50087817758.
INFO: Sample J01-0017 1.1 has a new calculated value of 0.
INFO: Sample J01-0017 1.1 has a new calculated value of 0.
INFO: Sample J01-0017 1.1 has a new calculated value of 0.
INFO: Sample O01-0023 1.1 has a new calculated value of 0.
INFO: Sample O01-0023 1.1 has a new calculated value of 0.
INFO: Sample O01-0023 1.1 has a new calculated value of 2830.05947247148.
INFO: Sample M03-0048 1.1 has a new calculated value of 0.
INFO: Sample M03-0048 1.1 has a new calculated value of 5410.76201945544.
INFO: Sample M03-0048 1.1 has a new calculated value of 10822.2237043083.
INFO: Sample J01-0018 1.1 has a new calculated value of 0.
INFO: Sample J01-0018 1.1 has a new calculated value of 3259.2065166682.
INFO: Sample J01-0018 1.1 has a new calculated value of 6518.66625063121.
INFO: Sample L01-0051 1.1 has a new calculated value of 0.
INFO: Sample L01-0051 1.1 has a new calculated value of 0.
INFO: Sample L01-0051 1.1 has a new calculated value of 0.
INFO: Sample P01-0048 1.1 has a new calculated value of 0.
INFO: Sample P01-0048 1.1 has a new calculated value of 3428.5053703934.
INFO: Sample P01-0048 1.1 has a new calculated value of 6857.2915624827.
INFO: Sample P01-0045 1.1 has a new calculated value of 0.
INFO: Sample P01-0045 1.1 has a new calculated value of 9872.81916663049.
INFO: Sample P01-0045 1.1 has a new calculated value of 9872.81916663049.
INFO: Sample K01-0070 1.1 has a new calculated value of 0.
INFO: Sample K01-0070 1.1 has a new calculated value of 8025.23005753756.
INFO: Sample K01-0070 1.1 has a new calculated value of 5349.98296760021.
INFO: Sample J01-0020 1.1 has a new calculated value of 0.
INFO: Sample J01-0020 1.1 has a new calculated value of 0.
INFO: Sample J01-0020 1.1 has a new calculated value of 0.
INFO: Sample M03-0039 1.1 has a new calculated value of 0.
INFO: Sample M03-0039 1.1 has a new calculated value of 0.
INFO: Sample M03-0039 1.1 has a new calculated value of 2510.81404276192.
INFO: Sample P01-0049 1.1 has a new calculated value of 0.
INFO: Sample P01-0049 1.1 has a new calculated value of 2949.97458346188.
INFO: Sample P01-0049 1.1 has a new calculated value of 2949.97458346188.
INFO: Sample D01-0055 1.1 has a new calculated value of 0.
INFO: Sample D01-0055 1.1 has a new calculated value of 15126.5047118068.
INFO: Sample D01-0055 1.1 has a new calculated value of 7562.5702086836.
INFO: Sample N03-0024 1.1 has a new calculated value of 0.
INFO: Sample N03-0024 1.1 has a new calculated value of 0.
INFO: Sample N03-0024 1.1 has a new calculated value of 0.
INFO: Sample K01-0057 1.1 has a new calculated value of 0.
INFO: Sample K01-0057 1.1 has a new calculated value of 8434.36444178222.
INFO: Sample K01-0057 1.1 has a new calculated value of 5622.72135168313.
INFO: Sample L01-0057 1.1 has a new calculated value of 0.
INFO: Sample L01-0057 1.1 has a new calculated value of 2310.52473653108.
INFO: Sample L01-0057 1.1 has a new calculated value of 4621.17687799036.
INFO: Sample R01-0049 1.1 has a new calculated value of 0.
INFO: Sample R01-0049 1.1 has a new calculated value of 16549.5614893734.
INFO: Sample R01-0049 1.1 has a new calculated value of 16549.5614893734.
INFO: Sample L01-0058 1.1 has a new calculated value of 0.
INFO: Sample L01-0058 1.1 has a new calculated value of 0.
INFO: Sample L01-0058 1.1 has a new calculated value of 2477.12791431695.
INFO: Sample O01-0017 1.1 has a new calculated value of 0.
INFO: Sample O01-0017 1.1 has a new calculated value of 11301.5412166715.
INFO: Sample O01-0017 1.1 has a new calculated value of 5650.38945525883.
INFO: Sample N03-0014 1.1 has a new calculated value of 0.
INFO: Sample N03-0014 1.1 has a new calculated value of 6302.52113565802.
INFO: Sample N03-0014 1.1 has a new calculated value of 6302.52113565802.
INFO: Sample O01-0011 1.1 has a new calculated value of 0.
INFO: Sample O01-0011 1.1 has a new calculated value of 22604.6070456505.
INFO: Sample O01-0011 1.1 has a new calculated value of 8475.29858350754.
INFO: Sample R01-0031 1.1 has a new calculated value of 3849.53061584384.
INFO: Sample R01-0031 1.1 has a new calculated value of 23102.4885177612.
INFO: Sample R01-0031 1.1 has a new calculated value of 23102.4885177612.
INFO: Sample M04-0044 1.1 has a new calculated value of 0.
INFO: Sample M04-0044 1.1 has a new calculated value of 2892.36154407263.
INFO: Sample M04-0044 1.1 has a new calculated value of 2892.36154407263.
INFO: Sample M03-0032 1.1 has a new calculated value of 0.
INFO: Sample M03-0032 1.1 has a new calculated value of 5234.06359367072.
INFO: Sample M03-0032 1.1 has a new calculated value of 2616.95004533976.
INFO: Sample K01-0065 1.1 has a new calculated value of 0.
INFO: Sample K01-0065 1.1 has a new calculated value of 2724.46228656918.
INFO: Sample K01-0065 1.1 has a new calculated value of 8173.91797900199.
INFO: Sample N03-0004 1.1 has a new calculated value of 0.
INFO: Sample N03-0004 1.1 has a new calculated value of 58537.9397124052.
INFO: Sample N03-0004 1.1 has a new calculated value of 66907.1821868419.
INFO: Sample L01-0059 1.1 has a new calculated value of 0.
INFO: Sample L01-0059 1.1 has a new calculated value of 0.
INFO: Sample L01-0059 1.1 has a new calculated value of 0.
INFO: Sample J01-0021 1.1 has a new calculated value of 0.
INFO: Sample J01-0021 1.1 has a new calculated value of 0.
INFO: Sample J01-0021 1.1 has a new calculated value of 0.
INFO: Sample N03-0019 1.1 has a new calculated value of 0.
INFO: Sample N03-0019 1.1 has a new calculated value of 0.
INFO: Sample N03-0019 1.1 has a new calculated value of 0.
INFO: Sample N03-0008 1.1 has a new calculated value of 0.
INFO: Sample N03-0008 1.1 has a new calculated value of 25826.2912184.
INFO: Sample N03-0008 1.1 has a new calculated value of 17215.7586738467.
INFO: Sample L01-0052 1.1 has a new calculated value of 0.
INFO: Sample L01-0052 1.1 has a new calculated value of 0.
INFO: Sample L01-0052 1.1 has a new calculated value of 5057.22661502659.
INFO: Sample L01-0053 1.1 has a new calculated value of 0.
INFO: Sample L01-0053 1.1 has a new calculated value of 33579.3036594987.
INFO: Sample L01-0053 1.1 has a new calculated value of 35978.8544476032.
INFO: Sample M04-0045 1.1 has a new calculated value of 0.
INFO: Sample M04-0045 1.1 has a new calculated value of 0.
INFO: Sample M04-0045 1.1 has a new calculated value of 0.
INFO: Sample P01-0043 1.1 has a new calculated value of 0.
INFO: Sample P01-0043 1.1 has a new calculated value of 3165.66077526659.
INFO: Sample P01-0043 1.1 has a new calculated value of 0.
INFO: Sample P01-0044 1.1 has a new calculated value of 0.
INFO: Sample P01-0044 1.1 has a new calculated value of 0.
INFO: Sample P01-0044 1.1 has a new calculated value of 0.
INFO: Sample M03-0036 1.1 has a new calculated value of 0.
INFO: Sample M03-0036 1.1 has a new calculated value of 5339.75872211158.
INFO: Sample M03-0036 1.1 has a new calculated value of 5339.75872211158.
INFO: Sample O01-0022 1.1 has a new calculated value of 0.
INFO: Sample O01-0022 1.1 has a new calculated value of 2700.0653045252.
INFO: Sample O01-0022 1.1 has a new calculated value of 0.
INFO: Sample K01-0064 1.1 has a new calculated value of 0.
INFO: Sample K01-0064 1.1 has a new calculated value of 14698.1470473111.
INFO: Sample K01-0064 1.1 has a new calculated value of 8818.26946511865.
INFO: Sample L01-0093 1.1 has a new calculated value of 0.
INFO: Sample L01-0093 1.1 has a new calculated value of 14389.4820660353.
INFO: Sample L01-0093 1.1 has a new calculated value of 19187.0738938451.
INFO: Sample M04-0050 1.1 has a new calculated value of 0.
INFO: Sample M04-0050 1.1 has a new calculated value of 0.
INFO: Sample M04-0050 1.1 has a new calculated value of 0.
INFO: Sample D01-0061 1.1 has a new calculated value of 0.
INFO: Sample D01-0061 1.1 has a new calculated value of 0.
INFO: Sample D01-0061 1.1 has a new calculated value of 0.
INFO: Sample R01-0027 1.1 has a new calculated value of 0.
INFO: Sample R01-0027 1.1 has a new calculated value of 3700.98151266576.
INFO: Sample R01-0027 1.1 has a new calculated value of 3700.98151266576.
INFO: Sample J01-0019 1.1 has a new calculated value of 0.
INFO: Sample J01-0019 1.1 has a new calculated value of 0.
INFO: Sample J01-0019 1.1 has a new calculated value of 0.
INFO: Sample R01-0032 1.1 has a new calculated value of 3251.1160383001.
INFO: Sample R01-0032 1.1 has a new calculated value of 22763.1115168333.
INFO: Sample R01-0032 1.1 has a new calculated value of 35776.1574536562.
LOW : WaTCH status of L01-0052 1.1 has been changed to Complete.
LOW : WaTCH status of P01-0049 1.1 has been changed to Complete.
LOW : WaTCH status of J01-0017 1.1 has been changed to Complete.
LOW : WaTCH status of M04-0050 1.1 has been changed to Complete.
LOW : WaTCH status of P01-0045 1.1 has been changed to Complete.
LOW : WaTCH status of R01-0049 1.1 has been changed to Complete.
LOW : WaTCH status of K01-0057 1.1 has been changed to Complete.
LOW : WaTCH status of L01-0058 1.1 has been changed to Complete.
LOW : WaTCH status of D01-0055 1.1 has been changed to Complete.
LOW : WaTCH status of J01-0020 1.1 has been changed to Complete.
LOW : WaTCH status of M04-0028 1.1 has been changed to Complete.
LOW : WaTCH status of M03-0032 1.1 has been changed to Complete.
LOW : WaTCH status of R01-0027 1.1 has been changed to Complete.
LOW : WaTCH status of M03-0039 1.1 has been changed to Complete.
LOW : WaTCH status of R01-0031 1.1 has been changed to Complete.
LOW : WaTCH status of L01-0053 1.1 has been changed to Complete.
LOW : WaTCH status of J01-0021 1.1 has been changed to Complete.
LOW : WaTCH status of O01-0011 1.1 has been changed to Complete.
LOW : WaTCH status of L01-0059 1.1 has been changed to Complete.
LOW : WaTCH status of L01-0093 1.1 has been changed to Complete.
LOW : WaTCH status of O01-0023 1.1 has been changed to Complete.
LOW : WaTCH status of N03-0004 1.1 has been changed to Complete.
LOW : WaTCH status of N03-0018 1.1 has been changed to Complete.
LOW : WaTCH status of P01-0048 1.1 has been changed to Complete.
LOW : WaTCH status of O01-0004 1.1 has been changed to Complete.
LOW : WaTCH status of N03-0014 1.1 has been changed to Complete.
LOW : WaTCH status of P01-0044 1.1 has been changed to Complete.
LOW : WaTCH status of O01-0017 1.1 has been changed to Complete.
LOW : WaTCH status of M03-0036 1.1 has been changed to Complete.
LOW : WaTCH status of N03-0008 1.1 has been changed to Complete.
LOW : WaTCH status of R01-0032 1.1 has been changed to Complete.
LOW : WaTCH status of L01-0051 1.1 has been changed to Complete.
LOW : WaTCH status of M03-0048 1.1 has been changed to Complete.
LOW : WaTCH status of P01-0043 1.1 has been changed to Complete.
LOW : WaTCH status of J01-0018 1.1 has been changed to Complete.
LOW : WaTCH status of L01-0057 1.1 has been changed to Complete.
LOW : WaTCH status of M03-0042 1.1 has been changed to Complete.
LOW : WaTCH status of K01-0065 1.1 has been changed to Complete.
LOW : WaTCH status of N03-0019 1.1 has been changed to Complete.
LOW : WaTCH status of N03-0024 1.1 has been changed to Complete.
LOW : WaTCH status of J01-0019 1.1 has been changed to Complete.
LOW : WaTCH status of M04-0045 1.1 has been changed to Complete.
LOW : WaTCH status of K01-0070 1.1 has been changed to Complete.
LOW : WaTCH status of M04-0044 1.1 has been changed to Complete.
LOW : WaTCH status of K01-0064 1.1 has been changed to Complete.
LOW : WaTCH status of R01-0037 1.1 has been changed to Complete.
LOW : WaTCH status of O01-0022 1.1 has been changed to Complete.
#
# WaTCHdb update complete.
# 2022-04-12.09-32-21.
