# WaTCHdb update log.
# Command: 2_updateWaTCH.pl.
# Data output written to DB/INCREMENTAL/watchdb.2022-01-14.13-41-58.txt and DB/watchdb.LATEST.txt.
# Fatal errors and system warnings are NOT logged here; see STDERR for those.
#
# Run started 2022-01-14.13-41-58.
#
4 molecular targets added.
INFO: Finished WaTCHdb import.
1194 samples added.
HIGH: During AT import of A02-0272, AT value for A02-0272:Description (Sample) is replacing the existing WaTCHdb value (Sample ).
HIGH: During AT import of A02-0273, AT value for A02-0273:Description (Sample) is replacing the existing WaTCHdb value (Sample ).
HIGH: During AT import of A02-0274, AT value for A02-0274:Description (Sample) is replacing the existing WaTCHdb value (Sample ).
HIGH: During AT import of A02-0277, AT value for A02-0277:Description (Sample) is replacing the existing WaTCHdb value (Sample ).
HIGH: During AT import of A02-0279, AT value for A02-0279:Description (Sample) is replacing the existing WaTCHdb value (Sample ).
INFO: Asset ID A02-0280, found during AssetTiger import, does not exist in the latest WaTCHdb. It will be added.
HIGH: During AT import of A02-0281, AT value for A02-0281:Description (Sample) is replacing the existing WaTCHdb value (Sample ).
HIGH: During AT import of A02-0282, AT value for A02-0282:Description (Sample) is replacing the existing WaTCHdb value (Sample ).
INFO: Asset ID A02-0283, found during AssetTiger import, does not exist in the latest WaTCHdb. It will be added.
INFO: Asset ID A02-0284, found during AssetTiger import, does not exist in the latest WaTCHdb. It will be added.
INFO: Asset ID A02-0285, found during AssetTiger import, does not exist in the latest WaTCHdb. It will be added.
INFO: Asset ID A02-0286, found during AssetTiger import, does not exist in the latest WaTCHdb. It will be added.
INFO: Asset ID A02-0289, found during AssetTiger import, does not exist in the latest WaTCHdb. It will be added.
INFO: Asset ID A02-0290, found during AssetTiger import, does not exist in the latest WaTCHdb. It will be added.
INFO: Asset ID A02-0291, found during AssetTiger import, does not exist in the latest WaTCHdb. It will be added.
HIGH: During AT import of A03-0085, AT value for A03-0085:Description (Sample) is replacing the existing WaTCHdb value (Sample ).
HIGH: During AT import of A03-0085, AT value for A03-0085:Sample Collection By (GZ) is replacing the existing WaTCHdb value (GZ ).
HIGH: During AT import of A03-0086, AT value for A03-0086:Description (Sample) is replacing the existing WaTCHdb value (Sample ).
INFO: Asset ID A03-0087, found during AssetTiger import, does not exist in the latest WaTCHdb. It will be added.
HIGH: During AT import of A03-0121, AT value for A03-0121:Description (Sample) is replacing the existing WaTCHdb value (Sample ).
HIGH: During AT import of A03-0121, AT value for A03-0121:Sample Collection By (GZ) is replacing the existing WaTCHdb value (GZ ).
HIGH: During AT import of A03-0163, AT value for A03-0163:Sample Collection By (GZ) is replacing the existing WaTCHdb value (GZ ).
INFO: Asset ID B01-0043, found during AssetTiger import, does not exist in the latest WaTCHdb. It will be added.
INFO: Asset ID B01-0044, found during AssetTiger import, does not exist in the latest WaTCHdb. It will be added.
INFO: Asset ID B01-0045, found during AssetTiger import, does not exist in the latest WaTCHdb. It will be added.
INFO: Asset ID B01-0047, found during AssetTiger import, does not exist in the latest WaTCHdb. It will be added.
INFO: Asset ID B01-0049, found during AssetTiger import, does not exist in the latest WaTCHdb. It will be added.
INFO: Asset ID D01-0008, found during AssetTiger import, does not exist in the latest WaTCHdb. It will be added.
INFO: Asset ID D01-0016, found during AssetTiger import, does not exist in the latest WaTCHdb. It will be added.
INFO: Asset ID D01-0017, found during AssetTiger import, does not exist in the latest WaTCHdb. It will be added.
INFO: Asset ID E01-0023, found during AssetTiger import, does not exist in the latest WaTCHdb. It will be added.
INFO: Asset ID E01-0024, found during AssetTiger import, does not exist in the latest WaTCHdb. It will be added.
INFO: Asset ID E01-0025, found during AssetTiger import, does not exist in the latest WaTCHdb. It will be added.
INFO: Asset ID G01-0037, found during AssetTiger import, does not exist in the latest WaTCHdb. It will be added.
INFO: Asset ID G01-0043, found during AssetTiger import, does not exist in the latest WaTCHdb. It will be added.
INFO: Asset ID G01-0047, found during AssetTiger import, does not exist in the latest WaTCHdb. It will be added.
INFO: Asset ID G01-0077, found during AssetTiger import, does not exist in the latest WaTCHdb. It will be added.
INFO: Asset ID H01-0058, found during AssetTiger import, does not exist in the latest WaTCHdb. It will be added.
INFO: Asset ID H01-0059, found during AssetTiger import, does not exist in the latest WaTCHdb. It will be added.
INFO: Asset ID H01-0060, found during AssetTiger import, does not exist in the latest WaTCHdb. It will be added.
INFO: Asset ID H01-0061, found during AssetTiger import, does not exist in the latest WaTCHdb. It will be added.
INFO: Asset ID H01-0062, found during AssetTiger import, does not exist in the latest WaTCHdb. It will be added.
INFO: Asset ID H01-0063, found during AssetTiger import, does not exist in the latest WaTCHdb. It will be added.
INFO: Asset ID H01-0064, found during AssetTiger import, does not exist in the latest WaTCHdb. It will be added.
INFO: Asset ID K01-0010, found during AssetTiger import, does not exist in the latest WaTCHdb. It will be added.
INFO: Asset ID K01-0013, found during AssetTiger import, does not exist in the latest WaTCHdb. It will be added.
INFO: Asset ID K01-0021, found during AssetTiger import, does not exist in the latest WaTCHdb. It will be added.
HIGH: During AT import of K01-0023, AT value for K01-0023:Description (Sample) is replacing the existing WaTCHdb value (Sample ).
INFO: Asset ID K01-0045, found during AssetTiger import, does not exist in the latest WaTCHdb. It will be added.
INFO: Sample A02-0282 has a new calculated value of 625131.883621215.
INFO: Sample A02-0282 has a new calculated value of 647631.390094759.
INFO: Sample A02-0282 has a new calculated value of 88735.71485281.
INFO: Sample J01-0008 has a new calculated value of 9206.31833374502.
INFO: Sample J01-0008 has a new calculated value of 49123.7474977971.
INFO: Sample J01-0008 has a new calculated value of 3068.54822672904.
INFO: Sample A02-0273 has a new calculated value of 199502.884447574.
INFO: Sample A02-0273 has a new calculated value of 227416.132092476.
INFO: Sample A02-0273 has a new calculated value of 27780.6658297777.
INFO: Sample J01-0003 has a new calculated value of 3233.05930942297.
INFO: Sample J01-0003 has a new calculated value of 9699.92643222211.
INFO: Sample J01-0003 has a new calculated value of 0.
INFO: Sample J01-0004 has a new calculated value of 0.
INFO: Sample J01-0004 has a new calculated value of 0.
INFO: Sample J01-0004 has a new calculated value of 12377.9578506947.
INFO: Sample B01-0041 has a new calculated value of 0.
INFO: Sample B01-0041 has a new calculated value of 21437.1468499303.
INFO: Sample B01-0041 has a new calculated value of 0.
INFO: Sample C01-0075 has a new calculated value of 50299.155637622.
INFO: Sample C01-0075 has a new calculated value of 37718.7046408652.
INFO: Sample C01-0075 has a new calculated value of 12569.1300071776.
INFO: Sample A01-0148 has a new calculated value of 84674.7592091559.
INFO: Sample A01-0148 has a new calculated value of 80213.9304578305.
INFO: Sample A01-0148 has a new calculated value of 106986.054629087.
INFO: Sample A01-0147 has a new calculated value of 77242.4907982349.
INFO: Sample A01-0147 has a new calculated value of 65647.0370292665.
INFO: Sample A01-0147 has a new calculated value of 38603.4511774779.
INFO: Sample A02-0281 has a new calculated value of 0.
INFO: Sample A02-0281 has a new calculated value of 11643.7742114067.
INFO: Sample A02-0281 has a new calculated value of 3880.89850544931.
INFO: Sample B01-0042 has a new calculated value of 15041.00644961.
INFO: Sample B01-0042 has a new calculated value of 33849.8586416245.
INFO: Sample B01-0042 has a new calculated value of 0.
INFO: Sample G01-0086 has a new calculated value of 7243.65125410258.
INFO: Sample G01-0086 has a new calculated value of 14488.5531999171.
INFO: Sample G01-0086 has a new calculated value of 0.
INFO: Sample B01-0038 has a new calculated value of 0.
INFO: Sample B01-0038 has a new calculated value of 3352.00269240886.
INFO: Sample B01-0038 has a new calculated value of 3352.00269240886.
INFO: Sample J01-0002 has a new calculated value of 10434.8978586495.
INFO: Sample J01-0002 has a new calculated value of 20872.392654419.
INFO: Sample J01-0002 has a new calculated value of 3478.01041323691.
INFO: Sample J01-0007 has a new calculated value of 6182.58797563612.
INFO: Sample J01-0007 has a new calculated value of 30922.0636636019.
INFO: Sample J01-0007 has a new calculated value of 3091.17985423654.
INFO: Sample A02-0272 has a new calculated value of 5918.90489682555.
INFO: Sample A02-0272 has a new calculated value of 2959.34787020087.
INFO: Sample A02-0272 has a new calculated value of 0.
INFO: Sample C01-0101 has a new calculated value of 69617.8451925518.
INFO: Sample C01-0101 has a new calculated value of 54951.8392235042.
INFO: Sample C01-0101 has a new calculated value of 25635.2284178138.
INFO: Sample J01-0005 has a new calculated value of 11623.5922090709.
INFO: Sample J01-0005 has a new calculated value of 5811.39265559615.
INFO: Sample J01-0005 has a new calculated value of 0.
INFO: Sample A02-0277 has a new calculated value of 350220.859050751.
INFO: Sample A02-0277 has a new calculated value of 414520.903229712.
INFO: Sample A02-0277 has a new calculated value of 36904.4979661704.
INFO: Sample A01-0146 has a new calculated value of 145762.092769146.
INFO: Sample A01-0146 has a new calculated value of 98854.6814024449.
INFO: Sample A01-0146 has a new calculated value of 51999.714151025.
INFO: Sample B01-0037 has a new calculated value of 3188.78264632076.
INFO: Sample B01-0037 has a new calculated value of 6377.80789285898.
INFO: Sample B01-0037 has a new calculated value of 0.
INFO: Sample C01-0102 has a new calculated value of 20975.1086309552.
INFO: Sample C01-0102 has a new calculated value of 133019.994646311.
INFO: Sample C01-0102 has a new calculated value of 3495.12275308371.
INFO: Sample A02-0279 has a new calculated value of 108467.357754707.
INFO: Sample A02-0279 has a new calculated value of 173682.780861855.
INFO: Sample A02-0279 has a new calculated value of 90369.9633479118.
INFO: Sample G01-0008 has a new calculated value of 59826.1988908052.
INFO: Sample G01-0008 has a new calculated value of 42221.3944047689.
INFO: Sample G01-0008 has a new calculated value of 14069.0714120865.
INFO: Sample A02-0274 has a new calculated value of 0.
INFO: Sample A02-0274 has a new calculated value of 2891.3638042286.
INFO: Sample A02-0274 has a new calculated value of 5782.92720951139.
INFO: Sample J01-0001 has a new calculated value of 3623.86092077941.
INFO: Sample J01-0001 has a new calculated value of 7248.03557619452.
INFO: Sample J01-0001 has a new calculated value of 0.
INFO: Sample G01-0049 has a new calculated value of 35260.713212192.
INFO: Sample G01-0049 has a new calculated value of 26442.7548274398.
INFO: Sample G01-0049 has a new calculated value of 8812.39822134376.
INFO: Sample C01-0073 has a new calculated value of 9309.93251502516.
INFO: Sample C01-0073 has a new calculated value of 6206.39199391006.
INFO: Sample C01-0073 has a new calculated value of 0.
INFO: Sample C01-0074 has a new calculated value of 52361.6630584002.
INFO: Sample C01-0074 has a new calculated value of 63590.5346274377.
INFO: Sample C01-0074 has a new calculated value of 11214.8506566882.
INFO: Sample J01-0006 has a new calculated value of 7695.17378881573.
INFO: Sample J01-0006 has a new calculated value of 69307.4782937763.
INFO: Sample J01-0006 has a new calculated value of 0.
INFO: Sample K01-0006 has a new calculated value of 28460.2373465896.
INFO: Sample K01-0006 has a new calculated value of 8129.52479347585.
INFO: Sample K01-0006 has a new calculated value of 0.
INFO: Sample B01-0039 has a new calculated value of 7476.90048068762.
INFO: Sample B01-0039 has a new calculated value of 22434.704080224.
INFO: Sample B01-0039 has a new calculated value of 3738.28328680245.
LOW : WaTCH status of A02-0273 has been changed to Complete.
LOW : WaTCH status of J01-0002 has been changed to Complete.
LOW : WaTCH status of A02-0282 has been changed to Complete.
LOW : WaTCH status of A02-0279 has been changed to Complete.
LOW : WaTCH status of J01-0001 has been changed to Complete.
LOW : WaTCH status of A02-0281 has been changed to Complete.
LOW : WaTCH status of A01-0146 has been changed to Complete.
LOW : WaTCH status of J01-0004 has been changed to Complete.
LOW : WaTCH status of C01-0101 has been changed to Complete.
LOW : WaTCH status of C01-0074 has been changed to Complete.
LOW : WaTCH status of G01-0049 has been changed to Complete.
LOW : WaTCH status of G01-0086 has been changed to Complete.
LOW : WaTCH status of B01-0042 has been changed to Complete.
LOW : WaTCH status of A01-0148 has been changed to Complete.
LOW : WaTCH status of A02-0277 has been changed to Complete.
LOW : WaTCH status of A02-0272 has been changed to Complete.
LOW : WaTCH status of C01-0075 has been changed to Complete.
LOW : WaTCH status of A01-0147 has been changed to Complete.
LOW : WaTCH status of B01-0041 has been changed to Complete.
LOW : WaTCH status of C01-0102 has been changed to Complete.
LOW : WaTCH status of B01-0038 has been changed to Complete.
LOW : WaTCH status of J01-0005 has been changed to Complete.
LOW : WaTCH status of C01-0073 has been changed to Complete.
LOW : WaTCH status of J01-0003 has been changed to Complete.
LOW : WaTCH status of G01-0008 has been changed to Complete.
LOW : WaTCH status of B01-0039 has been changed to Complete.
LOW : WaTCH status of J01-0007 has been changed to Complete.
LOW : WaTCH status of J01-0008 has been changed to Complete.
LOW : WaTCH status of A02-0274 has been changed to Complete.
#
# WaTCHdb update complete.
# 2022-01-14.13-41-59.
