# WaTCHdb update log.
# Command: 2_updateWaTCH.pl.
# Data output written to DB/INCREMENTAL/watchdb.2022-06-03.16-30-26.txt and DB/watchdb.LATEST.txt.
# Fatal errors and system warnings are NOT logged here; see STDERR for those.
#
# Run started 2022-06-03.16-30-26.
#
4 molecular targets added.
INFO: Finished WaTCHdb import. 3303 total assets present.
INFO: Finished AssetTiger import. 21 new assets added. 3324 total assets present.
HIGH: Mysterious sample ID K01-0092 found during Run Metadata import, does not exist in AT or WaTCHdb. This is concerning.
HIGH: K01-0092 will be ignored!
INFO: Sample L01-0140 1.1 has a new calculated value of 0.
INFO: Sample L01-0140 1.1 has a new calculated value of 3702608.18481445.
INFO: Sample L01-0140 1.1 has a new calculated value of 3378944.22054291.
INFO: Sample C01-0185 1.1 has a new calculated value of 0.
INFO: Sample C01-0185 1.1 has a new calculated value of 139026.848226786.
INFO: Sample C01-0185 1.1 has a new calculated value of 153435.300886631.
INFO: Sample C01-0184 1.1 has a new calculated value of 7093.06924603878.
INFO: Sample C01-0184 1.1 has a new calculated value of 78089.8609757424.
INFO: Sample C01-0184 1.1 has a new calculated value of 82827.2688388826.
INFO: Sample L01-0144 1.1 has a new calculated value of 0.
INFO: Sample L01-0144 1.1 has a new calculated value of 58652.5701731442.
INFO: Sample L01-0144 1.1 has a new calculated value of 58652.5701731442.
INFO: Sample B01-0195 1.1 has a new calculated value of 0.
INFO: Sample B01-0195 1.1 has a new calculated value of 149030.267000199.
INFO: Sample B01-0195 1.1 has a new calculated value of 158510.433733463.
INFO: Sample K01-0095 1.1 has a new calculated value of 4755.13519719244.
INFO: Sample K01-0095 1.1 has a new calculated value of 126193.732023239.
INFO: Sample K01-0095 1.1 has a new calculated value of 130963.21195364.
INFO: Sample M03-0054 1.1 has a new calculated value of 4756.75483234226.
INFO: Sample M03-0054 1.1 has a new calculated value of 178748.808503151.
INFO: Sample M03-0054 1.1 has a new calculated value of 171584.183871746.
INFO: Sample K01-0094 1.1 has a new calculated value of 4669.31417584419.
INFO: Sample K01-0094 1.1 has a new calculated value of 201251.729428768.
INFO: Sample K01-0094 1.1 has a new calculated value of 194215.036332607.
INFO: Sample C01-0181 1.1 has a new calculated value of 15450.3935202956.
INFO: Sample C01-0181 1.1 has a new calculated value of 188367.79564619.
INFO: Sample C01-0181 1.1 has a new calculated value of 172853.527665138.
INFO: Sample M04-0052 1.1 has a new calculated value of 2353.07320486754.
INFO: Sample M04-0052 1.1 has a new calculated value of 35309.9785745144.
INFO: Sample M04-0052 1.1 has a new calculated value of 61222.8839099406.
INFO: Sample L01-0128 1.1 has a new calculated value of 4473.21251034736.
INFO: Sample L01-0128 1.1 has a new calculated value of 116458.967775106.
INFO: Sample L01-0128 1.1 has a new calculated value of 98521.126806736.
INFO: Sample C01-0183 1.1 has a new calculated value of 2445.04655711353.
INFO: Sample C01-0183 1.1 has a new calculated value of 156771.237552166.
INFO: Sample C01-0183 1.1 has a new calculated value of 124879.592657089.
INFO: Sample A02-0516 1.2 has a new calculated value of 22606.131657958.
INFO: Sample A02-0516 1.2 has a new calculated value of 255024.712085724.
INFO: Sample A02-0516 1.2 has a new calculated value of 283456.820547581.
INFO: Sample F01-0035 1.1 has a new calculated value of 0.
INFO: Sample F01-0035 1.1 has a new calculated value of 16301.2843206525.
INFO: Sample F01-0035 1.1 has a new calculated value of 18630.5564269423.
INFO: Sample M03-0065 1.1 has a new calculated value of 0.
INFO: Sample M03-0065 1.1 has a new calculated value of 372004.010081293.
INFO: Sample M03-0065 1.1 has a new calculated value of 315127.528309822.
INFO: Sample L01-0132 1.1 has a new calculated value of 7290.05903005598.
INFO: Sample L01-0132 1.1 has a new calculated value of 1754073.13585281.
INFO: Sample L01-0132 1.1 has a new calculated value of 1718616.9219017.
INFO: Sample F01-0044 1.1 has a new calculated value of 0.
INFO: Sample F01-0044 1.1 has a new calculated value of 0.
INFO: Sample F01-0044 1.1 has a new calculated value of 0.
INFO: Sample L01-0142 1.1 has a new calculated value of 0.
INFO: Sample L01-0142 1.1 has a new calculated value of 408106.999397279.
INFO: Sample L01-0142 1.1 has a new calculated value of 366129.793524741.
INFO: Sample F01-0040 1.1 has a new calculated value of 0.
INFO: Sample F01-0040 1.1 has a new calculated value of 75876.7269551755.
INFO: Sample F01-0040 1.1 has a new calculated value of 63221.0645824671.
INFO: Sample M04-0071 1.1 has a new calculated value of 0.
INFO: Sample M04-0071 1.1 has a new calculated value of 78655.4284393786.
INFO: Sample M04-0071 1.1 has a new calculated value of 67079.1915804149.
INFO: Sample L01-0133 1.1 has a new calculated value of 5071.91427983342.
INFO: Sample L01-0133 1.1 has a new calculated value of 941127.837896348.
INFO: Sample L01-0133 1.1 has a new calculated value of 910018.748044969.
INFO: Sample L01-0147 1.1 has a new calculated value of 0.
INFO: Sample L01-0147 1.1 has a new calculated value of 194593.989551067.
INFO: Sample L01-0147 1.1 has a new calculated value of 166739.484071732.
INFO: Sample F01-0045 1.1 has a new calculated value of 0.
INFO: Sample F01-0045 1.1 has a new calculated value of 8410.10601259768.
INFO: Sample F01-0045 1.1 has a new calculated value of 2803.18127945066.
INFO: Sample M04-0067 1.1 has a new calculated value of 2352.94102225453.
INFO: Sample M04-0067 1.1 has a new calculated value of 47083.9436352252.
INFO: Sample M04-0067 1.1 has a new calculated value of 47083.9436352252.
INFO: Sample C01-0182 1.1 has a new calculated value of 9124.64221939446.
INFO: Sample C01-0182 1.1 has a new calculated value of 137078.665494919.
INFO: Sample C01-0182 1.1 has a new calculated value of 134790.345579386.
INFO: Sample M03-0053 1.1 has a new calculated value of 0.
INFO: Sample M03-0053 1.1 has a new calculated value of 296661.559939384.
INFO: Sample M03-0053 1.1 has a new calculated value of 323941.94483757.
INFO: Sample K01-0093 1.1 has a new calculated value of 4825.48660598694.
INFO: Sample K01-0093 1.1 has a new calculated value of 103870.596438646.
INFO: Sample K01-0093 1.1 has a new calculated value of 96615.4548525811.
INFO: Sample M04-0075 1.1 has a new calculated value of 0.
INFO: Sample M04-0075 1.1 has a new calculated value of 262496.246695519.
INFO: Sample M04-0075 1.1 has a new calculated value of 292534.727454186.
INFO: Sample B01-0180 1.1 has a new calculated value of 4590.55457264185.
INFO: Sample B01-0180 1.1 has a new calculated value of 216301.445066929.
INFO: Sample B01-0180 1.1 has a new calculated value of 184015.507400036.
INFO: Sample M03-0077 1.1 has a new calculated value of 7530.18706105649.
INFO: Sample M03-0077 1.1 has a new calculated value of 274468.946456909.
INFO: Sample M03-0077 1.1 has a new calculated value of 312381.017804146.
INFO: Sample B01-0185 1.1 has a new calculated value of 2356.64558596909.
INFO: Sample B01-0185 1.1 has a new calculated value of 207893.739044666.
INFO: Sample B01-0185 1.1 has a new calculated value of 181850.540935993.
INFO: Sample M03-0057 1.1 has a new calculated value of 0.
INFO: Sample M03-0057 1.1 has a new calculated value of 438550.797700882.
INFO: Sample M03-0057 1.1 has a new calculated value of 442937.638163567.
LOW : WaTCH status of B01-0185 1.1 has been changed to Complete.
LOW : WaTCH status of K01-0093 1.1 has been changed to Complete.
LOW : WaTCH status of K01-0095 1.1 has been changed to Complete.
LOW : WaTCH status of M03-0053 1.1 has been changed to Complete.
LOW : WaTCH status of K01-0094 1.1 has been changed to Complete.
LOW : WaTCH status of B01-0180 1.1 has been changed to Complete.
LOW : WaTCH status of M03-0077 1.1 has been changed to Complete.
LOW : WaTCH status of M03-0065 1.1 has been changed to Complete.
LOW : WaTCH status of M03-0057 1.1 has been changed to Complete.
LOW : WaTCH status of M03-0054 1.1 has been changed to Complete.
LOW : WaTCH status of M04-0052 1.1 has been changed to Complete.
LOW : WaTCH status of L01-0140 1.1 has been changed to Complete.
LOW : WaTCH status of M04-0067 1.1 has been changed to Complete.
LOW : WaTCH status of F01-0044 1.1 has been changed to Complete.
LOW : WaTCH status of B01-0195 1.1 has been changed to Complete.
LOW : WaTCH status of C01-0184 1.1 has been changed to Complete.
LOW : WaTCH status of L01-0144 1.1 has been changed to Complete.
LOW : WaTCH status of F01-0040 1.1 has been changed to Complete.
LOW : WaTCH status of M04-0075 1.1 has been changed to Complete.
LOW : WaTCH status of L01-0128 1.1 has been changed to Complete.
LOW : WaTCH status of L01-0147 1.1 has been changed to Complete.
LOW : WaTCH status of M04-0071 1.1 has been changed to Complete.
LOW : WaTCH status of C01-0182 1.1 has been changed to Complete.
LOW : WaTCH status of L01-0142 1.1 has been changed to Complete.
LOW : WaTCH status of C01-0185 1.1 has been changed to Complete.
LOW : WaTCH status of L01-0132 1.1 has been changed to Complete.
LOW : WaTCH status of C01-0181 1.1 has been changed to Complete.
LOW : WaTCH status of L01-0133 1.1 has been changed to Complete.
LOW : WaTCH status of F01-0035 1.1 has been changed to Complete.
LOW : WaTCH status of F01-0045 1.1 has been changed to Complete.
LOW : WaTCH status of C01-0183 1.1 has been changed to Complete.
#
# WaTCHdb update complete.
# 2022-06-03.16-30-28.
