# WaTCHdb update log.
# Command: 2_updateWaTCH.pl.
# Data output written to updates/watchdb/watchdb.2023-02-08.10-53-25.txt and updates/watchdb.LATEST.txt.
# Fatal errors and system warnings are NOT logged here; see STDERR for those.
#
# Run started 2023-02-08.10-53-25.
#
4 molecular targets added.
INFO: Finished WaTCHdb import. 6943 total assets present.
INFO: Finished AssetTiger import. 48 new assets added. 6991 total assets present.
HIGH: Mysterious sample ID H012-0496 found during Run Metadata import, does not exist in AT or WaTCHdb. This is concerning.
HIGH: H012-0496 will be ignored!
INFO: Sample Q01-0259 1.1 has a new calculated value of 216636.537015438.
INFO: Sample Q01-0259 1.1 has a new calculated value of 0.
INFO: Sample Q01-0259 1.1 has a new calculated value of 194080.021083355.
INFO: Sample A04-0311 1.1 has a new calculated value of 471376.694440841.
INFO: Sample A04-0311 1.1 has a new calculated value of 28427.5664761663.
INFO: Sample A04-0311 1.1 has a new calculated value of 433100.924491883.
INFO: Sample R02-0210 1.1 has a new calculated value of 2434.14122611284.
INFO: Sample R02-0210 1.1 has a new calculated value of 0.
INFO: Sample R02-0210 1.1 has a new calculated value of 4868.41410398484.
INFO: Sample R02-0204 1.1 has a new calculated value of 4782.93548338114.
INFO: Sample R02-0204 1.1 has a new calculated value of 9566.38164818287.
INFO: Sample R02-0204 1.1 has a new calculated value of 2391.40377379954.
INFO: Sample B01-0379 1.1 has a new calculated value of 85545.0198054314.
INFO: Sample B01-0379 1.1 has a new calculated value of 0.
INFO: Sample B01-0379 1.1 has a new calculated value of 66520.8989381789.
INFO: Sample A02-1006 1.1 has a new calculated value of 55214.6968245505.
INFO: Sample A02-1006 1.1 has a new calculated value of 4598.62673655153.
INFO: Sample A02-1006 1.1 has a new calculated value of 43706.0185521841.
INFO: Sample R02-0182 1.1 has a new calculated value of 22396.3275924325.
INFO: Sample R02-0182 1.1 has a new calculated value of 0.
INFO: Sample R02-0182 1.1 has a new calculated value of 22396.3275924325.
INFO: Sample D01-0234 1.1 has a new calculated value of 666898.684501649.
INFO: Sample D01-0234 1.1 has a new calculated value of 24869.2721128464.
INFO: Sample D01-0234 1.1 has a new calculated value of 1050215.13104439.
INFO: Sample Q01-0257 1.1 has a new calculated value of 58146.687671542.
INFO: Sample Q01-0257 1.1 has a new calculated value of 0.
INFO: Sample Q01-0257 1.1 has a new calculated value of 60474.1251468657.
INFO: Sample O01-0269 1.1 has a new calculated value of 26239.6267801523.
INFO: Sample O01-0269 1.1 has a new calculated value of 0.
INFO: Sample O01-0269 1.1 has a new calculated value of 23853.5724207759.
INFO: Sample Q01-0260 1.1 has a new calculated value of 59919.1110581159.
INFO: Sample Q01-0260 1.1 has a new calculated value of 0.
INFO: Sample Q01-0260 1.1 has a new calculated value of 62644.6167379619.
INFO: Sample O01-0261 1.1 has a new calculated value of 64853.5803705455.
INFO: Sample O01-0261 1.1 has a new calculated value of 0.
INFO: Sample O01-0261 1.1 has a new calculated value of 52374.4460195304.
INFO: Sample Q01-0258 1.1 has a new calculated value of 385346.431732179.
INFO: Sample Q01-0258 1.1 has a new calculated value of 2610.24137958884.
INFO: Sample Q01-0258 1.1 has a new calculated value of 380081.346631051.
INFO: Sample B01-0382 1.1 has a new calculated value of 225301.787853241.
INFO: Sample B01-0382 1.1 has a new calculated value of 2774.60860088468.
INFO: Sample B01-0382 1.1 has a new calculated value of 214149.151146412.
INFO: Sample H01-0499 1.1 has a new calculated value of 89512.09500432.
INFO: Sample H01-0499 1.1 has a new calculated value of 0.
INFO: Sample H01-0499 1.1 has a new calculated value of 94783.0916941166.
INFO: Sample E01-0228 1.1 has a new calculated value of 79770.9520161153.
INFO: Sample E01-0228 1.1 has a new calculated value of 0.
INFO: Sample E01-0228 1.1 has a new calculated value of 64803.077057004.
INFO: Sample A02-1008 1.1 has a new calculated value of 202501.249015331.
INFO: Sample A02-1008 1.1 has a new calculated value of 63848.9585369824.
INFO: Sample A02-1008 1.1 has a new calculated value of 3576408.13350679.
INFO: Sample A02-1011 1.1 has a new calculated value of 2005990.39077759.
INFO: Sample A02-1011 1.1 has a new calculated value of 65595.8372354506.
INFO: Sample A02-1011 1.1 has a new calculated value of 1893515.82527161.
INFO: Sample R02-0183 1.1 has a new calculated value of 28075.8014693856.
INFO: Sample R02-0183 1.1 has a new calculated value of 2338.97850383073.
INFO: Sample R02-0183 1.1 has a new calculated value of 25735.4812324047.
INFO: Sample A02-1007 1.1 has a new calculated value of 687393.822669983.
INFO: Sample A02-1007 1.1 has a new calculated value of 71060.6125742196.
INFO: Sample A02-1007 1.1 has a new calculated value of 684818.816184996.
INFO: Sample E01-0227 1.1 has a new calculated value of 39981.7601591347.
INFO: Sample E01-0227 1.1 has a new calculated value of 2350.88104382157.
INFO: Sample E01-0227 1.1 has a new calculated value of 30571.0779502988.
INFO: Sample A01-0479 1.1 has a new calculated value of 573404.395580293.
INFO: Sample A01-0479 1.1 has a new calculated value of 42315.9288614988.
INFO: Sample A01-0479 1.1 has a new calculated value of 568364.664316177.
INFO: Sample B01-0380 1.1 has a new calculated value of 164903.850853443.
INFO: Sample B01-0380 1.1 has a new calculated value of 0.
INFO: Sample B01-0380 1.1 has a new calculated value of 199961.593151092.
INFO: Sample E01-0229 1.1 has a new calculated value of 517743.424773217.
INFO: Sample E01-0229 1.1 has a new calculated value of 0.
INFO: Sample E01-0229 1.1 has a new calculated value of 483794.564008714.
INFO: Sample A02-1009 1.1 has a new calculated value of 57855.2828729153.
INFO: Sample A02-1009 1.1 has a new calculated value of 19276.7945677042.
INFO: Sample A02-1009 1.1 has a new calculated value of 67505.0935149194.
INFO: Sample Q01-0256 1.1 has a new calculated value of 160998.923778534.
INFO: Sample Q01-0256 1.1 has a new calculated value of 7305.59765361251.
INFO: Sample Q01-0256 1.1 has a new calculated value of 178108.539283276.
INFO: Sample D01-0249 1.1 has a new calculated value of 105751.628279686.
INFO: Sample D01-0249 1.1 has a new calculated value of 0.
INFO: Sample D01-0249 1.1 has a new calculated value of 1282046.91410065.
INFO: Sample H01-0497 1.1 has a new calculated value of 53874.4819164277.
INFO: Sample H01-0497 1.1 has a new calculated value of 9790.54424911739.
INFO: Sample H01-0497 1.1 has a new calculated value of 36725.5747318266.
INFO: Sample H01-0498 1.1 has a new calculated value of 67099.567875266.
INFO: Sample H01-0498 1.1 has a new calculated value of 0.
INFO: Sample H01-0498 1.1 has a new calculated value of 62623.1362670661.
INFO: Sample H01-0493 1.1 has a new calculated value of 81201.5819549561.
INFO: Sample H01-0493 1.1 has a new calculated value of 4772.49252609909.
INFO: Sample H01-0493 1.1 has a new calculated value of 76420.9498465061.
INFO: Sample B01-0323 1.1 has a new calculated value of 114815.019518137.
INFO: Sample B01-0323 1.1 has a new calculated value of 0.
INFO: Sample B01-0323 1.1 has a new calculated value of 143564.799427986.
INFO: Sample D01-0245 1.1 has a new calculated value of 239840.4738307.
INFO: Sample D01-0245 1.1 has a new calculated value of 0.
INFO: Sample D01-0245 1.1 has a new calculated value of 1151795.31812668.
INFO: Sample A02-1005 1.1 has a new calculated value of 759123.272895812.
INFO: Sample A02-1005 1.1 has a new calculated value of 42817.7768737079.
INFO: Sample A02-1005 1.1 has a new calculated value of 705385.029315948.
INFO: Sample O01-0264 1.1 has a new calculated value of 18923.7003028393.
INFO: Sample O01-0264 1.1 has a new calculated value of 4730.17551004885.
INFO: Sample O01-0264 1.1 has a new calculated value of 26022.1465677023.
INFO: Sample A01-0278 1.2 has a new calculated value of 639928.318262101.
INFO: Sample A01-0278 1.2 has a new calculated value of 36391.5359973908.
INFO: Sample A01-0278 1.2 has a new calculated value of 571101.322174071.
INFO: Sample D01-0243 1.1 has a new calculated value of 189950.300753117.
INFO: Sample D01-0243 1.1 has a new calculated value of 4212.38197479396.
INFO: Sample D01-0243 1.1 has a new calculated value of 1455527.30798721.
INFO: Sample Q01-0261 1.1 has a new calculated value of 88220.930993557.
INFO: Sample Q01-0261 1.1 has a new calculated value of 0.
INFO: Sample Q01-0261 1.1 has a new calculated value of 73505.3814947604.
INFO: Sample O01-0279 1.1 has a new calculated value of 9304.19292300941.
INFO: Sample O01-0279 1.1 has a new calculated value of 4651.85492299498.
INFO: Sample O01-0279 1.1 has a new calculated value of 4651.85492299498.
INFO: Sample H01-0495 1.1 has a new calculated value of 41290.1875376701.
INFO: Sample H01-0495 1.1 has a new calculated value of 9172.30971157551.
INFO: Sample H01-0495 1.1 has a new calculated value of 45880.3322911263.
INFO: Sample A02-1010 1.1 has a new calculated value of 130145.875364542.
INFO: Sample A02-1010 1.1 has a new calculated value of 18569.1430047154.
INFO: Sample A02-1010 1.1 has a new calculated value of 130145.875364542.
INFO: Sample B01-0381 1.1 has a new calculated value of 201309.044659138.
INFO: Sample B01-0381 1.1 has a new calculated value of 0.
INFO: Sample B01-0381 1.1 has a new calculated value of 176095.915138721.
INFO: Sample R02-0191 1.1 has a new calculated value of 35104.8354059458.
INFO: Sample R02-0191 1.1 has a new calculated value of 8098.67528267203.
INFO: Sample R02-0191 1.1 has a new calculated value of 37806.3464909791.
INFO: Sample H01-0494 1.1 has a new calculated value of 119528.798013925.
INFO: Sample H01-0494 1.1 has a new calculated value of 7162.74381615222.
INFO: Sample H01-0494 1.1 has a new calculated value of 102775.559574366.
INFO: Sample Q01-0255 1.1 has a new calculated value of 0.
INFO: Sample Q01-0255 1.1 has a new calculated value of 2281.22876957059.
INFO: Sample Q01-0255 1.1 has a new calculated value of 4562.57432699204.
INFO: Sample A02-1012 1.1 has a new calculated value of 28938.5366812348.
INFO: Sample A02-1012 1.1 has a new calculated value of 14466.9304601848.
INFO: Sample A02-1012 1.1 has a new calculated value of 275673.551559448.
INFO: Sample O01-0231 1.1 has a new calculated value of 20662.2806936503.
INFO: Sample O01-0231 1.1 has a new calculated value of 0.
INFO: Sample O01-0231 1.1 has a new calculated value of 28413.0911529064.
INFO: Sample E01-0230 1.1 has a new calculated value of 836038.341522217.
INFO: Sample E01-0230 1.1 has a new calculated value of 0.
INFO: Sample E01-0230 1.1 has a new calculated value of 794594.9113369.
LOW : WaTCH status of D01-0245 1.1 has been changed to Complete.
LOW : WaTCH status of B01-0381 1.1 has been changed to Complete.
LOW : WaTCH status of A02-1010 1.1 has been changed to Complete.
LOW : WaTCH status of Q01-0256 1.1 has been changed to Complete.
LOW : WaTCH status of B01-0380 1.1 has been changed to Complete.
LOW : WaTCH status of A02-1011 1.1 has been changed to Complete.
LOW : WaTCH status of D01-0234 1.1 has been changed to Complete.
LOW : WaTCH status of D01-0243 1.1 has been changed to Complete.
LOW : WaTCH status of B01-0382 1.1 has been changed to Complete.
LOW : WaTCH status of R02-0183 1.1 has been changed to Complete.
LOW : WaTCH status of A02-1009 1.1 has been changed to Complete.
LOW : WaTCH status of O01-0269 1.1 has been changed to Complete.
LOW : WaTCH status of H01-0495 1.1 has been changed to Complete.
LOW : WaTCH status of H01-0493 1.1 has been changed to Complete.
LOW : WaTCH status of O01-0231 1.1 has been changed to Complete.
LOW : WaTCH status of H01-0497 1.1 has been changed to Complete.
LOW : WaTCH status of O01-0261 1.1 has been changed to Complete.
LOW : WaTCH status of A02-1008 1.1 has been changed to Complete.
LOW : WaTCH status of Q01-0255 1.1 has been changed to Complete.
LOW : WaTCH status of R02-0204 1.1 has been changed to Complete.
LOW : WaTCH status of H01-0494 1.1 has been changed to Complete.
LOW : WaTCH status of E01-0227 1.1 has been changed to Complete.
LOW : WaTCH status of Q01-0257 1.1 has been changed to Complete.
LOW : WaTCH status of E01-0229 1.1 has been changed to Complete.
LOW : WaTCH status of Q01-0259 1.1 has been changed to Complete.
LOW : WaTCH status of R02-0210 1.1 has been changed to Complete.
LOW : WaTCH status of B01-0323 1.1 has been changed to Complete.
LOW : WaTCH status of Q01-0261 1.1 has been changed to Complete.
LOW : WaTCH status of Q01-0260 1.1 has been changed to Complete.
LOW : WaTCH status of H01-0499 1.1 has been changed to Complete.
LOW : WaTCH status of A02-1006 1.1 has been changed to Complete.
LOW : WaTCH status of A01-0479 1.1 has been changed to Complete.
LOW : WaTCH status of E01-0230 1.1 has been changed to Complete.
LOW : WaTCH status of R02-0182 1.1 has been changed to Complete.
LOW : WaTCH status of E01-0228 1.1 has been changed to Complete.
LOW : WaTCH status of Q01-0258 1.1 has been changed to Complete.
LOW : WaTCH status of A02-1005 1.1 has been changed to Complete.
LOW : WaTCH status of A04-0311 1.1 has been changed to Complete.
LOW : WaTCH status of A02-1007 1.1 has been changed to Complete.
LOW : WaTCH status of B01-0379 1.1 has been changed to Complete.
LOW : WaTCH status of R02-0191 1.1 has been changed to Complete.
LOW : WaTCH status of O01-0279 1.1 has been changed to Complete.
LOW : WaTCH status of H01-0498 1.1 has been changed to Complete.
LOW : WaTCH status of D01-0249 1.1 has been changed to Complete.
LOW : WaTCH status of O01-0264 1.1 has been changed to Complete.
#
# WaTCHdb update complete.
# 2023-02-08.10-53-26.
