# WaTCHdb update log.
# Command: 2_updateWaTCH.pl.
# Data output written to updates/watchdb/watchdb.2023-07-06.10-29-24.txt and updates/watchdb.LATEST.txt.
# Fatal errors and system warnings are NOT logged here; see STDERR for those.
#
# Run started 2023-07-06.10-29-24.
#
4 molecular targets added.
INFO: Finished WaTCHdb import. 9194 total assets present.
INFO: Finished AssetTiger import. 0 new assets added. 9194 total assets present.
INFO: Sample Q01-0392 1.1 has a new calculated value of 15083.7539881468.
INFO: Sample Q01-0392 1.1 has a new calculated value of 0.
INFO: Sample Q01-0392 1.1 has a new calculated value of 0.
INFO: Sample G01-0432 1.1 has a new calculated value of 2522.52069767565.
INFO: Sample G01-0432 1.1 has a new calculated value of 5045.18366418778.
INFO: Sample G01-0432 1.1 has a new calculated value of 0.
INFO: Sample K01-0273 1.1 has a new calculated value of 0.
INFO: Sample K01-0273 1.1 has a new calculated value of 25847.4892750382.
INFO: Sample K01-0273 1.1 has a new calculated value of 25847.4892750382.
INFO: Sample H01-0611 1.1 has a new calculated value of 3196.81260734797.
INFO: Sample H01-0611 1.1 has a new calculated value of 57577.5486230851.
INFO: Sample H01-0611 1.1 has a new calculated value of 63979.620784521.
INFO: Sample M04-0246 1.1 has a new calculated value of 0.
INFO: Sample M04-0246 1.1 has a new calculated value of 0.
INFO: Sample M04-0246 1.1 has a new calculated value of 0.
INFO: Sample G01-0353 1.1 has a new calculated value of 16012.6219131053.
INFO: Sample G01-0353 1.1 has a new calculated value of 2287.16716635972.
INFO: Sample G01-0353 1.1 has a new calculated value of 0.
INFO: Sample A04-0444 1.1 has a new calculated value of 4634.2953387648.
INFO: Sample A04-0444 1.1 has a new calculated value of 9269.07056942581.
INFO: Sample A04-0444 1.1 has a new calculated value of 6951.62270218132.
INFO: Sample H01-0614 1.1 has a new calculated value of 93541.5731370451.
INFO: Sample H01-0614 1.1 has a new calculated value of 9837.29124069214.
INFO: Sample H01-0614 1.1 has a new calculated value of 7377.76617519558.
INFO: Sample M03-0260 1.1 has a new calculated value of 0.
INFO: Sample M03-0260 1.1 has a new calculated value of 0.
INFO: Sample M03-0260 1.1 has a new calculated value of 0.
INFO: Sample N02-0321 1.1 has a new calculated value of 2445.69897651672.
INFO: Sample N02-0321 1.1 has a new calculated value of 7337.49719336628.
INFO: Sample N02-0321 1.1 has a new calculated value of 7337.49719336628.
INFO: Sample R01-0261 1.1 has a new calculated value of 24975.2751365304.
INFO: Sample R01-0261 1.1 has a new calculated value of 6810.05830876527.
INFO: Sample R01-0261 1.1 has a new calculated value of 4539.92385417224.
INFO: Sample A01-0595 1.1 has a new calculated value of 39127.9815137385.
INFO: Sample A01-0595 1.1 has a new calculated value of 102783.917337656.
INFO: Sample A01-0595 1.1 has a new calculated value of 102783.917337656.
INFO: Sample M03-0265 1.1 has a new calculated value of 0.
INFO: Sample M03-0265 1.1 has a new calculated value of 0.
INFO: Sample M03-0265 1.1 has a new calculated value of 2271.86079137027.
INFO: Sample A01-0593 1.1 has a new calculated value of 21447.0950514078.
INFO: Sample A01-0593 1.1 has a new calculated value of 88237.1029257775.
INFO: Sample A01-0593 1.1 has a new calculated value of 64372.1044063569.
INFO: Sample T01-0164 1.1 has a new calculated value of 2655.8791520074.
INFO: Sample T01-0164 1.1 has a new calculated value of 7968.10911968352.
INFO: Sample T01-0164 1.1 has a new calculated value of 5311.91596761346.
INFO: Sample R02-0324 1.1 has a new calculated value of 0.
INFO: Sample R02-0324 1.1 has a new calculated value of 0.
INFO: Sample R02-0324 1.1 has a new calculated value of 2477.61152219027.
INFO: Sample G01-0355 1.1 has a new calculated value of 6823.19269515575.
INFO: Sample G01-0355 1.1 has a new calculated value of 0.
INFO: Sample G01-0355 1.1 has a new calculated value of 0.
INFO: Sample R01-0300 1.1 has a new calculated value of 2570.85680030286.
INFO: Sample R01-0300 1.1 has a new calculated value of 7713.01260218024.
INFO: Sample R01-0300 1.1 has a new calculated value of 0.
INFO: Sample M03-0268 1.1 has a new calculated value of 0.
INFO: Sample M03-0268 1.1 has a new calculated value of 0.
INFO: Sample M03-0268 1.1 has a new calculated value of 0.
INFO: Sample K01-0270 1.1 has a new calculated value of 0.
INFO: Sample K01-0270 1.1 has a new calculated value of 15391.1449201405.
INFO: Sample K01-0270 1.1 has a new calculated value of 30787.5813916326.
INFO: Sample E01-0288 1.1 has a new calculated value of 0.
INFO: Sample E01-0288 1.1 has a new calculated value of 46187.4376237391.
INFO: Sample E01-0288 1.1 has a new calculated value of 35315.5228123069.
INFO: Sample R02-0318 1.1 has a new calculated value of 7396.43789827824.
INFO: Sample R02-0318 1.1 has a new calculated value of 2465.34375473857.
INFO: Sample R02-0318 1.1 has a new calculated value of 7396.43789827824.
INFO: Sample K01-0265 1.1 has a new calculated value of 7218.12461502851.
INFO: Sample K01-0265 1.1 has a new calculated value of 89104.8918664457.
INFO: Sample K01-0265 1.1 has a new calculated value of 93926.429450512.
INFO: Sample R02-0313 1.1 has a new calculated value of 0.
INFO: Sample R02-0313 1.1 has a new calculated value of 13076.3428285718.
INFO: Sample R02-0313 1.1 has a new calculated value of 2614.96332474053.
INFO: Sample T01-0162 1.1 has a new calculated value of 0.
INFO: Sample T01-0162 1.1 has a new calculated value of 14715.1534818113.
INFO: Sample T01-0162 1.1 has a new calculated value of 11035.9125584364.
INFO: Sample H01-0612 1.1 has a new calculated value of 2468.73936150223.
INFO: Sample H01-0612 1.1 has a new calculated value of 14814.4751787186.
INFO: Sample H01-0612 1.1 has a new calculated value of 17284.0307280421.
INFO: Sample N02-0318 1.1 has a new calculated value of 0.
INFO: Sample N02-0318 1.1 has a new calculated value of 7531.94737248123.
INFO: Sample N02-0318 1.1 has a new calculated value of 7531.94737248123.
INFO: Sample M04-0240 1.1 has a new calculated value of 0.
INFO: Sample M04-0240 1.1 has a new calculated value of 9443.40510293843.
INFO: Sample M04-0240 1.1 has a new calculated value of 4721.45411185922.
INFO: Sample A04-0442 1.1 has a new calculated value of 12661.069650203.
INFO: Sample A04-0442 1.1 has a new calculated value of 55735.4814559223.
INFO: Sample A04-0442 1.1 has a new calculated value of 63341.1479741336.
INFO: Sample Q01-0391 1.1 has a new calculated value of 9807.15041980149.
INFO: Sample Q01-0391 1.1 has a new calculated value of 9807.15041980149.
INFO: Sample Q01-0391 1.1 has a new calculated value of 17163.9207936824.
INFO: Sample Q01-0388 1.1 has a new calculated value of 5141.27139933408.
INFO: Sample Q01-0388 1.1 has a new calculated value of 257788.889408112.
INFO: Sample Q01-0388 1.1 has a new calculated value of 237111.120522022.
INFO: Sample M04-0236 1.1 has a new calculated value of 2318.40658932924.
INFO: Sample M04-0236 1.1 has a new calculated value of 2318.40658932924.
INFO: Sample M04-0236 1.1 has a new calculated value of 2318.40658932924.
INFO: Sample R01-0269 1.1 has a new calculated value of 10978.4582443535.
INFO: Sample R01-0269 1.1 has a new calculated value of 0.
INFO: Sample R01-0269 1.1 has a new calculated value of 0.
INFO: Sample N02-0322 1.1 has a new calculated value of 0.
INFO: Sample N02-0322 1.1 has a new calculated value of 7114.60174061357.
INFO: Sample N02-0322 1.1 has a new calculated value of 14230.3331382573.
INFO: Sample Q01-0394 1.1 has a new calculated value of 2333.74056871981.
INFO: Sample Q01-0394 1.1 has a new calculated value of 25677.8326258063.
INFO: Sample Q01-0394 1.1 has a new calculated value of 21008.0428048968.
INFO: Sample M03-0254 1.1 has a new calculated value of 0.
INFO: Sample M03-0254 1.1 has a new calculated value of 0.
INFO: Sample M03-0254 1.1 has a new calculated value of 0.
INFO: Sample N03-0354 1.1 has a new calculated value of 0.
INFO: Sample N03-0354 1.1 has a new calculated value of 2397.28881977499.
INFO: Sample N03-0354 1.1 has a new calculated value of 0.
INFO: Sample N03-0366 1.1 has a new calculated value of 0.
INFO: Sample N03-0366 1.1 has a new calculated value of 2256.41719065607.
INFO: Sample N03-0366 1.1 has a new calculated value of 2256.41719065607.
INFO: Sample A01-0596 1.1 has a new calculated value of 42065.9051835538.
INFO: Sample A01-0596 1.1 has a new calculated value of 47017.4340158702.
INFO: Sample A01-0596 1.1 has a new calculated value of 47017.4340158702.
INFO: Sample M04-0227 1.1 has a new calculated value of 2328.28418724239.
INFO: Sample M04-0227 1.1 has a new calculated value of 102559.107095003.
INFO: Sample M04-0227 1.1 has a new calculated value of 121231.462955475.
INFO: Sample M04-0234 1.1 has a new calculated value of 0.
INFO: Sample M04-0234 1.1 has a new calculated value of 117546.513229609.
INFO: Sample M04-0234 1.1 has a new calculated value of 104470.554739237.
INFO: Sample A01-0591 1.1 has a new calculated value of 21067.3009604216.
INFO: Sample A01-0591 1.1 has a new calculated value of 14043.7677316368.
INFO: Sample A01-0591 1.1 has a new calculated value of 14043.7677316368.
INFO: Sample R02-0302 1.1 has a new calculated value of 0.
INFO: Sample R02-0302 1.1 has a new calculated value of 7290.93812406061.
INFO: Sample R02-0302 1.1 has a new calculated value of 12152.2217988968.
INFO: Sample N03-0356 1.1 has a new calculated value of 0.
INFO: Sample N03-0356 1.1 has a new calculated value of 2451.72045193612.
INFO: Sample N03-0356 1.1 has a new calculated value of 0.
INFO: Sample R02-0319 1.1 has a new calculated value of 4999.31045807897.
INFO: Sample R02-0319 1.1 has a new calculated value of 9999.17937442659.
INFO: Sample R02-0319 1.1 has a new calculated value of 2499.58568718284.
INFO: Sample M03-0264 1.1 has a new calculated value of 0.
INFO: Sample M03-0264 1.1 has a new calculated value of 0.
INFO: Sample M03-0264 1.1 has a new calculated value of 0.
INFO: Sample N03-0372 1.1 has a new calculated value of 4808.85548517107.
INFO: Sample N03-0372 1.1 has a new calculated value of 4808.85548517107.
INFO: Sample N03-0372 1.1 has a new calculated value of 2404.36324384064.
INFO: Sample H01-0610 1.1 has a new calculated value of 3364.84484374523.
INFO: Sample H01-0610 1.1 has a new calculated value of 33659.8235741258.
INFO: Sample H01-0610 1.1 has a new calculated value of 6729.94184307754.
INFO: Sample A01-0594 1.1 has a new calculated value of 15554.0862679481.
INFO: Sample A01-0594 1.1 has a new calculated value of 111590.426266193.
INFO: Sample A01-0594 1.1 has a new calculated value of 140181.510597467.
INFO: Sample T01-0163 1.1 has a new calculated value of 0.
INFO: Sample T01-0163 1.1 has a new calculated value of 4888.06312903762.
INFO: Sample T01-0163 1.1 has a new calculated value of 2443.96494235843.
INFO: Sample A04-0445 1.1 has a new calculated value of 19406.1912596226.
INFO: Sample A04-0445 1.1 has a new calculated value of 43675.7513880729.
INFO: Sample A04-0445 1.1 has a new calculated value of 41248.2033669948.
INFO: Sample H01-0615 1.1 has a new calculated value of 2468.60319748521.
INFO: Sample H01-0615 1.1 has a new calculated value of 12344.3760350347.
INFO: Sample H01-0615 1.1 has a new calculated value of 19752.6349872351.
INFO: Sample T01-0165 1.1 has a new calculated value of 4599.3348956108.
INFO: Sample T01-0165 1.1 has a new calculated value of 20700.7251307368.
INFO: Sample T01-0165 1.1 has a new calculated value of 18400.1722186804.
INFO: Sample A04-0443 1.1 has a new calculated value of 10535.7834510505.
INFO: Sample A04-0443 1.1 has a new calculated value of 36886.0837072135.
INFO: Sample A04-0443 1.1 has a new calculated value of 42158.006206155.
INFO: Sample H01-0613 1.1 has a new calculated value of 0.
INFO: Sample H01-0613 1.1 has a new calculated value of 265197.808742523.
INFO: Sample H01-0613 1.1 has a new calculated value of 279199.168682098.
INFO: Sample R01-0301 1.1 has a new calculated value of 10371.7899508774.
INFO: Sample R01-0301 1.1 has a new calculated value of 36311.7720186712.
INFO: Sample R01-0301 1.1 has a new calculated value of 0.
INFO: Sample G01-0375 1.1 has a new calculated value of 0.
INFO: Sample G01-0375 1.1 has a new calculated value of 2422.95374628156.
INFO: Sample G01-0375 1.1 has a new calculated value of 2422.95374628156.
INFO: Sample Q01-0389 1.1 has a new calculated value of 4615.91664701699.
INFO: Sample Q01-0389 1.1 has a new calculated value of 53111.7723137139.
INFO: Sample Q01-0389 1.1 has a new calculated value of 53111.7723137139.
INFO: Sample R01-0304 1.1 has a new calculated value of 9911.81569173931.
INFO: Sample R01-0304 1.1 has a new calculated value of 0.
INFO: Sample R01-0304 1.1 has a new calculated value of 0.
INFO: Sample N03-0367 1.1 has a new calculated value of 0.
INFO: Sample N03-0367 1.1 has a new calculated value of 0.
INFO: Sample N03-0367 1.1 has a new calculated value of 0.
INFO: Sample T01-0166 1.1 has a new calculated value of 0.
INFO: Sample T01-0166 1.1 has a new calculated value of 0.
INFO: Sample T01-0166 1.1 has a new calculated value of 3452.73486804217.
INFO: Sample N02-0314 1.1 has a new calculated value of 4780.38419969381.
INFO: Sample N02-0314 1.1 has a new calculated value of 0.
INFO: Sample N02-0314 1.1 has a new calculated value of 0.
INFO: Sample Q01-0393 1.1 has a new calculated value of 13923.7660914659.
INFO: Sample Q01-0393 1.1 has a new calculated value of 4640.77494107188.
INFO: Sample Q01-0393 1.1 has a new calculated value of 2320.32721862197.
INFO: Sample N03-0353 1.1 has a new calculated value of 0.
INFO: Sample N03-0353 1.1 has a new calculated value of 0.
INFO: Sample N03-0353 1.1 has a new calculated value of 4971.85416519641.
INFO: Sample M03-0253 1.1 has a new calculated value of 0.
INFO: Sample M03-0253 1.1 has a new calculated value of 68297.3865419626.
INFO: Sample M03-0253 1.1 has a new calculated value of 49446.3282823564.
INFO: Sample N02-0311 1.1 has a new calculated value of 2239.2783081159.
INFO: Sample N02-0311 1.1 has a new calculated value of 6718.17122027278.
INFO: Sample N02-0311 1.1 has a new calculated value of 6718.17122027278.
INFO: Sample N02-0304 1.1 has a new calculated value of 4993.73914673925.
INFO: Sample N02-0304 1.1 has a new calculated value of 4993.73914673925.
INFO: Sample N02-0304 1.1 has a new calculated value of 2496.80029693991.
INFO: Sample N03-0358 1.1 has a new calculated value of 0.
INFO: Sample N03-0358 1.1 has a new calculated value of 0.
INFO: Sample N03-0358 1.1 has a new calculated value of 0.
INFO: Sample A01-0592 1.1 has a new calculated value of 48620.761334896.
INFO: Sample A01-0592 1.1 has a new calculated value of 70517.3239856958.
INFO: Sample A01-0592 1.1 has a new calculated value of 75384.6806287764.
INFO: Sample K01-0267 1.1 has a new calculated value of 4796.24505154787.
INFO: Sample K01-0267 1.1 has a new calculated value of 127274.27020669.
INFO: Sample K01-0267 1.1 has a new calculated value of 139299.961924553.
INFO: Sample N03-0371 1.1 has a new calculated value of 0.
INFO: Sample N03-0371 1.1 has a new calculated value of 0.
INFO: Sample N03-0371 1.1 has a new calculated value of 0.
INFO: Sample M04-0232 1.1 has a new calculated value of 2300.31668208539.
INFO: Sample M04-0232 1.1 has a new calculated value of 161308.025121689.
INFO: Sample M04-0232 1.1 has a new calculated value of 170543.183684349.
INFO: Sample G01-0430 1.1 has a new calculated value of 4962.21916750074.
INFO: Sample G01-0430 1.1 has a new calculated value of 2481.04083817452.
INFO: Sample G01-0430 1.1 has a new calculated value of 4962.21916750074.
INFO: Sample Q01-0390 1.1 has a new calculated value of 6783.94029848277.
INFO: Sample Q01-0390 1.1 has a new calculated value of 11307.1385398507.
INFO: Sample Q01-0390 1.1 has a new calculated value of 11307.1385398507.
INFO: Sample A04-0446 1.1 has a new calculated value of 26823.6339837313.
INFO: Sample A04-0446 1.1 has a new calculated value of 95174.5221018792.
INFO: Sample A04-0446 1.1 has a new calculated value of 124499.696642161.
INFO: Sample N02-0307 1.1 has a new calculated value of 2313.49911075085.
INFO: Sample N02-0307 1.1 has a new calculated value of 9254.71309572457.
INFO: Sample N02-0307 1.1 has a new calculated value of 9254.71309572457.
INFO: Sample H01-0616 1.1 has a new calculated value of 0.
INFO: Sample H01-0616 1.1 has a new calculated value of 2397.93009124696.
INFO: Sample H01-0616 1.1 has a new calculated value of 9592.49010309578.
LOW : WaTCH status of M03-0253 1.1 has been changed to Complete.
LOW : WaTCH status of K01-0267 1.1 has been changed to Complete.
LOW : WaTCH status of Q01-0394 1.1 has been changed to Complete.
LOW : WaTCH status of A01-0595 1.1 has been changed to Complete.
LOW : WaTCH status of M03-0264 1.1 has been changed to Complete.
LOW : WaTCH status of Q01-0388 1.1 has been changed to Complete.
LOW : WaTCH status of N03-0353 1.1 has been changed to Complete.
LOW : WaTCH status of H01-0614 1.1 has been changed to Complete.
LOW : WaTCH status of A01-0596 1.1 has been changed to Complete.
LOW : WaTCH status of K01-0270 1.1 has been changed to Complete.
LOW : WaTCH status of T01-0162 1.1 has been changed to Complete.
LOW : WaTCH status of N03-0356 1.1 has been changed to Complete.
LOW : WaTCH status of R02-0319 1.1 has been changed to Complete.
LOW : WaTCH status of Q01-0390 1.1 has been changed to Complete.
LOW : WaTCH status of N03-0358 1.1 has been changed to Complete.
LOW : WaTCH status of A01-0593 1.1 has been changed to Complete.
LOW : WaTCH status of A01-0591 1.1 has been changed to Complete.
LOW : WaTCH status of M03-0260 1.1 has been changed to Complete.
LOW : WaTCH status of G01-0375 1.1 has been changed to Complete.
LOW : WaTCH status of H01-0610 1.1 has been changed to Complete.
LOW : WaTCH status of N03-0367 1.1 has been changed to Complete.
LOW : WaTCH status of G01-0432 1.1 has been changed to Complete.
LOW : WaTCH status of T01-0166 1.1 has been changed to Complete.
LOW : WaTCH status of A01-0592 1.1 has been changed to Complete.
LOW : WaTCH status of N02-0318 1.1 has been changed to Complete.
LOW : WaTCH status of M04-0234 1.1 has been changed to Complete.
LOW : WaTCH status of T01-0165 1.1 has been changed to Complete.
LOW : WaTCH status of A04-0444 1.1 has been changed to Complete.
LOW : WaTCH status of R01-0301 1.1 has been changed to Complete.
LOW : WaTCH status of N02-0311 1.1 has been changed to Complete.
LOW : WaTCH status of R01-0269 1.1 has been changed to Complete.
LOW : WaTCH status of M04-0240 1.1 has been changed to Complete.
LOW : WaTCH status of T01-0163 1.1 has been changed to Complete.
LOW : WaTCH status of Q01-0391 1.1 has been changed to Complete.
LOW : WaTCH status of Q01-0393 1.1 has been changed to Complete.
LOW : WaTCH status of N03-0371 1.1 has been changed to Complete.
LOW : WaTCH status of G01-0430 1.1 has been changed to Complete.
LOW : WaTCH status of G01-0353 1.1 has been changed to Complete.
LOW : WaTCH status of A04-0442 1.1 has been changed to Complete.
LOW : WaTCH status of M03-0254 1.1 has been changed to Complete.
LOW : WaTCH status of N03-0354 1.1 has been changed to Complete.
LOW : WaTCH status of H01-0611 1.1 has been changed to Complete.
LOW : WaTCH status of K01-0265 1.1 has been changed to Complete.
LOW : WaTCH status of N02-0307 1.1 has been changed to Complete.
LOW : WaTCH status of G01-0355 1.1 has been changed to Complete.
LOW : WaTCH status of N02-0304 1.1 has been changed to Complete.
LOW : WaTCH status of H01-0616 1.1 has been changed to Complete.
LOW : WaTCH status of M03-0268 1.1 has been changed to Complete.
LOW : WaTCH status of A01-0594 1.1 has been changed to Complete.
LOW : WaTCH status of R01-0261 1.1 has been changed to Complete.
LOW : WaTCH status of H01-0615 1.1 has been changed to Complete.
LOW : WaTCH status of N02-0322 1.1 has been changed to Complete.
LOW : WaTCH status of N03-0366 1.1 has been changed to Complete.
LOW : WaTCH status of M03-0265 1.1 has been changed to Complete.
LOW : WaTCH status of M04-0232 1.1 has been changed to Complete.
LOW : WaTCH status of K01-0273 1.1 has been changed to Complete.
LOW : WaTCH status of R02-0302 1.1 has been changed to Complete.
LOW : WaTCH status of R01-0300 1.1 has been changed to Complete.
LOW : WaTCH status of A04-0445 1.1 has been changed to Complete.
LOW : WaTCH status of A04-0446 1.1 has been changed to Complete.
LOW : WaTCH status of N02-0321 1.1 has been changed to Complete.
LOW : WaTCH status of R02-0324 1.1 has been changed to Complete.
LOW : WaTCH status of R02-0318 1.1 has been changed to Complete.
LOW : WaTCH status of E01-0288 1.1 has been changed to Complete.
LOW : WaTCH status of N02-0314 1.1 has been changed to Complete.
LOW : WaTCH status of M04-0227 1.1 has been changed to Complete.
LOW : WaTCH status of Q01-0392 1.1 has been changed to Complete.
LOW : WaTCH status of N03-0372 1.1 has been changed to Complete.
LOW : WaTCH status of M04-0246 1.1 has been changed to Complete.
LOW : WaTCH status of A04-0443 1.1 has been changed to Complete.
LOW : WaTCH status of R01-0304 1.1 has been changed to Complete.
LOW : WaTCH status of R02-0313 1.1 has been changed to Complete.
LOW : WaTCH status of Q01-0389 1.1 has been changed to Complete.
LOW : WaTCH status of M04-0236 1.1 has been changed to Complete.
LOW : WaTCH status of H01-0612 1.1 has been changed to Complete.
LOW : WaTCH status of T01-0164 1.1 has been changed to Complete.
#
# WaTCHdb update complete.
# 2023-07-06.10-29-25.
