# WaTCHdb update log.
# Command: 2_updateWaTCH.pl.
# Data output written to updates/watchdb/watchdb.2022-08-08.14-43-41.txt and updates/watchdb.LATEST.txt.
# Fatal errors and system warnings are NOT logged here; see STDERR for those.
#
# Run started 2022-08-08.14-43-41.
#
4 molecular targets added.
INFO: Finished WaTCHdb import. 4231 total assets present.
INFO: Finished AssetTiger import. 0 new assets added. 4231 total assets present.
INFO: Sample E02-0168 1.1 has a new calculated value of 26893.6090171337.
INFO: Sample E02-0168 1.1 has a new calculated value of 15365.6628727913.
INFO: Sample E02-0168 1.1 has a new calculated value of 1920.39969842881.
INFO: Sample L01-0194 1.1 has a new calculated value of 1800770.881176.
INFO: Sample L01-0194 1.1 has a new calculated value of 1849736.09447479.
INFO: Sample L01-0194 1.1 has a new calculated value of 0.
INFO: Sample M03-0125 1.1 has a new calculated value of 159856.373369694.
INFO: Sample M03-0125 1.1 has a new calculated value of 168286.757469177.
INFO: Sample M03-0125 1.1 has a new calculated value of 0.
INFO: Sample J01-0100 1.1 has a new calculated value of 33033.4690958261.
INFO: Sample J01-0100 1.1 has a new calculated value of 24221.9977453351.
INFO: Sample J01-0100 1.1 has a new calculated value of 0.
INFO: Sample F01-0014 1.1 has a new calculated value of 2180.00913737342.
INFO: Sample F01-0014 1.1 has a new calculated value of 0.
INFO: Sample F01-0014 1.1 has a new calculated value of 0.
INFO: Sample A04-0127 1.1 has a new calculated value of 180759.156346321.
INFO: Sample A04-0127 1.1 has a new calculated value of 135982.668846846.
INFO: Sample A04-0127 1.1 has a new calculated value of 0.
INFO: Sample A01-0318 1.1 has a new calculated value of 350589.246153831.
INFO: Sample A01-0318 1.1 has a new calculated value of 377679.508924483.
INFO: Sample A01-0318 1.1 has a new calculated value of 2065.89108332992.
INFO: Sample T01-0002 1.1 has a new calculated value of 155950.936675072.
INFO: Sample T01-0002 1.1 has a new calculated value of 105432.691276073.
INFO: Sample T01-0002 1.1 has a new calculated value of 0.
INFO: Sample R02-0123 1.1 has a new calculated value of 21510.8612179756.
INFO: Sample R02-0123 1.1 has a new calculated value of 32270.4346105456.
INFO: Sample R02-0123 1.1 has a new calculated value of 2150.58948146179.
INFO: Sample T01-0001 1.1 has a new calculated value of 116618.071049452.
INFO: Sample T01-0001 1.1 has a new calculated value of 168829.094767571.
INFO: Sample T01-0001 1.1 has a new calculated value of 7434.01969783006.
INFO: Sample L01-0178 1.1 has a new calculated value of 2747341.66145325.
INFO: Sample L01-0178 1.1 has a new calculated value of 2715939.03064728.
INFO: Sample L01-0178 1.1 has a new calculated value of 4526.59729868173.
INFO: Sample L01-0192 1.1 has a new calculated value of 828733.384609221.
INFO: Sample L01-0192 1.1 has a new calculated value of 831145.516633986.
INFO: Sample L01-0192 1.1 has a new calculated value of 0.
INFO: Sample H01-0293 1.1 has a new calculated value of 444500.404000281.
INFO: Sample H01-0293 1.1 has a new calculated value of 446628.44002247.
INFO: Sample H01-0293 1.1 has a new calculated value of 12634.8083093762.
INFO: Sample O01-0110 1.1 has a new calculated value of 2320.88859658688.
INFO: Sample O01-0110 1.1 has a new calculated value of 2320.88859658688.
INFO: Sample O01-0110 1.1 has a new calculated value of 0.
INFO: Sample R02-0118 1.1 has a new calculated value of 203928.778767586.
INFO: Sample R02-0118 1.1 has a new calculated value of 176980.224251747.
INFO: Sample R02-0118 1.1 has a new calculated value of 0.
INFO: Sample F01-0032 1.1 has a new calculated value of 2191.98068836704.
INFO: Sample F01-0032 1.1 has a new calculated value of 2191.98068836704.
INFO: Sample F01-0032 1.1 has a new calculated value of 0.
INFO: Sample T01-0004 1.1 has a new calculated value of 620380.053520204.
INFO: Sample T01-0004 1.1 has a new calculated value of 605085.754394531.
INFO: Sample T01-0004 1.1 has a new calculated value of 2153.24122924358.
INFO: Sample C01-0230 1.1 has a new calculated value of 187770.878076553.
INFO: Sample C01-0230 1.1 has a new calculated value of 203839.136660099.
INFO: Sample C01-0230 1.1 has a new calculated value of 4569.78279165924.
INFO: Sample T01-0003 1.1 has a new calculated value of 913504.818677902.
INFO: Sample T01-0003 1.1 has a new calculated value of 859610.563516616.
INFO: Sample T01-0003 1.1 has a new calculated value of 24191.4970055222.
INFO: Sample N03-0126 1.1 has a new calculated value of 63032.7048897742.
INFO: Sample N03-0126 1.1 has a new calculated value of 13262.1671631932.
INFO: Sample N03-0126 1.1 has a new calculated value of 0.
INFO: Sample C01-0226 1.1 has a new calculated value of 188912.052512169.
INFO: Sample C01-0226 1.1 has a new calculated value of 198622.839152813.
INFO: Sample C01-0226 1.1 has a new calculated value of 2416.56916681677.
INFO: Sample N02-0148 1.1 has a new calculated value of 56918.5721129178.
INFO: Sample N02-0148 1.1 has a new calculated value of 54727.9632836581.
INFO: Sample N02-0148 1.1 has a new calculated value of 0.
INFO: Sample K01-0121 1.1 has a new calculated value of 282217.901051044.
INFO: Sample K01-0121 1.1 has a new calculated value of 266775.081753731.
INFO: Sample K01-0121 1.1 has a new calculated value of 2557.07663018256.
INFO: Sample F01-0043 1.1 has a new calculated value of 0.
INFO: Sample F01-0043 1.1 has a new calculated value of 0.
INFO: Sample F01-0043 1.1 has a new calculated value of 0.
INFO: Sample H01-0294 1.1 has a new calculated value of 440496.050119402.
INFO: Sample H01-0294 1.1 has a new calculated value of 402557.30867386.
INFO: Sample H01-0294 1.1 has a new calculated value of 2086.66764199734.
INFO: Sample L01-0177 1.1 has a new calculated value of 1148693.02511215.
INFO: Sample L01-0177 1.1 has a new calculated value of 1181418.76459122.
INFO: Sample L01-0177 1.1 has a new calculated value of 4244.01449505239.
INFO: Sample C01-0229 1.1 has a new calculated value of 163258.492648602.
INFO: Sample C01-0229 1.1 has a new calculated value of 158447.68255949.
INFO: Sample C01-0229 1.1 has a new calculated value of 4792.65488684176.
INFO: Sample J01-0098 1.1 has a new calculated value of 229080.24430275.
INFO: Sample J01-0098 1.1 has a new calculated value of 218143.227696419.
INFO: Sample J01-0098 1.1 has a new calculated value of 0.
INFO: Sample A01-0321 1.1 has a new calculated value of 489928.788542749.
INFO: Sample A01-0321 1.1 has a new calculated value of 492275.55334568.
INFO: Sample A01-0321 1.1 has a new calculated value of 30163.1995663047.
INFO: Sample R01-0111 1.1 has a new calculated value of 267333.998680115.
INFO: Sample R01-0111 1.1 has a new calculated value of 301152.906417847.
INFO: Sample R01-0111 1.1 has a new calculated value of 2239.41447213292.
INFO: Sample K01-0124 1.1 has a new calculated value of 516750.108003617.
INFO: Sample K01-0124 1.1 has a new calculated value of 494888.781309127.
INFO: Sample K01-0124 1.1 has a new calculated value of 0.
INFO: Sample N02-0135 1.1 has a new calculated value of 4429.24852017314.
INFO: Sample N02-0135 1.1 has a new calculated value of 6644.04862560332.
INFO: Sample N02-0135 1.1 has a new calculated value of 0.
INFO: Sample A04-0128 1.1 has a new calculated value of 927718.859910965.
INFO: Sample A04-0128 1.1 has a new calculated value of 938627.983331681.
INFO: Sample A04-0128 1.1 has a new calculated value of 10670.2720932663.
INFO: Sample A01-0317 1.1 has a new calculated value of 257355.661690235.
INFO: Sample A01-0317 1.1 has a new calculated value of 237671.073675156.
INFO: Sample A01-0317 1.1 has a new calculated value of 13047.8168651462.
INFO: Sample H01-0292 1.1 has a new calculated value of 451295.775175094.
INFO: Sample H01-0292 1.1 has a new calculated value of 413685.908317565.
INFO: Sample H01-0292 1.1 has a new calculated value of 15330.2336856723.
INFO: Sample N03-0147 1.1 has a new calculated value of 70007.1394443513.
INFO: Sample N03-0147 1.1 has a new calculated value of 54995.764195919.
INFO: Sample N03-0147 1.1 has a new calculated value of 0.
INFO: Sample H01-0291 1.1 has a new calculated value of 390330.886244776.
INFO: Sample H01-0291 1.1 has a new calculated value of 439088.446497916.
INFO: Sample H01-0291 1.1 has a new calculated value of 6897.35298044979.
INFO: Sample M03-0111 1.1 has a new calculated value of 29554.5522496104.
INFO: Sample M03-0111 1.1 has a new calculated value of 22732.4217930436.
INFO: Sample M03-0111 1.1 has a new calculated value of 2272.68733084202.
INFO: Sample N02-0130 1.1 has a new calculated value of 8541.65478609503.
INFO: Sample N02-0130 1.1 has a new calculated value of 6406.07798472046.
INFO: Sample N02-0130 1.1 has a new calculated value of 0.
INFO: Sample E02-0167 1.1 has a new calculated value of 270896.852016449.
INFO: Sample E02-0167 1.1 has a new calculated value of 216577.234268188.
INFO: Sample E02-0167 1.1 has a new calculated value of 2077.15341355652.
INFO: Sample H01-0288 1.1 has a new calculated value of 94380.7214498519.
INFO: Sample H01-0288 1.1 has a new calculated value of 94380.7214498519.
INFO: Sample H01-0288 1.1 has a new calculated value of 2244.69195585698.
INFO: Sample M03-0106 1.1 has a new calculated value of 176640.834510326.
INFO: Sample M03-0106 1.1 has a new calculated value of 186757.142543793.
INFO: Sample M03-0106 1.1 has a new calculated value of 5036.56365908684.
INFO: Sample L01-0193 1.1 has a new calculated value of 2256737.28704452.
INFO: Sample L01-0193 1.1 has a new calculated value of 2315769.59609985.
INFO: Sample L01-0193 1.1 has a new calculated value of 0.
INFO: Sample N02-0131 1.1 has a new calculated value of 68963.0560576917.
INFO: Sample N02-0131 1.1 has a new calculated value of 66871.5979903938.
INFO: Sample N02-0131 1.1 has a new calculated value of 2088.12324330211.
INFO: Sample R01-0108 1.1 has a new calculated value of 210385.779440403.
INFO: Sample R01-0108 1.1 has a new calculated value of 201777.911782265.
INFO: Sample R01-0108 1.1 has a new calculated value of 10708.439424634.
INFO: Sample N02-0136 1.1 has a new calculated value of 167850.353121758.
INFO: Sample N02-0136 1.1 has a new calculated value of 157469.739317894.
INFO: Sample N02-0136 1.1 has a new calculated value of 0.
INFO: Sample A04-0126 1.1 has a new calculated value of 709511.250257491.
INFO: Sample A04-0126 1.1 has a new calculated value of 716016.783714293.
INFO: Sample A04-0126 1.1 has a new calculated value of 8528.61860767005.
INFO: Sample R01-0115 1.1 has a new calculated value of 169631.457030773.
INFO: Sample R01-0115 1.1 has a new calculated value of 197970.237135887.
INFO: Sample R01-0115 1.1 has a new calculated value of 2565.05801808089.
INFO: Sample B01-0242 1.1 has a new calculated value of 311034.942269325.
INFO: Sample B01-0242 1.1 has a new calculated value of 332503.623962402.
INFO: Sample B01-0242 1.1 has a new calculated value of 1936.81768141687.
INFO: Sample R02-0103 1.1 has a new calculated value of 144334.936738014.
INFO: Sample R02-0103 1.1 has a new calculated value of 135573.206394911.
INFO: Sample R02-0103 1.1 has a new calculated value of 2183.18868661299.
INFO: Sample H01-0289 1.1 has a new calculated value of 124899.365901947.
INFO: Sample H01-0289 1.1 has a new calculated value of 100696.226209402.
INFO: Sample H01-0289 1.1 has a new calculated value of 8046.80130444467.
INFO: Sample M03-0110 1.1 has a new calculated value of 219804.655909538.
INFO: Sample M03-0110 1.1 has a new calculated value of 200219.715535641.
INFO: Sample M03-0110 1.1 has a new calculated value of 0.
INFO: Sample H01-0290 1.1 has a new calculated value of 123451.527804136.
INFO: Sample H01-0290 1.1 has a new calculated value of 121282.577812672.
INFO: Sample H01-0290 1.1 has a new calculated value of 2162.68551768735.
INFO: Sample J01-0099 1.1 has a new calculated value of 4670.09453102946.
INFO: Sample J01-0099 1.1 has a new calculated value of 9340.7092988491.
INFO: Sample J01-0099 1.1 has a new calculated value of 0.
INFO: Sample A04-0129 1.1 has a new calculated value of 1140483.79898071.
INFO: Sample A04-0129 1.1 has a new calculated value of 1163825.33311844.
INFO: Sample A04-0129 1.1 has a new calculated value of 61978.2719761133.
INFO: Sample A01-0320 1.1 has a new calculated value of 293449.56278801.
INFO: Sample A01-0320 1.1 has a new calculated value of 342558.217048645.
INFO: Sample A01-0320 1.1 has a new calculated value of 17061.5774765611.
INFO: Sample N02-0139 1.1 has a new calculated value of 73520.7125544548.
INFO: Sample N02-0139 1.1 has a new calculated value of 103363.193571568.
INFO: Sample N02-0139 1.1 has a new calculated value of 15885.4473754764.
INFO: Sample M03-0118 1.1 has a new calculated value of 123942.495435476.
INFO: Sample M03-0118 1.1 has a new calculated value of 130363.296121359.
INFO: Sample M03-0118 1.1 has a new calculated value of 4267.78321154415.
INFO: Sample O01-0125 1.1 has a new calculated value of 25086.6249203682.
INFO: Sample O01-0125 1.1 has a new calculated value of 27367.9715394974.
INFO: Sample O01-0125 1.1 has a new calculated value of 0.
INFO: Sample R01-0123 1.1 has a new calculated value of 232280.876934528.
INFO: Sample R01-0123 1.1 has a new calculated value of 237237.030565739.
INFO: Sample R01-0123 1.1 has a new calculated value of 4928.76634933054.
INFO: Sample N02-0134 1.1 has a new calculated value of 19527.6527479291.
INFO: Sample N02-0134 1.1 has a new calculated value of 6508.2063060254.
INFO: Sample N02-0134 1.1 has a new calculated value of 0.
INFO: Sample B01-0244 1.1 has a new calculated value of 351634.95182991.
INFO: Sample B01-0244 1.1 has a new calculated value of 382738.299965858.
INFO: Sample B01-0244 1.1 has a new calculated value of 0.
INFO: Sample F01-0029 1.1 has a new calculated value of 671262.999773026.
INFO: Sample F01-0029 1.1 has a new calculated value of 564096.87101841.
INFO: Sample F01-0029 1.1 has a new calculated value of 2155.12350434437.
INFO: Sample C01-0228 1.1 has a new calculated value of 195372.722446918.
INFO: Sample C01-0228 1.1 has a new calculated value of 221784.936189652.
INFO: Sample C01-0228 1.1 has a new calculated value of 2190.14791538939.
INFO: Sample N03-0128 1.1 has a new calculated value of 125707.622766495.
INFO: Sample N03-0128 1.1 has a new calculated value of 84738.1474077702.
INFO: Sample N03-0128 1.1 has a new calculated value of 0.
INFO: Sample B01-0236 1.1 has a new calculated value of 73723.4392762185.
INFO: Sample B01-0236 1.1 has a new calculated value of 73723.4392762185.
INFO: Sample B01-0236 1.1 has a new calculated value of 0.
INFO: Sample L01-0197 1.1 has a new calculated value of 1291579.79249954.
INFO: Sample L01-0197 1.1 has a new calculated value of 1265665.0185585.
INFO: Sample L01-0197 1.1 has a new calculated value of 0.
INFO: Sample N03-0143 1.1 has a new calculated value of 33559.3584179878.
INFO: Sample N03-0143 1.1 has a new calculated value of 28394.6323022246.
INFO: Sample N03-0143 1.1 has a new calculated value of 0.
INFO: Sample B01-0227 1.1 has a new calculated value of 52721.9726890327.
INFO: Sample B01-0227 1.1 has a new calculated value of 54920.1578646899.
INFO: Sample B01-0227 1.1 has a new calculated value of 2195.42513368651.
INFO: Sample L01-0181 1.1 has a new calculated value of 743718.352317809.
INFO: Sample L01-0181 1.1 has a new calculated value of 757530.881166459.
INFO: Sample L01-0181 1.1 has a new calculated value of 4522.68968336283.
INFO: Sample N03-0131 1.1 has a new calculated value of 45562.7882480622.
INFO: Sample N03-0131 1.1 has a new calculated value of 303082.258701325.
INFO: Sample N03-0131 1.1 has a new calculated value of 2396.80680446327.
INFO: Sample L01-0176 1.1 has a new calculated value of 171256.855130195.
INFO: Sample L01-0176 1.1 has a new calculated value of 138268.449157476.
INFO: Sample L01-0176 1.1 has a new calculated value of 0.
INFO: Sample L01-0198 1.1 has a new calculated value of 1708288.08546066.
INFO: Sample L01-0198 1.1 has a new calculated value of 1825503.33738327.
INFO: Sample L01-0198 1.1 has a new calculated value of 4682.61737376452.
INFO: Sample K01-0119 1.1 has a new calculated value of 361382.75384903.
INFO: Sample K01-0119 1.1 has a new calculated value of 378211.416006088.
INFO: Sample K01-0119 1.1 has a new calculated value of 7149.53457936643.
INFO: Sample L01-0195 1.1 has a new calculated value of 127746.296972036.
INFO: Sample L01-0195 1.1 has a new calculated value of 127746.296972036.
INFO: Sample L01-0195 1.1 has a new calculated value of 0.
INFO: Sample O01-0116 1.1 has a new calculated value of 16299.4730472565.
INFO: Sample O01-0116 1.1 has a new calculated value of 9313.20788338782.
INFO: Sample O01-0116 1.1 has a new calculated value of 0.
INFO: Sample R02-0101 1.1 has a new calculated value of 132333.638817072.
INFO: Sample R02-0101 1.1 has a new calculated value of 149719.901382923.
INFO: Sample R02-0101 1.1 has a new calculated value of 2166.03865614161.
INFO: Sample C01-0227 1.1 has a new calculated value of 200017.838180065.
INFO: Sample C01-0227 1.1 has a new calculated value of 200017.838180065.
INFO: Sample C01-0227 1.1 has a new calculated value of 0.
INFO: Sample R02-0102 1.1 has a new calculated value of 6870.96901237965.
INFO: Sample R02-0102 1.1 has a new calculated value of 9161.54187172651.
INFO: Sample R02-0102 1.1 has a new calculated value of 0.
INFO: Sample L01-0189 1.1 has a new calculated value of 23477.7873381972.
INFO: Sample L01-0189 1.1 has a new calculated value of 23477.7873381972.
INFO: Sample L01-0189 1.1 has a new calculated value of 0.
INFO: Sample K01-0102 1.1 has a new calculated value of 575784.591436388.
INFO: Sample K01-0102 1.1 has a new calculated value of 555883.466005326.
INFO: Sample K01-0102 1.1 has a new calculated value of 0.
INFO: Sample R01-0124 1.1 has a new calculated value of 208196.062445641.
INFO: Sample R01-0124 1.1 has a new calculated value of 265382.93659687.
INFO: Sample R01-0124 1.1 has a new calculated value of 4945.04923000932.
INFO: Sample A01-0319 1.1 has a new calculated value of 120501.857399941.
INFO: Sample A01-0319 1.1 has a new calculated value of 139231.511503458.
INFO: Sample A01-0319 1.1 has a new calculated value of 2074.6857393533.
INFO: Sample N03-0150 1.1 has a new calculated value of 33971.0377156735.
INFO: Sample N03-0150 1.1 has a new calculated value of 42468.1013077496.
INFO: Sample N03-0150 1.1 has a new calculated value of 0.
INFO: Sample L01-0225 1.1 has a new calculated value of 986095.730066299.
INFO: Sample L01-0225 1.1 has a new calculated value of 972044.699192046.
INFO: Sample L01-0225 1.1 has a new calculated value of 0.
INFO: Sample E02-0166 1.1 has a new calculated value of 241727.306842804.
INFO: Sample E02-0166 1.1 has a new calculated value of 263186.424672603.
INFO: Sample E02-0166 1.1 has a new calculated value of 2133.07701051235.
INFO: Sample T01-0005 1.1 has a new calculated value of 434495.040178299.
INFO: Sample T01-0005 1.1 has a new calculated value of 551683.995723726.
INFO: Sample T01-0005 1.1 has a new calculated value of 2068.2358648628.
INFO: Sample B01-0233 1.1 has a new calculated value of 154339.72299099.
INFO: Sample B01-0233 1.1 has a new calculated value of 141456.358283758.
INFO: Sample B01-0233 1.1 has a new calculated value of 0.
INFO: Sample O01-0114 1.1 has a new calculated value of 15788.0993932486.
INFO: Sample O01-0114 1.1 has a new calculated value of 11276.6070105135.
INFO: Sample O01-0114 1.1 has a new calculated value of 2255.07864262909.
INFO: Sample N03-0149 1.1 has a new calculated value of 118401.323854923.
INFO: Sample N03-0149 1.1 has a new calculated value of 91048.2417047022.
INFO: Sample N03-0149 1.1 has a new calculated value of 2273.79708085209.
INFO: Sample O01-0104 1.1 has a new calculated value of 27079.157307744.
INFO: Sample O01-0104 1.1 has a new calculated value of 20307.7276423573.
INFO: Sample O01-0104 1.1 has a new calculated value of 0.
INFO: Sample J01-0102 1.1 has a new calculated value of 58237.7567142248.
INFO: Sample J01-0102 1.1 has a new calculated value of 48525.8404165505.
INFO: Sample J01-0102 1.1 has a new calculated value of 0.
INFO: Sample J01-0101 1.1 has a new calculated value of 200816.769003868.
INFO: Sample J01-0101 1.1 has a new calculated value of 173060.620129108.
INFO: Sample J01-0101 1.1 has a new calculated value of 0.
LOW : WaTCH status of J01-0099 1.1 has been changed to Complete.
LOW : WaTCH status of N03-0149 1.1 has been changed to Complete.
LOW : WaTCH status of L01-0177 1.1 has been changed to Complete.
LOW : WaTCH status of J01-0102 1.1 has been changed to Complete.
LOW : WaTCH status of T01-0004 1.1 has been changed to Complete.
LOW : WaTCH status of N03-0143 1.1 has been changed to Complete.
LOW : WaTCH status of T01-0002 1.1 has been changed to Complete.
LOW : WaTCH status of T01-0003 1.1 has been changed to Complete.
LOW : WaTCH status of R02-0101 1.1 has been changed to Complete.
LOW : WaTCH status of O01-0110 1.1 has been changed to Complete.
LOW : WaTCH status of A04-0127 1.1 has been changed to Complete.
LOW : WaTCH status of O01-0125 1.1 has been changed to Complete.
LOW : WaTCH status of R01-0124 1.1 has been changed to Complete.
LOW : WaTCH status of J01-0101 1.1 has been changed to Complete.
LOW : WaTCH status of T01-0001 1.1 has been changed to Complete.
LOW : WaTCH status of J01-0098 1.1 has been changed to Complete.
LOW : WaTCH status of N02-0135 1.1 has been changed to Complete.
LOW : WaTCH status of R01-0123 1.1 has been changed to Complete.
LOW : WaTCH status of R02-0103 1.1 has been changed to Complete.
LOW : WaTCH status of R02-0102 1.1 has been changed to Complete.
LOW : WaTCH status of O01-0116 1.1 has been changed to Complete.
LOW : WaTCH status of E02-0167 1.1 has been changed to Complete.
LOW : WaTCH status of N03-0126 1.1 has been changed to Complete.
LOW : WaTCH status of N02-0139 1.1 has been changed to Complete.
LOW : WaTCH status of E02-0166 1.1 has been changed to Complete.
LOW : WaTCH status of H01-0294 1.1 has been changed to Complete.
LOW : WaTCH status of N02-0134 1.1 has been changed to Complete.
LOW : WaTCH status of B01-0233 1.1 has been changed to Complete.
LOW : WaTCH status of C01-0228 1.1 has been changed to Complete.
LOW : WaTCH status of R02-0118 1.1 has been changed to Complete.
LOW : WaTCH status of L01-0181 1.1 has been changed to Complete.
LOW : WaTCH status of H01-0293 1.1 has been changed to Complete.
LOW : WaTCH status of H01-0292 1.1 has been changed to Complete.
LOW : WaTCH status of A01-0321 1.1 has been changed to Complete.
LOW : WaTCH status of K01-0124 1.1 has been changed to Complete.
LOW : WaTCH status of A04-0126 1.1 has been changed to Complete.
LOW : WaTCH status of N03-0150 1.1 has been changed to Complete.
LOW : WaTCH status of C01-0229 1.1 has been changed to Complete.
LOW : WaTCH status of K01-0121 1.1 has been changed to Complete.
LOW : WaTCH status of L01-0197 1.1 has been changed to Complete.
LOW : WaTCH status of F01-0029 1.1 has been changed to Complete.
LOW : WaTCH status of L01-0189 1.1 has been changed to Complete.
LOW : WaTCH status of M03-0118 1.1 has been changed to Complete.
LOW : WaTCH status of N02-0131 1.1 has been changed to Complete.
LOW : WaTCH status of T01-0005 1.1 has been changed to Complete.
LOW : WaTCH status of M03-0111 1.1 has been changed to Complete.
LOW : WaTCH status of L01-0176 1.1 has been changed to Complete.
LOW : WaTCH status of F01-0032 1.1 has been changed to Complete.
LOW : WaTCH status of H01-0291 1.1 has been changed to Complete.
LOW : WaTCH status of A01-0317 1.1 has been changed to Complete.
LOW : WaTCH status of B01-0236 1.1 has been changed to Complete.
LOW : WaTCH status of M03-0125 1.1 has been changed to Complete.
LOW : WaTCH status of A04-0128 1.1 has been changed to Complete.
LOW : WaTCH status of A01-0320 1.1 has been changed to Complete.
LOW : WaTCH status of L01-0178 1.1 has been changed to Complete.
LOW : WaTCH status of N02-0148 1.1 has been changed to Complete.
LOW : WaTCH status of N02-0136 1.1 has been changed to Complete.
LOW : WaTCH status of C01-0230 1.1 has been changed to Complete.
LOW : WaTCH status of F01-0043 1.1 has been changed to Complete.
LOW : WaTCH status of O01-0104 1.1 has been changed to Complete.
LOW : WaTCH status of N03-0147 1.1 has been changed to Complete.
LOW : WaTCH status of B01-0242 1.1 has been changed to Complete.
LOW : WaTCH status of E02-0168 1.1 has been changed to Complete.
LOW : WaTCH status of R01-0111 1.1 has been changed to Complete.
LOW : WaTCH status of B01-0244 1.1 has been changed to Complete.
LOW : WaTCH status of H01-0290 1.1 has been changed to Complete.
LOW : WaTCH status of A04-0129 1.1 has been changed to Complete.
LOW : WaTCH status of M03-0110 1.1 has been changed to Complete.
LOW : WaTCH status of K01-0102 1.1 has been changed to Complete.
LOW : WaTCH status of L01-0195 1.1 has been changed to Complete.
LOW : WaTCH status of N02-0130 1.1 has been changed to Complete.
LOW : WaTCH status of C01-0226 1.1 has been changed to Complete.
LOW : WaTCH status of C01-0227 1.1 has been changed to Complete.
LOW : WaTCH status of R02-0123 1.1 has been changed to Complete.
LOW : WaTCH status of L01-0194 1.1 has been changed to Complete.
LOW : WaTCH status of N03-0128 1.1 has been changed to Complete.
LOW : WaTCH status of N03-0131 1.1 has been changed to Complete.
LOW : WaTCH status of F01-0014 1.1 has been changed to Complete.
LOW : WaTCH status of M03-0106 1.1 has been changed to Complete.
LOW : WaTCH status of A01-0319 1.1 has been changed to Complete.
LOW : WaTCH status of L01-0192 1.1 has been changed to Complete.
LOW : WaTCH status of L01-0193 1.1 has been changed to Complete.
LOW : WaTCH status of H01-0288 1.1 has been changed to Complete.
LOW : WaTCH status of R01-0108 1.1 has been changed to Complete.
LOW : WaTCH status of K01-0119 1.1 has been changed to Complete.
LOW : WaTCH status of J01-0100 1.1 has been changed to Complete.
LOW : WaTCH status of H01-0289 1.1 has been changed to Complete.
LOW : WaTCH status of R01-0115 1.1 has been changed to Complete.
LOW : WaTCH status of O01-0114 1.1 has been changed to Complete.
LOW : WaTCH status of A01-0318 1.1 has been changed to Complete.
LOW : WaTCH status of L01-0225 1.1 has been changed to Complete.
LOW : WaTCH status of B01-0227 1.1 has been changed to Complete.
LOW : WaTCH status of L01-0198 1.1 has been changed to Complete.
#
# WaTCHdb update complete.
# 2022-08-08.14-43-42.
