# WaTCHdb update log.
# Command: 2_updateWaTCH.pl.
# Data output written to DB/INCREMENTAL/watchdb.2022-06-11.08-36-21.txt and DB/watchdb.LATEST.txt.
# Fatal errors and system warnings are NOT logged here; see STDERR for those.
#
# Run started 2022-06-11.08-36-21.
#
4 molecular targets added.
INFO: Finished WaTCHdb import. 3390 total assets present.
INFO: Finished AssetTiger import. 46 new assets added. 3436 total assets present.
INFO: Sample M04-0062 1.1 has a new calculated value of 0.
INFO: Sample M04-0062 1.1 has a new calculated value of 9693.94370913506.
INFO: Sample M04-0062 1.1 has a new calculated value of 11633.001063019.
INFO: Sample M04-0054 1.1 has a new calculated value of 0.
INFO: Sample M04-0054 1.1 has a new calculated value of 34294.1748350859.
INFO: Sample M04-0054 1.1 has a new calculated value of 27861.8779778481.
INFO: Sample R01-0065 1.1 has a new calculated value of 0.
INFO: Sample R01-0065 1.1 has a new calculated value of 0.
INFO: Sample R01-0065 1.1 has a new calculated value of 0.
INFO: Sample L01-0139 1.1 has a new calculated value of 0.
INFO: Sample L01-0139 1.1 has a new calculated value of 267271.383404732.
INFO: Sample L01-0139 1.1 has a new calculated value of 273919.644355774.
INFO: Sample A01-0268 1.1 has a new calculated value of 29138.6367380619.
INFO: Sample A01-0268 1.1 has a new calculated value of 254605.923593044.
INFO: Sample A01-0268 1.1 has a new calculated value of 283922.188282013.
INFO: Sample C01-0188 1.1 has a new calculated value of 0.
INFO: Sample C01-0188 1.1 has a new calculated value of 62128.626778722.
INFO: Sample C01-0188 1.1 has a new calculated value of 80183.2343637945.
INFO: Sample O01-0097 1.1 has a new calculated value of 0.
INFO: Sample O01-0097 1.1 has a new calculated value of 46432.6156675816.
INFO: Sample O01-0097 1.1 has a new calculated value of 42209.3418985607.
INFO: Sample R02-0001 1.1 has a new calculated value of 2191.98068836704.
INFO: Sample R02-0001 1.1 has a new calculated value of 105344.595015049.
INFO: Sample R02-0001 1.1 has a new calculated value of 94358.833283186.
INFO: Sample L01-0150 1.1 has a new calculated value of 0.
INFO: Sample L01-0150 1.1 has a new calculated value of 294621.756076813.
INFO: Sample L01-0150 1.1 has a new calculated value of 294621.756076813.
INFO: Sample O01-0099 1.1 has a new calculated value of 0.
INFO: Sample O01-0099 1.1 has a new calculated value of 75425.4671931267.
INFO: Sample O01-0099 1.1 has a new calculated value of 77582.4750959874.
INFO: Sample D01-0082 1.1 has a new calculated value of 14903.7276394665.
INFO: Sample D01-0082 1.1 has a new calculated value of 507209.857106207.
INFO: Sample D01-0082 1.1 has a new calculated value of 487104.679942131.
INFO: Sample J01-0061 1.1 has a new calculated value of 0.
INFO: Sample J01-0061 1.1 has a new calculated value of 2077.46237050742.
INFO: Sample J01-0061 1.1 has a new calculated value of 0.
INFO: Sample C01-0187 1.1 has a new calculated value of 0.
INFO: Sample C01-0187 1.1 has a new calculated value of 202133.031785488.
INFO: Sample C01-0187 1.1 has a new calculated value of 210943.592190742.
INFO: Sample C01-0189 1.1 has a new calculated value of 2088.74752745032.
INFO: Sample C01-0189 1.1 has a new calculated value of 71075.8841782809.
INFO: Sample C01-0189 1.1 has a new calculated value of 79445.6787407397.
INFO: Sample R01-0054 1.1 has a new calculated value of 8709.84309352935.
INFO: Sample R01-0054 1.1 has a new calculated value of 0.
INFO: Sample R01-0054 1.1 has a new calculated value of 0.
INFO: Sample J01-0062 1.1 has a new calculated value of 0.
INFO: Sample J01-0062 1.1 has a new calculated value of 14256.7420564592.
INFO: Sample J01-0062 1.1 has a new calculated value of 18330.9870958328.
INFO: Sample J01-0064 1.1 has a new calculated value of 0.
INFO: Sample J01-0064 1.1 has a new calculated value of 75380.8924555777.
INFO: Sample J01-0064 1.1 has a new calculated value of 66998.5400140286.
INFO: Sample M03-0082 1.1 has a new calculated value of 2188.20392852649.
INFO: Sample M03-0082 1.1 has a new calculated value of 247992.826402187.
INFO: Sample M03-0082 1.1 has a new calculated value of 217188.302278519.
INFO: Sample L01-0145 1.1 has a new calculated value of 0.
INFO: Sample L01-0145 1.1 has a new calculated value of 917315.686941145.
INFO: Sample L01-0145 1.1 has a new calculated value of 899369.32682991.
INFO: Sample A01-0267 1.1 has a new calculated value of 11795.8298698068.
INFO: Sample A01-0267 1.1 has a new calculated value of 338677.97255516.
INFO: Sample A01-0267 1.1 has a new calculated value of 336300.05300045.
INFO: Sample D01-0085 1.1 has a new calculated value of 4310.13632565737.
INFO: Sample D01-0085 1.1 has a new calculated value of 400575.29568672.
INFO: Sample D01-0085 1.1 has a new calculated value of 385348.504185677.
INFO: Sample O01-0082 1.1 has a new calculated value of 0.
INFO: Sample O01-0082 1.1 has a new calculated value of 55888.0955725907.
INFO: Sample O01-0082 1.1 has a new calculated value of 60190.2669668198.
INFO: Sample K01-0081 1.1 has a new calculated value of 2304.6803008765.
INFO: Sample K01-0081 1.1 has a new calculated value of 145442.934930324.
INFO: Sample K01-0081 1.1 has a new calculated value of 143130.365610123.
INFO: Sample A04-0089 1.1 has a new calculated value of 4291.38019680977.
INFO: Sample A04-0089 1.1 has a new calculated value of 481216.397881509.
INFO: Sample A04-0089 1.1 has a new calculated value of 483386.868238449.
INFO: Sample A03-0374 1.1 has a new calculated value of 4993.06230805816.
INFO: Sample A03-0374 1.1 has a new calculated value of 2496.45683448762.
INFO: Sample A03-0374 1.1 has a new calculated value of 0.
INFO: Sample A04-0087 1.1 has a new calculated value of 2122.27585958317.
INFO: Sample A04-0087 1.1 has a new calculated value of 624315.744638443.
INFO: Sample A04-0087 1.1 has a new calculated value of 626469.873189925.
INFO: Sample A03-0372 1.1 has a new calculated value of 4101.15587990732.
INFO: Sample A03-0372 1.1 has a new calculated value of 2050.52777426318.
INFO: Sample A03-0372 1.1 has a new calculated value of 4101.15587990732.
INFO: Sample N03-0093 1.1 has a new calculated value of 0.
INFO: Sample N03-0093 1.1 has a new calculated value of 61620.8969056606.
INFO: Sample N03-0093 1.1 has a new calculated value of 44612.9802614449.
INFO: Sample A01-0263 1.1 has a new calculated value of 2170.63810676336.
INFO: Sample A01-0263 1.1 has a new calculated value of 396919.487714769.
INFO: Sample A01-0263 1.1 has a new calculated value of 407877.092957498.
INFO: Sample M03-0086 1.1 has a new calculated value of 3870.14765292407.
INFO: Sample M03-0086 1.1 has a new calculated value of 92982.3249578476.
INFO: Sample M03-0086 1.1 has a new calculated value of 69717.3951566217.
INFO: Sample R01-0072 1.1 has a new calculated value of 4213.08455988763.
INFO: Sample R01-0072 1.1 has a new calculated value of 2106.48932727054.
INFO: Sample R01-0072 1.1 has a new calculated value of 0.
INFO: Sample A04-0092 1.1 has a new calculated value of 24021.6450020671.
INFO: Sample A04-0092 1.1 has a new calculated value of 1375146.55351639.
INFO: Sample A04-0092 1.1 has a new calculated value of 1325544.38352585.
INFO: Sample K01-0097 1.1 has a new calculated value of 6635.63299924135.
INFO: Sample K01-0097 1.1 has a new calculated value of 148446.650505066.
INFO: Sample K01-0097 1.1 has a new calculated value of 148446.650505066.
HIGH: I have assay data for A04-0091 1.1 in this run, but no value for Concentration Output Volume (mL). This is concerning.
HIGH: I have assay data for A04-0091 1.1 in this run, but no value for Concentration Input Volume (mL). This is concerning.
    I am unable to calculate a result for A04-0091 1.1. This should be confirmed.
HIGH: I have assay data for A04-0091 1.1 in this run, but no value for Concentration Output Volume (mL). This is concerning.
HIGH: I have assay data for A04-0091 1.1 in this run, but no value for Concentration Input Volume (mL). This is concerning.
    I am unable to calculate a result for A04-0091 1.1. This should be confirmed.
HIGH: I have assay data for A04-0091 1.1 in this run, but no value for Concentration Output Volume (mL). This is concerning.
HIGH: I have assay data for A04-0091 1.1 in this run, but no value for Concentration Input Volume (mL). This is concerning.
    I am unable to calculate a result for A04-0091 1.1. This should be confirmed.
INFO: Sample M04-0072 1.1 has a new calculated value of 0.
INFO: Sample M04-0072 1.1 has a new calculated value of 6580.41570335627.
INFO: Sample M04-0072 1.1 has a new calculated value of 2193.35719244555.
INFO: Sample N03-0086 1.1 has a new calculated value of 0.
INFO: Sample N03-0086 1.1 has a new calculated value of 21012.7143189311.
INFO: Sample N03-0086 1.1 has a new calculated value of 17191.4349496365.
INFO: Sample A03-0349 1.1 has a new calculated value of 2234.99617539346.
INFO: Sample A03-0349 1.1 has a new calculated value of 138795.625269413.
INFO: Sample A03-0349 1.1 has a new calculated value of 167956.320047379.
INFO: Sample R01-0075 1.1 has a new calculated value of 3994.44974027573.
INFO: Sample R01-0075 1.1 has a new calculated value of 0.
INFO: Sample R01-0075 1.1 has a new calculated value of 3994.44974027573.
INFO: Sample A04-0088 1.1 has a new calculated value of 4397.87664916367.
INFO: Sample A04-0088 1.1 has a new calculated value of 707360.24737358.
INFO: Sample A04-0088 1.1 has a new calculated value of 707360.24737358.
INFO: Sample J01-0063 1.1 has a new calculated value of 0.
INFO: Sample J01-0063 1.1 has a new calculated value of 32358.467169106.
INFO: Sample J01-0063 1.1 has a new calculated value of 17254.7403350472.
INFO: Sample C01-0190 1.1 has a new calculated value of 0.
INFO: Sample C01-0190 1.1 has a new calculated value of 117407.123744488.
INFO: Sample C01-0190 1.1 has a new calculated value of 114851.295948029.
INFO: Sample C01-0186 1.1 has a new calculated value of 0.
INFO: Sample C01-0186 1.1 has a new calculated value of 90983.239710331.
INFO: Sample C01-0186 1.1 has a new calculated value of 93318.7419176103.
INFO: Sample M04-0060 1.1 has a new calculated value of 5647.85144291819.
INFO: Sample M04-0060 1.1 has a new calculated value of 1882.53256492317.
INFO: Sample M04-0060 1.1 has a new calculated value of 3765.14953561129.
INFO: Sample R02-0011 1.1 has a new calculated value of 0.
INFO: Sample R02-0011 1.1 has a new calculated value of 162046.277225018.
INFO: Sample R02-0011 1.1 has a new calculated value of 168291.37802124.
INFO: Sample N03-0096 1.1 has a new calculated value of 2020.08741907775.
INFO: Sample N03-0096 1.1 has a new calculated value of 4040.27251526714.
INFO: Sample N03-0096 1.1 has a new calculated value of 4040.27251526714.
INFO: Sample O01-0083 1.1 has a new calculated value of 2157.89748122916.
INFO: Sample O01-0083 1.1 has a new calculated value of 43179.0717691183.
INFO: Sample O01-0083 1.1 has a new calculated value of 71269.3485617636.
INFO: Sample A01-0266 1.1 has a new calculated value of 6502.82079353929.
INFO: Sample A01-0266 1.1 has a new calculated value of 516856.890320779.
INFO: Sample A01-0266 1.1 has a new calculated value of 519051.278829574.
INFO: Sample M03-0083 1.1 has a new calculated value of 0.
INFO: Sample M03-0083 1.1 has a new calculated value of 86527.0060300828.
INFO: Sample M03-0083 1.1 has a new calculated value of 69629.6513825656.
INFO: Sample J01-0060 1.1 has a new calculated value of 0.
INFO: Sample J01-0060 1.1 has a new calculated value of 0.
INFO: Sample J01-0060 1.1 has a new calculated value of 0.
INFO: Sample K01-0091 1.1 has a new calculated value of 2131.44994340837.
INFO: Sample K01-0091 1.1 has a new calculated value of 102432.058900595.
INFO: Sample K01-0091 1.1 has a new calculated value of 89614.3586933614.
INFO: Sample M03-0096 1.1 has a new calculated value of 2064.16142871604.
INFO: Sample M03-0096 1.1 has a new calculated value of 188256.222903729.
INFO: Sample M03-0096 1.1 has a new calculated value of 134382.386505604.
INFO: Sample K01-0100 1.1 has a new calculated value of 0.
INFO: Sample K01-0100 1.1 has a new calculated value of 98400.9669721126.
INFO: Sample K01-0100 1.1 has a new calculated value of 104433.029741049.
INFO: Sample A01-0265 1.1 has a new calculated value of 13077.6742100716.
INFO: Sample A01-0265 1.1 has a new calculated value of 345747.213363648.
INFO: Sample A01-0265 1.1 has a new calculated value of 356735.293865202.
INFO: Sample R02-0021 1.1 has a new calculated value of 0.
INFO: Sample R02-0021 1.1 has a new calculated value of 85972.8795289992.
INFO: Sample R02-0021 1.1 has a new calculated value of 94169.9852049349.
INFO: Sample N03-0095 1.1 has a new calculated value of 2015.61855850741.
INFO: Sample N03-0095 1.1 has a new calculated value of 191917.89150238.
INFO: Sample N03-0095 1.1 has a new calculated value of 179770.731925964.
INFO: Sample L01-0129 1.1 has a new calculated value of 0.
INFO: Sample L01-0129 1.1 has a new calculated value of 1512710.85262299.
INFO: Sample L01-0129 1.1 has a new calculated value of 1403143.42975616.
INFO: Sample L01-0148 1.1 has a new calculated value of 2137.86451611668.
INFO: Sample L01-0148 1.1 has a new calculated value of 2774959.51652527.
INFO: Sample L01-0148 1.1 has a new calculated value of 2681413.99383545.
INFO: Sample N03-0079 1.1 has a new calculated value of 0.
INFO: Sample N03-0079 1.1 has a new calculated value of 18302.5248348713.
INFO: Sample N03-0079 1.1 has a new calculated value of 16268.5168348253.
INFO: Sample R01-0067 1.1 has a new calculated value of 5231.77720606326.
INFO: Sample R01-0067 1.1 has a new calculated value of 0.
INFO: Sample R01-0067 1.1 has a new calculated value of 0.
INFO: Sample R02-0016 1.1 has a new calculated value of 4312.13153991848.
INFO: Sample R02-0016 1.1 has a new calculated value of 159845.093786716.
INFO: Sample R02-0016 1.1 has a new calculated value of 146861.937046051.
INFO: Sample A04-0090 1.1 has a new calculated value of 2194.27583506331.
INFO: Sample A04-0090 1.1 has a new calculated value of 1100459.62572098.
INFO: Sample A04-0090 1.1 has a new calculated value of 1066684.34143066.
INFO: Sample L01-0135 1.1 has a new calculated value of 0.
INFO: Sample L01-0135 1.1 has a new calculated value of 2028978.72447967.
INFO: Sample L01-0135 1.1 has a new calculated value of 2044990.83995819.
INFO: Sample L01-0127 1.1 has a new calculated value of 2065.99300727248.
INFO: Sample L01-0127 1.1 has a new calculated value of 978187.655210494.
INFO: Sample L01-0127 1.1 has a new calculated value of 988762.536048889.
INFO: Sample A01-0262 1.1 has a new calculated value of 6776.53913386168.
INFO: Sample A01-0262 1.1 has a new calculated value of 403982.884883882.
INFO: Sample A01-0262 1.1 has a new calculated value of 394861.711263657.
HIGH: I have assay data for A01-0264 1.1 in this run, but no value for Concentration Input Volume (mL). This is concerning.
HIGH: I have assay data for A01-0264 1.1 in this run, but no value for Concentration Output Volume (mL). This is concerning.
    I am unable to calculate a result for A01-0264 1.1. This should be confirmed.
HIGH: I have assay data for A01-0264 1.1 in this run, but no value for Concentration Input Volume (mL). This is concerning.
HIGH: I have assay data for A01-0264 1.1 in this run, but no value for Concentration Output Volume (mL). This is concerning.
    I am unable to calculate a result for A01-0264 1.1. This should be confirmed.
HIGH: I have assay data for A01-0264 1.1 in this run, but no value for Concentration Input Volume (mL). This is concerning.
HIGH: I have assay data for A01-0264 1.1 in this run, but no value for Concentration Output Volume (mL). This is concerning.
    I am unable to calculate a result for A01-0264 1.1. This should be confirmed.
INFO: Sample N03-0092 1.1 has a new calculated value of 0.
INFO: Sample N03-0092 1.1 has a new calculated value of 100286.619365215.
INFO: Sample N03-0092 1.1 has a new calculated value of 64155.7878255845.
INFO: Sample O01-0089 1.1 has a new calculated value of 0.
INFO: Sample O01-0089 1.1 has a new calculated value of 37581.0436159371.
INFO: Sample O01-0089 1.1 has a new calculated value of 59353.9088219405.
INFO: Sample M03-0087 1.1 has a new calculated value of 2010.49409341067.
INFO: Sample M03-0087 1.1 has a new calculated value of 100643.030405044.
INFO: Sample M03-0087 1.1 has a new calculated value of 128866.441100836.
INFO: Sample M04-0068 1.1 has a new calculated value of 0.
INFO: Sample M04-0068 1.1 has a new calculated value of 31858.3391234279.
INFO: Sample M04-0068 1.1 has a new calculated value of 27609.1596856713.
#
# WaTCHdb update complete.
# 2022-06-11.08-36-22.
