# WaTCHdb update log.
# Command: 2_updateWaTCH.pl.
# Data output written to updates/watchdb/watchdb.2023-08-03.18-03-45.txt and updates/watchdb.LATEST.txt.
# Fatal errors and system warnings are NOT logged here; see STDERR for those.
#
# Run started 2023-08-03.18-03-45.
#
4 molecular targets added.
INFO: Finished WaTCHdb import. 9600 total assets present.
INFO: Finished AssetTiger import. 0 new assets added. 9600 total assets present.
INFO: Sample A01-0624 1.1 has a new calculated value of 41712.9765450955.
INFO: Sample A01-0624 1.1 has a new calculated value of 48668.9161509276.
INFO: Sample A01-0624 1.1 has a new calculated value of 48668.9161509276.
INFO: Sample A01-0626 1.1 has a new calculated value of 52919.3229228258.
INFO: Sample A01-0626 1.1 has a new calculated value of 68050.6116896867.
INFO: Sample A01-0626 1.1 has a new calculated value of 85710.2470099925.
INFO: Sample E01-0298 1.1 has a new calculated value of 66681.5395653248.
INFO: Sample E01-0298 1.1 has a new calculated value of 5330.87329007684.
INFO: Sample E01-0298 1.1 has a new calculated value of 72020.3496515749.
INFO: Sample A01-0619 1.1 has a new calculated value of 21813.6623874306.
INFO: Sample A01-0619 1.1 has a new calculated value of 24238.0592599511.
INFO: Sample A01-0619 1.1 has a new calculated value of 24238.0592599511.
INFO: Sample O01-0416 1.1 has a new calculated value of 0.
INFO: Sample O01-0416 1.1 has a new calculated value of 0.
INFO: Sample O01-0416 1.1 has a new calculated value of 0.
INFO: Sample R02-0327 1.1 has a new calculated value of 7285.40662676097.
INFO: Sample R02-0327 1.1 has a new calculated value of 0.
INFO: Sample R02-0327 1.1 has a new calculated value of 7285.40662676097.
INFO: Sample A01-0623 1.1 has a new calculated value of 102012.573927641.
INFO: Sample A01-0623 1.1 has a new calculated value of 39386.4224106075.
INFO: Sample A01-0623 1.1 has a new calculated value of 106655.031144619.
INFO: Sample O01-0408 1.1 has a new calculated value of 4771.73021994533.
INFO: Sample O01-0408 1.1 has a new calculated value of 2385.80167293549.
INFO: Sample O01-0408 1.1 has a new calculated value of 14316.7158029973.
INFO: Sample R01-0332 1.1 has a new calculated value of 0.
INFO: Sample R01-0332 1.1 has a new calculated value of 25414.7690534592.
INFO: Sample R01-0332 1.1 has a new calculated value of 2540.82825500518.
INFO: Sample R02-0345 1.1 has a new calculated value of 40762.6334577797.
INFO: Sample R02-0345 1.1 has a new calculated value of 4793.67996565999.
INFO: Sample R02-0345 1.1 has a new calculated value of 38363.8067543508.
INFO: Sample A04-0465 1.1 has a new calculated value of 21627.6639327407.
INFO: Sample A04-0465 1.1 has a new calculated value of 14417.2828830779.
INFO: Sample A04-0465 1.1 has a new calculated value of 19224.0765318274.
INFO: Sample A01-0620 1.1 has a new calculated value of 20920.3181415796.
INFO: Sample A01-0620 1.1 has a new calculated value of 20920.3181415796.
INFO: Sample A01-0620 1.1 has a new calculated value of 34872.6250603795.
INFO: Sample E01-0299 1.1 has a new calculated value of 44585.9194546939.
INFO: Sample E01-0299 1.1 has a new calculated value of 2475.83183459938.
INFO: Sample E01-0299 1.1 has a new calculated value of 34674.1005778313.
INFO: Sample O01-0386 1.1 has a new calculated value of 8728.34441252054.
INFO: Sample O01-0386 1.1 has a new calculated value of 4363.95959928631.
INFO: Sample O01-0386 1.1 has a new calculated value of 4363.95959928631.
INFO: Sample H01-0645 1.1 has a new calculated value of 7176.70102603732.
INFO: Sample H01-0645 1.1 has a new calculated value of 3588.20665162056.
INFO: Sample H01-0645 1.1 has a new calculated value of 21533.5520356894.
INFO: Sample A01-0621 1.1 has a new calculated value of 49673.4020859004.
INFO: Sample A01-0621 1.1 has a new calculated value of 66243.4492260218.
INFO: Sample A01-0621 1.1 has a new calculated value of 40207.5556665659.
INFO: Sample A04-0467 1.1 has a new calculated value of 63953.5792171956.
INFO: Sample A04-0467 1.1 has a new calculated value of 26044.1451519728.
INFO: Sample A04-0467 1.1 has a new calculated value of 92406.7179858685.
INFO: Sample H01-0648 1.2 has a new calculated value of 14848.0187729001.
INFO: Sample H01-0648 1.2 has a new calculated value of 12373.0071075261.
INFO: Sample H01-0648 1.2 has a new calculated value of 19798.4519228339.
INFO: Sample A04-0466 1.1 has a new calculated value of 40934.264883399.
INFO: Sample A04-0466 1.1 has a new calculated value of 32159.4882756472.
INFO: Sample A04-0466 1.1 has a new calculated value of 23386.4295110106.
INFO: Sample R02-0344 1.1 has a new calculated value of 4407.5262453407.
INFO: Sample R02-0344 1.1 has a new calculated value of 0.
INFO: Sample R02-0344 1.1 has a new calculated value of 0.
INFO: Sample N03-0379 1.1 has a new calculated value of 0.
INFO: Sample N03-0379 1.1 has a new calculated value of 0.
INFO: Sample N03-0379 1.1 has a new calculated value of 2577.36294530332.
INFO: Sample A01-0622 1.1 has a new calculated value of 105477.928519249.
INFO: Sample A01-0622 1.1 has a new calculated value of 40723.4097272156.
INFO: Sample A01-0622 1.1 has a new calculated value of 93479.297608137.
INFO: Sample A04-0464 1.1 has a new calculated value of 4804.98821474611.
INFO: Sample A04-0464 1.1 has a new calculated value of 26433.8110014796.
INFO: Sample A04-0464 1.1 has a new calculated value of 7207.67528750002.
INFO: Sample R02-0336 1.1 has a new calculated value of 0.
INFO: Sample R02-0336 1.1 has a new calculated value of 0.
INFO: Sample R02-0336 1.1 has a new calculated value of 4332.94525835662.
INFO: Sample A04-0463 1.1 has a new calculated value of 133294.042646885.
INFO: Sample A04-0463 1.1 has a new calculated value of 14012.2944675386.
INFO: Sample A04-0463 1.1 has a new calculated value of 175469.405651092.
INFO: Sample A04-0468 1.1 has a new calculated value of 54975.1925468446.
INFO: Sample A04-0468 1.1 has a new calculated value of 7849.4707122445.
INFO: Sample A04-0468 1.1 has a new calculated value of 70694.782063365.
INFO: Sample H01-0646 1.1 has a new calculated value of 15473.5228233039.
INFO: Sample H01-0646 1.1 has a new calculated value of 3867.87957977503.
INFO: Sample H01-0646 1.1 has a new calculated value of 23212.2860848904.
INFO: Sample R01-0334 1.1 has a new calculated value of 2675.38245767355.
INFO: Sample R01-0334 1.1 has a new calculated value of 24084.1944515705.
INFO: Sample R01-0334 1.1 has a new calculated value of 0.
INFO: Sample A01-0625 1.1 has a new calculated value of 124675.761759281.
INFO: Sample A01-0625 1.1 has a new calculated value of 14367.9750524461.
INFO: Sample A01-0625 1.1 has a new calculated value of 124675.761759281.
INFO: Sample O01-0405 1.1 has a new calculated value of 0.
INFO: Sample O01-0405 1.1 has a new calculated value of 0.
INFO: Sample O01-0405 1.1 has a new calculated value of 0.
INFO: Sample A04-0475 1.1 has a new calculated value of 12317.9087229073.
INFO: Sample A04-0475 1.1 has a new calculated value of 17246.0205294192.
INFO: Sample A04-0475 1.1 has a new calculated value of 14781.8966768682.
INFO: Sample N03-0383 1.1 has a new calculated value of 0.
INFO: Sample N03-0383 1.1 has a new calculated value of 0.
INFO: Sample N03-0383 1.1 has a new calculated value of 2469.28348671645.
INFO: Sample R02-0330 1.1 has a new calculated value of 4500.71020983158.
INFO: Sample R02-0330 1.1 has a new calculated value of 0.
INFO: Sample R02-0330 1.1 has a new calculated value of 6751.23492255805.
INFO: Sample R01-0341 1.1 has a new calculated value of 0.
INFO: Sample R01-0341 1.1 has a new calculated value of 28592.7405953407.
INFO: Sample R01-0341 1.1 has a new calculated value of 2598.58621750027.
INFO: Sample O01-0415 1.1 has a new calculated value of 0.
INFO: Sample O01-0415 1.1 has a new calculated value of 2226.59408580512.
INFO: Sample O01-0415 1.1 has a new calculated value of 2226.59408580512.
INFO: Sample N03-0386 1.1 has a new calculated value of 8449.38601367177.
INFO: Sample N03-0386 1.1 has a new calculated value of 2816.28514174372.
INFO: Sample N03-0386 1.1 has a new calculated value of 2816.28514174372.
INFO: Sample R01-0330 1.1 has a new calculated value of 0.
INFO: Sample R01-0330 1.1 has a new calculated value of 32676.624879241.
INFO: Sample R01-0330 1.1 has a new calculated value of 4666.63017868996.
INFO: Sample N03-0393 1.1 has a new calculated value of 4798.29945601524.
INFO: Sample N03-0393 1.1 has a new calculated value of 4798.29945601524.
INFO: Sample N03-0393 1.1 has a new calculated value of 4798.29945601524.
LOW : WaTCH status of R02-0336 1.1 has been changed to Complete.
LOW : WaTCH status of R01-0334 1.1 has been changed to Complete.
LOW : WaTCH status of O01-0405 1.1 has been changed to Complete.
LOW : WaTCH status of R02-0327 1.1 has been changed to Complete.
LOW : WaTCH status of N03-0379 1.1 has been changed to Complete.
LOW : WaTCH status of N03-0383 1.1 has been changed to Complete.
LOW : WaTCH status of O01-0408 1.1 has been changed to Complete.
LOW : WaTCH status of A04-0464 1.1 has been changed to Complete.
LOW : WaTCH status of A01-0619 1.1 has been changed to Complete.
LOW : WaTCH status of E01-0298 1.1 has been changed to Complete.
LOW : WaTCH status of A01-0626 1.1 has been changed to Complete.
LOW : WaTCH status of R01-0332 1.1 has been changed to Complete.
LOW : WaTCH status of R01-0341 1.1 has been changed to Complete.
LOW : WaTCH status of R02-0345 1.1 has been changed to Complete.
LOW : WaTCH status of A04-0475 1.1 has been changed to Complete.
LOW : WaTCH status of N03-0393 1.1 has been changed to Complete.
LOW : WaTCH status of R01-0330 1.1 has been changed to Complete.
LOW : WaTCH status of A04-0463 1.1 has been changed to Complete.
LOW : WaTCH status of E01-0299 1.1 has been changed to Complete.
LOW : WaTCH status of A01-0625 1.1 has been changed to Complete.
LOW : WaTCH status of A04-0465 1.1 has been changed to Complete.
LOW : WaTCH status of A01-0622 1.1 has been changed to Complete.
LOW : WaTCH status of A01-0623 1.1 has been changed to Complete.
LOW : WaTCH status of A04-0466 1.1 has been changed to Complete.
LOW : WaTCH status of A04-0467 1.1 has been changed to Complete.
LOW : WaTCH status of A01-0620 1.1 has been changed to Complete.
LOW : WaTCH status of O01-0386 1.1 has been changed to Complete.
LOW : WaTCH status of A04-0468 1.1 has been changed to Complete.
LOW : WaTCH status of O01-0415 1.1 has been changed to Complete.
LOW : WaTCH status of A01-0624 1.1 has been changed to Complete.
LOW : WaTCH status of H01-0646 1.1 has been changed to Complete.
LOW : WaTCH status of A01-0621 1.1 has been changed to Complete.
LOW : WaTCH status of N03-0386 1.1 has been changed to Complete.
LOW : WaTCH status of O01-0416 1.1 has been changed to Complete.
LOW : WaTCH status of R02-0344 1.1 has been changed to Complete.
LOW : WaTCH status of R02-0330 1.1 has been changed to Complete.
LOW : WaTCH status of H01-0645 1.1 has been changed to Complete.
#
# WaTCHdb update complete.
# 2023-08-03.18-03-46.
