# WaTCHdb update log.
# Command: 2_updateWaTCH.pl.
# Data output written to updates/watchdb/watchdb.2023-08-03.17-59-11.txt and updates/watchdb.LATEST.txt.
# Fatal errors and system warnings are NOT logged here; see STDERR for those.
#
# Run started 2023-08-03.17-59-11.
#
4 molecular targets added.
INFO: Finished WaTCHdb import. 9600 total assets present.
INFO: Finished AssetTiger import. 0 new assets added. 9600 total assets present.
INFO: Sample C01-0470 1.1 has a new calculated value of 32325.1210525632.
INFO: Sample C01-0470 1.1 has a new calculated value of 2485.72031501681.
INFO: Sample C01-0470 1.1 has a new calculated value of 22376.4481768012.
INFO: Sample Q01-0421 1.1 has a new calculated value of 0.
INFO: Sample Q01-0421 1.1 has a new calculated value of 5329.60508018731.
INFO: Sample Q01-0421 1.1 has a new calculated value of 2664.72317744046.
INFO: Sample T01-0185 1.1 has a new calculated value of 0.
INFO: Sample T01-0185 1.1 has a new calculated value of 2466.70088265091.
INFO: Sample T01-0185 1.1 has a new calculated value of 0.
INFO: Sample D01-0273 1.1 has a new calculated value of 18485.7564792037.
INFO: Sample D01-0273 1.1 has a new calculated value of 18485.7564792037.
INFO: Sample D01-0273 1.1 has a new calculated value of 29580.8719843626.
INFO: Sample C01-0469 1.1 has a new calculated value of 25009.1096386313.
INFO: Sample C01-0469 1.1 has a new calculated value of 22507.5690820813.
INFO: Sample C01-0469 1.1 has a new calculated value of 30012.6048177481.
INFO: Sample G01-0452 1.1 has a new calculated value of 11072.4512301385.
INFO: Sample G01-0452 1.1 has a new calculated value of 2214.27150769159.
INFO: Sample G01-0452 1.1 has a new calculated value of 15502.1984875202.
INFO: Sample B01-0524 1.1 has a new calculated value of 7903.46279740333.
INFO: Sample B01-0524 1.1 has a new calculated value of 0.
INFO: Sample B01-0524 1.1 has a new calculated value of 7903.46279740333.
INFO: Sample B01-0512 1.1 has a new calculated value of 19999.473541975.
INFO: Sample B01-0512 1.1 has a new calculated value of 2499.44607261568.
INFO: Sample B01-0512 1.1 has a new calculated value of 22500.0373274088.
INFO: Sample L01-0477 1.1 has a new calculated value of 2659.82021111995.
INFO: Sample L01-0477 1.1 has a new calculated value of 0.
INFO: Sample L01-0477 1.1 has a new calculated value of 0.
INFO: Sample T01-0186 1.1 has a new calculated value of 2825.16261097044.
INFO: Sample T01-0186 1.1 has a new calculated value of 16953.6495767534.
INFO: Sample T01-0186 1.1 has a new calculated value of 0.
INFO: Sample O01-0389 1.1 has a new calculated value of 0.
INFO: Sample O01-0389 1.1 has a new calculated value of 3016.48022141308.
INFO: Sample O01-0389 1.1 has a new calculated value of 0.
INFO: Sample Q01-0420 1.1 has a new calculated value of 12144.975643605.
INFO: Sample Q01-0420 1.1 has a new calculated value of 4857.59583301841.
INFO: Sample Q01-0420 1.1 has a new calculated value of 14574.3667893112.
INFO: Sample K01-0262 1.1 has a new calculated value of 21684.6457868814.
INFO: Sample K01-0262 1.1 has a new calculated value of 0.
INFO: Sample K01-0262 1.1 has a new calculated value of 7227.04933024944.
INFO: Sample N02-0337 1.1 has a new calculated value of 30383.9901834726.
INFO: Sample N02-0337 1.1 has a new calculated value of 0.
INFO: Sample N02-0337 1.1 has a new calculated value of 27851.2035682797.
INFO: Sample D01-0269 1.1 has a new calculated value of 31437.2085034847.
INFO: Sample D01-0269 1.1 has a new calculated value of 0.
INFO: Sample D01-0269 1.1 has a new calculated value of 45954.1294723749.
INFO: Sample R01-0327 1.1 has a new calculated value of 2421.77525069565.
INFO: Sample R01-0327 1.1 has a new calculated value of 67859.2325001956.
INFO: Sample R01-0327 1.1 has a new calculated value of 7265.71831852197.
INFO: Sample B01-0509 1.1 has a new calculated value of 21910.8426198363.
INFO: Sample B01-0509 1.1 has a new calculated value of 0.
INFO: Sample B01-0509 1.1 has a new calculated value of 36524.0201354025.
INFO: Sample H01-0649 1.1 has a new calculated value of 10359.8011471331.
INFO: Sample H01-0649 1.1 has a new calculated value of 5179.60117198525.
INFO: Sample H01-0649 1.1 has a new calculated value of 10359.8011471331.
INFO: Sample Q01-0423 1.1 has a new calculated value of 156343.802511692.
INFO: Sample Q01-0423 1.1 has a new calculated value of 8073.38434271514.
INFO: Sample Q01-0423 1.1 has a new calculated value of 172548.469305038.
INFO: Sample K01-0253 1.1 has a new calculated value of 67415.0224775074.
INFO: Sample K01-0253 1.1 has a new calculated value of 8421.33357189596.
INFO: Sample K01-0253 1.1 has a new calculated value of 61793.2290583848.
INFO: Sample G01-0471 1.1 has a new calculated value of 2423.47796447575.
INFO: Sample G01-0471 1.1 has a new calculated value of 0.
INFO: Sample G01-0471 1.1 has a new calculated value of 0.
INFO: Sample K01-0272 1.1 has a new calculated value of 10774.1102948785.
INFO: Sample K01-0272 1.1 has a new calculated value of 0.
INFO: Sample K01-0272 1.1 has a new calculated value of 3591.08202159406.
INFO: Sample L01-0486 1.1 has a new calculated value of 2854.86043430865.
INFO: Sample L01-0486 1.1 has a new calculated value of 0.
INFO: Sample L01-0486 1.1 has a new calculated value of 5709.90295149388.
INFO: Sample J01-0313 1.1 has a new calculated value of 5143.04179698227.
INFO: Sample J01-0313 1.1 has a new calculated value of 0.
INFO: Sample J01-0313 1.1 has a new calculated value of 2571.44684437662.
INFO: Sample T01-0180 1.1 has a new calculated value of 5784.71831046044.
INFO: Sample T01-0180 1.1 has a new calculated value of 2892.26572494954.
INFO: Sample T01-0180 1.1 has a new calculated value of 5784.71831046044.
INFO: Sample L01-0478 1.1 has a new calculated value of 10695.4632326961.
INFO: Sample L01-0478 1.1 has a new calculated value of 0.
INFO: Sample L01-0478 1.1 has a new calculated value of 10695.4632326961.
INFO: Sample T01-0181 1.1 has a new calculated value of 7891.40073582531.
INFO: Sample T01-0181 1.1 has a new calculated value of 5260.77934540809.
INFO: Sample T01-0181 1.1 has a new calculated value of 7891.40073582531.
INFO: Sample L01-0485 1.1 has a new calculated value of 12621.1303286254.
INFO: Sample L01-0485 1.1 has a new calculated value of 0.
INFO: Sample L01-0485 1.1 has a new calculated value of 17670.5772802234.
INFO: Sample E01-0300 1.1 has a new calculated value of 4770.46041749418.
INFO: Sample E01-0300 1.1 has a new calculated value of 0.
INFO: Sample E01-0300 1.1 has a new calculated value of 33403.8925543427.
INFO: Sample N02-0342 1.1 has a new calculated value of 44225.3380268813.
INFO: Sample N02-0342 1.1 has a new calculated value of 8288.92693854868.
INFO: Sample N02-0342 1.1 has a new calculated value of 33164.9085134268.
INFO: Sample T01-0183 1.1 has a new calculated value of 2544.14609167725.
INFO: Sample T01-0183 1.1 has a new calculated value of 10177.4517819286.
INFO: Sample T01-0183 1.1 has a new calculated value of 20357.2159633041.
INFO: Sample J01-0310 1.1 has a new calculated value of 2431.36751465499.
INFO: Sample J01-0310 1.1 has a new calculated value of 0.
INFO: Sample J01-0310 1.1 has a new calculated value of 0.
INFO: Sample Q01-0419 1.1 has a new calculated value of 7353.95419411363.
INFO: Sample Q01-0419 1.1 has a new calculated value of 2451.18402410298.
INFO: Sample Q01-0419 1.1 has a new calculated value of 9805.54087087513.
INFO: Sample J01-0311 1.1 has a new calculated value of 2525.64848866314.
INFO: Sample J01-0311 1.1 has a new calculated value of 0.
INFO: Sample J01-0311 1.1 has a new calculated value of 0.
INFO: Sample C01-0466 1.1 has a new calculated value of 10112.758744508.
INFO: Sample C01-0466 1.1 has a new calculated value of 6741.58559180797.
INFO: Sample C01-0466 1.1 has a new calculated value of 6741.58559180797.
INFO: Sample O01-0385 1.1 has a new calculated value of 5003.77653166652.
INFO: Sample O01-0385 1.1 has a new calculated value of 5003.77653166652.
INFO: Sample O01-0385 1.1 has a new calculated value of 40045.8660721778.
INFO: Sample T01-0188 1.1 has a new calculated value of 5406.44511580466.
INFO: Sample T01-0188 1.1 has a new calculated value of 8109.91239733995.
INFO: Sample T01-0188 1.1 has a new calculated value of 2703.14107183367.
INFO: Sample O01-0391 1.1 has a new calculated value of 30447.645932436.
INFO: Sample O01-0391 1.1 has a new calculated value of 2536.51374019682.
INFO: Sample O01-0391 1.1 has a new calculated value of 38062.7913773061.
INFO: Sample K01-0263 1.1 has a new calculated value of 47046.0109412672.
INFO: Sample K01-0263 1.1 has a new calculated value of 5878.05091403425.
INFO: Sample K01-0263 1.1 has a new calculated value of 47046.0109412672.
INFO: Sample H01-0650 1.1 has a new calculated value of 9193.95156204702.
INFO: Sample H01-0650 1.1 has a new calculated value of 6895.28689719738.
INFO: Sample H01-0650 1.1 has a new calculated value of 6895.28689719738.
INFO: Sample Q01-0418 1.1 has a new calculated value of 9336.66419237852.
INFO: Sample Q01-0418 1.1 has a new calculated value of 0.
INFO: Sample Q01-0418 1.1 has a new calculated value of 2333.98369979113.
INFO: Sample L01-0499 1.1 has a new calculated value of 0.
INFO: Sample L01-0499 1.1 has a new calculated value of 0.
INFO: Sample L01-0499 1.1 has a new calculated value of 2683.0716105178.
INFO: Sample M03-0296 1.1 has a new calculated value of 0.
INFO: Sample M03-0296 1.1 has a new calculated value of 0.
INFO: Sample M03-0296 1.1 has a new calculated value of 0.
INFO: Sample H01-0651 1.1 has a new calculated value of 10455.277338624.
INFO: Sample H01-0651 1.1 has a new calculated value of 0.
INFO: Sample H01-0651 1.1 has a new calculated value of 7841.22973680496.
INFO: Sample M03-0284 1.1 has a new calculated value of 0.
INFO: Sample M03-0284 1.1 has a new calculated value of 0.
INFO: Sample M03-0284 1.1 has a new calculated value of 0.
INFO: Sample G01-0453 1.1 has a new calculated value of 0.
INFO: Sample G01-0453 1.1 has a new calculated value of 2291.14299640059.
INFO: Sample G01-0453 1.1 has a new calculated value of 4582.40331150593.
INFO: Sample Q01-0422 1.1 has a new calculated value of 18292.2007888555.
INFO: Sample Q01-0422 1.1 has a new calculated value of 22866.4178028703.
INFO: Sample Q01-0422 1.1 has a new calculated value of 18292.2007888555.
INFO: Sample G01-0451 1.1 has a new calculated value of 18470.3256189823.
INFO: Sample G01-0451 1.1 has a new calculated value of 0.
INFO: Sample G01-0451 1.1 has a new calculated value of 20779.6524837613.
INFO: Sample C01-0467 1.1 has a new calculated value of 86809.5646798611.
INFO: Sample C01-0467 1.1 has a new calculated value of 7032.3523040861.
INFO: Sample C01-0467 1.1 has a new calculated value of 96204.4720351696.
INFO: Sample T01-0184 1.1 has a new calculated value of 2736.8197683245.
INFO: Sample T01-0184 1.1 has a new calculated value of 13685.7705004513.
INFO: Sample T01-0184 1.1 has a new calculated value of 82177.3932874203.
INFO: Sample O01-0399 1.1 has a new calculated value of 3583.32916628569.
INFO: Sample O01-0399 1.1 has a new calculated value of 0.
INFO: Sample O01-0399 1.1 has a new calculated value of 3583.32916628569.
INFO: Sample N02-0331 1.1 has a new calculated value of 9437.93624639513.
INFO: Sample N02-0331 1.1 has a new calculated value of 4718.71968358755.
INFO: Sample N02-0331 1.1 has a new calculated value of 11797.7303266525.
INFO: Sample M03-0276 1.1 has a new calculated value of 5025.38069151342.
INFO: Sample M03-0276 1.1 has a new calculated value of 0.
INFO: Sample M03-0276 1.1 has a new calculated value of 0.
INFO: Sample B01-0525 1.1 has a new calculated value of 35861.4890277384.
INFO: Sample B01-0525 1.1 has a new calculated value of 2389.87332209945.
INFO: Sample B01-0525 1.1 has a new calculated value of 35861.4890277384.
INFO: Sample E01-0295 1.1 has a new calculated value of 25433.1089928746.
INFO: Sample E01-0295 1.1 has a new calculated value of 3632.41748884321.
INFO: Sample E01-0295 1.1 has a new calculated value of 18165.0336831808.
INFO: Sample D01-0262 1.1 has a new calculated value of 59125.6416589021.
INFO: Sample D01-0262 1.1 has a new calculated value of 7878.91292944552.
INFO: Sample D01-0262 1.1 has a new calculated value of 27582.2602584958.
INFO: Sample T01-0187 1.1 has a new calculated value of 4466.39316156506.
INFO: Sample T01-0187 1.1 has a new calculated value of 15634.3227066099.
INFO: Sample T01-0187 1.1 has a new calculated value of 24570.6710591912.
INFO: Sample N02-0343 1.1 has a new calculated value of 33293.9824461937.
INFO: Sample N02-0343 1.1 has a new calculated value of 4754.76890802384.
INFO: Sample N02-0343 1.1 has a new calculated value of 40431.6269606353.
INFO: Sample L01-0476 1.1 has a new calculated value of 7662.01931051909.
INFO: Sample L01-0476 1.1 has a new calculated value of 5107.86741971969.
INFO: Sample L01-0476 1.1 has a new calculated value of 2553.86098288.
INFO: Sample Q01-0417 1.1 has a new calculated value of 0.
INFO: Sample Q01-0417 1.1 has a new calculated value of 5074.89449344577.
INFO: Sample Q01-0417 1.1 has a new calculated value of 12688.3151941001.
INFO: Sample M03-0279 1.1 has a new calculated value of 2638.98711651564.
INFO: Sample M03-0279 1.1 has a new calculated value of 0.
INFO: Sample M03-0279 1.1 has a new calculated value of 0.
INFO: Sample G01-0474 1.1 has a new calculated value of 441807.02984333.
INFO: Sample G01-0474 1.1 has a new calculated value of 9716.77148714663.
INFO: Sample G01-0474 1.1 has a new calculated value of 463889.429569243.
INFO: Sample J01-0312 1.1 has a new calculated value of 0.
INFO: Sample J01-0312 1.1 has a new calculated value of 0.
INFO: Sample J01-0312 1.1 has a new calculated value of 0.
INFO: Sample H01-0648 1.1 has a new calculated value of 6319.01848129927.
INFO: Sample H01-0648 1.1 has a new calculated value of 6319.01848129927.
INFO: Sample H01-0648 1.1 has a new calculated value of 3159.39776133746.
INFO: Sample M03-0291 1.1 has a new calculated value of 0.
INFO: Sample M03-0291 1.1 has a new calculated value of 0.
INFO: Sample M03-0291 1.1 has a new calculated value of 0.
INFO: Sample L01-0484 1.1 has a new calculated value of 0.
INFO: Sample L01-0484 1.1 has a new calculated value of 0.
INFO: Sample L01-0484 1.1 has a new calculated value of 3267.67947524786.
INFO: Sample O01-0403 1.1 has a new calculated value of 15832.7112905681.
INFO: Sample O01-0403 1.1 has a new calculated value of 0.
INFO: Sample O01-0403 1.1 has a new calculated value of 9498.95471334456.
INFO: Sample T01-0179 1.1 has a new calculated value of 189889.639019966.
INFO: Sample T01-0179 1.1 has a new calculated value of 7682.59945325552.
INFO: Sample T01-0179 1.1 has a new calculated value of 192461.231052875.
INFO: Sample C01-0468 1.1 has a new calculated value of 16014.9098932743.
INFO: Sample C01-0468 1.1 has a new calculated value of 3202.52406410873.
INFO: Sample C01-0468 1.1 has a new calculated value of 12811.4701062441.
INFO: Sample T01-0182 1.1 has a new calculated value of 7628.10783460736.
INFO: Sample T01-0182 1.1 has a new calculated value of 5085.26100777089.
INFO: Sample T01-0182 1.1 has a new calculated value of 15257.5151994825.
INFO: Sample N02-0341 1.1 has a new calculated value of 10033.320710063.
INFO: Sample N02-0341 1.1 has a new calculated value of 7524.7803144157.
INFO: Sample N02-0341 1.1 has a new calculated value of 2508.11969395727.
INFO: Sample B01-0516 1.1 has a new calculated value of 2578.99452466518.
INFO: Sample B01-0516 1.1 has a new calculated value of 0.
INFO: Sample B01-0516 1.1 has a new calculated value of 2578.99452466518.
LOW : WaTCH status of B01-0512 1.1 has been changed to Complete.
LOW : WaTCH status of M03-0284 1.1 has been changed to Complete.
LOW : WaTCH status of O01-0403 1.1 has been changed to Complete.
LOW : WaTCH status of Q01-0422 1.1 has been changed to Complete.
LOW : WaTCH status of N02-0343 1.1 has been changed to Complete.
LOW : WaTCH status of C01-0466 1.1 has been changed to Complete.
LOW : WaTCH status of G01-0474 1.1 has been changed to Complete.
LOW : WaTCH status of K01-0272 1.1 has been changed to Complete.
LOW : WaTCH status of B01-0509 1.1 has been changed to Complete.
LOW : WaTCH status of T01-0183 1.1 has been changed to Complete.
LOW : WaTCH status of Q01-0421 1.1 has been changed to Complete.
LOW : WaTCH status of D01-0273 1.1 has been changed to Complete.
LOW : WaTCH status of H01-0648 1.1 has been changed to Complete.
LOW : WaTCH status of K01-0253 1.1 has been changed to Complete.
LOW : WaTCH status of Q01-0419 1.1 has been changed to Complete.
LOW : WaTCH status of L01-0477 1.1 has been changed to Complete.
LOW : WaTCH status of T01-0187 1.1 has been changed to Complete.
LOW : WaTCH status of M03-0276 1.1 has been changed to Complete.
LOW : WaTCH status of Q01-0417 1.1 has been changed to Complete.
LOW : WaTCH status of Q01-0420 1.1 has been changed to Complete.
LOW : WaTCH status of J01-0313 1.1 has been changed to Complete.
LOW : WaTCH status of T01-0186 1.1 has been changed to Complete.
LOW : WaTCH status of L01-0476 1.1 has been changed to Complete.
LOW : WaTCH status of T01-0185 1.1 has been changed to Complete.
LOW : WaTCH status of B01-0525 1.1 has been changed to Complete.
LOW : WaTCH status of G01-0471 1.1 has been changed to Complete.
LOW : WaTCH status of M03-0279 1.1 has been changed to Complete.
LOW : WaTCH status of N02-0337 1.1 has been changed to Complete.
LOW : WaTCH status of C01-0469 1.1 has been changed to Complete.
LOW : WaTCH status of O01-0391 1.1 has been changed to Complete.
LOW : WaTCH status of C01-0467 1.1 has been changed to Complete.
LOW : WaTCH status of L01-0484 1.1 has been changed to Complete.
LOW : WaTCH status of K01-0263 1.1 has been changed to Complete.
LOW : WaTCH status of D01-0262 1.1 has been changed to Complete.
LOW : WaTCH status of G01-0453 1.1 has been changed to Complete.
LOW : WaTCH status of C01-0470 1.1 has been changed to Complete.
LOW : WaTCH status of M03-0291 1.1 has been changed to Complete.
LOW : WaTCH status of G01-0451 1.1 has been changed to Complete.
LOW : WaTCH status of H01-0651 1.1 has been changed to Complete.
LOW : WaTCH status of L01-0485 1.1 has been changed to Complete.
LOW : WaTCH status of O01-0389 1.1 has been changed to Complete.
LOW : WaTCH status of L01-0478 1.1 has been changed to Complete.
LOW : WaTCH status of G01-0452 1.1 has been changed to Complete.
LOW : WaTCH status of L01-0486 1.1 has been changed to Complete.
LOW : WaTCH status of T01-0188 1.1 has been changed to Complete.
LOW : WaTCH status of Q01-0418 1.1 has been changed to Complete.
LOW : WaTCH status of E01-0295 1.1 has been changed to Complete.
LOW : WaTCH status of H01-0649 1.1 has been changed to Complete.
LOW : WaTCH status of R01-0327 1.1 has been changed to Complete.
LOW : WaTCH status of K01-0262 1.1 has been changed to Complete.
LOW : WaTCH status of D01-0269 1.1 has been changed to Complete.
LOW : WaTCH status of B01-0524 1.1 has been changed to Complete.
LOW : WaTCH status of O01-0399 1.1 has been changed to Complete.
LOW : WaTCH status of T01-0184 1.1 has been changed to Complete.
LOW : WaTCH status of J01-0312 1.1 has been changed to Complete.
LOW : WaTCH status of N02-0331 1.1 has been changed to Complete.
LOW : WaTCH status of T01-0180 1.1 has been changed to Complete.
LOW : WaTCH status of B01-0516 1.1 has been changed to Complete.
LOW : WaTCH status of J01-0311 1.1 has been changed to Complete.
LOW : WaTCH status of L01-0499 1.1 has been changed to Complete.
LOW : WaTCH status of C01-0468 1.1 has been changed to Complete.
LOW : WaTCH status of M03-0296 1.1 has been changed to Complete.
LOW : WaTCH status of H01-0650 1.1 has been changed to Complete.
LOW : WaTCH status of Q01-0423 1.1 has been changed to Complete.
LOW : WaTCH status of J01-0310 1.1 has been changed to Complete.
LOW : WaTCH status of N02-0342 1.1 has been changed to Complete.
LOW : WaTCH status of O01-0385 1.1 has been changed to Complete.
LOW : WaTCH status of T01-0181 1.1 has been changed to Complete.
LOW : WaTCH status of E01-0300 1.1 has been changed to Complete.
LOW : WaTCH status of N02-0341 1.1 has been changed to Complete.
LOW : WaTCH status of T01-0182 1.1 has been changed to Complete.
LOW : WaTCH status of T01-0179 1.1 has been changed to Complete.
#
# WaTCHdb update complete.
# 2023-08-03.17-59-12.
