# WaTCHdb update log.
# Command: 2_updateWaTCH.pl.
# Data output written to DB/INCREMENTAL/watchdb.2022-06-14.19-22-10.txt and DB/watchdb.LATEST.txt.
# Fatal errors and system warnings are NOT logged here; see STDERR for those.
#
# Run started 2022-06-14.19-22-10.
#
4 molecular targets added.
INFO: Finished WaTCHdb import. 3445 total assets present.
INFO: Finished AssetTiger import. 1 new assets added. 3446 total assets present.
HIGH: Mysterious sample ID E01-120 found during Run Metadata import, does not exist in AT or WaTCHdb. This is concerning.
HIGH: E01-120 will be ignored!
INFO: Sample H01-0248 1.2 has a new calculated value of 133545.667380095.
INFO: Sample H01-0248 1.2 has a new calculated value of 2150.58948146179.
INFO: Sample H01-0248 1.2 has a new calculated value of 148650.175631046.
INFO: Sample H01-0239 1.2 has a new calculated value of 64394.9650973082.
INFO: Sample H01-0239 1.2 has a new calculated value of 12455.8224342763.
INFO: Sample H01-0239 1.2 has a new calculated value of 49845.5134034156.
INFO: Sample S01-0011 1.2 has a new calculated value of 104334.859997034.
INFO: Sample S01-0011 1.2 has a new calculated value of 7105.49547336996.
INFO: Sample S01-0011 1.2 has a new calculated value of 92465.5281007291.
INFO: Sample A04-0093 1.2 has a new calculated value of 1311571.4263916.
INFO: Sample A04-0093 1.2 has a new calculated value of 6382.33979232609.
INFO: Sample A04-0093 1.2 has a new calculated value of 1254542.53435135.
INFO: Sample A01-0270 1.2 has a new calculated value of 131688.112020492.
INFO: Sample A01-0270 1.2 has a new calculated value of 26715.6816646457.
INFO: Sample A01-0270 1.2 has a new calculated value of 129627.30333209.
INFO: Sample E01-0122 1.2 has a new calculated value of 613505.147695541.
INFO: Sample E01-0122 1.2 has a new calculated value of 36512.4814957379.
INFO: Sample E01-0122 1.2 has a new calculated value of 594991.886615753.
INFO: Sample Q01-0035 1.2 has a new calculated value of 186591.244339943.
INFO: Sample Q01-0035 1.2 has a new calculated value of 7349.71744939683.
INFO: Sample Q01-0035 1.2 has a new calculated value of 174289.958775043.
INFO: Sample E02-0140 1.2 has a new calculated value of 218402.335345745.
INFO: Sample E02-0140 1.2 has a new calculated value of 6737.68381588161.
INFO: Sample E02-0140 1.2 has a new calculated value of 207116.619944572.
INFO: Sample D01-0098 1.2 has a new calculated value of 407565.001845362.
INFO: Sample D01-0098 1.2 has a new calculated value of 22263.88592273.
INFO: Sample D01-0098 1.2 has a new calculated value of 360143.59652996.
INFO: Sample E01-0121 1.2 has a new calculated value of 352583.218216896.
INFO: Sample E01-0121 1.2 has a new calculated value of 25236.6484701633.
INFO: Sample E01-0121 1.2 has a new calculated value of 314437.299370766.
INFO: Sample E02-0139 1.2 has a new calculated value of 603258.5978508.
INFO: Sample E02-0139 1.2 has a new calculated value of 5950.13556070624.
INFO: Sample E02-0139 1.2 has a new calculated value of 607282.758951186.
INFO: Sample B01-0172 1.2 has a new calculated value of 241983.000040054.
INFO: Sample B01-0172 1.2 has a new calculated value of 2116.59545777366.
INFO: Sample B01-0172 1.2 has a new calculated value of 246240.821778774.
INFO: Sample G01-0200 1.2 has a new calculated value of 271106.050908566.
INFO: Sample G01-0200 1.2 has a new calculated value of 10810.639411211.
INFO: Sample G01-0200 1.2 has a new calculated value of 255877.67958641.
INFO: Sample H01-0240 1.2 has a new calculated value of 135172.577351332.
INFO: Sample H01-0240 1.2 has a new calculated value of 4735.52492447198.
INFO: Sample H01-0240 1.2 has a new calculated value of 132797.367274761.
INFO: Sample G01-0172 1.2 has a new calculated value of 143151.480853558.
INFO: Sample G01-0172 1.2 has a new calculated value of 10509.2057213187.
INFO: Sample G01-0172 1.2 has a new calculated value of 130500.783026219.
INFO: Sample Q01-0030 1.2 has a new calculated value of 66236.5268915891.
INFO: Sample Q01-0030 1.2 has a new calculated value of 7354.44682650266.
INFO: Sample Q01-0030 1.2 has a new calculated value of 63781.4509123562.
INFO: Sample N02-0081 1.2 has a new calculated value of 18767.1621143818.
INFO: Sample N02-0081 1.2 has a new calculated value of 0.
INFO: Sample N02-0081 1.2 has a new calculated value of 18767.1621143818.
INFO: Sample G01-0171 1.2 has a new calculated value of 138437.005877495.
INFO: Sample G01-0171 1.2 has a new calculated value of 6097.88227826358.
INFO: Sample G01-0171 1.2 has a new calculated value of 142515.611350536.
INFO: Sample B01-0131 1.2 has a new calculated value of 199328.951239586.
INFO: Sample B01-0131 1.2 has a new calculated value of 7019.024156034.
INFO: Sample B01-0131 1.2 has a new calculated value of 173479.986190796.
INFO: Sample D01-0088 1.2 has a new calculated value of 1029919.4920063.
INFO: Sample D01-0088 1.2 has a new calculated value of 2377.09566950798.
INFO: Sample D01-0088 1.2 has a new calculated value of 973925.195932388.
INFO: Sample S01-0007 1.2 has a new calculated value of 116996.633559465.
INFO: Sample S01-0007 1.2 has a new calculated value of 2246.8578396365.
INFO: Sample S01-0007 1.2 has a new calculated value of 107985.274493694.
INFO: Sample Q01-0034 1.2 has a new calculated value of 146026.466488838.
INFO: Sample Q01-0034 1.2 has a new calculated value of 4417.57716704161.
INFO: Sample Q01-0034 1.2 has a new calculated value of 148242.904543877.
INFO: Sample N02-0085 1.2 has a new calculated value of 209448.198080063.
INFO: Sample N02-0085 1.2 has a new calculated value of 0.
INFO: Sample N02-0085 1.2 has a new calculated value of 177646.263241768.
INFO: Sample N02-0100 1.2 has a new calculated value of 327298.707962036.
INFO: Sample N02-0100 1.2 has a new calculated value of 3928.18431369962.
INFO: Sample N02-0100 1.2 has a new calculated value of 311466.488242149.
INFO: Sample Q01-0029 1.2 has a new calculated value of 197535.548508167.
INFO: Sample Q01-0029 1.2 has a new calculated value of 12448.4233930707.
INFO: Sample Q01-0029 1.2 has a new calculated value of 193367.283940315.
INFO: Sample B01-0135 1.2 has a new calculated value of 295656.284093857.
INFO: Sample B01-0135 1.2 has a new calculated value of 2119.59265870973.
INFO: Sample B01-0135 1.2 has a new calculated value of 289253.150224686.
INFO: Sample E02-0138 1.2 has a new calculated value of 375157.299041749.
INFO: Sample E02-0138 1.2 has a new calculated value of 2040.9420132637.
INFO: Sample E02-0138 1.2 has a new calculated value of 391634.52744484.
INFO: Sample N02-0088 1.2 has a new calculated value of 129985.931217671.
INFO: Sample N02-0088 1.2 has a new calculated value of 6489.73099887371.
INFO: Sample N02-0088 1.2 has a new calculated value of 93115.6414747238.
INFO: Sample H01-0237 1.2 has a new calculated value of 71992.7452504633.
INFO: Sample H01-0237 1.2 has a new calculated value of 7193.71223822235.
INFO: Sample H01-0237 1.2 has a new calculated value of 86406.1497151851.
INFO: Sample G01-0166 1.2 has a new calculated value of 115396.495610476.
INFO: Sample G01-0166 1.2 has a new calculated value of 4348.82123954593.
INFO: Sample G01-0166 1.2 has a new calculated value of 97957.7931761742.
INFO: Sample A01-0269 1.2 has a new calculated value of 480462.636351586.
INFO: Sample A01-0269 1.2 has a new calculated value of 48609.7960174083.
INFO: Sample A01-0269 1.2 has a new calculated value of 421125.09906292.
INFO: Sample N02-0095 1.1 has a new calculated value of 77086.2159132957.
INFO: Sample N02-0095 1.1 has a new calculated value of 2200.4969115369.
INFO: Sample N02-0095 1.1 has a new calculated value of 79290.7628417015.
INFO: Sample Q01-0031 1.2 has a new calculated value of 283988.201022148.
INFO: Sample Q01-0031 1.2 has a new calculated value of 6432.95352347195.
INFO: Sample Q01-0031 1.2 has a new calculated value of 318542.150259018.
INFO: Sample S01-0005 1.2 has a new calculated value of 146447.667181492.
INFO: Sample S01-0005 1.2 has a new calculated value of 2520.62953077257.
INFO: Sample S01-0005 1.2 has a new calculated value of 164157.037138939.
INFO: Sample H01-0236 1.2 has a new calculated value of 39244.3107068539.
INFO: Sample H01-0236 1.2 has a new calculated value of 2307.47179593891.
INFO: Sample H01-0236 1.2 has a new calculated value of 39244.3107068539.
INFO: Sample G01-0167 1.2 has a new calculated value of 115787.832587957.
INFO: Sample G01-0167 1.2 has a new calculated value of 11337.6159220934.
INFO: Sample G01-0167 1.2 has a new calculated value of 118061.38202548.
INFO: Sample B01-0137 1.2 has a new calculated value of 385757.219195364.
INFO: Sample B01-0137 1.2 has a new calculated value of 9143.55441927911.
INFO: Sample B01-0137 1.2 has a new calculated value of 390371.010303496.
INFO: Sample H01-0238 1.2 has a new calculated value of 123473.348021507.
INFO: Sample H01-0238 1.2 has a new calculated value of 4931.95625022054.
INFO: Sample H01-0238 1.2 has a new calculated value of 113582.088053226.
INFO: Sample Q01-0032 1.2 has a new calculated value of 146304.039359093.
INFO: Sample Q01-0032 1.2 has a new calculated value of 4295.77885195612.
INFO: Sample Q01-0032 1.2 has a new calculated value of 135528.979897499.
INFO: Sample H01-0249 1.2 has a new calculated value of 121673.107892275.
INFO: Sample H01-0249 1.2 has a new calculated value of 6877.73368321359.
INFO: Sample H01-0249 1.2 has a new calculated value of 123972.223252058.
INFO: Sample S01-0006 1.2 has a new calculated value of 110804.465264082.
INFO: Sample S01-0006 1.2 has a new calculated value of 0.
INFO: Sample S01-0006 1.2 has a new calculated value of 104403.930455446.
INFO: Sample B01-0170 1.2 has a new calculated value of 211760.461628437.
INFO: Sample B01-0170 1.2 has a new calculated value of 2223.49469549954.
INFO: Sample B01-0170 1.2 has a new calculated value of 189419.429898262.
INFO: Sample S01-0008 1.2 has a new calculated value of 145149.105191231.
INFO: Sample S01-0008 1.2 has a new calculated value of 2264.09333758056.
INFO: Sample S01-0008 1.2 has a new calculated value of 151965.336799622.
INFO: Sample Q01-0033 1.2 has a new calculated value of 275448.299646377.
INFO: Sample Q01-0033 1.2 has a new calculated value of 2128.31100448966.
INFO: Sample Q01-0033 1.2 has a new calculated value of 234764.542579651.
LOW : WaTCH status of N02-0095 1.1 has been changed to Complete.
#
# WaTCHdb update complete.
# 2022-06-14.19-22-12.
