# WaTCHdb update log.
# Command: 2_updateWaTCH.pl.
# Data output written to updates/watchdb/watchdb.2023-02-18.17-22-56.txt and updates/watchdb.LATEST.txt.
# Fatal errors and system warnings are NOT logged here; see STDERR for those.
#
# Run started 2023-02-18.17-22-56.
#
4 molecular targets added.
INFO: Finished WaTCHdb import. 7066 total assets present.
INFO: Finished AssetTiger import. 68 new assets added. 7134 total assets present.
HIGH: Mysterious sample ID R01-0255 found during Run Metadata import, does not exist in AT or WaTCHdb. This is concerning.
HIGH: R01-0255 will be ignored!
INFO: Sample D01-0229 1.1 has a new calculated value of 16691.576577723.
INFO: Sample D01-0229 1.1 has a new calculated value of 794134.758710862.
INFO: Sample D01-0229 1.1 has a new calculated value of 794134.758710862.
INFO: Sample A02-1044 1.1 has a new calculated value of 37913.7318581341.
INFO: Sample A02-1044 1.1 has a new calculated value of 159997.011423111.
INFO: Sample A02-1044 1.1 has a new calculated value of 140984.424948692.
INFO: Sample A01-0487 1.1 has a new calculated value of 21132.4303597212.
INFO: Sample A01-0487 1.1 has a new calculated value of 379549.439549445.
INFO: Sample A01-0487 1.1 has a new calculated value of 344051.572680473.
INFO: Sample L01-0335 1.1 has a new calculated value of 0.
INFO: Sample L01-0335 1.1 has a new calculated value of 36365.940347314.
INFO: Sample L01-0335 1.1 has a new calculated value of 33940.6261593103.
INFO: Sample K01-0208 1.1 has a new calculated value of 4723.44481386246.
INFO: Sample K01-0208 1.1 has a new calculated value of 163247.247040272.
INFO: Sample K01-0208 1.1 has a new calculated value of 137182.441055775.
INFO: Sample D01-0232 1.1 has a new calculated value of 11380.6533068418.
INFO: Sample D01-0232 1.1 has a new calculated value of 682229.948043824.
INFO: Sample D01-0232 1.1 has a new calculated value of 670677.616596222.
INFO: Sample L01-0330 1.1 has a new calculated value of 2275.20596701652.
INFO: Sample L01-0330 1.1 has a new calculated value of 25033.6223468184.
INFO: Sample L01-0330 1.1 has a new calculated value of 20481.0153320432.
INFO: Sample N02-0240 1.1 has a new calculated value of 5926.63943767546.
INFO: Sample N02-0240 1.1 has a new calculated value of 163268.871903419.
INFO: Sample N02-0240 1.1 has a new calculated value of 195994.169712067.
INFO: Sample O01-0256 1.1 has a new calculated value of 25909.9856391549.
INFO: Sample O01-0256 1.1 has a new calculated value of 135473.176538944.
INFO: Sample O01-0256 1.1 has a new calculated value of 164350.166022778.
INFO: Sample L01-0347 1.1 has a new calculated value of 2213.17794872448.
INFO: Sample L01-0347 1.1 has a new calculated value of 99701.3720870019.
INFO: Sample L01-0347 1.1 has a new calculated value of 84177.7016222476.
INFO: Sample R01-0182 1.1 has a new calculated value of 0.
INFO: Sample R01-0182 1.1 has a new calculated value of 0.
INFO: Sample R01-0182 1.1 has a new calculated value of 0.
INFO: Sample C01-0352 1.1 has a new calculated value of 5770.93575149773.
INFO: Sample C01-0352 1.1 has a new calculated value of 60631.9288909435.
INFO: Sample C01-0352 1.1 has a new calculated value of 25975.0683233142.
INFO: Sample O01-0262 1.1 has a new calculated value of 13573.8410241902.
INFO: Sample O01-0262 1.1 has a new calculated value of 299578.453302383.
INFO: Sample O01-0262 1.1 has a new calculated value of 332381.213307381.
INFO: Sample J01-0226 1.1 has a new calculated value of 0.
INFO: Sample J01-0226 1.1 has a new calculated value of 4350.19110795111.
INFO: Sample J01-0226 1.1 has a new calculated value of 6525.4452545196.
INFO: Sample A02-1037 1.1 has a new calculated value of 68658.2270264625.
INFO: Sample A02-1037 1.1 has a new calculated value of 1009619.16446686.
INFO: Sample A02-1037 1.1 has a new calculated value of 963670.016527176.
INFO: Sample O01-0267 1.1 has a new calculated value of 29471.4375212789.
INFO: Sample O01-0267 1.1 has a new calculated value of 53598.8583415746.
INFO: Sample O01-0267 1.1 has a new calculated value of 53598.8583415746.
INFO: Sample R02-0202 1.1 has a new calculated value of 0.
INFO: Sample R02-0202 1.1 has a new calculated value of 189108.273088932.
INFO: Sample R02-0202 1.1 has a new calculated value of 156320.835649967.
INFO: Sample A02-1045 1.1 has a new calculated value of 17827.2428736091.
INFO: Sample A02-1045 1.1 has a new calculated value of 25469.6593433619.
INFO: Sample A02-1045 1.1 has a new calculated value of 28017.424531281.
INFO: Sample L01-0334 1.1 has a new calculated value of 2290.6745178625.
INFO: Sample L01-0334 1.1 has a new calculated value of 22912.0181500912.
INFO: Sample L01-0334 1.1 has a new calculated value of 18328.6746963858.
INFO: Sample A04-0325 1.1 has a new calculated value of 103689.94474411.
INFO: Sample A04-0325 1.1 has a new calculated value of 1634796.98181152.
INFO: Sample A04-0325 1.1 has a new calculated value of 1619880.34486771.
INFO: Sample R02-0177 1.1 has a new calculated value of 10247.6625144482.
INFO: Sample R02-0177 1.1 has a new calculated value of 215694.589912892.
INFO: Sample R02-0177 1.1 has a new calculated value of 253462.252020836.
INFO: Sample N02-0269 1.1 has a new calculated value of 0.
INFO: Sample N02-0269 1.1 has a new calculated value of 202414.74956274.
INFO: Sample N02-0269 1.1 has a new calculated value of 208295.489251613.
INFO: Sample D01-0233 1.1 has a new calculated value of 2773.40674772858.
INFO: Sample D01-0233 1.1 has a new calculated value of 617133.979797365.
INFO: Sample D01-0233 1.1 has a new calculated value of 670589.690208434.
INFO: Sample A01-0489 1.1 has a new calculated value of 110713.634043932.
INFO: Sample A01-0489 1.1 has a new calculated value of 391235.461235047.
INFO: Sample A01-0489 1.1 has a new calculated value of 393770.683407783.
INFO: Sample D01-0227 1.1 has a new calculated value of 17077.4850435555.
INFO: Sample D01-0227 1.1 has a new calculated value of 792379.152774811.
INFO: Sample D01-0227 1.1 has a new calculated value of 864849.590063094.
INFO: Sample A02-1036 1.1 has a new calculated value of 18198.4137743711.
INFO: Sample A02-1036 1.1 has a new calculated value of 505469.267964363.
INFO: Sample A02-1036 1.1 has a new calculated value of 498569.390773774.
INFO: Sample C01-0353 1.1 has a new calculated value of 4798.29945601524.
INFO: Sample C01-0353 1.1 has a new calculated value of 52809.5763176679.
INFO: Sample C01-0353 1.1 has a new calculated value of 57613.5320216417.
INFO: Sample R01-0217 1.1 has a new calculated value of 14369.5113435387.
INFO: Sample R01-0217 1.1 has a new calculated value of 0.
INFO: Sample R01-0217 1.1 has a new calculated value of 0.
INFO: Sample K01-0219 1.1 has a new calculated value of 0.
INFO: Sample K01-0219 1.1 has a new calculated value of 135579.355806112.
INFO: Sample K01-0219 1.1 has a new calculated value of 130815.235376358.
INFO: Sample L01-0349 1.1 has a new calculated value of 2627.07422487438.
INFO: Sample L01-0349 1.1 has a new calculated value of 121005.098372698.
INFO: Sample L01-0349 1.1 has a new calculated value of 99937.258064747.
INFO: Sample R01-0178 1.1 has a new calculated value of 14464.1296751797.
INFO: Sample R01-0178 1.1 has a new calculated value of 0.
INFO: Sample R01-0178 1.1 has a new calculated value of 0.
INFO: Sample A02-1048 1.1 has a new calculated value of 151688.664257526.
INFO: Sample A02-1048 1.1 has a new calculated value of 187156.701385975.
INFO: Sample A02-1048 1.1 has a new calculated value of 184622.328579426.
INFO: Sample A01-0486 1.1 has a new calculated value of 27429.903075099.
INFO: Sample A01-0486 1.1 has a new calculated value of 323366.686105728.
INFO: Sample A01-0486 1.1 has a new calculated value of 321065.073609352.
INFO: Sample A02-1039 1.1 has a new calculated value of 19775.5169123411.
INFO: Sample A02-1039 1.1 has a new calculated value of 9886.66702061891.
INFO: Sample A02-1039 1.1 has a new calculated value of 7414.79641757906.
INFO: Sample K01-0216 1.1 has a new calculated value of 0.
INFO: Sample K01-0216 1.1 has a new calculated value of 105668.568760156.
INFO: Sample K01-0216 1.1 has a new calculated value of 125931.430757046.
INFO: Sample J01-0227 1.1 has a new calculated value of 2187.35841102898.
INFO: Sample J01-0227 1.1 has a new calculated value of 4374.82378911227.
INFO: Sample J01-0227 1.1 has a new calculated value of 4374.82378911227.
INFO: Sample A01-0488 1.1 has a new calculated value of 64427.1858036518.
INFO: Sample A01-0488 1.1 has a new calculated value of 428286.105394363.
INFO: Sample A01-0488 1.1 has a new calculated value of 430527.480840684.
INFO: Sample K01-0207 1.1 has a new calculated value of 4870.00135704873.
INFO: Sample K01-0207 1.1 has a new calculated value of 124350.666850805.
INFO: Sample K01-0207 1.1 has a new calculated value of 102381.343245506.
INFO: Sample A02-1043 1.1 has a new calculated value of 40560.1148307325.
INFO: Sample A02-1043 1.1 has a new calculated value of 200623.402297497.
INFO: Sample A02-1043 1.1 has a new calculated value of 213351.358473301.
INFO: Sample J01-0224 1.1 has a new calculated value of 2210.01259982586.
INFO: Sample J01-0224 1.1 has a new calculated value of 8840.70441126822.
INFO: Sample J01-0224 1.1 has a new calculated value of 2210.01259982586.
INFO: Sample D01-0231 1.1 has a new calculated value of 20934.9782019853.
INFO: Sample D01-0231 1.1 has a new calculated value of 507804.787158965.
INFO: Sample D01-0231 1.1 has a new calculated value of 584606.788158418.
INFO: Sample A02-1038 1.1 has a new calculated value of 3295.31333874911.
INFO: Sample A02-1038 1.1 has a new calculated value of 46156.4527451992.
INFO: Sample A02-1038 1.1 has a new calculated value of 135306.955575943.
INFO: Sample N02-0243 1.1 has a new calculated value of 2861.97148729116.
INFO: Sample N02-0243 1.1 has a new calculated value of 57274.1889953615.
INFO: Sample N02-0243 1.1 has a new calculated value of 68737.8168851136.
INFO: Sample A02-1049 1.1 has a new calculated value of 72292.9961979387.
INFO: Sample A02-1049 1.1 has a new calculated value of 41296.0014492275.
INFO: Sample A02-1049 1.1 has a new calculated value of 36131.9187283516.
INFO: Sample O01-0271 1.1 has a new calculated value of 13240.9425638616.
INFO: Sample O01-0271 1.1 has a new calculated value of 172438.170611858.
INFO: Sample O01-0271 1.1 has a new calculated value of 191048.089563847.
INFO: Sample J01-0225 1.1 has a new calculated value of 0.
INFO: Sample J01-0225 1.1 has a new calculated value of 35617.5446882844.
INFO: Sample J01-0225 1.1 has a new calculated value of 31163.8017743826.
INFO: Sample N02-0246 1.1 has a new calculated value of 6050.26946403085.
INFO: Sample N02-0246 1.1 has a new calculated value of 882844.669818878.
INFO: Sample N02-0246 1.1 has a new calculated value of 885929.90756035.
INFO: Sample R01-0203 1.1 has a new calculated value of 18726.7832458019.
INFO: Sample R01-0203 1.1 has a new calculated value of 0.
INFO: Sample R01-0203 1.1 has a new calculated value of 0.
INFO: Sample A04-0314 1.1 has a new calculated value of 28200.1508027315.
INFO: Sample A04-0314 1.1 has a new calculated value of 386085.006594657.
INFO: Sample A04-0314 1.1 has a new calculated value of 388670.069575308.
INFO: Sample L01-0327 1.1 has a new calculated value of 0.
INFO: Sample L01-0327 1.1 has a new calculated value of 28197.9976594448.
INFO: Sample L01-0327 1.1 has a new calculated value of 21146.837733686.
INFO: Sample A02-1050 1.1 has a new calculated value of 138645.100593567.
INFO: Sample A02-1050 1.1 has a new calculated value of 216979.969739914.
INFO: Sample A02-1050 1.1 has a new calculated value of 201807.690560818.
INFO: Sample C01-0351 1.1 has a new calculated value of 3335.04403475672.
INFO: Sample C01-0351 1.1 has a new calculated value of 23350.5225554108.
INFO: Sample C01-0351 1.1 has a new calculated value of 23350.5225554108.
INFO: Sample D01-0242 1.1 has a new calculated value of 23998.5634759068.
INFO: Sample D01-0242 1.1 has a new calculated value of 328091.064691544.
INFO: Sample D01-0242 1.1 has a new calculated value of 355288.789272308.
INFO: Sample A04-0322 1.1 has a new calculated value of 15862.4136261642.
INFO: Sample A04-0322 1.1 has a new calculated value of 462305.123806.
INFO: Sample A04-0322 1.1 has a new calculated value of 470317.908525466.
INFO: Sample A02-1042 1.1 has a new calculated value of 114311.413317919.
INFO: Sample A02-1042 1.1 has a new calculated value of 134664.010852575.
INFO: Sample A02-1042 1.1 has a new calculated value of 127030.697464943.
INFO: Sample N02-0235 1.1 has a new calculated value of 0.
INFO: Sample N02-0235 1.1 has a new calculated value of 47241.2972152234.
INFO: Sample N02-0235 1.1 has a new calculated value of 59059.4080835581.
INFO: Sample R02-0249 1.1 has a new calculated value of 14056.2481060624.
INFO: Sample R02-0249 1.1 has a new calculated value of 221899.702548981.
INFO: Sample R02-0249 1.1 has a new calculated value of 250156.21304512.
INFO: Sample R02-0231 1.1 has a new calculated value of 0.
INFO: Sample R02-0231 1.1 has a new calculated value of 117705.939263105.
INFO: Sample R02-0231 1.1 has a new calculated value of 128106.623589992.
INFO: Sample L01-0337 1.1 has a new calculated value of 2353.22688706219.
INFO: Sample L01-0337 1.1 has a new calculated value of 271434.381902218.
INFO: Sample L01-0337 1.1 has a new calculated value of 280905.239582062.
INFO: Sample N02-0260 1.1 has a new calculated value of 12021.8154229224.
INFO: Sample N02-0260 1.1 has a new calculated value of 180666.762292385.
INFO: Sample N02-0260 1.1 has a new calculated value of 132417.700588703.
INFO: Sample C01-0354 1.1 has a new calculated value of 2414.85822480172.
INFO: Sample C01-0354 1.1 has a new calculated value of 140277.353078127.
INFO: Sample C01-0354 1.1 has a new calculated value of 145122.333168984.
INFO: Sample R02-0216 1.1 has a new calculated value of 3541.13716632128.
INFO: Sample R02-0216 1.1 has a new calculated value of 99257.7651143073.
INFO: Sample R02-0216 1.1 has a new calculated value of 95709.0622186659.
INFO: Sample A02-1051 1.1 has a new calculated value of 50514.4020169974.
INFO: Sample A02-1051 1.1 has a new calculated value of 42933.6091876028.
INFO: Sample A02-1051 1.1 has a new calculated value of 45460.3971540929.
INFO: Sample A02-1047 1.1 has a new calculated value of 14698.259588331.
INFO: Sample A02-1047 1.1 has a new calculated value of 18373.5785633326.
INFO: Sample A02-1047 1.1 has a new calculated value of 18373.5785633326.
INFO: Sample C01-0355 1.1 has a new calculated value of 2521.10172528773.
INFO: Sample C01-0355 1.1 has a new calculated value of 30262.5839039683.
INFO: Sample C01-0355 1.1 has a new calculated value of 22695.0220763683.
INFO: Sample O01-0270 1.1 has a new calculated value of 28799.0495190024.
INFO: Sample O01-0270 1.1 has a new calculated value of 251173.855662346.
INFO: Sample O01-0270 1.1 has a new calculated value of 236700.384020805.
LOW : WaTCH status of A02-1039 1.1 has been changed to Complete.
LOW : WaTCH status of R01-0203 1.1 has been changed to Complete.
LOW : WaTCH status of R02-0216 1.1 has been changed to Complete.
LOW : WaTCH status of K01-0208 1.1 has been changed to Complete.
LOW : WaTCH status of A02-1047 1.1 has been changed to Complete.
LOW : WaTCH status of R01-0217 1.1 has been changed to Complete.
LOW : WaTCH status of J01-0225 1.1 has been changed to Complete.
LOW : WaTCH status of A02-1042 1.1 has been changed to Complete.
LOW : WaTCH status of L01-0347 1.1 has been changed to Complete.
LOW : WaTCH status of A01-0487 1.1 has been changed to Complete.
LOW : WaTCH status of D01-0233 1.1 has been changed to Complete.
LOW : WaTCH status of K01-0216 1.1 has been changed to Complete.
LOW : WaTCH status of N02-0260 1.1 has been changed to Complete.
LOW : WaTCH status of J01-0224 1.1 has been changed to Complete.
LOW : WaTCH status of D01-0242 1.1 has been changed to Complete.
LOW : WaTCH status of N02-0243 1.1 has been changed to Complete.
LOW : WaTCH status of O01-0267 1.1 has been changed to Complete.
LOW : WaTCH status of L01-0334 1.1 has been changed to Complete.
LOW : WaTCH status of A04-0322 1.1 has been changed to Complete.
LOW : WaTCH status of A02-1038 1.1 has been changed to Complete.
LOW : WaTCH status of C01-0352 1.1 has been changed to Complete.
LOW : WaTCH status of O01-0262 1.1 has been changed to Complete.
LOW : WaTCH status of C01-0351 1.1 has been changed to Complete.
LOW : WaTCH status of A01-0486 1.1 has been changed to Complete.
LOW : WaTCH status of L01-0327 1.1 has been changed to Complete.
LOW : WaTCH status of O01-0256 1.1 has been changed to Complete.
LOW : WaTCH status of L01-0335 1.1 has been changed to Complete.
LOW : WaTCH status of R01-0182 1.1 has been changed to Complete.
LOW : WaTCH status of R01-0178 1.1 has been changed to Complete.
LOW : WaTCH status of D01-0227 1.1 has been changed to Complete.
LOW : WaTCH status of A01-0489 1.1 has been changed to Complete.
LOW : WaTCH status of C01-0355 1.1 has been changed to Complete.
LOW : WaTCH status of D01-0232 1.1 has been changed to Complete.
LOW : WaTCH status of A04-0314 1.1 has been changed to Complete.
LOW : WaTCH status of N02-0240 1.1 has been changed to Complete.
LOW : WaTCH status of A04-0325 1.1 has been changed to Complete.
LOW : WaTCH status of N02-0235 1.1 has been changed to Complete.
LOW : WaTCH status of D01-0231 1.1 has been changed to Complete.
LOW : WaTCH status of N02-0246 1.1 has been changed to Complete.
LOW : WaTCH status of A02-1050 1.1 has been changed to Complete.
LOW : WaTCH status of A02-1037 1.1 has been changed to Complete.
LOW : WaTCH status of O01-0271 1.1 has been changed to Complete.
LOW : WaTCH status of L01-0337 1.1 has been changed to Complete.
LOW : WaTCH status of J01-0226 1.1 has been changed to Complete.
LOW : WaTCH status of C01-0354 1.1 has been changed to Complete.
LOW : WaTCH status of A02-1049 1.1 has been changed to Complete.
LOW : WaTCH status of R02-0231 1.1 has been changed to Complete.
LOW : WaTCH status of L01-0349 1.1 has been changed to Complete.
LOW : WaTCH status of A02-1043 1.1 has been changed to Complete.
LOW : WaTCH status of R02-0249 1.1 has been changed to Complete.
LOW : WaTCH status of R02-0202 1.1 has been changed to Complete.
LOW : WaTCH status of A01-0488 1.1 has been changed to Complete.
LOW : WaTCH status of L01-0330 1.1 has been changed to Complete.
LOW : WaTCH status of A02-1051 1.1 has been changed to Complete.
LOW : WaTCH status of A02-1036 1.1 has been changed to Complete.
LOW : WaTCH status of O01-0270 1.1 has been changed to Complete.
LOW : WaTCH status of J01-0227 1.1 has been changed to Complete.
LOW : WaTCH status of D01-0229 1.1 has been changed to Complete.
LOW : WaTCH status of A02-1045 1.1 has been changed to Complete.
LOW : WaTCH status of K01-0219 1.1 has been changed to Complete.
LOW : WaTCH status of C01-0353 1.1 has been changed to Complete.
LOW : WaTCH status of N02-0269 1.1 has been changed to Complete.
LOW : WaTCH status of R02-0177 1.1 has been changed to Complete.
LOW : WaTCH status of A02-1044 1.1 has been changed to Complete.
LOW : WaTCH status of A02-1048 1.1 has been changed to Complete.
LOW : WaTCH status of K01-0207 1.1 has been changed to Complete.
#
# WaTCHdb update complete.
# 2023-02-18.17-22-57.
