# WaTCHdb update log.
# Command: 2_updateWaTCH.pl.
# Data output written to updates/watchdb/watchdb.2023-02-21.18-11-34.txt and updates/watchdb.LATEST.txt.
# Fatal errors and system warnings are NOT logged here; see STDERR for those.
#
# Run started 2023-02-21.18-11-34.
#
4 molecular targets added.
INFO: Finished WaTCHdb import. 7134 total assets present.
INFO: Finished AssetTiger import. 63 new assets added. 7197 total assets present.
INFO: Sample G01-0327 1.1 has a new calculated value of 47798.7489849328.
INFO: Sample G01-0327 1.1 has a new calculated value of 2810.27985736728.
INFO: Sample G01-0327 1.1 has a new calculated value of 56239.1131371259.
INFO: Sample B01-0384 1.1 has a new calculated value of 246511.107087135.
INFO: Sample B01-0384 1.1 has a new calculated value of 2672.19176050276.
INFO: Sample B01-0384 1.1 has a new calculated value of 262635.118067265.
INFO: Sample A02-1059 1.1 has a new calculated value of 66208.6337059735.
INFO: Sample A02-1059 1.1 has a new calculated value of 34416.2818416953.
INFO: Sample A02-1059 1.1 has a new calculated value of 68859.0171933173.
INFO: Sample N03-0256 1.1 has a new calculated value of 16051.8159158528.
INFO: Sample N03-0256 1.1 has a new calculated value of 2674.9033620581.
INFO: Sample N03-0256 1.1 has a new calculated value of 21403.6988094449.
INFO: Sample Q01-0275 1.1 has a new calculated value of 78232.0703566072.
INFO: Sample Q01-0275 1.1 has a new calculated value of 2605.53668718785.
INFO: Sample Q01-0275 1.1 has a new calculated value of 78232.0703566072.
INFO: Sample A02-1054 1.1 has a new calculated value of 72982.6220870019.
INFO: Sample A02-1054 1.1 has a new calculated value of 78200.2191245555.
INFO: Sample A02-1054 1.1 has a new calculated value of 26051.5792295337.
INFO: Sample Q01-0263 1.1 has a new calculated value of 227555.139362812.
INFO: Sample Q01-0263 1.1 has a new calculated value of 2414.72816560417.
INFO: Sample Q01-0263 1.1 has a new calculated value of 193590.633273125.
INFO: Sample T01-0099 1.1 has a new calculated value of 717971.413135527.
INFO: Sample T01-0099 1.1 has a new calculated value of 2628.30686755478.
INFO: Sample T01-0099 1.1 has a new calculated value of 688603.591918945.
INFO: Sample T01-0102 1.1 has a new calculated value of 215060.334205628.
INFO: Sample T01-0102 1.1 has a new calculated value of 8582.6255567372.
INFO: Sample T01-0102 1.1 has a new calculated value of 232309.823334217.
INFO: Sample H01-0485 1.1 has a new calculated value of 56421.2894439696.
INFO: Sample H01-0485 1.1 has a new calculated value of 2563.06360010058.
INFO: Sample H01-0485 1.1 has a new calculated value of 56421.2894439696.
INFO: Sample Q01-0271 1.1 has a new calculated value of 9401.30520612.
INFO: Sample Q01-0271 1.1 has a new calculated value of 0.
INFO: Sample Q01-0271 1.1 has a new calculated value of 21939.4471496344.
INFO: Sample A04-0324 1.1 has a new calculated value of 928622.585535049.
INFO: Sample A04-0324 1.1 has a new calculated value of 14866.0794831812.
INFO: Sample A04-0324 1.1 has a new calculated value of 870490.061044693.
INFO: Sample N03-0264 1.1 has a new calculated value of 2772.37715665251.
INFO: Sample N03-0264 1.1 has a new calculated value of 0.
INFO: Sample N03-0264 1.1 has a new calculated value of 0.
INFO: Sample G01-0309 1.1 has a new calculated value of 172840.243577957.
INFO: Sample G01-0309 1.1 has a new calculated value of 15223.8219045103.
INFO: Sample G01-0309 1.1 has a new calculated value of 221253.249943257.
INFO: Sample T01-0109 1.1 has a new calculated value of 494862.179160119.
INFO: Sample T01-0109 1.1 has a new calculated value of 3325.39204973727.
INFO: Sample T01-0109 1.1 has a new calculated value of 96536.7016196251.
INFO: Sample H01-0481 1.1 has a new calculated value of 133573.390692472.
INFO: Sample H01-0481 1.1 has a new calculated value of 5033.2829821855.
INFO: Sample H01-0481 1.1 has a new calculated value of 131049.456596375.
INFO: Sample G01-0287 1.1 has a new calculated value of 745061.641931533.
INFO: Sample G01-0287 1.1 has a new calculated value of 12316.723857075.
INFO: Sample G01-0287 1.1 has a new calculated value of 651248.602867127.
INFO: Sample A02-1052 1.1 has a new calculated value of 11655.9551842511.
INFO: Sample A02-1052 1.1 has a new calculated value of 8741.68211594224.
INFO: Sample A02-1052 1.1 has a new calculated value of 29145.5739364028.
INFO: Sample B01-0331 1.1 has a new calculated value of 150112.988054752.
INFO: Sample B01-0331 1.1 has a new calculated value of 0.
INFO: Sample B01-0331 1.1 has a new calculated value of 176500.536203384.
INFO: Sample A01-0490 1.1 has a new calculated value of 512067.314386368.
INFO: Sample A01-0490 1.1 has a new calculated value of 47114.0196919441.
INFO: Sample A01-0490 1.1 has a new calculated value of 577607.059478759.
INFO: Sample T01-0104 1.1 has a new calculated value of 1124270.68948746.
INFO: Sample T01-0104 1.1 has a new calculated value of 0.
INFO: Sample T01-0104 1.1 has a new calculated value of 1145699.04327393.
INFO: Sample N03-0275 1.1 has a new calculated value of 9338.6103026569.
INFO: Sample N03-0275 1.1 has a new calculated value of 2334.46996193379.
INFO: Sample N03-0275 1.1 has a new calculated value of 9338.6103026569.
INFO: Sample T01-0103 1.1 has a new calculated value of 199932.22206831.
INFO: Sample T01-0103 1.1 has a new calculated value of 2525.22141672671.
INFO: Sample T01-0103 1.1 has a new calculated value of 215153.475701809.
INFO: Sample Q01-0262 1.1 has a new calculated value of 267686.230838299.
INFO: Sample Q01-0262 1.1 has a new calculated value of 5182.59624950587.
INFO: Sample Q01-0262 1.1 has a new calculated value of 231207.634806633.
INFO: Sample N03-0255 1.1 has a new calculated value of 24510.1261138916.
INFO: Sample N03-0255 1.1 has a new calculated value of 10891.7347714305.
INFO: Sample N03-0255 1.1 has a new calculated value of 27234.3025356531.
INFO: Sample T01-0100 1.1 has a new calculated value of 534834.676980973.
INFO: Sample T01-0100 1.1 has a new calculated value of 2416.68170783669.
INFO: Sample T01-0100 1.1 has a new calculated value of 510385.025739669.
INFO: Sample H01-0476 1.1 has a new calculated value of 128532.878011465.
INFO: Sample H01-0476 1.1 has a new calculated value of 10067.6977448166.
INFO: Sample H01-0476 1.1 has a new calculated value of 146203.457415104.
INFO: Sample A02-1061 1.1 has a new calculated value of 20077.8806582093.
INFO: Sample A02-1061 1.1 has a new calculated value of 239007.687270641.
INFO: Sample A02-1061 1.1 has a new calculated value of 17567.6542706788.
INFO: Sample B01-0383 1.1 has a new calculated value of 737411.434650423.
INFO: Sample B01-0383 1.1 has a new calculated value of 2630.93034736812.
INFO: Sample B01-0383 1.1 has a new calculated value of 753461.329936981.
INFO: Sample Q01-0269 1.1 has a new calculated value of 36843.8404798506.
INFO: Sample Q01-0269 1.1 has a new calculated value of 2301.85270775109.
INFO: Sample Q01-0269 1.1 has a new calculated value of 41451.452448964.
INFO: Sample N03-0260 1.1 has a new calculated value of 30754.1227340698.
INFO: Sample N03-0260 1.1 has a new calculated value of 5124.22196567058.
INFO: Sample N03-0260 1.1 has a new calculated value of 43574.5748877524.
INFO: Sample G01-0286 1.2 has a new calculated value of 6843137.0830536.
INFO: Sample G01-0286 1.2 has a new calculated value of 6407.56649896503.
INFO: Sample G01-0286 1.2 has a new calculated value of 6936536.37886046.
INFO: Sample Q01-0264 1.1 has a new calculated value of 389608.517289161.
INFO: Sample Q01-0264 1.1 has a new calculated value of 5278.12977321444.
INFO: Sample Q01-0264 1.1 has a new calculated value of 448209.756016732.
INFO: Sample A02-1053 1.1 has a new calculated value of 464816.19000435.
INFO: Sample A02-1053 1.1 has a new calculated value of 5709.17568169534.
INFO: Sample A02-1053 1.1 has a new calculated value of 513873.882293702.
INFO: Sample Q01-0273 1.1 has a new calculated value of 44015.1666104793.
INFO: Sample Q01-0273 1.1 has a new calculated value of 0.
INFO: Sample Q01-0273 1.1 has a new calculated value of 31065.0395974517.
INFO: Sample A02-1062 1.1 has a new calculated value of 19956.0539424419.
INFO: Sample A02-1062 1.1 has a new calculated value of 162400.768697262.
INFO: Sample A02-1062 1.1 has a new calculated value of 17461.0619992018.
INFO: Sample Q01-0265 1.1 has a new calculated value of 211693.361699581.
INFO: Sample Q01-0265 1.1 has a new calculated value of 10179.1855506599.
INFO: Sample Q01-0265 1.1 has a new calculated value of 211693.361699581.
INFO: Sample H01-0483 1.1 has a new calculated value of 66648.6266255378.
INFO: Sample H01-0483 1.1 has a new calculated value of 7400.5095474422.
INFO: Sample H01-0483 1.1 has a new calculated value of 64178.3894598485.
INFO: Sample Q01-0268 1.1 has a new calculated value of 306287.019252777.
INFO: Sample Q01-0268 1.1 has a new calculated value of 5652.99860201775.
INFO: Sample Q01-0268 1.1 has a new calculated value of 326211.41731739.
INFO: Sample B01-0386 1.1 has a new calculated value of 486331.281065939.
INFO: Sample B01-0386 1.1 has a new calculated value of 0.
INFO: Sample B01-0386 1.1 has a new calculated value of 505457.478761672.
INFO: Sample A02-1056 1.1 has a new calculated value of 9912.91243582964.
INFO: Sample A02-1056 1.1 has a new calculated value of 64473.1619954111.
INFO: Sample A02-1056 1.1 has a new calculated value of 14870.1914772391.
INFO: Sample E01-0236 1.1 has a new calculated value of 151228.885352612.
INFO: Sample E01-0236 1.1 has a new calculated value of 8388.22952471675.
INFO: Sample E01-0236 1.1 has a new calculated value of 190519.834756851.
INFO: Sample A02-1064 1.1 has a new calculated value of 60224.9975502492.
INFO: Sample A02-1064 1.1 has a new calculated value of 112660.440802574.
INFO: Sample A02-1064 1.1 has a new calculated value of 52364.9713397026.
INFO: Sample A04-0318 1.1 has a new calculated value of 325688.37761879.
INFO: Sample A04-0318 1.1 has a new calculated value of 10640.8596038819.
INFO: Sample A04-0318 1.1 has a new calculated value of 320330.100059509.
INFO: Sample G01-0292 1.1 has a new calculated value of 272211.501002312.
INFO: Sample G01-0292 1.1 has a new calculated value of 5428.05617675186.
INFO: Sample G01-0292 1.1 has a new calculated value of 285865.572094917.
INFO: Sample T01-0106 1.1 has a new calculated value of 444095.358252524.
INFO: Sample T01-0106 1.1 has a new calculated value of 4910.29157303274.
INFO: Sample T01-0106 1.1 has a new calculated value of 367297.875881196.
INFO: Sample Q01-0267 1.1 has a new calculated value of 627642.338275909.
INFO: Sample Q01-0267 1.1 has a new calculated value of 13319.6554519236.
INFO: Sample Q01-0267 1.1 has a new calculated value of 622240.437269209.
INFO: Sample Q01-0270 1.1 has a new calculated value of 56089.6586626767.
INFO: Sample Q01-0270 1.1 has a new calculated value of 4312.09756527097.
INFO: Sample Q01-0270 1.1 has a new calculated value of 47455.9150636197.
INFO: Sample N03-0252 1.1 has a new calculated value of 37914.6491736175.
INFO: Sample N03-0252 1.1 has a new calculated value of 0.
INFO: Sample N03-0252 1.1 has a new calculated value of 35386.0053420067.
INFO: Sample N03-0274 1.1 has a new calculated value of 17511.7511115968.
INFO: Sample N03-0274 1.1 has a new calculated value of 0.
INFO: Sample N03-0274 1.1 has a new calculated value of 12507.695350796.
INFO: Sample H01-0480 1.1 has a new calculated value of 173656.909167766.
INFO: Sample H01-0480 1.1 has a new calculated value of 2626.15053914488.
INFO: Sample H01-0480 1.1 has a new calculated value of 178929.757475853.
INFO: Sample T01-0105 1.1 has a new calculated value of 345114.775300026.
INFO: Sample T01-0105 1.1 has a new calculated value of 0.
INFO: Sample T01-0105 1.1 has a new calculated value of 380022.332668305.
INFO: Sample H01-0482 1.1 has a new calculated value of 57974.0752279757.
INFO: Sample H01-0482 1.1 has a new calculated value of 2633.55860486627.
INFO: Sample H01-0482 1.1 has a new calculated value of 79074.1659700871.
INFO: Sample Q01-0272 1.1 has a new calculated value of 16671.3213175535.
INFO: Sample Q01-0272 1.1 has a new calculated value of 7144.09279637038.
INFO: Sample Q01-0272 1.1 has a new calculated value of 16671.3213175535.
INFO: Sample A02-1063 1.1 has a new calculated value of 45732.7039539813.
INFO: Sample A02-1063 1.1 has a new calculated value of 150825.589299202.
INFO: Sample A02-1063 1.1 has a new calculated value of 40349.9604016544.
INFO: Sample T01-0108 1.1 has a new calculated value of 188266.653120518.
INFO: Sample T01-0108 1.1 has a new calculated value of 0.
INFO: Sample T01-0108 1.1 has a new calculated value of 43074.6337026359.
INFO: Sample E01-0235 1.1 has a new calculated value of 238602.726459503.
INFO: Sample E01-0235 1.1 has a new calculated value of 2615.11594522745.
INFO: Sample E01-0235 1.1 has a new calculated value of 235973.785221577.
INFO: Sample A02-1057 1.1 has a new calculated value of 65203.8250118494.
INFO: Sample A02-1057 1.1 has a new calculated value of 55417.1984642743.
INFO: Sample A02-1057 1.1 has a new calculated value of 84783.4865748881.
INFO: Sample A02-1058 1.1 has a new calculated value of 42892.5126045942.
INFO: Sample A02-1058 1.1 has a new calculated value of 0.
INFO: Sample A02-1058 1.1 has a new calculated value of 0.
INFO: Sample H01-0484 1.1 has a new calculated value of 170865.433216095.
INFO: Sample H01-0484 1.1 has a new calculated value of 10182.6552115381.
INFO: Sample H01-0484 1.1 has a new calculated value of 152983.319163322.
INFO: Sample N03-0270 1.1 has a new calculated value of 38798.975273967.
INFO: Sample N03-0270 1.1 has a new calculated value of 0.
INFO: Sample N03-0270 1.1 has a new calculated value of 26857.2518974543.
INFO: Sample N03-0261 1.1 has a new calculated value of 184639.230966568.
INFO: Sample N03-0261 1.1 has a new calculated value of 0.
INFO: Sample N03-0261 1.1 has a new calculated value of 204266.894459724.
INFO: Sample A02-1055 1.1 has a new calculated value of 45459.1146111487.
INFO: Sample A02-1055 1.1 has a new calculated value of 68205.9777528048.
INFO: Sample A02-1055 1.1 has a new calculated value of 30300.9540215135.
INFO: Sample Q01-0274 1.1 has a new calculated value of 102066.517174244.
INFO: Sample Q01-0274 1.1 has a new calculated value of 11023.0159945786.
INFO: Sample Q01-0274 1.1 has a new calculated value of 93782.1900844573.
INFO: Sample T01-0107 1.1 has a new calculated value of 440201.931595801.
INFO: Sample T01-0107 1.1 has a new calculated value of 5802.32036300004.
INFO: Sample T01-0107 1.1 has a new calculated value of 384573.848247528.
INFO: Sample T01-0101 1.1 has a new calculated value of 50591.388568282.
INFO: Sample T01-0101 1.1 has a new calculated value of 0.
INFO: Sample T01-0101 1.1 has a new calculated value of 37938.1893575193.
INFO: Sample T01-0110 1.1 has a new calculated value of 206657.97919035.
INFO: Sample T01-0110 1.1 has a new calculated value of 6344.51698511837.
INFO: Sample T01-0110 1.1 has a new calculated value of 197098.923325539.
INFO: Sample Q01-0266 1.1 has a new calculated value of 64652.6670455933.
INFO: Sample Q01-0266 1.1 has a new calculated value of 0.
INFO: Sample Q01-0266 1.1 has a new calculated value of 70279.0512889622.
INFO: Sample B01-0385 1.1 has a new calculated value of 218391.004800797.
INFO: Sample B01-0385 1.1 has a new calculated value of 2420.72867229581.
INFO: Sample B01-0385 1.1 has a new calculated value of 211094.133853912.
INFO: Sample A02-1046 1.1 has a new calculated value of 216272.702515125.
INFO: Sample A02-1046 1.1 has a new calculated value of 5911.39384545384.
INFO: Sample A02-1046 1.1 has a new calculated value of 240037.407875061.
INFO: Sample A02-1060 1.1 has a new calculated value of 1373604.10451889.
INFO: Sample A02-1060 1.1 has a new calculated value of 83808.456659317.
INFO: Sample A02-1060 1.1 has a new calculated value of 1462727.07939148.
LOW : WaTCH status of A02-1063 1.1 has been changed to Complete.
LOW : WaTCH status of B01-0383 1.1 has been changed to Complete.
LOW : WaTCH status of N03-0252 1.1 has been changed to Complete.
LOW : WaTCH status of T01-0100 1.1 has been changed to Complete.
LOW : WaTCH status of G01-0327 1.1 has been changed to Complete.
LOW : WaTCH status of T01-0104 1.1 has been changed to Complete.
LOW : WaTCH status of N03-0255 1.1 has been changed to Complete.
LOW : WaTCH status of T01-0108 1.1 has been changed to Complete.
LOW : WaTCH status of A02-1046 1.1 has been changed to Complete.
LOW : WaTCH status of B01-0385 1.1 has been changed to Complete.
LOW : WaTCH status of A02-1062 1.1 has been changed to Complete.
LOW : WaTCH status of H01-0480 1.1 has been changed to Complete.
LOW : WaTCH status of A02-1061 1.1 has been changed to Complete.
LOW : WaTCH status of H01-0484 1.1 has been changed to Complete.
LOW : WaTCH status of N03-0270 1.1 has been changed to Complete.
LOW : WaTCH status of G01-0292 1.1 has been changed to Complete.
LOW : WaTCH status of N03-0274 1.1 has been changed to Complete.
LOW : WaTCH status of Q01-0263 1.1 has been changed to Complete.
LOW : WaTCH status of A01-0490 1.1 has been changed to Complete.
LOW : WaTCH status of A04-0324 1.1 has been changed to Complete.
LOW : WaTCH status of A02-1053 1.1 has been changed to Complete.
LOW : WaTCH status of N03-0261 1.1 has been changed to Complete.
LOW : WaTCH status of Q01-0274 1.1 has been changed to Complete.
LOW : WaTCH status of Q01-0270 1.1 has been changed to Complete.
LOW : WaTCH status of T01-0106 1.1 has been changed to Complete.
LOW : WaTCH status of Q01-0267 1.1 has been changed to Complete.
LOW : WaTCH status of A02-1052 1.1 has been changed to Complete.
LOW : WaTCH status of Q01-0265 1.1 has been changed to Complete.
LOW : WaTCH status of E01-0235 1.1 has been changed to Complete.
LOW : WaTCH status of T01-0109 1.1 has been changed to Complete.
LOW : WaTCH status of H01-0476 1.1 has been changed to Complete.
LOW : WaTCH status of A02-1057 1.1 has been changed to Complete.
LOW : WaTCH status of Q01-0262 1.1 has been changed to Complete.
LOW : WaTCH status of A02-1055 1.1 has been changed to Complete.
LOW : WaTCH status of B01-0386 1.1 has been changed to Complete.
LOW : WaTCH status of Q01-0273 1.1 has been changed to Complete.
LOW : WaTCH status of N03-0264 1.1 has been changed to Complete.
LOW : WaTCH status of N03-0275 1.1 has been changed to Complete.
LOW : WaTCH status of N03-0260 1.1 has been changed to Complete.
LOW : WaTCH status of Q01-0272 1.1 has been changed to Complete.
LOW : WaTCH status of Q01-0271 1.1 has been changed to Complete.
LOW : WaTCH status of A02-1054 1.1 has been changed to Complete.
LOW : WaTCH status of A02-1058 1.1 has been changed to Complete.
LOW : WaTCH status of Q01-0275 1.1 has been changed to Complete.
LOW : WaTCH status of N03-0256 1.1 has been changed to Complete.
LOW : WaTCH status of Q01-0268 1.1 has been changed to Complete.
LOW : WaTCH status of Q01-0264 1.1 has been changed to Complete.
LOW : WaTCH status of Q01-0269 1.1 has been changed to Complete.
LOW : WaTCH status of T01-0105 1.1 has been changed to Complete.
LOW : WaTCH status of T01-0107 1.1 has been changed to Complete.
LOW : WaTCH status of H01-0483 1.1 has been changed to Complete.
LOW : WaTCH status of E01-0236 1.1 has been changed to Complete.
LOW : WaTCH status of Q01-0266 1.1 has been changed to Complete.
LOW : WaTCH status of G01-0287 1.1 has been changed to Complete.
LOW : WaTCH status of T01-0101 1.1 has been changed to Complete.
LOW : WaTCH status of T01-0110 1.1 has been changed to Complete.
LOW : WaTCH status of T01-0102 1.1 has been changed to Complete.
LOW : WaTCH status of A02-1059 1.1 has been changed to Complete.
LOW : WaTCH status of A02-1056 1.1 has been changed to Complete.
LOW : WaTCH status of A04-0318 1.1 has been changed to Complete.
LOW : WaTCH status of B01-0331 1.1 has been changed to Complete.
LOW : WaTCH status of T01-0103 1.1 has been changed to Complete.
LOW : WaTCH status of T01-0099 1.1 has been changed to Complete.
LOW : WaTCH status of H01-0485 1.1 has been changed to Complete.
LOW : WaTCH status of A02-1064 1.1 has been changed to Complete.
LOW : WaTCH status of G01-0309 1.1 has been changed to Complete.
LOW : WaTCH status of H01-0481 1.1 has been changed to Complete.
LOW : WaTCH status of B01-0384 1.1 has been changed to Complete.
LOW : WaTCH status of A02-1060 1.1 has been changed to Complete.
LOW : WaTCH status of H01-0482 1.1 has been changed to Complete.
#
# WaTCHdb update complete.
# 2023-02-21.18-11-35.
