# WaTCHdb update log.
# Command: 2_updateWaTCH.pl.
# Data output written to updates/watchdb/watchdb.2022-09-09.18-53-35.txt and updates/watchdb.LATEST.txt.
# Fatal errors and system warnings are NOT logged here; see STDERR for those.
#
# Run started 2022-09-09.18-53-35.
#
4 molecular targets added.
INFO: Finished WaTCHdb import. 4790 total assets present.
INFO: Finished AssetTiger import. 0 new assets added. 4790 total assets present.
INFO: Sample N03-0183 1.1 has a new calculated value of 56426.8273115159.
INFO: Sample N03-0183 1.1 has a new calculated value of 0.
INFO: Sample N03-0183 1.1 has a new calculated value of 62370.9169775249.
INFO: Sample R01-0114 1.1 has a new calculated value of 342619.948983192.
INFO: Sample R01-0114 1.1 has a new calculated value of 0.
INFO: Sample R01-0114 1.1 has a new calculated value of 405553.295016288.
INFO: Sample L01-0210 1.1 has a new calculated value of 78030.7026207445.
INFO: Sample L01-0210 1.1 has a new calculated value of 0.
INFO: Sample L01-0210 1.1 has a new calculated value of 70592.9473042488.
INFO: Sample A02-0576 1.1 has a new calculated value of 17969.5647954941.
INFO: Sample A02-0576 1.1 has a new calculated value of 191321.721374989.
INFO: Sample A02-0576 1.1 has a new calculated value of 6737.68381588161.
INFO: Sample A01-0349 1.1 has a new calculated value of 429525.840282441.
INFO: Sample A01-0349 1.1 has a new calculated value of 12448.4233930707.
INFO: Sample A01-0349 1.1 has a new calculated value of 366699.004769326.
INFO: Sample C01-0253 1.1 has a new calculated value of 74823.9035904407.
INFO: Sample C01-0253 1.1 has a new calculated value of 2076.63888344541.
INFO: Sample C01-0253 1.1 has a new calculated value of 76904.2477011681.
INFO: Sample A02-0518 1.1 has a new calculated value of 81218.3229625226.
INFO: Sample A02-0518 1.1 has a new calculated value of 31219.1931903362.
INFO: Sample A02-0518 1.1 has a new calculated value of 56211.3006412981.
INFO: Sample A01-0348 1.1 has a new calculated value of 566138.985157012.
INFO: Sample A01-0348 1.1 has a new calculated value of 6748.53287637235.
INFO: Sample A01-0348 1.1 has a new calculated value of 572979.304790497.
INFO: Sample A02-0556 1.1 has a new calculated value of 47787.4566614629.
INFO: Sample A02-0556 1.1 has a new calculated value of 0.
INFO: Sample A02-0556 1.1 has a new calculated value of 71701.6249895096.
INFO: Sample O01-0128 1.1 has a new calculated value of 8699.89966973663.
INFO: Sample O01-0128 1.1 has a new calculated value of 0.
INFO: Sample O01-0128 1.1 has a new calculated value of 13050.526343286.
INFO: Sample E02-0192 1.1 has a new calculated value of 607158.75148773.
INFO: Sample E02-0192 1.1 has a new calculated value of 1938.25072143227.
INFO: Sample E02-0192 1.1 has a new calculated value of 603225.914239884.
INFO: Sample L01-0206 1.1 has a new calculated value of 80596.2046980857.
INFO: Sample L01-0206 1.1 has a new calculated value of 3500.96161477268.
INFO: Sample L01-0206 1.1 has a new calculated value of 77088.7894928456.
INFO: Sample O01-0133 1.1 has a new calculated value of 4419.20741926878.
INFO: Sample O01-0133 1.1 has a new calculated value of 2209.54544842243.
INFO: Sample O01-0133 1.1 has a new calculated value of 2209.54544842243.
INFO: Sample N03-0199 1.1 has a new calculated value of 31529.2012318969.
INFO: Sample N03-0199 1.1 has a new calculated value of 0.
INFO: Sample N03-0199 1.1 has a new calculated value of 40992.5908595323.
INFO: Sample M04-0107 1.1 has a new calculated value of 40869.5941418409.
INFO: Sample M04-0107 1.1 has a new calculated value of 0.
INFO: Sample M04-0107 1.1 has a new calculated value of 10751.2920722365.
INFO: Sample H01-0328 1.1 has a new calculated value of 21858.6448207497.
INFO: Sample H01-0328 1.1 has a new calculated value of 0.
INFO: Sample H01-0328 1.1 has a new calculated value of 26231.7404150963.
INFO: Sample H01-0329 1.1 has a new calculated value of 90076.5497982503.
INFO: Sample H01-0329 1.1 has a new calculated value of 4185.31718663872.
INFO: Sample H01-0329 1.1 has a new calculated value of 73303.4616708755.
INFO: Sample R02-0079 1.1 has a new calculated value of 52848.8340228797.
INFO: Sample R02-0079 1.1 has a new calculated value of 5281.88609518111.
INFO: Sample R02-0079 1.1 has a new calculated value of 52848.8340228797.
INFO: Sample L01-0204 1.1 has a new calculated value of 184409.511387348.
INFO: Sample L01-0204 1.1 has a new calculated value of 0.
INFO: Sample L01-0204 1.1 has a new calculated value of 225854.232609272.
INFO: Sample C01-0255 1.1 has a new calculated value of 94346.6703593729.
INFO: Sample C01-0255 1.1 has a new calculated value of 0.
INFO: Sample C01-0255 1.1 has a new calculated value of 108171.328157187.
INFO: Sample R02-0088 1.1 has a new calculated value of 56343.3516025544.
INFO: Sample R02-0088 1.1 has a new calculated value of 2559.41875744611.
INFO: Sample R02-0088 1.1 has a new calculated value of 51218.0976569652.
INFO: Sample R01-0100 1.1 has a new calculated value of 475577.863454817.
INFO: Sample R01-0100 1.1 has a new calculated value of 0.
INFO: Sample R01-0100 1.1 has a new calculated value of 518027.928471567.
INFO: Sample B01-0217 1.1 has a new calculated value of 304413.079619407.
INFO: Sample B01-0217 1.1 has a new calculated value of 2197.95810291544.
INFO: Sample B01-0217 1.1 has a new calculated value of 319913.4349823.
INFO: Sample A02-0561 1.1 has a new calculated value of 32475.4758551717.
INFO: Sample A02-0561 1.1 has a new calculated value of 28143.9588591456.
INFO: Sample A02-0561 1.1 has a new calculated value of 28143.9588591456.
INFO: Sample E02-0189 1.1 has a new calculated value of 295047.016739845.
INFO: Sample E02-0189 1.1 has a new calculated value of 6083.42606574297.
INFO: Sample E02-0189 1.1 has a new calculated value of 286879.885196686.
INFO: Sample K01-0150 1.1 has a new calculated value of 385681.217908858.
INFO: Sample K01-0150 1.1 has a new calculated value of 0.
INFO: Sample K01-0150 1.1 has a new calculated value of 396674.462556837.
INFO: Sample E02-0188 1.1 has a new calculated value of 159904.294610024.
INFO: Sample E02-0188 1.1 has a new calculated value of 2247.9426395148.
INFO: Sample E02-0188 1.1 has a new calculated value of 153135.406672954.
INFO: Sample E02-0190 1.1 has a new calculated value of 826591.690778732.
INFO: Sample E02-0190 1.1 has a new calculated value of 4062.20155768098.
INFO: Sample E02-0190 1.1 has a new calculated value of 892930.791378023.
INFO: Sample C01-0252 1.1 has a new calculated value of 46432.2844147681.
INFO: Sample C01-0252 1.1 has a new calculated value of 15471.7126116156.
INFO: Sample C01-0252 1.1 has a new calculated value of 57495.177090168.
INFO: Sample B01-0222 1.1 has a new calculated value of 329286.360740662.
INFO: Sample B01-0222 1.1 has a new calculated value of 8200.70698857309.
INFO: Sample B01-0222 1.1 has a new calculated value of 281791.926920414.
INFO: Sample A02-0554 1.1 has a new calculated value of 13576.859459281.
INFO: Sample A02-0554 1.1 has a new calculated value of 10182.2315901518.
INFO: Sample A02-0554 1.1 has a new calculated value of 6787.87976503373.
INFO: Sample L01-0205 1.1 has a new calculated value of 215161.765515804.
INFO: Sample L01-0205 1.1 has a new calculated value of 3301.82877369225.
INFO: Sample L01-0205 1.1 has a new calculated value of 251683.288514614.
INFO: Sample C01-0254 1.1 has a new calculated value of 134988.766014576.
INFO: Sample C01-0254 1.1 has a new calculated value of 2209.42905871198.
INFO: Sample C01-0254 1.1 has a new calculated value of 130556.017309427.
INFO: Sample A02-0574 1.1 has a new calculated value of 85621.6156482697.
INFO: Sample A02-0574 1.1 has a new calculated value of 0.
INFO: Sample A02-0574 1.1 has a new calculated value of 94644.6025371552.
INFO: Sample H01-0327 1.1 has a new calculated value of 75074.1948187352.
INFO: Sample H01-0327 1.1 has a new calculated value of 2143.11174117029.
INFO: Sample H01-0327 1.1 has a new calculated value of 77221.1462259293.
INFO: Sample R01-0096 1.1 has a new calculated value of 315486.096739769.
INFO: Sample R01-0096 1.1 has a new calculated value of 0.
INFO: Sample R01-0096 1.1 has a new calculated value of 289718.059301376.
INFO: Sample A01-0350 1.1 has a new calculated value of 182916.903197765.
INFO: Sample A01-0350 1.1 has a new calculated value of 7936.33114546536.
INFO: Sample A01-0350 1.1 has a new calculated value of 186902.248263359.
INFO: Sample H01-0324 1.1 has a new calculated value of 557296.879291534.
INFO: Sample H01-0324 1.1 has a new calculated value of 6412.93927095831.
INFO: Sample H01-0324 1.1 has a new calculated value of 505342.814326284.
INFO: Sample O01-0126 1.1 has a new calculated value of 65179.8558980225.
INFO: Sample O01-0126 1.1 has a new calculated value of 0.
INFO: Sample O01-0126 1.1 has a new calculated value of 42692.5930380822.
INFO: Sample L01-0209 1.1 has a new calculated value of 52719.2080020905.
INFO: Sample L01-0209 1.1 has a new calculated value of 0.
INFO: Sample L01-0209 1.1 has a new calculated value of 56487.4041080475.
INFO: Sample L01-0208 1.1 has a new calculated value of 273064.298629761.
INFO: Sample L01-0208 1.1 has a new calculated value of 0.
INFO: Sample L01-0208 1.1 has a new calculated value of 286937.777996063.
INFO: Sample K01-0133 1.1 has a new calculated value of 200068.188607693.
INFO: Sample K01-0133 1.1 has a new calculated value of 7302.76130139828.
INFO: Sample K01-0133 1.1 has a new calculated value of 207405.897080898.
INFO: Sample K01-0136 1.1 has a new calculated value of 223569.233715534.
INFO: Sample K01-0136 1.1 has a new calculated value of 0.
INFO: Sample K01-0136 1.1 has a new calculated value of 221105.935871601.
INFO: Sample O01-0138 1.1 has a new calculated value of 0.
INFO: Sample O01-0138 1.1 has a new calculated value of 0.
INFO: Sample O01-0138 1.1 has a new calculated value of 8929.27100881933.
INFO: Sample O01-0149 1.1 has a new calculated value of 26713.8257995248.
INFO: Sample O01-0149 1.1 has a new calculated value of 0.
INFO: Sample O01-0149 1.1 has a new calculated value of 20033.7730720639.
INFO: Sample N03-0190 1.1 has a new calculated value of 127115.50667882.
INFO: Sample N03-0190 1.1 has a new calculated value of 0.
INFO: Sample N03-0190 1.1 has a new calculated value of 87729.0205657481.
INFO: Sample M04-0106 1.1 has a new calculated value of 9200.25598257781.
INFO: Sample M04-0106 1.1 has a new calculated value of 0.
INFO: Sample M04-0106 1.1 has a new calculated value of 11500.6358362734.
INFO: Sample M04-0103 1.1 has a new calculated value of 0.
INFO: Sample M04-0103 1.1 has a new calculated value of 0.
INFO: Sample M04-0103 1.1 has a new calculated value of 0.
INFO: Sample A02-0566 1.1 has a new calculated value of 40200.722515583.
INFO: Sample A02-0566 1.1 has a new calculated value of 2511.41576562077.
INFO: Sample A02-0566 1.1 has a new calculated value of 22608.1637665629.
INFO: Sample E02-0191 1.1 has a new calculated value of 361939.768195153.
INFO: Sample E02-0191 1.1 has a new calculated value of 5973.59877079724.
INFO: Sample E02-0191 1.1 has a new calculated value of 412178.0115366.
INFO: Sample N03-0179 1.1 has a new calculated value of 120422.883331776.
INFO: Sample N03-0179 1.1 has a new calculated value of 0.
INFO: Sample N03-0179 1.1 has a new calculated value of 129700.527191162.
INFO: Sample D01-0134 1.1 has a new calculated value of 335967.84889698.
INFO: Sample D01-0134 1.1 has a new calculated value of 2145.0861194171.
INFO: Sample D01-0134 1.1 has a new calculated value of 372742.992639541.
INFO: Sample A02-0559 1.1 has a new calculated value of 61425.2623915674.
INFO: Sample A02-0559 1.1 has a new calculated value of 19734.016880393.
INFO: Sample A02-0559 1.1 has a new calculated value of 72403.5412073135.
INFO: Sample L01-0207 1.1 has a new calculated value of 263767.017424107.
INFO: Sample L01-0207 1.1 has a new calculated value of 0.
INFO: Sample L01-0207 1.1 has a new calculated value of 246808.996796608.
INFO: Sample B01-0212 1.1 has a new calculated value of 81145.7446217536.
INFO: Sample B01-0212 1.1 has a new calculated value of 0.
INFO: Sample B01-0212 1.1 has a new calculated value of 87394.2343890665.
INFO: Sample A01-0351 1.1 has a new calculated value of 227736.054360866.
INFO: Sample A01-0351 1.1 has a new calculated value of 33660.6899276376.
INFO: Sample A01-0351 1.1 has a new calculated value of 189694.012999535.
INFO: Sample H01-0325 1.1 has a new calculated value of 320276.454091072.
INFO: Sample H01-0325 1.1 has a new calculated value of 8397.0475383103.
INFO: Sample H01-0325 1.1 has a new calculated value of 332969.314455986.
INFO: Sample A02-0564 1.1 has a new calculated value of 0.
INFO: Sample A02-0564 1.1 has a new calculated value of 2925.26705190539.
INFO: Sample A02-0564 1.1 has a new calculated value of 2925.26705190539.
INFO: Sample D01-0128 1.1 has a new calculated value of 383295.48418522.
INFO: Sample D01-0128 1.1 has a new calculated value of 6504.1659772396.
INFO: Sample D01-0128 1.1 has a new calculated value of 389859.420061112.
INFO: Sample M04-0102 1.1 has a new calculated value of 10849.8185500502.
INFO: Sample M04-0102 1.1 has a new calculated value of 0.
INFO: Sample M04-0102 1.1 has a new calculated value of 15190.5331201851.
INFO: Sample A04-0122 1.1 has a new calculated value of 518102.061152456.
INFO: Sample A04-0122 1.1 has a new calculated value of 15020.9847651422.
INFO: Sample A04-0122 1.1 has a new calculated value of 507242.710590362.
INFO: Sample R02-0080 1.1 has a new calculated value of 58225.4961133004.
INFO: Sample R02-0080 1.1 has a new calculated value of 2644.85942199826.
INFO: Sample R02-0080 1.1 has a new calculated value of 74119.2269325256.
INFO: Sample D01-0133 1.1 has a new calculated value of 363078.088760377.
INFO: Sample D01-0133 1.1 has a new calculated value of 10633.9946016669.
INFO: Sample D01-0133 1.1 has a new calculated value of 365223.180055618.
INFO: Sample D01-0146 1.1 has a new calculated value of 300937.133431435.
INFO: Sample D01-0146 1.1 has a new calculated value of 8568.28453950584.
INFO: Sample D01-0146 1.1 has a new calculated value of 322515.553236008.
INFO: Sample C01-0251 1.1 has a new calculated value of 43416.1383658646.
INFO: Sample C01-0251 1.1 has a new calculated value of 6509.55414399505.
INFO: Sample C01-0251 1.1 has a new calculated value of 56449.7559517622.
INFO: Sample R02-0083 1.1 has a new calculated value of 93228.3183932304.
INFO: Sample R02-0083 1.1 has a new calculated value of 8466.73803403974.
INFO: Sample R02-0083 1.1 has a new calculated value of 98885.1906359195.
INFO: Sample H01-0326 1.1 has a new calculated value of 470269.222855567.
INFO: Sample H01-0326 1.1 has a new calculated value of 4290.501633659.
INFO: Sample H01-0326 1.1 has a new calculated value of 437741.623520849.
INFO: Sample A02-0571 1.1 has a new calculated value of 76513.4203433991.
INFO: Sample A02-0571 1.1 has a new calculated value of 35137.4680548906.
INFO: Sample A02-0571 1.1 has a new calculated value of 68234.9623739718.
INFO: Sample H01-0323 1.1 has a new calculated value of 355092.517733574.
INFO: Sample H01-0323 1.1 has a new calculated value of 13261.8178613484.
INFO: Sample H01-0323 1.1 has a new calculated value of 341722.100973129.
INFO: Sample N03-0192 1.1 has a new calculated value of 96504.213362932.
INFO: Sample N03-0192 1.1 has a new calculated value of 6426.70643515885.
INFO: Sample N03-0192 1.1 has a new calculated value of 83624.1441965105.
INFO: Sample N03-0151 1.1 has a new calculated value of 35219.9733629823.
INFO: Sample N03-0151 1.1 has a new calculated value of 0.
INFO: Sample N03-0151 1.1 has a new calculated value of 52841.062322259.
INFO: Sample A02-0565 1.1 has a new calculated value of 2888.17576132715.
INFO: Sample A02-0565 1.1 has a new calculated value of 0.
INFO: Sample A02-0565 1.1 has a new calculated value of 0.
INFO: Sample K01-0145 1.1 has a new calculated value of 331764.539480209.
INFO: Sample K01-0145 1.1 has a new calculated value of 5601.30458325149.
INFO: Sample K01-0145 1.1 has a new calculated value of 348704.264760017.
INFO: Sample R01-0107 1.1 has a new calculated value of 438467.89956093.
INFO: Sample R01-0107 1.1 has a new calculated value of 0.
INFO: Sample R01-0107 1.1 has a new calculated value of 461672.719717026.
LOW : WaTCH status of R02-0083 1.1 has been changed to Complete.
LOW : WaTCH status of L01-0207 1.1 has been changed to Complete.
LOW : WaTCH status of A02-0576 1.1 has been changed to Complete.
LOW : WaTCH status of C01-0251 1.1 has been changed to Complete.
LOW : WaTCH status of M04-0106 1.1 has been changed to Complete.
LOW : WaTCH status of O01-0149 1.1 has been changed to Complete.
LOW : WaTCH status of N03-0183 1.1 has been changed to Complete.
LOW : WaTCH status of A02-0571 1.1 has been changed to Complete.
LOW : WaTCH status of O01-0126 1.1 has been changed to Complete.
LOW : WaTCH status of E02-0189 1.1 has been changed to Complete.
LOW : WaTCH status of D01-0146 1.1 has been changed to Complete.
LOW : WaTCH status of R01-0107 1.1 has been changed to Complete.
LOW : WaTCH status of K01-0133 1.1 has been changed to Complete.
LOW : WaTCH status of N03-0199 1.1 has been changed to Complete.
LOW : WaTCH status of A02-0556 1.1 has been changed to Complete.
LOW : WaTCH status of C01-0255 1.1 has been changed to Complete.
LOW : WaTCH status of L01-0208 1.1 has been changed to Complete.
LOW : WaTCH status of D01-0133 1.1 has been changed to Complete.
LOW : WaTCH status of E02-0188 1.1 has been changed to Complete.
LOW : WaTCH status of H01-0326 1.1 has been changed to Complete.
LOW : WaTCH status of A04-0122 1.1 has been changed to Complete.
LOW : WaTCH status of M04-0102 1.1 has been changed to Complete.
LOW : WaTCH status of A02-0564 1.1 has been changed to Complete.
LOW : WaTCH status of R02-0088 1.1 has been changed to Complete.
LOW : WaTCH status of L01-0204 1.1 has been changed to Complete.
LOW : WaTCH status of C01-0252 1.1 has been changed to Complete.
LOW : WaTCH status of A01-0350 1.1 has been changed to Complete.
LOW : WaTCH status of N03-0151 1.1 has been changed to Complete.
LOW : WaTCH status of H01-0325 1.1 has been changed to Complete.
LOW : WaTCH status of L01-0209 1.1 has been changed to Complete.
LOW : WaTCH status of K01-0145 1.1 has been changed to Complete.
LOW : WaTCH status of A01-0351 1.1 has been changed to Complete.
LOW : WaTCH status of K01-0150 1.1 has been changed to Complete.
LOW : WaTCH status of D01-0128 1.1 has been changed to Complete.
LOW : WaTCH status of B01-0212 1.1 has been changed to Complete.
LOW : WaTCH status of R01-0114 1.1 has been changed to Complete.
LOW : WaTCH status of D01-0134 1.1 has been changed to Complete.
LOW : WaTCH status of M04-0103 1.1 has been changed to Complete.
LOW : WaTCH status of A02-0554 1.1 has been changed to Complete.
LOW : WaTCH status of H01-0328 1.1 has been changed to Complete.
LOW : WaTCH status of R02-0080 1.1 has been changed to Complete.
LOW : WaTCH status of A01-0348 1.1 has been changed to Complete.
LOW : WaTCH status of C01-0253 1.1 has been changed to Complete.
LOW : WaTCH status of C01-0254 1.1 has been changed to Complete.
LOW : WaTCH status of E02-0191 1.1 has been changed to Complete.
LOW : WaTCH status of A02-0574 1.1 has been changed to Complete.
LOW : WaTCH status of H01-0327 1.1 has been changed to Complete.
LOW : WaTCH status of O01-0138 1.1 has been changed to Complete.
LOW : WaTCH status of A02-0559 1.1 has been changed to Complete.
LOW : WaTCH status of K01-0136 1.1 has been changed to Complete.
LOW : WaTCH status of E02-0190 1.1 has been changed to Complete.
LOW : WaTCH status of N03-0190 1.1 has been changed to Complete.
LOW : WaTCH status of N03-0179 1.1 has been changed to Complete.
LOW : WaTCH status of A01-0349 1.1 has been changed to Complete.
LOW : WaTCH status of O01-0128 1.1 has been changed to Complete.
LOW : WaTCH status of R01-0100 1.1 has been changed to Complete.
LOW : WaTCH status of L01-0205 1.1 has been changed to Complete.
LOW : WaTCH status of H01-0329 1.1 has been changed to Complete.
LOW : WaTCH status of B01-0217 1.1 has been changed to Complete.
LOW : WaTCH status of H01-0323 1.1 has been changed to Complete.
LOW : WaTCH status of R02-0079 1.1 has been changed to Complete.
LOW : WaTCH status of A02-0565 1.1 has been changed to Complete.
LOW : WaTCH status of N03-0192 1.1 has been changed to Complete.
LOW : WaTCH status of M04-0107 1.1 has been changed to Complete.
LOW : WaTCH status of H01-0324 1.1 has been changed to Complete.
LOW : WaTCH status of E02-0192 1.1 has been changed to Complete.
LOW : WaTCH status of O01-0133 1.1 has been changed to Complete.
LOW : WaTCH status of A02-0561 1.1 has been changed to Complete.
LOW : WaTCH status of A02-0566 1.1 has been changed to Complete.
LOW : WaTCH status of L01-0210 1.1 has been changed to Complete.
LOW : WaTCH status of B01-0222 1.1 has been changed to Complete.
LOW : WaTCH status of R01-0096 1.1 has been changed to Complete.
LOW : WaTCH status of L01-0206 1.1 has been changed to Complete.
#
# WaTCHdb update complete.
# 2022-09-09.18-53-37.
