# WaTCHdb update log.
# Command: 2_updateWaTCH.pl.
# Data output written to DB/INCREMENTAL/watchdb.2022-05-28.08-05-25.txt and DB/watchdb.LATEST.txt.
# Fatal errors and system warnings are NOT logged here; see STDERR for those.
#
# Run started 2022-05-28.08-05-25.
#
4 molecular targets added.
INFO: Finished WaTCHdb import. 3163 total assets present.
INFO: Finished AssetTiger import. 50 new assets added. 3213 total assets present.
INFO: Sample A04-0080 1.1 has a new calculated value of 596911.52215004.
INFO: Sample A04-0080 1.1 has a new calculated value of 596911.52215004.
INFO: Sample A04-0080 1.1 has a new calculated value of 0.
INFO: Sample E02-0126 1.1 has a new calculated value of 84900.4527926445.
INFO: Sample E02-0126 1.1 has a new calculated value of 75955.4547071457.
INFO: Sample E02-0126 1.1 has a new calculated value of 20092.4642756581.
INFO: Sample D01-0091 1.1 has a new calculated value of 96825.4946172237.
INFO: Sample D01-0091 1.1 has a new calculated value of 99311.1392855646.
INFO: Sample D01-0091 1.1 has a new calculated value of 0.
INFO: Sample Q01-0008 1.1 has a new calculated value of 127473.27670455.
INFO: Sample Q01-0008 1.1 has a new calculated value of 121799.561530352.
INFO: Sample Q01-0008 1.1 has a new calculated value of 2828.53140961379.
INFO: Sample Q01-0009 1.1 has a new calculated value of 186032.021641731.
INFO: Sample Q01-0009 1.1 has a new calculated value of 171237.370669842.
INFO: Sample Q01-0009 1.1 has a new calculated value of 2946.44918292761.
INFO: Sample H01-0246 1.1 has a new calculated value of 28083.0338224769.
INFO: Sample H01-0246 1.1 has a new calculated value of 32405.1695689559.
INFO: Sample H01-0246 1.1 has a new calculated value of 4319.24206204712.
INFO: Sample A03-0352 1.1 has a new calculated value of 2501.22416764498.
INFO: Sample A03-0352 1.1 has a new calculated value of 2501.22416764498.
INFO: Sample A03-0352 1.1 has a new calculated value of 47548.8059967756.
INFO: Sample H01-0216 1.1 has a new calculated value of 86958.407610655.
INFO: Sample H01-0216 1.1 has a new calculated value of 91311.0695779323.
INFO: Sample H01-0216 1.1 has a new calculated value of 0.
INFO: Sample D01-0095 1.1 has a new calculated value of 166026.661992073.
INFO: Sample D01-0095 1.1 has a new calculated value of 175959.540903568.
INFO: Sample D01-0095 1.1 has a new calculated value of 0.
INFO: Sample A03-0351 1.1 has a new calculated value of 0.
INFO: Sample A03-0351 1.1 has a new calculated value of 2394.20562051237.
INFO: Sample A03-0351 1.1 has a new calculated value of 2394.20562051237.
INFO: Sample A01-0255 1.1 has a new calculated value of 144964.266121388.
INFO: Sample A01-0255 1.1 has a new calculated value of 192516.21901989.
INFO: Sample A01-0255 1.1 has a new calculated value of 0.
INFO: Sample A03-0345 1.1 has a new calculated value of 5046.57025448979.
INFO: Sample A03-0345 1.1 has a new calculated value of 15141.5331847966.
INFO: Sample A03-0345 1.1 has a new calculated value of 2523.20921514183.
INFO: Sample A01-0256 1.1 has a new calculated value of 225381.067693234.
INFO: Sample A01-0256 1.1 has a new calculated value of 236682.02072382.
INFO: Sample A01-0256 1.1 has a new calculated value of 2247.82187025994.
INFO: Sample B01-0130 1.1 has a new calculated value of 409876.025319098.
INFO: Sample B01-0130 1.1 has a new calculated value of 386999.638080597.
INFO: Sample B01-0130 1.1 has a new calculated value of 4532.22647309304.
INFO: Sample H01-0220 1.1 has a new calculated value of 99711.666405201.
INFO: Sample H01-0220 1.1 has a new calculated value of 91216.3227796553.
INFO: Sample H01-0220 1.1 has a new calculated value of 2119.05689444393.
INFO: Sample B01-0134 1.1 has a new calculated value of 193043.267726898.
INFO: Sample B01-0134 1.1 has a new calculated value of 225303.775370121.
INFO: Sample B01-0134 1.1 has a new calculated value of 2140.0476526469.
INFO: Sample A02-0551 1.1 has a new calculated value of 2342.94451307505.
INFO: Sample A02-0551 1.1 has a new calculated value of 4686.02014705537.
INFO: Sample A02-0551 1.1 has a new calculated value of 2342.94451307505.
INFO: Sample A03-0366 1.1 has a new calculated value of 2011254.28676605.
INFO: Sample A03-0366 1.1 has a new calculated value of 2094552.2403717.
INFO: Sample A03-0366 1.1 has a new calculated value of 8205.9252820909.
INFO: Sample B01-0140 1.1 has a new calculated value of 361470.340490342.
INFO: Sample B01-0140 1.1 has a new calculated value of 342857.397794723.
INFO: Sample B01-0140 1.1 has a new calculated value of 0.
INFO: Sample H01-0222 1.1 has a new calculated value of 27041.3031801581.
INFO: Sample H01-0222 1.1 has a new calculated value of 31549.8854219913.
INFO: Sample H01-0222 1.1 has a new calculated value of 0.
INFO: Sample A02-0538 1.1 has a new calculated value of 0.
INFO: Sample A02-0538 1.1 has a new calculated value of 0.
INFO: Sample A02-0538 1.1 has a new calculated value of 0.
INFO: Sample H01-0219 1.1 has a new calculated value of 441742.613911628.
INFO: Sample H01-0219 1.1 has a new calculated value of 434423.285722731.
INFO: Sample H01-0219 1.1 has a new calculated value of 9658.75765308737.
INFO: Sample H01-0218 1.1 has a new calculated value of 32546.0879132151.
INFO: Sample H01-0218 1.1 has a new calculated value of 28205.1493227482.
INFO: Sample H01-0218 1.1 has a new calculated value of 4338.01836334167.
INFO: Sample E02-0127 1.1 has a new calculated value of 152700.327336788.
INFO: Sample E02-0127 1.1 has a new calculated value of 161569.595932961.
INFO: Sample E02-0127 1.1 has a new calculated value of 11046.5625487268.
INFO: Sample E02-0130 1.1 has a new calculated value of 7156.45213611423.
INFO: Sample E02-0130 1.1 has a new calculated value of 7156.45213611423.
INFO: Sample E02-0130 1.1 has a new calculated value of 7156.45213611423.
INFO: Sample H01-0226 1.1 has a new calculated value of 61961.802765727.
INFO: Sample H01-0226 1.1 has a new calculated value of 64657.8736603261.
INFO: Sample H01-0226 1.1 has a new calculated value of 8076.78127661349.
INFO: Sample A01-0257 1.1 has a new calculated value of 233558.714389801.
INFO: Sample A01-0257 1.1 has a new calculated value of 212055.072784424.
INFO: Sample A01-0257 1.1 has a new calculated value of 4753.51768545806.
INFO: Sample A02-0505 1.1 has a new calculated value of 2524.12069123238.
INFO: Sample A02-0505 1.1 has a new calculated value of 2524.12069123238.
INFO: Sample A02-0505 1.1 has a new calculated value of 2524.12069123238.
INFO: Sample S01-0028 1.1 has a new calculated value of 47861.865386367.
INFO: Sample S01-0028 1.1 has a new calculated value of 52215.6612575053.
INFO: Sample S01-0028 1.1 has a new calculated value of 4348.82123954593.
INFO: Sample E02-0129 1.1 has a new calculated value of 2410.59228312224.
INFO: Sample E02-0129 1.1 has a new calculated value of 7232.19277337194.
INFO: Sample E02-0129 1.1 has a new calculated value of 19288.6219918728.
INFO: Sample E02-0128 1.1 has a new calculated value of 7041.42990522088.
INFO: Sample E02-0128 1.1 has a new calculated value of 7041.42990522088.
INFO: Sample E02-0128 1.1 has a new calculated value of 2347.01191540807.
INFO: Sample A02-0544 1.1 has a new calculated value of 5114.93361555039.
INFO: Sample A02-0544 1.1 has a new calculated value of 5114.93361555039.
INFO: Sample A02-0544 1.1 has a new calculated value of 0.
INFO: Sample A04-0079 1.1 has a new calculated value of 527659.876942635.
INFO: Sample A04-0079 1.1 has a new calculated value of 493257.624506948.
INFO: Sample A04-0079 1.1 has a new calculated value of 4855.39438202975.
INFO: Sample A04-0078 1.1 has a new calculated value of 533626.980185509.
INFO: Sample A04-0078 1.1 has a new calculated value of 538178.427815438.
INFO: Sample A04-0078 1.1 has a new calculated value of 0.
LOW : WaTCH status of A03-0366 1.1 has been changed to Complete.
LOW : WaTCH status of A01-0256 1.1 has been changed to Complete.
LOW : WaTCH status of D01-0095 1.1 has been changed to Complete.
LOW : WaTCH status of A03-0351 1.1 has been changed to Complete.
LOW : WaTCH status of E02-0129 1.1 has been changed to Complete.
LOW : WaTCH status of H01-0219 1.1 has been changed to Complete.
LOW : WaTCH status of A03-0345 1.1 has been changed to Complete.
LOW : WaTCH status of Q01-0009 1.1 has been changed to Complete.
LOW : WaTCH status of A04-0078 1.1 has been changed to Complete.
LOW : WaTCH status of D01-0091 1.1 has been changed to Complete.
LOW : WaTCH status of A02-0544 1.1 has been changed to Complete.
LOW : WaTCH status of E02-0127 1.1 has been changed to Complete.
LOW : WaTCH status of H01-0246 1.1 has been changed to Complete.
LOW : WaTCH status of B01-0140 1.1 has been changed to Complete.
LOW : WaTCH status of A01-0255 1.1 has been changed to Complete.
LOW : WaTCH status of A04-0080 1.1 has been changed to Complete.
LOW : WaTCH status of E02-0130 1.1 has been changed to Complete.
LOW : WaTCH status of A03-0352 1.1 has been changed to Complete.
LOW : WaTCH status of H01-0226 1.1 has been changed to Complete.
LOW : WaTCH status of A02-0551 1.1 has been changed to Complete.
LOW : WaTCH status of H01-0216 1.1 has been changed to Complete.
LOW : WaTCH status of E02-0126 1.1 has been changed to Complete.
LOW : WaTCH status of S01-0028 1.1 has been changed to Complete.
LOW : WaTCH status of A02-0538 1.1 has been changed to Complete.
LOW : WaTCH status of H01-0220 1.1 has been changed to Complete.
LOW : WaTCH status of A01-0257 1.1 has been changed to Complete.
LOW : WaTCH status of A02-0505 1.1 has been changed to Complete.
LOW : WaTCH status of B01-0130 1.1 has been changed to Complete.
LOW : WaTCH status of H01-0222 1.1 has been changed to Complete.
LOW : WaTCH status of A04-0079 1.1 has been changed to Complete.
LOW : WaTCH status of B01-0134 1.1 has been changed to Complete.
LOW : WaTCH status of Q01-0008 1.1 has been changed to Complete.
LOW : WaTCH status of E02-0128 1.1 has been changed to Complete.
LOW : WaTCH status of H01-0218 1.1 has been changed to Complete.
#
# WaTCHdb update complete.
# 2022-05-28.08-05-26.
