# WaTCHdb update log.
# Command: 2_updateWaTCH.pl.
# Data output written to DB/INCREMENTAL/watchdb.2022-04-27.13-18-46.txt and DB/watchdb.LATEST.txt.
# Fatal errors and system warnings are NOT logged here; see STDERR for those.
#
# Run started 2022-04-27.13-18-46.
#
4 molecular targets added.
INFO: Finished WaTCHdb import. 2697 total assets present.
INFO: Finished AssetTiger import. 0 new assets added. 2697 total assets present.
INFO: Sample A02-0463 1.1 has a new calculated value of 0.
INFO: Sample A02-0463 1.1 has a new calculated value of 0.
INFO: Sample A02-0463 1.1 has a new calculated value of 10427.1091707051.
INFO: Sample A03-0326 1.1 has a new calculated value of 0.
INFO: Sample A03-0326 1.1 has a new calculated value of 0.
INFO: Sample A03-0326 1.1 has a new calculated value of 0.
INFO: Sample A02-0470 1.1 has a new calculated value of 16234.3829311431.
INFO: Sample A02-0470 1.1 has a new calculated value of 0.
INFO: Sample A02-0470 1.1 has a new calculated value of 32475.0554189086.
INFO: Sample A03-0320 1.1 has a new calculated value of 0.
INFO: Sample A03-0320 1.1 has a new calculated value of 0.
INFO: Sample A03-0320 1.1 has a new calculated value of 2601.51838883757.
INFO: Sample A02-0465 1.1 has a new calculated value of 0.
INFO: Sample A02-0465 1.1 has a new calculated value of 4514.89462517202.
INFO: Sample A02-0465 1.1 has a new calculated value of 11288.1477735937.
INFO: Sample A02-0459 1.1 has a new calculated value of 64473.7013429404.
INFO: Sample A02-0459 1.1 has a new calculated value of 64473.7013429404.
INFO: Sample A02-0459 1.1 has a new calculated value of 5154.24759127198.
INFO: Sample A02-0464 1.1 has a new calculated value of 31238.8814985752.
INFO: Sample A02-0464 1.1 has a new calculated value of 36046.9311475754.
INFO: Sample A02-0464 1.1 has a new calculated value of 14415.0522351265.
INFO: Sample A01-0231 1.1 has a new calculated value of 34896.2735384703.
INFO: Sample A01-0231 1.1 has a new calculated value of 37581.8080455063.
INFO: Sample A01-0231 1.1 has a new calculated value of 0.
INFO: Sample A02-0468 1.1 has a new calculated value of 0.
INFO: Sample A02-0468 1.1 has a new calculated value of 2407.26940333843.
INFO: Sample A02-0468 1.1 has a new calculated value of 4814.67735953628.
INFO: Sample A04-0062 1.1 has a new calculated value of 2866.44764710218.
INFO: Sample A04-0062 1.1 has a new calculated value of 14334.2000059783.
INFO: Sample A04-0062 1.1 has a new calculated value of 0.
INFO: Sample A04-0061 1.1 has a new calculated value of 40631.8650394679.
INFO: Sample A04-0061 1.1 has a new calculated value of 33010.3896930814.
INFO: Sample A04-0061 1.1 has a new calculated value of 0.
INFO: Sample A01-0232 1.1 has a new calculated value of 41885.5889886617.
INFO: Sample A01-0232 1.1 has a new calculated value of 44504.8304647206.
INFO: Sample A01-0232 1.1 has a new calculated value of 0.
INFO: Sample A02-0466 1.1 has a new calculated value of 0.
INFO: Sample A02-0466 1.1 has a new calculated value of 0.
INFO: Sample A02-0466 1.1 has a new calculated value of 0.
INFO: Sample R01-0016 1.2 has a new calculated value of 0.
INFO: Sample R01-0016 1.2 has a new calculated value of 0.
INFO: Sample R01-0016 1.2 has a new calculated value of 0.
INFO: Sample A02-0471 1.1 has a new calculated value of 727507.824897765.
INFO: Sample A02-0471 1.1 has a new calculated value of 894043.189287184.
INFO: Sample A02-0471 1.1 has a new calculated value of 17594.6715474129.
INFO: Sample A02-0467 1.1 has a new calculated value of 11973.0798527598.
INFO: Sample A02-0467 1.1 has a new calculated value of 2394.34231538325.
INFO: Sample A02-0467 1.1 has a new calculated value of 19158.5691645741.
INFO: Sample A01-0233 1.1 has a new calculated value of 59775.4280269146.
INFO: Sample A01-0233 1.1 has a new calculated value of 48273.5319435596.
INFO: Sample A01-0233 1.1 has a new calculated value of 0.
INFO: Sample A04-0060 1.1 has a new calculated value of 20832.1921527386.
INFO: Sample A04-0060 1.1 has a new calculated value of 20832.1921527386.
INFO: Sample A04-0060 1.1 has a new calculated value of 2603.45759801567.
INFO: Sample A03-0279 1.2 has a new calculated value of 0.
INFO: Sample A03-0279 1.2 has a new calculated value of 0.
INFO: Sample A03-0279 1.2 has a new calculated value of 0.
LOW : WaTCH status of A02-0467 1.1 has been changed to Complete.
LOW : WaTCH status of A02-0468 1.1 has been changed to Complete.
LOW : WaTCH status of A01-0232 1.1 has been changed to Complete.
LOW : WaTCH status of A02-0470 1.1 has been changed to Complete.
LOW : WaTCH status of A02-0465 1.1 has been changed to Complete.
LOW : WaTCH status of A02-0463 1.1 has been changed to Complete.
LOW : WaTCH status of A02-0466 1.1 has been changed to Complete.
LOW : WaTCH status of A04-0061 1.1 has been changed to Complete.
LOW : WaTCH status of A03-0326 1.1 has been changed to Complete.
LOW : WaTCH status of A04-0060 1.1 has been changed to Complete.
LOW : WaTCH status of A01-0233 1.1 has been changed to Complete.
LOW : WaTCH status of A02-0464 1.1 has been changed to Complete.
LOW : WaTCH status of A03-0320 1.1 has been changed to Complete.
LOW : WaTCH status of A02-0471 1.1 has been changed to Complete.
LOW : WaTCH status of R01-0016 1.2 has been changed to Complete.
LOW : WaTCH status of A02-0459 1.1 has been changed to Complete.
LOW : WaTCH status of A04-0062 1.1 has been changed to Complete.
LOW : WaTCH status of A01-0231 1.1 has been changed to Complete.
#
# WaTCHdb update complete.
# 2022-04-27.13-18-47.
