# WaTCHdb update log.
# Command: 2_updateWaTCH.pl.
# Data output written to updates/watchdb/watchdb.2022-07-26.10-22-43.txt and updates/watchdb.LATEST.txt.
# Fatal errors and system warnings are NOT logged here; see STDERR for those.
#
# Run started 2022-07-26.10-22-43.
#
4 molecular targets added.
INFO: Finished WaTCHdb import. 3887 total assets present.
INFO: Finished AssetTiger import. 117 new assets added. 4004 total assets present.
INFO: Sample E01-0139 1.1 has a new calculated value of 0.
INFO: Sample E01-0139 1.1 has a new calculated value of 323758.957386017.
INFO: Sample E01-0139 1.1 has a new calculated value of 302521.677017212.
INFO: Sample E02-0155 1.1 has a new calculated value of 8137.41646707057.
INFO: Sample E02-0155 1.1 has a new calculated value of 140592.349022627.
INFO: Sample E02-0155 1.1 has a new calculated value of 124267.598837614.
INFO: Sample H01-0279 1.1 has a new calculated value of 4041.63574799896.
INFO: Sample H01-0279 1.1 has a new calculated value of 137634.737044573.
INFO: Sample H01-0279 1.1 has a new calculated value of 125472.297370434.
INFO: Sample E02-0159 1.1 has a new calculated value of 6593.18326972425.
INFO: Sample E02-0159 1.1 has a new calculated value of 178381.015956402.
INFO: Sample E02-0159 1.1 has a new calculated value of 187209.633886814.
INFO: Sample B01-0183 1.1 has a new calculated value of 1953.6096509546.
INFO: Sample B01-0183 1.1 has a new calculated value of 154616.412520409.
INFO: Sample B01-0183 1.1 has a new calculated value of 136973.07229042.
INFO: Sample B01-0189 1.1 has a new calculated value of 1990.632195957.
INFO: Sample B01-0189 1.1 has a new calculated value of 321715.756058693.
INFO: Sample B01-0189 1.1 has a new calculated value of 299656.425118446.
INFO: Sample H01-0275 1.1 has a new calculated value of 2091.24891087413.
INFO: Sample H01-0275 1.1 has a new calculated value of 361238.123774527.
INFO: Sample H01-0275 1.1 has a new calculated value of 283266.647458077.
INFO: Sample A04-0116 1.1 has a new calculated value of 10312.6804344356.
INFO: Sample A04-0116 1.1 has a new calculated value of 1608105.81922531.
INFO: Sample A04-0116 1.1 has a new calculated value of 1653131.87599182.
INFO: Sample N02-0102 1.1 has a new calculated value of 4552.41006799042.
INFO: Sample N02-0102 1.1 has a new calculated value of 61499.2973953484.
INFO: Sample N02-0102 1.1 has a new calculated value of 72897.9657590388.
INFO: Sample E01-0140 1.1 has a new calculated value of 0.
INFO: Sample E01-0140 1.1 has a new calculated value of 199010.54084301.
INFO: Sample E01-0140 1.1 has a new calculated value of 194528.01078558.
INFO: Sample A01-0304 1.1 has a new calculated value of 18631.5905302763.
INFO: Sample A01-0304 1.1 has a new calculated value of 418875.433802604.
INFO: Sample A01-0304 1.1 has a new calculated value of 480067.341327667.
INFO: Sample Q01-0069 1.1 has a new calculated value of 0.
INFO: Sample Q01-0069 1.1 has a new calculated value of 205879.687964916.
INFO: Sample Q01-0069 1.1 has a new calculated value of 245419.093966484.
INFO: Sample Q01-0063 1.1 has a new calculated value of 0.
INFO: Sample Q01-0063 1.1 has a new calculated value of 25811.7097243666.
INFO: Sample Q01-0063 1.1 has a new calculated value of 30115.2082532644.
INFO: Sample A04-0117 1.1 has a new calculated value of 0.
INFO: Sample A04-0117 1.1 has a new calculated value of 644417.25254059.
INFO: Sample A04-0117 1.1 has a new calculated value of 655576.837062836.
INFO: Sample Q01-0065 1.1 has a new calculated value of 0.
INFO: Sample Q01-0065 1.1 has a new calculated value of 143772.520422936.
INFO: Sample Q01-0065 1.1 has a new calculated value of 128949.628025293.
INFO: Sample D01-0123 1.1 has a new calculated value of 6740.57378433643.
INFO: Sample D01-0123 1.1 has a new calculated value of 191403.973996639.
INFO: Sample D01-0123 1.1 has a new calculated value of 180120.670795441.
INFO: Sample N02-0123 1.1 has a new calculated value of 0.
INFO: Sample N02-0123 1.1 has a new calculated value of 129131.986945867.
INFO: Sample N02-0123 1.1 has a new calculated value of 99459.9397480489.
INFO: Sample G01-0186 1.1 has a new calculated value of 2105.11388489976.
INFO: Sample G01-0186 1.1 has a new calculated value of 107495.852708817.
INFO: Sample G01-0186 1.1 has a new calculated value of 118049.507886171.
INFO: Sample N02-0129 1.1 has a new calculated value of 0.
INFO: Sample N02-0129 1.1 has a new calculated value of 46271.8391418459.
INFO: Sample N02-0129 1.1 has a new calculated value of 52585.5942070483.
INFO: Sample D01-0106 1.1 has a new calculated value of 0.
INFO: Sample D01-0106 1.1 has a new calculated value of 105710.306614637.
INFO: Sample D01-0106 1.1 has a new calculated value of 119825.175851583.
INFO: Sample Q01-0068 1.1 has a new calculated value of 0.
INFO: Sample Q01-0068 1.1 has a new calculated value of 49416.9699400663.
INFO: Sample Q01-0068 1.1 has a new calculated value of 39116.9609874487.
INFO: Sample D01-0110 1.1 has a new calculated value of 6839.57325294613.
INFO: Sample D01-0110 1.1 has a new calculated value of 148441.214561462.
INFO: Sample D01-0110 1.1 has a new calculated value of 157593.25414896.
INFO: Sample G01-0197 1.1 has a new calculated value of 2078.49262515083.
INFO: Sample G01-0197 1.1 has a new calculated value of 110302.396416664.
INFO: Sample G01-0197 1.1 has a new calculated value of 99884.0962350368.
INFO: Sample A01-0303 1.1 has a new calculated value of 2098.89400284737.
INFO: Sample A01-0303 1.1 has a new calculated value of 124014.937877655.
INFO: Sample A01-0303 1.1 has a new calculated value of 107177.833020687.
INFO: Sample A04-0112 1.1 has a new calculated value of 10633.9946016669.
INFO: Sample A04-0112 1.1 has a new calculated value of 1754449.71084595.
INFO: Sample A04-0112 1.1 has a new calculated value of 1641512.6824379.
INFO: Sample G01-0178 1.1 has a new calculated value of 6670.13053782284.
INFO: Sample G01-0178 1.1 has a new calculated value of 164840.522110462.
INFO: Sample G01-0178 1.1 has a new calculated value of 160376.847982406.
INFO: Sample Q01-0064 1.1 has a new calculated value of 2220.1967658475.
INFO: Sample Q01-0064 1.1 has a new calculated value of 62210.0088000299.
INFO: Sample Q01-0064 1.1 has a new calculated value of 95574.8198926447.
INFO: Sample A04-0111 1.1 has a new calculated value of 4687.33029440046.
INFO: Sample A04-0111 1.1 has a new calculated value of 293970.326185226.
INFO: Sample A04-0111 1.1 has a new calculated value of 284531.268775463.
INFO: Sample G01-0182 1.1 has a new calculated value of 4210.96804551778.
INFO: Sample G01-0182 1.1 has a new calculated value of 42128.7285536527.
INFO: Sample G01-0182 1.1 has a new calculated value of 52667.5325632097.
INFO: Sample E02-0160 1.1 has a new calculated value of 4588.29313516616.
INFO: Sample E02-0160 1.1 has a new calculated value of 380233.043432234.
INFO: Sample E02-0160 1.1 has a new calculated value of 373288.82932663.
INFO: Sample A01-0302 1.1 has a new calculated value of 0.
INFO: Sample A01-0302 1.1 has a new calculated value of 213685.210347175.
INFO: Sample A01-0302 1.1 has a new calculated value of 238762.305378914.
INFO: Sample Q01-0067 1.1 has a new calculated value of 0.
INFO: Sample Q01-0067 1.1 has a new calculated value of 14997.1812777221.
INFO: Sample Q01-0067 1.1 has a new calculated value of 21426.1857792735.
INFO: Sample H01-0280 1.1 has a new calculated value of 2269.61076725274.
INFO: Sample H01-0280 1.1 has a new calculated value of 166005.427837372.
INFO: Sample H01-0280 1.1 has a new calculated value of 161448.54426384.
INFO: Sample Q01-0066 1.1 has a new calculated value of 0.
INFO: Sample Q01-0066 1.1 has a new calculated value of 55827.9646933078.
INFO: Sample Q01-0066 1.1 has a new calculated value of 53679.3570220472.
INFO: Sample N02-0108 1.1 has a new calculated value of 0.
INFO: Sample N02-0108 1.1 has a new calculated value of 86286.0323488713.
INFO: Sample N02-0108 1.1 has a new calculated value of 72999.6858537196.
INFO: Sample A01-0305 1.1 has a new calculated value of 62776.2005478145.
INFO: Sample A01-0305 1.1 has a new calculated value of 596913.424730301.
INFO: Sample A01-0305 1.1 has a new calculated value of 618860.231637956.
INFO: Sample E02-0157 1.1 has a new calculated value of 6429.99295145273.
INFO: Sample E02-0157 1.1 has a new calculated value of 122338.875085115.
INFO: Sample E02-0157 1.1 has a new calculated value of 115891.064554453.
INFO: Sample E01-0138 1.1 has a new calculated value of 0.
INFO: Sample E01-0138 1.1 has a new calculated value of 198831.919133663.
INFO: Sample E01-0138 1.1 has a new calculated value of 179548.826515675.
INFO: Sample H01-0274 1.1 has a new calculated value of 4420.83899863063.
INFO: Sample H01-0274 1.1 has a new calculated value of 161663.501858711.
INFO: Sample H01-0274 1.1 has a new calculated value of 152789.069116116.
INFO: Sample H01-0278 1.1 has a new calculated value of 10051.5067018568.
INFO: Sample H01-0278 1.1 has a new calculated value of 122793.379426003.
INFO: Sample H01-0278 1.1 has a new calculated value of 120777.459740639.
INFO: Sample E02-0156 1.1 has a new calculated value of 1935.20786706358.
INFO: Sample E02-0156 1.1 has a new calculated value of 578720.612525941.
INFO: Sample E02-0156 1.1 has a new calculated value of 720228.281021119.
INFO: Sample D01-0113 1.1 has a new calculated value of 11705.5624164641.
INFO: Sample D01-0113 1.1 has a new calculated value of 199440.540969372.
INFO: Sample D01-0113 1.1 has a new calculated value of 194736.903905869.
INFO: Sample H01-0276 1.1 has a new calculated value of 4405.27250524612.
INFO: Sample H01-0276 1.1 has a new calculated value of 353893.178701401.
INFO: Sample H01-0276 1.1 has a new calculated value of 298400.008678436.
INFO: Sample E01-0137 1.1 has a new calculated value of 0.
INFO: Sample E01-0137 1.1 has a new calculated value of 270006.07073307.
INFO: Sample E01-0137 1.1 has a new calculated value of 276560.069024563.
INFO: Sample B01-0184 1.1 has a new calculated value of 2196.57575944438.
INFO: Sample B01-0184 1.1 has a new calculated value of 138609.605580568.
INFO: Sample B01-0184 1.1 has a new calculated value of 145221.5051651.
INFO: Sample E02-0158 1.1 has a new calculated value of 4328.16279586404.
INFO: Sample E02-0158 1.1 has a new calculated value of 352037.415504456.
INFO: Sample E02-0158 1.1 has a new calculated value of 406628.524661063.
INFO: Sample N02-0119 1.1 has a new calculated value of 0.
INFO: Sample N02-0119 1.1 has a new calculated value of 95672.0128655432.
INFO: Sample N02-0119 1.1 has a new calculated value of 121221.474409103.
INFO: Sample H01-0277 1.1 has a new calculated value of 4046.31840996445.
INFO: Sample H01-0277 1.1 has a new calculated value of 198730.436861515.
INFO: Sample H01-0277 1.1 has a new calculated value of 182472.175061703.
LOW : WaTCH status of Q01-0066 1.1 has been changed to Complete.
LOW : WaTCH status of E02-0155 1.1 has been changed to Complete.
LOW : WaTCH status of A04-0111 1.1 has been changed to Complete.
LOW : WaTCH status of E01-0140 1.1 has been changed to Complete.
LOW : WaTCH status of N02-0129 1.1 has been changed to Complete.
LOW : WaTCH status of N02-0119 1.1 has been changed to Complete.
LOW : WaTCH status of H01-0275 1.1 has been changed to Complete.
LOW : WaTCH status of A01-0302 1.1 has been changed to Complete.
LOW : WaTCH status of G01-0182 1.1 has been changed to Complete.
LOW : WaTCH status of A04-0116 1.1 has been changed to Complete.
LOW : WaTCH status of A01-0304 1.1 has been changed to Complete.
LOW : WaTCH status of G01-0178 1.1 has been changed to Complete.
LOW : WaTCH status of Q01-0063 1.1 has been changed to Complete.
LOW : WaTCH status of B01-0183 1.1 has been changed to Complete.
LOW : WaTCH status of H01-0276 1.1 has been changed to Complete.
LOW : WaTCH status of N02-0108 1.1 has been changed to Complete.
LOW : WaTCH status of N02-0102 1.1 has been changed to Complete.
LOW : WaTCH status of D01-0110 1.1 has been changed to Complete.
LOW : WaTCH status of E02-0156 1.1 has been changed to Complete.
LOW : WaTCH status of Q01-0065 1.1 has been changed to Complete.
LOW : WaTCH status of A04-0112 1.1 has been changed to Complete.
LOW : WaTCH status of G01-0186 1.1 has been changed to Complete.
LOW : WaTCH status of E01-0138 1.1 has been changed to Complete.
LOW : WaTCH status of A04-0117 1.1 has been changed to Complete.
LOW : WaTCH status of Q01-0069 1.1 has been changed to Complete.
LOW : WaTCH status of B01-0189 1.1 has been changed to Complete.
LOW : WaTCH status of E01-0137 1.1 has been changed to Complete.
LOW : WaTCH status of D01-0106 1.1 has been changed to Complete.
LOW : WaTCH status of E02-0160 1.1 has been changed to Complete.
LOW : WaTCH status of E01-0139 1.1 has been changed to Complete.
LOW : WaTCH status of H01-0280 1.1 has been changed to Complete.
LOW : WaTCH status of Q01-0067 1.1 has been changed to Complete.
LOW : WaTCH status of D01-0123 1.1 has been changed to Complete.
LOW : WaTCH status of D01-0113 1.1 has been changed to Complete.
LOW : WaTCH status of B01-0184 1.1 has been changed to Complete.
LOW : WaTCH status of Q01-0064 1.1 has been changed to Complete.
LOW : WaTCH status of Q01-0068 1.1 has been changed to Complete.
LOW : WaTCH status of E02-0158 1.1 has been changed to Complete.
LOW : WaTCH status of A01-0303 1.1 has been changed to Complete.
LOW : WaTCH status of H01-0279 1.1 has been changed to Complete.
LOW : WaTCH status of E02-0157 1.1 has been changed to Complete.
LOW : WaTCH status of H01-0278 1.1 has been changed to Complete.
LOW : WaTCH status of N02-0123 1.1 has been changed to Complete.
LOW : WaTCH status of E02-0159 1.1 has been changed to Complete.
LOW : WaTCH status of A01-0305 1.1 has been changed to Complete.
LOW : WaTCH status of H01-0274 1.1 has been changed to Complete.
LOW : WaTCH status of H01-0277 1.1 has been changed to Complete.
LOW : WaTCH status of G01-0197 1.1 has been changed to Complete.
#
# WaTCHdb update complete.
# 2022-07-26.10-22-45.
