# WaTCHdb update log.
# Command: 2_updateWaTCH.pl.
# Data output written to updates/watchdb/watchdb.2023-08-27.10-48-14.txt and updates/watchdb.LATEST.txt.
# Fatal errors and system warnings are NOT logged here; see STDERR for those.
#
# Run started 2023-08-27.10-48-14.
#
4 molecular targets added.
INFO: Finished WaTCHdb import. 9860 total assets present.
INFO: Finished AssetTiger import. 0 new assets added. 9860 total assets present.
INFO: Sample B01-0463 1.1 has a new calculated value of 36948.4144449233.
INFO: Sample B01-0463 1.1 has a new calculated value of 2841.10441803932.
INFO: Sample B01-0463 1.1 has a new calculated value of 42635.4901492596.
INFO: Sample H01-0676 1.1 has a new calculated value of 0.
INFO: Sample H01-0676 1.1 has a new calculated value of 0.
INFO: Sample H01-0676 1.1 has a new calculated value of 0.
INFO: Sample A01-0642 1.1 has a new calculated value of 135191.849470139.
INFO: Sample A01-0642 1.1 has a new calculated value of 16580.5559232831.
INFO: Sample A01-0642 1.1 has a new calculated value of 120941.905528307.
INFO: Sample N02-0336 1.1 has a new calculated value of 4737.67753690482.
INFO: Sample N02-0336 1.1 has a new calculated value of 7106.70369677245.
INFO: Sample N02-0336 1.1 has a new calculated value of 4737.67753690482.
INFO: Sample A04-0482 1.1 has a new calculated value of 96997.6186752318.
INFO: Sample A04-0482 1.1 has a new calculated value of 6251.57933682203.
INFO: Sample A04-0482 1.1 has a new calculated value of 96997.6186752318.
INFO: Sample O01-0406 1.1 has a new calculated value of 0.
INFO: Sample O01-0406 1.1 has a new calculated value of 0.
INFO: Sample O01-0406 1.1 has a new calculated value of 0.
INFO: Sample O01-0413 1.1 has a new calculated value of 0.
INFO: Sample O01-0413 1.1 has a new calculated value of 0.
INFO: Sample O01-0413 1.1 has a new calculated value of 0.
INFO: Sample T01-0206 1.1 has a new calculated value of 37177.5352209808.
INFO: Sample T01-0206 1.1 has a new calculated value of 3096.94997034967.
INFO: Sample T01-0206 1.1 has a new calculated value of 34078.2298520207.
INFO: Sample R02-0367 1.1 has a new calculated value of 12472.8808924556.
INFO: Sample R02-0367 1.1 has a new calculated value of 0.
INFO: Sample R02-0367 1.1 has a new calculated value of 4988.73584903777.
INFO: Sample N02-0346 1.1 has a new calculated value of 31861.9064614177.
INFO: Sample N02-0346 1.1 has a new calculated value of 0.
INFO: Sample N02-0346 1.1 has a new calculated value of 26958.6003944278.
INFO: Sample N02-0328 1.1 has a new calculated value of 48222.4892824888.
INFO: Sample N02-0328 1.1 has a new calculated value of 0.
INFO: Sample N02-0328 1.1 has a new calculated value of 29845.8997160196.
INFO: Sample E01-0340 1.1 has a new calculated value of 177646.687924862.
INFO: Sample E01-0340 1.1 has a new calculated value of 0.
INFO: Sample E01-0340 1.1 has a new calculated value of 165287.339687347.
INFO: Sample Q01-0436 1.1 has a new calculated value of 39889.646396041.
INFO: Sample Q01-0436 1.1 has a new calculated value of 7036.76953911782.
INFO: Sample Q01-0436 1.1 has a new calculated value of 46932.6800107955.
INFO: Sample O01-0429 1.1 has a new calculated value of 2373.54372628033.
INFO: Sample O01-0429 1.1 has a new calculated value of 2373.54372628033.
INFO: Sample O01-0429 1.1 has a new calculated value of 0.
INFO: Sample R02-0358 1.1 has a new calculated value of 155224.473774433.
INFO: Sample R02-0358 1.1 has a new calculated value of 0.
INFO: Sample R02-0358 1.1 has a new calculated value of 160083.918571472.
INFO: Sample R01-0396 1.1 has a new calculated value of 0.
INFO: Sample R01-0396 1.1 has a new calculated value of 4858.6490470916.
INFO: Sample R01-0396 1.1 has a new calculated value of 0.
INFO: Sample Q01-0432 1.1 has a new calculated value of 13462.1090255678.
INFO: Sample Q01-0432 1.1 has a new calculated value of 10769.363399595.
INFO: Sample Q01-0432 1.1 has a new calculated value of 21541.3152426481.
INFO: Sample N02-0327 1.1 has a new calculated value of 28493.5707226396.
INFO: Sample N02-0327 1.1 has a new calculated value of 2589.57603480667.
INFO: Sample N02-0327 1.1 has a new calculated value of 25902.4963527918.
INFO: Sample R01-0384 1.1 has a new calculated value of 0.
INFO: Sample R01-0384 1.1 has a new calculated value of 14759.1771930456.
INFO: Sample R01-0384 1.1 has a new calculated value of 0.
INFO: Sample O01-0428 1.1 has a new calculated value of 4720.70773132145.
INFO: Sample O01-0428 1.1 has a new calculated value of 2360.29175575822.
INFO: Sample O01-0428 1.1 has a new calculated value of 9441.91340357065.
INFO: Sample A04-0476 1.1 has a new calculated value of 20880.7822689414.
INFO: Sample A04-0476 1.1 has a new calculated value of 0.
INFO: Sample A04-0476 1.1 has a new calculated value of 6959.17993783951.
INFO: Sample R02-0354 1.1 has a new calculated value of 14970.3752808273.
INFO: Sample R02-0354 1.1 has a new calculated value of 0.
INFO: Sample R02-0354 1.1 has a new calculated value of 12474.9639630318.
INFO: Sample B01-0538 1.1 has a new calculated value of 164533.034563064.
INFO: Sample B01-0538 1.1 has a new calculated value of 0.
INFO: Sample B01-0538 1.1 has a new calculated value of 161874.484419823.
INFO: Sample N02-0332 1.1 has a new calculated value of 15718.148779124.
INFO: Sample N02-0332 1.1 has a new calculated value of 0.
INFO: Sample N02-0332 1.1 has a new calculated value of 17964.0502855182.
INFO: Sample Q01-0430 1.1 has a new calculated value of 7277.91256271303.
INFO: Sample Q01-0430 1.1 has a new calculated value of 0.
INFO: Sample Q01-0430 1.1 has a new calculated value of 14557.0068061352.
INFO: Sample R01-0381 1.1 has a new calculated value of 0.
INFO: Sample R01-0381 1.1 has a new calculated value of 6836.03086508812.
INFO: Sample R01-0381 1.1 has a new calculated value of 0.
INFO: Sample C01-0486 1.1 has a new calculated value of 0.
INFO: Sample C01-0486 1.1 has a new calculated value of 0.
INFO: Sample C01-0486 1.1 has a new calculated value of 5791.44688323139.
INFO: Sample A01-0646 1.1 has a new calculated value of 167211.56179905.
INFO: Sample A01-0646 1.1 has a new calculated value of 34452.9192522168.
INFO: Sample A01-0646 1.1 has a new calculated value of 231075.694262981.
INFO: Sample A04-0481 1.1 has a new calculated value of 504199.805259705.
INFO: Sample A04-0481 1.1 has a new calculated value of 16441.5040612221.
INFO: Sample A04-0481 1.1 has a new calculated value of 551327.329874038.
INFO: Sample A01-0643 1.1 has a new calculated value of 98096.7240035532.
INFO: Sample A01-0643 1.1 has a new calculated value of 5025.38069151342.
INFO: Sample A01-0643 1.1 has a new calculated value of 103133.117258549.
INFO: Sample G01-0457 1.1 has a new calculated value of 281980.910897255.
INFO: Sample G01-0457 1.1 has a new calculated value of 2602.81234513968.
INFO: Sample G01-0457 1.1 has a new calculated value of 271505.473852158.
INFO: Sample E01-0341 1.1 has a new calculated value of 166986.700594425.
INFO: Sample E01-0341 1.1 has a new calculated value of 2451.18402410298.
INFO: Sample E01-0341 1.1 has a new calculated value of 125181.652754545.
INFO: Sample A04-0483 1.1 has a new calculated value of 304073.29916954.
INFO: Sample A04-0483 1.1 has a new calculated value of 2612.52405121923.
INFO: Sample A04-0483 1.1 has a new calculated value of 280407.44304657.
INFO: Sample G01-0455 1.1 has a new calculated value of 282148.422896862.
INFO: Sample G01-0455 1.1 has a new calculated value of 2324.54007491469.
INFO: Sample G01-0455 1.1 has a new calculated value of 291506.077051163.
INFO: Sample A04-0477 1.1 has a new calculated value of 7606.09650984405.
INFO: Sample A04-0477 1.1 has a new calculated value of 0.
INFO: Sample A04-0477 1.1 has a new calculated value of 5070.58767601848.
INFO: Sample R02-0374 1.1 has a new calculated value of 28882.5783133507.
INFO: Sample R02-0374 1.1 has a new calculated value of 2624.919754453.
INFO: Sample R02-0374 1.1 has a new calculated value of 10500.6016418338.
INFO: Sample O01-0412 1.1 has a new calculated value of 2295.01504451036.
INFO: Sample O01-0412 1.1 has a new calculated value of 0.
INFO: Sample O01-0412 1.1 has a new calculated value of 4590.14793857934.
INFO: Sample A01-0641 1.1 has a new calculated value of 42982.0570349693.
INFO: Sample A01-0641 1.1 has a new calculated value of 12637.5029236078.
INFO: Sample A01-0641 1.1 has a new calculated value of 42982.0570349693.
INFO: Sample C01-0487 1.1 has a new calculated value of 5294.65578496456.
INFO: Sample C01-0487 1.1 has a new calculated value of 0.
INFO: Sample C01-0487 1.1 has a new calculated value of 0.
INFO: Sample R02-0401 1.1 has a new calculated value of 25511.7114633322.
INFO: Sample R02-0401 1.1 has a new calculated value of 5101.18078440427.
INFO: Sample R02-0401 1.1 has a new calculated value of 28063.6810138822.
INFO: Sample A01-0645 1.1 has a new calculated value of 129558.334797621.
INFO: Sample A01-0645 1.1 has a new calculated value of 20128.9339363575.
INFO: Sample A01-0645 1.1 has a new calculated value of 120909.459739923.
INFO: Sample A01-0647 1.1 has a new calculated value of 756660.722494126.
INFO: Sample A01-0647 1.1 has a new calculated value of 28005.3274333477.
INFO: Sample A01-0647 1.1 has a new calculated value of 702594.012022017.
INFO: Sample E01-0339 1.1 has a new calculated value of 86495.1802790163.
INFO: Sample E01-0339 1.1 has a new calculated value of 9096.89873456956.
INFO: Sample E01-0339 1.1 has a new calculated value of 97888.5613381862.
INFO: Sample H01-0678 1.1 has a new calculated value of 2548.48688375205.
INFO: Sample H01-0678 1.1 has a new calculated value of 2548.48688375205.
INFO: Sample H01-0678 1.1 has a new calculated value of 2548.48688375205.
INFO: Sample A01-0644 1.1 has a new calculated value of 173796.477019787.
INFO: Sample A01-0644 1.1 has a new calculated value of 20411.6943106055.
INFO: Sample A01-0644 1.1 has a new calculated value of 130284.118205309.
INFO: Sample G01-0464 1.1 has a new calculated value of 115067.238807678.
INFO: Sample G01-0464 1.1 has a new calculated value of 4890.46365022658.
INFO: Sample G01-0464 1.1 has a new calculated value of 90560.0854754448.
INFO: Sample H01-0674 1.1 has a new calculated value of 15359.4932891428.
INFO: Sample H01-0674 1.1 has a new calculated value of 0.
INFO: Sample H01-0674 1.1 has a new calculated value of 7679.08838577568.
INFO: Sample Q01-0433 1.1 has a new calculated value of 15901.8167853355.
INFO: Sample Q01-0433 1.1 has a new calculated value of 7950.20288787782.
INFO: Sample Q01-0433 1.1 has a new calculated value of 29157.643429935.
INFO: Sample T01-0207 1.1 has a new calculated value of 15477.2632196545.
INFO: Sample T01-0207 1.1 has a new calculated value of 3095.025094226.
INFO: Sample T01-0207 1.1 has a new calculated value of 6190.26412256061.
INFO: Sample H01-0679 1.1 has a new calculated value of 0.
INFO: Sample H01-0679 1.1 has a new calculated value of 0.
INFO: Sample H01-0679 1.1 has a new calculated value of 0.
INFO: Sample T01-0205 1.1 has a new calculated value of 29131.7950934171.
INFO: Sample T01-0205 1.1 has a new calculated value of 5295.28166167439.
INFO: Sample T01-0205 1.1 has a new calculated value of 21184.8808452487.
INFO: Sample A01-0648 1.1 has a new calculated value of 834508.599042893.
INFO: Sample A01-0648 1.1 has a new calculated value of 46777.1992832422.
INFO: Sample A01-0648 1.1 has a new calculated value of 902246.843576433.
INFO: Sample E01-0338 1.1 has a new calculated value of 151980.982124806.
INFO: Sample E01-0338 1.1 has a new calculated value of 6897.05570228399.
INFO: Sample E01-0338 1.1 has a new calculated value of 205065.400600433.
INFO: Sample H01-0675 1.1 has a new calculated value of 5262.63308711351.
INFO: Sample H01-0675 1.1 has a new calculated value of 2631.23930431902.
INFO: Sample H01-0675 1.1 has a new calculated value of 15789.7535338998.
INFO: Sample G01-0438 1.1 has a new calculated value of 386825.857758522.
INFO: Sample G01-0438 1.1 has a new calculated value of 0.
INFO: Sample G01-0438 1.1 has a new calculated value of 376535.650491715.
INFO: Sample N02-0334 1.1 has a new calculated value of 4740.18316715957.
INFO: Sample N02-0334 1.1 has a new calculated value of 0.
INFO: Sample N02-0334 1.1 has a new calculated value of 4740.18316715957.
INFO: Sample Q01-0431 1.1 has a new calculated value of 22309.6051812172.
INFO: Sample Q01-0431 1.1 has a new calculated value of 4956.73013851045.
INFO: Sample Q01-0431 1.1 has a new calculated value of 14871.8360625207.
INFO: Sample H01-0677 1.1 has a new calculated value of 0.
INFO: Sample H01-0677 1.1 has a new calculated value of 0.
INFO: Sample H01-0677 1.1 has a new calculated value of 0.
INFO: Sample T01-0204 1.1 has a new calculated value of 7501.26720406116.
INFO: Sample T01-0204 1.1 has a new calculated value of 5000.70501118897.
INFO: Sample T01-0204 1.1 has a new calculated value of 5000.70501118897.
INFO: Sample Q01-0435 1.1 has a new calculated value of 4796.50198481976.
INFO: Sample Q01-0435 1.1 has a new calculated value of 7194.94594261051.
INFO: Sample Q01-0435 1.1 has a new calculated value of 9593.5178361833.
INFO: Sample T01-0203 1.1 has a new calculated value of 56002.4882107972.
INFO: Sample T01-0203 1.1 has a new calculated value of 7996.07184715571.
INFO: Sample T01-0203 1.1 has a new calculated value of 53334.1193944217.
INFO: Sample H01-0673 1.1 has a new calculated value of 0.
INFO: Sample H01-0673 1.1 has a new calculated value of 0.
INFO: Sample H01-0673 1.1 has a new calculated value of 0.
INFO: Sample Q01-0434 1.1 has a new calculated value of 0.
INFO: Sample Q01-0434 1.1 has a new calculated value of 2319.84679587185.
INFO: Sample Q01-0434 1.1 has a new calculated value of 0.
INFO: Sample A04-0478 1.1 has a new calculated value of 32840.8370912075.
INFO: Sample A04-0478 1.1 has a new calculated value of 5050.87017081679.
INFO: Sample A04-0478 1.1 has a new calculated value of 45478.3357679844.
LOW : WaTCH status of H01-0675 1.1 has been changed to Complete.
LOW : WaTCH status of E01-0340 1.1 has been changed to Complete.
LOW : WaTCH status of R01-0384 1.1 has been changed to Complete.
LOW : WaTCH status of A04-0477 1.1 has been changed to Complete.
LOW : WaTCH status of A01-0645 1.1 has been changed to Complete.
LOW : WaTCH status of T01-0206 1.1 has been changed to Complete.
LOW : WaTCH status of O01-0429 1.1 has been changed to Complete.
LOW : WaTCH status of T01-0203 1.1 has been changed to Complete.
LOW : WaTCH status of A04-0478 1.1 has been changed to Complete.
LOW : WaTCH status of N02-0334 1.1 has been changed to Complete.
LOW : WaTCH status of A01-0642 1.1 has been changed to Complete.
LOW : WaTCH status of A04-0481 1.1 has been changed to Complete.
LOW : WaTCH status of A01-0647 1.1 has been changed to Complete.
LOW : WaTCH status of H01-0677 1.1 has been changed to Complete.
LOW : WaTCH status of Q01-0435 1.1 has been changed to Complete.
LOW : WaTCH status of R02-0374 1.1 has been changed to Complete.
LOW : WaTCH status of N02-0328 1.1 has been changed to Complete.
LOW : WaTCH status of O01-0413 1.1 has been changed to Complete.
LOW : WaTCH status of A01-0648 1.1 has been changed to Complete.
LOW : WaTCH status of R01-0381 1.1 has been changed to Complete.
LOW : WaTCH status of T01-0204 1.1 has been changed to Complete.
LOW : WaTCH status of A04-0483 1.1 has been changed to Complete.
LOW : WaTCH status of E01-0341 1.1 has been changed to Complete.
LOW : WaTCH status of N02-0327 1.1 has been changed to Complete.
LOW : WaTCH status of E01-0338 1.1 has been changed to Complete.
LOW : WaTCH status of C01-0486 1.1 has been changed to Complete.
LOW : WaTCH status of Q01-0432 1.1 has been changed to Complete.
LOW : WaTCH status of N02-0336 1.1 has been changed to Complete.
LOW : WaTCH status of H01-0678 1.1 has been changed to Complete.
LOW : WaTCH status of R02-0358 1.1 has been changed to Complete.
LOW : WaTCH status of A04-0482 1.1 has been changed to Complete.
LOW : WaTCH status of N02-0332 1.1 has been changed to Complete.
LOW : WaTCH status of Q01-0433 1.1 has been changed to Complete.
LOW : WaTCH status of Q01-0436 1.1 has been changed to Complete.
LOW : WaTCH status of A01-0644 1.1 has been changed to Complete.
LOW : WaTCH status of H01-0674 1.1 has been changed to Complete.
LOW : WaTCH status of O01-0412 1.1 has been changed to Complete.
LOW : WaTCH status of R02-0354 1.1 has been changed to Complete.
LOW : WaTCH status of A04-0476 1.1 has been changed to Complete.
LOW : WaTCH status of G01-0455 1.1 has been changed to Complete.
LOW : WaTCH status of O01-0428 1.1 has been changed to Complete.
LOW : WaTCH status of R02-0401 1.1 has been changed to Complete.
LOW : WaTCH status of T01-0207 1.1 has been changed to Complete.
LOW : WaTCH status of B01-0463 1.1 has been changed to Complete.
LOW : WaTCH status of R02-0367 1.1 has been changed to Complete.
LOW : WaTCH status of Q01-0431 1.1 has been changed to Complete.
LOW : WaTCH status of G01-0438 1.1 has been changed to Complete.
LOW : WaTCH status of O01-0406 1.1 has been changed to Complete.
LOW : WaTCH status of H01-0679 1.1 has been changed to Complete.
LOW : WaTCH status of A01-0646 1.1 has been changed to Complete.
LOW : WaTCH status of Q01-0434 1.1 has been changed to Complete.
LOW : WaTCH status of Q01-0430 1.1 has been changed to Complete.
LOW : WaTCH status of G01-0457 1.1 has been changed to Complete.
LOW : WaTCH status of A01-0643 1.1 has been changed to Complete.
LOW : WaTCH status of E01-0339 1.1 has been changed to Complete.
LOW : WaTCH status of H01-0673 1.1 has been changed to Complete.
LOW : WaTCH status of R01-0396 1.1 has been changed to Complete.
LOW : WaTCH status of H01-0676 1.1 has been changed to Complete.
LOW : WaTCH status of G01-0464 1.1 has been changed to Complete.
LOW : WaTCH status of B01-0538 1.1 has been changed to Complete.
LOW : WaTCH status of N02-0346 1.1 has been changed to Complete.
LOW : WaTCH status of A01-0641 1.1 has been changed to Complete.
LOW : WaTCH status of T01-0205 1.1 has been changed to Complete.
LOW : WaTCH status of C01-0487 1.1 has been changed to Complete.
#
# WaTCHdb update complete.
# 2023-08-27.10-48-15.
