# WaTCHdb update log.
# Command: 2_updateWaTCH.pl.
# Data output written to DB/INCREMENTAL/watchdb.2022-04-19.14-36-59.txt and DB/watchdb.LATEST.txt.
# Fatal errors and system warnings are NOT logged here; see STDERR for those.
#
# Run started 2022-04-19.14-36-59.
#
4 molecular targets added.
INFO: Finished WaTCHdb import. 2488 total assets present.
INFO: Finished AssetTiger import. 34 new assets added. 2522 total assets present.
INFO: Sample D01-0033 1.1 has a new calculated value of 0.
INFO: Sample D01-0033 1.1 has a new calculated value of 0.
INFO: Sample D01-0033 1.1 has a new calculated value of 0.
INFO: Sample J01-0023 1.1 has a new calculated value of 0.
INFO: Sample J01-0023 1.1 has a new calculated value of 0.
INFO: Sample J01-0023 1.1 has a new calculated value of 0.
INFO: Sample M04-0049 1.1 has a new calculated value of 0.
INFO: Sample M04-0049 1.1 has a new calculated value of 0.
INFO: Sample M04-0049 1.1 has a new calculated value of 0.
INFO: Sample C01-0142 1.2 has a new calculated value of 9690.95500186084.
INFO: Sample C01-0142 1.2 has a new calculated value of 3230.0692750141.
INFO: Sample C01-0142 1.2 has a new calculated value of 12921.7709228397.
INFO: Sample M03-0041 1.1 has a new calculated value of 2528.53712998331.
INFO: Sample M03-0041 1.1 has a new calculated value of 5057.22661502659.
INFO: Sample M03-0041 1.1 has a new calculated value of 0.
INFO: Sample A02-0445 1.2 has a new calculated value of 0.
INFO: Sample A02-0445 1.2 has a new calculated value of 0.
INFO: Sample A02-0445 1.2 has a new calculated value of 0.
INFO: Sample M04-0039 1.1 has a new calculated value of 0.
INFO: Sample M04-0039 1.1 has a new calculated value of 9160.7084311545.
INFO: Sample M04-0039 1.1 has a new calculated value of 0.
INFO: Sample M04-0033 1.1 has a new calculated value of 0.
INFO: Sample M04-0033 1.1 has a new calculated value of 0.
INFO: Sample M04-0033 1.1 has a new calculated value of 0.
INFO: Sample J01-0024 1.1 has a new calculated value of 0.
INFO: Sample J01-0024 1.1 has a new calculated value of 0.
INFO: Sample J01-0024 1.1 has a new calculated value of 0.
INFO: Sample D01-0029 1.1 has a new calculated value of 0.
INFO: Sample D01-0029 1.1 has a new calculated value of 0.
INFO: Sample D01-0029 1.1 has a new calculated value of 0.
INFO: Sample M04-0043 1.1 has a new calculated value of 0.
INFO: Sample M04-0043 1.1 has a new calculated value of 0.
INFO: Sample M04-0043 1.1 has a new calculated value of 0.
INFO: Sample K01-0058 1.1 has a new calculated value of 0.
INFO: Sample K01-0058 1.1 has a new calculated value of 8036.00108250975.
INFO: Sample K01-0058 1.1 has a new calculated value of 13394.1915817559.
INFO: Sample M03-0047 1.1 has a new calculated value of 0.
INFO: Sample M03-0047 1.1 has a new calculated value of 0.
INFO: Sample M03-0047 1.1 has a new calculated value of 0.
INFO: Sample J01-0025 1.1 has a new calculated value of 0.
INFO: Sample J01-0025 1.1 has a new calculated value of 0.
INFO: Sample J01-0025 1.1 has a new calculated value of 0.
INFO: Sample J01-0022 1.1 has a new calculated value of 0.
INFO: Sample J01-0022 1.1 has a new calculated value of 0.
INFO: Sample J01-0022 1.1 has a new calculated value of 0.
INFO: Sample A02-0444 1.2 has a new calculated value of 0.
INFO: Sample A02-0444 1.2 has a new calculated value of 0.
INFO: Sample A02-0444 1.2 has a new calculated value of 0.
INFO: Sample M03-0030 1.1 has a new calculated value of 0.
INFO: Sample M03-0030 1.1 has a new calculated value of 2850.46177916229.
INFO: Sample M03-0030 1.1 has a new calculated value of 2850.46177916229.
INFO: Sample K01-0062 1.1 has a new calculated value of 2777.36081276089.
INFO: Sample K01-0062 1.1 has a new calculated value of 8332.63532258571.
INFO: Sample K01-0062 1.1 has a new calculated value of 0.
INFO: Sample N02-0004 1.1 has a new calculated value of 0.
INFO: Sample N02-0004 1.1 has a new calculated value of 5815.02104178072.
INFO: Sample N02-0004 1.1 has a new calculated value of 0.
INFO: Sample N02-0058 1.1 has a new calculated value of 0.
INFO: Sample N02-0058 1.1 has a new calculated value of 14320.4859271645.
INFO: Sample N02-0058 1.1 has a new calculated value of 2863.70552144945.
INFO: Sample A03-0267 1.2 has a new calculated value of 0.
INFO: Sample A03-0267 1.2 has a new calculated value of 0.
INFO: Sample A03-0267 1.2 has a new calculated value of 0.
INFO: Sample M03-0028 1.1 has a new calculated value of 14115.0327399373.
INFO: Sample M03-0028 1.1 has a new calculated value of 8468.44844520094.
INFO: Sample M03-0028 1.1 has a new calculated value of 2822.62592576444.
INFO: Sample M03-0031 1.1 has a new calculated value of 0.
INFO: Sample M03-0031 1.1 has a new calculated value of 0.
INFO: Sample M03-0031 1.1 has a new calculated value of 0.
INFO: Sample N02-0066 1.1 has a new calculated value of 0.
INFO: Sample N02-0066 1.1 has a new calculated value of 8791.75543785095.
INFO: Sample N02-0066 1.1 has a new calculated value of 0.
INFO: Sample A03-0283 1.2 has a new calculated value of 0.
INFO: Sample A03-0283 1.2 has a new calculated value of 0.
INFO: Sample A03-0283 1.2 has a new calculated value of 0.
INFO: Sample J01-0026 1.1 has a new calculated value of 0.
INFO: Sample J01-0026 1.1 has a new calculated value of 2519.1142084077.
INFO: Sample J01-0026 1.1 has a new calculated value of 0.
INFO: Sample K01-0063 1.1 has a new calculated value of 9144.05236020683.
INFO: Sample K01-0063 1.1 has a new calculated value of 9144.05236020683.
INFO: Sample K01-0063 1.1 has a new calculated value of 0.
INFO: Sample K01-0056 1.1 has a new calculated value of 0.
INFO: Sample K01-0056 1.1 has a new calculated value of 9120.83705887198.
INFO: Sample K01-0056 1.1 has a new calculated value of 9120.83705887198.
INFO: Sample N02-0067 1.1 has a new calculated value of 0.
INFO: Sample N02-0067 1.1 has a new calculated value of 6370.53731828927.
INFO: Sample N02-0067 1.1 has a new calculated value of 9556.16908147932.
LOW : WaTCH status of M04-0039 1.1 has been changed to Complete.
LOW : WaTCH status of M03-0028 1.1 has been changed to Complete.
LOW : WaTCH status of K01-0063 1.1 has been changed to Complete.
LOW : WaTCH status of K01-0058 1.1 has been changed to Complete.
LOW : WaTCH status of J01-0023 1.1 has been changed to Complete.
LOW : WaTCH status of M03-0031 1.1 has been changed to Complete.
LOW : WaTCH status of J01-0026 1.1 has been changed to Complete.
LOW : WaTCH status of N02-0004 1.1 has been changed to Complete.
LOW : WaTCH status of N02-0067 1.1 has been changed to Complete.
LOW : WaTCH status of K01-0062 1.1 has been changed to Complete.
LOW : WaTCH status of J01-0025 1.1 has been changed to Complete.
LOW : WaTCH status of M03-0041 1.1 has been changed to Complete.
LOW : WaTCH status of D01-0029 1.1 has been changed to Complete.
LOW : WaTCH status of J01-0022 1.1 has been changed to Complete.
LOW : WaTCH status of M03-0047 1.1 has been changed to Complete.
LOW : WaTCH status of J01-0024 1.1 has been changed to Complete.
LOW : WaTCH status of M04-0033 1.1 has been changed to Complete.
LOW : WaTCH status of N02-0058 1.1 has been changed to Complete.
LOW : WaTCH status of M04-0043 1.1 has been changed to Complete.
LOW : WaTCH status of K01-0056 1.1 has been changed to Complete.
LOW : WaTCH status of N02-0066 1.1 has been changed to Complete.
LOW : WaTCH status of M04-0049 1.1 has been changed to Complete.
LOW : WaTCH status of M03-0030 1.1 has been changed to Complete.
LOW : WaTCH status of D01-0033 1.1 has been changed to Complete.
#
# WaTCHdb update complete.
# 2022-04-19.14-37-00.
