# WaTCHdb update log.
# Command: 2_updateWaTCH.pl.
# Data output written to updates/watchdb/watchdb.2023-10-11.15-19-23.txt and updates/watchdb.LATEST.txt.
# Fatal errors and system warnings are NOT logged here; see STDERR for those.
#
# Run started 2023-10-11.15-19-23.
#
4 molecular targets added.
INFO: Finished WaTCHdb import. 10298 total assets present.
INFO: Finished AssetTiger import. 91 new assets added. 10389 total assets present.
INFO: Sample G01-0517 1.1 has a new calculated value of 131645.983457565.
INFO: Sample G01-0517 1.1 has a new calculated value of 4694.98892314734.
INFO: Sample G01-0517 1.1 has a new calculated value of 122229.858934879.
INFO: Sample H01-0715 1.1 has a new calculated value of 77111.917734146.
INFO: Sample H01-0715 1.1 has a new calculated value of 5313.80527652801.
INFO: Sample H01-0715 1.1 has a new calculated value of 85096.5969264506.
INFO: Sample Q01-0468 1.1 has a new calculated value of 36611.5558147429.
INFO: Sample Q01-0468 1.1 has a new calculated value of 2439.83994238079.
INFO: Sample Q01-0468 1.1 has a new calculated value of 68365.7817542555.
INFO: Sample T01-0237 1.1 has a new calculated value of 32224.8385101557.
INFO: Sample T01-0237 1.1 has a new calculated value of 16109.5218546689.
INFO: Sample T01-0237 1.1 has a new calculated value of 37597.895041108.
INFO: Sample T01-0232 1.1 has a new calculated value of 110041.844844818.
INFO: Sample T01-0232 1.1 has a new calculated value of 5112.23793961108.
INFO: Sample T01-0232 1.1 has a new calculated value of 97232.3834896087.
INFO: Sample Q01-0460 1.1 has a new calculated value of 58107.4809283018.
INFO: Sample Q01-0460 1.1 has a new calculated value of 4645.82654647528.
INFO: Sample Q01-0460 1.1 has a new calculated value of 74391.0835683344.
INFO: Sample T01-0236 1.1 has a new calculated value of 12938.9079473913.
INFO: Sample T01-0236 1.1 has a new calculated value of 0.
INFO: Sample T01-0236 1.1 has a new calculated value of 10350.8275933564.
INFO: Sample H01-0714 1.1 has a new calculated value of 57836.6095572709.
INFO: Sample H01-0714 1.1 has a new calculated value of 0.
INFO: Sample H01-0714 1.1 has a new calculated value of 65071.44279778.
INFO: Sample E01-0363 1.1 has a new calculated value of 2865.44884555042.
INFO: Sample E01-0363 1.1 has a new calculated value of 0.
INFO: Sample E01-0363 1.1 has a new calculated value of 5731.08083568514.
INFO: Sample G01-0512 1.1 has a new calculated value of 97569.1401958465.
INFO: Sample G01-0512 1.1 has a new calculated value of 2707.38737192005.
INFO: Sample G01-0512 1.1 has a new calculated value of 113851.337134838.
INFO: Sample R01-0446 1.1 has a new calculated value of 379791.644811631.
INFO: Sample R01-0446 1.1 has a new calculated value of 30468.3492332697.
INFO: Sample R01-0446 1.1 has a new calculated value of 328625.451922417.
INFO: Sample A01-0688 1.1 has a new calculated value of 232906.265258789.
INFO: Sample A01-0688 1.1 has a new calculated value of 45973.4313189983.
INFO: Sample A01-0688 1.1 has a new calculated value of 266277.624964714.
INFO: Sample Q01-0455 1.1 has a new calculated value of 132471.38902545.
INFO: Sample Q01-0455 1.1 has a new calculated value of 0.
INFO: Sample Q01-0455 1.1 has a new calculated value of 120835.411995649.
INFO: Sample G01-0521 1.1 has a new calculated value of 72532.2456657887.
INFO: Sample G01-0521 1.1 has a new calculated value of 0.
INFO: Sample G01-0521 1.1 has a new calculated value of 67995.5387860537.
INFO: Sample A04-0509 1.1 has a new calculated value of 481681.476831437.
INFO: Sample A04-0509 1.1 has a new calculated value of 2548.48688375205.
INFO: Sample A04-0509 1.1 has a new calculated value of 461078.571081162.
INFO: Sample N02-0441 1.1 has a new calculated value of 116578.915268183.
INFO: Sample N02-0441 1.1 has a new calculated value of 0.
INFO: Sample N02-0441 1.1 has a new calculated value of 95360.176563263.
INFO: Sample H01-0721 1.1 has a new calculated value of 79338.420778513.
INFO: Sample H01-0721 1.1 has a new calculated value of 0.
INFO: Sample H01-0721 1.1 has a new calculated value of 42131.0430765153.
INFO: Sample A01-0683 1.1 has a new calculated value of 39113.0411624907.
INFO: Sample A01-0683 1.1 has a new calculated value of 9775.06030350925.
INFO: Sample A01-0683 1.1 has a new calculated value of 36667.4738377333.
INFO: Sample Q01-0457 1.1 has a new calculated value of 79006.1996877193.
INFO: Sample Q01-0457 1.1 has a new calculated value of 2466.83651581406.
INFO: Sample Q01-0457 1.1 has a new calculated value of 56771.6275155543.
INFO: Sample H01-0711 1.1 has a new calculated value of 58903.2988250255.
INFO: Sample H01-0711 1.1 has a new calculated value of 0.
INFO: Sample H01-0711 1.1 has a new calculated value of 53778.1977653503.
INFO: Sample G01-0501 1.1 has a new calculated value of 92309.1003298758.
INFO: Sample G01-0501 1.1 has a new calculated value of 0.
INFO: Sample G01-0501 1.1 has a new calculated value of 87570.6732273101.
INFO: Sample T01-0240 1.1 has a new calculated value of 164877.571463585.
INFO: Sample T01-0240 1.1 has a new calculated value of 16460.4852721095.
INFO: Sample T01-0240 1.1 has a new calculated value of 169597.29552269.
INFO: Sample E01-0360 1.1 has a new calculated value of 263734.503686428.
INFO: Sample E01-0360 1.1 has a new calculated value of 4915.40794260799.
INFO: Sample E01-0360 1.1 has a new calculated value of 261262.508332729.
INFO: Sample C01-0503 1.1 has a new calculated value of 37500.9738653897.
INFO: Sample C01-0503 1.1 has a new calculated value of 2342.89169311523.
INFO: Sample C01-0503 1.1 has a new calculated value of 35156.2454178929.
INFO: Sample O01-0453 1.1 has a new calculated value of 36171.4991927146.
INFO: Sample O01-0453 1.1 has a new calculated value of 0.
INFO: Sample O01-0453 1.1 has a new calculated value of 59440.0345534087.
INFO: Sample B01-0531 1.1 has a new calculated value of 159834.221899509.
INFO: Sample B01-0531 1.1 has a new calculated value of 2454.67491913587.
INFO: Sample B01-0531 1.1 has a new calculated value of 159834.221899509.
INFO: Sample R01-0430 1.1 has a new calculated value of 208753.518462181.
INFO: Sample R01-0430 1.1 has a new calculated value of 15316.4442256093.
INFO: Sample R01-0430 1.1 has a new calculated value of 184143.744707107.
INFO: Sample Q01-0463 1.1 has a new calculated value of 53465.4356539251.
INFO: Sample Q01-0463 1.1 has a new calculated value of 2428.86347696185.
INFO: Sample Q01-0463 1.1 has a new calculated value of 63193.2775676251.
INFO: Sample B01-0532 1.1 has a new calculated value of 155148.89717102.
INFO: Sample B01-0532 1.1 has a new calculated value of 2420.07492575795.
INFO: Sample B01-0532 1.1 has a new calculated value of 155148.89717102.
INFO: Sample R02-0413 1.1 has a new calculated value of 517258.368730544.
INFO: Sample R02-0413 1.1 has a new calculated value of 5275.02321638167.
INFO: Sample R02-0413 1.1 has a new calculated value of 445280.869603156.
INFO: Sample T01-0235 1.1 has a new calculated value of 15023.9118933678.
INFO: Sample T01-0235 1.1 has a new calculated value of 5007.41075724363.
INFO: Sample T01-0235 1.1 has a new calculated value of 20033.0022722483.
INFO: Sample A04-0510 1.1 has a new calculated value of 267996.521294117.
INFO: Sample A04-0510 1.1 has a new calculated value of 9717.29809418321.
INFO: Sample A04-0510 1.1 has a new calculated value of 297329.705357552.
INFO: Sample G01-0507 1.1 has a new calculated value of 206380.372345448.
INFO: Sample G01-0507 1.1 has a new calculated value of 5641.61125570536.
INFO: Sample G01-0507 1.1 has a new calculated value of 206380.372345448.
INFO: Sample H01-0717 1.1 has a new calculated value of 99045.5085039137.
INFO: Sample H01-0717 1.1 has a new calculated value of 2248.60461428761.
INFO: Sample H01-0717 1.1 has a new calculated value of 103552.780598402.
INFO: Sample G01-0506 1.1 has a new calculated value of 165090.320706367.
INFO: Sample G01-0506 1.1 has a new calculated value of 2657.9269208014.
INFO: Sample G01-0506 1.1 has a new calculated value of 181099.12365675.
INFO: Sample H01-0716 1.1 has a new calculated value of 57024.9255001545.
INFO: Sample H01-0716 1.1 has a new calculated value of 4559.32443961501.
INFO: Sample H01-0716 1.1 has a new calculated value of 70721.711218357.
INFO: Sample H01-0712 1.1 has a new calculated value of 9395.8841264248.
INFO: Sample H01-0712 1.1 has a new calculated value of 4697.69574701786.
INFO: Sample H01-0712 1.1 has a new calculated value of 32894.2155092954.
INFO: Sample B01-0537 1.1 has a new calculated value of 93622.4327981471.
INFO: Sample B01-0537 1.1 has a new calculated value of 0.
INFO: Sample B01-0537 1.1 has a new calculated value of 91019.1594064236.
INFO: Sample T01-0234 1.1 has a new calculated value of 34046.1811423302.
INFO: Sample T01-0234 1.1 has a new calculated value of 5236.19072511793.
INFO: Sample T01-0234 1.1 has a new calculated value of 23567.677885294.
INFO: Sample J01-0376 1.1 has a new calculated value of 154308.058619499.
INFO: Sample J01-0376 1.1 has a new calculated value of 3020.54656203836.
INFO: Sample J01-0376 1.1 has a new calculated value of 114924.146085977.
INFO: Sample K01-0349 1.1 has a new calculated value of 193624.556958675.
INFO: Sample K01-0349 1.1 has a new calculated value of 6335.09857580065.
INFO: Sample K01-0349 1.1 has a new calculated value of 187262.940108776.
INFO: Sample Q01-0465 1.1 has a new calculated value of 33149.1846218705.
INFO: Sample Q01-0465 1.1 has a new calculated value of 10197.1369050443.
INFO: Sample Q01-0465 1.1 has a new calculated value of 43353.8670837879.
INFO: Sample G01-0508 1.1 has a new calculated value of 100598.506629467.
INFO: Sample G01-0508 1.1 has a new calculated value of 5289.03138823806.
INFO: Sample G01-0508 1.1 has a new calculated value of 113851.982653141.
INFO: Sample A01-0684 1.1 has a new calculated value of 189457.294642925.
INFO: Sample A01-0684 1.1 has a new calculated value of 21274.0027159452.
INFO: Sample A01-0684 1.1 has a new calculated value of 144388.599693775.
INFO: Sample R01-0431 1.1 has a new calculated value of 125609.945654869.
INFO: Sample R01-0431 1.1 has a new calculated value of 10454.0584981442.
INFO: Sample R01-0431 1.1 has a new calculated value of 162312.604486942.
INFO: Sample H01-0718 1.1 has a new calculated value of 90762.2346282006.
INFO: Sample H01-0718 1.1 has a new calculated value of 5037.52662800252.
INFO: Sample H01-0718 1.1 has a new calculated value of 90762.2346282006.
INFO: Sample E01-0361 1.1 has a new calculated value of 264535.218179226.
INFO: Sample E01-0361 1.1 has a new calculated value of 5438.59681114555.
INFO: Sample E01-0361 1.1 has a new calculated value of 228991.298675537.
INFO: Sample C01-0505 1.1 has a new calculated value of 45746.8459010125.
INFO: Sample C01-0505 1.1 has a new calculated value of 0.
INFO: Sample C01-0505 1.1 has a new calculated value of 66348.1760770082.
INFO: Sample T01-0241 1.1 has a new calculated value of 27274.8385369777.
INFO: Sample T01-0241 1.1 has a new calculated value of 7436.94629520177.
INFO: Sample T01-0241 1.1 has a new calculated value of 22314.5421221852.
INFO: Sample Q01-0459 1.1 has a new calculated value of 68690.8894032241.
INFO: Sample Q01-0459 1.1 has a new calculated value of 2366.89929384738.
INFO: Sample Q01-0459 1.1 has a new calculated value of 54470.3377783299.
INFO: Sample C01-0504 1.1 has a new calculated value of 42851.4967113733.
INFO: Sample C01-0504 1.1 has a new calculated value of 2519.54234205186.
INFO: Sample C01-0504 1.1 has a new calculated value of 55462.6820236444.
INFO: Sample H01-0710 1.1 has a new calculated value of 97754.9560368059.
INFO: Sample H01-0710 1.1 has a new calculated value of 2325.02235565335.
INFO: Sample H01-0710 1.1 has a new calculated value of 62817.9893642665.
INFO: Sample M03-0340 1.1 has a new calculated value of 59984.7373366356.
INFO: Sample M03-0340 1.1 has a new calculated value of 10900.3452211618.
INFO: Sample M03-0340 1.1 has a new calculated value of 51800.2702295779.
INFO: Sample H01-0720 1.1 has a new calculated value of 97471.446096897.
INFO: Sample H01-0720 1.1 has a new calculated value of 2318.28661635518.
INFO: Sample H01-0720 1.1 has a new calculated value of 85856.5843105315.
INFO: Sample Q01-0464 1.1 has a new calculated value of 90174.3203401564.
INFO: Sample Q01-0464 1.1 has a new calculated value of 2649.59782361984.
INFO: Sample Q01-0464 1.1 has a new calculated value of 82210.459113121.
INFO: Sample A01-0685 1.1 has a new calculated value of 143432.196378708.
INFO: Sample A01-0685 1.1 has a new calculated value of 6713.13872560858.
INFO: Sample A01-0685 1.1 has a new calculated value of 154657.216072082.
INFO: Sample K01-0346 1.1 has a new calculated value of 376759.781241417.
INFO: Sample K01-0346 1.1 has a new calculated value of 2842.36572682857.
INFO: Sample K01-0346 1.1 has a new calculated value of 316608.449220657.
INFO: Sample R02-0414 1.1 has a new calculated value of 287078.534960747.
INFO: Sample R02-0414 1.1 has a new calculated value of 4934.0807273984.
INFO: Sample R02-0414 1.1 has a new calculated value of 319366.035461426.
INFO: Sample N03-0443 1.1 has a new calculated value of 193259.074687958.
INFO: Sample N03-0443 1.1 has a new calculated value of 0.
INFO: Sample N03-0443 1.1 has a new calculated value of 172995.201945305.
INFO: Sample Q01-0458 1.1 has a new calculated value of 45964.0543162822.
INFO: Sample Q01-0458 1.1 has a new calculated value of 4836.10209077598.
INFO: Sample Q01-0458 1.1 has a new calculated value of 38703.438565135.
INFO: Sample H01-0719 1.1 has a new calculated value of 78422.1415221691.
INFO: Sample H01-0719 1.1 has a new calculated value of 0.
INFO: Sample H01-0719 1.1 has a new calculated value of 66880.8560818435.
INFO: Sample G01-0509 1.1 has a new calculated value of 139577.492326498.
INFO: Sample G01-0509 1.1 has a new calculated value of 0.
INFO: Sample G01-0509 1.1 has a new calculated value of 172208.23019743.
INFO: Sample E01-0362 1.1 has a new calculated value of 9184.84317138793.
INFO: Sample E01-0362 1.1 has a new calculated value of 3061.40532251447.
INFO: Sample E01-0362 1.1 has a new calculated value of 9184.84317138793.
INFO: Sample T01-0233 1.1 has a new calculated value of 30939.6476671099.
INFO: Sample T01-0233 1.1 has a new calculated value of 2379.21483814716.
INFO: Sample T01-0233 1.1 has a new calculated value of 26178.3131584525.
INFO: Sample R01-0436 1.1 has a new calculated value of 316078.308820725.
INFO: Sample R01-0436 1.1 has a new calculated value of 24613.4918555617.
INFO: Sample R01-0436 1.1 has a new calculated value of 291304.233670234.
INFO: Sample K01-0347 1.1 has a new calculated value of 312815.077900886.
INFO: Sample K01-0347 1.1 has a new calculated value of 5938.02678398789.
INFO: Sample K01-0347 1.1 has a new calculated value of 297869.494557381.
INFO: Sample B01-0542 1.1 has a new calculated value of 213525.189757347.
INFO: Sample B01-0542 1.1 has a new calculated value of 5012.45174556971.
INFO: Sample B01-0542 1.1 has a new calculated value of 226117.264330387.
INFO: Sample H01-0709 1.1 has a new calculated value of 58986.1544966698.
INFO: Sample H01-0709 1.1 has a new calculated value of 0.
INFO: Sample H01-0709 1.1 has a new calculated value of 58986.1544966698.
HIGH: During run data merge, well ID H06 is not in the well2assay hash. This is fatal.
    Here are the well2assay hash keys: A10, G07, D12, A07, G10, H07, D09, H10, D06, F01, C06, B06, E08, C12, H03, G05, E01, B12, H11, A05, G03, A11, H05, B09, F08, C09, G11, A03, E12, B01, H02, C01, F06, G02, A02, E09, H04, E06, F12, C08, G04, F09, B08, A04, D08, D01, D03, D11, C07, D05, B10, C10, B07, E04, F02, A06, B11, E02, A09, H12, C03, C11, G09, B03, F04, C05, G12, D07, H09, A12, D10, B05, C02, E03, B02, E11, H01, A01, E05, G01, F11, C04, G08, A08, B04, F03, H08, F05, D04, F10, F07, D02, E07, E10
#
# WaTCHdb update ABORTED.
# 2023-10-11.15-19-24.
