# WaTCHdb update log.
# Command: 2_updateWaTCH.pl.
# Data output written to updates/watchdb/watchdb.2023-06-14.10-05-53.txt and updates/watchdb.LATEST.txt.
# Fatal errors and system warnings are NOT logged here; see STDERR for those.
#
# Run started 2023-06-14.10-05-53.
#
4 molecular targets added.
INFO: Finished WaTCHdb import. 8909 total assets present.
INFO: Finished AssetTiger import. 0 new assets added. 8909 total assets present.
INFO: Sample G01-0354 1.1 has a new calculated value of 10642.1230360866.
INFO: Sample G01-0354 1.1 has a new calculated value of 18625.3752931952.
INFO: Sample G01-0354 1.1 has a new calculated value of 10642.1230360866.
INFO: Sample B01-0481 1.1 has a new calculated value of 5187.09576688706.
INFO: Sample B01-0481 1.1 has a new calculated value of 179302.697181702.
INFO: Sample B01-0481 1.1 has a new calculated value of 142864.378094673.
INFO: Sample B01-0456 1.1 has a new calculated value of 0.
INFO: Sample B01-0456 1.1 has a new calculated value of 9440.42170420288.
INFO: Sample B01-0456 1.1 has a new calculated value of 4719.96188163758.
INFO: Sample B01-0487 1.1 has a new calculated value of 7074.16819408535.
INFO: Sample B01-0487 1.1 has a new calculated value of 80239.3774688245.
INFO: Sample B01-0487 1.1 has a new calculated value of 113320.924937725.
INFO: Sample R02-0322 1.1 has a new calculated value of 3604.94925174862.
INFO: Sample R02-0322 1.1 has a new calculated value of 0.
INFO: Sample R02-0322 1.1 has a new calculated value of 7210.18834970892.
INFO: Sample N03-0327 1.1 has a new calculated value of 0.
INFO: Sample N03-0327 1.1 has a new calculated value of 0.
INFO: Sample N03-0327 1.1 has a new calculated value of 2233.58596209437.
INFO: Sample Q01-0374 1.1 has a new calculated value of 13251.1222176254.
INFO: Sample Q01-0374 1.1 has a new calculated value of 13251.1222176254.
INFO: Sample Q01-0374 1.1 has a new calculated value of 15901.8167853355.
INFO: Sample N02-0305 1.1 has a new calculated value of 2301.73459276557.
INFO: Sample N02-0305 1.1 has a new calculated value of 4603.58703508973.
INFO: Sample N02-0305 1.1 has a new calculated value of 6905.5583886802.
INFO: Sample G01-0341 1.1 has a new calculated value of 15515.4900066554.
INFO: Sample G01-0341 1.1 has a new calculated value of 15515.4900066554.
INFO: Sample G01-0341 1.1 has a new calculated value of 18101.9278988242.
INFO: Sample H01-0596 1.1 has a new calculated value of 9455.36099374293.
INFO: Sample H01-0596 1.1 has a new calculated value of 9455.36099374293.
INFO: Sample H01-0596 1.1 has a new calculated value of 7091.33388474585.
INFO: Sample C01-0435 1.1 has a new calculated value of 4976.27086937427.
INFO: Sample C01-0435 1.1 has a new calculated value of 19908.4002524614.
INFO: Sample C01-0435 1.1 has a new calculated value of 14930.470995605.
INFO: Sample G01-0347 1.1 has a new calculated value of 12540.5976735056.
INFO: Sample G01-0347 1.1 has a new calculated value of 20066.641420126.
INFO: Sample G01-0347 1.1 has a new calculated value of 25084.7074761987.
INFO: Sample N03-0334 1.1 has a new calculated value of 4371.19619920851.
INFO: Sample N03-0334 1.1 has a new calculated value of 0.
INFO: Sample N03-0334 1.1 has a new calculated value of 0.
INFO: Sample B01-0469 1.1 has a new calculated value of 2323.33477120847.
INFO: Sample B01-0469 1.1 has a new calculated value of 39513.0841434003.
INFO: Sample B01-0469 1.1 has a new calculated value of 34862.676858902.
INFO: Sample K01-0298 1.1 has a new calculated value of 7281.45972825585.
INFO: Sample K01-0298 1.1 has a new calculated value of 7281.45972825585.
INFO: Sample K01-0298 1.1 has a new calculated value of 12136.4246495068.
INFO: Sample N03-0332 1.1 has a new calculated value of 0.
INFO: Sample N03-0332 1.1 has a new calculated value of 0.
INFO: Sample N03-0332 1.1 has a new calculated value of 0.
INFO: Sample E01-0276 1.1 has a new calculated value of 2713.28860893846.
INFO: Sample E01-0276 1.1 has a new calculated value of 2713.28860893846.
INFO: Sample E01-0276 1.1 has a new calculated value of 2713.28860893846.
INFO: Sample J01-0290 1.1 has a new calculated value of 8154.92615103721.
INFO: Sample J01-0290 1.1 has a new calculated value of 0.
INFO: Sample J01-0290 1.1 has a new calculated value of 0.
INFO: Sample R02-0292 1.1 has a new calculated value of 0.
INFO: Sample R02-0292 1.1 has a new calculated value of 4585.21630614997.
INFO: Sample R02-0292 1.1 has a new calculated value of 2292.54949372262.
INFO: Sample A04-0435 1.1 has a new calculated value of 12484.6955761313.
INFO: Sample A04-0435 1.1 has a new calculated value of 192651.064395904.
INFO: Sample A04-0435 1.1 has a new calculated value of 207697.671353817.
INFO: Sample R02-0241 1.1 has a new calculated value of 0.
INFO: Sample R02-0241 1.1 has a new calculated value of 2805.35379890352.
INFO: Sample R02-0241 1.1 has a new calculated value of 0.
INFO: Sample L01-0409 1.1 has a new calculated value of 7641.54958538709.
INFO: Sample L01-0409 1.1 has a new calculated value of 2547.03844897449.
INFO: Sample L01-0409 1.1 has a new calculated value of 2547.03844897449.
INFO: Sample L01-0442 1.1 has a new calculated value of 17679.3735288083.
INFO: Sample L01-0442 1.1 has a new calculated value of 126856.585890055.
INFO: Sample L01-0442 1.1 has a new calculated value of 100275.467187166.
INFO: Sample A01-0579 1.1 has a new calculated value of 22254.2095184326.
INFO: Sample A01-0579 1.1 has a new calculated value of 61844.5520102976.
INFO: Sample A01-0579 1.1 has a new calculated value of 71747.6096749304.
INFO: Sample Q01-0376 1.1 has a new calculated value of 9987.47829347847.
INFO: Sample Q01-0376 1.1 has a new calculated value of 12484.6955761313.
INFO: Sample Q01-0376 1.1 has a new calculated value of 17479.5484542847.
INFO: Sample Q01-0379 1.1 has a new calculated value of 4629.02979925276.
INFO: Sample Q01-0379 1.1 has a new calculated value of 13888.5227032006.
INFO: Sample Q01-0379 1.1 has a new calculated value of 13888.5227032006.
INFO: Sample A01-0576 1.1 has a new calculated value of 12473.5752493143.
INFO: Sample A01-0576 1.1 has a new calculated value of 109886.810034513.
INFO: Sample A01-0576 1.1 has a new calculated value of 89887.3364925384.
INFO: Sample H01-0600 1.1 has a new calculated value of 0.
INFO: Sample H01-0600 1.1 has a new calculated value of 4323.53879325092.
INFO: Sample H01-0600 1.1 has a new calculated value of 4323.53879325092.
INFO: Sample N03-0350 1.1 has a new calculated value of 2254.82781417668.
INFO: Sample N03-0350 1.1 has a new calculated value of 0.
INFO: Sample N03-0350 1.1 has a new calculated value of 0.
INFO: Sample A04-0431 1.1 has a new calculated value of 2366.27421341836.
INFO: Sample A04-0431 1.1 has a new calculated value of 99491.264373064.
INFO: Sample A04-0431 1.1 has a new calculated value of 104234.456419945.
INFO: Sample T01-0151 1.1 has a new calculated value of 5936.06050126256.
INFO: Sample T01-0151 1.1 has a new calculated value of 5936.06050126256.
INFO: Sample T01-0151 1.1 has a new calculated value of 145660.338699818.
INFO: Sample N02-0310 1.2 has a new calculated value of 0.
INFO: Sample N02-0310 1.2 has a new calculated value of 4490.56187644602.
INFO: Sample N02-0310 1.2 has a new calculated value of 8981.57391697167.
INFO: Sample N03-0346 1.1 has a new calculated value of 0.
INFO: Sample N03-0346 1.1 has a new calculated value of 0.
INFO: Sample N03-0346 1.1 has a new calculated value of 2252.56080273539.
INFO: Sample K01-0290 1.1 has a new calculated value of 5018.06499436499.
INFO: Sample K01-0290 1.1 has a new calculated value of 5018.06499436499.
INFO: Sample K01-0290 1.1 has a new calculated value of 10036.6916321218.
INFO: Sample B01-0485 1.1 has a new calculated value of 6837.07346208392.
INFO: Sample B01-0485 1.1 has a new calculated value of 88963.4299278259.
INFO: Sample B01-0485 1.1 has a new calculated value of 95814.0948414801.
INFO: Sample T01-0150 1.1 has a new calculated value of 7029.22663651405.
INFO: Sample T01-0150 1.1 has a new calculated value of 17575.13506338.
INFO: Sample T01-0150 1.1 has a new calculated value of 59783.6031764747.
INFO: Sample R01-0289 1.1 has a new calculated value of 14312.9042722285.
INFO: Sample R01-0289 1.1 has a new calculated value of 0.
INFO: Sample R01-0289 1.1 has a new calculated value of 0.
INFO: Sample N03-0344 1.1 has a new calculated value of 2164.43202691153.
INFO: Sample N03-0344 1.1 has a new calculated value of 0.
INFO: Sample N03-0344 1.1 has a new calculated value of 0.
INFO: Sample H01-0599 1.1 has a new calculated value of 2545.73626443744.
INFO: Sample H01-0599 1.1 has a new calculated value of 12730.1273681224.
INFO: Sample H01-0599 1.1 has a new calculated value of 17823.1892734766.
INFO: Sample L01-0433 1.1 has a new calculated value of 0.
INFO: Sample L01-0433 1.1 has a new calculated value of 6496.27695791422.
INFO: Sample L01-0433 1.1 has a new calculated value of 3248.02089482546.
INFO: Sample H01-0601 1.1 has a new calculated value of 0.
INFO: Sample H01-0601 1.1 has a new calculated value of 0.
INFO: Sample H01-0601 1.1 has a new calculated value of 0.
INFO: Sample J01-0289 1.1 has a new calculated value of 8081.14914223553.
INFO: Sample J01-0289 1.1 has a new calculated value of 10775.1889899373.
INFO: Sample J01-0289 1.1 has a new calculated value of 2693.55438183993.
INFO: Sample A01-0582 1.1 has a new calculated value of 110095.940977335.
INFO: Sample A01-0582 1.1 has a new calculated value of 3419137.85934448.
INFO: Sample A01-0582 1.1 has a new calculated value of 3224236.17839813.
INFO: Sample K01-0276 1.1 has a new calculated value of 3496.92314397544.
INFO: Sample K01-0276 1.1 has a new calculated value of 59484.8343729973.
INFO: Sample K01-0276 1.1 has a new calculated value of 80498.3492195605.
INFO: Sample D01-0292 1.1 has a new calculated value of 0.
INFO: Sample D01-0292 1.1 has a new calculated value of 0.
INFO: Sample D01-0292 1.1 has a new calculated value of 56430.3267002107.
INFO: Sample C01-0431 1.1 has a new calculated value of 2401.78594831377.
INFO: Sample C01-0431 1.1 has a new calculated value of 31233.2608178258.
INFO: Sample C01-0431 1.1 has a new calculated value of 31233.2608178258.
INFO: Sample N03-0328 1.1 has a new calculated value of 4627.11766362192.
INFO: Sample N03-0328 1.1 has a new calculated value of 0.
INFO: Sample N03-0328 1.1 has a new calculated value of 0.
INFO: Sample J01-0288 1.1 has a new calculated value of 0.
INFO: Sample J01-0288 1.1 has a new calculated value of 2581.22278377414.
INFO: Sample J01-0288 1.1 has a new calculated value of 0.
INFO: Sample R01-0299 1.1 has a new calculated value of 15366.5154241025.
INFO: Sample R01-0299 1.1 has a new calculated value of 0.
INFO: Sample R01-0299 1.1 has a new calculated value of 0.
INFO: Sample K01-0281 1.1 has a new calculated value of 3733.49896632135.
INFO: Sample K01-0281 1.1 has a new calculated value of 7467.30901300905.
INFO: Sample K01-0281 1.1 has a new calculated value of 18670.6061661243.
INFO: Sample A04-0432 1.1 has a new calculated value of 21677.6533797383.
INFO: Sample A04-0432 1.1 has a new calculated value of 205152.766406536.
INFO: Sample A04-0432 1.1 has a new calculated value of 185804.187655449.
INFO: Sample N03-0329 1.1 has a new calculated value of 4851.54781490565.
INFO: Sample N03-0329 1.1 has a new calculated value of 2425.70808157325.
INFO: Sample N03-0329 1.1 has a new calculated value of 0.
INFO: Sample E01-0278 1.1 has a new calculated value of 2861.24050151557.
INFO: Sample E01-0278 1.1 has a new calculated value of 2861.24050151557.
INFO: Sample E01-0278 1.1 has a new calculated value of 5722.66361676156.
INFO: Sample G01-0360 1.1 has a new calculated value of 12743.8849769532.
INFO: Sample G01-0360 1.1 has a new calculated value of 22941.6015744209.
INFO: Sample G01-0360 1.1 has a new calculated value of 12743.8849769532.
INFO: Sample R01-0288 1.1 has a new calculated value of 11035.233065486.
INFO: Sample R01-0288 1.1 has a new calculated value of 0.
INFO: Sample R01-0288 1.1 has a new calculated value of 0.
INFO: Sample T01-0152 1.1 has a new calculated value of 10237.9075437784.
INFO: Sample T01-0152 1.1 has a new calculated value of 43527.2694379092.
INFO: Sample T01-0152 1.1 has a new calculated value of 56337.4570012093.
INFO: Sample C01-0433 1.1 has a new calculated value of 10144.0451480448.
INFO: Sample C01-0433 1.1 has a new calculated value of 25364.4207492471.
INFO: Sample C01-0433 1.1 has a new calculated value of 10144.0451480448.
INFO: Sample L01-0445 1.1 has a new calculated value of 0.
INFO: Sample L01-0445 1.1 has a new calculated value of 4947.6997833699.
INFO: Sample L01-0445 1.1 has a new calculated value of 4947.6997833699.
INFO: Sample H01-0598 1.1 has a new calculated value of 4849.97277148069.
INFO: Sample H01-0598 1.1 has a new calculated value of 0.
INFO: Sample H01-0598 1.1 has a new calculated value of 2424.92055986077.
INFO: Sample N03-0341 1.1 has a new calculated value of 2429.52200118452.
INFO: Sample N03-0341 1.1 has a new calculated value of 0.
INFO: Sample N03-0341 1.1 has a new calculated value of 0.
INFO: Sample L01-0426 1.1 has a new calculated value of 16654.3552279473.
INFO: Sample L01-0426 1.1 has a new calculated value of 41647.5031524898.
INFO: Sample L01-0426 1.1 has a new calculated value of 22207.1822360158.
INFO: Sample G01-0334 1.1 has a new calculated value of 17834.1694548726.
INFO: Sample G01-0334 1.1 has a new calculated value of 38649.6736854315.
INFO: Sample G01-0334 1.1 has a new calculated value of 32701.3987675309.
INFO: Sample N03-0338 1.1 has a new calculated value of 4486.06660589576.
INFO: Sample N03-0338 1.1 has a new calculated value of 0.
INFO: Sample N03-0338 1.1 has a new calculated value of 0.
INFO: Sample Q01-0375 1.1 has a new calculated value of 25262.8938853741.
INFO: Sample Q01-0375 1.1 has a new calculated value of 10103.4486293793.
INFO: Sample Q01-0375 1.1 has a new calculated value of 7577.37253792582.
INFO: Sample A01-0581 1.1 has a new calculated value of 63604.162707925.
INFO: Sample A01-0581 1.1 has a new calculated value of 72384.2436075209.
INFO: Sample A01-0581 1.1 has a new calculated value of 70189.0609413384.
INFO: Sample Q01-0378 1.1 has a new calculated value of 17357.6760850847.
INFO: Sample Q01-0378 1.1 has a new calculated value of 49611.2072467806.
INFO: Sample Q01-0378 1.1 has a new calculated value of 42166.0242229701.
INFO: Sample C01-0434 1.1 has a new calculated value of 15180.843975395.
INFO: Sample C01-0434 1.1 has a new calculated value of 22773.1956169009.
INFO: Sample C01-0434 1.1 has a new calculated value of 17711.4838175476.
INFO: Sample A04-0436 1.1 has a new calculated value of 7737.87461221219.
INFO: Sample A04-0436 1.1 has a new calculated value of 103281.688392162.
INFO: Sample A04-0436 1.1 has a new calculated value of 87774.2408216.
INFO: Sample H01-0602 1.1 has a new calculated value of 17101.5996113419.
INFO: Sample H01-0602 1.1 has a new calculated value of 51324.3915885687.
INFO: Sample H01-0602 1.1 has a new calculated value of 51324.3915885687.
INFO: Sample N03-0335 1.1 has a new calculated value of 0.
INFO: Sample N03-0335 1.1 has a new calculated value of 0.
INFO: Sample N03-0335 1.1 has a new calculated value of 0.
INFO: Sample C01-0432 1.1 has a new calculated value of 2414.9885494262.
INFO: Sample C01-0432 1.1 has a new calculated value of 26572.0347315073.
INFO: Sample C01-0432 1.1 has a new calculated value of 26572.0347315073.
INFO: Sample A01-0577 1.1 has a new calculated value of 21747.7897927165.
INFO: Sample A01-0577 1.1 has a new calculated value of 48342.7637815476.
INFO: Sample A01-0577 1.1 has a new calculated value of 43506.1372071503.
INFO: Sample D01-0297 1.1 has a new calculated value of 3052.43840441108.
INFO: Sample D01-0297 1.1 has a new calculated value of 0.
INFO: Sample D01-0297 1.1 has a new calculated value of 21371.4356347918.
INFO: Sample L01-0405 1.1 has a new calculated value of 12995.9450103342.
INFO: Sample L01-0405 1.1 has a new calculated value of 5197.92624749243.
INFO: Sample L01-0405 1.1 has a new calculated value of 5197.92624749243.
INFO: Sample Q01-0377 1.1 has a new calculated value of 2705.26236388832.
INFO: Sample Q01-0377 1.1 has a new calculated value of 208784.554302692.
INFO: Sample Q01-0377 1.1 has a new calculated value of 216938.724517822.
INFO: Sample N03-0345 1.1 has a new calculated value of 0.
INFO: Sample N03-0345 1.1 has a new calculated value of 0.
INFO: Sample N03-0345 1.1 has a new calculated value of 0.
INFO: Sample B01-0482 1.1 has a new calculated value of 9775.59328079223.
INFO: Sample B01-0482 1.1 has a new calculated value of 53792.1740859746.
INFO: Sample B01-0482 1.1 has a new calculated value of 34223.908893764.
INFO: Sample A01-0578 1.1 has a new calculated value of 32070.6424489617.
INFO: Sample A01-0578 1.1 has a new calculated value of 158108.360767365.
INFO: Sample A01-0578 1.1 has a new calculated value of 113583.965152502.
INFO: Sample A01-0575 1.1 has a new calculated value of 14063.6014938355.
INFO: Sample A01-0575 1.1 has a new calculated value of 44549.8850941658.
INFO: Sample A01-0575 1.1 has a new calculated value of 65667.9314374925.
INFO: Sample R01-0326 1.1 has a new calculated value of 2506.15580007434.
INFO: Sample R01-0326 1.1 has a new calculated value of 0.
INFO: Sample R01-0326 1.1 has a new calculated value of 0.
INFO: Sample N03-0337 1.1 has a new calculated value of 9164.33734819294.
INFO: Sample N03-0337 1.1 has a new calculated value of 0.
INFO: Sample N03-0337 1.1 has a new calculated value of 0.
INFO: Sample R02-0246 1.1 has a new calculated value of 0.
INFO: Sample R02-0246 1.1 has a new calculated value of 2477.88544278592.
INFO: Sample R02-0246 1.1 has a new calculated value of 4955.90784586965.
INFO: Sample E01-0277 1.1 has a new calculated value of 4278.9515806362.
INFO: Sample E01-0277 1.1 has a new calculated value of 0.
INFO: Sample E01-0277 1.1 has a new calculated value of 0.
INFO: Sample R01-0281 1.1 has a new calculated value of 7732.0883050561.
INFO: Sample R01-0281 1.1 has a new calculated value of 2577.21457164735.
INFO: Sample R01-0281 1.1 has a new calculated value of 0.
INFO: Sample N02-0325 1.1 has a new calculated value of 7333.49508605898.
INFO: Sample N02-0325 1.1 has a new calculated value of 0.
INFO: Sample N02-0325 1.1 has a new calculated value of 2444.36494074762.
INFO: Sample R02-0312 1.1 has a new calculated value of 0.
INFO: Sample R02-0312 1.1 has a new calculated value of 4385.31293068081.
INFO: Sample R02-0312 1.1 has a new calculated value of 4385.31293068081.
INFO: Sample D01-0309 1.1 has a new calculated value of 3159.39776133746.
INFO: Sample D01-0309 1.1 has a new calculated value of 0.
INFO: Sample D01-0309 1.1 has a new calculated value of 25281.4228087664.
INFO: Sample N03-0330 1.1 has a new calculated value of 0.
INFO: Sample N03-0330 1.1 has a new calculated value of 0.
INFO: Sample N03-0330 1.1 has a new calculated value of 0.
INFO: Sample H01-0597 1.1 has a new calculated value of 2575.43727289885.
INFO: Sample H01-0597 1.1 has a new calculated value of 5151.02265402676.
INFO: Sample H01-0597 1.1 has a new calculated value of 5151.02265402676.
INFO: Sample J01-0287 1.1 has a new calculated value of 2518.97592097521.
INFO: Sample J01-0287 1.1 has a new calculated value of 12596.2959229946.
INFO: Sample J01-0287 1.1 has a new calculated value of 12596.2959229946.
INFO: Sample L01-0447 1.1 has a new calculated value of 0.
INFO: Sample L01-0447 1.1 has a new calculated value of 5765.36762528121.
INFO: Sample L01-0447 1.1 has a new calculated value of 0.
INFO: Sample B01-0451 1.1 has a new calculated value of 0.
INFO: Sample B01-0451 1.1 has a new calculated value of 43645.0340598821.
INFO: Sample B01-0451 1.1 has a new calculated value of 41219.193264842.
INFO: Sample Q01-0380 1.1 has a new calculated value of 35938.1867945194.
INFO: Sample Q01-0380 1.1 has a new calculated value of 100699.640661478.
INFO: Sample Q01-0380 1.1 has a new calculated value of 107901.136279106.
INFO: Sample N02-0309 1.1 has a new calculated value of 2281.57727513462.
INFO: Sample N02-0309 1.1 has a new calculated value of 6845.0803309679.
INFO: Sample N02-0309 1.1 has a new calculated value of 11409.0486802161.
LOW : WaTCH status of L01-0447 1.1 has been changed to Complete.
LOW : WaTCH status of Q01-0374 1.1 has been changed to Complete.
LOW : WaTCH status of N03-0334 1.1 has been changed to Complete.
LOW : WaTCH status of B01-0487 1.1 has been changed to Complete.
LOW : WaTCH status of G01-0341 1.1 has been changed to Complete.
LOW : WaTCH status of Q01-0380 1.1 has been changed to Complete.
LOW : WaTCH status of H01-0598 1.1 has been changed to Complete.
LOW : WaTCH status of E01-0278 1.1 has been changed to Complete.
LOW : WaTCH status of A01-0577 1.1 has been changed to Complete.
LOW : WaTCH status of N03-0338 1.1 has been changed to Complete.
LOW : WaTCH status of Q01-0378 1.1 has been changed to Complete.
LOW : WaTCH status of A04-0431 1.1 has been changed to Complete.
LOW : WaTCH status of N03-0327 1.1 has been changed to Complete.
LOW : WaTCH status of R02-0241 1.1 has been changed to Complete.
LOW : WaTCH status of N03-0330 1.1 has been changed to Complete.
LOW : WaTCH status of R01-0289 1.1 has been changed to Complete.
LOW : WaTCH status of N03-0345 1.1 has been changed to Complete.
LOW : WaTCH status of R01-0281 1.1 has been changed to Complete.
LOW : WaTCH status of J01-0287 1.1 has been changed to Complete.
LOW : WaTCH status of H01-0599 1.1 has been changed to Complete.
LOW : WaTCH status of N03-0346 1.1 has been changed to Complete.
LOW : WaTCH status of L01-0409 1.1 has been changed to Complete.
LOW : WaTCH status of H01-0602 1.1 has been changed to Complete.
LOW : WaTCH status of Q01-0379 1.1 has been changed to Complete.
LOW : WaTCH status of C01-0431 1.1 has been changed to Complete.
LOW : WaTCH status of B01-0451 1.1 has been changed to Complete.
LOW : WaTCH status of L01-0426 1.1 has been changed to Complete.
LOW : WaTCH status of R01-0288 1.1 has been changed to Complete.
LOW : WaTCH status of C01-0434 1.1 has been changed to Complete.
LOW : WaTCH status of A01-0579 1.1 has been changed to Complete.
LOW : WaTCH status of J01-0288 1.1 has been changed to Complete.
LOW : WaTCH status of N03-0350 1.1 has been changed to Complete.
LOW : WaTCH status of N03-0329 1.1 has been changed to Complete.
LOW : WaTCH status of C01-0433 1.1 has been changed to Complete.
LOW : WaTCH status of N02-0305 1.1 has been changed to Complete.
LOW : WaTCH status of K01-0281 1.1 has been changed to Complete.
LOW : WaTCH status of G01-0360 1.1 has been changed to Complete.
LOW : WaTCH status of A01-0578 1.1 has been changed to Complete.
LOW : WaTCH status of H01-0597 1.1 has been changed to Complete.
LOW : WaTCH status of E01-0277 1.1 has been changed to Complete.
LOW : WaTCH status of T01-0150 1.1 has been changed to Complete.
LOW : WaTCH status of A01-0581 1.1 has been changed to Complete.
LOW : WaTCH status of D01-0292 1.1 has been changed to Complete.
LOW : WaTCH status of J01-0289 1.1 has been changed to Complete.
LOW : WaTCH status of T01-0151 1.1 has been changed to Complete.
LOW : WaTCH status of B01-0481 1.1 has been changed to Complete.
LOW : WaTCH status of G01-0347 1.1 has been changed to Complete.
LOW : WaTCH status of N03-0328 1.1 has been changed to Complete.
LOW : WaTCH status of R02-0322 1.1 has been changed to Complete.
LOW : WaTCH status of Q01-0377 1.1 has been changed to Complete.
LOW : WaTCH status of N03-0337 1.1 has been changed to Complete.
LOW : WaTCH status of Q01-0375 1.1 has been changed to Complete.
LOW : WaTCH status of N03-0335 1.1 has been changed to Complete.
LOW : WaTCH status of R01-0299 1.1 has been changed to Complete.
LOW : WaTCH status of Q01-0376 1.1 has been changed to Complete.
LOW : WaTCH status of A01-0582 1.1 has been changed to Complete.
LOW : WaTCH status of B01-0482 1.1 has been changed to Complete.
LOW : WaTCH status of R02-0246 1.1 has been changed to Complete.
LOW : WaTCH status of T01-0152 1.1 has been changed to Complete.
LOW : WaTCH status of E01-0276 1.1 has been changed to Complete.
LOW : WaTCH status of H01-0596 1.1 has been changed to Complete.
LOW : WaTCH status of A04-0436 1.1 has been changed to Complete.
LOW : WaTCH status of L01-0442 1.1 has been changed to Complete.
LOW : WaTCH status of L01-0405 1.1 has been changed to Complete.
LOW : WaTCH status of A04-0435 1.1 has been changed to Complete.
LOW : WaTCH status of R01-0326 1.1 has been changed to Complete.
LOW : WaTCH status of N03-0344 1.1 has been changed to Complete.
LOW : WaTCH status of N03-0341 1.1 has been changed to Complete.
LOW : WaTCH status of G01-0334 1.1 has been changed to Complete.
LOW : WaTCH status of D01-0309 1.1 has been changed to Complete.
LOW : WaTCH status of B01-0456 1.1 has been changed to Complete.
LOW : WaTCH status of B01-0469 1.1 has been changed to Complete.
LOW : WaTCH status of C01-0435 1.1 has been changed to Complete.
LOW : WaTCH status of L01-0433 1.1 has been changed to Complete.
LOW : WaTCH status of H01-0600 1.1 has been changed to Complete.
LOW : WaTCH status of K01-0276 1.1 has been changed to Complete.
LOW : WaTCH status of J01-0290 1.1 has been changed to Complete.
LOW : WaTCH status of C01-0432 1.1 has been changed to Complete.
LOW : WaTCH status of H01-0601 1.1 has been changed to Complete.
LOW : WaTCH status of K01-0298 1.1 has been changed to Complete.
LOW : WaTCH status of R02-0292 1.1 has been changed to Complete.
LOW : WaTCH status of K01-0290 1.1 has been changed to Complete.
LOW : WaTCH status of N03-0332 1.1 has been changed to Complete.
LOW : WaTCH status of N02-0309 1.1 has been changed to Complete.
LOW : WaTCH status of A01-0575 1.1 has been changed to Complete.
LOW : WaTCH status of R02-0312 1.1 has been changed to Complete.
LOW : WaTCH status of N02-0325 1.1 has been changed to Complete.
LOW : WaTCH status of A04-0432 1.1 has been changed to Complete.
LOW : WaTCH status of L01-0445 1.1 has been changed to Complete.
LOW : WaTCH status of A01-0576 1.1 has been changed to Complete.
LOW : WaTCH status of G01-0354 1.1 has been changed to Complete.
LOW : WaTCH status of D01-0297 1.1 has been changed to Complete.
LOW : WaTCH status of B01-0485 1.1 has been changed to Complete.
#
# WaTCHdb update complete.
# 2023-06-14.10-05-54.
