# WaTCHdb update log.
# Command: 2_updateWaTCH.pl.
# Data output written to updates/watchdb/watchdb.2023-02-01.22-13-13.txt and updates/watchdb.LATEST.txt.
# Fatal errors and system warnings are NOT logged here; see STDERR for those.
#
# Run started 2023-02-01.22-13-13.
#
4 molecular targets added.
INFO: Finished WaTCHdb import. 6884 total assets present.
INFO: Finished AssetTiger import. 51 new assets added. 6935 total assets present.
INFO: Sample D01-0244 1.1 has a new calculated value of 27739.9196103215.
INFO: Sample D01-0244 1.1 has a new calculated value of 1630148.97823334.
INFO: Sample D01-0244 1.1 has a new calculated value of 1585725.76761246.
INFO: Sample A02-1041 1.1 has a new calculated value of 13788.5236367583.
INFO: Sample A02-1041 1.1 has a new calculated value of 373787.47522831.
INFO: Sample A02-1041 1.1 has a new calculated value of 409946.930408478.
INFO: Sample T01-0096 1.1 has a new calculated value of 15506.5419338644.
INFO: Sample T01-0096 1.1 has a new calculated value of 1470905.72834015.
INFO: Sample T01-0096 1.1 has a new calculated value of 1454887.2256279.
INFO: Sample A02-0991 1.1 has a new calculated value of 5236.19072511793.
INFO: Sample A02-0991 1.1 has a new calculated value of 44527.1348208191.
INFO: Sample A02-0991 1.1 has a new calculated value of 47147.7565169333.
INFO: Sample A02-0993 1.1 has a new calculated value of 51904.0075689554.
INFO: Sample A02-0993 1.1 has a new calculated value of 2043019.90270615.
INFO: Sample A02-0993 1.1 has a new calculated value of 2181683.34960938.
INFO: Sample E02-0244 1.1 has a new calculated value of 5282.1738179773.
INFO: Sample E02-0244 1.1 has a new calculated value of 26417.0975983143.
INFO: Sample E02-0244 1.1 has a new calculated value of 18490.3324395418.
INFO: Sample A04-0306 1.1 has a new calculated value of 12547.620870173.
INFO: Sample A04-0306 1.1 has a new calculated value of 464082.677364351.
INFO: Sample A04-0306 1.1 has a new calculated value of 459012.334942817.
INFO: Sample A02-0994 1.1 has a new calculated value of 141113.893836737.
INFO: Sample A02-0994 1.1 has a new calculated value of 123129.235804081.
INFO: Sample A02-0994 1.1 has a new calculated value of 146253.688931465.
INFO: Sample H01-0500 1.1 has a new calculated value of 9747.41874262691.
INFO: Sample H01-0500 1.1 has a new calculated value of 39002.4027228356.
INFO: Sample H01-0500 1.1 has a new calculated value of 39002.4027228356.
INFO: Sample D01-0226 1.1 has a new calculated value of 31880.5649131537.
INFO: Sample D01-0226 1.1 has a new calculated value of 380857.735276222.
INFO: Sample D01-0226 1.1 has a new calculated value of 1074013.76008988.
INFO: Sample E01-0226 1.1 has a new calculated value of 6908.75253640116.
INFO: Sample E01-0226 1.1 has a new calculated value of 349069.797992706.
INFO: Sample E01-0226 1.1 has a new calculated value of 353711.550235748.
INFO: Sample T01-0095 1.1 has a new calculated value of 7500.43004751205.
INFO: Sample T01-0095 1.1 has a new calculated value of 192909.560501576.
INFO: Sample T01-0095 1.1 has a new calculated value of 182867.82681942.
INFO: Sample A01-0473 1.1 has a new calculated value of 18796.6945767402.
INFO: Sample A01-0473 1.1 has a new calculated value of 344286.949038505.
INFO: Sample A01-0473 1.1 has a new calculated value of 299332.476854324.
INFO: Sample A01-0474 1.1 has a new calculated value of 45592.087134719.
INFO: Sample A01-0474 1.1 has a new calculated value of 377529.307007789.
INFO: Sample A01-0474 1.1 has a new calculated value of 397638.866901399.
INFO: Sample E01-0225 1.1 has a new calculated value of 7949.73255135118.
INFO: Sample E01-0225 1.1 has a new calculated value of 191183.920204639.
INFO: Sample E01-0225 1.1 has a new calculated value of 175220.728218556.
INFO: Sample H01-0474 1.1 has a new calculated value of 0.
INFO: Sample H01-0474 1.1 has a new calculated value of 33266.5500417352.
INFO: Sample H01-0474 1.1 has a new calculated value of 28147.0102071762.
INFO: Sample H01-0471 1.1 has a new calculated value of 0.
INFO: Sample H01-0471 1.1 has a new calculated value of 16214.4451215863.
INFO: Sample H01-0471 1.1 has a new calculated value of 21620.5632314086.
INFO: Sample H01-0473 1.1 has a new calculated value of 4848.39825890959.
INFO: Sample H01-0473 1.1 has a new calculated value of 46080.973818898.
INFO: Sample H01-0473 1.1 has a new calculated value of 21821.9245970249.
INFO: Sample H01-0469 1.1 has a new calculated value of 0.
INFO: Sample H01-0469 1.1 has a new calculated value of 0.
INFO: Sample H01-0469 1.1 has a new calculated value of 2343.99480745196.
INFO: Sample M03-0185 1.1 has a new calculated value of 0.
INFO: Sample M03-0185 1.1 has a new calculated value of 139202.412217855.
INFO: Sample M03-0185 1.1 has a new calculated value of 83994.9944615365.
INFO: Sample B01-0328 1.1 has a new calculated value of 0.
INFO: Sample B01-0328 1.1 has a new calculated value of 137707.069069147.
INFO: Sample B01-0328 1.1 has a new calculated value of 140169.967710972.
INFO: Sample A01-0472 1.1 has a new calculated value of 14439.7369399667.
INFO: Sample A01-0472 1.1 has a new calculated value of 491147.527098656.
INFO: Sample A01-0472 1.1 has a new calculated value of 513047.686815262.
INFO: Sample N02-0206 1.1 has a new calculated value of 0.
INFO: Sample N02-0206 1.1 has a new calculated value of 37592.3401862383.
INFO: Sample N02-0206 1.1 has a new calculated value of 50130.1317661999.
INFO: Sample M03-0187 1.1 has a new calculated value of 2575.88133215904.
INFO: Sample M03-0187 1.1 has a new calculated value of 100569.254457951.
INFO: Sample M03-0187 1.1 has a new calculated value of 108314.709663391.
INFO: Sample A04-0307 1.1 has a new calculated value of 4673.44421893358.
INFO: Sample A04-0307 1.1 has a new calculated value of 469773.872494697.
INFO: Sample A04-0307 1.1 has a new calculated value of 476858.13009739.
INFO: Sample T01-0097 1.1 has a new calculated value of 7723.64825941623.
INFO: Sample T01-0097 1.1 has a new calculated value of 198662.929236889.
INFO: Sample T01-0097 1.1 has a new calculated value of 165060.592889786.
INFO: Sample H01-0472 1.1 has a new calculated value of 0.
INFO: Sample H01-0472 1.1 has a new calculated value of 37283.7357223033.
INFO: Sample H01-0472 1.1 has a new calculated value of 24852.3782193661.
INFO: Sample A04-0308 1.1 has a new calculated value of 39474.1789251565.
INFO: Sample A04-0308 1.1 has a new calculated value of 897873.966693878.
INFO: Sample A04-0308 1.1 has a new calculated value of 878934.255838395.
INFO: Sample T01-0098 1.1 has a new calculated value of 2535.07857676595.
INFO: Sample T01-0098 1.1 has a new calculated value of 159990.709125996.
INFO: Sample T01-0098 1.1 has a new calculated value of 121845.8519876.
INFO: Sample N02-0205 1.1 has a new calculated value of 0.
INFO: Sample N02-0205 1.1 has a new calculated value of 57601.4710217716.
INFO: Sample N02-0205 1.1 has a new calculated value of 57601.4710217716.
INFO: Sample A02-0992 1.1 has a new calculated value of 31404.3019339442.
INFO: Sample A02-0992 1.1 has a new calculated value of 373035.752177239.
INFO: Sample A02-0992 1.1 has a new calculated value of 417903.86080742.
INFO: Sample A02-0984 1.1 has a new calculated value of 38715.8520519734.
INFO: Sample A02-0984 1.1 has a new calculated value of 1265171.02718353.
INFO: Sample A02-0984 1.1 has a new calculated value of 1260487.96176911.
INFO: Sample D01-0209 1.1 has a new calculated value of 47793.6485409736.
INFO: Sample D01-0209 1.1 has a new calculated value of 1340645.84255218.
INFO: Sample D01-0209 1.1 has a new calculated value of 1205497.95627594.
INFO: Sample N02-0218 1.1 has a new calculated value of 0.
INFO: Sample N02-0218 1.1 has a new calculated value of 51486.5568280221.
INFO: Sample N02-0218 1.1 has a new calculated value of 48910.8241349459.
INFO: Sample M03-0180 1.1 has a new calculated value of 0.
INFO: Sample M03-0180 1.1 has a new calculated value of 132007.456719875.
INFO: Sample M03-0180 1.1 has a new calculated value of 139784.712195397.
INFO: Sample N02-0226 1.1 has a new calculated value of 0.
INFO: Sample N02-0226 1.1 has a new calculated value of 71081.3583433629.
INFO: Sample N02-0226 1.1 has a new calculated value of 82026.9705355167.
INFO: Sample A02-0989 1.1 has a new calculated value of 62790.8606082202.
INFO: Sample A02-0989 1.1 has a new calculated value of 2686717.57221222.
INFO: Sample A02-0989 1.1 has a new calculated value of 2686717.57221222.
INFO: Sample E02-0245 1.1 has a new calculated value of 7705.0561644137.
INFO: Sample E02-0245 1.1 has a new calculated value of 15411.4373400807.
INFO: Sample E02-0245 1.1 has a new calculated value of 30828.1747251749.
INFO: Sample A02-0995 1.1 has a new calculated value of 247697.722613811.
INFO: Sample A02-0995 1.1 has a new calculated value of 3079727.59723663.
INFO: Sample A02-0995 1.1 has a new calculated value of 3061573.44818115.
INFO: Sample M03-0179 1.1 has a new calculated value of 0.
INFO: Sample M03-0179 1.1 has a new calculated value of 222229.970097542.
INFO: Sample M03-0179 1.1 has a new calculated value of 201564.245223999.
INFO: Sample A02-0988 1.1 has a new calculated value of 77624.782025814.
INFO: Sample A02-0988 1.1 has a new calculated value of 1059453.44924927.
INFO: Sample A02-0988 1.1 has a new calculated value of 1196153.02562714.
INFO: Sample B01-0336 1.1 has a new calculated value of 0.
INFO: Sample B01-0336 1.1 has a new calculated value of 42066.4869993926.
INFO: Sample B01-0336 1.1 has a new calculated value of 21028.3065587282.
INFO: Sample A02-0987 1.1 has a new calculated value of 21323.4931603074.
INFO: Sample A02-0987 1.1 has a new calculated value of 2777556.81037903.
INFO: Sample A02-0987 1.1 has a new calculated value of 3798430.00888826.
INFO: Sample A01-0475 1.1 has a new calculated value of 51819.9755251408.
INFO: Sample A01-0475 1.1 has a new calculated value of 463318.17984581.
INFO: Sample A01-0475 1.1 has a new calculated value of 424089.183211326.
INFO: Sample N02-0238 1.1 has a new calculated value of 0.
INFO: Sample N02-0238 1.1 has a new calculated value of 4869.47209574282.
INFO: Sample N02-0238 1.1 has a new calculated value of 2434.67022199184.
INFO: Sample A02-0996 1.1 has a new calculated value of 120918.641388416.
INFO: Sample A02-0996 1.1 has a new calculated value of 660770.541429519.
INFO: Sample A02-0996 1.1 has a new calculated value of 557835.921049118.
INFO: Sample E02-0246 1.1 has a new calculated value of 8150.22968687117.
INFO: Sample E02-0246 1.1 has a new calculated value of 29891.4257436991.
INFO: Sample E02-0246 1.1 has a new calculated value of 24455.1381468773.
INFO: Sample B01-0378 1.1 has a new calculated value of 0.
INFO: Sample B01-0378 1.1 has a new calculated value of 141257.300823927.
INFO: Sample B01-0378 1.1 has a new calculated value of 158945.818841457.
INFO: Sample B01-0377 1.1 has a new calculated value of 2890.58663416654.
INFO: Sample B01-0377 1.1 has a new calculated value of 124463.904350996.
INFO: Sample B01-0377 1.1 has a new calculated value of 127362.536340952.
INFO: Sample H01-0475 1.1 has a new calculated value of 0.
INFO: Sample H01-0475 1.1 has a new calculated value of 27635.7214897871.
INFO: Sample H01-0475 1.1 has a new calculated value of 35175.6937801838.
INFO: Sample M03-0200 1.1 has a new calculated value of 2509.66474413872.
INFO: Sample M03-0200 1.1 has a new calculated value of 170978.19507122.
INFO: Sample M03-0200 1.1 has a new calculated value of 158384.031057358.
INFO: Sample E01-0223 1.1 has a new calculated value of 2649.91102740169.
INFO: Sample E01-0223 1.1 has a new calculated value of 191195.250749588.
INFO: Sample E01-0223 1.1 has a new calculated value of 153954.450488091.
INFO: Sample E01-0224 1.1 has a new calculated value of 2323.69628269225.
INFO: Sample E01-0224 1.1 has a new calculated value of 190944.39893961.
INFO: Sample E01-0224 1.1 has a new calculated value of 165282.600224018.
INFO: Sample M04-0151 1.1 has a new calculated value of 0.
INFO: Sample M04-0151 1.1 has a new calculated value of 25662.1936708689.
INFO: Sample M04-0151 1.1 has a new calculated value of 28229.2203605175.
INFO: Sample M04-0165 1.1 has a new calculated value of 0.
INFO: Sample M04-0165 1.1 has a new calculated value of 0.
INFO: Sample M04-0165 1.1 has a new calculated value of 4440.06148260086.
INFO: Sample M04-0154 1.1 has a new calculated value of 0.
INFO: Sample M04-0154 1.1 has a new calculated value of 2452.65979785472.
INFO: Sample M04-0154 1.1 has a new calculated value of 2452.65979785472.
INFO: Sample A02-0986 1.1 has a new calculated value of 17084.4615250826.
INFO: Sample A02-0986 1.1 has a new calculated value of 441397.771239281.
INFO: Sample A02-0986 1.1 has a new calculated value of 503048.336505892.
INFO: Sample A02-1040 1.1 has a new calculated value of 113988.322913647.
INFO: Sample A02-1040 1.1 has a new calculated value of 4655896.56829835.
INFO: Sample A02-1040 1.1 has a new calculated value of 4006627.46429444.
INFO: Sample A02-0990 1.1 has a new calculated value of 54183.6724430322.
INFO: Sample A02-0990 1.1 has a new calculated value of 354807.028770447.
INFO: Sample A02-0990 1.1 has a new calculated value of 400793.854594231.
INFO: Sample D01-0239 1.1 has a new calculated value of 30603.6001816392.
INFO: Sample D01-0239 1.1 has a new calculated value of 1427224.52402115.
INFO: Sample D01-0239 1.1 has a new calculated value of 1471989.79139328.
INFO: Sample N02-0224 1.1 has a new calculated value of 0.
INFO: Sample N02-0224 1.1 has a new calculated value of 104750.132113695.
INFO: Sample N02-0224 1.1 has a new calculated value of 112424.401938915.
INFO: Sample M04-0174 1.1 has a new calculated value of 0.
INFO: Sample M04-0174 1.1 has a new calculated value of 4895.53914405406.
INFO: Sample M04-0174 1.1 has a new calculated value of 4895.53914405406.
INFO: Sample N02-0201 1.1 has a new calculated value of 0.
INFO: Sample N02-0201 1.1 has a new calculated value of 313230.248093605.
INFO: Sample N02-0201 1.1 has a new calculated value of 273956.523835659.
INFO: Sample A02-0985 1.1 has a new calculated value of 12592.0480303466.
INFO: Sample A02-0985 1.1 has a new calculated value of 141233.450621366.
INFO: Sample A02-0985 1.1 has a new calculated value of 128605.210036039.
INFO: Sample B01-0376 1.1 has a new calculated value of 0.
INFO: Sample B01-0376 1.1 has a new calculated value of 82630.0969719885.
INFO: Sample B01-0376 1.1 has a new calculated value of 82630.0969719885.
INFO: Sample E02-0248 1.1 has a new calculated value of 14482.8284718096.
INFO: Sample E02-0248 1.1 has a new calculated value of 107283.935844898.
INFO: Sample E02-0248 1.1 has a new calculated value of 127609.829306602.
INFO: Sample M04-0160 1.1 has a new calculated value of 0.
INFO: Sample M04-0160 1.1 has a new calculated value of 47753.1677484511.
INFO: Sample M04-0160 1.1 has a new calculated value of 52782.7830612658.
INFO: Sample E02-0247 1.1 has a new calculated value of 15004.6280957758.
INFO: Sample E02-0247 1.1 has a new calculated value of 112657.357603312.
INFO: Sample E02-0247 1.1 has a new calculated value of 115164.08354044.
LOW : WaTCH status of M03-0200 1.1 has been changed to Complete.
LOW : WaTCH status of N02-0238 1.1 has been changed to Complete.
LOW : WaTCH status of A02-0985 1.1 has been changed to Complete.
LOW : WaTCH status of N02-0205 1.1 has been changed to Complete.
LOW : WaTCH status of M04-0174 1.1 has been changed to Complete.
LOW : WaTCH status of A01-0472 1.1 has been changed to Complete.
LOW : WaTCH status of H01-0473 1.1 has been changed to Complete.
LOW : WaTCH status of N02-0226 1.1 has been changed to Complete.
LOW : WaTCH status of H01-0475 1.1 has been changed to Complete.
LOW : WaTCH status of M04-0154 1.1 has been changed to Complete.
LOW : WaTCH status of A02-0994 1.1 has been changed to Complete.
LOW : WaTCH status of D01-0239 1.1 has been changed to Complete.
LOW : WaTCH status of E01-0225 1.1 has been changed to Complete.
LOW : WaTCH status of E01-0223 1.1 has been changed to Complete.
LOW : WaTCH status of T01-0095 1.1 has been changed to Complete.
LOW : WaTCH status of M03-0187 1.1 has been changed to Complete.
LOW : WaTCH status of A02-1041 1.1 has been changed to Complete.
LOW : WaTCH status of A02-0990 1.1 has been changed to Complete.
LOW : WaTCH status of B01-0377 1.1 has been changed to Complete.
LOW : WaTCH status of N02-0224 1.1 has been changed to Complete.
LOW : WaTCH status of B01-0378 1.1 has been changed to Complete.
LOW : WaTCH status of E02-0245 1.1 has been changed to Complete.
LOW : WaTCH status of A01-0475 1.1 has been changed to Complete.
LOW : WaTCH status of H01-0472 1.1 has been changed to Complete.
LOW : WaTCH status of A01-0473 1.1 has been changed to Complete.
LOW : WaTCH status of H01-0469 1.1 has been changed to Complete.
LOW : WaTCH status of B01-0376 1.1 has been changed to Complete.
LOW : WaTCH status of A02-0989 1.1 has been changed to Complete.
LOW : WaTCH status of M04-0151 1.1 has been changed to Complete.
LOW : WaTCH status of A02-1040 1.1 has been changed to Complete.
LOW : WaTCH status of A02-0991 1.1 has been changed to Complete.
LOW : WaTCH status of M03-0180 1.1 has been changed to Complete.
LOW : WaTCH status of A02-0996 1.1 has been changed to Complete.
LOW : WaTCH status of M04-0160 1.1 has been changed to Complete.
LOW : WaTCH status of A01-0474 1.1 has been changed to Complete.
LOW : WaTCH status of E02-0244 1.1 has been changed to Complete.
LOW : WaTCH status of H01-0471 1.1 has been changed to Complete.
LOW : WaTCH status of N02-0201 1.1 has been changed to Complete.
LOW : WaTCH status of A02-0987 1.1 has been changed to Complete.
LOW : WaTCH status of N02-0206 1.1 has been changed to Complete.
LOW : WaTCH status of A02-0988 1.1 has been changed to Complete.
LOW : WaTCH status of A02-0986 1.1 has been changed to Complete.
LOW : WaTCH status of D01-0244 1.1 has been changed to Complete.
LOW : WaTCH status of T01-0096 1.1 has been changed to Complete.
LOW : WaTCH status of B01-0336 1.1 has been changed to Complete.
LOW : WaTCH status of M03-0179 1.1 has been changed to Complete.
LOW : WaTCH status of T01-0097 1.1 has been changed to Complete.
LOW : WaTCH status of E01-0226 1.1 has been changed to Complete.
LOW : WaTCH status of T01-0098 1.1 has been changed to Complete.
LOW : WaTCH status of D01-0209 1.1 has been changed to Complete.
LOW : WaTCH status of B01-0328 1.1 has been changed to Complete.
LOW : WaTCH status of A04-0308 1.1 has been changed to Complete.
LOW : WaTCH status of A04-0307 1.1 has been changed to Complete.
LOW : WaTCH status of A04-0306 1.1 has been changed to Complete.
LOW : WaTCH status of A02-0992 1.1 has been changed to Complete.
LOW : WaTCH status of H01-0500 1.1 has been changed to Complete.
LOW : WaTCH status of M04-0165 1.1 has been changed to Complete.
LOW : WaTCH status of E02-0247 1.1 has been changed to Complete.
LOW : WaTCH status of E02-0248 1.1 has been changed to Complete.
LOW : WaTCH status of E02-0246 1.1 has been changed to Complete.
LOW : WaTCH status of H01-0474 1.1 has been changed to Complete.
LOW : WaTCH status of M03-0185 1.1 has been changed to Complete.
LOW : WaTCH status of A02-0984 1.1 has been changed to Complete.
LOW : WaTCH status of N02-0218 1.1 has been changed to Complete.
LOW : WaTCH status of E01-0224 1.1 has been changed to Complete.
LOW : WaTCH status of A02-0995 1.1 has been changed to Complete.
LOW : WaTCH status of A02-0993 1.1 has been changed to Complete.
LOW : WaTCH status of D01-0226 1.1 has been changed to Complete.
#
# WaTCHdb update complete.
# 2023-02-01.22-13-14.
