# WaTCHdb update log.
# Command: 2_updateWaTCH.pl.
# Data output written to updates/watchdb/watchdb.2022-09-09.18-49-23.txt and updates/watchdb.LATEST.txt.
# Fatal errors and system warnings are NOT logged here; see STDERR for those.
#
# Run started 2022-09-09.18-49-23.
#
4 molecular targets added.
INFO: Finished WaTCHdb import. 4686 total assets present.
INFO: Finished AssetTiger import. 104 new assets added. 4790 total assets present.
INFO: Sample N02-0116 1.1 has a new calculated value of 68131.9172680377.
INFO: Sample N02-0116 1.1 has a new calculated value of 0.
INFO: Sample N02-0116 1.1 has a new calculated value of 70262.8241479397.
INFO: Sample A02-0522 1.1 has a new calculated value of 73691.0359561442.
INFO: Sample A02-0522 1.1 has a new calculated value of 36829.3205648661.
INFO: Sample A02-0522 1.1 has a new calculated value of 29460.8671590686.
INFO: Sample A02-0553 1.1 has a new calculated value of 58875.8770376443.
INFO: Sample A02-0553 1.1 has a new calculated value of 5883.86694900693.
INFO: Sample A02-0553 1.1 has a new calculated value of 54948.2379108668.
INFO: Sample A02-0517 1.1 has a new calculated value of 109245.385676623.
INFO: Sample A02-0517 1.1 has a new calculated value of 6061.72316707671.
INFO: Sample A02-0517 1.1 has a new calculated value of 137614.802420139.
INFO: Sample A04-0146 1.1 has a new calculated value of 440197.311043739.
INFO: Sample A04-0146 1.1 has a new calculated value of 2136.12105930224.
INFO: Sample A04-0146 1.1 has a new calculated value of 453150.99477768.
INFO: Sample Q01-0117 1.1 has a new calculated value of 123336.489647627.
INFO: Sample Q01-0117 1.1 has a new calculated value of 0.
INFO: Sample Q01-0117 1.1 has a new calculated value of 137749.418467283.
INFO: Sample Q01-0112 1.1 has a new calculated value of 619418.299198149.
INFO: Sample Q01-0112 1.1 has a new calculated value of 0.
INFO: Sample Q01-0112 1.1 has a new calculated value of 575803.345441818.
INFO: Sample A01-0345 1.1 has a new calculated value of 255919.50237751.
INFO: Sample A01-0345 1.1 has a new calculated value of 6075.19623823465.
INFO: Sample A01-0345 1.1 has a new calculated value of 264069.56166029.
INFO: Sample A01-0346 1.1 has a new calculated value of 245315.895974636.
INFO: Sample A01-0346 1.1 has a new calculated value of 11221.6562032699.
INFO: Sample A01-0346 1.1 has a new calculated value of 256603.446006775.
INFO: Sample G01-0260 1.1 has a new calculated value of 650041.415691374.
INFO: Sample G01-0260 1.1 has a new calculated value of 6408.03683549167.
INFO: Sample G01-0260 1.1 has a new calculated value of 630522.844791413.
INFO: Sample E01-0164 1.1 has a new calculated value of 262569.479048252.
INFO: Sample E01-0164 1.1 has a new calculated value of 1998.12944512814.
INFO: Sample E01-0164 1.1 has a new calculated value of 298776.617646218.
INFO: Sample A02-0504 1.1 has a new calculated value of 136871.904283762.
INFO: Sample A02-0504 1.1 has a new calculated value of 6948.81289266048.
INFO: Sample A02-0504 1.1 has a new calculated value of 153140.638768673.
INFO: Sample Q01-0111 1.1 has a new calculated value of 846565.861701966.
INFO: Sample Q01-0111 1.1 has a new calculated value of 4048.85907657443.
INFO: Sample Q01-0111 1.1 has a new calculated value of 892034.472227095.
INFO: Sample A02-0533 1.1 has a new calculated value of 124276.831448078.
INFO: Sample A02-0533 1.1 has a new calculated value of 6769.24254745245.
INFO: Sample A02-0533 1.1 has a new calculated value of 110701.437145472.
INFO: Sample E01-0166 1.1 has a new calculated value of 758730.52597046.
INFO: Sample E01-0166 1.1 has a new calculated value of 0.
INFO: Sample E01-0166 1.1 has a new calculated value of 738692.346811295.
INFO: Sample E01-0165 1.1 has a new calculated value of 626864.862442018.
INFO: Sample E01-0165 1.1 has a new calculated value of 5983.121227473.
INFO: Sample E01-0165 1.1 has a new calculated value of 575277.417898176.
INFO: Sample T01-0022 1.1 has a new calculated value of 94104.4735908507.
INFO: Sample T01-0022 1.1 has a new calculated value of 47025.825753808.
INFO: Sample T01-0022 1.1 has a new calculated value of 102937.618643046.
INFO: Sample E01-0163 1.1 has a new calculated value of 411996.892690659.
INFO: Sample E01-0163 1.1 has a new calculated value of 10677.8834760189.
INFO: Sample E01-0163 1.1 has a new calculated value of 386128.120422365.
INFO: Sample A02-0558 1.1 has a new calculated value of 133423.163294792.
INFO: Sample A02-0558 1.1 has a new calculated value of 21876.1736154556.
INFO: Sample A02-0558 1.1 has a new calculated value of 107501.849234104.
INFO: Sample N02-0117 1.1 has a new calculated value of 86138.8626694677.
INFO: Sample N02-0117 1.1 has a new calculated value of 0.
INFO: Sample N02-0117 1.1 has a new calculated value of 122736.183106899.
INFO: Sample A02-0513 1.1 has a new calculated value of 57953.8390785455.
INFO: Sample A02-0513 1.1 has a new calculated value of 0.
INFO: Sample A02-0513 1.1 has a new calculated value of 62415.1477217675.
INFO: Sample N02-0122 1.1 has a new calculated value of 30624.4648620486.
INFO: Sample N02-0122 1.1 has a new calculated value of 2186.71979382634.
INFO: Sample N02-0122 1.1 has a new calculated value of 35001.2148544192.
INFO: Sample Q01-0114 1.1 has a new calculated value of 176223.523914814.
INFO: Sample Q01-0114 1.1 has a new calculated value of 0.
INFO: Sample Q01-0114 1.1 has a new calculated value of 174121.257662773.
INFO: Sample Q01-0113 1.1 has a new calculated value of 367143.83482933.
INFO: Sample Q01-0113 1.1 has a new calculated value of 4250.68600103259.
INFO: Sample Q01-0113 1.1 has a new calculated value of 330712.820291519.
INFO: Sample Q01-0115 1.1 has a new calculated value of 386714.794635774.
INFO: Sample Q01-0115 1.1 has a new calculated value of 4207.16368127615.
INFO: Sample Q01-0115 1.1 has a new calculated value of 346397.657990456.
INFO: Sample Q01-0116 1.1 has a new calculated value of 150189.872682095.
INFO: Sample Q01-0116 1.1 has a new calculated value of 2204.77997325361.
INFO: Sample Q01-0116 1.1 has a new calculated value of 165681.190788746.
INFO: Sample A01-0347 1.1 has a new calculated value of 468635.280132294.
INFO: Sample A01-0347 1.1 has a new calculated value of 39216.7063057423.
INFO: Sample A01-0347 1.1 has a new calculated value of 470837.51678467.
INFO: Sample G01-0275 1.1 has a new calculated value of 124577.243775129.
INFO: Sample G01-0275 1.1 has a new calculated value of 4216.89954120666.
INFO: Sample G01-0275 1.1 has a new calculated value of 135151.674449444.
INFO: Sample A04-0147 1.1 has a new calculated value of 1118105.64994812.
INFO: Sample A04-0147 1.1 has a new calculated value of 14519.9256017804.
INFO: Sample A04-0147 1.1 has a new calculated value of 1115975.77929497.
INFO: Sample A04-0148 1.1 has a new calculated value of 839707.399606706.
INFO: Sample A04-0148 1.1 has a new calculated value of 26484.5287799835.
INFO: Sample A04-0148 1.1 has a new calculated value of 785718.287229539.
INFO: Sample A02-0524 1.1 has a new calculated value of 43556.0077428818.
INFO: Sample A02-0524 1.1 has a new calculated value of 0.
INFO: Sample A02-0524 1.1 has a new calculated value of 41377.1329075097.
INFO: Sample A02-0508 1.1 has a new calculated value of 10981.0084663332.
INFO: Sample A02-0508 1.1 has a new calculated value of 2744.98244281858.
INFO: Sample A02-0508 1.1 has a new calculated value of 5490.14431424439.
INFO: Sample G01-0259 1.1 has a new calculated value of 160155.31629324.
INFO: Sample G01-0259 1.1 has a new calculated value of 0.
INFO: Sample G01-0259 1.1 has a new calculated value of 170576.20704174.
INFO: Sample N02-0111 1.1 has a new calculated value of 16370.1838441193.
INFO: Sample N02-0111 1.1 has a new calculated value of 0.
INFO: Sample N02-0111 1.1 has a new calculated value of 18416.9068560004.
INFO: Sample A02-0520 1.1 has a new calculated value of 0.
INFO: Sample A02-0520 1.1 has a new calculated value of 0.
INFO: Sample A02-0520 1.1 has a new calculated value of 0.
INFO: Sample G01-0261 1.1 has a new calculated value of 428350.691199303.
INFO: Sample G01-0261 1.1 has a new calculated value of 10985.180977732.
INFO: Sample G01-0261 1.1 has a new calculated value of 406163.445711134.
INFO: Sample N02-0121 1.1 has a new calculated value of 173985.342085361.
INFO: Sample N02-0121 1.1 has a new calculated value of 0.
INFO: Sample N02-0121 1.1 has a new calculated value of 190593.101084232.
INFO: Sample O01-0143 1.1 has a new calculated value of 8796.67645320296.
INFO: Sample O01-0143 1.1 has a new calculated value of 0.
INFO: Sample O01-0143 1.1 has a new calculated value of 13195.7074441016.
INFO: Sample T01-0023 1.1 has a new calculated value of 21773.7591639161.
INFO: Sample T01-0023 1.1 has a new calculated value of 0.
INFO: Sample T01-0023 1.1 has a new calculated value of 16329.2592577636.
INFO: Sample A02-0509 1.1 has a new calculated value of 243365.020751953.
INFO: Sample A02-0509 1.1 has a new calculated value of 11031.4438305795.
INFO: Sample A02-0509 1.1 has a new calculated value of 230054.076611996.
INFO: Sample A02-0562 1.1 has a new calculated value of 15808.5170947015.
INFO: Sample A02-0562 1.1 has a new calculated value of 18067.3629418015.
INFO: Sample A02-0562 1.1 has a new calculated value of 22585.4219868779.
INFO: Sample G01-0257 1.1 has a new calculated value of 337711.088061333.
INFO: Sample G01-0257 1.1 has a new calculated value of 4077.21808645876.
INFO: Sample G01-0257 1.1 has a new calculated value of 354154.307842255.
LOW : WaTCH status of A02-0517 1.1 has been changed to Complete.
LOW : WaTCH status of T01-0022 1.1 has been changed to Complete.
LOW : WaTCH status of Q01-0111 1.1 has been changed to Complete.
LOW : WaTCH status of N02-0117 1.1 has been changed to Complete.
LOW : WaTCH status of A01-0347 1.1 has been changed to Complete.
LOW : WaTCH status of Q01-0114 1.1 has been changed to Complete.
LOW : WaTCH status of E01-0163 1.1 has been changed to Complete.
LOW : WaTCH status of A01-0345 1.1 has been changed to Complete.
LOW : WaTCH status of A02-0558 1.1 has been changed to Complete.
LOW : WaTCH status of N02-0116 1.1 has been changed to Complete.
LOW : WaTCH status of Q01-0112 1.1 has been changed to Complete.
LOW : WaTCH status of A01-0346 1.1 has been changed to Complete.
LOW : WaTCH status of G01-0260 1.1 has been changed to Complete.
LOW : WaTCH status of A02-0562 1.1 has been changed to Complete.
LOW : WaTCH status of T01-0023 1.1 has been changed to Complete.
LOW : WaTCH status of G01-0259 1.1 has been changed to Complete.
LOW : WaTCH status of G01-0257 1.1 has been changed to Complete.
LOW : WaTCH status of Q01-0113 1.1 has been changed to Complete.
LOW : WaTCH status of G01-0261 1.1 has been changed to Complete.
LOW : WaTCH status of O01-0143 1.1 has been changed to Complete.
LOW : WaTCH status of E01-0164 1.1 has been changed to Complete.
LOW : WaTCH status of A02-0504 1.1 has been changed to Complete.
LOW : WaTCH status of E01-0165 1.1 has been changed to Complete.
LOW : WaTCH status of A02-0513 1.1 has been changed to Complete.
LOW : WaTCH status of A02-0553 1.1 has been changed to Complete.
LOW : WaTCH status of A04-0146 1.1 has been changed to Complete.
LOW : WaTCH status of A04-0148 1.1 has been changed to Complete.
LOW : WaTCH status of A02-0509 1.1 has been changed to Complete.
LOW : WaTCH status of A02-0508 1.1 has been changed to Complete.
LOW : WaTCH status of E01-0166 1.1 has been changed to Complete.
LOW : WaTCH status of A04-0147 1.1 has been changed to Complete.
LOW : WaTCH status of A02-0520 1.1 has been changed to Complete.
LOW : WaTCH status of N02-0122 1.1 has been changed to Complete.
LOW : WaTCH status of Q01-0116 1.1 has been changed to Complete.
LOW : WaTCH status of A02-0522 1.1 has been changed to Complete.
LOW : WaTCH status of G01-0275 1.1 has been changed to Complete.
LOW : WaTCH status of Q01-0115 1.1 has been changed to Complete.
LOW : WaTCH status of A02-0533 1.1 has been changed to Complete.
LOW : WaTCH status of A02-0524 1.1 has been changed to Complete.
LOW : WaTCH status of N02-0111 1.1 has been changed to Complete.
LOW : WaTCH status of N02-0121 1.1 has been changed to Complete.
LOW : WaTCH status of Q01-0117 1.1 has been changed to Complete.
#
# WaTCHdb update complete.
# 2022-09-09.18-49-25.
