# WaTCHdb update log.
# Command: 2_updateWaTCH.pl.
# Data output written to DB/INCREMENTAL/watchdb.2022-02-27.15-28-26.txt and DB/watchdb.LATEST.txt.
# Fatal errors and system warnings are NOT logged here; see STDERR for those.
#
# Run started 2022-02-27.15-28-26.
#
4 molecular targets added.
INFO: Finished WaTCHdb import.
1685 samples added.
HIGH: During AT import of A02-0340, AT value for A02-0340:Description (Sample) is replacing the existing WaTCHdb value (Sample ).
HIGH: During AT import of A02-0340, AT value for A02-0340:Sample Collection By (GZ) is replacing the existing WaTCHdb value (GZ ).
HIGH: During AT import of A02-0364, AT value for A02-0364:Description (Sample) is replacing the existing WaTCHdb value (Sample ).
HIGH: During AT import of A02-0364, AT value for A02-0364:Sample Collection By (GZ) is replacing the existing WaTCHdb value (GZ ).
HIGH: During AT import of A02-0365, AT value for A02-0365:Description (Sample) is replacing the existing WaTCHdb value (Sample ).
HIGH: During AT import of A02-0365, AT value for A02-0365:Sample Collection By (GZ) is replacing the existing WaTCHdb value (GZ ).
HIGH: During AT import of A02-0367, AT value for A02-0367:Description (Sample) is replacing the existing WaTCHdb value (Sample ).
HIGH: During AT import of A02-0367, AT value for A02-0367:Sample Collection By (GZ) is replacing the existing WaTCHdb value (GZ ).
HIGH: During AT import of A02-0371, AT value for A02-0371:Description (Sample) is replacing the existing WaTCHdb value (Sample ).
HIGH: During AT import of A02-0371, AT value for A02-0371:Sample Collection By (GZ) is replacing the existing WaTCHdb value (GZ ).
HIGH: During AT import of A02-0368, AT value for A02-0368:Description (Sample) is replacing the existing WaTCHdb value (Sample ).
HIGH: During AT import of A02-0368, AT value for A02-0368:Sample Collection By (GZ) is replacing the existing WaTCHdb value (GZ ).
HIGH: During AT import of A02-0366, AT value for A02-0366:Description (Sample) is replacing the existing WaTCHdb value (Sample ).
HIGH: During AT import of A02-0366, AT value for A02-0366:Sample Collection By (GZ) is replacing the existing WaTCHdb value (GZ ).
HIGH: During AT import of A02-0369, AT value for A02-0369:Description (Sample) is replacing the existing WaTCHdb value (Sample ).
HIGH: During AT import of A02-0369, AT value for A02-0369:Sample Collection By (GZ) is replacing the existing WaTCHdb value (GZ ).
HIGH: During AT import of A02-0370, AT value for A02-0370:Description (Sample) is replacing the existing WaTCHdb value (Sample ).
HIGH: During AT import of A02-0370, AT value for A02-0370:Sample Collection By (GZ) is replacing the existing WaTCHdb value (GZ ).
HIGH: During AT import of A03-0188, AT value for A03-0188:Sample Collection By (GZ) is replacing the existing WaTCHdb value (GZ ).
HIGH: During AT import of A03-0099, AT value for A03-0099:Description (Sample) is replacing the existing WaTCHdb value (Sample ).
HIGH: During AT import of A03-0099, AT value for A03-0099:Sample Collection By (GZ) is replacing the existing WaTCHdb value (GZ ).
HIGH: During AT import of A03-0244, AT value for A03-0244:Description (Sample) is replacing the existing WaTCHdb value (Sample ).
HIGH: During AT import of A03-0244, AT value for A03-0244:Sample Collection By (Sample) is replacing the existing WaTCHdb value (Sample ).
HIGH: During AT import of A03-0091, AT value for A03-0091:Description (Sample) is replacing the existing WaTCHdb value (Sample ).
HIGH: During AT import of A03-0091, AT value for A03-0091:Sample Collection By (GZ) is replacing the existing WaTCHdb value (GZ ).
INFO: Asset ID G01-0100, found during AssetTiger import, does not exist in the latest WaTCHdb. It will be added.
INFO: Asset ID G01-0084, found during AssetTiger import, does not exist in the latest WaTCHdb. It will be added.
INFO: Asset ID G01-0146, found during AssetTiger import, does not exist in the latest WaTCHdb. It will be added.
INFO: Asset ID G01-0147, found during AssetTiger import, does not exist in the latest WaTCHdb. It will be added.
INFO: Asset ID G01-0141, found during AssetTiger import, does not exist in the latest WaTCHdb. It will be added.
INFO: Asset ID E01-0065, found during AssetTiger import, does not exist in the latest WaTCHdb. It will be added.
INFO: Asset ID E01-0066, found during AssetTiger import, does not exist in the latest WaTCHdb. It will be added.
INFO: Asset ID E01-0067, found during AssetTiger import, does not exist in the latest WaTCHdb. It will be added.
INFO: Asset ID E01-0068, found during AssetTiger import, does not exist in the latest WaTCHdb. It will be added.
HIGH: During AT import of L01-0027, AT value for L01-0027:Sample Flow (MGD) (0.53129) is replacing the existing WaTCHdb value (0.531289).
HIGH: During AT import of L01-0029, AT value for L01-0029:Sample Flow (MGD) (0.42797) is replacing the existing WaTCHdb value (0.427970).
HIGH: During AT import of L01-0032, AT value for L01-0032:Sample Flow (MGD) (0.33781) is replacing the existing WaTCHdb value (0.337810).
HIGH: During AT import of L01-0033, AT value for L01-0033:Sample Flow (MGD) (0.28) is replacing the existing WaTCHdb value (0.280).
HIGH: During AT import of L01-0035, AT value for L01-0035:Sample Flow (MGD) (0.26461) is replacing the existing WaTCHdb value (0.264614).
HIGH: During AT import of K01-0031, AT value for K01-0031:Sample Flow (MGD) (5.97) is replacing the existing WaTCHdb value (5.970).
HIGH: During AT import of M04-0004, AT value for M04-0004:Sample Flow (MGD) (0.13) is replacing the existing WaTCHdb value (0.130).
INFO: Sample M04-0015 has a new calculated value of 0.
INFO: Sample M04-0015 has a new calculated value of 0.
INFO: Sample M04-0015 has a new calculated value of 0.
INFO: Sample K01-0038 has a new calculated value of 23572.4215954542.
INFO: Sample K01-0038 has a new calculated value of 144589.610695839.
INFO: Sample K01-0038 has a new calculated value of 0.
INFO: Sample D01-0041 has a new calculated value of 64336.6773426532.
INFO: Sample D01-0041 has a new calculated value of 164612.671136856.
INFO: Sample D01-0041 has a new calculated value of 25008.0861523748.
INFO: Sample M03-0003 has a new calculated value of 159259.591698646.
INFO: Sample M03-0003 has a new calculated value of 366262.668371201.
INFO: Sample M03-0003 has a new calculated value of 3116.92732851952.
INFO: Sample K01-0031 has a new calculated value of 45798.9545166494.
INFO: Sample K01-0031 has a new calculated value of 226620.39488554.
INFO: Sample K01-0031 has a new calculated value of 0.
INFO: Sample M03-0009 has a new calculated value of 20665.8246740699.
INFO: Sample M03-0009 has a new calculated value of 11807.7942542732.
INFO: Sample M03-0009 has a new calculated value of 0.
INFO: Sample L01-0027 has a new calculated value of 23662.7304553986.
INFO: Sample L01-0027 has a new calculated value of 64258.5186660289.
INFO: Sample L01-0027 has a new calculated value of 0.
INFO: Sample L01-0033 has a new calculated value of 482771.9271183.
INFO: Sample L01-0033 has a new calculated value of 388321.42174244.
INFO: Sample L01-0033 has a new calculated value of 0.
INFO: Sample L01-0030 has a new calculated value of 412267.093062402.
INFO: Sample L01-0030 has a new calculated value of 394145.321846007.
INFO: Sample L01-0030 has a new calculated value of 5128.38969938457.
INFO: Sample N02-0048 has a new calculated value of 28482.3421016335.
INFO: Sample N02-0048 has a new calculated value of 31072.6053267717.
INFO: Sample N02-0048 has a new calculated value of 0.
INFO: Sample L01-0035 has a new calculated value of 516999.787688256.
INFO: Sample L01-0035 has a new calculated value of 633710.00647545.
INFO: Sample L01-0035 has a new calculated value of 2807.87641648203.
INFO: Sample M04-0003 has a new calculated value of 0.
INFO: Sample M04-0003 has a new calculated value of 2150.69989906624.
INFO: Sample M04-0003 has a new calculated value of 0.
INFO: Sample B01-0089 has a new calculated value of 30532.7609181404.
INFO: Sample B01-0089 has a new calculated value of 61087.7837240695.
INFO: Sample B01-0089 has a new calculated value of 0.
INFO: Sample A04-0020 has a new calculated value of 44649.3288874626.
INFO: Sample A04-0020 has a new calculated value of 117306.100130081.
INFO: Sample A04-0020 has a new calculated value of 36273.9582359789.
INFO: Sample B01-0079 has a new calculated value of 62508.2382559776.
INFO: Sample B01-0079 has a new calculated value of 96642.9743170739.
INFO: Sample B01-0079 has a new calculated value of 0.
INFO: Sample A03-0124 has a new calculated value of 0.
INFO: Sample A03-0124 has a new calculated value of 0.
INFO: Sample A03-0124 has a new calculated value of 0.
INFO: Sample C01-0079 has a new calculated value of 23389.8949250579.
INFO: Sample C01-0079 has a new calculated value of 14617.1536110342.
INFO: Sample C01-0079 has a new calculated value of 14617.1536110342.
INFO: Sample L01-0029 has a new calculated value of 32012.0425522327.
INFO: Sample L01-0029 has a new calculated value of 29343.4380367398.
INFO: Sample L01-0029 has a new calculated value of 8000.71841105818.
INFO: Sample A01-0181 has a new calculated value of 113094.492405653.
INFO: Sample A01-0181 has a new calculated value of 110520.768463612.
INFO: Sample A01-0181 has a new calculated value of 53938.851132989.
INFO: Sample A02-0364 has a new calculated value of 0.
INFO: Sample A02-0364 has a new calculated value of 0.
INFO: Sample A02-0364 has a new calculated value of 11901.6800075769.
INFO: Sample A02-0356 has a new calculated value of 0.
INFO: Sample A02-0356 has a new calculated value of 0.
INFO: Sample A02-0356 has a new calculated value of 0.
INFO: Sample A02-0340 has a new calculated value of 31061.0921680927.
INFO: Sample A02-0340 has a new calculated value of 28471.788726747.
INFO: Sample A02-0340 has a new calculated value of 0.
INFO: Sample A02-0367 has a new calculated value of 0.
INFO: Sample A02-0367 has a new calculated value of 8691.47979654371.
INFO: Sample A02-0367 has a new calculated value of 165447.122454643.
INFO: Sample B01-0083 has a new calculated value of 47765.9039944411.
INFO: Sample B01-0083 has a new calculated value of 126558.016687632.
INFO: Sample B01-0083 has a new calculated value of 8425.3224078566.
INFO: Sample C01-0078 has a new calculated value of 0.
INFO: Sample C01-0078 has a new calculated value of 0.
INFO: Sample C01-0078 has a new calculated value of 2777.54501905292.
INFO: Sample A02-0365 has a new calculated value of 23145.0162827969.
INFO: Sample A02-0365 has a new calculated value of 36008.8795423506.
INFO: Sample A02-0365 has a new calculated value of 190684.034228325.
INFO: Sample D01-0009 has a new calculated value of 0.
INFO: Sample D01-0009 has a new calculated value of 0.
INFO: Sample D01-0009 has a new calculated value of 0.
INFO: Sample L01-0032 has a new calculated value of 29556.0110360384.
INFO: Sample L01-0032 has a new calculated value of 107576.4490664.
INFO: Sample L01-0032 has a new calculated value of 2686.04890443385.
INFO: Sample D01-0003 has a new calculated value of 155388.809144497.
INFO: Sample D01-0003 has a new calculated value of 164038.43164444.
INFO: Sample D01-0003 has a new calculated value of 11490.5453659594.
INFO: Sample M03-0015 has a new calculated value of 64063.0158036947.
INFO: Sample M03-0015 has a new calculated value of 250986.876189709.
INFO: Sample M03-0015 has a new calculated value of 0.
INFO: Sample A02-0362 has a new calculated value of 0.
INFO: Sample A02-0362 has a new calculated value of 0.
INFO: Sample A02-0362 has a new calculated value of 0.
INFO: Sample M04-0010 has a new calculated value of 2787.15002350509.
INFO: Sample M04-0010 has a new calculated value of 2787.15002350509.
INFO: Sample M04-0010 has a new calculated value of 0.
INFO: Sample N02-0043 has a new calculated value of 89130.8994591234.
INFO: Sample N02-0043 has a new calculated value of 75614.0264868735.
INFO: Sample N02-0043 has a new calculated value of 0.
INFO: Sample M03-0002 has a new calculated value of 123212.329298258.
INFO: Sample M03-0002 has a new calculated value of 260853.725373745.
INFO: Sample M03-0002 has a new calculated value of 2796.26133386046.
INFO: Sample A04-0019 has a new calculated value of 96919.867694378.
INFO: Sample A04-0019 has a new calculated value of 96919.867694378.
INFO: Sample A04-0019 has a new calculated value of 30263.3886784315.
INFO: Sample N02-0037 has a new calculated value of 94014.1180157661.
INFO: Sample N02-0037 has a new calculated value of 91162.1077358723.
INFO: Sample N02-0037 has a new calculated value of 0.
INFO: Sample N02-0044 has a new calculated value of 146289.022564888.
INFO: Sample N02-0044 has a new calculated value of 118116.837143898.
INFO: Sample N02-0044 has a new calculated value of 0.
INFO: Sample A02-0354 has a new calculated value of 4752.97833792865.
INFO: Sample A02-0354 has a new calculated value of 14260.5525255203.
INFO: Sample A02-0354 has a new calculated value of 97543.9564883707.
INFO: Sample C01-0082 has a new calculated value of 2837.14769873768.
INFO: Sample C01-0082 has a new calculated value of 2837.14769873768.
INFO: Sample C01-0082 has a new calculated value of 2837.14769873768.
INFO: Sample A01-0185 has a new calculated value of 88218.934983015.
INFO: Sample A01-0185 has a new calculated value of 90816.4326846598.
INFO: Sample A01-0185 has a new calculated value of 10369.066670537.
INFO: Sample N02-0038 has a new calculated value of 52402.8148502113.
INFO: Sample N02-0038 has a new calculated value of 28813.437782228.
INFO: Sample N02-0038 has a new calculated value of 7856.24600015579.
INFO: Sample A02-0361 has a new calculated value of 24721.8433767557.
INFO: Sample A02-0361 has a new calculated value of 28843.569047749.
INFO: Sample A02-0361 has a new calculated value of 78335.9138667583.
INFO: Sample A03-0186 has a new calculated value of 0.
INFO: Sample A03-0186 has a new calculated value of 0.
INFO: Sample A03-0186 has a new calculated value of 0.
INFO: Sample K01-0039 has a new calculated value of 61953.835710883.
INFO: Sample K01-0039 has a new calculated value of 237045.362591744.
INFO: Sample K01-0039 has a new calculated value of 14072.3786316812.
INFO: Sample L01-0036 has a new calculated value of 785209.007263185.
INFO: Sample L01-0036 has a new calculated value of 623589.774370192.
INFO: Sample L01-0036 has a new calculated value of 0.
INFO: Sample M03-0008 has a new calculated value of 2975.10308213532.
INFO: Sample M03-0008 has a new calculated value of 29760.5384141207.
INFO: Sample M03-0008 has a new calculated value of 8925.94255506992.
INFO: Sample C01-0080 has a new calculated value of 17140.6577154994.
INFO: Sample C01-0080 has a new calculated value of 8569.45241801439.
INFO: Sample C01-0080 has a new calculated value of 11426.3258501887.
INFO: Sample M04-0004 has a new calculated value of 4550.43316818773.
INFO: Sample M04-0004 has a new calculated value of 2275.1547396183.
INFO: Sample M04-0004 has a new calculated value of 0.
INFO: Sample K01-0009 has a new calculated value of 65237.6765012742.
INFO: Sample K01-0009 has a new calculated value of 175341.711938381.
INFO: Sample K01-0009 has a new calculated value of 0.
INFO: Sample A02-0363 has a new calculated value of 990636.237859725.
INFO: Sample A02-0363 has a new calculated value of 860313.498973847.
INFO: Sample A02-0363 has a new calculated value of 40812.3850822448.
INFO: Sample C01-0081 has a new calculated value of 18164.4030287862.
INFO: Sample C01-0081 has a new calculated value of 10378.6942362785.
INFO: Sample C01-0081 has a new calculated value of 5189.02648240327.
LOW : WaTCH status of A03-0124 has been changed to Complete.
LOW : WaTCH status of N02-0043 has been changed to Complete.
LOW : WaTCH status of M03-0015 has been changed to Complete.
LOW : WaTCH status of L01-0032 has been changed to Complete.
LOW : WaTCH status of D01-0003 has been changed to Complete.
LOW : WaTCH status of C01-0081 has been changed to Complete.
LOW : WaTCH status of K01-0038 has been changed to Complete.
LOW : WaTCH status of N02-0044 has been changed to Complete.
LOW : WaTCH status of L01-0036 has been changed to Complete.
LOW : WaTCH status of B01-0083 has been changed to Complete.
LOW : WaTCH status of C01-0078 has been changed to Complete.
LOW : WaTCH status of A01-0181 has been changed to Complete.
LOW : WaTCH status of M03-0009 has been changed to Complete.
LOW : WaTCH status of L01-0029 has been changed to Complete.
LOW : WaTCH status of M03-0002 has been changed to Complete.
LOW : WaTCH status of N02-0037 has been changed to Complete.
LOW : WaTCH status of M04-0003 has been changed to Complete.
LOW : WaTCH status of A04-0020 has been changed to Complete.
LOW : WaTCH status of K01-0009 has been changed to Complete.
LOW : WaTCH status of L01-0035 has been changed to Complete.
LOW : WaTCH status of L01-0027 has been changed to Complete.
LOW : WaTCH status of A02-0367 has been changed to Complete.
LOW : WaTCH status of A02-0361 has been changed to Complete.
LOW : WaTCH status of M04-0015 has been changed to Complete.
LOW : WaTCH status of M03-0003 has been changed to Complete.
LOW : WaTCH status of C01-0079 has been changed to Complete.
LOW : WaTCH status of N02-0048 has been changed to Complete.
LOW : WaTCH status of B01-0079 has been changed to Complete.
LOW : WaTCH status of A01-0185 has been changed to Complete.
LOW : WaTCH status of N02-0038 has been changed to Complete.
LOW : WaTCH status of D01-0041 has been changed to Complete.
LOW : WaTCH status of A02-0354 has been changed to Complete.
LOW : WaTCH status of A02-0363 has been changed to Complete.
LOW : WaTCH status of A02-0365 has been changed to Complete.
LOW : WaTCH status of C01-0080 has been changed to Complete.
LOW : WaTCH status of B01-0089 has been changed to Complete.
LOW : WaTCH status of A04-0019 has been changed to Complete.
LOW : WaTCH status of C01-0082 has been changed to Complete.
LOW : WaTCH status of L01-0033 has been changed to Complete.
LOW : WaTCH status of K01-0031 has been changed to Complete.
LOW : WaTCH status of M04-0010 has been changed to Complete.
LOW : WaTCH status of M03-0008 has been changed to Complete.
LOW : WaTCH status of M04-0004 has been changed to Complete.
LOW : WaTCH status of L01-0030 has been changed to Complete.
LOW : WaTCH status of A02-0340 has been changed to Complete.
LOW : WaTCH status of K01-0039 has been changed to Complete.
#
# WaTCHdb update complete.
# 2022-02-27.15-28-27.
