# WaTCHdb update log.
# Command: 2_updateWaTCH.pl.
# Data output written to updates/watchdb/watchdb.2022-11-30.15-14-36.txt and updates/watchdb.LATEST.txt.
# Fatal errors and system warnings are NOT logged here; see STDERR for those.
#
# Run started 2022-11-30.15-14-36.
#
4 molecular targets added.
INFO: Finished WaTCHdb import. 5938 total assets present.
INFO: Finished AssetTiger import. 82 new assets added. 6020 total assets present.
INFO: Sample L01-0274 1.1 has a new calculated value of 979761.904478072.
INFO: Sample L01-0274 1.1 has a new calculated value of 2236.54653411359.
INFO: Sample L01-0274 1.1 has a new calculated value of 888286.457061766.
INFO: Sample R02-0151 1.1 has a new calculated value of 277847.334444523.
INFO: Sample R02-0151 1.1 has a new calculated value of 2450.76544582844.
INFO: Sample R02-0151 1.1 has a new calculated value of 275380.401313305.
INFO: Sample A02-0872 1.1 has a new calculated value of 18099.5475500822.
INFO: Sample A02-0872 1.1 has a new calculated value of 322434.693574906.
INFO: Sample A02-0872 1.1 has a new calculated value of 27152.2537618875.
INFO: Sample C01-0307 1.1 has a new calculated value of 54090.4417634009.
INFO: Sample C01-0307 1.1 has a new calculated value of 12476.2146547437.
INFO: Sample C01-0307 1.1 has a new calculated value of 54090.4417634009.
INFO: Sample H01-0412 1.1 has a new calculated value of 162142.731249332.
INFO: Sample H01-0412 1.1 has a new calculated value of 4149.67963937671.
INFO: Sample H01-0412 1.1 has a new calculated value of 170474.673807621.
INFO: Sample Q01-0174 1.1 has a new calculated value of 297480.484843254.
INFO: Sample Q01-0174 1.1 has a new calculated value of 2179.6689927578.
INFO: Sample Q01-0174 1.1 has a new calculated value of 341406.238675117.
INFO: Sample Q01-0179 1.1 has a new calculated value of 214633.83346796.
INFO: Sample Q01-0179 1.1 has a new calculated value of 6117.16607585551.
INFO: Sample Q01-0179 1.1 has a new calculated value of 226931.891441345.
INFO: Sample A02-0843 1.1 has a new calculated value of 10717.2027602792.
INFO: Sample A02-0843 1.1 has a new calculated value of 38594.7621613742.
INFO: Sample A02-0843 1.1 has a new calculated value of 15004.8521161079.
INFO: Sample Q01-0177 1.1 has a new calculated value of 186488.861739635.
INFO: Sample Q01-0177 1.1 has a new calculated value of 18407.0202335715.
INFO: Sample Q01-0177 1.1 has a new calculated value of 194705.239534378.
INFO: Sample R02-0169 1.1 has a new calculated value of 17970.5288261175.
INFO: Sample R02-0169 1.1 has a new calculated value of 0.
INFO: Sample R02-0169 1.1 has a new calculated value of 15723.7917557359.
INFO: Sample E01-0208 1.1 has a new calculated value of 50272.4643051624.
INFO: Sample E01-0208 1.1 has a new calculated value of 1932.44172027334.
INFO: Sample E01-0208 1.1 has a new calculated value of 38665.7776683567.
INFO: Sample G01-0223 1.1 has a new calculated value of 116566.794812679.
INFO: Sample G01-0223 1.1 has a new calculated value of 0.
INFO: Sample G01-0223 1.1 has a new calculated value of 96445.9298551083.
INFO: Sample Q01-0181 1.1 has a new calculated value of 75423.0549931528.
INFO: Sample Q01-0181 1.1 has a new calculated value of 0.
INFO: Sample Q01-0181 1.1 has a new calculated value of 52985.8028143644.
INFO: Sample L01-0269 1.1 has a new calculated value of 535861.764550211.
INFO: Sample L01-0269 1.1 has a new calculated value of 0.
INFO: Sample L01-0269 1.1 has a new calculated value of 515360.986590385.
INFO: Sample A01-0413 1.1 has a new calculated value of 294069.328308105.
INFO: Sample A01-0413 1.1 has a new calculated value of 35179.5711368322.
INFO: Sample A01-0413 1.1 has a new calculated value of 246879.358291626.
INFO: Sample Q01-0176 1.1 has a new calculated value of 440486.197471619.
INFO: Sample Q01-0176 1.1 has a new calculated value of 11122.7846704423.
INFO: Sample Q01-0176 1.1 has a new calculated value of 420261.225700378.
INFO: Sample A02-0832 1.1 has a new calculated value of 26781.4587056637.
INFO: Sample A02-0832 1.1 has a new calculated value of 19475.7267460227.
INFO: Sample A02-0832 1.1 has a new calculated value of 19475.7267460227.
INFO: Sample D01-0225 1.1 has a new calculated value of 29970.6164002419.
INFO: Sample D01-0225 1.1 has a new calculated value of 23546.5371608734.
INFO: Sample D01-0225 1.1 has a new calculated value of 158659.412562847.
INFO: Sample R02-0155 1.1 has a new calculated value of 81094.9525237085.
INFO: Sample R02-0155 1.1 has a new calculated value of 2382.90745764971.
INFO: Sample R02-0155 1.1 has a new calculated value of 95422.1208393575.
INFO: Sample A04-0214 1.1 has a new calculated value of 413895.090222358.
INFO: Sample A04-0214 1.1 has a new calculated value of 2080.14318253845.
INFO: Sample A04-0214 1.1 has a new calculated value of 371901.474595068.
INFO: Sample A02-0838 1.1 has a new calculated value of 0.
INFO: Sample A02-0838 1.1 has a new calculated value of 8059.56727825106.
INFO: Sample A02-0838 1.1 has a new calculated value of 2014.74649831652.
INFO: Sample J01-0172 1.1 has a new calculated value of 43854.5259833335.
INFO: Sample J01-0172 1.1 has a new calculated value of 2191.63669506088.
INFO: Sample J01-0172 1.1 has a new calculated value of 70189.2775297165.
INFO: Sample C01-0306 1.1 has a new calculated value of 60869.6112781763.
INFO: Sample C01-0306 1.1 has a new calculated value of 12166.8521314859.
INFO: Sample C01-0306 1.1 has a new calculated value of 82194.8732435703.
INFO: Sample Q01-0185 1.1 has a new calculated value of 2732.98992309719.
INFO: Sample Q01-0185 1.1 has a new calculated value of 0.
INFO: Sample Q01-0185 1.1 has a new calculated value of 21868.9094111324.
INFO: Sample Q01-0173 1.1 has a new calculated value of 306746.594309807.
INFO: Sample Q01-0173 1.1 has a new calculated value of 2152.35656127334.
INFO: Sample Q01-0173 1.1 has a new calculated value of 289405.254721641.
INFO: Sample H01-0408 1.1 has a new calculated value of 81715.304106474.
INFO: Sample H01-0408 1.1 has a new calculated value of 2332.51323457807.
INFO: Sample H01-0408 1.1 has a new calculated value of 88726.8814444541.
INFO: Sample A01-0414 1.1 has a new calculated value of 351006.183028221.
INFO: Sample A01-0414 1.1 has a new calculated value of 0.
INFO: Sample A01-0414 1.1 has a new calculated value of 321816.830635071.
INFO: Sample R01-0159 1.1 has a new calculated value of 0.
INFO: Sample R01-0159 1.1 has a new calculated value of 0.
INFO: Sample R01-0159 1.1 has a new calculated value of 0.
INFO: Sample R02-0163 1.1 has a new calculated value of 88838.488161564.
INFO: Sample R02-0163 1.1 has a new calculated value of 4437.45525553823.
INFO: Sample R02-0163 1.1 has a new calculated value of 77723.3764529227.
INFO: Sample B01-0277 1.1 has a new calculated value of 264346.387088299.
INFO: Sample B01-0277 1.1 has a new calculated value of 6480.36567494272.
INFO: Sample B01-0277 1.1 has a new calculated value of 220896.482169628.
INFO: Sample G01-0285 1.1 has a new calculated value of 217102.482318878.
INFO: Sample G01-0285 1.1 has a new calculated value of 0.
INFO: Sample G01-0285 1.1 has a new calculated value of 210439.782142639.
INFO: Sample A02-0847 1.1 has a new calculated value of 45944.4339573384.
INFO: Sample A02-0847 1.1 has a new calculated value of 4174.68657251446.
INFO: Sample A02-0847 1.1 has a new calculated value of 48034.0191721917.
INFO: Sample G01-0201 1.1 has a new calculated value of 84791.0459339618.
INFO: Sample G01-0201 1.1 has a new calculated value of 2171.98793543503.
INFO: Sample G01-0201 1.1 has a new calculated value of 104382.594376802.
INFO: Sample B01-0281 1.1 has a new calculated value of 62435.362637043.
INFO: Sample B01-0281 1.1 has a new calculated value of 0.
INFO: Sample B01-0281 1.1 has a new calculated value of 760958.107709886.
INFO: Sample Q01-0182 1.1 has a new calculated value of 73646.5206742286.
INFO: Sample Q01-0182 1.1 has a new calculated value of 2299.49598200619.
INFO: Sample Q01-0182 1.1 has a new calculated value of 89773.9630937575.
INFO: Sample G01-0212 1.1 has a new calculated value of 29580.7997882366.
INFO: Sample G01-0212 1.1 has a new calculated value of 0.
INFO: Sample G01-0212 1.1 has a new calculated value of 35922.2569316627.
INFO: Sample L01-0270 1.1 has a new calculated value of 276958.099007606.
INFO: Sample L01-0270 1.1 has a new calculated value of 0.
INFO: Sample L01-0270 1.1 has a new calculated value of 281266.458034515.
INFO: Sample H01-0411 1.1 has a new calculated value of 162340.005040169.
INFO: Sample H01-0411 1.1 has a new calculated value of 0.
INFO: Sample H01-0411 1.1 has a new calculated value of 168596.419394016.
INFO: Sample R01-0175 1.1 has a new calculated value of 29363.4193763137.
INFO: Sample R01-0175 1.1 has a new calculated value of 4516.11081138253.
INFO: Sample R01-0175 1.1 has a new calculated value of 1449535.94684601.
INFO: Sample G01-0277 1.1 has a new calculated value of 229758.021533489.
INFO: Sample G01-0277 1.1 has a new calculated value of 0.
INFO: Sample G01-0277 1.1 has a new calculated value of 219191.056787968.
INFO: Sample G01-0281 1.1 has a new calculated value of 193811.97810173.
INFO: Sample G01-0281 1.1 has a new calculated value of 4394.87891737371.
INFO: Sample G01-0281 1.1 has a new calculated value of 202642.940282822.
INFO: Sample D01-0222 1.1 has a new calculated value of 2247.82187025994.
INFO: Sample D01-0222 1.1 has a new calculated value of 15737.2860610485.
INFO: Sample D01-0222 1.1 has a new calculated value of 110285.298675299.
INFO: Sample L01-0272 1.1 has a new calculated value of 277082.446217537.
INFO: Sample L01-0272 1.1 has a new calculated value of 2124.4272775948.
INFO: Sample L01-0272 1.1 has a new calculated value of 210842.432677746.
INFO: Sample Q01-0180 1.1 has a new calculated value of 130268.328487873.
INFO: Sample Q01-0180 1.1 has a new calculated value of 0.
INFO: Sample Q01-0180 1.1 has a new calculated value of 122114.68487978.
INFO: Sample Q01-0172 1.1 has a new calculated value of 385651.558041572.
INFO: Sample Q01-0172 1.1 has a new calculated value of 3917.3535676673.
INFO: Sample Q01-0172 1.1 has a new calculated value of 387628.270983697.
INFO: Sample A01-0415 1.1 has a new calculated value of 645992.249250411.
INFO: Sample A01-0415 1.1 has a new calculated value of 4070.28885092585.
INFO: Sample A01-0415 1.1 has a new calculated value of 648058.995008467.
INFO: Sample R02-0168 1.1 has a new calculated value of 355412.932634354.
INFO: Sample R02-0168 1.1 has a new calculated value of 6939.99169394373.
INFO: Sample R02-0168 1.1 has a new calculated value of 432467.399239539.
INFO: Sample G01-0294 1.1 has a new calculated value of 172122.478187084.
INFO: Sample G01-0294 1.1 has a new calculated value of 1974.40890362486.
INFO: Sample G01-0294 1.1 has a new calculated value of 186002.174913883.
INFO: Sample N02-0184 1.1 has a new calculated value of 86838.0779027938.
INFO: Sample N02-0184 1.1 has a new calculated value of 0.
INFO: Sample N02-0184 1.1 has a new calculated value of 72352.5622487067.
INFO: Sample E01-0207 1.1 has a new calculated value of 209727.435708046.
INFO: Sample E01-0207 1.1 has a new calculated value of 1973.66504464299.
INFO: Sample E01-0207 1.1 has a new calculated value of 187914.40397501.
INFO: Sample D01-0220 1.1 has a new calculated value of 142768.127918243.
INFO: Sample D01-0220 1.1 has a new calculated value of 4673.21913689375.
INFO: Sample D01-0220 1.1 has a new calculated value of 107616.088986397.
INFO: Sample N02-0187 1.1 has a new calculated value of 54488.9006763698.
INFO: Sample N02-0187 1.1 has a new calculated value of 0.
INFO: Sample N02-0187 1.1 has a new calculated value of 65395.1829671861.
INFO: Sample G01-0297 1.1 has a new calculated value of 220216.63248539.
INFO: Sample G01-0297 1.1 has a new calculated value of 2312.05439195037.
INFO: Sample G01-0297 1.1 has a new calculated value of 222540.872097015.
INFO: Sample A02-0864 1.1 has a new calculated value of 0.
INFO: Sample A02-0864 1.1 has a new calculated value of 27266.1325335502.
INFO: Sample A02-0864 1.1 has a new calculated value of 0.
INFO: Sample Q01-0178 1.1 has a new calculated value of 111286.650449038.
INFO: Sample Q01-0178 1.1 has a new calculated value of 2058.18082904443.
INFO: Sample Q01-0178 1.1 has a new calculated value of 136057.200729847.
INFO: Sample G01-0213 1.1 has a new calculated value of 57217.4343466759.
INFO: Sample G01-0213 1.1 has a new calculated value of 4398.56888260693.
INFO: Sample G01-0213 1.1 has a new calculated value of 63824.4755566119.
INFO: Sample B01-0284 1.1 has a new calculated value of 141638.802140951.
INFO: Sample B01-0284 1.1 has a new calculated value of 6628.63634526729.
INFO: Sample B01-0284 1.1 has a new calculated value of 139422.007352114.
INFO: Sample E01-0206 1.1 has a new calculated value of 423237.099051477.
INFO: Sample E01-0206 1.1 has a new calculated value of 11591.7112492025.
INFO: Sample E01-0206 1.1 has a new calculated value of 425188.432931902.
INFO: Sample R01-0174 1.1 has a new calculated value of 39005.8299154042.
INFO: Sample R01-0174 1.1 has a new calculated value of 2293.45619212836.
INFO: Sample R01-0174 1.1 has a new calculated value of 29824.7250169516.
INFO: Sample Q01-0183 1.1 has a new calculated value of 24436.9234889746.
INFO: Sample Q01-0183 1.1 has a new calculated value of 0.
INFO: Sample Q01-0183 1.1 has a new calculated value of 12216.6812606156.
INFO: Sample J01-0174 1.1 has a new calculated value of 2050.62810564414.
INFO: Sample J01-0174 1.1 has a new calculated value of 0.
INFO: Sample J01-0174 1.1 has a new calculated value of 2050.62810564414.
INFO: Sample R01-0169 1.1 has a new calculated value of 6457.40199834109.
INFO: Sample R01-0169 1.1 has a new calculated value of 6457.40199834109.
INFO: Sample R01-0169 1.1 has a new calculated value of 1534357.18774795.
INFO: Sample D01-0223 1.1 has a new calculated value of 55190.6385272742.
INFO: Sample D01-0223 1.1 has a new calculated value of 0.
INFO: Sample D01-0223 1.1 has a new calculated value of 121515.482515097.
INFO: Sample M03-0164 1.1 has a new calculated value of 517984.305024147.
INFO: Sample M03-0164 1.1 has a new calculated value of 0.
INFO: Sample M03-0164 1.1 has a new calculated value of 555073.374509812.
INFO: Sample A02-0837 1.1 has a new calculated value of 1646841.26615524.
INFO: Sample A02-0837 1.1 has a new calculated value of 12634.8083093762.
INFO: Sample A02-0837 1.1 has a new calculated value of 1629325.97637177.
INFO: Sample H01-0409 1.1 has a new calculated value of 201620.422303677.
INFO: Sample H01-0409 1.1 has a new calculated value of 0.
INFO: Sample H01-0409 1.1 has a new calculated value of 190138.70716095.
INFO: Sample M03-0158 1.1 has a new calculated value of 504204.425811767.
INFO: Sample M03-0158 1.1 has a new calculated value of 2207.91599247605.
INFO: Sample M03-0158 1.1 has a new calculated value of 510908.710956573.
INFO: Sample B01-0290 1.1 has a new calculated value of 106845.340132713.
INFO: Sample B01-0290 1.1 has a new calculated value of 4541.0657208413.
INFO: Sample B01-0290 1.1 has a new calculated value of 104569.191634655.
INFO: Sample A02-0842 1.1 has a new calculated value of 20120.3298568726.
INFO: Sample A02-0842 1.1 has a new calculated value of 26829.2546644807.
INFO: Sample A02-0842 1.1 has a new calculated value of 6705.70358633995.
INFO: Sample A02-0873 1.1 has a new calculated value of 0.
INFO: Sample A02-0873 1.1 has a new calculated value of 139439.181536436.
INFO: Sample A02-0873 1.1 has a new calculated value of 0.
INFO: Sample N02-0193 1.1 has a new calculated value of 54927.6620149611.
INFO: Sample N02-0193 1.1 has a new calculated value of 3921.01831734181.
INFO: Sample N02-0193 1.1 has a new calculated value of 33340.3557166457.
INFO: Sample Q01-0175 1.1 has a new calculated value of 361798.501610757.
INFO: Sample Q01-0175 1.1 has a new calculated value of 2210.12806054205.
INFO: Sample Q01-0175 1.1 has a new calculated value of 350653.797984123.
INFO: Sample A01-0412 1.1 has a new calculated value of 134305.790662765.
INFO: Sample A01-0412 1.1 has a new calculated value of 12572.9001313448.
INFO: Sample A01-0412 1.1 has a new calculated value of 102789.234369993.
INFO: Sample H01-0407 1.1 has a new calculated value of 191764.563918114.
INFO: Sample H01-0407 1.1 has a new calculated value of 0.
INFO: Sample H01-0407 1.1 has a new calculated value of 198548.791408539.
INFO: Sample L01-0275 1.1 has a new calculated value of 968041.194677352.
INFO: Sample L01-0275 1.1 has a new calculated value of 8432.10247345267.
INFO: Sample L01-0275 1.1 has a new calculated value of 961570.587158203.
INFO: Sample R01-0160 1.1 has a new calculated value of 56118.2228475809.
INFO: Sample R01-0160 1.1 has a new calculated value of 7315.50763361155.
INFO: Sample R01-0160 1.1 has a new calculated value of 1857067.27981567.
INFO: Sample B01-0179 1.2 has a new calculated value of 213892.438709736.
INFO: Sample B01-0179 1.2 has a new calculated value of 2452.34287809581.
INFO: Sample B01-0179 1.2 has a new calculated value of 238547.874391079.
INFO: Sample R02-0175 1.1 has a new calculated value of 141849.258095026.
INFO: Sample R02-0175 1.1 has a new calculated value of 0.
INFO: Sample R02-0175 1.1 has a new calculated value of 125547.067075968.
INFO: Sample H01-0410 1.1 has a new calculated value of 343541.001677513.
INFO: Sample H01-0410 1.1 has a new calculated value of 0.
INFO: Sample H01-0410 1.1 has a new calculated value of 316316.708922386.
INFO: Sample Q01-0184 1.1 has a new calculated value of 0.
INFO: Sample Q01-0184 1.1 has a new calculated value of 2773.86859059334.
INFO: Sample Q01-0184 1.1 has a new calculated value of 0.
INFO: Sample A02-0833 1.1 has a new calculated value of 4470.82685306668.
INFO: Sample A02-0833 1.1 has a new calculated value of 11177.9616214335.
INFO: Sample A02-0833 1.1 has a new calculated value of 2235.35370547324.
INFO: Sample A02-0858 1.1 has a new calculated value of 0.
INFO: Sample A02-0858 1.1 has a new calculated value of 6874.16156753899.
INFO: Sample A02-0858 1.1 has a new calculated value of 10311.6654418409.
INFO: Sample G01-0280 1.1 has a new calculated value of 269475.811421871.
INFO: Sample G01-0280 1.1 has a new calculated value of 2098.57867565006.
INFO: Sample G01-0280 1.1 has a new calculated value of 239917.358458042.
INFO: Sample D01-0201 1.1 has a new calculated value of 133604.715317488.
INFO: Sample D01-0201 1.1 has a new calculated value of 11858.7434850633.
INFO: Sample D01-0201 1.1 has a new calculated value of 202056.401968002.
INFO: Sample L01-0271 1.1 has a new calculated value of 481186.839938163.
INFO: Sample L01-0271 1.1 has a new calculated value of 0.
INFO: Sample L01-0271 1.1 has a new calculated value of 365709.663033484.
INFO: Sample R02-0159 1.1 has a new calculated value of 78233.233988285.
INFO: Sample R02-0159 1.1 has a new calculated value of 0.
INFO: Sample R02-0159 1.1 has a new calculated value of 89421.340227127.
INFO: Sample D01-0224 1.1 has a new calculated value of 43860.83252728.
INFO: Sample D01-0224 1.1 has a new calculated value of 32891.3234174251.
INFO: Sample D01-0224 1.1 has a new calculated value of 178470.878899097.
INFO: Sample R02-0154 1.1 has a new calculated value of 121620.549112558.
INFO: Sample R02-0154 1.1 has a new calculated value of 0.
INFO: Sample R02-0154 1.1 has a new calculated value of 110795.538425446.
INFO: Sample J01-0173 1.1 has a new calculated value of 69202.1271586419.
INFO: Sample J01-0173 1.1 has a new calculated value of 0.
INFO: Sample J01-0173 1.1 has a new calculated value of 73159.9867343904.
INFO: Sample A04-0215 1.1 has a new calculated value of 174645.741283894.
INFO: Sample A04-0215 1.1 has a new calculated value of 2099.84038257971.
INFO: Sample A04-0215 1.1 has a new calculated value of 155673.05803299.
INFO: Sample A02-0852 1.1 has a new calculated value of 83538.6639833451.
INFO: Sample A02-0852 1.1 has a new calculated value of 0.
INFO: Sample A02-0852 1.1 has a new calculated value of 81394.5664465426.
LOW : WaTCH status of G01-0213 1.1 has been changed to Complete.
LOW : WaTCH status of Q01-0175 1.1 has been changed to Complete.
LOW : WaTCH status of G01-0281 1.1 has been changed to Complete.
LOW : WaTCH status of D01-0201 1.1 has been changed to Complete.
LOW : WaTCH status of Q01-0179 1.1 has been changed to Complete.
LOW : WaTCH status of R02-0151 1.1 has been changed to Complete.
LOW : WaTCH status of B01-0284 1.1 has been changed to Complete.
LOW : WaTCH status of J01-0172 1.1 has been changed to Complete.
LOW : WaTCH status of A02-0847 1.1 has been changed to Complete.
LOW : WaTCH status of N02-0193 1.1 has been changed to Complete.
LOW : WaTCH status of Q01-0182 1.1 has been changed to Complete.
LOW : WaTCH status of A02-0873 1.1 has been changed to Complete.
LOW : WaTCH status of C01-0307 1.1 has been changed to Complete.
LOW : WaTCH status of Q01-0176 1.1 has been changed to Complete.
LOW : WaTCH status of Q01-0177 1.1 has been changed to Complete.
LOW : WaTCH status of C01-0306 1.1 has been changed to Complete.
LOW : WaTCH status of M03-0158 1.1 has been changed to Complete.
LOW : WaTCH status of G01-0294 1.1 has been changed to Complete.
LOW : WaTCH status of A01-0412 1.1 has been changed to Complete.
LOW : WaTCH status of L01-0272 1.1 has been changed to Complete.
LOW : WaTCH status of E01-0208 1.1 has been changed to Complete.
LOW : WaTCH status of R01-0159 1.1 has been changed to Complete.
LOW : WaTCH status of R01-0160 1.1 has been changed to Complete.
LOW : WaTCH status of G01-0201 1.1 has been changed to Complete.
LOW : WaTCH status of R02-0168 1.1 has been changed to Complete.
LOW : WaTCH status of A01-0413 1.1 has been changed to Complete.
LOW : WaTCH status of A04-0214 1.1 has been changed to Complete.
LOW : WaTCH status of A02-0864 1.1 has been changed to Complete.
LOW : WaTCH status of A01-0414 1.1 has been changed to Complete.
LOW : WaTCH status of A02-0837 1.1 has been changed to Complete.
LOW : WaTCH status of L01-0274 1.1 has been changed to Complete.
LOW : WaTCH status of B01-0277 1.1 has been changed to Complete.
LOW : WaTCH status of L01-0270 1.1 has been changed to Complete.
LOW : WaTCH status of D01-0225 1.1 has been changed to Complete.
LOW : WaTCH status of J01-0174 1.1 has been changed to Complete.
LOW : WaTCH status of Q01-0180 1.1 has been changed to Complete.
LOW : WaTCH status of Q01-0184 1.1 has been changed to Complete.
LOW : WaTCH status of R02-0155 1.1 has been changed to Complete.
LOW : WaTCH status of G01-0212 1.1 has been changed to Complete.
LOW : WaTCH status of N02-0187 1.1 has been changed to Complete.
LOW : WaTCH status of Q01-0183 1.1 has been changed to Complete.
LOW : WaTCH status of H01-0411 1.1 has been changed to Complete.
LOW : WaTCH status of R01-0174 1.1 has been changed to Complete.
LOW : WaTCH status of R02-0159 1.1 has been changed to Complete.
LOW : WaTCH status of A02-0872 1.1 has been changed to Complete.
LOW : WaTCH status of G01-0285 1.1 has been changed to Complete.
LOW : WaTCH status of H01-0408 1.1 has been changed to Complete.
LOW : WaTCH status of R02-0163 1.1 has been changed to Complete.
LOW : WaTCH status of J01-0173 1.1 has been changed to Complete.
LOW : WaTCH status of G01-0297 1.1 has been changed to Complete.
LOW : WaTCH status of A02-0832 1.1 has been changed to Complete.
LOW : WaTCH status of M03-0164 1.1 has been changed to Complete.
LOW : WaTCH status of Q01-0174 1.1 has been changed to Complete.
LOW : WaTCH status of L01-0269 1.1 has been changed to Complete.
LOW : WaTCH status of H01-0410 1.1 has been changed to Complete.
LOW : WaTCH status of Q01-0173 1.1 has been changed to Complete.
LOW : WaTCH status of Q01-0181 1.1 has been changed to Complete.
LOW : WaTCH status of D01-0222 1.1 has been changed to Complete.
LOW : WaTCH status of E01-0206 1.1 has been changed to Complete.
LOW : WaTCH status of R01-0169 1.1 has been changed to Complete.
LOW : WaTCH status of L01-0271 1.1 has been changed to Complete.
LOW : WaTCH status of E01-0207 1.1 has been changed to Complete.
LOW : WaTCH status of A02-0843 1.1 has been changed to Complete.
LOW : WaTCH status of Q01-0178 1.1 has been changed to Complete.
LOW : WaTCH status of R02-0175 1.1 has been changed to Complete.
LOW : WaTCH status of A02-0852 1.1 has been changed to Complete.
LOW : WaTCH status of G01-0277 1.1 has been changed to Complete.
LOW : WaTCH status of A04-0215 1.1 has been changed to Complete.
LOW : WaTCH status of A02-0842 1.1 has been changed to Complete.
LOW : WaTCH status of B01-0290 1.1 has been changed to Complete.
LOW : WaTCH status of H01-0409 1.1 has been changed to Complete.
LOW : WaTCH status of G01-0223 1.1 has been changed to Complete.
LOW : WaTCH status of A02-0838 1.1 has been changed to Complete.
LOW : WaTCH status of N02-0184 1.1 has been changed to Complete.
LOW : WaTCH status of L01-0275 1.1 has been changed to Complete.
LOW : WaTCH status of A01-0415 1.1 has been changed to Complete.
LOW : WaTCH status of D01-0220 1.1 has been changed to Complete.
LOW : WaTCH status of A02-0858 1.1 has been changed to Complete.
LOW : WaTCH status of D01-0224 1.1 has been changed to Complete.
LOW : WaTCH status of B01-0281 1.1 has been changed to Complete.
LOW : WaTCH status of A02-0833 1.1 has been changed to Complete.
LOW : WaTCH status of R02-0154 1.1 has been changed to Complete.
LOW : WaTCH status of Q01-0185 1.1 has been changed to Complete.
LOW : WaTCH status of G01-0280 1.1 has been changed to Complete.
LOW : WaTCH status of R01-0175 1.1 has been changed to Complete.
LOW : WaTCH status of Q01-0172 1.1 has been changed to Complete.
LOW : WaTCH status of R02-0169 1.1 has been changed to Complete.
LOW : WaTCH status of D01-0223 1.1 has been changed to Complete.
LOW : WaTCH status of H01-0407 1.1 has been changed to Complete.
LOW : WaTCH status of H01-0412 1.1 has been changed to Complete.
#
# WaTCHdb update complete.
# 2022-11-30.15-14-37.
