# WaTCHdb update log.
# Command: 2_updateWaTCH.pl.
# Data output written to updates/watchdb/watchdb.2023-08-27.10-52-04.txt and updates/watchdb.LATEST.txt.
# Fatal errors and system warnings are NOT logged here; see STDERR for those.
#
# Run started 2023-08-27.10-52-04.
#
4 molecular targets added.
INFO: Finished WaTCHdb import. 9860 total assets present.
INFO: Finished AssetTiger import. 0 new assets added. 9860 total assets present.
INFO: Sample L01-0515 1.2 has a new calculated value of 0.
INFO: Sample L01-0515 1.2 has a new calculated value of 10247.8578686714.
INFO: Sample L01-0515 1.2 has a new calculated value of 15372.664835304.
INFO: Sample R02-0357 1.1 has a new calculated value of 4307.74535983801.
INFO: Sample R02-0357 1.1 has a new calculated value of 23697.7264657617.
INFO: Sample R02-0357 1.1 has a new calculated value of 40940.308123827.
INFO: Sample N03-0415 1.1 has a new calculated value of 0.
INFO: Sample N03-0415 1.1 has a new calculated value of 4546.37266695501.
INFO: Sample N03-0415 1.1 has a new calculated value of 6819.73152793945.
INFO: Sample C01-0490 1.1 has a new calculated value of 0.
INFO: Sample C01-0490 1.1 has a new calculated value of 10672.1576862037.
INFO: Sample C01-0490 1.1 has a new calculated value of 10672.1576862037.
INFO: Sample K01-0311 1.1 has a new calculated value of 15051.4260493219.
INFO: Sample K01-0311 1.1 has a new calculated value of 45169.4552600383.
INFO: Sample K01-0311 1.1 has a new calculated value of 47321.5156048535.
INFO: Sample G01-0446 1.1 has a new calculated value of 3158.28429535031.
INFO: Sample G01-0446 1.1 has a new calculated value of 301035.354137421.
INFO: Sample G01-0446 1.1 has a new calculated value of 313754.986524582.
INFO: Sample R02-0349 1.1 has a new calculated value of 0.
INFO: Sample R02-0349 1.1 has a new calculated value of 27936.5627467632.
INFO: Sample R02-0349 1.1 has a new calculated value of 38686.0350519418.
INFO: Sample C01-0489 1.1 has a new calculated value of 12298.4147071839.
INFO: Sample C01-0489 1.1 has a new calculated value of 32803.273871541.
INFO: Sample C01-0489 1.1 has a new calculated value of 34854.2745038867.
INFO: Sample R02-0346 1.1 has a new calculated value of 0.
INFO: Sample R02-0346 1.1 has a new calculated value of 6780.17707541585.
INFO: Sample R02-0346 1.1 has a new calculated value of 9040.46365991236.
INFO: Sample C01-0488 1.1 has a new calculated value of 0.
INFO: Sample C01-0488 1.1 has a new calculated value of 16584.9397145212.
INFO: Sample C01-0488 1.1 has a new calculated value of 14215.286616236.
INFO: Sample Q01-0437 1.1 has a new calculated value of 10637.7020850777.
INFO: Sample Q01-0437 1.1 has a new calculated value of 12765.545938164.
INFO: Sample Q01-0437 1.1 has a new calculated value of 21277.931034565.
INFO: Sample Q01-0441 1.1 has a new calculated value of 2137.58767582476.
INFO: Sample Q01-0441 1.1 has a new calculated value of 115575.898736715.
INFO: Sample Q01-0441 1.1 has a new calculated value of 115575.898736715.
INFO: Sample O01-0421 1.1 has a new calculated value of 0.
INFO: Sample O01-0421 1.1 has a new calculated value of 4019.49330233037.
INFO: Sample O01-0421 1.1 has a new calculated value of 0.
INFO: Sample J01-0332 1.1 has a new calculated value of 2257.55401421338.
INFO: Sample J01-0332 1.1 has a new calculated value of 11288.907956332.
INFO: Sample J01-0332 1.1 has a new calculated value of 13547.0307804644.
INFO: Sample N03-0407 1.1 has a new calculated value of 0.
INFO: Sample N03-0407 1.1 has a new calculated value of 2222.06722944975.
INFO: Sample N03-0407 1.1 has a new calculated value of 0.
INFO: Sample N03-0419 1.1 has a new calculated value of 0.
INFO: Sample N03-0419 1.1 has a new calculated value of 0.
INFO: Sample N03-0419 1.1 has a new calculated value of 2109.61180971935.
INFO: Sample N03-0422 1.1 has a new calculated value of 0.
INFO: Sample N03-0422 1.1 has a new calculated value of 2150.92617552728.
INFO: Sample N03-0422 1.1 has a new calculated value of 0.
INFO: Sample K01-0313 1.1 has a new calculated value of 7330.49576170741.
INFO: Sample K01-0313 1.1 has a new calculated value of 150515.366792679.
INFO: Sample K01-0313 1.1 has a new calculated value of 121106.784492731.
INFO: Sample N03-0403 1.1 has a new calculated value of 2242.41591989994.
INFO: Sample N03-0403 1.1 has a new calculated value of 0.
INFO: Sample N03-0403 1.1 has a new calculated value of 0.
INFO: Sample J01-0330 1.1 has a new calculated value of 0.
INFO: Sample J01-0330 1.1 has a new calculated value of 421246.082782745.
INFO: Sample J01-0330 1.1 has a new calculated value of 378515.726923941.
INFO: Sample O01-0427 1.1 has a new calculated value of 0.
INFO: Sample O01-0427 1.1 has a new calculated value of 0.
INFO: Sample O01-0427 1.1 has a new calculated value of 0.
INFO: Sample L01-0514 1.1 has a new calculated value of 0.
INFO: Sample L01-0514 1.1 has a new calculated value of 368855.885267256.
INFO: Sample L01-0514 1.1 has a new calculated value of 377728.092670441.
INFO: Sample Q01-0443 1.1 has a new calculated value of 15212.00934425.
INFO: Sample Q01-0443 1.1 has a new calculated value of 119662.275910378.
INFO: Sample Q01-0443 1.1 has a new calculated value of 161074.534356594.
INFO: Sample N03-0424 1.1 has a new calculated value of 0.
INFO: Sample N03-0424 1.1 has a new calculated value of 0.
INFO: Sample N03-0424 1.1 has a new calculated value of 6805.5768404156.
INFO: Sample N03-0417 1.1 has a new calculated value of 0.
INFO: Sample N03-0417 1.1 has a new calculated value of 2386.94539759308.
INFO: Sample N03-0417 1.1 has a new calculated value of 9548.54495823384.
INFO: Sample R02-0355 1.1 has a new calculated value of 10993.1363537908.
INFO: Sample R02-0355 1.1 has a new calculated value of 4598404.94155885.
INFO: Sample R02-0355 1.1 has a new calculated value of 4613022.73750304.
INFO: Sample L01-0517 1.1 has a new calculated value of 0.
INFO: Sample L01-0517 1.1 has a new calculated value of 760442.168712615.
INFO: Sample L01-0517 1.1 has a new calculated value of 751602.305173875.
INFO: Sample N03-0423 1.1 has a new calculated value of 0.
INFO: Sample N03-0423 1.1 has a new calculated value of 104626.056700945.
INFO: Sample N03-0423 1.1 has a new calculated value of 90661.7970764637.
INFO: Sample B01-0564 1.1 has a new calculated value of 4106.9854516536.
INFO: Sample B01-0564 1.1 has a new calculated value of 71926.6475737096.
INFO: Sample B01-0564 1.1 has a new calculated value of 76040.2299463748.
INFO: Sample N03-0409 1.1 has a new calculated value of 0.
INFO: Sample N03-0409 1.1 has a new calculated value of 2299.49040804058.
INFO: Sample N03-0409 1.1 has a new calculated value of 2299.49040804058.
INFO: Sample D01-0394 1.1 has a new calculated value of 13082.9604528844.
INFO: Sample D01-0394 1.1 has a new calculated value of 247039.497792721.
INFO: Sample D01-0394 1.1 has a new calculated value of 251424.14689064.
INFO: Sample K01-0312 1.1 has a new calculated value of 4402.76262816041.
INFO: Sample K01-0312 1.1 has a new calculated value of 68291.4834469555.
INFO: Sample K01-0312 1.1 has a new calculated value of 63882.4405521154.
INFO: Sample G01-0429 1.1 has a new calculated value of 11131.3123069704.
INFO: Sample G01-0429 1.1 has a new calculated value of 106974.893957376.
INFO: Sample G01-0429 1.1 has a new calculated value of 122596.768140793.
INFO: Sample O01-0426 1.1 has a new calculated value of 0.
INFO: Sample O01-0426 1.1 has a new calculated value of 0.
INFO: Sample O01-0426 1.1 has a new calculated value of 0.
INFO: Sample N03-0413 1.1 has a new calculated value of 0.
INFO: Sample N03-0413 1.1 has a new calculated value of 8240.40477164091.
INFO: Sample N03-0413 1.1 has a new calculated value of 0.
INFO: Sample N03-0404 1.1 has a new calculated value of 0.
INFO: Sample N03-0404 1.1 has a new calculated value of 11190.7997913659.
INFO: Sample N03-0404 1.1 has a new calculated value of 8952.41623744368.
INFO: Sample N03-0406 1.1 has a new calculated value of 2159.94604630396.
INFO: Sample N03-0406 1.1 has a new calculated value of 2159.94604630396.
INFO: Sample N03-0406 1.1 has a new calculated value of 6480.15014827253.
INFO: Sample R02-0362 1.1 has a new calculated value of 2155.06378328428.
INFO: Sample R02-0362 1.1 has a new calculated value of 23711.4033848047.
INFO: Sample R02-0362 1.1 has a new calculated value of 19399.3071466684.
INFO: Sample Q01-0442 1.1 has a new calculated value of 8771.91318199037.
INFO: Sample Q01-0442 1.1 has a new calculated value of 259496.030509472.
INFO: Sample Q01-0442 1.1 has a new calculated value of 248469.881415367.
INFO: Sample L01-0506 1.1 has a new calculated value of 0.
INFO: Sample L01-0506 1.1 has a new calculated value of 56302.7051836254.
INFO: Sample L01-0506 1.1 has a new calculated value of 47289.5199805499.
INFO: Sample G01-0441 1.1 has a new calculated value of 6629.38378751278.
INFO: Sample G01-0441 1.1 has a new calculated value of 314871.257543564.
INFO: Sample G01-0441 1.1 has a new calculated value of 292624.658346176.
INFO: Sample G01-0450 1.1 has a new calculated value of 0.
INFO: Sample G01-0450 1.1 has a new calculated value of 167307.845950127.
INFO: Sample G01-0450 1.1 has a new calculated value of 178634.993433952.
INFO: Sample D01-0359 1.1 has a new calculated value of 2169.56697637215.
INFO: Sample D01-0359 1.1 has a new calculated value of 280744.964182377.
INFO: Sample D01-0359 1.1 has a new calculated value of 335356.950759888.
INFO: Sample J01-0331 1.1 has a new calculated value of 0.
INFO: Sample J01-0331 1.1 has a new calculated value of 101161.551475525.
INFO: Sample J01-0331 1.1 has a new calculated value of 99006.8028867246.
INFO: Sample O01-0407 1.1 has a new calculated value of 2118.68848185986.
INFO: Sample O01-0407 1.1 has a new calculated value of 4237.47702967375.
INFO: Sample O01-0407 1.1 has a new calculated value of 0.
INFO: Sample O01-0418 1.1 has a new calculated value of 0.
INFO: Sample O01-0418 1.1 has a new calculated value of 0.
INFO: Sample O01-0418 1.1 has a new calculated value of 2192.81744677573.
INFO: Sample L01-0505 1.1 has a new calculated value of 0.
INFO: Sample L01-0505 1.1 has a new calculated value of 13712.1539376676.
INFO: Sample L01-0505 1.1 has a new calculated value of 22855.9217602015.
INFO: Sample J01-0329 1.1 has a new calculated value of 0.
INFO: Sample J01-0329 1.1 has a new calculated value of 67073.4116435051.
INFO: Sample J01-0329 1.1 has a new calculated value of 60781.0138911008.
INFO: Sample B01-0559 1.1 has a new calculated value of 0.
INFO: Sample B01-0559 1.1 has a new calculated value of 96090.6399786472.
INFO: Sample B01-0559 1.1 has a new calculated value of 117472.125738859.
INFO: Sample N03-0421 1.1 has a new calculated value of 0.
INFO: Sample N03-0421 1.1 has a new calculated value of 15351.2247093022.
INFO: Sample N03-0421 1.1 has a new calculated value of 10964.623130858.
INFO: Sample L01-0521 1.1 has a new calculated value of 2533.50220620632.
INFO: Sample L01-0521 1.1 has a new calculated value of 771702.861785889.
INFO: Sample L01-0521 1.1 has a new calculated value of 862004.077434538.
INFO: Sample L01-0511 1.1 has a new calculated value of 0.
INFO: Sample L01-0511 1.1 has a new calculated value of 6714.47966247798.
INFO: Sample L01-0511 1.1 has a new calculated value of 0.
INFO: Sample K01-0320 1.1 has a new calculated value of 0.
INFO: Sample K01-0320 1.1 has a new calculated value of 49232.627749443.
INFO: Sample K01-0320 1.1 has a new calculated value of 62084.8249644041.
INFO: Sample N03-0411 1.1 has a new calculated value of 0.
INFO: Sample N03-0411 1.1 has a new calculated value of 17961.3493010402.
INFO: Sample N03-0411 1.1 has a new calculated value of 15715.7864794135.
INFO: Sample G01-0425 1.1 has a new calculated value of 8398.71070347727.
INFO: Sample G01-0425 1.1 has a new calculated value of 216769.972443581.
INFO: Sample G01-0425 1.1 has a new calculated value of 208332.130908966.
INFO: Sample D01-0382 1.1 has a new calculated value of 4431.49934057148.
INFO: Sample D01-0382 1.1 has a new calculated value of 418488.360643387.
INFO: Sample D01-0382 1.1 has a new calculated value of 440858.219861983.
INFO: Sample D01-0395 1.1 has a new calculated value of 4370.55678572507.
INFO: Sample D01-0395 1.1 has a new calculated value of 245410.022735596.
INFO: Sample D01-0395 1.1 has a new calculated value of 245410.022735596.
INFO: Sample B01-0565 1.1 has a new calculated value of 6429.01724204422.
INFO: Sample B01-0565 1.1 has a new calculated value of 139502.289444208.
INFO: Sample B01-0565 1.1 has a new calculated value of 126606.957167387.
INFO: Sample Q01-0440 1.1 has a new calculated value of 6373.54301288725.
INFO: Sample Q01-0440 1.1 has a new calculated value of 46760.3860795499.
INFO: Sample Q01-0440 1.1 has a new calculated value of 53140.5785679818.
INFO: Sample Q01-0438 1.1 has a new calculated value of 4362.26033605636.
INFO: Sample Q01-0438 1.1 has a new calculated value of 30544.7454750538.
INFO: Sample Q01-0438 1.1 has a new calculated value of 26179.9354478717.
INFO: Sample Q01-0439 1.1 has a new calculated value of 4074.31192696095.
INFO: Sample Q01-0439 1.1 has a new calculated value of 314810.98651886.
INFO: Sample Q01-0439 1.1 has a new calculated value of 310708.310008049.
LOW : WaTCH status of N03-0422 1.1 has been changed to Complete.
LOW : WaTCH status of N03-0419 1.1 has been changed to Complete.
LOW : WaTCH status of R02-0357 1.1 has been changed to Complete.
LOW : WaTCH status of L01-0505 1.1 has been changed to Complete.
LOW : WaTCH status of N03-0403 1.1 has been changed to Complete.
LOW : WaTCH status of N03-0423 1.1 has been changed to Complete.
LOW : WaTCH status of O01-0421 1.1 has been changed to Complete.
LOW : WaTCH status of N03-0415 1.1 has been changed to Complete.
LOW : WaTCH status of R02-0362 1.1 has been changed to Complete.
LOW : WaTCH status of D01-0359 1.1 has been changed to Complete.
LOW : WaTCH status of Q01-0440 1.1 has been changed to Complete.
LOW : WaTCH status of R02-0349 1.1 has been changed to Complete.
LOW : WaTCH status of R02-0355 1.1 has been changed to Complete.
LOW : WaTCH status of C01-0489 1.1 has been changed to Complete.
LOW : WaTCH status of N03-0417 1.1 has been changed to Complete.
LOW : WaTCH status of J01-0330 1.1 has been changed to Complete.
LOW : WaTCH status of G01-0441 1.1 has been changed to Complete.
LOW : WaTCH status of J01-0329 1.1 has been changed to Complete.
LOW : WaTCH status of L01-0506 1.1 has been changed to Complete.
LOW : WaTCH status of B01-0565 1.1 has been changed to Complete.
LOW : WaTCH status of Q01-0439 1.1 has been changed to Complete.
LOW : WaTCH status of Q01-0437 1.1 has been changed to Complete.
LOW : WaTCH status of N03-0421 1.1 has been changed to Complete.
LOW : WaTCH status of L01-0511 1.1 has been changed to Complete.
LOW : WaTCH status of B01-0564 1.1 has been changed to Complete.
LOW : WaTCH status of R02-0346 1.1 has been changed to Complete.
LOW : WaTCH status of N03-0409 1.1 has been changed to Complete.
LOW : WaTCH status of K01-0313 1.1 has been changed to Complete.
LOW : WaTCH status of D01-0394 1.1 has been changed to Complete.
LOW : WaTCH status of C01-0490 1.1 has been changed to Complete.
LOW : WaTCH status of J01-0332 1.1 has been changed to Complete.
LOW : WaTCH status of Q01-0438 1.1 has been changed to Complete.
LOW : WaTCH status of Q01-0441 1.1 has been changed to Complete.
LOW : WaTCH status of K01-0312 1.1 has been changed to Complete.
LOW : WaTCH status of N03-0413 1.1 has been changed to Complete.
LOW : WaTCH status of O01-0426 1.1 has been changed to Complete.
LOW : WaTCH status of D01-0395 1.1 has been changed to Complete.
LOW : WaTCH status of N03-0404 1.1 has been changed to Complete.
LOW : WaTCH status of N03-0407 1.1 has been changed to Complete.
LOW : WaTCH status of L01-0517 1.1 has been changed to Complete.
LOW : WaTCH status of O01-0418 1.1 has been changed to Complete.
LOW : WaTCH status of N03-0424 1.1 has been changed to Complete.
LOW : WaTCH status of L01-0514 1.1 has been changed to Complete.
LOW : WaTCH status of O01-0407 1.1 has been changed to Complete.
LOW : WaTCH status of K01-0320 1.1 has been changed to Complete.
LOW : WaTCH status of G01-0425 1.1 has been changed to Complete.
LOW : WaTCH status of O01-0427 1.1 has been changed to Complete.
LOW : WaTCH status of B01-0559 1.1 has been changed to Complete.
LOW : WaTCH status of G01-0429 1.1 has been changed to Complete.
LOW : WaTCH status of N03-0406 1.1 has been changed to Complete.
LOW : WaTCH status of D01-0382 1.1 has been changed to Complete.
LOW : WaTCH status of Q01-0443 1.1 has been changed to Complete.
LOW : WaTCH status of N03-0411 1.1 has been changed to Complete.
LOW : WaTCH status of L01-0521 1.1 has been changed to Complete.
LOW : WaTCH status of G01-0450 1.1 has been changed to Complete.
LOW : WaTCH status of C01-0488 1.1 has been changed to Complete.
LOW : WaTCH status of K01-0311 1.1 has been changed to Complete.
LOW : WaTCH status of Q01-0442 1.1 has been changed to Complete.
LOW : WaTCH status of G01-0446 1.1 has been changed to Complete.
LOW : WaTCH status of J01-0331 1.1 has been changed to Complete.
#
# WaTCHdb update complete.
# 2023-08-27.10-52-06.
