# WaTCHdb update log.
# Command: 2_updateWaTCH.pl.
# Data output written to updates/watchdb/watchdb.2023-03-16.09-17-35.txt and updates/watchdb.LATEST.txt.
# Fatal errors and system warnings are NOT logged here; see STDERR for those.
#
# Run started 2023-03-16.09-17-35.
#
4 molecular targets added.
INFO: Finished WaTCHdb import. 7422 total assets present.
INFO: Finished AssetTiger import. 168 new assets added. 7590 total assets present.
INFO: Sample H01-0512 1.1 has a new calculated value of 50069.8522478342.
INFO: Sample H01-0512 1.1 has a new calculated value of 2383.01044330001.
INFO: Sample H01-0512 1.1 has a new calculated value of 45298.8816797733.
INFO: Sample H01-0515 1.1 has a new calculated value of 23813.9940798283.
INFO: Sample H01-0515 1.1 has a new calculated value of 7936.59179471434.
INFO: Sample H01-0515 1.1 has a new calculated value of 21167.3690378666.
INFO: Sample A01-0508 1.1 has a new calculated value of 150047.654807568.
INFO: Sample A01-0508 1.1 has a new calculated value of 58975.201919675.
INFO: Sample A01-0508 1.1 has a new calculated value of 132803.525179625.
INFO: Sample A02-1108 1.1 has a new calculated value of 16627.5768354535.
INFO: Sample A02-1108 1.1 has a new calculated value of 11084.3657143414.
INFO: Sample A02-1108 1.1 has a new calculated value of 2770.83449531346.
INFO: Sample A02-1112 1.1 has a new calculated value of 0.
INFO: Sample A02-1112 1.1 has a new calculated value of 80013.327151537.
INFO: Sample A02-1112 1.1 has a new calculated value of 2578.8461510092.
INFO: Sample B01-0318 1.1 has a new calculated value of 124732.066243887.
INFO: Sample B01-0318 1.1 has a new calculated value of 2707.87788089365.
INFO: Sample B01-0318 1.1 has a new calculated value of 141027.088612318.
INFO: Sample A02-1111 1.1 has a new calculated value of 15358.1767715514.
INFO: Sample A02-1111 1.1 has a new calculated value of 38405.3152799608.
INFO: Sample A02-1111 1.1 has a new calculated value of 26880.2654743194.
INFO: Sample G01-0315 1.1 has a new calculated value of 40553.234964609.
INFO: Sample G01-0315 1.1 has a new calculated value of 2533.50220620632.
INFO: Sample G01-0315 1.1 has a new calculated value of 35482.0707812905.
INFO: Sample G01-0320 1.1 has a new calculated value of 81992.265433073.
INFO: Sample G01-0320 1.1 has a new calculated value of 0.
INFO: Sample G01-0320 1.1 has a new calculated value of 87121.7577159406.
INFO: Sample B01-0313 1.1 has a new calculated value of 73477.2589802743.
INFO: Sample B01-0313 1.1 has a new calculated value of 2447.30188976973.
INFO: Sample B01-0313 1.1 has a new calculated value of 66124.1090297698.
INFO: Sample Q01-0290 1.1 has a new calculated value of 236184.275150299.
INFO: Sample Q01-0290 1.1 has a new calculated value of 2588.67862634361.
INFO: Sample Q01-0290 1.1 has a new calculated value of 246594.616770744.
INFO: Sample H01-0517 1.1 has a new calculated value of 18100.8831784129.
INFO: Sample H01-0517 1.1 has a new calculated value of 10342.4666449428.
INFO: Sample H01-0517 1.1 has a new calculated value of 18100.8831784129.
INFO: Sample A04-0335 1.1 has a new calculated value of 98516.9903934002.
INFO: Sample A04-0335 1.1 has a new calculated value of 40391.0315036773.
INFO: Sample A04-0335 1.1 has a new calculated value of 118752.400875092.
INFO: Sample G01-0319 1.1 has a new calculated value of 30987.3756766319.
INFO: Sample G01-0319 1.1 has a new calculated value of 2382.8838346526.
INFO: Sample G01-0319 1.1 has a new calculated value of 23834.5402479172.
INFO: Sample Q01-0293 1.1 has a new calculated value of 708655.496835709.
INFO: Sample Q01-0293 1.1 has a new calculated value of 7150.5522262305.
INFO: Sample Q01-0293 1.1 has a new calculated value of 609491.314887999.
INFO: Sample N02-0236 1.1 has a new calculated value of 42047.8476583958.
INFO: Sample N02-0236 1.1 has a new calculated value of 2334.95675493032.
INFO: Sample N02-0236 1.1 has a new calculated value of 32700.468711555.
INFO: Sample N02-0274 1.1 has a new calculated value of 38690.0100857019.
INFO: Sample N02-0274 1.1 has a new calculated value of 2762.46452238411.
INFO: Sample N02-0274 1.1 has a new calculated value of 30396.4801132679.
INFO: Sample H01-0514 1.1 has a new calculated value of 12249.219417572.
INFO: Sample H01-0514 1.1 has a new calculated value of 2449.57606773824.
INFO: Sample H01-0514 1.1 has a new calculated value of 7349.12979416549.
INFO: Sample G01-0317 1.1 has a new calculated value of 130040.197223425.
INFO: Sample G01-0317 1.1 has a new calculated value of 0.
INFO: Sample G01-0317 1.1 has a new calculated value of 125031.663179398.
INFO: Sample Q01-0296 1.1 has a new calculated value of 0.
INFO: Sample Q01-0296 1.1 has a new calculated value of 2501.95807311684.
INFO: Sample Q01-0296 1.1 has a new calculated value of 0.
INFO: Sample A02-1114 1.1 has a new calculated value of 78481.2319278717.
INFO: Sample A02-1114 1.1 has a new calculated value of 133791.278600693.
INFO: Sample A02-1114 1.1 has a new calculated value of 95940.1917457582.
INFO: Sample Q01-0292 1.1 has a new calculated value of 891873.975992202.
INFO: Sample Q01-0292 1.1 has a new calculated value of 0.
INFO: Sample Q01-0292 1.1 has a new calculated value of 878858.356475829.
INFO: Sample B01-0431 1.1 has a new calculated value of 41432.1633428334.
INFO: Sample B01-0431 1.1 has a new calculated value of 7308.77534486353.
INFO: Sample B01-0431 1.1 has a new calculated value of 43870.5450296403.
INFO: Sample Q01-0295 1.1 has a new calculated value of 93373.1523156166.
INFO: Sample Q01-0295 1.1 has a new calculated value of 7773.66955764593.
INFO: Sample Q01-0295 1.1 has a new calculated value of 77797.4496781827.
INFO: Sample B01-0393 1.1 has a new calculated value of 124213.74052763.
INFO: Sample B01-0393 1.1 has a new calculated value of 2480.90361244976.
INFO: Sample B01-0393 1.1 has a new calculated value of 111776.86214447.
INFO: Sample N02-0247 1.1 has a new calculated value of 38345.0654894114.
INFO: Sample N02-0247 1.1 has a new calculated value of 0.
INFO: Sample N02-0247 1.1 has a new calculated value of 35787.7045869827.
INFO: Sample G01-0324 1.1 has a new calculated value of 42597.5064933301.
INFO: Sample G01-0324 1.1 has a new calculated value of 0.
INFO: Sample G01-0324 1.1 has a new calculated value of 37583.9314609766.
INFO: Sample A02-1109 1.1 has a new calculated value of 7183.41154977679.
INFO: Sample A02-1109 1.1 has a new calculated value of 119874.124825001.
INFO: Sample A02-1109 1.1 has a new calculated value of 0.
INFO: Sample Q01-0291 1.1 has a new calculated value of 61635.1577639579.
INFO: Sample Q01-0291 1.1 has a new calculated value of 5133.02617706358.
INFO: Sample Q01-0291 1.1 has a new calculated value of 61635.1577639579.
INFO: Sample A04-0336 1.1 has a new calculated value of 187522.948086262.
INFO: Sample A04-0336 1.1 has a new calculated value of 36914.2996519803.
INFO: Sample A04-0336 1.1 has a new calculated value of 163708.962500095.
INFO: Sample N02-0280 1.1 has a new calculated value of 78708.4288895131.
INFO: Sample N02-0280 1.1 has a new calculated value of 0.
INFO: Sample N02-0280 1.1 has a new calculated value of 57705.9940248728.
INFO: Sample A01-0509 1.1 has a new calculated value of 113070.735633373.
INFO: Sample A01-0509 1.1 has a new calculated value of 56499.6986836195.
INFO: Sample A01-0509 1.1 has a new calculated value of 148463.926613331.
INFO: Sample H01-0518 1.1 has a new calculated value of 63337.56364882.
INFO: Sample H01-0518 1.1 has a new calculated value of 9377.69601121544.
INFO: Sample H01-0518 1.1 has a new calculated value of 86818.6613917352.
INFO: Sample H01-0513 1.1 has a new calculated value of 21753.0686035752.
INFO: Sample H01-0513 1.1 has a new calculated value of 0.
INFO: Sample H01-0513 1.1 has a new calculated value of 16313.8114102185.
INFO: Sample A02-1110 1.1 has a new calculated value of 47804.1169792412.
INFO: Sample A02-1110 1.1 has a new calculated value of 60392.6242142917.
INFO: Sample A02-1110 1.1 has a new calculated value of 45286.8376672269.
INFO: Sample Q01-0294 1.1 has a new calculated value of 70272.6003527642.
INFO: Sample Q01-0294 1.1 has a new calculated value of 5015.81788994372.
INFO: Sample Q01-0294 1.1 has a new calculated value of 62738.1149679424.
INFO: Sample A02-1116 1.1 has a new calculated value of 62868.3865070345.
INFO: Sample A02-1116 1.1 has a new calculated value of 541029.002666473.
INFO: Sample A02-1116 1.1 has a new calculated value of 55319.5213526486.
INFO: Sample H01-0516 1.1 has a new calculated value of 11908.7201915681.
INFO: Sample H01-0516 1.1 has a new calculated value of 9526.72261744737.
INFO: Sample H01-0516 1.1 has a new calculated value of 16673.0943694711.
INFO: Sample B01-0437 1.1 has a new calculated value of 83785.6002151967.
INFO: Sample B01-0437 1.1 has a new calculated value of 2536.65733616799.
INFO: Sample B01-0437 1.1 has a new calculated value of 93952.0888030528.
LOW : WaTCH status of B01-0393 1.1 has been changed to Complete.
LOW : WaTCH status of A02-1110 1.1 has been changed to Complete.
LOW : WaTCH status of Q01-0294 1.1 has been changed to Complete.
LOW : WaTCH status of Q01-0292 1.1 has been changed to Complete.
LOW : WaTCH status of G01-0315 1.1 has been changed to Complete.
LOW : WaTCH status of H01-0514 1.1 has been changed to Complete.
LOW : WaTCH status of H01-0512 1.1 has been changed to Complete.
LOW : WaTCH status of G01-0324 1.1 has been changed to Complete.
LOW : WaTCH status of H01-0517 1.1 has been changed to Complete.
LOW : WaTCH status of A02-1114 1.1 has been changed to Complete.
LOW : WaTCH status of A02-1112 1.1 has been changed to Complete.
LOW : WaTCH status of A02-1108 1.1 has been changed to Complete.
LOW : WaTCH status of B01-0437 1.1 has been changed to Complete.
LOW : WaTCH status of Q01-0290 1.1 has been changed to Complete.
LOW : WaTCH status of A01-0508 1.1 has been changed to Complete.
LOW : WaTCH status of B01-0318 1.1 has been changed to Complete.
LOW : WaTCH status of G01-0320 1.1 has been changed to Complete.
LOW : WaTCH status of B01-0313 1.1 has been changed to Complete.
LOW : WaTCH status of G01-0319 1.1 has been changed to Complete.
LOW : WaTCH status of N02-0247 1.1 has been changed to Complete.
LOW : WaTCH status of A04-0336 1.1 has been changed to Complete.
LOW : WaTCH status of Q01-0296 1.1 has been changed to Complete.
LOW : WaTCH status of N02-0236 1.1 has been changed to Complete.
LOW : WaTCH status of H01-0516 1.1 has been changed to Complete.
LOW : WaTCH status of N02-0274 1.1 has been changed to Complete.
LOW : WaTCH status of Q01-0291 1.1 has been changed to Complete.
LOW : WaTCH status of A02-1109 1.1 has been changed to Complete.
LOW : WaTCH status of G01-0317 1.1 has been changed to Complete.
LOW : WaTCH status of A02-1116 1.1 has been changed to Complete.
LOW : WaTCH status of H01-0515 1.1 has been changed to Complete.
LOW : WaTCH status of A01-0509 1.1 has been changed to Complete.
LOW : WaTCH status of H01-0513 1.1 has been changed to Complete.
LOW : WaTCH status of N02-0280 1.1 has been changed to Complete.
LOW : WaTCH status of Q01-0295 1.1 has been changed to Complete.
LOW : WaTCH status of Q01-0293 1.1 has been changed to Complete.
LOW : WaTCH status of A02-1111 1.1 has been changed to Complete.
LOW : WaTCH status of H01-0518 1.1 has been changed to Complete.
LOW : WaTCH status of B01-0431 1.1 has been changed to Complete.
LOW : WaTCH status of A04-0335 1.1 has been changed to Complete.
#
# WaTCHdb update complete.
# 2023-03-16.09-17-36.
