# WaTCHdb update log.
# Command: 2_updateWaTCH.pl.
# Data output written to updates/watchdb/watchdb.2023-07-06.09-30-41.txt and updates/watchdb.LATEST.txt.
# Fatal errors and system warnings are NOT logged here; see STDERR for those.
#
# Run started 2023-07-06.09-30-41.
#
4 molecular targets added.
INFO: Finished WaTCHdb import. 8909 total assets present.
INFO: Finished AssetTiger import. 284 new assets added. 9193 total assets present.
INFO: Sample H01-0605 1.1 has a new calculated value of 18928.838968277.
INFO: Sample H01-0605 1.1 has a new calculated value of 10815.4999092221.
INFO: Sample H01-0605 1.1 has a new calculated value of 0.
INFO: Sample O01-0376 1.1 has a new calculated value of 13855.6002080441.
INFO: Sample O01-0376 1.1 has a new calculated value of 4618.05758066475.
INFO: Sample O01-0376 1.1 has a new calculated value of 9236.59080639482.
INFO: Sample G01-0361 1.1 has a new calculated value of 22149.8309075832.
INFO: Sample G01-0361 1.1 has a new calculated value of 24365.4153496027.
INFO: Sample G01-0361 1.1 has a new calculated value of 8858.61807502807.
INFO: Sample A01-0587 1.1 has a new calculated value of 59014.0349417925.
INFO: Sample A01-0587 1.1 has a new calculated value of 54093.2319313288.
INFO: Sample A01-0587 1.1 has a new calculated value of 68857.2717458011.
INFO: Sample H01-0604 1.1 has a new calculated value of 13055.7701177895.
INFO: Sample H01-0604 1.1 has a new calculated value of 5221.85183130205.
INFO: Sample H01-0604 1.1 has a new calculated value of 5221.85183130205.
INFO: Sample H01-0608 1.1 has a new calculated value of 3336.28543652594.
INFO: Sample H01-0608 1.1 has a new calculated value of 10009.6021592617.
INFO: Sample H01-0608 1.1 has a new calculated value of 20021.4402750134.
INFO: Sample T01-0157 1.1 has a new calculated value of 3167.66103263944.
INFO: Sample T01-0157 1.1 has a new calculated value of 0.
INFO: Sample T01-0157 1.1 has a new calculated value of 0.
INFO: Sample G01-0368 1.1 has a new calculated value of 41391.890645027.
INFO: Sample G01-0368 1.1 has a new calculated value of 29890.3088271618.
INFO: Sample G01-0368 1.1 has a new calculated value of 6895.99452540278.
INFO: Sample G01-0364 1.1 has a new calculated value of 300875.367522239.
INFO: Sample G01-0364 1.1 has a new calculated value of 314294.639825821.
INFO: Sample G01-0364 1.1 has a new calculated value of 17773.4535746276.
INFO: Sample A04-0434 1.1 has a new calculated value of 51183.6983263492.
INFO: Sample A04-0434 1.1 has a new calculated value of 65153.037160635.
INFO: Sample A04-0434 1.1 has a new calculated value of 23258.0690458417.
INFO: Sample A04-0438 1.1 has a new calculated value of 34530.5237174034.
INFO: Sample A04-0438 1.1 has a new calculated value of 29216.4025828242.
INFO: Sample A04-0438 1.1 has a new calculated value of 26559.5787763596.
INFO: Sample O01-0361 1.1 has a new calculated value of 0.
INFO: Sample O01-0361 1.1 has a new calculated value of 2197.87223730236.
INFO: Sample O01-0361 1.1 has a new calculated value of 2197.87223730236.
INFO: Sample O01-0356 1.1 has a new calculated value of 4799.58465322852.
INFO: Sample O01-0356 1.1 has a new calculated value of 7199.56914894283.
INFO: Sample O01-0356 1.1 has a new calculated value of 7199.56914894283.
INFO: Sample T01-0160 1.1 has a new calculated value of 3037.12884429842.
INFO: Sample T01-0160 1.1 has a new calculated value of 0.
INFO: Sample T01-0160 1.1 has a new calculated value of 3037.12884429842.
INFO: Sample A01-0583 1.1 has a new calculated value of 87842.6997363568.
INFO: Sample A01-0583 1.1 has a new calculated value of 69335.1846188305.
INFO: Sample A01-0583 1.1 has a new calculated value of 53147.3777443171.
INFO: Sample A01-0585 1.1 has a new calculated value of 80276.8854796887.
INFO: Sample A01-0585 1.1 has a new calculated value of 95830.9632539749.
INFO: Sample A01-0585 1.1 has a new calculated value of 33646.9917744398.
INFO: Sample E01-0280 1.1 has a new calculated value of 2225.15666624531.
INFO: Sample E01-0280 1.1 has a new calculated value of 2225.15666624531.
INFO: Sample E01-0280 1.1 has a new calculated value of 0.
INFO: Sample A04-0433 1.1 has a new calculated value of 574356.772899629.
INFO: Sample A04-0433 1.1 has a new calculated value of 550001.027584077.
INFO: Sample A04-0433 1.1 has a new calculated value of 10934.1245144606.
INFO: Sample T01-0158 1.1 has a new calculated value of 2942.78894551098.
INFO: Sample T01-0158 1.1 has a new calculated value of 0.
INFO: Sample T01-0158 1.1 has a new calculated value of 2942.78894551098.
INFO: Sample H01-0607 1.1 has a new calculated value of 20211.6834372282.
INFO: Sample H01-0607 1.1 has a new calculated value of 60662.4168902636.
INFO: Sample H01-0607 1.1 has a new calculated value of 0.
INFO: Sample O01-0367 1.1 has a new calculated value of 66449.9556273223.
INFO: Sample O01-0367 1.1 has a new calculated value of 73329.715579748.
INFO: Sample O01-0367 1.1 has a new calculated value of 4579.59350198505.
INFO: Sample A01-0584 1.1 has a new calculated value of 109801.142960787.
INFO: Sample A01-0584 1.1 has a new calculated value of 114798.499345779.
INFO: Sample A01-0584 1.1 has a new calculated value of 104804.330170155.
INFO: Sample A01-0588 1.1 has a new calculated value of 40217.1789854764.
INFO: Sample A01-0588 1.1 has a new calculated value of 42899.6090590954.
INFO: Sample A01-0588 1.1 has a new calculated value of 75101.2896001339.
INFO: Sample A04-0437 1.1 has a new calculated value of 82017.7888870239.
INFO: Sample A04-0437 1.1 has a new calculated value of 75177.2399246694.
INFO: Sample A04-0437 1.1 has a new calculated value of 29600.2226695418.
INFO: Sample H01-0603 1.1 has a new calculated value of 41890.617236495.
INFO: Sample H01-0603 1.1 has a new calculated value of 39562.3303949833.
INFO: Sample H01-0603 1.1 has a new calculated value of 9305.64215406776.
INFO: Sample O01-0366 1.1 has a new calculated value of 9153.57375517487.
INFO: Sample O01-0366 1.1 has a new calculated value of 2288.2179915905.
INFO: Sample O01-0366 1.1 has a new calculated value of 2288.2179915905.
INFO: Sample M03-0275 1.1 has a new calculated value of 0.
INFO: Sample M03-0275 1.1 has a new calculated value of 0.
INFO: Sample M03-0275 1.1 has a new calculated value of 0.
INFO: Sample O01-0375 1.1 has a new calculated value of 2301.85270775109.
INFO: Sample O01-0375 1.1 has a new calculated value of 2301.85270775109.
INFO: Sample O01-0375 1.1 has a new calculated value of 2301.85270775109.
INFO: Sample H01-0606 1.1 has a new calculated value of 5699.010360986.
INFO: Sample H01-0606 1.1 has a new calculated value of 5699.010360986.
INFO: Sample H01-0606 1.1 has a new calculated value of 8548.78733865916.
INFO: Sample A04-0439 1.1 has a new calculated value of 59560.258090496.
INFO: Sample A04-0439 1.1 has a new calculated value of 69926.6492575407.
INFO: Sample A04-0439 1.1 has a new calculated value of 41424.8418062926.
INFO: Sample G01-0374 1.1 has a new calculated value of 111431.399434805.
INFO: Sample G01-0374 1.1 has a new calculated value of 92840.2429819107.
INFO: Sample G01-0374 1.1 has a new calculated value of 7950.20288787782.
INFO: Sample H01-0609 1.1 has a new calculated value of 4658.86803343894.
INFO: Sample H01-0609 1.1 has a new calculated value of 13978.057578206.
INFO: Sample H01-0609 1.1 has a new calculated value of 0.
INFO: Sample E01-0281 1.1 has a new calculated value of 4699.41996037962.
INFO: Sample E01-0281 1.1 has a new calculated value of 11749.4735866785.
INFO: Sample E01-0281 1.1 has a new calculated value of 2349.64840114117.
INFO: Sample O01-0371 1.1 has a new calculated value of 0.
INFO: Sample O01-0371 1.1 has a new calculated value of 0.
INFO: Sample O01-0371 1.1 has a new calculated value of 0.
INFO: Sample A01-0586 1.1 has a new calculated value of 113620.870113373.
INFO: Sample A01-0586 1.1 has a new calculated value of 82164.9840474128.
INFO: Sample A01-0586 1.1 has a new calculated value of 55565.7016485928.
INFO: Sample C01-0440 1.1 has a new calculated value of 4911.63675673306.
INFO: Sample C01-0440 1.1 has a new calculated value of 19649.7788652777.
INFO: Sample C01-0440 1.1 has a new calculated value of 17193.0848434567.
INFO: Sample G01-0373 1.1 has a new calculated value of 12959.8639346659.
INFO: Sample G01-0373 1.1 has a new calculated value of 5183.49551595749.
INFO: Sample G01-0373 1.1 has a new calculated value of 28516.6501253843.
INFO: Sample R01-0323 1.1 has a new calculated value of 0.
INFO: Sample R01-0323 1.1 has a new calculated value of 0.
INFO: Sample R01-0323 1.1 has a new calculated value of 39331.5151333807.
INFO: Sample Q01-0382 1.1 has a new calculated value of 251150.650978088.
INFO: Sample Q01-0382 1.1 has a new calculated value of 279671.688079834.
INFO: Sample Q01-0382 1.1 has a new calculated value of 18905.736207962.
INFO: Sample T01-0161 1.1 has a new calculated value of 8445.13971358537.
INFO: Sample T01-0161 1.1 has a new calculated value of 14076.1169046164.
INFO: Sample T01-0161 1.1 has a new calculated value of 5629.91601414977.
INFO: Sample A01-0589 1.1 has a new calculated value of 60702.8212398289.
INFO: Sample A01-0589 1.1 has a new calculated value of 58171.8883663416.
INFO: Sample A01-0589 1.1 has a new calculated value of 48049.6135354043.
INFO: Sample O01-0357 1.1 has a new calculated value of 4346.81514278055.
INFO: Sample O01-0357 1.1 has a new calculated value of 8694.05231438576.
INFO: Sample O01-0357 1.1 has a new calculated value of 6520.38090862333.
INFO: Sample T01-0159 1.1 has a new calculated value of 3363.07710036635.
INFO: Sample T01-0159 1.1 has a new calculated value of 6726.40635631979.
INFO: Sample T01-0159 1.1 has a new calculated value of 0.
INFO: Sample A04-0440 1.1 has a new calculated value of 24933.9640885591.
INFO: Sample A04-0440 1.1 has a new calculated value of 14958.7145447731.
INFO: Sample A04-0440 1.1 has a new calculated value of 37406.1506241558.
INFO: Sample L01-0460 1.1 has a new calculated value of 0.
INFO: Sample L01-0460 1.1 has a new calculated value of 0.
INFO: Sample L01-0460 1.1 has a new calculated value of 8292.50595532358.
INFO: Sample Q01-0386 1.1 has a new calculated value of 11291.7522713542.
INFO: Sample Q01-0386 1.1 has a new calculated value of 11291.7522713542.
INFO: Sample Q01-0386 1.1 has a new calculated value of 31624.0796819329.
INFO: Sample K01-0251 1.1 has a new calculated value of 140383.421927691.
INFO: Sample K01-0251 1.1 has a new calculated value of 120994.022637606.
INFO: Sample K01-0251 1.1 has a new calculated value of 7250.43609738351.
INFO: Sample R02-0310 1.1 has a new calculated value of 4579.82760854066.
INFO: Sample R02-0310 1.1 has a new calculated value of 9160.12236848475.
INFO: Sample R02-0310 1.1 has a new calculated value of 0.
INFO: Sample A01-0590 1.1 has a new calculated value of 59203.757867217.
INFO: Sample A01-0590 1.1 has a new calculated value of 68683.627322316.
INFO: Sample A01-0590 1.1 has a new calculated value of 99507.0455968379.
INFO: Sample L01-0466 1.1 has a new calculated value of 9867.0742660761.
INFO: Sample L01-0466 1.1 has a new calculated value of 2466.56498406082.
INFO: Sample L01-0466 1.1 has a new calculated value of 9867.0742660761.
INFO: Sample C01-0439 1.1 has a new calculated value of 194004.648327827.
INFO: Sample C01-0439 1.1 has a new calculated value of 211235.519349575.
INFO: Sample C01-0439 1.1 has a new calculated value of 24511.1708343029.
INFO: Sample O01-0362 1.1 has a new calculated value of 4801.1267837137.
INFO: Sample O01-0362 1.1 has a new calculated value of 2400.49915853888.
INFO: Sample O01-0362 1.1 has a new calculated value of 4801.1267837137.
INFO: Sample M03-0262 1.1 has a new calculated value of 0.
INFO: Sample M03-0262 1.1 has a new calculated value of 2320.56742999703.
INFO: Sample M03-0262 1.1 has a new calculated value of 0.
INFO: Sample E01-0279 1.1 has a new calculated value of 6676.46468617021.
INFO: Sample E01-0279 1.1 has a new calculated value of 8902.17410400511.
INFO: Sample E01-0279 1.1 has a new calculated value of 2225.37776688114.
INFO: Sample D01-0291 1.1 has a new calculated value of 14566.8647624552.
INFO: Sample D01-0291 1.1 has a new calculated value of 47359.6351593733.
INFO: Sample D01-0291 1.1 has a new calculated value of 3641.27239678056.
INFO: Sample R02-0316 1.1 has a new calculated value of 9047.30848968028.
INFO: Sample R02-0316 1.1 has a new calculated value of 9047.30848968028.
INFO: Sample R02-0316 1.1 has a new calculated value of 2261.65592204779.
INFO: Sample C01-0436 1.1 has a new calculated value of 30874.5501190424.
INFO: Sample C01-0436 1.1 has a new calculated value of 27786.1378714442.
INFO: Sample C01-0436 1.1 has a new calculated value of 24697.9358419776.
INFO: Sample D01-0290 1.1 has a new calculated value of 3255.33526483923.
INFO: Sample D01-0290 1.1 has a new calculated value of 16279.0426053107.
INFO: Sample D01-0290 1.1 has a new calculated value of 26049.3071749806.
INFO: Sample Q01-0385 1.1 has a new calculated value of 54735.9473258256.
INFO: Sample Q01-0385 1.1 has a new calculated value of 69675.5426377057.
INFO: Sample Q01-0385 1.1 has a new calculated value of 12434.1179430485.
INFO: Sample Q01-0384 1.1 has a new calculated value of 216944.704055786.
INFO: Sample Q01-0384 1.1 has a new calculated value of 216944.704055786.
INFO: Sample Q01-0384 1.1 has a new calculated value of 22139.3730863929.
INFO: Sample Q01-0381 1.1 has a new calculated value of 652204.989194869.
INFO: Sample Q01-0381 1.1 has a new calculated value of 616770.722866057.
INFO: Sample Q01-0381 1.1 has a new calculated value of 13976.603038609.
INFO: Sample C01-0437 1.1 has a new calculated value of 26438.9156922698.
INFO: Sample C01-0437 1.1 has a new calculated value of 52893.442735076.
INFO: Sample C01-0437 1.1 has a new calculated value of 5286.53584420681.
INFO: Sample R01-0293 1.1 has a new calculated value of 0.
INFO: Sample R01-0293 1.1 has a new calculated value of 2378.83580848575.
INFO: Sample R01-0293 1.1 has a new calculated value of 171599.778234959.
INFO: Sample D01-0296 1.1 has a new calculated value of 0.
INFO: Sample D01-0296 1.1 has a new calculated value of 25903.3287316561.
INFO: Sample D01-0296 1.1 has a new calculated value of 5755.00164180994.
INFO: Sample Q01-0387 1.1 has a new calculated value of 14397.9831598699.
INFO: Sample Q01-0387 1.1 has a new calculated value of 2399.34242796153.
INFO: Sample Q01-0387 1.1 has a new calculated value of 9598.14051166176.
INFO: Sample R01-0294 1.1 has a new calculated value of 5369.19722333551.
INFO: Sample R01-0294 1.1 has a new calculated value of 0.
INFO: Sample R01-0294 1.1 has a new calculated value of 83294.9383556844.
INFO: Sample O01-0372 1.1 has a new calculated value of 0.
INFO: Sample O01-0372 1.1 has a new calculated value of 2179.91000041366.
INFO: Sample O01-0372 1.1 has a new calculated value of 0.
INFO: Sample E01-0282 1.1 has a new calculated value of 0.
INFO: Sample E01-0282 1.1 has a new calculated value of 0.
INFO: Sample E01-0282 1.1 has a new calculated value of 8445.67056745291.
INFO: Sample D01-0299 1.1 has a new calculated value of 2514.7349294275.
INFO: Sample D01-0299 1.1 has a new calculated value of 32702.5666460395.
INFO: Sample D01-0299 1.1 has a new calculated value of 2514.7349294275.
INFO: Sample R01-0322 1.1 has a new calculated value of 0.
INFO: Sample R01-0322 1.1 has a new calculated value of 0.
INFO: Sample R01-0322 1.1 has a new calculated value of 70805.4884523153.
INFO: Sample A04-0441 1.1 has a new calculated value of 49542.6464080811.
INFO: Sample A04-0441 1.1 has a new calculated value of 41716.4801806212.
INFO: Sample A04-0441 1.1 has a new calculated value of 28675.9084090591.
INFO: Sample L01-0411 1.1 has a new calculated value of 2291.84611234814.
INFO: Sample L01-0411 1.1 has a new calculated value of 4583.809543401.
INFO: Sample L01-0411 1.1 has a new calculated value of 6875.88949687781.
INFO: Sample R01-0302 1.1 has a new calculated value of 0.
INFO: Sample R01-0302 1.1 has a new calculated value of 0.
INFO: Sample R01-0302 1.1 has a new calculated value of 20287.7632901072.
INFO: Sample C01-0438 1.1 has a new calculated value of 99339.9327993393.
INFO: Sample C01-0438 1.1 has a new calculated value of 65449.3003338574.
INFO: Sample C01-0438 1.1 has a new calculated value of 18045.4323068261.
INFO: Sample Q01-0383 1.1 has a new calculated value of 174996.971189976.
INFO: Sample Q01-0383 1.1 has a new calculated value of 157953.351438045.
INFO: Sample Q01-0383 1.1 has a new calculated value of 9704.14565876126.
INFO: Sample L01-0431 1.1 has a new calculated value of 5359.24424417316.
INFO: Sample L01-0431 1.1 has a new calculated value of 0.
INFO: Sample L01-0431 1.1 has a new calculated value of 0.
LOW : WaTCH status of G01-0364 1.1 has been changed to Complete.
LOW : WaTCH status of G01-0374 1.1 has been changed to Complete.
LOW : WaTCH status of O01-0356 1.1 has been changed to Complete.
LOW : WaTCH status of H01-0603 1.1 has been changed to Complete.
LOW : WaTCH status of Q01-0383 1.1 has been changed to Complete.
LOW : WaTCH status of E01-0279 1.1 has been changed to Complete.
LOW : WaTCH status of A01-0583 1.1 has been changed to Complete.
LOW : WaTCH status of L01-0411 1.1 has been changed to Complete.
LOW : WaTCH status of R01-0302 1.1 has been changed to Complete.
LOW : WaTCH status of Q01-0385 1.1 has been changed to Complete.
LOW : WaTCH status of H01-0605 1.1 has been changed to Complete.
LOW : WaTCH status of A01-0585 1.1 has been changed to Complete.
LOW : WaTCH status of H01-0608 1.1 has been changed to Complete.
LOW : WaTCH status of O01-0357 1.1 has been changed to Complete.
LOW : WaTCH status of A01-0588 1.1 has been changed to Complete.
LOW : WaTCH status of A01-0590 1.1 has been changed to Complete.
LOW : WaTCH status of L01-0431 1.1 has been changed to Complete.
LOW : WaTCH status of H01-0607 1.1 has been changed to Complete.
LOW : WaTCH status of Q01-0387 1.1 has been changed to Complete.
LOW : WaTCH status of Q01-0381 1.1 has been changed to Complete.
LOW : WaTCH status of A01-0587 1.1 has been changed to Complete.
LOW : WaTCH status of C01-0440 1.1 has been changed to Complete.
LOW : WaTCH status of A01-0589 1.1 has been changed to Complete.
LOW : WaTCH status of A04-0434 1.1 has been changed to Complete.
LOW : WaTCH status of H01-0609 1.1 has been changed to Complete.
LOW : WaTCH status of R02-0310 1.1 has been changed to Complete.
LOW : WaTCH status of E01-0282 1.1 has been changed to Complete.
LOW : WaTCH status of R02-0316 1.1 has been changed to Complete.
LOW : WaTCH status of A04-0441 1.1 has been changed to Complete.
LOW : WaTCH status of E01-0280 1.1 has been changed to Complete.
LOW : WaTCH status of A04-0440 1.1 has been changed to Complete.
LOW : WaTCH status of E01-0281 1.1 has been changed to Complete.
LOW : WaTCH status of R01-0293 1.1 has been changed to Complete.
LOW : WaTCH status of A01-0586 1.1 has been changed to Complete.
LOW : WaTCH status of T01-0160 1.1 has been changed to Complete.
LOW : WaTCH status of Q01-0386 1.1 has been changed to Complete.
LOW : WaTCH status of T01-0161 1.1 has been changed to Complete.
LOW : WaTCH status of H01-0606 1.1 has been changed to Complete.
LOW : WaTCH status of Q01-0382 1.1 has been changed to Complete.
LOW : WaTCH status of C01-0436 1.1 has been changed to Complete.
LOW : WaTCH status of A04-0437 1.1 has been changed to Complete.
LOW : WaTCH status of G01-0373 1.1 has been changed to Complete.
LOW : WaTCH status of M03-0262 1.1 has been changed to Complete.
LOW : WaTCH status of O01-0362 1.1 has been changed to Complete.
LOW : WaTCH status of A01-0584 1.1 has been changed to Complete.
LOW : WaTCH status of O01-0376 1.1 has been changed to Complete.
LOW : WaTCH status of A04-0439 1.1 has been changed to Complete.
LOW : WaTCH status of O01-0372 1.1 has been changed to Complete.
LOW : WaTCH status of O01-0366 1.1 has been changed to Complete.
LOW : WaTCH status of T01-0158 1.1 has been changed to Complete.
LOW : WaTCH status of Q01-0384 1.1 has been changed to Complete.
LOW : WaTCH status of K01-0251 1.1 has been changed to Complete.
LOW : WaTCH status of H01-0604 1.1 has been changed to Complete.
LOW : WaTCH status of R01-0322 1.1 has been changed to Complete.
LOW : WaTCH status of O01-0371 1.1 has been changed to Complete.
LOW : WaTCH status of O01-0361 1.1 has been changed to Complete.
LOW : WaTCH status of C01-0439 1.1 has been changed to Complete.
LOW : WaTCH status of O01-0367 1.1 has been changed to Complete.
LOW : WaTCH status of G01-0368 1.1 has been changed to Complete.
LOW : WaTCH status of C01-0437 1.1 has been changed to Complete.
LOW : WaTCH status of C01-0438 1.1 has been changed to Complete.
LOW : WaTCH status of D01-0296 1.1 has been changed to Complete.
LOW : WaTCH status of R01-0323 1.1 has been changed to Complete.
LOW : WaTCH status of M03-0275 1.1 has been changed to Complete.
LOW : WaTCH status of O01-0375 1.1 has been changed to Complete.
LOW : WaTCH status of L01-0460 1.1 has been changed to Complete.
LOW : WaTCH status of G01-0361 1.1 has been changed to Complete.
LOW : WaTCH status of A04-0433 1.1 has been changed to Complete.
LOW : WaTCH status of T01-0157 1.1 has been changed to Complete.
LOW : WaTCH status of D01-0299 1.1 has been changed to Complete.
LOW : WaTCH status of L01-0466 1.1 has been changed to Complete.
LOW : WaTCH status of D01-0290 1.1 has been changed to Complete.
LOW : WaTCH status of T01-0159 1.1 has been changed to Complete.
LOW : WaTCH status of R01-0294 1.1 has been changed to Complete.
LOW : WaTCH status of D01-0291 1.1 has been changed to Complete.
LOW : WaTCH status of A04-0438 1.1 has been changed to Complete.
#
# WaTCHdb update complete.
# 2023-07-06.09-30-42.
