# WaTCHdb update log.
# Command: 2_updateWaTCH.pl.
# Data output written to updates/watchdb/watchdb.2023-08-03.12-47-07.txt and updates/watchdb.LATEST.txt.
# Fatal errors and system warnings are NOT logged here; see STDERR for those.
#
# Run started 2023-08-03.12-47-07.
#
4 molecular targets added.
INFO: Finished WaTCHdb import. 9600 total assets present.
INFO: Finished AssetTiger import. 0 new assets added. 9600 total assets present.
INFO: Sample J01-0307 1.1 has a new calculated value of 0.
INFO: Sample J01-0307 1.1 has a new calculated value of 0.
INFO: Sample J01-0307 1.1 has a new calculated value of 0.
INFO: Sample E01-0296 1.1 has a new calculated value of 0.
INFO: Sample E01-0296 1.1 has a new calculated value of 31966.2256166339.
INFO: Sample E01-0296 1.1 has a new calculated value of 14204.3966799975.
INFO: Sample N03-0376 1.1 has a new calculated value of 0.
INFO: Sample N03-0376 1.1 has a new calculated value of 0.
INFO: Sample N03-0376 1.1 has a new calculated value of 0.
INFO: Sample R02-0341 1.1 has a new calculated value of 2682.58986063302.
INFO: Sample R02-0341 1.1 has a new calculated value of 0.
INFO: Sample R02-0341 1.1 has a new calculated value of 2682.58986063302.
INFO: Sample Q01-0413 1.1 has a new calculated value of 5068.00719536842.
INFO: Sample Q01-0413 1.1 has a new calculated value of 116709.428876638.
INFO: Sample Q01-0413 1.1 has a new calculated value of 106548.698991537.
INFO: Sample B01-0527 1.1 has a new calculated value of 2500.00400003046.
INFO: Sample B01-0527 1.1 has a new calculated value of 45021.4234739542.
INFO: Sample B01-0527 1.1 has a new calculated value of 37514.7123634815.
INFO: Sample A01-0618 1.1 has a new calculated value of 34417.2989577055.
INFO: Sample A01-0618 1.1 has a new calculated value of 19663.7891605496.
INFO: Sample A01-0618 1.1 has a new calculated value of 34417.2989577055.
INFO: Sample R01-0335 1.1 has a new calculated value of 20341.5578976274.
INFO: Sample R01-0335 1.1 has a new calculated value of 0.
INFO: Sample R01-0335 1.1 has a new calculated value of 0.
INFO: Sample R01-0291 1.1 has a new calculated value of 59699.2696076633.
INFO: Sample R01-0291 1.1 has a new calculated value of 3509.52110253274.
INFO: Sample R01-0291 1.1 has a new calculated value of 0.
INFO: Sample N03-0392 1.1 has a new calculated value of 2614.3531082198.
INFO: Sample N03-0392 1.1 has a new calculated value of 0.
INFO: Sample N03-0392 1.1 has a new calculated value of 0.
INFO: Sample B01-0508 1.1 has a new calculated value of 7854.05675880611.
INFO: Sample B01-0508 1.1 has a new calculated value of 39284.0567976235.
INFO: Sample B01-0508 1.1 has a new calculated value of 3926.85611732306.
INFO: Sample C01-0462 1.1 has a new calculated value of 2335.93034092337.
INFO: Sample C01-0462 1.1 has a new calculated value of 7008.15651565789.
INFO: Sample C01-0462 1.1 has a new calculated value of 4671.98224738239.
INFO: Sample H01-0644 1.1 has a new calculated value of 5449.50957410038.
INFO: Sample H01-0644 1.1 has a new calculated value of 27254.1777044535.
INFO: Sample H01-0644 1.1 has a new calculated value of 21802.0175769925.
INFO: Sample B01-0522 1.1 has a new calculated value of 5106.41181841494.
INFO: Sample B01-0522 1.1 has a new calculated value of 99680.1464259623.
INFO: Sample B01-0522 1.1 has a new calculated value of 112475.703656673.
INFO: Sample A01-0614 1.1 has a new calculated value of 37313.8967156409.
INFO: Sample A01-0614 1.1 has a new calculated value of 34647.5854888558.
INFO: Sample A01-0614 1.1 has a new calculated value of 39980.3629517555.
INFO: Sample J01-0309 1.1 has a new calculated value of 0.
INFO: Sample J01-0309 1.1 has a new calculated value of 2297.95730207115.
INFO: Sample J01-0309 1.1 has a new calculated value of 0.
INFO: Sample L01-0491 1.1 has a new calculated value of 5271.60982601346.
INFO: Sample L01-0491 1.1 has a new calculated value of 0.
INFO: Sample L01-0491 1.1 has a new calculated value of 0.
INFO: Sample N03-0382 1.1 has a new calculated value of 0.
INFO: Sample N03-0382 1.1 has a new calculated value of 0.
INFO: Sample N03-0382 1.1 has a new calculated value of 0.
INFO: Sample H01-0640 1.1 has a new calculated value of 5663.71601074935.
INFO: Sample H01-0640 1.1 has a new calculated value of 5663.71601074935.
INFO: Sample H01-0640 1.1 has a new calculated value of 2831.76829107106.
INFO: Sample A04-0461 1.1 has a new calculated value of 10859.4015240669.
INFO: Sample A04-0461 1.1 has a new calculated value of 18100.4648655653.
INFO: Sample A04-0461 1.1 has a new calculated value of 0.
INFO: Sample C01-0465 1.1 has a new calculated value of 5092.77418255807.
INFO: Sample C01-0465 1.1 has a new calculated value of 7639.37786221502.
INFO: Sample C01-0465 1.1 has a new calculated value of 7639.37786221502.
INFO: Sample R01-0351 1.1 has a new calculated value of 33153.2276049256.
INFO: Sample R01-0351 1.1 has a new calculated value of 0.
INFO: Sample R01-0351 1.1 has a new calculated value of 0.
INFO: Sample L01-0496 1.1 has a new calculated value of 2292.90144983679.
INFO: Sample L01-0496 1.1 has a new calculated value of 0.
INFO: Sample L01-0496 1.1 has a new calculated value of 0.
INFO: Sample B01-0518 1.1 has a new calculated value of 2436.25853676349.
INFO: Sample B01-0518 1.1 has a new calculated value of 19493.7757775187.
INFO: Sample B01-0518 1.1 has a new calculated value of 26806.1285465956.
INFO: Sample Q01-0414 1.1 has a new calculated value of 0.
INFO: Sample Q01-0414 1.1 has a new calculated value of 40735.2541387081.
INFO: Sample Q01-0414 1.1 has a new calculated value of 43282.4353873731.
INFO: Sample L01-0497 1.1 has a new calculated value of 9511.05181127788.
INFO: Sample L01-0497 1.1 has a new calculated value of 2377.57370341569.
INFO: Sample L01-0497 1.1 has a new calculated value of 2377.57370341569.
INFO: Sample N03-0396 1.1 has a new calculated value of 2924.73460547626.
INFO: Sample N03-0396 1.1 has a new calculated value of 0.
INFO: Sample N03-0396 1.1 has a new calculated value of 0.
INFO: Sample Q01-0410 1.1 has a new calculated value of 0.
INFO: Sample Q01-0410 1.1 has a new calculated value of 82454.4480443.
INFO: Sample Q01-0410 1.1 has a new calculated value of 69145.0752317904.
INFO: Sample R02-0331 1.1 has a new calculated value of 0.
INFO: Sample R02-0331 1.1 has a new calculated value of 4793.93636807798.
INFO: Sample R02-0331 1.1 has a new calculated value of 4793.93636807798.
INFO: Sample K01-0258 1.1 has a new calculated value of 4863.13104629518.
INFO: Sample K01-0258 1.1 has a new calculated value of 43787.1882319449.
INFO: Sample K01-0258 1.1 has a new calculated value of 55957.8964859248.
INFO: Sample L01-0482 1.1 has a new calculated value of 4909.48467515408.
INFO: Sample L01-0482 1.1 has a new calculated value of 2454.67491913587.
INFO: Sample L01-0482 1.1 has a new calculated value of 0.
INFO: Sample B01-0510 1.1 has a new calculated value of 5285.2883376181.
INFO: Sample B01-0510 1.1 has a new calculated value of 47590.0512188674.
INFO: Sample B01-0510 1.1 has a new calculated value of 52880.9570521116.
INFO: Sample H01-0643 1.1 has a new calculated value of 5670.52421160042.
INFO: Sample H01-0643 1.1 has a new calculated value of 8506.0557257384.
INFO: Sample H01-0643 1.1 has a new calculated value of 19849.9765992165.
INFO: Sample A04-0462 1.1 has a new calculated value of 36606.2854975461.
INFO: Sample A04-0462 1.1 has a new calculated value of 36606.2854975461.
INFO: Sample A04-0462 1.1 has a new calculated value of 33990.5582740903.
INFO: Sample E01-0297 1.1 has a new calculated value of 2648.65794684738.
INFO: Sample E01-0297 1.1 has a new calculated value of 37095.4652130604.
INFO: Sample E01-0297 1.1 has a new calculated value of 13244.856018573.
INFO: Sample J01-0306 1.1 has a new calculated value of 4989.01348561048.
INFO: Sample J01-0306 1.1 has a new calculated value of 0.
INFO: Sample J01-0306 1.1 has a new calculated value of 0.
INFO: Sample K01-0274 1.1 has a new calculated value of 15417.6228493452.
INFO: Sample K01-0274 1.1 has a new calculated value of 25698.9860907197.
INFO: Sample K01-0274 1.1 has a new calculated value of 15417.6228493452.
INFO: Sample C01-0461 1.1 has a new calculated value of 0.
INFO: Sample C01-0461 1.1 has a new calculated value of 0.
INFO: Sample C01-0461 1.1 has a new calculated value of 2453.7342460826.
INFO: Sample M03-0251 1.1 has a new calculated value of 0.
INFO: Sample M03-0251 1.1 has a new calculated value of 0.
INFO: Sample M03-0251 1.1 has a new calculated value of 0.
INFO: Sample Q01-0415 1.1 has a new calculated value of 7283.43238122762.
INFO: Sample Q01-0415 1.1 has a new calculated value of 26711.7087543011.
INFO: Sample Q01-0415 1.1 has a new calculated value of 24282.7146872878.
INFO: Sample R02-0333 1.1 has a new calculated value of 0.
INFO: Sample R02-0333 1.1 has a new calculated value of 0.
INFO: Sample R02-0333 1.1 has a new calculated value of 7209.99458804726.
INFO: Sample R01-0333 1.1 has a new calculated value of 32503.9381161332.
INFO: Sample R01-0333 1.1 has a new calculated value of 0.
INFO: Sample R01-0333 1.1 has a new calculated value of 0.
INFO: Sample Q01-0412 1.1 has a new calculated value of 8051.14315822719.
INFO: Sample Q01-0412 1.1 has a new calculated value of 258356.758654117.
INFO: Sample Q01-0412 1.1 has a new calculated value of 255657.863616944.
INFO: Sample R02-0340 1.1 has a new calculated value of 0.
INFO: Sample R02-0340 1.1 has a new calculated value of 7360.79902388155.
INFO: Sample R02-0340 1.1 has a new calculated value of 4907.06557407976.
INFO: Sample E01-0294 1.1 has a new calculated value of 0.
INFO: Sample E01-0294 1.1 has a new calculated value of 0.
INFO: Sample E01-0294 1.1 has a new calculated value of 0.
INFO: Sample K01-0259 1.1 has a new calculated value of 20050.9302690625.
INFO: Sample K01-0259 1.1 has a new calculated value of 25065.0637596846.
INFO: Sample K01-0259 1.1 has a new calculated value of 32587.3161479831.
INFO: Sample M03-0273 1.1 has a new calculated value of 0.
INFO: Sample M03-0273 1.1 has a new calculated value of 2596.32769972086.
INFO: Sample M03-0273 1.1 has a new calculated value of 0.
INFO: Sample K01-0255 1.1 has a new calculated value of 9412.16541454196.
INFO: Sample K01-0255 1.1 has a new calculated value of 162637.588977814.
INFO: Sample K01-0255 1.1 has a new calculated value of 122512.621432543.
INFO: Sample H01-0641 1.1 has a new calculated value of 6372.93890118599.
INFO: Sample H01-0641 1.1 has a new calculated value of 3186.35611329227.
INFO: Sample H01-0641 1.1 has a new calculated value of 3186.35611329227.
INFO: Sample R01-0350 1.1 has a new calculated value of 52664.6234840154.
INFO: Sample R01-0350 1.1 has a new calculated value of 0.
INFO: Sample R01-0350 1.1 has a new calculated value of 0.
INFO: Sample A01-0616 1.1 has a new calculated value of 44402.5582820176.
INFO: Sample A01-0616 1.1 has a new calculated value of 83617.8588867187.
INFO: Sample A01-0616 1.1 has a new calculated value of 130721.558779478.
INFO: Sample H01-0639 1.1 has a new calculated value of 7854.05675880611.
INFO: Sample H01-0639 1.1 has a new calculated value of 0.
INFO: Sample H01-0639 1.1 has a new calculated value of 2617.86576826125.
INFO: Sample C01-0463 1.1 has a new calculated value of 12992.9308220744.
INFO: Sample C01-0463 1.1 has a new calculated value of 5196.72014750541.
INFO: Sample C01-0463 1.1 has a new calculated value of 5196.72014750541.
INFO: Sample B01-0523 1.1 has a new calculated value of 2525.79102292657.
INFO: Sample B01-0523 1.1 has a new calculated value of 5051.72431468964.
INFO: Sample B01-0523 1.1 has a new calculated value of 10104.0177047253.
INFO: Sample B01-0515 1.1 has a new calculated value of 4469.7343558073.
INFO: Sample B01-0515 1.1 has a new calculated value of 20117.3167303204.
INFO: Sample B01-0515 1.1 has a new calculated value of 26825.0948935747.
INFO: Sample Q01-0411 1.1 has a new calculated value of 0.
INFO: Sample Q01-0411 1.1 has a new calculated value of 249873.679876327.
INFO: Sample Q01-0411 1.1 has a new calculated value of 217994.078993797.
INFO: Sample R02-0343 1.1 has a new calculated value of 0.
INFO: Sample R02-0343 1.1 has a new calculated value of 0.
INFO: Sample R02-0343 1.1 has a new calculated value of 0.
INFO: Sample A01-0617 1.1 has a new calculated value of 33810.7538223267.
INFO: Sample A01-0617 1.1 has a new calculated value of 41059.2363774776.
INFO: Sample A01-0617 1.1 has a new calculated value of 43475.6534546614.
INFO: Sample D01-0252 1.1 has a new calculated value of 5865.35607464611.
INFO: Sample D01-0252 1.1 has a new calculated value of 76309.5724582672.
INFO: Sample D01-0252 1.1 has a new calculated value of 41073.6203938723.
INFO: Sample J01-0308 1.1 has a new calculated value of 2389.1088925302.
INFO: Sample J01-0308 1.1 has a new calculated value of 2389.1088925302.
INFO: Sample J01-0308 1.1 has a new calculated value of 4778.34518998861.
INFO: Sample Q01-0416 1.1 has a new calculated value of 10017.6201760769.
INFO: Sample Q01-0416 1.1 has a new calculated value of 45096.9363749026.
INFO: Sample Q01-0416 1.1 has a new calculated value of 30059.5811381936.
INFO: Sample N03-0390 1.1 has a new calculated value of 0.
INFO: Sample N03-0390 1.1 has a new calculated value of 0.
INFO: Sample N03-0390 1.1 has a new calculated value of 0.
INFO: Sample B01-0505 1.1 has a new calculated value of 4795.21891102196.
INFO: Sample B01-0505 1.1 has a new calculated value of 59977.1482497453.
INFO: Sample B01-0505 1.1 has a new calculated value of 67179.8074990509.
INFO: Sample D01-0260 1.1 has a new calculated value of 9828.1212709844.
INFO: Sample D01-0260 1.1 has a new calculated value of 105765.438973904.
INFO: Sample D01-0260 1.1 has a new calculated value of 46702.7863115072.
INFO: Sample M03-0274 1.1 has a new calculated value of 0.
INFO: Sample M03-0274 1.1 has a new calculated value of 0.
INFO: Sample M03-0274 1.1 has a new calculated value of 0.
INFO: Sample A01-0615 1.1 has a new calculated value of 47051.4978468416.
INFO: Sample A01-0615 1.1 has a new calculated value of 267280.760407448.
INFO: Sample A01-0615 1.1 has a new calculated value of 319876.232743263.
INFO: Sample M03-0269 1.1 has a new calculated value of 2294.19275186956.
INFO: Sample M03-0269 1.1 has a new calculated value of 0.
INFO: Sample M03-0269 1.1 has a new calculated value of 0.
INFO: Sample N03-0398 1.1 has a new calculated value of 0.
INFO: Sample N03-0398 1.1 has a new calculated value of 0.
INFO: Sample N03-0398 1.1 has a new calculated value of 2727.82338783145.
INFO: Sample C01-0464 1.1 has a new calculated value of 7368.46508458255.
INFO: Sample C01-0464 1.1 has a new calculated value of 12281.4486175775.
INFO: Sample C01-0464 1.1 has a new calculated value of 9824.88943263887.
INFO: Sample H01-0642 1.1 has a new calculated value of 0.
INFO: Sample H01-0642 1.1 has a new calculated value of 2502.51679681241.
INFO: Sample H01-0642 1.1 has a new calculated value of 2502.51679681241.
INFO: Sample N03-0380 1.1 has a new calculated value of 2551.97008140385.
INFO: Sample N03-0380 1.1 has a new calculated value of 2551.97008140385.
INFO: Sample N03-0380 1.1 has a new calculated value of 2551.97008140385.
INFO: Sample M03-0270 1.1 has a new calculated value of 0.
INFO: Sample M03-0270 1.1 has a new calculated value of 0.
INFO: Sample M03-0270 1.1 has a new calculated value of 0.
LOW : WaTCH status of M03-0273 1.1 has been changed to Complete.
LOW : WaTCH status of M03-0269 1.1 has been changed to Complete.
LOW : WaTCH status of H01-0641 1.1 has been changed to Complete.
LOW : WaTCH status of B01-0508 1.1 has been changed to Complete.
LOW : WaTCH status of B01-0505 1.1 has been changed to Complete.
LOW : WaTCH status of J01-0308 1.1 has been changed to Complete.
LOW : WaTCH status of H01-0642 1.1 has been changed to Complete.
LOW : WaTCH status of L01-0497 1.1 has been changed to Complete.
LOW : WaTCH status of H01-0643 1.1 has been changed to Complete.
LOW : WaTCH status of A01-0614 1.1 has been changed to Complete.
LOW : WaTCH status of H01-0640 1.1 has been changed to Complete.
LOW : WaTCH status of R01-0291 1.1 has been changed to Complete.
LOW : WaTCH status of A01-0616 1.1 has been changed to Complete.
LOW : WaTCH status of M03-0270 1.1 has been changed to Complete.
LOW : WaTCH status of R01-0335 1.1 has been changed to Complete.
LOW : WaTCH status of B01-0522 1.1 has been changed to Complete.
LOW : WaTCH status of R01-0333 1.1 has been changed to Complete.
LOW : WaTCH status of M03-0274 1.1 has been changed to Complete.
LOW : WaTCH status of B01-0523 1.1 has been changed to Complete.
LOW : WaTCH status of B01-0515 1.1 has been changed to Complete.
LOW : WaTCH status of B01-0518 1.1 has been changed to Complete.
LOW : WaTCH status of R02-0331 1.1 has been changed to Complete.
LOW : WaTCH status of H01-0644 1.1 has been changed to Complete.
LOW : WaTCH status of R02-0333 1.1 has been changed to Complete.
LOW : WaTCH status of J01-0306 1.1 has been changed to Complete.
LOW : WaTCH status of A01-0615 1.1 has been changed to Complete.
LOW : WaTCH status of A01-0618 1.1 has been changed to Complete.
LOW : WaTCH status of K01-0259 1.1 has been changed to Complete.
LOW : WaTCH status of A04-0461 1.1 has been changed to Complete.
LOW : WaTCH status of H01-0639 1.1 has been changed to Complete.
LOW : WaTCH status of N03-0376 1.1 has been changed to Complete.
LOW : WaTCH status of K01-0274 1.1 has been changed to Complete.
LOW : WaTCH status of E01-0296 1.1 has been changed to Complete.
LOW : WaTCH status of E01-0294 1.1 has been changed to Complete.
LOW : WaTCH status of B01-0510 1.1 has been changed to Complete.
LOW : WaTCH status of A04-0462 1.1 has been changed to Complete.
LOW : WaTCH status of C01-0462 1.1 has been changed to Complete.
LOW : WaTCH status of C01-0463 1.1 has been changed to Complete.
LOW : WaTCH status of L01-0496 1.1 has been changed to Complete.
LOW : WaTCH status of C01-0465 1.1 has been changed to Complete.
LOW : WaTCH status of R01-0351 1.1 has been changed to Complete.
LOW : WaTCH status of N03-0396 1.1 has been changed to Complete.
LOW : WaTCH status of B01-0527 1.1 has been changed to Complete.
LOW : WaTCH status of C01-0461 1.1 has been changed to Complete.
LOW : WaTCH status of M03-0251 1.1 has been changed to Complete.
LOW : WaTCH status of K01-0255 1.1 has been changed to Complete.
LOW : WaTCH status of K01-0258 1.1 has been changed to Complete.
LOW : WaTCH status of A01-0617 1.1 has been changed to Complete.
LOW : WaTCH status of Q01-0416 1.1 has been changed to Complete.
LOW : WaTCH status of R01-0350 1.1 has been changed to Complete.
LOW : WaTCH status of D01-0260 1.1 has been changed to Complete.
LOW : WaTCH status of Q01-0414 1.1 has been changed to Complete.
LOW : WaTCH status of J01-0307 1.1 has been changed to Complete.
LOW : WaTCH status of C01-0464 1.1 has been changed to Complete.
LOW : WaTCH status of D01-0252 1.1 has been changed to Complete.
LOW : WaTCH status of Q01-0410 1.1 has been changed to Complete.
LOW : WaTCH status of J01-0309 1.1 has been changed to Complete.
LOW : WaTCH status of N03-0380 1.1 has been changed to Complete.
LOW : WaTCH status of N03-0398 1.1 has been changed to Complete.
LOW : WaTCH status of L01-0491 1.1 has been changed to Complete.
LOW : WaTCH status of R02-0340 1.1 has been changed to Complete.
LOW : WaTCH status of N03-0392 1.1 has been changed to Complete.
LOW : WaTCH status of N03-0390 1.1 has been changed to Complete.
LOW : WaTCH status of N03-0382 1.1 has been changed to Complete.
LOW : WaTCH status of R02-0343 1.1 has been changed to Complete.
LOW : WaTCH status of E01-0297 1.1 has been changed to Complete.
LOW : WaTCH status of Q01-0411 1.1 has been changed to Complete.
LOW : WaTCH status of Q01-0412 1.1 has been changed to Complete.
LOW : WaTCH status of R02-0341 1.1 has been changed to Complete.
LOW : WaTCH status of Q01-0413 1.1 has been changed to Complete.
LOW : WaTCH status of L01-0482 1.1 has been changed to Complete.
LOW : WaTCH status of Q01-0415 1.1 has been changed to Complete.
#
# WaTCHdb update complete.
# 2023-08-03.12-47-09.
