# WaTCHdb update log.
# Command: 2_updateWaTCH.pl.
# Data output written to updates/watchdb/watchdb.2022-08-26.14-38-21.txt and updates/watchdb.LATEST.txt.
# Fatal errors and system warnings are NOT logged here; see STDERR for those.
#
# Run started 2022-08-26.14-38-21.
#
4 molecular targets added.
INFO: Finished WaTCHdb import. 4433 total assets present.
INFO: Finished AssetTiger import. 79 new assets added. 4512 total assets present.
INFO: Sample H01-0311 1.1 has a new calculated value of 611990.01431465.
INFO: Sample H01-0311 1.1 has a new calculated value of 567662.374377252.
INFO: Sample H01-0311 1.1 has a new calculated value of 6556.73855915666.
INFO: Sample D01-0139 1.1 has a new calculated value of 69734.2083603145.
INFO: Sample D01-0139 1.1 has a new calculated value of 383453.296422959.
INFO: Sample D01-0139 1.1 has a new calculated value of 3029.51056044549.
INFO: Sample H01-0312 1.1 has a new calculated value of 943045.638799669.
INFO: Sample H01-0312 1.1 has a new calculated value of 902429.966926575.
INFO: Sample H01-0312 1.1 has a new calculated value of 11687.2829943895.
INFO: Sample H01-0310 1.1 has a new calculated value of 917084.863185883.
INFO: Sample H01-0310 1.1 has a new calculated value of 1011253.48091125.
INFO: Sample H01-0310 1.1 has a new calculated value of 2191.17830274627.
INFO: Sample A01-0335 1.1 has a new calculated value of 11338.996142149.
INFO: Sample A01-0335 1.1 has a new calculated value of 14174.2250695825.
INFO: Sample A01-0335 1.1 has a new calculated value of 2834.46131274104.
INFO: Sample N02-0126 1.1 has a new calculated value of 42505.5965781212.
INFO: Sample N02-0126 1.1 has a new calculated value of 55015.4482573271.
INFO: Sample N02-0126 1.1 has a new calculated value of 0.
INFO: Sample E02-0180 1.1 has a new calculated value of 1057331.86841011.
INFO: Sample E02-0180 1.1 has a new calculated value of 1050241.15562439.
INFO: Sample E02-0180 1.1 has a new calculated value of 6915.18223844469.
INFO: Sample Q01-0104 1.1 has a new calculated value of 209025.587439537.
INFO: Sample Q01-0104 1.1 has a new calculated value of 226863.21169138.
INFO: Sample Q01-0104 1.1 has a new calculated value of 0.
INFO: Sample E02-0182 1.1 has a new calculated value of 455077.629089357.
INFO: Sample E02-0182 1.1 has a new calculated value of 433635.107874869.
INFO: Sample E02-0182 1.1 has a new calculated value of 16504.8720873892.
INFO: Sample E02-0181 1.1 has a new calculated value of 600911.085605622.
INFO: Sample E02-0181 1.1 has a new calculated value of 538716.314435005.
INFO: Sample E02-0181 1.1 has a new calculated value of 12696.0454881191.
INFO: Sample D01-0150 1.1 has a new calculated value of 444137.758612632.
INFO: Sample D01-0150 1.1 has a new calculated value of 530298.416018485.
INFO: Sample D01-0150 1.1 has a new calculated value of 18633.9581385255.
INFO: Sample D01-0149 1.1 has a new calculated value of 1151881.47783279.
INFO: Sample D01-0149 1.1 has a new calculated value of 1175291.9125557.
INFO: Sample D01-0149 1.1 has a new calculated value of 0.
INFO: Sample C01-0239 1.2 has a new calculated value of 6767371.44470217.
INFO: Sample C01-0239 1.2 has a new calculated value of 6686833.04786684.
INFO: Sample C01-0239 1.2 has a new calculated value of 11828.4550867975.
INFO: Sample N02-0140 1.1 has a new calculated value of 29914.0847101808.
INFO: Sample N02-0140 1.1 has a new calculated value of 32051.6187697649.
INFO: Sample N02-0140 1.1 has a new calculated value of 0.
INFO: Sample G01-0229 1.1 has a new calculated value of 463663.192391396.
INFO: Sample G01-0229 1.1 has a new calculated value of 500879.462957382.
INFO: Sample G01-0229 1.1 has a new calculated value of 4905.69013170899.
INFO: Sample E01-0156 1.1 has a new calculated value of 301913.802623749.
INFO: Sample E01-0156 1.1 has a new calculated value of 308698.030114174.
INFO: Sample E01-0156 1.1 has a new calculated value of 0.
INFO: Sample E02-0179 1.1 has a new calculated value of 112124.932408333.
INFO: Sample E02-0179 1.1 has a new calculated value of 140203.092992306.
INFO: Sample E02-0179 1.1 has a new calculated value of 10180.7887293398.
INFO: Sample Q01-0103 1.1 has a new calculated value of 57843.3195501565.
INFO: Sample Q01-0103 1.1 has a new calculated value of 62131.1918646096.
INFO: Sample Q01-0103 1.1 has a new calculated value of 4281.95382468403.
INFO: Sample E02-0176 1.2 has a new calculated value of 165997.070074081.
INFO: Sample E02-0176 1.2 has a new calculated value of 202702.73566246.
INFO: Sample E02-0176 1.2 has a new calculated value of 0.
INFO: Sample B01-0234 1.1 has a new calculated value of 125131.998807192.
INFO: Sample B01-0234 1.1 has a new calculated value of 140002.990812063.
INFO: Sample B01-0234 1.1 has a new calculated value of 0.
INFO: Sample G01-0237 1.1 has a new calculated value of 491646.206974983.
INFO: Sample G01-0237 1.1 has a new calculated value of 489257.177710532.
INFO: Sample G01-0237 1.1 has a new calculated value of 4722.71860577165.
INFO: Sample E01-0155 1.1 has a new calculated value of 438086.296319962.
INFO: Sample E01-0155 1.1 has a new calculated value of 412994.184494019.
INFO: Sample E01-0155 1.1 has a new calculated value of 4516.35394245387.
INFO: Sample A01-0334 1.1 has a new calculated value of 607269.237041474.
INFO: Sample A01-0334 1.1 has a new calculated value of 609469.571113585.
INFO: Sample A01-0334 1.1 has a new calculated value of 28202.2296264767.
INFO: Sample E01-0158 1.1 has a new calculated value of 282278.698682785.
INFO: Sample E01-0158 1.1 has a new calculated value of 267146.934270859.
INFO: Sample E01-0158 1.1 has a new calculated value of 0.
INFO: Sample H01-0309 1.1 has a new calculated value of 306345.93129158.
INFO: Sample H01-0309 1.1 has a new calculated value of 274330.210983753.
INFO: Sample H01-0309 1.1 has a new calculated value of 6359.42123830319.
INFO: Sample Q01-0099 1.1 has a new calculated value of 24977.2138148546.
INFO: Sample Q01-0099 1.1 has a new calculated value of 14568.2333037257.
INFO: Sample Q01-0099 1.1 has a new calculated value of 0.
INFO: Sample D01-0141 1.1 has a new calculated value of 46981.6417247056.
INFO: Sample D01-0141 1.1 has a new calculated value of 584087.383747102.
INFO: Sample D01-0141 1.1 has a new calculated value of 2762.16857135296.
INFO: Sample G01-0238 1.1 has a new calculated value of 575426.023006439.
INFO: Sample G01-0238 1.1 has a new calculated value of 550730.395317079.
INFO: Sample G01-0238 1.1 has a new calculated value of 6645.80415934324.
INFO: Sample A04-0136 1.1 has a new calculated value of 456385.279297828.
INFO: Sample A04-0136 1.1 has a new calculated value of 417962.738871575.
INFO: Sample A04-0136 1.1 has a new calculated value of 11884.1310404241.
INFO: Sample N02-0144 1.1 has a new calculated value of 47691.05784595.
INFO: Sample N02-0144 1.1 has a new calculated value of 41184.5348775388.
INFO: Sample N02-0144 1.1 has a new calculated value of 0.
INFO: Sample G01-0227 1.1 has a new calculated value of 314180.654883385.
INFO: Sample G01-0227 1.1 has a new calculated value of 285521.27301693.
INFO: Sample G01-0227 1.1 has a new calculated value of 2586.90663613379.
INFO: Sample E01-0157 1.1 has a new calculated value of 179521.052241325.
INFO: Sample E01-0157 1.1 has a new calculated value of 177404.550611973.
INFO: Sample E01-0157 1.1 has a new calculated value of 2107.54851344973.
INFO: Sample E02-0183 1.1 has a new calculated value of 270294.787287712.
INFO: Sample E02-0183 1.1 has a new calculated value of 268125.506043434.
INFO: Sample E02-0183 1.1 has a new calculated value of 17246.7531077564.
INFO: Sample H01-0315 1.1 has a new calculated value of 930648.357868196.
INFO: Sample H01-0315 1.1 has a new calculated value of 833186.713457106.
INFO: Sample H01-0315 1.1 has a new calculated value of 8483.73332060874.
INFO: Sample H01-0313 1.1 has a new calculated value of 1416217.68951416.
INFO: Sample H01-0313 1.1 has a new calculated value of 1440231.51397705.
INFO: Sample H01-0313 1.1 has a new calculated value of 2109.98884867877.
INFO: Sample A02-0605 1.1 has a new calculated value of 100487.800240517.
INFO: Sample A02-0605 1.1 has a new calculated value of 121453.105062246.
INFO: Sample A02-0605 1.1 has a new calculated value of 4182.18461796642.
INFO: Sample G01-0236 1.1 has a new calculated value of 284166.48298502.
INFO: Sample G01-0236 1.1 has a new calculated value of 292087.553143501.
INFO: Sample G01-0236 1.1 has a new calculated value of 18359.9207550287.
INFO: Sample Q01-0098 1.1 has a new calculated value of 378913.570046426.
INFO: Sample Q01-0098 1.1 has a new calculated value of 327748.736143112.
INFO: Sample Q01-0098 1.1 has a new calculated value of 0.
INFO: Sample A04-0144 1.1 has a new calculated value of 807081.477642059.
INFO: Sample A04-0144 1.1 has a new calculated value of 796159.240007401.
INFO: Sample A04-0144 1.1 has a new calculated value of 6429.66382205487.
INFO: Sample H01-0314 1.1 has a new calculated value of 1191609.52806473.
INFO: Sample H01-0314 1.1 has a new calculated value of 1178056.08987808.
INFO: Sample H01-0314 1.1 has a new calculated value of 2196.00031385198.
INFO: Sample N02-0150 1.1 has a new calculated value of 48814.8245215414.
INFO: Sample N02-0150 1.1 has a new calculated value of 36075.0366747381.
INFO: Sample N02-0150 1.1 has a new calculated value of 2121.20167678222.
INFO: Sample B01-0237 1.1 has a new calculated value of 332661.707997322.
INFO: Sample B01-0237 1.1 has a new calculated value of 309947.78752327.
INFO: Sample B01-0237 1.1 has a new calculated value of 0.
INFO: Sample Q01-0100 1.1 has a new calculated value of 122792.742401361.
INFO: Sample Q01-0100 1.1 has a new calculated value of 103033.911287785.
INFO: Sample Q01-0100 1.1 has a new calculated value of 10949.0234591067.
INFO: Sample N02-0146 1.1 has a new calculated value of 68937.8893375397.
INFO: Sample N02-0146 1.1 has a new calculated value of 54155.9363901617.
INFO: Sample N02-0146 1.1 has a new calculated value of 2460.11590585112.
INFO: Sample B01-0228 1.1 has a new calculated value of 53133.2910060883.
INFO: Sample B01-0228 1.1 has a new calculated value of 57756.7606419325.
INFO: Sample B01-0228 1.1 has a new calculated value of 0.
INFO: Sample Q01-0102 1.1 has a new calculated value of 58701.3747543096.
INFO: Sample Q01-0102 1.1 has a new calculated value of 68830.6186348201.
INFO: Sample Q01-0102 1.1 has a new calculated value of 6068.7453020364.
INFO: Sample Q01-0101 1.1 has a new calculated value of 87128.0515193939.
INFO: Sample Q01-0101 1.1 has a new calculated value of 46729.112416506.
INFO: Sample Q01-0101 1.1 has a new calculated value of 4245.9491919726.
LOW : WaTCH status of Q01-0101 1.1 has been changed to Complete.
LOW : WaTCH status of N02-0146 1.1 has been changed to Complete.
LOW : WaTCH status of G01-0229 1.1 has been changed to Complete.
LOW : WaTCH status of H01-0309 1.1 has been changed to Complete.
LOW : WaTCH status of H01-0314 1.1 has been changed to Complete.
LOW : WaTCH status of Q01-0103 1.1 has been changed to Complete.
LOW : WaTCH status of A04-0136 1.1 has been changed to Complete.
LOW : WaTCH status of D01-0141 1.1 has been changed to Complete.
LOW : WaTCH status of G01-0238 1.1 has been changed to Complete.
LOW : WaTCH status of E01-0157 1.1 has been changed to Complete.
LOW : WaTCH status of G01-0236 1.1 has been changed to Complete.
LOW : WaTCH status of D01-0150 1.1 has been changed to Complete.
LOW : WaTCH status of E01-0156 1.1 has been changed to Complete.
LOW : WaTCH status of G01-0237 1.1 has been changed to Complete.
LOW : WaTCH status of E01-0158 1.1 has been changed to Complete.
LOW : WaTCH status of Q01-0102 1.1 has been changed to Complete.
LOW : WaTCH status of Q01-0099 1.1 has been changed to Complete.
LOW : WaTCH status of E01-0155 1.1 has been changed to Complete.
LOW : WaTCH status of Q01-0100 1.1 has been changed to Complete.
LOW : WaTCH status of N02-0140 1.1 has been changed to Complete.
LOW : WaTCH status of C01-0239 1.2 has been changed to Complete.
LOW : WaTCH status of B01-0234 1.1 has been changed to Complete.
LOW : WaTCH status of B01-0228 1.1 has been changed to Complete.
LOW : WaTCH status of N02-0150 1.1 has been changed to Complete.
LOW : WaTCH status of A01-0335 1.1 has been changed to Complete.
LOW : WaTCH status of A04-0144 1.1 has been changed to Complete.
LOW : WaTCH status of H01-0310 1.1 has been changed to Complete.
LOW : WaTCH status of B01-0237 1.1 has been changed to Complete.
LOW : WaTCH status of D01-0149 1.1 has been changed to Complete.
LOW : WaTCH status of E02-0182 1.1 has been changed to Complete.
LOW : WaTCH status of E02-0180 1.1 has been changed to Complete.
LOW : WaTCH status of E02-0179 1.1 has been changed to Complete.
LOW : WaTCH status of G01-0227 1.1 has been changed to Complete.
LOW : WaTCH status of N02-0126 1.1 has been changed to Complete.
LOW : WaTCH status of H01-0312 1.1 has been changed to Complete.
LOW : WaTCH status of A01-0334 1.1 has been changed to Complete.
LOW : WaTCH status of E02-0181 1.1 has been changed to Complete.
LOW : WaTCH status of D01-0139 1.1 has been changed to Complete.
LOW : WaTCH status of E02-0183 1.1 has been changed to Complete.
LOW : WaTCH status of H01-0315 1.1 has been changed to Complete.
LOW : WaTCH status of H01-0311 1.1 has been changed to Complete.
LOW : WaTCH status of Q01-0098 1.1 has been changed to Complete.
LOW : WaTCH status of H01-0313 1.1 has been changed to Complete.
LOW : WaTCH status of A02-0605 1.1 has been changed to Complete.
LOW : WaTCH status of Q01-0104 1.1 has been changed to Complete.
LOW : WaTCH status of N02-0144 1.1 has been changed to Complete.
#
# WaTCHdb update complete.
# 2022-08-26.14-38-23.
