# WaTCHdb update log.
# Command: 2_updateWaTCH.pl.
# Data output written to updates/watchdb/watchdb.2022-09-06.15-52-39.txt and updates/watchdb.LATEST.txt.
# Fatal errors and system warnings are NOT logged here; see STDERR for those.
#
# Run started 2022-09-06.15-52-39.
#
4 molecular targets added.
INFO: Finished WaTCHdb import. 4551 total assets present.
INFO: Finished AssetTiger import. 118 new assets added. 4669 total assets present.
INFO: Sample G01-0255 1.1 has a new calculated value of 514355.240821839.
INFO: Sample G01-0255 1.1 has a new calculated value of 0.
INFO: Sample G01-0255 1.1 has a new calculated value of 540222.104787828.
INFO: Sample N02-0113 1.1 has a new calculated value of 22289.0735864639.
INFO: Sample N02-0113 1.1 has a new calculated value of 2228.42932585627.
INFO: Sample N02-0113 1.1 has a new calculated value of 35667.620703578.
INFO: Sample Q01-0106 1.1 has a new calculated value of 121036.791265011.
INFO: Sample Q01-0106 1.1 has a new calculated value of 6842.78128668665.
INFO: Sample Q01-0106 1.1 has a new calculated value of 102747.003793716.
INFO: Sample B01-0213 1.1 has a new calculated value of 273149.726271629.
INFO: Sample B01-0213 1.1 has a new calculated value of 2670.20895145834.
INFO: Sample B01-0213 1.1 has a new calculated value of 227513.816714287.
INFO: Sample A02-0603 1.1 has a new calculated value of 577011.598348617.
INFO: Sample A02-0603 1.1 has a new calculated value of 2471.90352994948.
INFO: Sample A02-0603 1.1 has a new calculated value of 632099.626779557.
INFO: Sample N02-0194 1.1 has a new calculated value of 25979.1893810034.
INFO: Sample N02-0194 1.1 has a new calculated value of 2164.38134294003.
INFO: Sample N02-0194 1.1 has a new calculated value of 23813.7058764696.
INFO: Sample N02-0143 1.1 has a new calculated value of 24093.6652868986.
INFO: Sample N02-0143 1.1 has a new calculated value of 2189.82035201043.
INFO: Sample N02-0143 1.1 has a new calculated value of 24093.6652868986.
INFO: Sample A02-0607 1.1 has a new calculated value of 252515.000939369.
INFO: Sample A02-0607 1.1 has a new calculated value of 6375.99075213076.
INFO: Sample A02-0607 1.1 has a new calculated value of 422691.257715225.
INFO: Sample N02-0137 1.1 has a new calculated value of 82918.2617068292.
INFO: Sample N02-0137 1.1 has a new calculated value of 2367.05424450338.
INFO: Sample N02-0137 1.1 has a new calculated value of 47363.8620078563.
INFO: Sample Q01-0105 1.1 has a new calculated value of 141271.571874618.
INFO: Sample Q01-0105 1.1 has a new calculated value of 2564.7683814168.
INFO: Sample Q01-0105 1.1 has a new calculated value of 115554.058134556.
INFO: Sample A01-0341 1.1 has a new calculated value of 644431.848049165.
INFO: Sample A01-0341 1.1 has a new calculated value of 15345.2689647675.
INFO: Sample A01-0341 1.1 has a new calculated value of 691121.994495393.
INFO: Sample T01-0020 1.1 has a new calculated value of 197290.00890255.
INFO: Sample T01-0020 1.1 has a new calculated value of 7031.75779804587.
INFO: Sample T01-0020 1.1 has a new calculated value of 173759.411215782.
INFO: Sample A02-0527 1.1 has a new calculated value of 262502.540230751.
INFO: Sample A02-0527 1.1 has a new calculated value of 21819.0217316151.
INFO: Sample A02-0527 1.1 has a new calculated value of 544138.968229293.
INFO: Sample A04-0143 1.1 has a new calculated value of 287174.82984066.
INFO: Sample A04-0143 1.1 has a new calculated value of 12030.7440161705.
INFO: Sample A04-0143 1.1 has a new calculated value of 340459.681034088.
INFO: Sample B01-0225 1.1 has a new calculated value of 262083.574891091.
INFO: Sample B01-0225 1.1 has a new calculated value of 0.
INFO: Sample B01-0225 1.1 has a new calculated value of 284943.039536476.
INFO: Sample A02-0569 1.1 has a new calculated value of 1082731.76336289.
INFO: Sample A02-0569 1.1 has a new calculated value of 31405.8273285627.
INFO: Sample A02-0569 1.1 has a new calculated value of 1712034.30747986.
INFO: Sample G01-0265 1.1 has a new calculated value of 497720.133304598.
INFO: Sample G01-0265 1.1 has a new calculated value of 0.
INFO: Sample G01-0265 1.1 has a new calculated value of 472478.495121004.
INFO: Sample A02-0552 1.1 has a new calculated value of 0.
INFO: Sample A02-0552 1.1 has a new calculated value of 10216.2107974291.
INFO: Sample A02-0552 1.1 has a new calculated value of 13622.1107617021.
INFO: Sample T01-0021 1.1 has a new calculated value of 216595.300197601.
INFO: Sample T01-0021 1.1 has a new calculated value of 11619.4255426526.
INFO: Sample T01-0021 1.1 has a new calculated value of 272654.090881348.
INFO: Sample A02-0568 1.1 has a new calculated value of 2589421.72622681.
INFO: Sample A02-0568 1.1 has a new calculated value of 10835.8237445354.
INFO: Sample A02-0568 1.1 has a new calculated value of 2540778.68270874.
INFO: Sample A01-0340 1.1 has a new calculated value of 1129711.60697937.
INFO: Sample A01-0340 1.1 has a new calculated value of 16382.8012123704.
INFO: Sample A01-0340 1.1 has a new calculated value of 1096162.68825531.
INFO: Sample E02-0184 1.1 has a new calculated value of 202584.431290626.
INFO: Sample E02-0184 1.1 has a new calculated value of 13784.7325354814.
INFO: Sample E02-0184 1.1 has a new calculated value of 209506.229996681.
INFO: Sample E02-0187 1.1 has a new calculated value of 127776.060283184.
INFO: Sample E02-0187 1.1 has a new calculated value of 18232.3619350791.
INFO: Sample E02-0187 1.1 has a new calculated value of 109500.952899456.
INFO: Sample Q01-0108 1.1 has a new calculated value of 139902.485489845.
INFO: Sample Q01-0108 1.1 has a new calculated value of 9313.82254511116.
INFO: Sample Q01-0108 1.1 has a new calculated value of 88556.3061833383.
INFO: Sample B01-0226 1.1 has a new calculated value of 179149.723291397.
INFO: Sample B01-0226 1.1 has a new calculated value of 0.
INFO: Sample B01-0226 1.1 has a new calculated value of 144335.625529289.
INFO: Sample Q01-0109 1.1 has a new calculated value of 70364.8392856122.
INFO: Sample Q01-0109 1.1 has a new calculated value of 2424.61216449737.
INFO: Sample Q01-0109 1.1 has a new calculated value of 72793.1001484395.
INFO: Sample Q01-0110 1.1 has a new calculated value of 406956.592082978.
INFO: Sample Q01-0110 1.1 has a new calculated value of 0.
INFO: Sample Q01-0110 1.1 has a new calculated value of 376201.87497139.
INFO: Sample E01-0160 1.1 has a new calculated value of 46046.1464524268.
INFO: Sample E01-0160 1.1 has a new calculated value of 2422.35142271966.
INFO: Sample E01-0160 1.1 has a new calculated value of 70299.1864085197.
INFO: Sample E01-0162 1.1 has a new calculated value of 329434.281349182.
INFO: Sample E01-0162 1.1 has a new calculated value of 6792.42391884328.
INFO: Sample E01-0162 1.1 has a new calculated value of 302082.482457161.
INFO: Sample E01-0159 1.1 has a new calculated value of 126214.417397976.
INFO: Sample E01-0159 1.1 has a new calculated value of 2291.76963306964.
INFO: Sample E01-0159 1.1 has a new calculated value of 114726.277470589.
INFO: Sample A02-0563 1.1 has a new calculated value of 240549.772381782.
INFO: Sample A02-0563 1.1 has a new calculated value of 11032.663911581.
INFO: Sample A02-0563 1.1 has a new calculated value of 273826.337099075.
INFO: Sample Q01-0107 1.1 has a new calculated value of 293428.39550972.
INFO: Sample Q01-0107 1.1 has a new calculated value of 2303.28287556768.
INFO: Sample Q01-0107 1.1 has a new calculated value of 318930.313825607.
INFO: Sample A04-0150 1.1 has a new calculated value of 750347.589969635.
INFO: Sample A04-0150 1.1 has a new calculated value of 23636.4454776049.
INFO: Sample A04-0150 1.1 has a new calculated value of 697549.465656281.
INFO: Sample E02-0185 1.1 has a new calculated value of 294944.017410278.
INFO: Sample E02-0185 1.1 has a new calculated value of 5395.09743824602.
INFO: Sample E02-0185 1.1 has a new calculated value of 186491.491913795.
INFO: Sample A04-0149 1.1 has a new calculated value of 555274.947166442.
INFO: Sample A04-0149 1.1 has a new calculated value of 9814.20894339681.
INFO: Sample A04-0149 1.1 has a new calculated value of 552792.391777039.
INFO: Sample E01-0161 1.1 has a new calculated value of 175585.826396942.
INFO: Sample E01-0161 1.1 has a new calculated value of 2400.83713363856.
INFO: Sample E01-0161 1.1 has a new calculated value of 168356.968402862.
INFO: Sample E02-0186 1.1 has a new calculated value of 105712.248802185.
INFO: Sample E02-0186 1.1 has a new calculated value of 4310.11138111354.
INFO: Sample E02-0186 1.1 has a new calculated value of 94914.3288731574.
INFO: Sample G01-0271 1.1 has a new calculated value of 134530.957102776.
INFO: Sample G01-0271 1.1 has a new calculated value of 0.
INFO: Sample G01-0271 1.1 has a new calculated value of 144699.964642525.
INFO: Sample A02-0608 1.1 has a new calculated value of 750244.630336763.
INFO: Sample A02-0608 1.1 has a new calculated value of 10986.6571426391.
INFO: Sample A02-0608 1.1 has a new calculated value of 733503.075599672.
LOW : WaTCH status of A02-0608 1.1 has been changed to Complete.
LOW : WaTCH status of G01-0255 1.1 has been changed to Complete.
LOW : WaTCH status of E02-0185 1.1 has been changed to Complete.
LOW : WaTCH status of E02-0184 1.1 has been changed to Complete.
LOW : WaTCH status of Q01-0108 1.1 has been changed to Complete.
LOW : WaTCH status of A02-0527 1.1 has been changed to Complete.
LOW : WaTCH status of E01-0160 1.1 has been changed to Complete.
LOW : WaTCH status of A01-0341 1.1 has been changed to Complete.
LOW : WaTCH status of A02-0569 1.1 has been changed to Complete.
LOW : WaTCH status of A02-0607 1.1 has been changed to Complete.
LOW : WaTCH status of Q01-0106 1.1 has been changed to Complete.
LOW : WaTCH status of T01-0020 1.1 has been changed to Complete.
LOW : WaTCH status of G01-0271 1.1 has been changed to Complete.
LOW : WaTCH status of N02-0194 1.1 has been changed to Complete.
LOW : WaTCH status of N02-0137 1.1 has been changed to Complete.
LOW : WaTCH status of A02-0552 1.1 has been changed to Complete.
LOW : WaTCH status of Q01-0109 1.1 has been changed to Complete.
LOW : WaTCH status of B01-0226 1.1 has been changed to Complete.
LOW : WaTCH status of B01-0213 1.1 has been changed to Complete.
LOW : WaTCH status of N02-0143 1.1 has been changed to Complete.
LOW : WaTCH status of Q01-0107 1.1 has been changed to Complete.
LOW : WaTCH status of A02-0568 1.1 has been changed to Complete.
LOW : WaTCH status of A04-0149 1.1 has been changed to Complete.
LOW : WaTCH status of E02-0186 1.1 has been changed to Complete.
LOW : WaTCH status of A02-0603 1.1 has been changed to Complete.
LOW : WaTCH status of N02-0113 1.1 has been changed to Complete.
LOW : WaTCH status of E02-0187 1.1 has been changed to Complete.
LOW : WaTCH status of A04-0143 1.1 has been changed to Complete.
LOW : WaTCH status of G01-0265 1.1 has been changed to Complete.
LOW : WaTCH status of A04-0150 1.1 has been changed to Complete.
LOW : WaTCH status of E01-0161 1.1 has been changed to Complete.
LOW : WaTCH status of E01-0162 1.1 has been changed to Complete.
LOW : WaTCH status of Q01-0110 1.1 has been changed to Complete.
LOW : WaTCH status of A01-0340 1.1 has been changed to Complete.
LOW : WaTCH status of B01-0225 1.1 has been changed to Complete.
LOW : WaTCH status of T01-0021 1.1 has been changed to Complete.
LOW : WaTCH status of Q01-0105 1.1 has been changed to Complete.
LOW : WaTCH status of A02-0563 1.1 has been changed to Complete.
LOW : WaTCH status of E01-0159 1.1 has been changed to Complete.
#
# WaTCHdb update complete.
# 2022-09-06.15-52-40.
