# WaTCHdb update log.
# Command: 2_updateWaTCH.pl.
# Data output written to updates/watchdb/watchdb.2022-07-15.11-36-19.txt and updates/watchdb.LATEST.txt.
# Fatal errors and system warnings are NOT logged here; see STDERR for those.
#
# Run started 2022-07-15.11-36-19.
#
4 molecular targets added.
INFO: Finished WaTCHdb import. 3868 total assets present.
INFO: Finished AssetTiger import. 19 new assets added. 3887 total assets present.
INFO: Sample L01-0134 1.1 has a new calculated value of 77575.7226347923.
INFO: Sample L01-0134 1.1 has a new calculated value of 57670.8217710256.
INFO: Sample L01-0134 1.1 has a new calculated value of 1987.32855962589.
INFO: Sample O01-0109 1.1 has a new calculated value of 42286.1246019601.
INFO: Sample O01-0109 1.1 has a new calculated value of 34820.7670077682.
INFO: Sample O01-0109 1.1 has a new calculated value of 2486.23842839152.
INFO: Sample H01-0265 1.1 has a new calculated value of 24434.3881309032.
INFO: Sample H01-0265 1.1 has a new calculated value of 21718.7542095781.
INFO: Sample H01-0265 1.1 has a new calculated value of 0.
INFO: Sample J01-0087 1.1 has a new calculated value of 95884.125083685.
INFO: Sample J01-0087 1.1 has a new calculated value of 66678.7663847207.
INFO: Sample J01-0087 1.1 has a new calculated value of 2082.10654556751.
INFO: Sample R02-0025 1.1 has a new calculated value of 78881.835490465.
INFO: Sample R02-0025 1.1 has a new calculated value of 74237.6200854779.
INFO: Sample R02-0025 1.1 has a new calculated value of 0.
INFO: Sample A04-0110 1.1 has a new calculated value of 320875.257253647.
INFO: Sample A04-0110 1.1 has a new calculated value of 301932.080984116.
INFO: Sample A04-0110 1.1 has a new calculated value of 11753.4889653325.
INFO: Sample H01-0263 1.1 has a new calculated value of 40959.9879384041.
INFO: Sample H01-0263 1.1 has a new calculated value of 51745.5837875606.
INFO: Sample H01-0263 1.1 has a new calculated value of 4309.69306267797.
INFO: Sample R02-0110 1.1 has a new calculated value of 189722.059071064.
INFO: Sample R02-0110 1.1 has a new calculated value of 185248.124599457.
INFO: Sample R02-0110 1.1 has a new calculated value of 2227.03920677304.
INFO: Sample H01-0268 1.1 has a new calculated value of 16040.1498712599.
INFO: Sample H01-0268 1.1 has a new calculated value of 20624.1781264543.
INFO: Sample H01-0268 1.1 has a new calculated value of 2291.07425082475.
INFO: Sample H01-0262 1.1 has a new calculated value of 20550.0199645758.
INFO: Sample H01-0262 1.1 has a new calculated value of 6848.88708405196.
INFO: Sample H01-0262 1.1 has a new calculated value of 2282.83805307001.
INFO: Sample B01-0190 1.1 has a new calculated value of 28477.8744354844.
INFO: Sample B01-0190 1.1 has a new calculated value of 6570.10015100241.
INFO: Sample B01-0190 1.1 has a new calculated value of 0.
INFO: Sample O01-0107 1.1 has a new calculated value of 23502.3637488484.
INFO: Sample O01-0107 1.1 has a new calculated value of 30555.6428432464.
INFO: Sample O01-0107 1.1 has a new calculated value of 0.
INFO: Sample C01-0220 1.1 has a new calculated value of 12802.6972152293.
INFO: Sample C01-0220 1.1 has a new calculated value of 12802.6972152293.
INFO: Sample C01-0220 1.1 has a new calculated value of 0.
INFO: Sample J01-0084 1.1 has a new calculated value of 23606.8230494857.
INFO: Sample J01-0084 1.1 has a new calculated value of 6436.90573051571.
INFO: Sample J01-0084 1.1 has a new calculated value of 0.
INFO: Sample K01-0101 1.1 has a new calculated value of 266624.981760979.
INFO: Sample K01-0101 1.1 has a new calculated value of 279890.297949314.
INFO: Sample K01-0101 1.1 has a new calculated value of 15378.4490190446.
INFO: Sample C01-0218 1.1 has a new calculated value of 96109.1221868993.
INFO: Sample C01-0218 1.1 has a new calculated value of 98456.0059010982.
INFO: Sample C01-0218 1.1 has a new calculated value of 11708.8324762881.
INFO: Sample H01-0271 1.1 has a new calculated value of 38221.2916016578.
INFO: Sample H01-0271 1.1 has a new calculated value of 42470.2502042056.
INFO: Sample H01-0271 1.1 has a new calculated value of 6367.79439635573.
INFO: Sample B01-0194 1.1 has a new calculated value of 6788.2460542023.
INFO: Sample B01-0194 1.1 has a new calculated value of 9051.23999342323.
INFO: Sample B01-0194 1.1 has a new calculated value of 2262.62658834457.
INFO: Sample O01-0106 1.1 has a new calculated value of 13420.3541837633.
INFO: Sample O01-0106 1.1 has a new calculated value of 20132.1424171328.
INFO: Sample O01-0106 1.1 has a new calculated value of 0.
INFO: Sample H01-0270 1.1 has a new calculated value of 26249.5410069823.
INFO: Sample H01-0270 1.1 has a new calculated value of 32814.4939988852.
INFO: Sample H01-0270 1.1 has a new calculated value of 10935.3104420006.
INFO: Sample R01-0092 1.1 has a new calculated value of 27716.3666859269.
INFO: Sample R01-0092 1.1 has a new calculated value of 34648.3244374394.
INFO: Sample R01-0092 1.1 has a new calculated value of 2308.99746995419.
INFO: Sample K01-0120 1.1 has a new calculated value of 415786.968469619.
INFO: Sample K01-0120 1.1 has a new calculated value of 392141.361236571.
INFO: Sample K01-0120 1.1 has a new calculated value of 10409.6281528473.
INFO: Sample O01-0113 1.1 has a new calculated value of 0.
INFO: Sample O01-0113 1.1 has a new calculated value of 4640.10659605266.
INFO: Sample O01-0113 1.1 has a new calculated value of 4640.10659605266.
INFO: Sample L01-0146 1.1 has a new calculated value of 155533.914864063.
INFO: Sample L01-0146 1.1 has a new calculated value of 132625.039368868.
INFO: Sample L01-0146 1.1 has a new calculated value of 0.
INFO: Sample L01-0152 1.1 has a new calculated value of 0.
INFO: Sample L01-0152 1.1 has a new calculated value of 13123.3998388052.
INFO: Sample L01-0152 1.1 has a new calculated value of 0.
INFO: Sample J01-0086 1.1 has a new calculated value of 47494.5357441902.
INFO: Sample J01-0086 1.1 has a new calculated value of 45334.5253318548.
INFO: Sample J01-0086 1.1 has a new calculated value of 4315.4615862295.
INFO: Sample K01-0107 1.1 has a new calculated value of 208737.499415874.
INFO: Sample K01-0107 1.1 has a new calculated value of 213548.309504986.
INFO: Sample K01-0107 1.1 has a new calculated value of 7180.56564219297.
INFO: Sample N03-0114 1.1 has a new calculated value of 4638.30965571104.
INFO: Sample N03-0114 1.1 has a new calculated value of 9277.13211625814.
INFO: Sample N03-0114 1.1 has a new calculated value of 6957.65638723971.
INFO: Sample L01-0172 1.1 has a new calculated value of 233787.227869034.
INFO: Sample L01-0172 1.1 has a new calculated value of 220519.091784954.
INFO: Sample L01-0172 1.1 has a new calculated value of 0.
INFO: Sample R01-0055 1.1 has a new calculated value of 28904.6660810709.
INFO: Sample R01-0055 1.1 has a new calculated value of 22709.1300487518.
INFO: Sample R01-0055 1.1 has a new calculated value of 2063.9579789713.
INFO: Sample C01-0217 1.1 has a new calculated value of 31042.4676910043.
INFO: Sample C01-0217 1.1 has a new calculated value of 26606.423445046.
INFO: Sample C01-0217 1.1 has a new calculated value of 4433.2307204604.
INFO: Sample R01-0077 1.1 has a new calculated value of 49859.8889261484.
INFO: Sample R01-0077 1.1 has a new calculated value of 36255.8539956808.
INFO: Sample R01-0077 1.1 has a new calculated value of 2265.07223211229.
INFO: Sample H01-0266 1.1 has a new calculated value of 84695.6960856915.
INFO: Sample H01-0266 1.1 has a new calculated value of 75531.1453342437.
INFO: Sample H01-0266 1.1 has a new calculated value of 4573.7726893276.
INFO: Sample N03-0118 1.1 has a new calculated value of 19899.5477333665.
INFO: Sample N03-0118 1.1 has a new calculated value of 15476.6102693975.
INFO: Sample N03-0118 1.1 has a new calculated value of 2210.59441566467.
INFO: Sample R01-0063 1.1 has a new calculated value of 37375.089302659.
INFO: Sample R01-0063 1.1 has a new calculated value of 30777.064114809.
INFO: Sample R01-0063 1.1 has a new calculated value of 0.
INFO: Sample L01-0162 1.1 has a new calculated value of 85863.8463914396.
INFO: Sample L01-0162 1.1 has a new calculated value of 65404.1140526532.
INFO: Sample L01-0162 1.1 has a new calculated value of 4084.76842101664.
INFO: Sample O01-0119 1.1 has a new calculated value of 12184.0061433613.
INFO: Sample O01-0119 1.1 has a new calculated value of 17058.6015097797.
INFO: Sample O01-0119 1.1 has a new calculated value of 0.
INFO: Sample L01-0157 1.1 has a new calculated value of 2088.64348009229.
INFO: Sample L01-0157 1.1 has a new calculated value of 2088.64348009229.
INFO: Sample L01-0157 1.1 has a new calculated value of 4177.39127296954.
INFO: Sample H01-0261 1.1 has a new calculated value of 69794.793650508.
INFO: Sample H01-0261 1.1 has a new calculated value of 46516.949236393.
INFO: Sample H01-0261 1.1 has a new calculated value of 4649.37211945653.
INFO: Sample H01-0260 1.1 has a new calculated value of 4099.15057942271.
INFO: Sample H01-0260 1.1 has a new calculated value of 6148.87610077858.
INFO: Sample H01-0260 1.1 has a new calculated value of 2049.52512402087.
INFO: Sample K01-0116 1.1 has a new calculated value of 125998.241901398.
INFO: Sample K01-0116 1.1 has a new calculated value of 147760.413587093.
INFO: Sample K01-0116 1.1 has a new calculated value of 4338.4674657136.
INFO: Sample C01-0219 1.1 has a new calculated value of 8837.01763115823.
INFO: Sample C01-0219 1.1 has a new calculated value of 2209.07962415367.
INFO: Sample C01-0219 1.1 has a new calculated value of 4418.27577073127.
INFO: Sample J01-0088 1.1 has a new calculated value of 31031.1944782734.
INFO: Sample J01-0088 1.1 has a new calculated value of 8272.7390807122.
INFO: Sample J01-0088 1.1 has a new calculated value of 2068.03161883727.
INFO: Sample H01-0272 1.1 has a new calculated value of 103160.424381495.
INFO: Sample H01-0272 1.1 has a new calculated value of 74479.264765978.
INFO: Sample H01-0272 1.1 has a new calculated value of 0.
INFO: Sample H01-0264 1.1 has a new calculated value of 49345.6953763962.
INFO: Sample H01-0264 1.1 has a new calculated value of 37003.8270950317.
INFO: Sample H01-0264 1.1 has a new calculated value of 4931.95625022054.
INFO: Sample H01-0269 1.1 has a new calculated value of 17403.4112691879.
INFO: Sample H01-0269 1.1 has a new calculated value of 13051.881082356.
INFO: Sample H01-0269 1.1 has a new calculated value of 2175.03132065758.
INFO: Sample C01-0216 1.1 has a new calculated value of 79042.6035225392.
INFO: Sample C01-0216 1.1 has a new calculated value of 60962.5786542894.
INFO: Sample C01-0216 1.1 has a new calculated value of 11282.6778553426.
INFO: Sample H01-0267 1.1 has a new calculated value of 43147.6409733294.
INFO: Sample H01-0267 1.1 has a new calculated value of 36980.9706509114.
INFO: Sample H01-0267 1.1 has a new calculated value of 0.
INFO: Sample J01-0085 1.1 has a new calculated value of 15497.0481432974.
INFO: Sample J01-0085 1.1 has a new calculated value of 11068.7352530658.
INFO: Sample J01-0085 1.1 has a new calculated value of 0.
INFO: Sample A01-0300 1.1 has a new calculated value of 53614.3125593663.
INFO: Sample A01-0300 1.1 has a new calculated value of 48737.4472618103.
INFO: Sample A01-0300 1.1 has a new calculated value of 2435.52702013403.
INFO: Sample A01-0301 1.1 has a new calculated value of 300152.82869339.
INFO: Sample A01-0301 1.1 has a new calculated value of 277510.068118572.
INFO: Sample A01-0301 1.1 has a new calculated value of 24743.2941198349.
INFO: Sample H01-0273 1.1 has a new calculated value of 36450.9576559066.
INFO: Sample H01-0273 1.1 has a new calculated value of 38730.1936000585.
INFO: Sample H01-0273 1.1 has a new calculated value of 0.
LOW : WaTCH status of H01-0265 1.1 has been changed to Complete.
LOW : WaTCH status of H01-0271 1.1 has been changed to Complete.
LOW : WaTCH status of L01-0152 1.1 has been changed to Complete.
LOW : WaTCH status of H01-0270 1.1 has been changed to Complete.
LOW : WaTCH status of H01-0266 1.1 has been changed to Complete.
LOW : WaTCH status of K01-0107 1.1 has been changed to Complete.
LOW : WaTCH status of K01-0120 1.1 has been changed to Complete.
LOW : WaTCH status of L01-0162 1.1 has been changed to Complete.
LOW : WaTCH status of R01-0063 1.1 has been changed to Complete.
LOW : WaTCH status of O01-0119 1.1 has been changed to Complete.
LOW : WaTCH status of C01-0219 1.1 has been changed to Complete.
LOW : WaTCH status of O01-0113 1.1 has been changed to Complete.
LOW : WaTCH status of C01-0217 1.1 has been changed to Complete.
LOW : WaTCH status of L01-0146 1.1 has been changed to Complete.
LOW : WaTCH status of H01-0264 1.1 has been changed to Complete.
LOW : WaTCH status of C01-0218 1.1 has been changed to Complete.
LOW : WaTCH status of C01-0220 1.1 has been changed to Complete.
LOW : WaTCH status of R01-0092 1.1 has been changed to Complete.
LOW : WaTCH status of J01-0086 1.1 has been changed to Complete.
LOW : WaTCH status of R01-0077 1.1 has been changed to Complete.
LOW : WaTCH status of L01-0157 1.1 has been changed to Complete.
LOW : WaTCH status of J01-0085 1.1 has been changed to Complete.
LOW : WaTCH status of O01-0107 1.1 has been changed to Complete.
LOW : WaTCH status of O01-0109 1.1 has been changed to Complete.
LOW : WaTCH status of N03-0114 1.1 has been changed to Complete.
LOW : WaTCH status of J01-0084 1.1 has been changed to Complete.
LOW : WaTCH status of L01-0172 1.1 has been changed to Complete.
LOW : WaTCH status of H01-0260 1.1 has been changed to Complete.
LOW : WaTCH status of H01-0261 1.1 has been changed to Complete.
LOW : WaTCH status of H01-0263 1.1 has been changed to Complete.
LOW : WaTCH status of B01-0190 1.1 has been changed to Complete.
LOW : WaTCH status of H01-0268 1.1 has been changed to Complete.
LOW : WaTCH status of H01-0267 1.1 has been changed to Complete.
LOW : WaTCH status of H01-0269 1.1 has been changed to Complete.
LOW : WaTCH status of R02-0025 1.1 has been changed to Complete.
LOW : WaTCH status of H01-0272 1.1 has been changed to Complete.
LOW : WaTCH status of C01-0216 1.1 has been changed to Complete.
LOW : WaTCH status of R01-0055 1.1 has been changed to Complete.
LOW : WaTCH status of A04-0110 1.1 has been changed to Complete.
LOW : WaTCH status of J01-0087 1.1 has been changed to Complete.
LOW : WaTCH status of H01-0262 1.1 has been changed to Complete.
LOW : WaTCH status of R02-0110 1.1 has been changed to Complete.
LOW : WaTCH status of J01-0088 1.1 has been changed to Complete.
LOW : WaTCH status of O01-0106 1.1 has been changed to Complete.
LOW : WaTCH status of B01-0194 1.1 has been changed to Complete.
LOW : WaTCH status of K01-0116 1.1 has been changed to Complete.
LOW : WaTCH status of N03-0118 1.1 has been changed to Complete.
LOW : WaTCH status of A01-0301 1.1 has been changed to Complete.
LOW : WaTCH status of L01-0134 1.1 has been changed to Complete.
LOW : WaTCH status of K01-0101 1.1 has been changed to Complete.
LOW : WaTCH status of H01-0273 1.1 has been changed to Complete.
LOW : WaTCH status of A01-0300 1.1 has been changed to Complete.
#
# WaTCHdb update complete.
# 2022-07-15.11-36-21.
