# WaTCHdb update log.
# Command: 2_updateWaTCH.pl.
# Data output written to DB/INCREMENTAL/watchdb.2021-12-23.12-44-26.txt and DB/watchdb.LATEST.txt.
# Fatal errors and system warnings are NOT logged here; see STDERR for those.
#
# Run started 2021-12-23.12-44-26.
#
4 molecular targets added.
INFO: Finished WaTCHdb import.
1354 samples added.
INFO: Asset ID A02-0246, found during AssetTiger import, does not exist in the latest WaTCHdb. It will be added.
HIGH: During AT import of A02-0248, AT value for A02-0248:Description (Sample) is replacing the existing WaTCHdb value (Sample ).
HIGH: During AT import of A02-0254, AT value for A02-0254:Description (Sample) is replacing the existing WaTCHdb value (Sample ).
HIGH: During AT import of A02-0255, AT value for A02-0255:Description (Sample) is replacing the existing WaTCHdb value (Sample ).
HIGH: During AT import of A02-0255, AT value for A02-0255:Sample Collection By (GZ) is replacing the existing WaTCHdb value (GZ ).
INFO: Asset ID A02-0256, found during AssetTiger import, does not exist in the latest WaTCHdb. It will be added.
HIGH: During AT import of A02-0259, AT value for A02-0259:Sample Collection By (GZ) is replacing the existing WaTCHdb value (GZ ).
HIGH: During AT import of A03-0088, AT value for A03-0088:Description (Sample) is replacing the existing WaTCHdb value (Sample ).
INFO: Asset ID A03-0112, found during AssetTiger import, does not exist in the latest WaTCHdb. It will be added.
HIGH: During AT import of A03-0138, AT value for A03-0138:Sample Collection By (GZ) is replacing the existing WaTCHdb value (GZ ).
INFO: Asset ID B01-0030, found during AssetTiger import, does not exist in the latest WaTCHdb. It will be added.
INFO: Asset ID B01-0031, found during AssetTiger import, does not exist in the latest WaTCHdb. It will be added.
INFO: Asset ID B01-0032, found during AssetTiger import, does not exist in the latest WaTCHdb. It will be added.
INFO: Asset ID B01-0033, found during AssetTiger import, does not exist in the latest WaTCHdb. It will be added.
INFO: Asset ID B01-0040, found during AssetTiger import, does not exist in the latest WaTCHdb. It will be added.
INFO: Asset ID C01-0058, found during AssetTiger import, does not exist in the latest WaTCHdb. It will be added.
INFO: Asset ID C01-0059, found during AssetTiger import, does not exist in the latest WaTCHdb. It will be added.
INFO: Asset ID C01-0060, found during AssetTiger import, does not exist in the latest WaTCHdb. It will be added.
INFO: Asset ID C01-0061, found during AssetTiger import, does not exist in the latest WaTCHdb. It will be added.
INFO: Asset ID C01-0062, found during AssetTiger import, does not exist in the latest WaTCHdb. It will be added.
INFO: Asset ID D01-0002, found during AssetTiger import, does not exist in the latest WaTCHdb. It will be added.
INFO: Asset ID E01-0018, found during AssetTiger import, does not exist in the latest WaTCHdb. It will be added.
INFO: Asset ID E01-0019, found during AssetTiger import, does not exist in the latest WaTCHdb. It will be added.
INFO: Asset ID E01-0021, found during AssetTiger import, does not exist in the latest WaTCHdb. It will be added.
INFO: Asset ID E01-0022, found during AssetTiger import, does not exist in the latest WaTCHdb. It will be added.
INFO: Asset ID E02-0020, found during AssetTiger import, does not exist in the latest WaTCHdb. It will be added.
INFO: Asset ID E02-0021, found during AssetTiger import, does not exist in the latest WaTCHdb. It will be added.
INFO: Asset ID E02-0022, found during AssetTiger import, does not exist in the latest WaTCHdb. It will be added.
HIGH: During AT import of F01-0021, AT value for F01-0021:Comments (NO METADATA) is replacing the existing WaTCHdb value (NO METADATA ).
HIGH: During AT import of F01-0025, AT value for F01-0025:Comments (NO METADATA) is replacing the existing WaTCHdb value (NO METADATA ).
INFO: Asset ID g01-0006, found during AssetTiger import, does not exist in the latest WaTCHdb. It will be added.
INFO: Asset ID G01-0007, found during AssetTiger import, does not exist in the latest WaTCHdb. It will be added.
INFO: Asset ID G01-0011, found during AssetTiger import, does not exist in the latest WaTCHdb. It will be added.
INFO: Asset ID G01-0013, found during AssetTiger import, does not exist in the latest WaTCHdb. It will be added.
INFO: Asset ID G01-0017, found during AssetTiger import, does not exist in the latest WaTCHdb. It will be added.
HIGH: Mysterious sample ID G01-0006, found during Run Metadata import, does not exist in AT or WaTCHdb. This is concerning.
INFO: Sample K01-0001 has a new calculated value of 68292.4135029317.
INFO: Sample K01-0001 has a new calculated value of 0.
INFO: Sample K01-0001 has a new calculated value of 7183.43703076243.
INFO: Sample A03-0107 has a new calculated value of 92165.812253952.
INFO: Sample A03-0107 has a new calculated value of 14932.0455081761.
INFO: Sample A03-0107 has a new calculated value of 69728.4411638976.
INFO: Sample A03-0148 has a new calculated value of 0.
INFO: Sample A03-0148 has a new calculated value of 40805.9256523849.
INFO: Sample A03-0148 has a new calculated value of 5438.49541805685.
INFO: Sample A03-0105 has a new calculated value of 2345.56693118066.
INFO: Sample A03-0105 has a new calculated value of 16421.7265695333.
INFO: Sample A03-0105 has a new calculated value of 7037.09495253862.
INFO: Sample C01-0056 has a new calculated value of 91630.4822266103.
INFO: Sample C01-0056 has a new calculated value of 43499.499410391.
INFO: Sample C01-0056 has a new calculated value of 91630.4822266103.
INFO: Sample A02-0246 has a new calculated value of 0.
INFO: Sample A02-0246 has a new calculated value of 81493.7894046307.
INFO: Sample A02-0246 has a new calculated value of 4789.36837054788.
INFO: Sample C01-0053 has a new calculated value of 31737.4658212066.
INFO: Sample C01-0053 has a new calculated value of 17086.4182524383.
INFO: Sample C01-0053 has a new calculated value of 34179.807677865.
INFO: Sample E01-0018 has a new calculated value of 149371.508359909.
INFO: Sample E01-0018 has a new calculated value of 23549.6118664741.
INFO: Sample E01-0018 has a new calculated value of 94277.939647436.
INFO: Sample A03-0110 has a new calculated value of 0.
INFO: Sample A03-0110 has a new calculated value of 12309.2494346201.
INFO: Sample A03-0110 has a new calculated value of 4923.26617240907.
INFO: Sample A02-0271 has a new calculated value of 8716.18255041541.
INFO: Sample A02-0271 has a new calculated value of 31968.2025164366.
INFO: Sample A02-0271 has a new calculated value of 5810.5873502791.
INFO: Sample K01-0008 has a new calculated value of 63067.3717707396.
INFO: Sample K01-0008 has a new calculated value of 3501.25411525369.
INFO: Sample K01-0008 has a new calculated value of 28018.2271823287.
INFO: Sample E01-0019 has a new calculated value of 75739.6052777767.
INFO: Sample E01-0019 has a new calculated value of 15136.9763351977.
INFO: Sample E01-0019 has a new calculated value of 101016.590148211.
INFO: Sample K01-0022 has a new calculated value of 68764.1897052525.
INFO: Sample K01-0022 has a new calculated value of 28001.4245957136.
INFO: Sample K01-0022 has a new calculated value of 104464.167505503.
INFO: Sample A02-0265 has a new calculated value of 22410.3124067187.
INFO: Sample A02-0265 has a new calculated value of 6721.83517366649.
INFO: Sample A02-0265 has a new calculated value of 33619.9628189206.
INFO: Sample E02-0020 has a new calculated value of 44380.0840526819.
INFO: Sample E02-0020 has a new calculated value of 18268.4610038996.
INFO: Sample E02-0020 has a new calculated value of 41768.1938409806.
INFO: Sample B01-0032 has a new calculated value of 7030.99544160067.
INFO: Sample B01-0032 has a new calculated value of 0.
INFO: Sample B01-0032 has a new calculated value of 10546.9356290996.
INFO: Sample A03-0158 has a new calculated value of 333480.564951897.
INFO: Sample A03-0158 has a new calculated value of 54979.3671816589.
INFO: Sample A03-0158 has a new calculated value of 293221.898674965.
INFO: Sample A03-0102 has a new calculated value of 0.
INFO: Sample A03-0102 has a new calculated value of 0.
INFO: Sample A03-0102 has a new calculated value of 0.
INFO: Sample D01-0022 has a new calculated value of 451446.384787558.
INFO: Sample D01-0022 has a new calculated value of 5757.11072422564.
INFO: Sample D01-0022 has a new calculated value of 248272.641599178.
INFO: Sample E02-0022 has a new calculated value of 39823.6803710459.
INFO: Sample E02-0022 has a new calculated value of 21234.5857545734.
INFO: Sample E02-0022 has a new calculated value of 26544.9165925384.
INFO: Sample C01-0057 has a new calculated value of 58224.2730259896.
INFO: Sample C01-0057 has a new calculated value of 19399.1032987833.
INFO: Sample C01-0057 has a new calculated value of 84937.451183796.
INFO: Sample K01-0015 has a new calculated value of 38750.1112371682.
INFO: Sample K01-0015 has a new calculated value of 0.
INFO: Sample K01-0015 has a new calculated value of 7042.81012527646.
INFO: Sample A03-0143 has a new calculated value of 81100.2950370311.
INFO: Sample A03-0143 has a new calculated value of 8529.48655374347.
INFO: Sample A03-0143 has a new calculated value of 102468.581646681.
INFO: Sample H01-0092 has a new calculated value of 19369.6472793818.
INFO: Sample H01-0092 has a new calculated value of 0.
INFO: Sample H01-0092 has a new calculated value of 24905.4784700274.
INFO: Sample H01-0089 has a new calculated value of 5474.01060350241.
INFO: Sample H01-0089 has a new calculated value of 8211.28478273749.
INFO: Sample H01-0089 has a new calculated value of 5474.01060350241.
INFO: Sample E02-0021 has a new calculated value of 3850.5915272981.
INFO: Sample E02-0021 has a new calculated value of 7701.53660327195.
INFO: Sample E02-0021 has a new calculated value of 0.
INFO: Sample E01-0022 has a new calculated value of 91314.7473335265.
INFO: Sample E01-0022 has a new calculated value of 13515.5638866126.
INFO: Sample E01-0022 has a new calculated value of 40559.775084257.
INFO: Sample A03-0135 has a new calculated value of 21275.0070914626.
INFO: Sample A03-0135 has a new calculated value of 7976.86236910522.
INFO: Sample A03-0135 has a new calculated value of 15955.2429802716.
INFO: Sample A01-0123 has a new calculated value of 52696.0075646638.
INFO: Sample A01-0123 has a new calculated value of 50059.630125761.
INFO: Sample A01-0123 has a new calculated value of 63243.1608438491.
INFO: Sample C01-0054 has a new calculated value of 67320.1397806406.
INFO: Sample C01-0054 has a new calculated value of 12458.5372209549.
INFO: Sample C01-0054 has a new calculated value of 89784.2404246331.
INFO: Sample A03-0115 has a new calculated value of 12723.2825383544.
INFO: Sample A03-0115 has a new calculated value of 5088.84957991539.
INFO: Sample A03-0115 has a new calculated value of 10178.3170737326.
INFO: Sample A03-0141 has a new calculated value of 0.
INFO: Sample A03-0141 has a new calculated value of 23252.0194351673.
INFO: Sample A03-0141 has a new calculated value of 6974.25194084645.
INFO: Sample A03-0104 has a new calculated value of 5760.67116111516.
INFO: Sample A03-0104 has a new calculated value of 11522.1343562007.
INFO: Sample A03-0104 has a new calculated value of 2880.23657631129.
INFO: Sample G01-0013 has a new calculated value of 112765.906602144.
INFO: Sample G01-0013 has a new calculated value of 32973.2638970018.
INFO: Sample G01-0013 has a new calculated value of 101750.994622707.
INFO: Sample A02-0264 has a new calculated value of 0.
INFO: Sample A02-0264 has a new calculated value of 185852.210819721.
INFO: Sample A02-0264 has a new calculated value of 0.
INFO: Sample B01-0033 has a new calculated value of 6487.88946680726.
INFO: Sample B01-0033 has a new calculated value of 0.
INFO: Sample B01-0033 has a new calculated value of 3243.81892103702.
INFO: Sample H01-0091 has a new calculated value of 43464.4120931626.
INFO: Sample H01-0091 has a new calculated value of 19311.951957643.
INFO: Sample H01-0091 has a new calculated value of 62796.4069694281.
INFO: Sample A03-0149 has a new calculated value of 0.
INFO: Sample A03-0149 has a new calculated value of 26935.5804473162.
INFO: Sample A03-0149 has a new calculated value of 0.
INFO: Sample K01-0012 has a new calculated value of 29830.4370045662.
INFO: Sample K01-0012 has a new calculated value of 0.
INFO: Sample K01-0012 has a new calculated value of 3727.64417901635.
INFO: Sample A01-0122 has a new calculated value of 91226.9823253156.
INFO: Sample A01-0122 has a new calculated value of 51436.9580894708.
INFO: Sample A01-0122 has a new calculated value of 77179.1280806064.
INFO: Sample A03-0130 has a new calculated value of 16020.8788141608.
INFO: Sample A03-0130 has a new calculated value of 204151.51655674.
INFO: Sample A03-0130 has a new calculated value of 13731.8072095513.
INFO: Sample A03-0111 has a new calculated value of 0.
INFO: Sample A03-0111 has a new calculated value of 5087.92270906269.
INFO: Sample A03-0111 has a new calculated value of 0.
INFO: Sample A03-0156 has a new calculated value of 30270.3088894486.
INFO: Sample A03-0156 has a new calculated value of 65613.3214384316.
INFO: Sample A03-0156 has a new calculated value of 15132.422670722.
INFO: Sample B01-0040 has a new calculated value of 21791.5894836187.
INFO: Sample B01-0040 has a new calculated value of 8715.27638286353.
INFO: Sample B01-0040 has a new calculated value of 74137.683659792.
INFO: Sample B01-0031 has a new calculated value of 0.
INFO: Sample B01-0031 has a new calculated value of 0.
INFO: Sample B01-0031 has a new calculated value of 0.
INFO: Sample H01-0090 has a new calculated value of 10865.7112531364.
INFO: Sample H01-0090 has a new calculated value of 5432.50367045403.
INFO: Sample H01-0090 has a new calculated value of 27169.5617213845.
INFO: Sample H01-0088 has a new calculated value of 36061.9946569206.
INFO: Sample H01-0088 has a new calculated value of 18027.1199718118.
INFO: Sample H01-0088 has a new calculated value of 25755.4031163454.
INFO: Sample E01-0021 has a new calculated value of 137583.707123995.
INFO: Sample E01-0021 has a new calculated value of 5845.4341907054.
INFO: Sample E01-0021 has a new calculated value of 2922.61517141014.
INFO: Sample H01-0093 has a new calculated value of 17261.3388486207.
INFO: Sample H01-0093 has a new calculated value of 27128.1551197171.
INFO: Sample H01-0093 has a new calculated value of 22194.4566071033.
INFO: Sample H01-0087 has a new calculated value of 16309.9839538336.
INFO: Sample H01-0087 has a new calculated value of 3261.48892287165.
INFO: Sample H01-0087 has a new calculated value of 0.
INFO: Sample A03-0131 has a new calculated value of 0.
INFO: Sample A03-0131 has a new calculated value of 12267.4563713372.
INFO: Sample A03-0131 has a new calculated value of 2453.20392306894.
INFO: Sample A02-0256 has a new calculated value of 0.
INFO: Sample A02-0256 has a new calculated value of 9580.1965892315.
INFO: Sample A02-0256 has a new calculated value of 0.
INFO: Sample A02-0269 has a new calculated value of 0.
INFO: Sample A02-0269 has a new calculated value of 3614.17363397778.
INFO: Sample A02-0269 has a new calculated value of 0.
INFO: Sample A02-0266 has a new calculated value of 55245.2018111946.
INFO: Sample A02-0266 has a new calculated value of 16565.9149736166.
INFO: Sample A02-0266 has a new calculated value of 88427.3014962673.
INFO: Sample C01-0055 has a new calculated value of 126909.297555685.
INFO: Sample C01-0055 has a new calculated value of 42260.4185342788.
INFO: Sample C01-0055 has a new calculated value of 171948.663890362.
INFO: Sample A02-0270 has a new calculated value of 2444.9040228501.
INFO: Sample A02-0270 has a new calculated value of 36688.5423660278.
INFO: Sample A02-0270 has a new calculated value of 9780.47182783486.
INFO: Sample G01-0006 has a new calculated value of 109123.178869486.
INFO: Sample G01-0006 has a new calculated value of 31495.3009039164.
INFO: Sample G01-0006 has a new calculated value of 72717.2036468982.
INFO: Sample G01-0009 has a new calculated value of 46653.7948697804.
INFO: Sample G01-0009 has a new calculated value of 19988.1238862872.
INFO: Sample G01-0009 has a new calculated value of 46653.7948697804.
INFO: Sample A01-0124 has a new calculated value of 60678.1853735447.
INFO: Sample A01-0124 has a new calculated value of 80923.7882494926.
INFO: Sample A01-0124 has a new calculated value of 80923.7882494926.
LOW : WaTCH status of A02-0227 has been changed to Complete.
LOW : WaTCH status of A02-0270 has been changed to Complete.
LOW : WaTCH status of E01-0021 has been changed to Complete.
LOW : WaTCH status of C01-0056 has been changed to Complete.
LOW : WaTCH status of A02-0155 c has been changed to Complete.
LOW : WaTCH status of H01-0087 has been changed to Complete.
LOW : WaTCH status of A01-0124 has been changed to Complete.
LOW : WaTCH status of E01-0022 has been changed to Complete.
LOW : WaTCH status of E01-0019 has been changed to Complete.
LOW : WaTCH status of A03-0102 has been changed to Complete.
LOW : WaTCH status of A03-0149 has been changed to Complete.
LOW : WaTCH status of A02-0155 b has been changed to Complete.
LOW : WaTCH status of A03-0130 has been changed to Complete.
LOW : WaTCH status of A02-0002 100K has been changed to Complete.
LOW : WaTCH status of H01-0089 has been changed to Complete.
LOW : WaTCH status of A03-0143 has been changed to Complete.
LOW : WaTCH status of K01-0015 has been changed to Complete.
LOW : WaTCH status of A02-0271 has been changed to Complete.
LOW : WaTCH status of A1015 has been changed to Complete.
LOW : WaTCH status of G01-0006 has been changed to Complete.
LOW : WaTCH status of H01-0091 has been changed to Complete.
LOW : WaTCH status of A01-0112 has been changed to Complete.
LOW : WaTCH status of H01-0093 has been changed to Complete.
LOW : WaTCH status of A03-0115 has been changed to Complete.
LOW : WaTCH status of G01-0009 has been changed to Complete.
LOW : WaTCH status of C01-0055 has been changed to Complete.
LOW : WaTCH status of G01-0013 has been changed to Complete.
LOW : WaTCH status of B01-0060 has been changed to Complete.
LOW : WaTCH status of E02-0016 has been changed to Complete.
LOW : WaTCH status of H01-0092 has been changed to Complete.
LOW : WaTCH status of C01-0057 has been changed to Complete.
LOW : WaTCH status of C01-0054 has been changed to Complete.
LOW : WaTCH status of A03-0135 has been changed to Complete.
LOW : WaTCH status of K01-0008 has been changed to Complete.
LOW : WaTCH status of E01-0018 has been changed to Complete.
LOW : WaTCH status of A03-0105 has been changed to Complete.
LOW : WaTCH status of D01-0022 has been changed to Complete.
LOW : WaTCH status of B01-0032 has been changed to Complete.
LOW : WaTCH status of E02-0021 has been changed to Complete.
LOW : WaTCH status of A02-0152 b has been changed to Complete.
LOW : WaTCH status of A01-0123 has been changed to Complete.
LOW : WaTCH status of A02-0001 10K has been changed to Complete.
LOW : WaTCH status of A02-0154 b has been changed to Complete.
LOW : WaTCH status of A02-0256 has been changed to Complete.
LOW : WaTCH status of A02-0152 c has been changed to Complete.
LOW : WaTCH status of A03-0104 has been changed to Complete.
LOW : WaTCH status of A03-0106 has been changed to Complete.
LOW : WaTCH status of B01-0040 has been changed to Complete.
LOW : WaTCH status of E02-0015 has been changed to Complete.
LOW : WaTCH status of A03-0107 has been changed to Complete.
LOW : WaTCH status of E02-0020 has been changed to Complete.
LOW : WaTCH status of A02-0265 has been changed to Complete.
LOW : WaTCH status of A03-0096 has been changed to Complete.
LOW : WaTCH status of A02-0264 has been changed to Complete.
LOW : WaTCH status of C01-0053 has been changed to Complete.
LOW : WaTCH status of A02-0156 c has been changed to Complete.
LOW : WaTCH status of H01-0038 has been changed to Complete.
LOW : WaTCH status of B01-0033 has been changed to Complete.
LOW : WaTCH status of A03-0141 has been changed to Complete.
LOW : WaTCH status of H01-0090 has been changed to Complete.
LOW : WaTCH status of A03-0156 has been changed to Complete.
LOW : WaTCH status of E02-0022 has been changed to Complete.
LOW : WaTCH status of A03-0158 has been changed to Complete.
LOW : WaTCH status of A1028 has been changed to Complete.
LOW : WaTCH status of A02-0151 b has been changed to Complete.
LOW : WaTCH status of K01-0012 has been changed to Complete.
LOW : WaTCH status of A02-0004 1K has been changed to Complete.
LOW : WaTCH status of H01-0088 has been changed to Complete.
LOW : WaTCH status of A01-0122 has been changed to Complete.
LOW : WaTCH status of B01-0016 has been changed to Complete.
LOW : WaTCH status of A02-0156 b has been changed to Complete.
LOW : WaTCH status of A02-0003 0 has been changed to Complete.
LOW : WaTCH status of A03-0131 has been changed to Complete.
LOW : WaTCH status of A02-0154 c has been changed to Complete.
LOW : WaTCH status of A02-0153 c has been changed to Complete.
LOW : WaTCH status of A02-0151 c has been changed to Complete.
LOW : WaTCH status of B01-0003 has been changed to Complete.
LOW : WaTCH status of A03-0148 has been changed to Complete.
LOW : WaTCH status of G01-0016 has been changed to Complete.
LOW : WaTCH status of A02-0229 has been changed to Complete.
LOW : WaTCH status of A02-0153 b has been changed to Complete.
LOW : WaTCH status of A02-0266 has been changed to Complete.
LOW : WaTCH status of A02-0269 has been changed to Complete.
LOW : WaTCH status of G01-0012 has been changed to Complete.
LOW : WaTCH status of K01-0022 has been changed to Complete.
LOW : WaTCH status of A02-0246 has been changed to Complete.
LOW : WaTCH status of K01-0001 has been changed to Complete.
LOW : WaTCH status of H01-0037 has been changed to Complete.
#
# WaTCHdb update complete.
# 2021-12-23.12-44-26.
