# WaTCHdb update log.
# Command: 2_updateWaTCH.pl.
# Data output written to updates/watchdb/watchdb.2023-07-06.10-33-17.txt and updates/watchdb.LATEST.txt.
# Fatal errors and system warnings are NOT logged here; see STDERR for those.
#
# Run started 2023-07-06.10-33-17.
#
4 molecular targets added.
INFO: Finished WaTCHdb import. 9194 total assets present.
INFO: Finished AssetTiger import. 0 new assets added. 9194 total assets present.
HIGH: Mysterious sample ID J01-296 found during Run Metadata import, does not exist in AT or WaTCHdb. This is concerning.
HIGH: J01-296 will be ignored!
HIGH: Mysterious sample ID O01-0398 found during Run Metadata import, does not exist in AT or WaTCHdb. This is concerning.
HIGH: O01-0398 will be ignored!
INFO: Sample H01-0618 1.1 has a new calculated value of 4511.58528216182.
INFO: Sample H01-0618 1.1 has a new calculated value of 0.
INFO: Sample H01-0618 1.1 has a new calculated value of 2255.73583971709.
INFO: Sample R01-0257 1.1 has a new calculated value of 2249.73374046385.
INFO: Sample R01-0257 1.1 has a new calculated value of 20251.6694739461.
INFO: Sample R01-0257 1.1 has a new calculated value of 0.
INFO: Sample K01-0275 1.1 has a new calculated value of 30687.4326243997.
INFO: Sample K01-0275 1.1 has a new calculated value of 7669.88815739752.
INFO: Sample K01-0275 1.1 has a new calculated value of 53716.8013304473.
INFO: Sample A01-0598 1.1 has a new calculated value of 55101.5400141477.
INFO: Sample A01-0598 1.1 has a new calculated value of 39023.2589095831.
INFO: Sample A01-0598 1.1 has a new calculated value of 68887.5176757575.
INFO: Sample D01-0294 1.1 has a new calculated value of 74527.2794365884.
INFO: Sample D01-0294 1.1 has a new calculated value of 7206.9023642689.
INFO: Sample D01-0294 1.1 has a new calculated value of 40854.4499427079.
INFO: Sample R01-0285 1.1 has a new calculated value of 0.
INFO: Sample R01-0285 1.1 has a new calculated value of 28145.4027816653.
INFO: Sample R01-0285 1.1 has a new calculated value of 2557.94271826744.
INFO: Sample A04-0451 1.1 has a new calculated value of 246120.058894157.
INFO: Sample A04-0451 1.1 has a new calculated value of 51456.1919867993.
INFO: Sample A04-0451 1.1 has a new calculated value of 229669.942259789.
INFO: Sample T01-0170 1.1 has a new calculated value of 14495.9458708763.
INFO: Sample T01-0170 1.1 has a new calculated value of 11596.3827632368.
INFO: Sample T01-0170 1.1 has a new calculated value of 8697.00492359699.
INFO: Sample L01-0452 1.1 has a new calculated value of 0.
INFO: Sample L01-0452 1.1 has a new calculated value of 0.
INFO: Sample L01-0452 1.1 has a new calculated value of 0.
INFO: Sample L01-0458 1.1 has a new calculated value of 4687.62173317372.
INFO: Sample L01-0458 1.1 has a new calculated value of 0.
INFO: Sample L01-0458 1.1 has a new calculated value of 4687.62173317372.
INFO: Sample H01-0617 1.1 has a new calculated value of 6815.92795997859.
INFO: Sample H01-0617 1.1 has a new calculated value of 0.
INFO: Sample H01-0617 1.1 has a new calculated value of 10224.2815867066.
INFO: Sample A01-0601 1.1 has a new calculated value of 42133.2301944496.
INFO: Sample A01-0601 1.1 has a new calculated value of 28962.3401686549.
INFO: Sample A01-0601 1.1 has a new calculated value of 23695.0679495931.
INFO: Sample A01-0597 1.1 has a new calculated value of 41764.8133635522.
INFO: Sample A01-0597 1.1 has a new calculated value of 23197.8680938482.
INFO: Sample A01-0597 1.1 has a new calculated value of 37122.3561465739.
INFO: Sample T01-0169 1.1 has a new calculated value of 3310.89575774968.
INFO: Sample T01-0169 1.1 has a new calculated value of 6622.03623913229.
INFO: Sample T01-0169 1.1 has a new calculated value of 0.
INFO: Sample H01-0619 1.1 has a new calculated value of 4929.46707643568.
INFO: Sample H01-0619 1.1 has a new calculated value of 0.
INFO: Sample H01-0619 1.1 has a new calculated value of 9859.47668552398.
INFO: Sample J01-0298 1.1 has a new calculated value of 119182.34154582.
INFO: Sample J01-0298 1.1 has a new calculated value of 0.
INFO: Sample J01-0298 1.1 has a new calculated value of 141107.489615679.
INFO: Sample N02-0302 1.1 has a new calculated value of 11424.1737686098.
INFO: Sample N02-0302 1.1 has a new calculated value of 5711.72271855175.
INFO: Sample N02-0302 1.1 has a new calculated value of 19994.2138418555.
INFO: Sample L01-0456 1.1 has a new calculated value of 0.
INFO: Sample L01-0456 1.1 has a new calculated value of 6914.43798132241.
INFO: Sample L01-0456 1.1 has a new calculated value of 0.
INFO: Sample B01-0484 1.1 has a new calculated value of 28230.5666059256.
INFO: Sample B01-0484 1.1 has a new calculated value of 0.
INFO: Sample B01-0484 1.1 has a new calculated value of 9408.21373835206.
INFO: Sample A01-0599 1.1 has a new calculated value of 71832.215040922.
INFO: Sample A01-0599 1.1 has a new calculated value of 57456.5564095972.
INFO: Sample A01-0599 1.1 has a new calculated value of 91006.9370269774.
INFO: Sample T01-0167 1.1 has a new calculated value of 0.
INFO: Sample T01-0167 1.1 has a new calculated value of 14785.5553217232.
INFO: Sample T01-0167 1.1 has a new calculated value of 0.
INFO: Sample O01-0395 1.1 has a new calculated value of 2316.8482678011.
INFO: Sample O01-0395 1.1 has a new calculated value of 6950.90445689857.
INFO: Sample O01-0395 1.1 has a new calculated value of 4633.81650857628.
INFO: Sample Q01-0395 1.1 has a new calculated value of 4737.67753690482.
INFO: Sample Q01-0395 1.1 has a new calculated value of 7106.70369677245.
INFO: Sample Q01-0395 1.1 has a new calculated value of 2368.77612769604.
INFO: Sample C01-0443 1.1 has a new calculated value of 6924.94517192245.
INFO: Sample C01-0443 1.1 has a new calculated value of 6924.94517192245.
INFO: Sample C01-0443 1.1 has a new calculated value of 0.
INFO: Sample L01-0459 1.1 has a new calculated value of 2408.36906712502.
INFO: Sample L01-0459 1.1 has a new calculated value of 0.
INFO: Sample L01-0459 1.1 has a new calculated value of 0.
INFO: Sample J01-0297 1.1 has a new calculated value of 42530.9161841869.
INFO: Sample J01-0297 1.1 has a new calculated value of 0.
INFO: Sample J01-0297 1.1 has a new calculated value of 62559.442296624.
INFO: Sample T01-0168 1.1 has a new calculated value of 0.
INFO: Sample T01-0168 1.1 has a new calculated value of 0.
INFO: Sample T01-0168 1.1 has a new calculated value of 0.
INFO: Sample O01-0359 1.1 has a new calculated value of 0.
INFO: Sample O01-0359 1.1 has a new calculated value of 0.
INFO: Sample O01-0359 1.1 has a new calculated value of 2183.20235610008.
INFO: Sample O01-0381 1.1 has a new calculated value of 0.
INFO: Sample O01-0381 1.1 has a new calculated value of 0.
INFO: Sample O01-0381 1.1 has a new calculated value of 41459.9758386611.
INFO: Sample K01-0261 1.1 has a new calculated value of 15344.5911593735.
INFO: Sample K01-0261 1.1 has a new calculated value of 5114.27960358562.
INFO: Sample K01-0261 1.1 has a new calculated value of 7671.63838259877.
INFO: Sample Q01-0401 1.1 has a new calculated value of 0.
INFO: Sample Q01-0401 1.1 has a new calculated value of 12774.4016423821.
INFO: Sample Q01-0401 1.1 has a new calculated value of 5109.32302102448.
INFO: Sample N02-0312 1.1 has a new calculated value of 62835.426852107.
INFO: Sample N02-0312 1.1 has a new calculated value of 0.
INFO: Sample N02-0312 1.1 has a new calculated value of 53162.7045571805.
INFO: Sample O01-0401 1.1 has a new calculated value of 0.
INFO: Sample O01-0401 1.1 has a new calculated value of 0.
INFO: Sample O01-0401 1.1 has a new calculated value of 0.
INFO: Sample K01-0271 1.1 has a new calculated value of 99312.7615749835.
INFO: Sample K01-0271 1.1 has a new calculated value of 4724.19172525405.
INFO: Sample K01-0271 1.1 has a new calculated value of 113518.28366518.
INFO: Sample H01-0621 1.1 has a new calculated value of 6843.68683956562.
INFO: Sample H01-0621 1.1 has a new calculated value of 2281.11277800053.
INFO: Sample H01-0621 1.1 has a new calculated value of 4562.34181299806.
INFO: Sample A04-0449 1.1 has a new calculated value of 124100.825786591.
INFO: Sample A04-0449 1.1 has a new calculated value of 19444.0836086869.
INFO: Sample A04-0449 1.1 has a new calculated value of 114354.994297028.
INFO: Sample O01-0394 1.1 has a new calculated value of 0.
INFO: Sample O01-0394 1.1 has a new calculated value of 7343.10884959995.
INFO: Sample O01-0394 1.1 has a new calculated value of 0.
INFO: Sample L01-0453 1.1 has a new calculated value of 0.
INFO: Sample L01-0453 1.1 has a new calculated value of 2181.39559496194.
INFO: Sample L01-0453 1.1 has a new calculated value of 2181.39559496194.
INFO: Sample L01-0461 1.1 has a new calculated value of 0.
INFO: Sample L01-0461 1.1 has a new calculated value of 0.
INFO: Sample L01-0461 1.1 has a new calculated value of 0.
INFO: Sample C01-0449 1.1 has a new calculated value of 68362.0572835207.
INFO: Sample C01-0449 1.1 has a new calculated value of 17080.7391777635.
INFO: Sample C01-0449 1.1 has a new calculated value of 65918.757766485.
INFO: Sample C01-0446 1.1 has a new calculated value of 22633.1223919988.
INFO: Sample C01-0446 1.1 has a new calculated value of 4525.71024186908.
INFO: Sample C01-0446 1.1 has a new calculated value of 9051.87701806424.
INFO: Sample A04-0447 1.1 has a new calculated value of 32594.004906714.
INFO: Sample A04-0447 1.1 has a new calculated value of 4344.49743479489.
INFO: Sample A04-0447 1.1 has a new calculated value of 30420.3303158283.
INFO: Sample C01-0447 1.1 has a new calculated value of 11642.3281654716.
INFO: Sample C01-0447 1.1 has a new calculated value of 0.
INFO: Sample C01-0447 1.1 has a new calculated value of 11642.3281654716.
INFO: Sample L01-0474 1.1 has a new calculated value of 7048.20572398603.
INFO: Sample L01-0474 1.1 has a new calculated value of 2349.27892684937.
INFO: Sample L01-0474 1.1 has a new calculated value of 4698.68101179601.
INFO: Sample A04-0448 1.1 has a new calculated value of 1201408.6318016.
INFO: Sample A04-0448 1.1 has a new calculated value of 16835.0589461625.
INFO: Sample A04-0448 1.1 has a new calculated value of 1154505.13601303.
INFO: Sample C01-0448 1.1 has a new calculated value of 62901.1168330907.
INFO: Sample C01-0448 1.1 has a new calculated value of 0.
INFO: Sample C01-0448 1.1 has a new calculated value of 71485.384851694.
INFO: Sample C01-0442 1.1 has a new calculated value of 2372.41274211556.
INFO: Sample C01-0442 1.1 has a new calculated value of 0.
INFO: Sample C01-0442 1.1 has a new calculated value of 4744.95129659772.
INFO: Sample B01-0495 1.1 has a new calculated value of 19657.1662276983.
INFO: Sample B01-0495 1.1 has a new calculated value of 0.
INFO: Sample B01-0495 1.1 has a new calculated value of 8423.44477772713.
INFO: Sample C01-0444 1.1 has a new calculated value of 70620.9254264831.
INFO: Sample C01-0444 1.1 has a new calculated value of 7057.0858474821.
INFO: Sample C01-0444 1.1 has a new calculated value of 56487.8330379723.
INFO: Sample O01-0388 1.1 has a new calculated value of 0.
INFO: Sample O01-0388 1.1 has a new calculated value of 2366.39922950417.
INFO: Sample O01-0388 1.1 has a new calculated value of 0.
INFO: Sample Q01-0399 1.1 has a new calculated value of 10168.2149246335.
INFO: Sample Q01-0399 1.1 has a new calculated value of 2541.83740820736.
INFO: Sample Q01-0399 1.1 has a new calculated value of 2541.83740820736.
INFO: Sample L01-0455 1.1 has a new calculated value of 0.
INFO: Sample L01-0455 1.1 has a new calculated value of 2269.21475026757.
INFO: Sample L01-0455 1.1 has a new calculated value of 0.
INFO: Sample Q01-0396 1.1 has a new calculated value of 16533.3640761673.
INFO: Sample Q01-0396 1.1 has a new calculated value of 16533.3640761673.
INFO: Sample Q01-0396 1.1 has a new calculated value of 25983.7382286787.
INFO: Sample B01-0483 1.1 has a new calculated value of 17908.6652398109.
INFO: Sample B01-0483 1.1 has a new calculated value of 5116.03142134844.
INFO: Sample B01-0483 1.1 has a new calculated value of 20467.631444335.
INFO: Sample H01-0622 1.1 has a new calculated value of 0.
INFO: Sample H01-0622 1.1 has a new calculated value of 5055.42861297725.
INFO: Sample H01-0622 1.1 has a new calculated value of 5055.42861297725.
INFO: Sample O01-0387 1.1 has a new calculated value of 8808.55483934282.
INFO: Sample O01-0387 1.1 has a new calculated value of 4404.06083129348.
INFO: Sample O01-0387 1.1 has a new calculated value of 6606.25342279674.
INFO: Sample L01-0468 1.1 has a new calculated value of 0.
INFO: Sample L01-0468 1.1 has a new calculated value of 4784.466996789.
INFO: Sample L01-0468 1.1 has a new calculated value of 0.
INFO: Sample L01-0462 1.1 has a new calculated value of 2437.31865193695.
INFO: Sample L01-0462 1.1 has a new calculated value of 0.
INFO: Sample L01-0462 1.1 has a new calculated value of 0.
INFO: Sample D01-0300 1.1 has a new calculated value of 1785938.63725662.
INFO: Sample D01-0300 1.1 has a new calculated value of 19803.6075755954.
INFO: Sample D01-0300 1.1 has a new calculated value of 1644874.54175949.
INFO: Sample L01-0472 1.1 has a new calculated value of 0.
INFO: Sample L01-0472 1.1 has a new calculated value of 8986.52784526346.
INFO: Sample L01-0472 1.1 has a new calculated value of 0.
INFO: Sample K01-0269 1.1 has a new calculated value of 24839.9774730206.
INFO: Sample K01-0269 1.1 has a new calculated value of 0.
INFO: Sample K01-0269 1.1 has a new calculated value of 17386.5386098623.
INFO: Sample Q01-0398 1.1 has a new calculated value of 4701.14576630295.
INFO: Sample Q01-0398 1.1 has a new calculated value of 2350.5110386759.
INFO: Sample Q01-0398 1.1 has a new calculated value of 0.
INFO: Sample J01-0295 1.1 has a new calculated value of 508158.531188967.
INFO: Sample J01-0295 1.1 has a new calculated value of 0.
INFO: Sample J01-0295 1.1 has a new calculated value of 531184.780597688.
INFO: Sample B01-0493 1.1 has a new calculated value of 0.
INFO: Sample B01-0493 1.1 has a new calculated value of 0.
INFO: Sample B01-0493 1.1 has a new calculated value of 0.
INFO: Sample H01-0620 1.1 has a new calculated value of 14925.497956574.
INFO: Sample H01-0620 1.1 has a new calculated value of 0.
INFO: Sample H01-0620 1.1 has a new calculated value of 12437.5695548952.
INFO: Sample C01-0441 1.1 has a new calculated value of 21415.207721293.
INFO: Sample C01-0441 1.1 has a new calculated value of 13383.3048306405.
INFO: Sample C01-0441 1.1 has a new calculated value of 5352.84214653076.
INFO: Sample L01-0469 1.1 has a new calculated value of 0.
INFO: Sample L01-0469 1.1 has a new calculated value of 11190.2413330972.
INFO: Sample L01-0469 1.1 has a new calculated value of 11190.2413330972.
INFO: Sample Q01-0397 1.1 has a new calculated value of 17990.1937767863.
INFO: Sample Q01-0397 1.1 has a new calculated value of 22488.8702854514.
INFO: Sample Q01-0397 1.1 has a new calculated value of 17990.1937767863.
INFO: Sample Q01-0400 1.1 has a new calculated value of 10253.7195570767.
INFO: Sample Q01-0400 1.1 has a new calculated value of 20509.7876116633.
INFO: Sample Q01-0400 1.1 has a new calculated value of 12817.5165317953.
INFO: Sample O01-0380 1.1 has a new calculated value of 0.
INFO: Sample O01-0380 1.1 has a new calculated value of 0.
INFO: Sample O01-0380 1.1 has a new calculated value of 0.
INFO: Sample D01-0287 1.1 has a new calculated value of 79490.0241494178.
INFO: Sample D01-0287 1.1 has a new calculated value of 7008.15651565789.
INFO: Sample D01-0287 1.1 has a new calculated value of 74810.2372884751.
INFO: Sample L01-0463 1.1 has a new calculated value of 2232.13965073228.
INFO: Sample L01-0463 1.1 has a new calculated value of 0.
INFO: Sample L01-0463 1.1 has a new calculated value of 0.
INFO: Sample J01-0294 1.1 has a new calculated value of 38915.6059920788.
INFO: Sample J01-0294 1.1 has a new calculated value of 0.
INFO: Sample J01-0294 1.1 has a new calculated value of 59531.681165099.
INFO: Sample M03-0256 1.1 has a new calculated value of 0.
INFO: Sample M03-0256 1.1 has a new calculated value of 2129.86627360806.
INFO: Sample M03-0256 1.1 has a new calculated value of 0.
INFO: Sample H01-0623 1.1 has a new calculated value of 0.
INFO: Sample H01-0623 1.1 has a new calculated value of 4956.73013851045.
INFO: Sample H01-0623 1.1 has a new calculated value of 7435.30117906628.
INFO: Sample A01-0602 1.1 has a new calculated value of 45032.9323858021.
INFO: Sample A01-0602 1.1 has a new calculated value of 30807.1168139577.
INFO: Sample A01-0602 1.1 has a new calculated value of 37919.4608330727.
INFO: Sample B01-0488 1.1 has a new calculated value of 56593.3582931756.
INFO: Sample B01-0488 1.1 has a new calculated value of 7070.26217132807.
INFO: Sample B01-0488 1.1 has a new calculated value of 17677.7459308505.
INFO: Sample B01-0446 1.1 has a new calculated value of 17056.9006539881.
INFO: Sample B01-0446 1.1 has a new calculated value of 2842.36572682857.
INFO: Sample B01-0446 1.1 has a new calculated value of 22743.9752966165.
INFO: Sample O01-0383 1.1 has a new calculated value of 4816.60860590635.
INFO: Sample O01-0383 1.1 has a new calculated value of 4816.60860590635.
INFO: Sample O01-0383 1.1 has a new calculated value of 0.
INFO: Sample E01-0287 1.1 has a new calculated value of 22011.6517692804.
INFO: Sample E01-0287 1.1 has a new calculated value of 6602.36067138612.
INFO: Sample E01-0287 1.1 has a new calculated value of 30819.3391934037.
INFO: Sample A01-0600 1.1 has a new calculated value of 59668.8750386238.
INFO: Sample A01-0600 1.1 has a new calculated value of 78865.0435209274.
INFO: Sample A01-0600 1.1 has a new calculated value of 87399.3135988713.
INFO: Sample B01-0498 1.1 has a new calculated value of 25933.3113580942.
INFO: Sample B01-0498 1.1 has a new calculated value of 2880.73796778917.
INFO: Sample B01-0498 1.1 has a new calculated value of 0.
INFO: Sample A04-0450 1.1 has a new calculated value of 164388.846158981.
INFO: Sample A04-0450 1.1 has a new calculated value of 35908.5609018804.
INFO: Sample A04-0450 1.1 has a new calculated value of 87256.4756870271.
INFO: Sample D01-0298 1.1 has a new calculated value of 82915.7048463821.
INFO: Sample D01-0298 1.1 has a new calculated value of 4602.40535438062.
INFO: Sample D01-0298 1.1 has a new calculated value of 55260.0869536399.
INFO: Sample C01-0450 1.1 has a new calculated value of 7355.16135580836.
INFO: Sample C01-0450 1.1 has a new calculated value of 0.
INFO: Sample C01-0450 1.1 has a new calculated value of 2451.58641133457.
INFO: Sample L01-0454 1.1 has a new calculated value of 2183.30879230052.
INFO: Sample L01-0454 1.1 has a new calculated value of 2183.30879230052.
INFO: Sample L01-0454 1.1 has a new calculated value of 0.
INFO: Sample B01-0486 1.1 has a new calculated value of 38766.5167450905.
INFO: Sample B01-0486 1.1 has a new calculated value of 16610.1138666272.
INFO: Sample B01-0486 1.1 has a new calculated value of 66477.4326235056.
INFO: Sample C01-0445 1.1 has a new calculated value of 0.
INFO: Sample C01-0445 1.1 has a new calculated value of 0.
INFO: Sample C01-0445 1.1 has a new calculated value of 0.
LOW : WaTCH status of D01-0298 1.1 has been changed to Complete.
LOW : WaTCH status of O01-0401 1.1 has been changed to Complete.
LOW : WaTCH status of C01-0441 1.1 has been changed to Complete.
LOW : WaTCH status of T01-0168 1.1 has been changed to Complete.
LOW : WaTCH status of L01-0454 1.1 has been changed to Complete.
LOW : WaTCH status of T01-0167 1.1 has been changed to Complete.
LOW : WaTCH status of C01-0444 1.1 has been changed to Complete.
LOW : WaTCH status of O01-0381 1.1 has been changed to Complete.
LOW : WaTCH status of T01-0169 1.1 has been changed to Complete.
LOW : WaTCH status of L01-0463 1.1 has been changed to Complete.
LOW : WaTCH status of B01-0484 1.1 has been changed to Complete.
LOW : WaTCH status of A01-0600 1.1 has been changed to Complete.
LOW : WaTCH status of N02-0302 1.1 has been changed to Complete.
LOW : WaTCH status of A04-0448 1.1 has been changed to Complete.
LOW : WaTCH status of B01-0446 1.1 has been changed to Complete.
LOW : WaTCH status of O01-0394 1.1 has been changed to Complete.
LOW : WaTCH status of A04-0447 1.1 has been changed to Complete.
LOW : WaTCH status of L01-0452 1.1 has been changed to Complete.
LOW : WaTCH status of Q01-0399 1.1 has been changed to Complete.
LOW : WaTCH status of C01-0442 1.1 has been changed to Complete.
LOW : WaTCH status of Q01-0397 1.1 has been changed to Complete.
LOW : WaTCH status of Q01-0398 1.1 has been changed to Complete.
LOW : WaTCH status of J01-0294 1.1 has been changed to Complete.
LOW : WaTCH status of D01-0287 1.1 has been changed to Complete.
LOW : WaTCH status of K01-0275 1.1 has been changed to Complete.
LOW : WaTCH status of A04-0451 1.1 has been changed to Complete.
LOW : WaTCH status of A04-0449 1.1 has been changed to Complete.
LOW : WaTCH status of A01-0602 1.1 has been changed to Complete.
LOW : WaTCH status of R01-0285 1.1 has been changed to Complete.
LOW : WaTCH status of H01-0619 1.1 has been changed to Complete.
LOW : WaTCH status of K01-0271 1.1 has been changed to Complete.
LOW : WaTCH status of J01-0295 1.1 has been changed to Complete.
LOW : WaTCH status of A04-0450 1.1 has been changed to Complete.
LOW : WaTCH status of L01-0462 1.1 has been changed to Complete.
LOW : WaTCH status of Q01-0396 1.1 has been changed to Complete.
LOW : WaTCH status of B01-0493 1.1 has been changed to Complete.
LOW : WaTCH status of H01-0618 1.1 has been changed to Complete.
LOW : WaTCH status of O01-0395 1.1 has been changed to Complete.
LOW : WaTCH status of K01-0261 1.1 has been changed to Complete.
LOW : WaTCH status of H01-0617 1.1 has been changed to Complete.
LOW : WaTCH status of B01-0495 1.1 has been changed to Complete.
LOW : WaTCH status of L01-0472 1.1 has been changed to Complete.
LOW : WaTCH status of L01-0461 1.1 has been changed to Complete.
LOW : WaTCH status of O01-0380 1.1 has been changed to Complete.
LOW : WaTCH status of A01-0601 1.1 has been changed to Complete.
LOW : WaTCH status of B01-0483 1.1 has been changed to Complete.
LOW : WaTCH status of O01-0383 1.1 has been changed to Complete.
LOW : WaTCH status of C01-0445 1.1 has been changed to Complete.
LOW : WaTCH status of L01-0455 1.1 has been changed to Complete.
LOW : WaTCH status of M03-0256 1.1 has been changed to Complete.
LOW : WaTCH status of C01-0443 1.1 has been changed to Complete.
LOW : WaTCH status of L01-0453 1.1 has been changed to Complete.
LOW : WaTCH status of L01-0474 1.1 has been changed to Complete.
LOW : WaTCH status of L01-0458 1.1 has been changed to Complete.
LOW : WaTCH status of C01-0448 1.1 has been changed to Complete.
LOW : WaTCH status of D01-0294 1.1 has been changed to Complete.
LOW : WaTCH status of O01-0388 1.1 has been changed to Complete.
LOW : WaTCH status of N02-0312 1.1 has been changed to Complete.
LOW : WaTCH status of O01-0387 1.1 has been changed to Complete.
LOW : WaTCH status of H01-0623 1.1 has been changed to Complete.
LOW : WaTCH status of B01-0488 1.1 has been changed to Complete.
LOW : WaTCH status of C01-0449 1.1 has been changed to Complete.
LOW : WaTCH status of L01-0459 1.1 has been changed to Complete.
LOW : WaTCH status of Q01-0401 1.1 has been changed to Complete.
LOW : WaTCH status of H01-0620 1.1 has been changed to Complete.
LOW : WaTCH status of B01-0498 1.1 has been changed to Complete.
LOW : WaTCH status of J01-0297 1.1 has been changed to Complete.
LOW : WaTCH status of J01-0298 1.1 has been changed to Complete.
LOW : WaTCH status of Q01-0395 1.1 has been changed to Complete.
LOW : WaTCH status of H01-0622 1.1 has been changed to Complete.
LOW : WaTCH status of O01-0359 1.1 has been changed to Complete.
LOW : WaTCH status of K01-0269 1.1 has been changed to Complete.
LOW : WaTCH status of E01-0287 1.1 has been changed to Complete.
LOW : WaTCH status of A01-0599 1.1 has been changed to Complete.
LOW : WaTCH status of L01-0456 1.1 has been changed to Complete.
LOW : WaTCH status of C01-0446 1.1 has been changed to Complete.
LOW : WaTCH status of L01-0468 1.1 has been changed to Complete.
LOW : WaTCH status of D01-0300 1.1 has been changed to Complete.
LOW : WaTCH status of H01-0621 1.1 has been changed to Complete.
LOW : WaTCH status of Q01-0400 1.1 has been changed to Complete.
LOW : WaTCH status of T01-0170 1.1 has been changed to Complete.
LOW : WaTCH status of C01-0450 1.1 has been changed to Complete.
LOW : WaTCH status of B01-0486 1.1 has been changed to Complete.
LOW : WaTCH status of A01-0597 1.1 has been changed to Complete.
LOW : WaTCH status of A01-0598 1.1 has been changed to Complete.
LOW : WaTCH status of R01-0257 1.1 has been changed to Complete.
#
# WaTCHdb update complete.
# 2023-07-06.10-33-18.
