# WaTCHdb update log.
# Command: 2_updateWaTCH.pl.
# Data output written to updates/watchdb/watchdb.2022-08-15.15-36-05.txt and updates/watchdb.LATEST.txt.
# Fatal errors and system warnings are NOT logged here; see STDERR for those.
#
# Run started 2022-08-15.15-36-05.
#
4 molecular targets added.
INFO: Finished WaTCHdb import. 4282 total assets present.
INFO: Finished AssetTiger import. 0 new assets added. 4282 total assets present.
INFO: Sample C01-0232 1.1 has a new calculated value of 11064.6434314549.
INFO: Sample C01-0232 1.1 has a new calculated value of 124091.176986694.
INFO: Sample C01-0232 1.1 has a new calculated value of 150730.018615723.
INFO: Sample K01-0138 1.1 has a new calculated value of 13749.8275749385.
INFO: Sample K01-0138 1.1 has a new calculated value of 579089.033603669.
INFO: Sample K01-0138 1.1 has a new calculated value of 646514.23573494.
INFO: Sample N03-0129 1.1 has a new calculated value of 67005.2330195903.
INFO: Sample N03-0129 1.1 has a new calculated value of 419556.523561477.
INFO: Sample N03-0129 1.1 has a new calculated value of 27577.4188712239.
INFO: Sample R02-0107 1.1 has a new calculated value of 2171.42523033544.
INFO: Sample R02-0107 1.1 has a new calculated value of 152272.110879421.
INFO: Sample R02-0107 1.1 has a new calculated value of 163169.886767864.
INFO: Sample C01-0231 1.1 has a new calculated value of 3937.78029363602.
INFO: Sample C01-0231 1.1 has a new calculated value of 110397.941619158.
INFO: Sample C01-0231 1.1 has a new calculated value of 126192.83169508.
INFO: Sample K01-0149 1.1 has a new calculated value of 0.
INFO: Sample K01-0149 1.1 has a new calculated value of 493875.181674958.
INFO: Sample K01-0149 1.1 has a new calculated value of 480141.134262084.
INFO: Sample R02-0112 1.1 has a new calculated value of 2208.26502889395.
INFO: Sample R02-0112 1.1 has a new calculated value of 121627.683788538.
INFO: Sample R02-0112 1.1 has a new calculated value of 148211.613893509.
INFO: Sample N03-0145 1.1 has a new calculated value of 0.
INFO: Sample N03-0145 1.1 has a new calculated value of 357766.968011855.
INFO: Sample N03-0145 1.1 has a new calculated value of 197536.092102528.
INFO: Sample K01-0135 1.1 has a new calculated value of 0.
INFO: Sample K01-0135 1.1 has a new calculated value of 743670.244216918.
INFO: Sample K01-0135 1.1 has a new calculated value of 704456.841945649.
INFO: Sample L01-0200 1.1 has a new calculated value of 2195.77018870041.
INFO: Sample L01-0200 1.1 has a new calculated value of 1042651.55911445.
INFO: Sample L01-0200 1.1 has a new calculated value of 984165.834188462.
INFO: Sample N03-0135 1.1 has a new calculated value of 0.
INFO: Sample N03-0135 1.1 has a new calculated value of 43932.6719194652.
INFO: Sample N03-0135 1.1 has a new calculated value of 14639.1076035798.
INFO: Sample L01-0187 1.1 has a new calculated value of 2109.88267790526.
INFO: Sample L01-0187 1.1 has a new calculated value of 1573568.68743897.
INFO: Sample L01-0187 1.1 has a new calculated value of 1720592.88740158.
INFO: Sample J01-0104 1.1 has a new calculated value of 4550.43316818773.
INFO: Sample J01-0104 1.1 has a new calculated value of 27310.0129142404.
INFO: Sample J01-0104 1.1 has a new calculated value of 31863.411962986.
INFO: Sample O01-0132 1.1 has a new calculated value of 0.
INFO: Sample O01-0132 1.1 has a new calculated value of 4371.04490585623.
INFO: Sample O01-0132 1.1 has a new calculated value of 2185.46551885083.
INFO: Sample R01-0121 1.1 has a new calculated value of 8203.1149417162.
INFO: Sample R01-0121 1.1 has a new calculated value of 4101.35654266924.
INFO: Sample R01-0121 1.1 has a new calculated value of 0.
INFO: Sample R02-0086 1.1 has a new calculated value of 0.
INFO: Sample R02-0086 1.1 has a new calculated value of 59337.579756975.
INFO: Sample R02-0086 1.1 has a new calculated value of 49100.9674966336.
INFO: Sample K01-0139 1.1 has a new calculated value of 4634.71896015107.
INFO: Sample K01-0139 1.1 has a new calculated value of 531686.993837358.
INFO: Sample K01-0139 1.1 has a new calculated value of 515262.528061865.
INFO: Sample L01-0179 1.1 has a new calculated value of 2222.19795221463.
INFO: Sample L01-0179 1.1 has a new calculated value of 993877.011537553.
INFO: Sample L01-0179 1.1 has a new calculated value of 1078153.9106369.
INFO: Sample N03-0134 1.1 has a new calculated value of 0.
INFO: Sample N03-0134 1.1 has a new calculated value of 26883.7499991059.
INFO: Sample N03-0134 1.1 has a new calculated value of 13439.7197328508.
INFO: Sample J01-0105 1.1 has a new calculated value of 0.
INFO: Sample J01-0105 1.1 has a new calculated value of 76084.9745571613.
INFO: Sample J01-0105 1.1 has a new calculated value of 76084.9745571613.
INFO: Sample L01-0186 1.1 has a new calculated value of 0.
INFO: Sample L01-0186 1.1 has a new calculated value of 979776.649475099.
INFO: Sample L01-0186 1.1 has a new calculated value of 1050645.04623413.
INFO: Sample O01-0137 1.1 has a new calculated value of 0.
INFO: Sample O01-0137 1.1 has a new calculated value of 2149.37634766102.
INFO: Sample O01-0137 1.1 has a new calculated value of 0.
INFO: Sample L01-0182 1.1 has a new calculated value of 0.
INFO: Sample L01-0182 1.1 has a new calculated value of 973669.842481613.
INFO: Sample L01-0182 1.1 has a new calculated value of 1011234.11536217.
INFO: Sample J01-0103 1.1 has a new calculated value of 0.
INFO: Sample J01-0103 1.1 has a new calculated value of 39593.4681594373.
INFO: Sample J01-0103 1.1 has a new calculated value of 35423.9720106125.
INFO: Sample N03-0130 1.1 has a new calculated value of 0.
INFO: Sample N03-0130 1.1 has a new calculated value of 65356.6599637269.
INFO: Sample N03-0130 1.1 has a new calculated value of 94436.8050992489.
INFO: Sample R02-0117 1.1 has a new calculated value of 0.
INFO: Sample R02-0117 1.1 has a new calculated value of 49193.4719681739.
INFO: Sample R02-0117 1.1 has a new calculated value of 40633.9374929667.
INFO: Sample L01-0196 1.1 has a new calculated value of 0.
INFO: Sample L01-0196 1.1 has a new calculated value of 574427.847862244.
INFO: Sample L01-0196 1.1 has a new calculated value of 482323.257923127.
INFO: Sample A01-0327 1.1 has a new calculated value of 27234.37897861.
INFO: Sample A01-0327 1.1 has a new calculated value of 487044.510841371.
INFO: Sample A01-0327 1.1 has a new calculated value of 453611.894845964.
INFO: Sample A04-0133 1.1 has a new calculated value of 24037.7192571759.
INFO: Sample A04-0133 1.1 has a new calculated value of 1225286.42177582.
INFO: Sample A04-0133 1.1 has a new calculated value of 1260354.64525223.
INFO: Sample R01-0109 1.1 has a new calculated value of 2210.24471567944.
INFO: Sample R01-0109 1.1 has a new calculated value of 0.
INFO: Sample R01-0109 1.1 has a new calculated value of 0.
INFO: Sample O01-0129 1.1 has a new calculated value of 0.
INFO: Sample O01-0129 1.1 has a new calculated value of 0.
INFO: Sample O01-0129 1.1 has a new calculated value of 7045.77016644178.
INFO: Sample A04-0138 1.1 has a new calculated value of 36187.3780936001.
INFO: Sample A04-0138 1.1 has a new calculated value of 1120340.70611.
INFO: Sample A04-0138 1.1 has a new calculated value of 1190058.10976028.
INFO: Sample J01-0107 1.1 has a new calculated value of 2127.87888944149.
INFO: Sample J01-0107 1.1 has a new calculated value of 2584660.99262237.
INFO: Sample J01-0107 1.1 has a new calculated value of 2663947.21984863.
INFO: Sample N03-0141 1.1 has a new calculated value of 0.
INFO: Sample N03-0141 1.1 has a new calculated value of 12129.7029778361.
INFO: Sample N03-0141 1.1 has a new calculated value of 7277.40081958472.
INFO: Sample C01-0235 1.1 has a new calculated value of 2110.62640417367.
INFO: Sample C01-0235 1.1 has a new calculated value of 116242.583245039.
INFO: Sample C01-0235 1.1 has a new calculated value of 141647.499650717.
INFO: Sample R02-0113 1.1 has a new calculated value of 4167.83643420786.
INFO: Sample R02-0113 1.1 has a new calculated value of 29183.5639625788.
INFO: Sample R02-0113 1.1 has a new calculated value of 35439.8275539279.
INFO: Sample O01-0135 1.1 has a new calculated value of 2264.58278484643.
INFO: Sample O01-0135 1.1 has a new calculated value of 11324.1375423968.
INFO: Sample O01-0135 1.1 has a new calculated value of 2264.58278484643.
INFO: Sample B01-0245 1.1 has a new calculated value of 0.
INFO: Sample B01-0245 1.1 has a new calculated value of 285193.009972572.
INFO: Sample B01-0245 1.1 has a new calculated value of 293549.074530601.
INFO: Sample C01-0233 1.1 has a new calculated value of 4059.84058510512.
INFO: Sample C01-0233 1.1 has a new calculated value of 172890.984714031.
INFO: Sample C01-0233 1.1 has a new calculated value of 191238.908171654.
INFO: Sample R01-0120 1.1 has a new calculated value of 0.
INFO: Sample R01-0120 1.1 has a new calculated value of 2342.55168121308.
INFO: Sample R01-0120 1.1 has a new calculated value of 4685.23448333146.
INFO: Sample O01-0118 1.1 has a new calculated value of 0.
INFO: Sample O01-0118 1.1 has a new calculated value of 2321.01706322283.
INFO: Sample O01-0118 1.1 has a new calculated value of 4642.16259308158.
INFO: Sample J01-0106 1.1 has a new calculated value of 6484.71071384848.
INFO: Sample J01-0106 1.1 has a new calculated value of 2806632.58552551.
INFO: Sample J01-0106 1.1 has a new calculated value of 2783527.92263031.
INFO: Sample A01-0326 1.1 has a new calculated value of 34673.6440435052.
INFO: Sample A01-0326 1.1 has a new calculated value of 639553.442001341.
INFO: Sample A01-0326 1.1 has a new calculated value of 591192.026138307.
INFO: Sample L01-0188 1.1 has a new calculated value of 4183.64605866374.
INFO: Sample L01-0188 1.1 has a new calculated value of 536811.355948448.
INFO: Sample L01-0188 1.1 has a new calculated value of 647127.885818481.
INFO: Sample D01-0131 1.1 has a new calculated value of 10423.4791919589.
INFO: Sample D01-0131 1.1 has a new calculated value of 4395700.507164.
INFO: Sample D01-0131 1.1 has a new calculated value of 4091238.47007752.
INFO: Sample R01-0119 1.1 has a new calculated value of 2087.811101228.
INFO: Sample R01-0119 1.1 has a new calculated value of 0.
INFO: Sample R01-0119 1.1 has a new calculated value of 0.
INFO: Sample B01-0240 1.1 has a new calculated value of 2268.25947873295.
INFO: Sample B01-0240 1.1 has a new calculated value of 154521.963000298.
INFO: Sample B01-0240 1.1 has a new calculated value of 197799.259722233.
INFO: Sample D01-0142 1.1 has a new calculated value of 7263.52748461067.
INFO: Sample D01-0142 1.1 has a new calculated value of 5626982.23114015.
INFO: Sample D01-0142 1.1 has a new calculated value of 5505330.70564271.
INFO: Sample C01-0234 1.1 has a new calculated value of 6673.67027141155.
INFO: Sample C01-0234 1.1 has a new calculated value of 129212.999492884.
INFO: Sample C01-0234 1.1 has a new calculated value of 138138.946294785.
INFO: Sample R01-0104 1.1 has a new calculated value of 0.
INFO: Sample R01-0104 1.1 has a new calculated value of 0.
INFO: Sample R01-0104 1.1 has a new calculated value of 0.
LOW : WaTCH status of L01-0186 1.1 has been changed to Complete.
LOW : WaTCH status of J01-0106 1.1 has been changed to Complete.
LOW : WaTCH status of R02-0086 1.1 has been changed to Complete.
LOW : WaTCH status of O01-0132 1.1 has been changed to Complete.
LOW : WaTCH status of L01-0179 1.1 has been changed to Complete.
LOW : WaTCH status of A01-0326 1.1 has been changed to Complete.
LOW : WaTCH status of O01-0137 1.1 has been changed to Complete.
LOW : WaTCH status of R02-0113 1.1 has been changed to Complete.
LOW : WaTCH status of O01-0129 1.1 has been changed to Complete.
LOW : WaTCH status of R01-0104 1.1 has been changed to Complete.
LOW : WaTCH status of O01-0135 1.1 has been changed to Complete.
LOW : WaTCH status of R01-0109 1.1 has been changed to Complete.
LOW : WaTCH status of C01-0233 1.1 has been changed to Complete.
LOW : WaTCH status of L01-0188 1.1 has been changed to Complete.
LOW : WaTCH status of J01-0103 1.1 has been changed to Complete.
LOW : WaTCH status of K01-0138 1.1 has been changed to Complete.
LOW : WaTCH status of R02-0107 1.1 has been changed to Complete.
LOW : WaTCH status of B01-0240 1.1 has been changed to Complete.
LOW : WaTCH status of R02-0117 1.1 has been changed to Complete.
LOW : WaTCH status of R01-0121 1.1 has been changed to Complete.
LOW : WaTCH status of N03-0135 1.1 has been changed to Complete.
LOW : WaTCH status of R01-0120 1.1 has been changed to Complete.
LOW : WaTCH status of L01-0196 1.1 has been changed to Complete.
LOW : WaTCH status of O01-0118 1.1 has been changed to Complete.
LOW : WaTCH status of J01-0105 1.1 has been changed to Complete.
LOW : WaTCH status of R01-0119 1.1 has been changed to Complete.
LOW : WaTCH status of N03-0141 1.1 has been changed to Complete.
LOW : WaTCH status of L01-0200 1.1 has been changed to Complete.
LOW : WaTCH status of K01-0139 1.1 has been changed to Complete.
LOW : WaTCH status of K01-0135 1.1 has been changed to Complete.
LOW : WaTCH status of D01-0142 1.1 has been changed to Complete.
LOW : WaTCH status of C01-0235 1.1 has been changed to Complete.
LOW : WaTCH status of R02-0112 1.1 has been changed to Complete.
LOW : WaTCH status of J01-0104 1.1 has been changed to Complete.
LOW : WaTCH status of L01-0187 1.1 has been changed to Complete.
LOW : WaTCH status of J01-0107 1.1 has been changed to Complete.
LOW : WaTCH status of C01-0231 1.1 has been changed to Complete.
LOW : WaTCH status of D01-0131 1.1 has been changed to Complete.
LOW : WaTCH status of N03-0145 1.1 has been changed to Complete.
LOW : WaTCH status of C01-0234 1.1 has been changed to Complete.
LOW : WaTCH status of A01-0327 1.1 has been changed to Complete.
LOW : WaTCH status of L01-0182 1.1 has been changed to Complete.
LOW : WaTCH status of B01-0245 1.1 has been changed to Complete.
LOW : WaTCH status of A04-0133 1.1 has been changed to Complete.
LOW : WaTCH status of A04-0138 1.1 has been changed to Complete.
LOW : WaTCH status of N03-0134 1.1 has been changed to Complete.
LOW : WaTCH status of C01-0232 1.1 has been changed to Complete.
LOW : WaTCH status of K01-0149 1.1 has been changed to Complete.
LOW : WaTCH status of N03-0129 1.1 has been changed to Complete.
LOW : WaTCH status of N03-0130 1.1 has been changed to Complete.
#
# WaTCHdb update complete.
# 2022-08-15.15-36-07.
