# WaTCHdb update log.
# Command: 2_updateWaTCH.pl.
# Data output written to DB/INCREMENTAL/watchdb.2022-03-12.11-26-58.txt and DB/watchdb.LATEST.txt.
# Fatal errors and system warnings are NOT logged here; see STDERR for those.
#
# Run started 2022-03-12.11-26-58.
#
4 molecular targets added.
INFO: Finished WaTCHdb import. 1888 total assets present.
INFO: Finished AssetTiger import. 40 new assets added. 1928 total assets present.
HIGH: Mysterious sample ID A02-389 found during Run Metadata import, does not exist in AT or WaTCHdb. This is concerning.
HIGH: A02-389 will be ignored!
INFO: Sample A04-0028 1.1 has a new calculated value of 301262.40670681.
INFO: Sample A04-0028 1.1 has a new calculated value of 294897.698163986.
INFO: Sample A04-0028 1.1 has a new calculated value of 6320.10301575063.
INFO: Sample M03-0018 1.1 has a new calculated value of 172531.261146069.
INFO: Sample M03-0018 1.1 has a new calculated value of 252401.240766048.
INFO: Sample M03-0018 1.1 has a new calculated value of 0.
HIGH: I have assay data for A03-0262 1.1 in this run, but no value for Concentration Output Volume (mL). This is concerning.
HIGH: I have assay data for A03-0262 1.1 in this run, but no value for Concentration Input Volume (mL). This is concerning.
    I am unable to calculate a result for A03-0262 1.1. This should be confirmed.
HIGH: I have assay data for A03-0262 1.1 in this run, but no value for Concentration Input Volume (mL). This is concerning.
HIGH: I have assay data for A03-0262 1.1 in this run, but no value for Concentration Output Volume (mL). This is concerning.
    I am unable to calculate a result for A03-0262 1.1. This should be confirmed.
HIGH: I have assay data for A03-0262 1.1 in this run, but no value for Concentration Input Volume (mL). This is concerning.
HIGH: I have assay data for A03-0262 1.1 in this run, but no value for Concentration Output Volume (mL). This is concerning.
    I am unable to calculate a result for A03-0262 1.1. This should be confirmed.
INFO: Sample A02-0381 1.1 has a new calculated value of 0.
INFO: Sample A02-0381 1.1 has a new calculated value of 8365.34335277973.
INFO: Sample A02-0381 1.1 has a new calculated value of 22311.2932965159.
HIGH: I have assay data for A03-0125 1.1 in this run, but no value for Concentration Output Volume (mL). This is concerning.
HIGH: I have assay data for A03-0125 1.1 in this run, but no value for Concentration Input Volume (mL). This is concerning.
    I am unable to calculate a result for A03-0125 1.1. This should be confirmed.
HIGH: I have assay data for A03-0125 1.1 in this run, but no value for Concentration Output Volume (mL). This is concerning.
HIGH: I have assay data for A03-0125 1.1 in this run, but no value for Concentration Input Volume (mL). This is concerning.
    I am unable to calculate a result for A03-0125 1.1. This should be confirmed.
HIGH: I have assay data for A03-0125 1.1 in this run, but no value for Concentration Output Volume (mL). This is concerning.
HIGH: I have assay data for A03-0125 1.1 in this run, but no value for Concentration Input Volume (mL). This is concerning.
    I am unable to calculate a result for A03-0125 1.1. This should be confirmed.
INFO: Sample C01-0092 1.1 has a new calculated value of 23370.3297749162.
INFO: Sample C01-0092 1.1 has a new calculated value of 17526.5258364379.
INFO: Sample C01-0092 1.1 has a new calculated value of 0.
INFO: Sample K01-0041 1.1 has a new calculated value of 156611.369848251.
INFO: Sample K01-0041 1.1 has a new calculated value of 106954.424232245.
INFO: Sample K01-0041 1.1 has a new calculated value of 5210.96189506351.
INFO: Sample K01-0043 1.1 has a new calculated value of 158103.995025158.
INFO: Sample K01-0043 1.1 has a new calculated value of 111388.294100762.
INFO: Sample K01-0043 1.1 has a new calculated value of 2587.06615772098.
INFO: Sample M03-0007 1.1 has a new calculated value of 73983.7190508841.
INFO: Sample M03-0007 1.1 has a new calculated value of 64326.255619526.
INFO: Sample M03-0007 1.1 has a new calculated value of 6428.18486317993.
INFO: Sample A01-0194 1.1 has a new calculated value of 92794.7169542314.
INFO: Sample A01-0194 1.1 has a new calculated value of 89798.1275618077.
INFO: Sample A01-0194 1.1 has a new calculated value of 23927.3611083627.
INFO: Sample C01-0088 1.1 has a new calculated value of 42517.6405906676.
INFO: Sample C01-0088 1.1 has a new calculated value of 23910.8685404062.
INFO: Sample C01-0088 1.1 has a new calculated value of 0.
INFO: Sample A02-0387 1.1 has a new calculated value of 2631.57427310944.
INFO: Sample A02-0387 1.1 has a new calculated value of 2631.57427310944.
INFO: Sample A02-0387 1.1 has a new calculated value of 187253.56310606.
INFO: Sample N02-0016 1.1 has a new calculated value of 4995.74046581985.
INFO: Sample N02-0016 1.1 has a new calculated value of 0.
INFO: Sample N02-0016 1.1 has a new calculated value of 0.
INFO: Sample K01-0042 1.1 has a new calculated value of 127750.654220581.
INFO: Sample K01-0042 1.1 has a new calculated value of 137347.676753998.
INFO: Sample K01-0042 1.1 has a new calculated value of 6378.2930932939.
INFO: Sample P01-0026 1.1 has a new calculated value of 21903.1962007284.
INFO: Sample P01-0026 1.1 has a new calculated value of 57520.3183293342.
INFO: Sample P01-0026 1.1 has a new calculated value of 8212.35710754991.
INFO: Sample C01-0090 1.1 has a new calculated value of 9848.26717525721.
INFO: Sample C01-0090 1.1 has a new calculated value of 7385.98379306497.
INFO: Sample C01-0090 1.1 has a new calculated value of 0.
INFO: Sample A03-0190 1.1 has a new calculated value of 66605.9162467718.
INFO: Sample A03-0190 1.1 has a new calculated value of 66605.9162467718.
INFO: Sample A03-0190 1.1 has a new calculated value of 13867.5072602928.
INFO: Sample A02-0386 1.1 has a new calculated value of 0.
INFO: Sample A02-0386 1.1 has a new calculated value of 0.
INFO: Sample A02-0386 1.1 has a new calculated value of 0.
INFO: Sample A03-0258 1.1 has a new calculated value of 108954.970389605.
INFO: Sample A03-0258 1.1 has a new calculated value of 108954.970389605.
INFO: Sample A03-0258 1.1 has a new calculated value of 26548.2779592276.
INFO: Sample A03-0194 1.2 has a new calculated value of 0.
INFO: Sample A03-0194 1.2 has a new calculated value of 0.
INFO: Sample A03-0194 1.2 has a new calculated value of 3863.01324237138.
INFO: Sample N02-0021 1.1 has a new calculated value of 2546.66658584028.
INFO: Sample N02-0021 1.1 has a new calculated value of 7640.46345837415.
INFO: Sample N02-0021 1.1 has a new calculated value of 2546.66658584028.
INFO: Sample N02-0022 1.1 has a new calculated value of 8193.09242069721.
INFO: Sample N02-0022 1.1 has a new calculated value of 5461.88377775251.
INFO: Sample N02-0022 1.1 has a new calculated value of 0.
INFO: Sample C01-0089 1.1 has a new calculated value of 14629.7401562333.
INFO: Sample C01-0089 1.1 has a new calculated value of 9752.59244441986.
INFO: Sample C01-0089 1.1 has a new calculated value of 0.
INFO: Sample A04-0029 1.1 has a new calculated value of 48967.396169901.
INFO: Sample A04-0029 1.1 has a new calculated value of 100877.659320831.
INFO: Sample A04-0029 1.1 has a new calculated value of 17276.0774753988.
INFO: Sample A02-0379 1.2 has a new calculated value of 0.
INFO: Sample A02-0379 1.2 has a new calculated value of 6316.76925346255.
INFO: Sample A02-0379 1.2 has a new calculated value of 88521.5216875075.
INFO: Sample A02-0380 1.1 has a new calculated value of 38509.5919668676.
INFO: Sample A02-0380 1.1 has a new calculated value of 50365.8181428908.
INFO: Sample A02-0380 1.1 has a new calculated value of 23694.0232291818.
INFO: Sample P01-0041 1.1 has a new calculated value of 68730.7756394149.
INFO: Sample P01-0041 1.1 has a new calculated value of 55994.3470358847.
INFO: Sample P01-0041 1.1 has a new calculated value of 0.
INFO: Sample P01-0031 1.1 has a new calculated value of 73945.6419646739.
INFO: Sample P01-0031 1.1 has a new calculated value of 386571.285724641.
INFO: Sample P01-0031 1.1 has a new calculated value of 0.
INFO: Sample A02-0382 1.1 has a new calculated value of 27153.7189185619.
INFO: Sample A02-0382 1.1 has a new calculated value of 33190.2684643865.
INFO: Sample A02-0382 1.1 has a new calculated value of 27153.7189185619.
INFO: Sample N02-0001 1.1 has a new calculated value of 37512.1302902697.
INFO: Sample N02-0001 1.1 has a new calculated value of 24111.0875084996.
INFO: Sample N02-0001 1.1 has a new calculated value of 0.
HIGH: I have assay data for A03-0225 1.1 in this run, but no value for Concentration Output Volume (mL). This is concerning.
HIGH: I have assay data for A03-0225 1.1 in this run, but no value for Concentration Input Volume (mL). This is concerning.
    I am unable to calculate a result for A03-0225 1.1. This should be confirmed.
HIGH: I have assay data for A03-0225 1.1 in this run, but no value for Concentration Output Volume (mL). This is concerning.
HIGH: I have assay data for A03-0225 1.1 in this run, but no value for Concentration Input Volume (mL). This is concerning.
    I am unable to calculate a result for A03-0225 1.1. This should be confirmed.
HIGH: I have assay data for A03-0225 1.1 in this run, but no value for Concentration Input Volume (mL). This is concerning.
HIGH: I have assay data for A03-0225 1.1 in this run, but no value for Concentration Output Volume (mL). This is concerning.
    I am unable to calculate a result for A03-0225 1.1. This should be confirmed.
INFO: Sample A02-0384 1.1 has a new calculated value of 7843.50444562734.
INFO: Sample A02-0384 1.1 has a new calculated value of 2614.33824431151.
INFO: Sample A02-0384 1.1 has a new calculated value of 47083.0602943899.
INFO: Sample M03-0023 1.1 has a new calculated value of 126704.965531826.
INFO: Sample M03-0023 1.1 has a new calculated value of 101884.693354368.
INFO: Sample M03-0023 1.1 has a new calculated value of 0.
INFO: Sample D01-0058 1.1 has a new calculated value of 44305.9938400985.
INFO: Sample D01-0058 1.1 has a new calculated value of 208304.305672646.
INFO: Sample D01-0058 1.1 has a new calculated value of 27259.685844183.
INFO: Sample C01-0091 1.1 has a new calculated value of 9230.64948990939.
INFO: Sample C01-0091 1.1 has a new calculated value of 6153.5401828587.
INFO: Sample C01-0091 1.1 has a new calculated value of 0.
INFO: Sample A02-0383 1.1 has a new calculated value of 0.
INFO: Sample A02-0383 1.1 has a new calculated value of 0.
INFO: Sample A02-0383 1.1 has a new calculated value of 0.
INFO: Sample P01-0029 1.1 has a new calculated value of 0.
INFO: Sample P01-0029 1.1 has a new calculated value of 0.
INFO: Sample P01-0029 1.1 has a new calculated value of 0.
INFO: Sample K01-0049 1.1 has a new calculated value of 93596.0939526559.
INFO: Sample K01-0049 1.1 has a new calculated value of 93596.0939526559.
INFO: Sample K01-0049 1.1 has a new calculated value of 0.
INFO: Sample P01-0027 1.1 has a new calculated value of 118747.10932374.
INFO: Sample P01-0027 1.1 has a new calculated value of 216967.399120331.
INFO: Sample P01-0027 1.1 has a new calculated value of 8894.37214471401.
INFO: Sample B01-0125 1.1 has a new calculated value of 13336.2287096679.
INFO: Sample B01-0125 1.1 has a new calculated value of 18671.9078198075.
INFO: Sample B01-0125 1.1 has a new calculated value of 0.
INFO: Sample A01-0193 1.1 has a new calculated value of 72933.9449107648.
INFO: Sample A01-0193 1.1 has a new calculated value of 56091.7693376542.
INFO: Sample A01-0193 1.1 has a new calculated value of 16819.6493200958.
INFO: Sample N02-0011 1.1 has a new calculated value of 27587.5560566783.
INFO: Sample N02-0011 1.1 has a new calculated value of 12537.5473871827.
INFO: Sample N02-0011 1.1 has a new calculated value of 2507.20927957445.
INFO: Sample A01-0192 1.1 has a new calculated value of 74932.6309561729.
INFO: Sample A01-0192 1.1 has a new calculated value of 104290.599524975.
INFO: Sample A01-0192 1.1 has a new calculated value of 3255.15636708587.
INFO: Sample B01-0046 1.1 has a new calculated value of 0.
INFO: Sample B01-0046 1.1 has a new calculated value of 0.
INFO: Sample B01-0046 1.1 has a new calculated value of 0.
INFO: Sample A03-0227 1.1 has a new calculated value of 0.
INFO: Sample A03-0227 1.1 has a new calculated value of 0.
INFO: Sample A03-0227 1.1 has a new calculated value of 17215.7586738467.
INFO: Sample M04-0008 1.1 has a new calculated value of 0.
INFO: Sample M04-0008 1.1 has a new calculated value of 0.
INFO: Sample M04-0008 1.1 has a new calculated value of 0.
INFO: Sample M04-0013 1.1 has a new calculated value of 0.
INFO: Sample M04-0013 1.1 has a new calculated value of 0.
INFO: Sample M04-0013 1.1 has a new calculated value of 0.
INFO: Sample M03-0024 1.1 has a new calculated value of 22812.672033906.
INFO: Sample M03-0024 1.1 has a new calculated value of 45637.7660483123.
INFO: Sample M03-0024 1.1 has a new calculated value of 3258.19311663508.
INFO: Sample D01-0059 1.2 has a new calculated value of 65326.745286584.
INFO: Sample D01-0059 1.2 has a new calculated value of 149468.166232109.
INFO: Sample D01-0059 1.2 has a new calculated value of 4662.82077133656.
INFO: Sample M03-0001 1.1 has a new calculated value of 13080.0545588136.
INFO: Sample M03-0001 1.1 has a new calculated value of 19621.6117590666.
INFO: Sample M03-0001 1.1 has a new calculated value of 0.
#
# WaTCHdb update complete.
# 2022-03-12.11-26-58.
