# WaTCHdb update log.
# Command: 2_updateWaTCH.pl.
# Data output written to updates/watchdb/watchdb.2023-01-07.08-43-05.txt and updates/watchdb.LATEST.txt.
# Fatal errors and system warnings are NOT logged here; see STDERR for those.
#
# Run started 2023-01-07.08-43-05.
#
4 molecular targets added.
INFO: Finished WaTCHdb import. 6407 total assets present.
INFO: Finished AssetTiger import. 102 new assets added. 6509 total assets present.
INFO: Sample O01-0235 1.1 has a new calculated value of 42514.9480998516.
INFO: Sample O01-0235 1.1 has a new calculated value of 0.
INFO: Sample O01-0235 1.1 has a new calculated value of 42514.9480998516.
INFO: Sample K01-0193 1.1 has a new calculated value of 365108.54959488.
INFO: Sample K01-0193 1.1 has a new calculated value of 4847.25214540958.
INFO: Sample K01-0193 1.1 has a new calculated value of 384670.642018317.
INFO: Sample N03-0234 1.1 has a new calculated value of 57541.4760410785.
INFO: Sample N03-0234 1.1 has a new calculated value of 2395.9847772494.
INFO: Sample N03-0234 1.1 has a new calculated value of 50344.4693237542.
INFO: Sample L01-0316 1.1 has a new calculated value of 42991.3278669119.
INFO: Sample L01-0316 1.1 has a new calculated value of 7162.15987689794.
INFO: Sample L01-0316 1.1 has a new calculated value of 50160.8406007291.
INFO: Sample O01-0200 1.1 has a new calculated value of 118064.652085304.
INFO: Sample O01-0200 1.1 has a new calculated value of 0.
INFO: Sample O01-0200 1.1 has a new calculated value of 127338.694632053.
INFO: Sample H01-0442 1.1 has a new calculated value of 8617853.07884215.
INFO: Sample H01-0442 1.1 has a new calculated value of 4750.01617334782.
INFO: Sample H01-0442 1.1 has a new calculated value of 9651451.54953003.
INFO: Sample Q01-0215 1.1 has a new calculated value of 403866.759538651.
INFO: Sample Q01-0215 1.1 has a new calculated value of 5431.79922737182.
INFO: Sample Q01-0215 1.1 has a new calculated value of 360017.346739768.
INFO: Sample N03-0230 1.1 has a new calculated value of 16426.3237640262.
INFO: Sample N03-0230 1.1 has a new calculated value of 2346.22359741479.
INFO: Sample N03-0230 1.1 has a new calculated value of 14079.3115831911.
INFO: Sample A01-0453 1.1 has a new calculated value of 144014.250040054.
INFO: Sample A01-0453 1.1 has a new calculated value of 19498.379342258.
INFO: Sample A01-0453 1.1 has a new calculated value of 131790.435165167.
INFO: Sample A01-0449 1.1 has a new calculated value of 721751.092672347.
INFO: Sample A01-0449 1.1 has a new calculated value of 44194.4083571434.
INFO: Sample A01-0449 1.1 has a new calculated value of 701533.731222152.
INFO: Sample O01-0254 1.1 has a new calculated value of 13072.2350813448.
INFO: Sample O01-0254 1.1 has a new calculated value of 0.
INFO: Sample O01-0254 1.1 has a new calculated value of 15251.3371221721.
INFO: Sample L01-0320 1.1 has a new calculated value of 221209.694445133.
INFO: Sample L01-0320 1.1 has a new calculated value of 0.
INFO: Sample L01-0320 1.1 has a new calculated value of 235998.603701591.
INFO: Sample M04-0152 1.1 has a new calculated value of 4472.97362610698.
INFO: Sample M04-0152 1.1 has a new calculated value of 0.
INFO: Sample M04-0152 1.1 has a new calculated value of 2236.42735742033.
INFO: Sample A04-0238 1.1 has a new calculated value of 805583.87517929.
INFO: Sample A04-0238 1.1 has a new calculated value of 42163.3402258157.
INFO: Sample A04-0238 1.1 has a new calculated value of 969150.602817536.
INFO: Sample N02-0223 1.1 has a new calculated value of 47780.8485925199.
INFO: Sample N02-0223 1.1 has a new calculated value of 0.
INFO: Sample N02-0223 1.1 has a new calculated value of 45124.9314844608.
INFO: Sample M04-0163 1.1 has a new calculated value of 0.
INFO: Sample M04-0163 1.1 has a new calculated value of 0.
INFO: Sample M04-0163 1.1 has a new calculated value of 0.
INFO: Sample O01-0250 1.1 has a new calculated value of 130429.33434248.
INFO: Sample O01-0250 1.1 has a new calculated value of 0.
INFO: Sample O01-0250 1.1 has a new calculated value of 157779.944837093.
INFO: Sample B01-0348 1.1 has a new calculated value of 493100.93343258.
INFO: Sample B01-0348 1.1 has a new calculated value of 5299.91973191499.
INFO: Sample B01-0348 1.1 has a new calculated value of 471657.223105431.
INFO: Sample L01-0324 1.1 has a new calculated value of 151416.32348299.
INFO: Sample L01-0324 1.1 has a new calculated value of 2255.92827424407.
INFO: Sample L01-0324 1.1 has a new calculated value of 160473.420917988.
INFO: Sample O01-0223 1.1 has a new calculated value of 94764.082878828.
INFO: Sample O01-0223 1.1 has a new calculated value of 2366.49239435792.
INFO: Sample O01-0223 1.1 has a new calculated value of 75794.1175997259.
INFO: Sample A04-0239 1.1 has a new calculated value of 348665.941357612.
INFO: Sample A04-0239 1.1 has a new calculated value of 81009.1410577296.
INFO: Sample A04-0239 1.1 has a new calculated value of 340769.214034081.
INFO: Sample J01-0201 1.1 has a new calculated value of 57961.9675129651.
INFO: Sample J01-0201 1.1 has a new calculated value of 2632.89663009346.
INFO: Sample J01-0201 1.1 has a new calculated value of 76421.23863101.
INFO: Sample L01-0325 1.1 has a new calculated value of 128135.009407997.
INFO: Sample L01-0325 1.1 has a new calculated value of 0.
INFO: Sample L01-0325 1.1 has a new calculated value of 151474.420130253.
INFO: Sample J01-0200 1.1 has a new calculated value of 165295.357704163.
INFO: Sample J01-0200 1.1 has a new calculated value of 0.
INFO: Sample J01-0200 1.1 has a new calculated value of 184227.831959724.
INFO: Sample Q01-0216 1.1 has a new calculated value of 954550.949335097.
INFO: Sample Q01-0216 1.1 has a new calculated value of 12070.3174173832.
INFO: Sample Q01-0216 1.1 has a new calculated value of 937269.269227982.
INFO: Sample M03-0159 1.1 has a new calculated value of 54762.7660632135.
INFO: Sample M03-0159 1.1 has a new calculated value of 2280.3539223969.
INFO: Sample M03-0159 1.1 has a new calculated value of 70748.7295567988.
INFO: Sample N02-0234 1.1 has a new calculated value of 155192.503631115.
INFO: Sample N02-0234 1.1 has a new calculated value of 0.
INFO: Sample N02-0234 1.1 has a new calculated value of 153002.701699734.
INFO: Sample M04-0173 1.1 has a new calculated value of 2298.48709423095.
INFO: Sample M04-0173 1.1 has a new calculated value of 0.
INFO: Sample M04-0173 1.1 has a new calculated value of 2298.48709423095.
INFO: Sample Q01-0210 1.1 has a new calculated value of 182976.698577404.
INFO: Sample Q01-0210 1.1 has a new calculated value of 4508.33804905416.
INFO: Sample Q01-0210 1.1 has a new calculated value of 187504.771649837.
INFO: Sample K01-0189 1.1 has a new calculated value of 657043.930292128.
INFO: Sample K01-0189 1.1 has a new calculated value of 7761.67756877841.
INFO: Sample K01-0189 1.1 has a new calculated value of 607144.278287889.
INFO: Sample A01-0448 1.1 has a new calculated value of 717914.675474166.
INFO: Sample A01-0448 1.1 has a new calculated value of 23050.2546206117.
INFO: Sample A01-0448 1.1 has a new calculated value of 751789.09778595.
INFO: Sample H01-0443 1.1 has a new calculated value of 99665.0701761246.
INFO: Sample H01-0443 1.1 has a new calculated value of 0.
INFO: Sample H01-0443 1.1 has a new calculated value of 110169.929265976.
INFO: Sample Q01-0211 1.1 has a new calculated value of 242273.075580597.
INFO: Sample Q01-0211 1.1 has a new calculated value of 5428.98517102003.
INFO: Sample Q01-0211 1.1 has a new calculated value of 291442.850232124.
INFO: Sample L01-0315 1.1 has a new calculated value of 217098.762094975.
INFO: Sample L01-0315 1.1 has a new calculated value of 9415.72956740858.
INFO: Sample L01-0315 1.1 has a new calculated value of 281026.546061039.
INFO: Sample K01-0185 1.1 has a new calculated value of 333157.90772438.
INFO: Sample K01-0185 1.1 has a new calculated value of 14326.3603560626.
INFO: Sample K01-0185 1.1 has a new calculated value of 357228.537797927.
INFO: Sample A01-0452 1.1 has a new calculated value of 470134.343504906.
INFO: Sample A01-0452 1.1 has a new calculated value of 37632.4217766523.
INFO: Sample A01-0452 1.1 has a new calculated value of 429397.144317626.
INFO: Sample Q01-0214 1.1 has a new calculated value of 1210885.65587998.
INFO: Sample Q01-0214 1.1 has a new calculated value of 12699.3813738227.
INFO: Sample Q01-0214 1.1 has a new calculated value of 1291995.91398239.
INFO: Sample N02-0212 1.1 has a new calculated value of 88337.3790979385.
INFO: Sample N02-0212 1.1 has a new calculated value of 0.
INFO: Sample N02-0212 1.1 has a new calculated value of 86180.6005239487.
INFO: Sample O01-0245 1.1 has a new calculated value of 56813.4672939778.
INFO: Sample O01-0245 1.1 has a new calculated value of 14196.1493343115.
INFO: Sample O01-0245 1.1 has a new calculated value of 78138.3937597273.
INFO: Sample L01-0323 1.1 has a new calculated value of 21016.0119831562.
INFO: Sample L01-0323 1.1 has a new calculated value of 2334.59205832332.
INFO: Sample L01-0323 1.1 has a new calculated value of 16344.8759168386.
INFO: Sample M03-0173 1.1 has a new calculated value of 50298.433676362.
INFO: Sample M03-0173 1.1 has a new calculated value of 0.
INFO: Sample M03-0173 1.1 has a new calculated value of 69475.6315648556.
INFO: Sample M04-0168 1.1 has a new calculated value of 2635.71148272604.
INFO: Sample M04-0168 1.1 has a new calculated value of 0.
INFO: Sample M04-0168 1.1 has a new calculated value of 2635.71148272604.
INFO: Sample M04-0161 1.1 has a new calculated value of 2216.20527561754.
INFO: Sample M04-0161 1.1 has a new calculated value of 0.
INFO: Sample M04-0161 1.1 has a new calculated value of 6648.96698668599.
INFO: Sample B01-0343 1.1 has a new calculated value of 255590.305030346.
INFO: Sample B01-0343 1.1 has a new calculated value of 2450.19238907844.
INFO: Sample B01-0343 1.1 has a new calculated value of 265451.888144016.
INFO: Sample O01-0253 1.1 has a new calculated value of 173484.538793564.
INFO: Sample O01-0253 1.1 has a new calculated value of 5092.2502297908.
INFO: Sample O01-0253 1.1 has a new calculated value of 191384.081840515.
INFO: Sample O01-0249 1.1 has a new calculated value of 125877.691358328.
INFO: Sample O01-0249 1.1 has a new calculated value of 2732.45535325259.
INFO: Sample O01-0249 1.1 has a new calculated value of 117656.735479832.
INFO: Sample J01-0202 1.1 has a new calculated value of 2431.42935913056.
INFO: Sample J01-0202 1.1 has a new calculated value of 0.
INFO: Sample J01-0202 1.1 has a new calculated value of 4862.99992538989.
INFO: Sample N03-0240 1.1 has a new calculated value of 26142.1237885952.
INFO: Sample N03-0240 1.1 has a new calculated value of 2375.8829338476.
INFO: Sample N03-0240 1.1 has a new calculated value of 28519.4891318679.
INFO: Sample A01-0451 1.1 has a new calculated value of 399750.561118126.
INFO: Sample A01-0451 1.1 has a new calculated value of 14629.3993480504.
INFO: Sample A01-0451 1.1 has a new calculated value of 405657.801032067.
INFO: Sample K01-0183 1.1 has a new calculated value of 605259.63664055.
INFO: Sample K01-0183 1.1 has a new calculated value of 2302.40134522319.
INFO: Sample K01-0183 1.1 has a new calculated value of 600588.258504868.
INFO: Sample J01-0199 1.1 has a new calculated value of 30114.8515194654.
INFO: Sample J01-0199 1.1 has a new calculated value of 0.
INFO: Sample J01-0199 1.1 has a new calculated value of 53294.8531955481.
INFO: Sample H01-0445 1.1 has a new calculated value of 2297917.41371155.
INFO: Sample H01-0445 1.1 has a new calculated value of 4587.03766576947.
INFO: Sample H01-0445 1.1 has a new calculated value of 2259172.99747467.
INFO: Sample Q01-0212 1.1 has a new calculated value of 494082.970619201.
INFO: Sample Q01-0212 1.1 has a new calculated value of 9775.90860798954.
INFO: Sample Q01-0212 1.1 has a new calculated value of 553469.125628471.
INFO: Sample A04-0240 1.1 has a new calculated value of 341688.839793205.
INFO: Sample A04-0240 1.1 has a new calculated value of 41734.9454015495.
INFO: Sample A04-0240 1.1 has a new calculated value of 417013.962864875.
INFO: Sample A04-0241 1.1 has a new calculated value of 467275.648713111.
INFO: Sample A04-0241 1.1 has a new calculated value of 24146.2003067136.
INFO: Sample A04-0241 1.1 has a new calculated value of 595623.883008957.
INFO: Sample A01-0450 1.1 has a new calculated value of 375652.139782904.
INFO: Sample A01-0450 1.1 has a new calculated value of 18702.8566002846.
INFO: Sample A01-0450 1.1 has a new calculated value of 434990.526437761.
INFO: Sample H01-0444 1.1 has a new calculated value of 17008.1661455333.
INFO: Sample H01-0444 1.1 has a new calculated value of 0.
INFO: Sample H01-0444 1.1 has a new calculated value of 19438.4671747684.
INFO: Sample H01-0448 1.1 has a new calculated value of 194336.18992567.
INFO: Sample H01-0448 1.1 has a new calculated value of 2937.77476530522.
INFO: Sample H01-0448 1.1 has a new calculated value of 291843.241453171.
INFO: Sample N03-0227 1.1 has a new calculated value of 55379.9282759426.
INFO: Sample N03-0227 1.1 has a new calculated value of 2406.30192216486.
INFO: Sample N03-0227 1.1 has a new calculated value of 62608.7989658116.
INFO: Sample Q01-0213 1.1 has a new calculated value of 889719.915390013.
INFO: Sample Q01-0213 1.1 has a new calculated value of 13976.0233461857.
INFO: Sample Q01-0213 1.1 has a new calculated value of 923037.900924683.
INFO: Sample A04-0245 1.1 has a new calculated value of 327521.377801895.
INFO: Sample A04-0245 1.1 has a new calculated value of 23820.2687725425.
INFO: Sample A04-0245 1.1 has a new calculated value of 334722.100496292.
INFO: Sample J01-0198 1.1 has a new calculated value of 85259.5138549805.
INFO: Sample J01-0198 1.1 has a new calculated value of 0.
INFO: Sample J01-0198 1.1 has a new calculated value of 62805.9750795365.
INFO: Sample H01-0446 1.1 has a new calculated value of 772984.725236893.
INFO: Sample H01-0446 1.1 has a new calculated value of 4479.18833233415.
INFO: Sample H01-0446 1.1 has a new calculated value of 949003.229141237.
INFO: Sample H01-0447 1.1 has a new calculated value of 407612.770199775.
INFO: Sample H01-0447 1.1 has a new calculated value of 0.
INFO: Sample H01-0447 1.1 has a new calculated value of 475421.206355095.
INFO: Sample O01-0248 1.1 has a new calculated value of 22512.6313045621.
INFO: Sample O01-0248 1.1 has a new calculated value of 0.
INFO: Sample O01-0248 1.1 has a new calculated value of 36026.0155051946.
INFO: Sample E02-0231 1.1 has a new calculated value of 217515.495121479.
INFO: Sample E02-0231 1.1 has a new calculated value of 4212.8727491945.
INFO: Sample E02-0231 1.1 has a new calculated value of 179421.591460705.
INFO: Sample L01-0322 1.1 has a new calculated value of 109301.486313343.
INFO: Sample L01-0322 1.1 has a new calculated value of 0.
INFO: Sample L01-0322 1.1 has a new calculated value of 103963.083922863.
INFO: Sample J01-0197 1.1 has a new calculated value of 155060.019493103.
INFO: Sample J01-0197 1.1 has a new calculated value of 0.
INFO: Sample J01-0197 1.1 has a new calculated value of 189341.814815998.
INFO: Sample N03-0226 1.1 has a new calculated value of 24969.7754904628.
INFO: Sample N03-0226 1.1 has a new calculated value of 2269.36498191207.
INFO: Sample N03-0226 1.1 has a new calculated value of 29511.3322511315.
INFO: Sample E02-0230 1.1 has a new calculated value of 249197.397530079.
INFO: Sample E02-0230 1.1 has a new calculated value of 0.
INFO: Sample E02-0230 1.1 has a new calculated value of 217966.593503952.
INFO: Sample O01-0240 1.1 has a new calculated value of 124087.77102828.
INFO: Sample O01-0240 1.1 has a new calculated value of 0.
INFO: Sample O01-0240 1.1 has a new calculated value of 124087.77102828.
LOW : WaTCH status of A04-0240 1.1 has been changed to Complete.
LOW : WaTCH status of N02-0234 1.1 has been changed to Complete.
LOW : WaTCH status of K01-0183 1.1 has been changed to Complete.
LOW : WaTCH status of L01-0320 1.1 has been changed to Complete.
LOW : WaTCH status of A01-0452 1.1 has been changed to Complete.
LOW : WaTCH status of A01-0449 1.1 has been changed to Complete.
LOW : WaTCH status of L01-0323 1.1 has been changed to Complete.
LOW : WaTCH status of J01-0199 1.1 has been changed to Complete.
LOW : WaTCH status of A04-0241 1.1 has been changed to Complete.
LOW : WaTCH status of O01-0249 1.1 has been changed to Complete.
LOW : WaTCH status of H01-0442 1.1 has been changed to Complete.
LOW : WaTCH status of K01-0189 1.1 has been changed to Complete.
LOW : WaTCH status of L01-0316 1.1 has been changed to Complete.
LOW : WaTCH status of A01-0453 1.1 has been changed to Complete.
LOW : WaTCH status of M04-0173 1.1 has been changed to Complete.
LOW : WaTCH status of E02-0230 1.1 has been changed to Complete.
LOW : WaTCH status of O01-0240 1.1 has been changed to Complete.
LOW : WaTCH status of M04-0163 1.1 has been changed to Complete.
LOW : WaTCH status of N03-0240 1.1 has been changed to Complete.
LOW : WaTCH status of Q01-0214 1.1 has been changed to Complete.
LOW : WaTCH status of M04-0161 1.1 has been changed to Complete.
LOW : WaTCH status of O01-0253 1.1 has been changed to Complete.
LOW : WaTCH status of A01-0451 1.1 has been changed to Complete.
LOW : WaTCH status of N02-0223 1.1 has been changed to Complete.
LOW : WaTCH status of N03-0230 1.1 has been changed to Complete.
LOW : WaTCH status of Q01-0215 1.1 has been changed to Complete.
LOW : WaTCH status of A01-0450 1.1 has been changed to Complete.
LOW : WaTCH status of H01-0446 1.1 has been changed to Complete.
LOW : WaTCH status of H01-0443 1.1 has been changed to Complete.
LOW : WaTCH status of L01-0322 1.1 has been changed to Complete.
LOW : WaTCH status of M03-0173 1.1 has been changed to Complete.
LOW : WaTCH status of O01-0250 1.1 has been changed to Complete.
LOW : WaTCH status of N02-0212 1.1 has been changed to Complete.
LOW : WaTCH status of H01-0447 1.1 has been changed to Complete.
LOW : WaTCH status of A04-0239 1.1 has been changed to Complete.
LOW : WaTCH status of E02-0231 1.1 has been changed to Complete.
LOW : WaTCH status of J01-0197 1.1 has been changed to Complete.
LOW : WaTCH status of B01-0348 1.1 has been changed to Complete.
LOW : WaTCH status of K01-0193 1.1 has been changed to Complete.
LOW : WaTCH status of N03-0227 1.1 has been changed to Complete.
LOW : WaTCH status of M03-0159 1.1 has been changed to Complete.
LOW : WaTCH status of O01-0223 1.1 has been changed to Complete.
LOW : WaTCH status of O01-0200 1.1 has been changed to Complete.
LOW : WaTCH status of K01-0185 1.1 has been changed to Complete.
LOW : WaTCH status of M04-0168 1.1 has been changed to Complete.
LOW : WaTCH status of N03-0226 1.1 has been changed to Complete.
LOW : WaTCH status of L01-0324 1.1 has been changed to Complete.
LOW : WaTCH status of A01-0448 1.1 has been changed to Complete.
LOW : WaTCH status of Q01-0212 1.1 has been changed to Complete.
LOW : WaTCH status of L01-0325 1.1 has been changed to Complete.
LOW : WaTCH status of B01-0343 1.1 has been changed to Complete.
LOW : WaTCH status of J01-0202 1.1 has been changed to Complete.
LOW : WaTCH status of O01-0248 1.1 has been changed to Complete.
LOW : WaTCH status of A04-0245 1.1 has been changed to Complete.
LOW : WaTCH status of J01-0198 1.1 has been changed to Complete.
LOW : WaTCH status of M04-0152 1.1 has been changed to Complete.
LOW : WaTCH status of H01-0448 1.1 has been changed to Complete.
LOW : WaTCH status of H01-0444 1.1 has been changed to Complete.
LOW : WaTCH status of J01-0200 1.1 has been changed to Complete.
LOW : WaTCH status of N03-0234 1.1 has been changed to Complete.
LOW : WaTCH status of L01-0315 1.1 has been changed to Complete.
LOW : WaTCH status of Q01-0210 1.1 has been changed to Complete.
LOW : WaTCH status of Q01-0211 1.1 has been changed to Complete.
LOW : WaTCH status of H01-0445 1.1 has been changed to Complete.
LOW : WaTCH status of J01-0201 1.1 has been changed to Complete.
LOW : WaTCH status of A04-0238 1.1 has been changed to Complete.
LOW : WaTCH status of O01-0235 1.1 has been changed to Complete.
LOW : WaTCH status of Q01-0213 1.1 has been changed to Complete.
LOW : WaTCH status of O01-0245 1.1 has been changed to Complete.
LOW : WaTCH status of Q01-0216 1.1 has been changed to Complete.
LOW : WaTCH status of O01-0254 1.1 has been changed to Complete.
#
# WaTCHdb update complete.
# 2023-01-07.08-43-06.
