# WaTCHdb update log.
# Command: 2_updateWaTCH.pl.
# Data output written to updates/watchdb/watchdb.2023-08-03.11-24-33.txt and updates/watchdb.LATEST.txt.
# Fatal errors and system warnings are NOT logged here; see STDERR for those.
#
# Run started 2023-08-03.11-24-33.
#
4 molecular targets added.
INFO: Finished WaTCHdb import. 9275 total assets present.
INFO: Finished AssetTiger import. 322 new assets added. 9597 total assets present.
INFO: Sample H01-0629 1.1 has a new calculated value of 16761.2946778536.
INFO: Sample H01-0629 1.1 has a new calculated value of 4788.30135427416.
INFO: Sample H01-0629 1.1 has a new calculated value of 11971.7134349048.
INFO: Sample H01-0625 1.1 has a new calculated value of 5252.76292115448.
INFO: Sample H01-0625 1.1 has a new calculated value of 2626.30448676646.
INFO: Sample H01-0625 1.1 has a new calculated value of 2626.30448676646.
INFO: Sample R02-0328 1.1 has a new calculated value of 6620.24301476776.
INFO: Sample R02-0328 1.1 has a new calculated value of 0.
INFO: Sample R02-0328 1.1 has a new calculated value of 4413.38660661133.
INFO: Sample H01-0626 1.1 has a new calculated value of 0.
INFO: Sample H01-0626 1.1 has a new calculated value of 2829.44394741207.
INFO: Sample H01-0626 1.1 has a new calculated value of 2829.44394741207.
INFO: Sample G01-0362 1.1 has a new calculated value of 2171.88030481338.
INFO: Sample G01-0362 1.1 has a new calculated value of 8688.15293535589.
INFO: Sample G01-0362 1.1 has a new calculated value of 10860.4547381401.
INFO: Sample N03-0361 1.1 has a new calculated value of 2225.59886751697.
INFO: Sample N03-0361 1.1 has a new calculated value of 2225.59886751697.
INFO: Sample N03-0361 1.1 has a new calculated value of 2225.59886751697.
INFO: Sample O01-0393 1.1 has a new calculated value of 2836.06979995966.
INFO: Sample O01-0393 1.1 has a new calculated value of 5672.31902852653.
INFO: Sample O01-0393 1.1 has a new calculated value of 2836.06979995966.
INFO: Sample G01-0371 1.1 has a new calculated value of 0.
INFO: Sample G01-0371 1.1 has a new calculated value of 2325.98771341145.
INFO: Sample G01-0371 1.1 has a new calculated value of 0.
INFO: Sample H01-0628 1.1 has a new calculated value of 24343.3955311775.
INFO: Sample H01-0628 1.1 has a new calculated value of 4867.62100830673.
INFO: Sample H01-0628 1.1 has a new calculated value of 19473.6564159393.
INFO: Sample G01-0352 1.1 has a new calculated value of 0.
INFO: Sample G01-0352 1.1 has a new calculated value of 6786.33816540242.
INFO: Sample G01-0352 1.1 has a new calculated value of 2261.99832279235.
INFO: Sample G01-0369 1.1 has a new calculated value of 13218.0287875235.
INFO: Sample G01-0369 1.1 has a new calculated value of 2202.73406244815.
INFO: Sample G01-0369 1.1 has a new calculated value of 13218.0287875235.
INFO: Sample O01-0401 1.2 has a new calculated value of 18492.239266634.
INFO: Sample O01-0401 1.2 has a new calculated value of 0.
INFO: Sample O01-0401 1.2 has a new calculated value of 20804.3074607849.
INFO: Sample E01-0292 1.1 has a new calculated value of 29212.0750620961.
INFO: Sample E01-0292 1.1 has a new calculated value of 14603.6561205983.
INFO: Sample E01-0292 1.1 has a new calculated value of 55519.2328244448.
INFO: Sample N03-0378 1.1 has a new calculated value of 7283.8268056512.
INFO: Sample N03-0378 1.1 has a new calculated value of 9712.03308552502.
INFO: Sample N03-0378 1.1 has a new calculated value of 0.
INFO: Sample H01-0630 1.1 has a new calculated value of 7050.42416229844.
INFO: Sample H01-0630 1.1 has a new calculated value of 2350.0181408599.
INFO: Sample H01-0630 1.1 has a new calculated value of 2350.0181408599.
INFO: Sample J01-0300 1.1 has a new calculated value of 11392.8056135774.
INFO: Sample J01-0300 1.1 has a new calculated value of 0.
INFO: Sample J01-0300 1.1 has a new calculated value of 15950.7381543517.
INFO: Sample J01-0301 1.1 has a new calculated value of 18175.3471121192.
INFO: Sample J01-0301 1.1 has a new calculated value of 0.
INFO: Sample J01-0301 1.1 has a new calculated value of 15903.0260704458.
INFO: Sample O01-0392 1.1 has a new calculated value of 0.
INFO: Sample O01-0392 1.1 has a new calculated value of 0.
INFO: Sample O01-0392 1.1 has a new calculated value of 2509.94609668851.
INFO: Sample O01-0400 1.1 has a new calculated value of 0.
INFO: Sample O01-0400 1.1 has a new calculated value of 0.
INFO: Sample O01-0400 1.1 has a new calculated value of 3894.43527907134.
INFO: Sample Q01-0404 1.1 has a new calculated value of 15097.3056256771.
INFO: Sample Q01-0404 1.1 has a new calculated value of 5031.87038004399.
INFO: Sample Q01-0404 1.1 has a new calculated value of 12580.7355344295.
INFO: Sample E01-0293 1.1 has a new calculated value of 17315.5167326331.
INFO: Sample E01-0293 1.1 has a new calculated value of 4946.60781696438.
INFO: Sample E01-0293 1.1 has a new calculated value of 51966.6313380001.
INFO: Sample R02-0347 1.1 has a new calculated value of 0.
INFO: Sample R02-0347 1.1 has a new calculated value of 0.
INFO: Sample R02-0347 1.1 has a new calculated value of 0.
INFO: Sample R02-0321 1.1 has a new calculated value of 0.
INFO: Sample R02-0321 1.1 has a new calculated value of 0.
INFO: Sample R02-0321 1.1 has a new calculated value of 0.
INFO: Sample N03-0377 1.1 has a new calculated value of 4780.1288589835.
INFO: Sample N03-0377 1.1 has a new calculated value of 2390.00072702765.
INFO: Sample N03-0377 1.1 has a new calculated value of 0.
INFO: Sample H01-0627 1.1 has a new calculated value of 15064.3162429333.
INFO: Sample H01-0627 1.1 has a new calculated value of 0.
INFO: Sample H01-0627 1.1 has a new calculated value of 7531.52481280269.
INFO: Sample Q01-0402 1.1 has a new calculated value of 6597.49964252114.
INFO: Sample Q01-0402 1.1 has a new calculated value of 10996.373500675.
INFO: Sample Q01-0402 1.1 has a new calculated value of 4398.22542015462.
INFO: Sample R02-0314 1.1 has a new calculated value of 0.
INFO: Sample R02-0314 1.1 has a new calculated value of 0.
INFO: Sample R02-0314 1.1 has a new calculated value of 0.
INFO: Sample G01-0372 1.1 has a new calculated value of 2292.66681242734.
INFO: Sample G01-0372 1.1 has a new calculated value of 4585.45094355939.
INFO: Sample G01-0372 1.1 has a new calculated value of 0.
INFO: Sample N03-0369 1.1 has a new calculated value of 0.
INFO: Sample N03-0369 1.1 has a new calculated value of 0.
INFO: Sample N03-0369 1.1 has a new calculated value of 7057.0858474821.
INFO: Sample N03-0352 1.1 has a new calculated value of 0.
INFO: Sample N03-0352 1.1 has a new calculated value of 0.
INFO: Sample N03-0352 1.1 has a new calculated value of 0.
INFO: Sample O01-0397 1.1 has a new calculated value of 12674.6775582433.
INFO: Sample O01-0397 1.1 has a new calculated value of 5069.44050081074.
INFO: Sample O01-0397 1.1 has a new calculated value of 0.
INFO: Sample K01-0252 1.1 has a new calculated value of 0.
INFO: Sample K01-0252 1.1 has a new calculated value of 0.
INFO: Sample K01-0252 1.1 has a new calculated value of 0.
INFO: Sample N03-0363 1.1 has a new calculated value of 0.
INFO: Sample N03-0363 1.1 has a new calculated value of 0.
INFO: Sample N03-0363 1.1 has a new calculated value of 0.
INFO: Sample K01-0266 1.1 has a new calculated value of 20056.8588450551.
INFO: Sample K01-0266 1.1 has a new calculated value of 14325.4111893475.
INFO: Sample K01-0266 1.1 has a new calculated value of 0.
INFO: Sample N03-0394 1.1 has a new calculated value of 4530.05634248255.
INFO: Sample N03-0394 1.1 has a new calculated value of 0.
INFO: Sample N03-0394 1.1 has a new calculated value of 0.
INFO: Sample Q01-0403 1.1 has a new calculated value of 18002.1953210235.
INFO: Sample Q01-0403 1.1 has a new calculated value of 15430.0097934902.
INFO: Sample Q01-0403 1.1 has a new calculated value of 10286.0835939646.
INFO: Sample H01-0624 1.1 has a new calculated value of 13515.7050937414.
INFO: Sample H01-0624 1.1 has a new calculated value of 3378.54432407767.
INFO: Sample H01-0624 1.1 has a new calculated value of 6757.34292715788.
INFO: Sample R02-0303 1.1 has a new calculated value of 0.
INFO: Sample R02-0303 1.1 has a new calculated value of 2398.9570280537.
INFO: Sample R02-0303 1.1 has a new calculated value of 0.
INFO: Sample E01-0289 1.1 has a new calculated value of 46909.6282124519.
INFO: Sample E01-0289 1.1 has a new calculated value of 3606.68992158027.
INFO: Sample E01-0289 1.1 has a new calculated value of 36079.9714922903.
INFO: Sample N03-0389 1.1 has a new calculated value of 2919.20921299607.
INFO: Sample N03-0389 1.1 has a new calculated value of 20438.4599626064.
INFO: Sample N03-0389 1.1 has a new calculated value of 0.
INFO: Sample J01-0302 1.1 has a new calculated value of 30604.3455004692.
INFO: Sample J01-0302 1.1 has a new calculated value of 2185.33174367621.
INFO: Sample J01-0302 1.1 has a new calculated value of 24044.5141866803.
INFO: Sample K01-0256 1.1 has a new calculated value of 24131.030626595.
INFO: Sample K01-0256 1.1 has a new calculated value of 12063.8898387551.
INFO: Sample K01-0256 1.1 has a new calculated value of 12063.8898387551.
INFO: Sample J01-0299 1.1 has a new calculated value of 50298.9390492439.
INFO: Sample J01-0299 1.1 has a new calculated value of 0.
INFO: Sample J01-0299 1.1 has a new calculated value of 52815.3689950706.
INFO: Sample K01-0268 1.1 has a new calculated value of 7479.14917767048.
INFO: Sample K01-0268 1.1 has a new calculated value of 14959.5458619297.
INFO: Sample K01-0268 1.1 has a new calculated value of 17453.2892368734.
INFO: Sample N03-0388 1.1 has a new calculated value of 2451.85449253768.
INFO: Sample N03-0388 1.1 has a new calculated value of 0.
INFO: Sample N03-0388 1.1 has a new calculated value of 0.
LOW : WaTCH status of K01-0252 1.1 has been changed to Complete.
LOW : WaTCH status of J01-0300 1.1 has been changed to Complete.
LOW : WaTCH status of J01-0299 1.1 has been changed to Complete.
LOW : WaTCH status of H01-0624 1.1 has been changed to Complete.
LOW : WaTCH status of E01-0292 1.1 has been changed to Complete.
LOW : WaTCH status of R02-0314 1.1 has been changed to Complete.
LOW : WaTCH status of N03-0352 1.1 has been changed to Complete.
LOW : WaTCH status of J01-0301 1.1 has been changed to Complete.
LOW : WaTCH status of Q01-0403 1.1 has been changed to Complete.
LOW : WaTCH status of N03-0378 1.1 has been changed to Complete.
LOW : WaTCH status of Q01-0402 1.1 has been changed to Complete.
LOW : WaTCH status of K01-0266 1.1 has been changed to Complete.
LOW : WaTCH status of N03-0388 1.1 has been changed to Complete.
LOW : WaTCH status of H01-0630 1.1 has been changed to Complete.
LOW : WaTCH status of E01-0289 1.1 has been changed to Complete.
LOW : WaTCH status of N03-0394 1.1 has been changed to Complete.
LOW : WaTCH status of N03-0377 1.1 has been changed to Complete.
LOW : WaTCH status of E01-0293 1.1 has been changed to Complete.
LOW : WaTCH status of O01-0400 1.1 has been changed to Complete.
LOW : WaTCH status of N03-0369 1.1 has been changed to Complete.
LOW : WaTCH status of J01-0302 1.1 has been changed to Complete.
LOW : WaTCH status of R02-0303 1.1 has been changed to Complete.
LOW : WaTCH status of G01-0362 1.1 has been changed to Complete.
LOW : WaTCH status of H01-0626 1.1 has been changed to Complete.
LOW : WaTCH status of H01-0629 1.1 has been changed to Complete.
LOW : WaTCH status of N03-0389 1.1 has been changed to Complete.
LOW : WaTCH status of K01-0268 1.1 has been changed to Complete.
LOW : WaTCH status of G01-0372 1.1 has been changed to Complete.
LOW : WaTCH status of H01-0625 1.1 has been changed to Complete.
LOW : WaTCH status of H01-0627 1.1 has been changed to Complete.
LOW : WaTCH status of O01-0392 1.1 has been changed to Complete.
LOW : WaTCH status of H01-0628 1.1 has been changed to Complete.
LOW : WaTCH status of G01-0369 1.1 has been changed to Complete.
LOW : WaTCH status of O01-0397 1.1 has been changed to Complete.
LOW : WaTCH status of R02-0321 1.1 has been changed to Complete.
LOW : WaTCH status of K01-0256 1.1 has been changed to Complete.
LOW : WaTCH status of R02-0347 1.1 has been changed to Complete.
LOW : WaTCH status of G01-0371 1.1 has been changed to Complete.
LOW : WaTCH status of O01-0393 1.1 has been changed to Complete.
LOW : WaTCH status of N03-0363 1.1 has been changed to Complete.
LOW : WaTCH status of Q01-0404 1.1 has been changed to Complete.
LOW : WaTCH status of R02-0328 1.1 has been changed to Complete.
LOW : WaTCH status of G01-0352 1.1 has been changed to Complete.
LOW : WaTCH status of N03-0361 1.1 has been changed to Complete.
#
# WaTCHdb update complete.
# 2023-08-03.11-24-34.
