# WaTCHdb update log.
# Command: 2_updateWaTCH.pl.
# Data output written to updates/watchdb/watchdb.2022-10-11.16-33-55.txt and updates/watchdb.LATEST.txt.
# Fatal errors and system warnings are NOT logged here; see STDERR for those.
#
# Run started 2022-10-11.16-33-55.
#
4 molecular targets added.
INFO: Finished WaTCHdb import. 5199 total assets present.
INFO: Finished AssetTiger import. 60 new assets added. 5259 total assets present.
HIGH: Mysterious sample ID N03-01976 found during Run Metadata import, does not exist in AT or WaTCHdb. This is concerning.
HIGH: N03-01976 will be ignored!
HIGH: Mysterious sample ID N032-0164 found during Run Metadata import, does not exist in AT or WaTCHdb. This is concerning.
HIGH: N032-0164 will be ignored!
INFO: Sample N03-0184 1.1 has a new calculated value of 4623.47069755197.
INFO: Sample N03-0184 1.1 has a new calculated value of 18496.9447553158.
INFO: Sample N03-0184 1.1 has a new calculated value of 11559.6349351108.
INFO: Sample B01-0255 1.1 has a new calculated value of 2067.9296948947.
INFO: Sample B01-0255 1.1 has a new calculated value of 323836.92920208.
INFO: Sample B01-0255 1.1 has a new calculated value of 313418.637514114.
INFO: Sample O01-0156 1.1 has a new calculated value of 2850.65554082394.
INFO: Sample O01-0156 1.1 has a new calculated value of 14255.2163824439.
INFO: Sample O01-0156 1.1 has a new calculated value of 28515.2868926525.
INFO: Sample M03-0129 1.1 has a new calculated value of 2456.79913088679.
INFO: Sample M03-0129 1.1 has a new calculated value of 164924.779236317.
INFO: Sample M03-0129 1.1 has a new calculated value of 167391.28768444.
INFO: Sample A02-0666 1.1 has a new calculated value of 2414.75895512849.
INFO: Sample A02-0666 1.1 has a new calculated value of 0.
INFO: Sample A02-0666 1.1 has a new calculated value of 2414.75895512849.
INFO: Sample N03-0180 1.1 has a new calculated value of 6907.58412703871.
INFO: Sample N03-0180 1.1 has a new calculated value of 34549.3095740676.
INFO: Sample N03-0180 1.1 has a new calculated value of 29941.0903081298.
INFO: Sample M03-0144 1.1 has a new calculated value of 5299.91973191499.
INFO: Sample M03-0144 1.1 has a new calculated value of 511873.217225076.
INFO: Sample M03-0144 1.1 has a new calculated value of 493100.93343258.
INFO: Sample E02-0202 1.1 has a new calculated value of 31352.1296158433.
INFO: Sample E02-0202 1.1 has a new calculated value of 597292.785644531.
INFO: Sample E02-0202 1.1 has a new calculated value of 602183.911800384.
INFO: Sample O01-0153 1.1 has a new calculated value of 0.
INFO: Sample O01-0153 1.1 has a new calculated value of 3111.60498764366.
INFO: Sample O01-0153 1.1 has a new calculated value of 3111.60498764366.
INFO: Sample N03-0178 1.1 has a new calculated value of 0.
INFO: Sample N03-0178 1.1 has a new calculated value of 26534.8303690553.
INFO: Sample N03-0178 1.1 has a new calculated value of 19296.3936924935.
INFO: Sample C01-0272 1.1 has a new calculated value of 13004.3643526733.
INFO: Sample C01-0272 1.1 has a new calculated value of 31217.254512012.
INFO: Sample C01-0272 1.1 has a new calculated value of 26012.7631947398.
INFO: Sample H01-0355 1.1 has a new calculated value of 13281.4297266304.
INFO: Sample H01-0355 1.1 has a new calculated value of 99713.4585678578.
INFO: Sample H01-0355 1.1 has a new calculated value of 101932.011544705.
INFO: Sample H01-0351 1.1 has a new calculated value of 2285.07852181792.
INFO: Sample H01-0351 1.1 has a new calculated value of 36576.2136876582.
INFO: Sample H01-0351 1.1 has a new calculated value of 45725.2550125121.
INFO: Sample T01-0039 1.1 has a new calculated value of 2163.57867931947.
INFO: Sample T01-0039 1.1 has a new calculated value of 766360.48436165.
INFO: Sample T01-0039 1.1 has a new calculated value of 907618.914842605.
INFO: Sample A02-0671 1.1 has a new calculated value of 0.
INFO: Sample A02-0671 1.1 has a new calculated value of 0.
INFO: Sample A02-0671 1.1 has a new calculated value of 0.
INFO: Sample R01-0132 1.1 has a new calculated value of 20922.7558225393.
INFO: Sample R01-0132 1.1 has a new calculated value of 0.
INFO: Sample R01-0132 1.1 has a new calculated value of 0.
INFO: Sample C01-0274 1.1 has a new calculated value of 0.
INFO: Sample C01-0274 1.1 has a new calculated value of 3184.1796124354.
INFO: Sample C01-0274 1.1 has a new calculated value of 3184.1796124354.
INFO: Sample A02-0667 1.1 has a new calculated value of 2076.43317757174.
INFO: Sample A02-0667 1.1 has a new calculated value of 0.
INFO: Sample A02-0667 1.1 has a new calculated value of 0.
INFO: Sample N03-0198 1.1 has a new calculated value of 5734.66038331389.
INFO: Sample N03-0198 1.1 has a new calculated value of 106218.439936638.
INFO: Sample N03-0198 1.1 has a new calculated value of 88975.5249023438.
INFO: Sample E02-0204 1.1 has a new calculated value of 16620.1109066606.
INFO: Sample E02-0204 1.1 has a new calculated value of 277169.030606747.
INFO: Sample E02-0204 1.1 has a new calculated value of 268806.324005127.
INFO: Sample N03-0182 1.1 has a new calculated value of 4963.79049494864.
INFO: Sample N03-0182 1.1 has a new calculated value of 32275.1507163048.
INFO: Sample N03-0182 1.1 has a new calculated value of 24824.8311504722.
INFO: Sample T01-0038 1.1 has a new calculated value of 5098.13474491238.
INFO: Sample T01-0038 1.1 has a new calculated value of 1053075.86431503.
INFO: Sample T01-0038 1.1 has a new calculated value of 1108000.97823143.
INFO: Sample A02-0665 1.1 has a new calculated value of 10311.0316023231.
INFO: Sample A02-0665 1.1 has a new calculated value of 105808.527320623.
INFO: Sample A02-0665 1.1 has a new calculated value of 82559.3702495097.
INFO: Sample Q01-0130 1.1 has a new calculated value of 6608.42992365359.
INFO: Sample Q01-0130 1.1 has a new calculated value of 816264.892816542.
INFO: Sample Q01-0130 1.1 has a new calculated value of 834236.394166946.
INFO: Sample Q01-0134 1.1 has a new calculated value of 8316.23883917926.
INFO: Sample Q01-0134 1.1 has a new calculated value of 129087.497144938.
INFO: Sample Q01-0134 1.1 has a new calculated value of 141600.962877274.
INFO: Sample A04-0198 1.1 has a new calculated value of 2193.4719895944.
INFO: Sample A04-0198 1.1 has a new calculated value of 4387.05864362418.
INFO: Sample A04-0198 1.1 has a new calculated value of 0.
INFO: Sample K01-0162 1.1 has a new calculated value of 4955.57340793311.
INFO: Sample K01-0162 1.1 has a new calculated value of 196192.072033882.
INFO: Sample K01-0162 1.1 has a new calculated value of 176282.67377615.
INFO: Sample R01-0146 1.1 has a new calculated value of 46466.5988087653.
INFO: Sample R01-0146 1.1 has a new calculated value of 0.
INFO: Sample R01-0146 1.1 has a new calculated value of 0.
INFO: Sample A04-0192 1.1 has a new calculated value of 4781.44590742885.
INFO: Sample A04-0192 1.1 has a new calculated value of 107714.700400829.
INFO: Sample A04-0192 1.1 has a new calculated value of 117302.745133638.
INFO: Sample J01-0142 1.1 has a new calculated value of 2232.85285290331.
INFO: Sample J01-0142 1.1 has a new calculated value of 253068.146109581.
INFO: Sample J01-0142 1.1 has a new calculated value of 271042.535305023.
INFO: Sample H01-0353 1.1 has a new calculated value of 10478.2027937472.
INFO: Sample H01-0353 1.1 has a new calculated value of 153242.460787296.
INFO: Sample H01-0353 1.1 has a new calculated value of 138523.658216.
INFO: Sample N02-0155 1.1 has a new calculated value of 0.
INFO: Sample N02-0155 1.1 has a new calculated value of 81756.2945187091.
INFO: Sample N02-0155 1.1 has a new calculated value of 105144.543796778.
INFO: Sample L01-0232 1.1 has a new calculated value of 8869.74530294538.
INFO: Sample L01-0232 1.1 has a new calculated value of 499619.309306145.
INFO: Sample L01-0232 1.1 has a new calculated value of 486158.723831176.
INFO: Sample H01-0356 1.1 has a new calculated value of 8938.79240378737.
INFO: Sample H01-0356 1.1 has a new calculated value of 67087.4601602553.
INFO: Sample H01-0356 1.1 has a new calculated value of 89473.8395512104.
INFO: Sample L01-0234 1.1 has a new calculated value of 6947.27713242175.
INFO: Sample L01-0234 1.1 has a new calculated value of 404857.800006868.
INFO: Sample L01-0234 1.1 has a new calculated value of 395506.651997566.
INFO: Sample A01-0372 1.1 has a new calculated value of 2265.80693386495.
INFO: Sample A01-0372 1.1 has a new calculated value of 92998.6752569675.
INFO: Sample A01-0372 1.1 has a new calculated value of 102082.782536745.
INFO: Sample J01-0140 1.1 has a new calculated value of 0.
INFO: Sample J01-0140 1.1 has a new calculated value of 1132492.35033989.
INFO: Sample J01-0140 1.1 has a new calculated value of 1041835.1483345.
INFO: Sample N03-0164 1.2 has a new calculated value of 2020.18483076244.
INFO: Sample N03-0164 1.2 has a new calculated value of 72788.0747616292.
INFO: Sample N03-0164 1.2 has a new calculated value of 68740.9680336714.
INFO: Sample J01-0144 1.1 has a new calculated value of 0.
INFO: Sample J01-0144 1.1 has a new calculated value of 113402.268737554.
INFO: Sample J01-0144 1.1 has a new calculated value of 113402.268737554.
INFO: Sample Q01-0138 1.1 has a new calculated value of 0.
INFO: Sample Q01-0138 1.1 has a new calculated value of 37184.6656501292.
INFO: Sample Q01-0138 1.1 has a new calculated value of 41835.0686877968.
INFO: Sample L01-0245 1.1 has a new calculated value of 0.
INFO: Sample L01-0245 1.1 has a new calculated value of 49257.6373368503.
INFO: Sample L01-0245 1.1 has a new calculated value of 62229.8032790421.
INFO: Sample Q01-0132 1.1 has a new calculated value of 10351.9062884152.
INFO: Sample Q01-0132 1.1 has a new calculated value of 1056549.36432839.
INFO: Sample Q01-0132 1.1 has a new calculated value of 1009869.89736557.
INFO: Sample B01-0223 1.1 has a new calculated value of 7032.37194567919.
INFO: Sample B01-0223 1.1 has a new calculated value of 277500.079572201.
INFO: Sample B01-0223 1.1 has a new calculated value of 296380.28383255.
INFO: Sample H01-0357 1.1 has a new calculated value of 16491.8831549585.
INFO: Sample H01-0357 1.1 has a new calculated value of 51853.500008583.
INFO: Sample H01-0357 1.1 has a new calculated value of 58929.4040948152.
INFO: Sample Q01-0139 1.1 has a new calculated value of 4312.79723066836.
INFO: Sample Q01-0139 1.1 has a new calculated value of 60419.5873439311.
INFO: Sample Q01-0139 1.1 has a new calculated value of 45306.5217286347.
INFO: Sample R01-0126 1.1 has a new calculated value of 32167.355529964.
INFO: Sample R01-0126 1.1 has a new calculated value of 0.
INFO: Sample R01-0126 1.1 has a new calculated value of 0.
INFO: Sample O01-0175 1.1 has a new calculated value of 0.
INFO: Sample O01-0175 1.1 has a new calculated value of 31462.9273116588.
INFO: Sample O01-0175 1.1 has a new calculated value of 18874.9233260751.
INFO: Sample J01-0143 1.1 has a new calculated value of 0.
INFO: Sample J01-0143 1.1 has a new calculated value of 63760.862275958.
INFO: Sample J01-0143 1.1 has a new calculated value of 70362.3528778552.
INFO: Sample C01-0275 1.1 has a new calculated value of 12002.2237300873.
INFO: Sample C01-0275 1.1 has a new calculated value of 42022.8253304957.
INFO: Sample C01-0275 1.1 has a new calculated value of 63050.0531941652.
INFO: Sample H01-0352 1.1 has a new calculated value of 2096.58412495628.
INFO: Sample H01-0352 1.1 has a new calculated value of 94450.2675533296.
INFO: Sample H01-0352 1.1 has a new calculated value of 79744.018614292.
INFO: Sample A04-0193 1.1 has a new calculated value of 10993.8264638186.
INFO: Sample A04-0193 1.1 has a new calculated value of 74814.9512708188.
INFO: Sample A04-0193 1.1 has a new calculated value of 92437.8982186318.
INFO: Sample J01-0146 1.1 has a new calculated value of 0.
INFO: Sample J01-0146 1.1 has a new calculated value of 2470.55700514465.
INFO: Sample J01-0146 1.1 has a new calculated value of 2470.55700514465.
INFO: Sample Q01-0137 1.1 has a new calculated value of 2090.62303416431.
INFO: Sample Q01-0137 1.1 has a new calculated value of 66951.7144560813.
INFO: Sample Q01-0137 1.1 has a new calculated value of 96276.7615914343.
INFO: Sample L01-0233 1.1 has a new calculated value of 4418.50881557912.
INFO: Sample L01-0233 1.1 has a new calculated value of 401773.547530175.
INFO: Sample L01-0233 1.1 has a new calculated value of 372788.178920745.
INFO: Sample R01-0142 1.1 has a new calculated value of 26550.2378717065.
INFO: Sample R01-0142 1.1 has a new calculated value of 0.
INFO: Sample R01-0142 1.1 has a new calculated value of 0.
INFO: Sample O01-0166 1.1 has a new calculated value of 9030.43689206241.
INFO: Sample O01-0166 1.1 has a new calculated value of 9030.43689206241.
INFO: Sample O01-0166 1.1 has a new calculated value of 9030.43689206241.
INFO: Sample M03-0138 1.1 has a new calculated value of 0.
INFO: Sample M03-0138 1.1 has a new calculated value of 35863.2854372261.
INFO: Sample M03-0138 1.1 has a new calculated value of 38623.2711374759.
INFO: Sample K01-0163 1.1 has a new calculated value of 4578.26902158559.
INFO: Sample K01-0163 1.1 has a new calculated value of 326306.308507919.
INFO: Sample K01-0163 1.1 has a new calculated value of 294022.137522697.
INFO: Sample N03-0181 1.1 has a new calculated value of 4704.6939935535.
INFO: Sample N03-0181 1.1 has a new calculated value of 11762.7247609198.
INFO: Sample N03-0181 1.1 has a new calculated value of 9409.91565585138.
INFO: Sample M03-0145 1.1 has a new calculated value of 2670.13417091221.
INFO: Sample M03-0145 1.1 has a new calculated value of 640338.596105576.
INFO: Sample M03-0145 1.1 has a new calculated value of 569907.690882682.
INFO: Sample R01-0140 1.1 has a new calculated value of 11321.8941539526.
INFO: Sample R01-0140 1.1 has a new calculated value of 26422.5123077631.
INFO: Sample R01-0140 1.1 has a new calculated value of 52861.6891801358.
INFO: Sample Q01-0133 1.1 has a new calculated value of 4460.12165397406.
INFO: Sample Q01-0133 1.1 has a new calculated value of 71418.9644157887.
INFO: Sample Q01-0133 1.1 has a new calculated value of 69185.2799803018.
INFO: Sample N03-0185 1.1 has a new calculated value of 2431.85271508992.
INFO: Sample N03-0185 1.1 has a new calculated value of 38926.5840500594.
INFO: Sample N03-0185 1.1 has a new calculated value of 31625.0967979431.
INFO: Sample E02-0201 1.1 has a new calculated value of 12036.3480783999.
INFO: Sample E02-0201 1.1 has a new calculated value of 151911.164224148.
INFO: Sample E02-0201 1.1 has a new calculated value of 127761.500626802.
INFO: Sample T01-0040 1.1 has a new calculated value of 5971.61231562496.
INFO: Sample T01-0040 1.1 has a new calculated value of 1359354.05015946.
INFO: Sample T01-0040 1.1 has a new calculated value of 1177790.95172882.
INFO: Sample Q01-0136 1.1 has a new calculated value of 3515.94018749893.
INFO: Sample Q01-0136 1.1 has a new calculated value of 0.
INFO: Sample Q01-0136 1.1 has a new calculated value of 63332.093730569.
INFO: Sample A01-0373 1.1 has a new calculated value of 0.
INFO: Sample A01-0373 1.1 has a new calculated value of 70499.1985112429.
INFO: Sample A01-0373 1.1 has a new calculated value of 63671.5089529751.
INFO: Sample C01-0271 1.1 has a new calculated value of 0.
INFO: Sample C01-0271 1.1 has a new calculated value of 0.
INFO: Sample C01-0271 1.1 has a new calculated value of 0.
INFO: Sample H01-0354 1.1 has a new calculated value of 8676.48582905531.
INFO: Sample H01-0354 1.1 has a new calculated value of 370343.906879425.
INFO: Sample H01-0354 1.1 has a new calculated value of 381286.053657531.
INFO: Sample A02-0670 1.1 has a new calculated value of 0.
INFO: Sample A02-0670 1.1 has a new calculated value of 0.
INFO: Sample A02-0670 1.1 has a new calculated value of 6383.63666832445.
INFO: Sample N03-0195 1.1 has a new calculated value of 0.
INFO: Sample N03-0195 1.1 has a new calculated value of 90990.3913736342.
INFO: Sample N03-0195 1.1 has a new calculated value of 117789.916098118.
INFO: Sample J01-0145 1.1 has a new calculated value of 0.
INFO: Sample J01-0145 1.1 has a new calculated value of 0.
INFO: Sample J01-0145 1.1 has a new calculated value of 0.
INFO: Sample C01-0273 1.1 has a new calculated value of 25872.348099947.
INFO: Sample C01-0273 1.1 has a new calculated value of 14371.5551309288.
INFO: Sample C01-0273 1.1 has a new calculated value of 20121.5571910143.
HIGH: I have assay data for N03-0187 1.1 in this run, but no value for Concentration Input Volume (mL). This is concerning.
HIGH: I have assay data for N03-0187 1.1 in this run, but no value for Concentration Output Volume (mL). This is concerning.
    I am unable to calculate a result for N03-0187 1.1. This should be confirmed.
HIGH: I have assay data for N03-0187 1.1 in this run, but no value for Concentration Output Volume (mL). This is concerning.
HIGH: I have assay data for N03-0187 1.1 in this run, but no value for Concentration Input Volume (mL). This is concerning.
    I am unable to calculate a result for N03-0187 1.1. This should be confirmed.
HIGH: I have assay data for N03-0187 1.1 in this run, but no value for Concentration Output Volume (mL). This is concerning.
HIGH: I have assay data for N03-0187 1.1 in this run, but no value for Concentration Input Volume (mL). This is concerning.
    I am unable to calculate a result for N03-0187 1.1. This should be confirmed.
INFO: Sample A02-0668 1.1 has a new calculated value of 0.
INFO: Sample A02-0668 1.1 has a new calculated value of 3981.54786787927.
INFO: Sample A02-0668 1.1 has a new calculated value of 11945.7780383527.
INFO: Sample L01-0235 1.1 has a new calculated value of 2406.7165190354.
INFO: Sample L01-0235 1.1 has a new calculated value of 9627.69526988266.
INFO: Sample L01-0235 1.1 has a new calculated value of 7220.56388854982.
INFO: Sample N03-0176 1.1 has a new calculated value of 5205.13736642896.
INFO: Sample N03-0176 1.1 has a new calculated value of 33844.951428473.
INFO: Sample N03-0176 1.1 has a new calculated value of 26032.154224813.
INFO: Sample B01-0207 1.1 has a new calculated value of 6588.34612928332.
INFO: Sample B01-0207 1.1 has a new calculated value of 213549.566566944.
INFO: Sample B01-0207 1.1 has a new calculated value of 211342.471539974.
INFO: Sample Q01-0131 1.1 has a new calculated value of 4928.18665690718.
INFO: Sample Q01-0131 1.1 has a new calculated value of 391123.208999635.
INFO: Sample Q01-0131 1.1 has a new calculated value of 336443.765759468.
INFO: Sample N03-0197 1.1 has a new calculated value of 0.
INFO: Sample N03-0197 1.1 has a new calculated value of 16894.5528008044.
INFO: Sample N03-0197 1.1 has a new calculated value of 14480.6286133826.
INFO: Sample E02-0203 1.1 has a new calculated value of 20525.4180729389.
INFO: Sample E02-0203 1.1 has a new calculated value of 13682.4961937964.
INFO: Sample E02-0203 1.1 has a new calculated value of 27369.4600537419.
INFO: Sample K01-0152 1.1 has a new calculated value of 3585.41993424296.
INFO: Sample K01-0152 1.1 has a new calculated value of 122076.675742865.
INFO: Sample K01-0152 1.1 has a new calculated value of 122076.675742865.
INFO: Sample A02-0669 1.1 has a new calculated value of 3052.90183983743.
INFO: Sample A02-0669 1.1 has a new calculated value of 0.
INFO: Sample A02-0669 1.1 has a new calculated value of 0.
INFO: Sample Q01-0135 1.1 has a new calculated value of 0.
INFO: Sample Q01-0135 1.1 has a new calculated value of 62539.3293052911.
INFO: Sample Q01-0135 1.1 has a new calculated value of 62539.3293052911.
INFO: Sample K01-0161 1.1 has a new calculated value of 2359.69746485352.
INFO: Sample K01-0161 1.1 has a new calculated value of 184456.515312195.
INFO: Sample K01-0161 1.1 has a new calculated value of 158394.189476967.
INFO: Sample O01-0161 1.1 has a new calculated value of 0.
INFO: Sample O01-0161 1.1 has a new calculated value of 14585.6145210564.
INFO: Sample O01-0161 1.1 has a new calculated value of 8750.76024793088.
INFO: Sample A02-0664 1.1 has a new calculated value of 0.
INFO: Sample A02-0664 1.1 has a new calculated value of 0.
INFO: Sample A02-0664 1.1 has a new calculated value of 0.
INFO: Sample R01-0136 1.1 has a new calculated value of 35885.2840214968.
INFO: Sample R01-0136 1.1 has a new calculated value of 2241.93018861115.
INFO: Sample R01-0136 1.1 has a new calculated value of 0.
INFO: Sample J01-0141 1.1 has a new calculated value of 2361.69188283384.
INFO: Sample J01-0141 1.1 has a new calculated value of 1321884.09090042.
INFO: Sample J01-0141 1.1 has a new calculated value of 1251261.94238663.
INFO: Sample N03-0177 1.1 has a new calculated value of 2555.20590115339.
INFO: Sample N03-0177 1.1 has a new calculated value of 38344.4539457558.
INFO: Sample N03-0177 1.1 has a new calculated value of 28115.8363446593.
INFO: Sample N02-0154 1.1 has a new calculated value of 8858.02935808898.
INFO: Sample N02-0154 1.1 has a new calculated value of 137510.279417038.
INFO: Sample N02-0154 1.1 has a new calculated value of 139731.890112161.
INFO: Sample M03-0127 1.1 has a new calculated value of 0.
INFO: Sample M03-0127 1.1 has a new calculated value of 194667.153954506.
INFO: Sample M03-0127 1.1 has a new calculated value of 207677.167654038.
INFO: Sample L01-0231 1.1 has a new calculated value of 6790.07962346077.
INFO: Sample L01-0231 1.1 has a new calculated value of 2263.2376011461.
INFO: Sample L01-0231 1.1 has a new calculated value of 11317.4105621874.
INFO: Sample T01-0036 1.1 has a new calculated value of 6466.70096553861.
INFO: Sample T01-0036 1.1 has a new calculated value of 4311.02285161616.
INFO: Sample T01-0036 1.1 has a new calculated value of 23716.1152437329.
#
# WaTCHdb update complete.
# 2022-10-11.16-33-57.
