# WaTCHdb update log.
# Command: 2_updateWaTCH.pl.
# Data output written to updates/watchdb/watchdb.2022-09-29.17-56-53.txt and updates/watchdb.LATEST.txt.
# Fatal errors and system warnings are NOT logged here; see STDERR for those.
#
# Run started 2022-09-29.17-56-53.
#
4 molecular targets added.
INFO: Finished WaTCHdb import. 4987 total assets present.
INFO: Finished AssetTiger import. 86 new assets added. 5073 total assets present.
INFO: Sample G01-0270 1.1 has a new calculated value of 403942.794799805.
INFO: Sample G01-0270 1.1 has a new calculated value of 9629.90786880253.
INFO: Sample G01-0270 1.1 has a new calculated value of 352933.089137077.
INFO: Sample E01-0177 1.1 has a new calculated value of 283643.324375153.
INFO: Sample E01-0177 1.1 has a new calculated value of 4127.0015621558.
INFO: Sample E01-0177 1.1 has a new calculated value of 269103.975892067.
INFO: Sample A04-0190 1.1 has a new calculated value of 448995.24986744.
INFO: Sample A04-0190 1.1 has a new calculated value of 21272.0067054033.
INFO: Sample A04-0190 1.1 has a new calculated value of 422731.046676636.
INFO: Sample G01-0273 1.1 has a new calculated value of 252201.418876648.
INFO: Sample G01-0273 1.1 has a new calculated value of 2205.70817124099.
INFO: Sample G01-0273 1.1 has a new calculated value of 269956.875443458.
INFO: Sample A02-0621 1.1 has a new calculated value of 0.
INFO: Sample A02-0621 1.1 has a new calculated value of 19340.420588851.
INFO: Sample A02-0621 1.1 has a new calculated value of 0.
INFO: Sample A02-0640 1.1 has a new calculated value of 0.
INFO: Sample A02-0640 1.1 has a new calculated value of 61615.545898676.
INFO: Sample A02-0640 1.1 has a new calculated value of 4398.10757059603.
INFO: Sample C01-0262 1.1 has a new calculated value of 135474.255234003.
INFO: Sample C01-0262 1.1 has a new calculated value of 17455.9615552425.
INFO: Sample C01-0262 1.1 has a new calculated value of 150797.288417816.
INFO: Sample G01-0274 1.1 has a new calculated value of 163647.009730339.
INFO: Sample G01-0274 1.1 has a new calculated value of 0.
INFO: Sample G01-0274 1.1 has a new calculated value of 200099.954903126.
INFO: Sample A02-0639 1.1 has a new calculated value of 0.
INFO: Sample A02-0639 1.1 has a new calculated value of 16143.9700238407.
INFO: Sample A02-0639 1.1 has a new calculated value of 2017.65624107793.
INFO: Sample A02-0637 1.1 has a new calculated value of 4367.17365402727.
INFO: Sample A02-0637 1.1 has a new calculated value of 26209.869235754.
INFO: Sample A02-0637 1.1 has a new calculated value of 8734.80224981905.
INFO: Sample A02-0622 1.1 has a new calculated value of 4715.54517745972.
INFO: Sample A02-0622 1.1 has a new calculated value of 14148.2280939817.
INFO: Sample A02-0622 1.1 has a new calculated value of 2357.70623199642.
INFO: Sample E01-0174 1.1 has a new calculated value of 113390.037864447.
INFO: Sample E01-0174 1.1 has a new calculated value of 0.
INFO: Sample E01-0174 1.1 has a new calculated value of 87850.5139052868.
INFO: Sample C01-0261 1.1 has a new calculated value of 131401.824653149.
INFO: Sample C01-0261 1.1 has a new calculated value of 4301.73105094581.
INFO: Sample C01-0261 1.1 has a new calculated value of 181053.937375545.
INFO: Sample T01-0043 1.1 has a new calculated value of 24450.6598636508.
INFO: Sample T01-0043 1.1 has a new calculated value of 4444.5134885609.
INFO: Sample T01-0043 1.1 has a new calculated value of 22227.282486856.
INFO: Sample H01-0349 1.1 has a new calculated value of 1569391.57247543.
INFO: Sample H01-0349 1.1 has a new calculated value of 4874.87831152975.
INFO: Sample H01-0349 1.1 has a new calculated value of 1701173.79426956.
INFO: Sample Q01-0129 1.1 has a new calculated value of 231729.638278484.
INFO: Sample Q01-0129 1.1 has a new calculated value of 2222.08010265603.
INFO: Sample Q01-0129 1.1 has a new calculated value of 207159.105241299.
INFO: Sample H01-0350 1.1 has a new calculated value of 90994.8250651358.
INFO: Sample H01-0350 1.1 has a new calculated value of 10822.3627880216.
INFO: Sample H01-0350 1.1 has a new calculated value of 93163.7665629387.
INFO: Sample T01-0044 1.1 has a new calculated value of 36606.1623394491.
INFO: Sample T01-0044 1.1 has a new calculated value of 18299.0849018097.
INFO: Sample T01-0044 1.1 has a new calculated value of 50341.7216241358.
INFO: Sample B01-0214 1.1 has a new calculated value of 473175.108432771.
INFO: Sample B01-0214 1.1 has a new calculated value of 7202.36515626311.
INFO: Sample B01-0214 1.1 has a new calculated value of 497460.52622795.
INFO: Sample G01-0254 1.1 has a new calculated value of 148360.388875007.
INFO: Sample G01-0254 1.1 has a new calculated value of 4356.05306178331.
INFO: Sample G01-0254 1.1 has a new calculated value of 150546.079874039.
INFO: Sample H01-0344 1.1 has a new calculated value of 45183.2489669322.
INFO: Sample H01-0344 1.1 has a new calculated value of 4301.06881074608.
INFO: Sample H01-0344 1.1 has a new calculated value of 47336.0482603313.
INFO: Sample H01-0347 1.1 has a new calculated value of 323891.152739525.
INFO: Sample H01-0347 1.1 has a new calculated value of 2272.19443302601.
INFO: Sample H01-0347 1.1 has a new calculated value of 335341.526269913.
INFO: Sample Q01-0127 1.1 has a new calculated value of 145585.424602032.
INFO: Sample Q01-0127 1.1 has a new calculated value of 0.
INFO: Sample Q01-0127 1.1 has a new calculated value of 44741.6804730892.
INFO: Sample G01-0266 1.1 has a new calculated value of 143716.156482697.
INFO: Sample G01-0266 1.1 has a new calculated value of 2314.09685220569.
INFO: Sample G01-0266 1.1 has a new calculated value of 136750.793159008.
INFO: Sample T01-0041 1.1 has a new calculated value of 39703.5502642392.
INFO: Sample T01-0041 1.1 has a new calculated value of 4669.0540574491.
INFO: Sample T01-0041 1.1 has a new calculated value of 39703.5502642392.
INFO: Sample A01-0364 1.1 has a new calculated value of 343017.248511314.
INFO: Sample A01-0364 1.1 has a new calculated value of 24567.9276064038.
INFO: Sample A01-0364 1.1 has a new calculated value of 320511.864423752.
INFO: Sample Q01-0126 1.1 has a new calculated value of 157596.95738554.
INFO: Sample Q01-0126 1.1 has a new calculated value of 0.
INFO: Sample Q01-0126 1.1 has a new calculated value of 145606.760680675.
INFO: Sample H01-0345 1.1 has a new calculated value of 255767.788589001.
INFO: Sample H01-0345 1.1 has a new calculated value of 11698.37359339.
INFO: Sample H01-0345 1.1 has a new calculated value of 248707.398176193.
INFO: Sample H01-0346 1.1 has a new calculated value of 97933.1021010875.
INFO: Sample H01-0346 1.1 has a new calculated value of 7158.08238834144.
INFO: Sample H01-0346 1.1 has a new calculated value of 93150.5589187147.
INFO: Sample H01-0348 1.1 has a new calculated value of 228498.343527317.
INFO: Sample H01-0348 1.1 has a new calculated value of 7513.08878883718.
INFO: Sample H01-0348 1.1 has a new calculated value of 218428.241014481.
INFO: Sample A01-0363 1.1 has a new calculated value of 291976.761817932.
INFO: Sample A01-0363 1.1 has a new calculated value of 19843.0202901363.
INFO: Sample A01-0363 1.1 has a new calculated value of 305296.862125397.
INFO: Sample Q01-0128 1.1 has a new calculated value of 292144.630551338.
INFO: Sample Q01-0128 1.1 has a new calculated value of 0.
INFO: Sample Q01-0128 1.1 has a new calculated value of 285630.365610123.
INFO: Sample T01-0042 1.1 has a new calculated value of 20527.012757957.
INFO: Sample T01-0042 1.1 has a new calculated value of 5863.83517831565.
INFO: Sample T01-0042 1.1 has a new calculated value of 29327.3850157857.
INFO: Sample A02-0583 1.1 has a new calculated value of 23937.7679675817.
INFO: Sample A02-0583 1.1 has a new calculated value of 56602.2256761788.
INFO: Sample A02-0583 1.1 has a new calculated value of 28291.5574684739.
INFO: Sample A02-0623 1.1 has a new calculated value of 4425.50706211476.
INFO: Sample A02-0623 1.1 has a new calculated value of 8851.48127563299.
INFO: Sample A02-0623 1.1 has a new calculated value of 4425.50706211476.
INFO: Sample A02-0635 1.1 has a new calculated value of 2397.62962795794.
INFO: Sample A02-0635 1.1 has a new calculated value of 2397.62962795794.
INFO: Sample A02-0635 1.1 has a new calculated value of 0.
INFO: Sample A02-0636 1.1 has a new calculated value of 12238.083165139.
INFO: Sample A02-0636 1.1 has a new calculated value of 7342.4213938415.
INFO: Sample A02-0636 1.1 has a new calculated value of 7342.4213938415.
INFO: Sample A02-0638 1.1 has a new calculated value of 0.
INFO: Sample A02-0638 1.1 has a new calculated value of 63215.3398543598.
INFO: Sample A02-0638 1.1 has a new calculated value of 1974.03690777719.
INFO: Sample A02-0641 1.1 has a new calculated value of 19283.0756306648.
INFO: Sample A02-0641 1.1 has a new calculated value of 8569.16097924113.
INFO: Sample A02-0641 1.1 has a new calculated value of 12854.3981350958.
INFO: Sample A02-0620 1.1 has a new calculated value of 2176.0475076735.
INFO: Sample A02-0620 1.1 has a new calculated value of 15234.7054705024.
INFO: Sample A02-0620 1.1 has a new calculated value of 0.
INFO: Sample A04-0195 1.1 has a new calculated value of 794450.65498352.
INFO: Sample A04-0195 1.1 has a new calculated value of 15185.4220591485.
INFO: Sample A04-0195 1.1 has a new calculated value of 815086.652040482.
INFO: Sample A02-0624 1.1 has a new calculated value of 3498.623999767.
INFO: Sample A02-0624 1.1 has a new calculated value of 10496.7487044633.
INFO: Sample A02-0624 1.1 has a new calculated value of 6997.53943830727.
INFO: Sample B01-0202 1.1 has a new calculated value of 264749.122560024.
INFO: Sample B01-0202 1.1 has a new calculated value of 2111.37079400942.
INFO: Sample B01-0202 1.1 has a new calculated value of 296631.696224213.
INFO: Sample A02-0642 1.1 has a new calculated value of 30657.0805236697.
INFO: Sample A02-0642 1.1 has a new calculated value of 40094.5390015839.
INFO: Sample A02-0642 1.1 has a new calculated value of 35375.5453974009.
INFO: Sample E01-0176 1.1 has a new calculated value of 304060.320854187.
INFO: Sample E01-0176 1.1 has a new calculated value of 0.
INFO: Sample E01-0176 1.1 has a new calculated value of 234761.722683906.
INFO: Sample E01-0175 1.1 has a new calculated value of 84998.5376000406.
INFO: Sample E01-0175 1.1 has a new calculated value of 0.
INFO: Sample E01-0175 1.1 has a new calculated value of 19984.1530993581.
INFO: Sample A04-0181 1.1 has a new calculated value of 928768.404722213.
INFO: Sample A04-0181 1.1 has a new calculated value of 15533.9722149074.
INFO: Sample A04-0181 1.1 has a new calculated value of 858505.640029909.
INFO: Sample C01-0263 1.1 has a new calculated value of 167204.681932926.
INFO: Sample C01-0263 1.1 has a new calculated value of 12271.7669047415.
INFO: Sample C01-0263 1.1 has a new calculated value of 201712.136864662.
LOW : WaTCH status of T01-0041 1.1 has been changed to Complete.
LOW : WaTCH status of A02-0624 1.1 has been changed to Complete.
LOW : WaTCH status of G01-0273 1.1 has been changed to Complete.
LOW : WaTCH status of Q01-0129 1.1 has been changed to Complete.
LOW : WaTCH status of A04-0195 1.1 has been changed to Complete.
LOW : WaTCH status of E01-0175 1.1 has been changed to Complete.
LOW : WaTCH status of T01-0043 1.1 has been changed to Complete.
LOW : WaTCH status of A02-0640 1.1 has been changed to Complete.
LOW : WaTCH status of E01-0177 1.1 has been changed to Complete.
LOW : WaTCH status of A02-0620 1.1 has been changed to Complete.
LOW : WaTCH status of Q01-0128 1.1 has been changed to Complete.
LOW : WaTCH status of G01-0254 1.1 has been changed to Complete.
LOW : WaTCH status of A01-0363 1.1 has been changed to Complete.
LOW : WaTCH status of A04-0181 1.1 has been changed to Complete.
LOW : WaTCH status of A02-0635 1.1 has been changed to Complete.
LOW : WaTCH status of H01-0348 1.1 has been changed to Complete.
LOW : WaTCH status of T01-0042 1.1 has been changed to Complete.
LOW : WaTCH status of A02-0636 1.1 has been changed to Complete.
LOW : WaTCH status of B01-0214 1.1 has been changed to Complete.
LOW : WaTCH status of G01-0266 1.1 has been changed to Complete.
LOW : WaTCH status of A02-0637 1.1 has been changed to Complete.
LOW : WaTCH status of H01-0349 1.1 has been changed to Complete.
LOW : WaTCH status of H01-0344 1.1 has been changed to Complete.
LOW : WaTCH status of H01-0345 1.1 has been changed to Complete.
LOW : WaTCH status of A02-0641 1.1 has been changed to Complete.
LOW : WaTCH status of C01-0263 1.1 has been changed to Complete.
LOW : WaTCH status of G01-0270 1.1 has been changed to Complete.
LOW : WaTCH status of H01-0346 1.1 has been changed to Complete.
LOW : WaTCH status of A02-0638 1.1 has been changed to Complete.
LOW : WaTCH status of A02-0621 1.1 has been changed to Complete.
LOW : WaTCH status of T01-0044 1.1 has been changed to Complete.
LOW : WaTCH status of C01-0261 1.1 has been changed to Complete.
LOW : WaTCH status of A02-0583 1.1 has been changed to Complete.
LOW : WaTCH status of A02-0623 1.1 has been changed to Complete.
LOW : WaTCH status of G01-0274 1.1 has been changed to Complete.
LOW : WaTCH status of A02-0639 1.1 has been changed to Complete.
LOW : WaTCH status of H01-0347 1.1 has been changed to Complete.
LOW : WaTCH status of A02-0622 1.1 has been changed to Complete.
LOW : WaTCH status of A02-0642 1.1 has been changed to Complete.
LOW : WaTCH status of A04-0190 1.1 has been changed to Complete.
LOW : WaTCH status of B01-0202 1.1 has been changed to Complete.
LOW : WaTCH status of E01-0174 1.1 has been changed to Complete.
LOW : WaTCH status of H01-0350 1.1 has been changed to Complete.
LOW : WaTCH status of Q01-0126 1.1 has been changed to Complete.
LOW : WaTCH status of A01-0364 1.1 has been changed to Complete.
LOW : WaTCH status of C01-0262 1.1 has been changed to Complete.
#
# WaTCHdb update complete.
# 2022-09-29.17-56-54.
