# WaTCHdb update log.
# Command: 2_updateWaTCH.pl.
# Data output written to updates/watchdb/watchdb.2023-05-09.09-19-05.txt and updates/watchdb.LATEST.txt.
# Fatal errors and system warnings are NOT logged here; see STDERR for those.
#
# Run started 2023-05-09.09-19-05.
#
4 molecular targets added.
INFO: Finished WaTCHdb import. 8426 total assets present.
INFO: Finished AssetTiger import. 0 new assets added. 8426 total assets present.
INFO: Sample A01-0545 1.1 has a new calculated value of 113182.180970907.
INFO: Sample A01-0545 1.1 has a new calculated value of 135852.970629931.
INFO: Sample A01-0545 1.1 has a new calculated value of 55297.7988123893.
INFO: Sample N03-0325 1.1 has a new calculated value of 7285.40662676097.
INFO: Sample N03-0325 1.1 has a new calculated value of 0.
INFO: Sample N03-0325 1.1 has a new calculated value of 4856.80592246354.
INFO: Sample N02-0319 1.1 has a new calculated value of 10633.9149735868.
INFO: Sample N02-0319 1.1 has a new calculated value of 5316.6421595961.
INFO: Sample N02-0319 1.1 has a new calculated value of 5316.6421595961.
INFO: Sample A02-1257 1.1 has a new calculated value of 45459.1146111487.
INFO: Sample A02-1257 1.1 has a new calculated value of 122276.106923819.
INFO: Sample A02-1257 1.1 has a new calculated value of 8520.07186040281.
INFO: Sample R02-0280 1.2 has a new calculated value of 2803.07245440781.
INFO: Sample R02-0280 1.2 has a new calculated value of 2803.07245440781.
INFO: Sample R02-0280 1.2 has a new calculated value of 5606.32009059191.
INFO: Sample T01-0138 1.1 has a new calculated value of 2759.91244241595.
INFO: Sample T01-0138 1.1 has a new calculated value of 5519.99528892337.
INFO: Sample T01-0138 1.1 has a new calculated value of 0.
INFO: Sample B01-0467 1.1 has a new calculated value of 57330.5784165859.
INFO: Sample B01-0467 1.1 has a new calculated value of 79784.2700779439.
INFO: Sample B01-0467 1.1 has a new calculated value of 17440.6740255654.
INFO: Sample G01-0387 1.2 has a new calculated value of 2483.10294002294.
INFO: Sample G01-0387 1.2 has a new calculated value of 2483.10294002294.
INFO: Sample G01-0387 1.2 has a new calculated value of 2483.10294002294.
INFO: Sample N02-0287 1.1 has a new calculated value of 17059.3744330108.
INFO: Sample N02-0287 1.1 has a new calculated value of 19496.956653893.
INFO: Sample N02-0287 1.1 has a new calculated value of 1350526.07774735.
INFO: Sample T01-0136 1.1 has a new calculated value of 0.
INFO: Sample T01-0136 1.1 has a new calculated value of 4294.74023636429.
INFO: Sample T01-0136 1.1 has a new calculated value of 0.
INFO: Sample N02-0275 1.1 has a new calculated value of 21914.4120812416.
INFO: Sample N02-0275 1.1 has a new calculated value of 38966.3683623076.
INFO: Sample N02-0275 1.1 has a new calculated value of 0.
INFO: Sample G01-0343 1.2 has a new calculated value of 16760.3985965252.
INFO: Sample G01-0343 1.2 has a new calculated value of 19155.2523896098.
INFO: Sample G01-0343 1.2 has a new calculated value of 0.
INFO: Sample N02-0256 1.1 has a new calculated value of 35117.6735758782.
INFO: Sample N02-0256 1.1 has a new calculated value of 28091.9373035431.
INFO: Sample N02-0256 1.1 has a new calculated value of 2340.32236039639.
INFO: Sample O01-0345 1.1 has a new calculated value of 15875.3399178386.
INFO: Sample O01-0345 1.1 has a new calculated value of 47642.9030299188.
INFO: Sample O01-0345 1.1 has a new calculated value of 3174.61787257344.
INFO: Sample N02-0289 1.1 has a new calculated value of 25621.1098283529.
INFO: Sample N02-0289 1.1 has a new calculated value of 33310.2987706661.
INFO: Sample N02-0289 1.1 has a new calculated value of 0.
INFO: Sample H01-0563 1.1 has a new calculated value of 193540.214896202.
INFO: Sample H01-0563 1.1 has a new calculated value of 200386.327207088.
INFO: Sample H01-0563 1.1 has a new calculated value of 0.
INFO: Sample A02-1255 1.1 has a new calculated value of 134358.816593885.
INFO: Sample A02-1255 1.1 has a new calculated value of 163971.892297268.
INFO: Sample A02-1255 1.1 has a new calculated value of 13417.7678637207.
INFO: Sample R02-0284 1.1 has a new calculated value of 7497.92017042635.
INFO: Sample R02-0284 1.1 has a new calculated value of 0.
INFO: Sample R02-0284 1.1 has a new calculated value of 19997.2418323159.
INFO: Sample A01-0547 1.1 has a new calculated value of 184165.012836456.
INFO: Sample A01-0547 1.1 has a new calculated value of 148786.991536617.
INFO: Sample A01-0547 1.1 has a new calculated value of 80636.7109715939.
INFO: Sample N02-0267 1.1 has a new calculated value of 23435.65877527.
INFO: Sample N02-0267 1.1 has a new calculated value of 23435.65877527.
INFO: Sample N02-0267 1.1 has a new calculated value of 0.
INFO: Sample H01-0564 1.1 has a new calculated value of 220246.784985065.
INFO: Sample H01-0564 1.1 has a new calculated value of 176110.745072365.
INFO: Sample H01-0564 1.1 has a new calculated value of 8789.11815583706.
INFO: Sample B01-0479 1.1 has a new calculated value of 114889.551401138.
INFO: Sample B01-0479 1.1 has a new calculated value of 190169.216394424.
INFO: Sample B01-0479 1.1 has a new calculated value of 4413.38660661133.
INFO: Sample O01-0329 1.1 has a new calculated value of 55170.5085486175.
INFO: Sample O01-0329 1.1 has a new calculated value of 69894.1185325384.
INFO: Sample O01-0329 1.1 has a new calculated value of 0.
INFO: Sample O01-0344 1.1 has a new calculated value of 13130.2393600344.
INFO: Sample O01-0344 1.1 has a new calculated value of 10941.5989369154.
INFO: Sample O01-0344 1.1 has a new calculated value of 6564.63925726713.
INFO: Sample A04-0413 1.1 has a new calculated value of 131376.207768917.
INFO: Sample A04-0413 1.1 has a new calculated value of 115268.615037203.
INFO: Sample A04-0413 1.1 has a new calculated value of 29459.1068476438.
INFO: Sample A02-1254 1.1 has a new calculated value of 0.
INFO: Sample A02-1254 1.1 has a new calculated value of 2576.02944038808.
INFO: Sample A02-1254 1.1 has a new calculated value of 20612.3825535178.
INFO: Sample H01-0561 1.1 has a new calculated value of 109681.492745876.
INFO: Sample H01-0561 1.1 has a new calculated value of 109681.492745876.
INFO: Sample H01-0561 1.1 has a new calculated value of 12889.7795453668.
INFO: Sample E01-0262 1.1 has a new calculated value of 54260.9944939612.
INFO: Sample E01-0262 1.1 has a new calculated value of 40099.6182113887.
INFO: Sample E01-0262 1.1 has a new calculated value of 4715.7400008291.
INFO: Sample G01-0395 1.2 has a new calculated value of 5135.37892140447.
INFO: Sample G01-0395 1.2 has a new calculated value of 5135.37892140447.
INFO: Sample G01-0395 1.2 has a new calculated value of 10271.3470906019.
INFO: Sample A02-1248 1.1 has a new calculated value of 16562.170330435.
INFO: Sample A02-1248 1.1 has a new calculated value of 26029.0179401636.
INFO: Sample A02-1248 1.1 has a new calculated value of 85242.1697974203.
INFO: Sample H01-0565 1.1 has a new calculated value of 111454.36629653.
INFO: Sample H01-0565 1.1 has a new calculated value of 131545.630842447.
INFO: Sample H01-0565 1.1 has a new calculated value of 6679.4507391751.
INFO: Sample N03-0309 1.1 has a new calculated value of 4551.45187675952.
INFO: Sample N03-0309 1.1 has a new calculated value of 2275.6680753082.
INFO: Sample N03-0309 1.1 has a new calculated value of 0.
INFO: Sample A02-1246 1.1 has a new calculated value of 50152.5762677192.
INFO: Sample A02-1246 1.1 has a new calculated value of 608556.264638901.
INFO: Sample A02-1246 1.1 has a new calculated value of 5897.38992042841.
INFO: Sample N03-0324 1.1 has a new calculated value of 0.
INFO: Sample N03-0324 1.1 has a new calculated value of 0.
INFO: Sample N03-0324 1.1 has a new calculated value of 2262.1127218008.
INFO: Sample O01-0340 1.1 has a new calculated value of 2491.66322406381.
INFO: Sample O01-0340 1.1 has a new calculated value of 14952.058698982.
INFO: Sample O01-0340 1.1 has a new calculated value of 2491.66322406381.
INFO: Sample N02-0252 1.1 has a new calculated value of 28530.1295667887.
INFO: Sample N02-0252 1.1 has a new calculated value of 52319.1183060408.
INFO: Sample N02-0252 1.1 has a new calculated value of 0.
INFO: Sample N02-0273 1.1 has a new calculated value of 43298.5775917769.
INFO: Sample N02-0273 1.1 has a new calculated value of 46006.1276704072.
INFO: Sample N02-0273 1.1 has a new calculated value of 0.
INFO: Sample B01-0420 1.1 has a new calculated value of 17570.9997117519.
INFO: Sample B01-0420 1.1 has a new calculated value of 70325.3757208584.
INFO: Sample B01-0420 1.1 has a new calculated value of 3513.64875677973.
INFO: Sample N03-0323 1.1 has a new calculated value of 2333.98369979113.
INFO: Sample N03-0323 1.1 has a new calculated value of 9336.66419237852.
INFO: Sample N03-0323 1.1 has a new calculated value of 2333.98369979113.
INFO: Sample A02-1199 1.3 has a new calculated value of 0.
INFO: Sample A02-1199 1.3 has a new calculated value of 0.
INFO: Sample A02-1199 1.3 has a new calculated value of 0.
INFO: Sample N02-0263 1.1 has a new calculated value of 9516.10129326583.
INFO: Sample N02-0263 1.1 has a new calculated value of 7136.88645511867.
INFO: Sample N02-0263 1.1 has a new calculated value of 2378.83580848575.
INFO: Sample H01-0567 1.1 has a new calculated value of 76020.6010937691.
INFO: Sample H01-0567 1.1 has a new calculated value of 123951.677083969.
INFO: Sample H01-0567 1.1 has a new calculated value of 2813.27918171883.
INFO: Sample O01-0333 1.1 has a new calculated value of 26772.6444080472.
INFO: Sample O01-0333 1.1 has a new calculated value of 24338.1061032414.
INFO: Sample O01-0333 1.1 has a new calculated value of 12167.3999726772.
INFO: Sample R01-0284 1.2 has a new calculated value of 2699.07074980438.
INFO: Sample R01-0284 1.2 has a new calculated value of 0.
INFO: Sample R01-0284 1.2 has a new calculated value of 29698.7215429544.
INFO: Sample A02-1240 1.1 has a new calculated value of 11268.0899910629.
INFO: Sample A02-1240 1.1 has a new calculated value of 7511.74572855234.
INFO: Sample A02-1240 1.1 has a new calculated value of 22539.0168651938.
INFO: Sample A02-1212 1.2 has a new calculated value of 194544.539451599.
INFO: Sample A02-1212 1.2 has a new calculated value of 657046.308517457.
INFO: Sample A02-1212 1.2 has a new calculated value of 7765.58677665889.
INFO: Sample G01-0376 1.2 has a new calculated value of 7632.43854045866.
INFO: Sample G01-0376 1.2 has a new calculated value of 12721.4542776346.
INFO: Sample G01-0376 1.2 has a new calculated value of 10176.8731512129.
INFO: Sample A01-0548 1.1 has a new calculated value of 126570.833623409.
INFO: Sample A01-0548 1.1 has a new calculated value of 123930.298537016.
INFO: Sample A01-0548 1.1 has a new calculated value of 81702.7674615382.
INFO: Sample T01-0139 1.1 has a new calculated value of 0.
INFO: Sample T01-0139 1.1 has a new calculated value of 0.
INFO: Sample T01-0139 1.1 has a new calculated value of 3627.41896882655.
INFO: Sample N02-0251 1.1 has a new calculated value of 38940.4074847696.
INFO: Sample N02-0251 1.1 has a new calculated value of 28552.9881343245.
INFO: Sample N02-0251 1.1 has a new calculated value of 5190.09986892342.
INFO: Sample A01-0546 1.1 has a new calculated value of 188093.67120266.
INFO: Sample A01-0546 1.1 has a new calculated value of 177766.703367233.
INFO: Sample A01-0546 1.1 has a new calculated value of 46305.9751689432.
INFO: Sample N02-0259 1.1 has a new calculated value of 43881.7226886751.
INFO: Sample N02-0259 1.1 has a new calculated value of 41571.0856765509.
INFO: Sample N02-0259 1.1 has a new calculated value of 2308.49342420697.
INFO: Sample G01-0339 1.2 has a new calculated value of 4904.37998436391.
INFO: Sample G01-0339 1.2 has a new calculated value of 4904.37998436391.
INFO: Sample G01-0339 1.2 has a new calculated value of 4904.37998436391.
INFO: Sample T01-0137 1.1 has a new calculated value of 4507.72756710649.
INFO: Sample T01-0137 1.1 has a new calculated value of 9015.90848341584.
INFO: Sample T01-0137 1.1 has a new calculated value of 4507.72756710649.
INFO: Sample H01-0562 1.1 has a new calculated value of 182227.89734602.
INFO: Sample H01-0562 1.1 has a new calculated value of 153946.857154369.
INFO: Sample H01-0562 1.1 has a new calculated value of 0.
INFO: Sample A02-1256 1.1 has a new calculated value of 0.
INFO: Sample A02-1256 1.1 has a new calculated value of 2461.28139551729.
INFO: Sample A02-1256 1.1 has a new calculated value of 4922.69815877079.
INFO: Sample A02-1258 1.1 has a new calculated value of 1038404.59227562.
INFO: Sample A02-1258 1.1 has a new calculated value of 939701.106548309.
INFO: Sample A02-1258 1.1 has a new calculated value of 20330.6626528501.
INFO: Sample N03-0319 1.1 has a new calculated value of 0.
INFO: Sample N03-0319 1.1 has a new calculated value of 0.
INFO: Sample N03-0319 1.1 has a new calculated value of 4327.71448977292.
INFO: Sample H01-0566 1.1 has a new calculated value of 45179.2102307081.
INFO: Sample H01-0566 1.1 has a new calculated value of 96868.4300780296.
INFO: Sample H01-0566 1.1 has a new calculated value of 9677.42566019296.
INFO: Sample R01-0258 1.2 has a new calculated value of 0.
INFO: Sample R01-0258 1.2 has a new calculated value of 0.
INFO: Sample R01-0258 1.2 has a new calculated value of 0.
INFO: Sample A04-0412 1.1 has a new calculated value of 296594.358086586.
INFO: Sample A04-0412 1.1 has a new calculated value of 284299.408793449.
INFO: Sample A04-0412 1.1 has a new calculated value of 7329.8958968371.
INFO: Sample A02-1249 1.1 has a new calculated value of 0.
INFO: Sample A02-1249 1.1 has a new calculated value of 2503.35581135005.
INFO: Sample A02-1249 1.1 has a new calculated value of 22535.2393090725.
INFO: Sample A02-1241 1.1 has a new calculated value of 0.
INFO: Sample A02-1241 1.1 has a new calculated value of 0.
INFO: Sample A02-1241 1.1 has a new calculated value of 30272.4131941795.
INFO: Sample E01-0263 1.1 has a new calculated value of 109304.467588663.
INFO: Sample E01-0263 1.1 has a new calculated value of 109304.467588663.
INFO: Sample E01-0263 1.1 has a new calculated value of 6968.92004460097.
INFO: Sample N02-0282 1.1 has a new calculated value of 37991.797104478.
INFO: Sample N02-0282 1.1 has a new calculated value of 30390.8594325185.
INFO: Sample N02-0282 1.1 has a new calculated value of 5063.71205672621.
INFO: Sample N03-0315 1.1 has a new calculated value of 0.
INFO: Sample N03-0315 1.1 has a new calculated value of 0.
INFO: Sample N03-0315 1.1 has a new calculated value of 0.
INFO: Sample N03-0322 1.1 has a new calculated value of 35120.5571740866.
INFO: Sample N03-0322 1.1 has a new calculated value of 25083.3038985729.
INFO: Sample N03-0322 1.1 has a new calculated value of 5015.53759910167.
INFO: Sample A02-1247 1.1 has a new calculated value of 0.
INFO: Sample A02-1247 1.1 has a new calculated value of 0.
INFO: Sample A02-1247 1.1 has a new calculated value of 14480.955619365.
INFO: Sample B01-0433 1.1 has a new calculated value of 50897.4916487934.
INFO: Sample B01-0433 1.1 has a new calculated value of 62651.275768876.
INFO: Sample B01-0433 1.1 has a new calculated value of 0.
INFO: Sample B01-0501 1.1 has a new calculated value of 186558.628678322.
INFO: Sample B01-0501 1.1 has a new calculated value of 149184.732735157.
INFO: Sample B01-0501 1.1 has a new calculated value of 13299.88963902.
LOW : WaTCH status of R02-0284 1.1 has been changed to Complete.
LOW : WaTCH status of A02-1247 1.1 has been changed to Complete.
LOW : WaTCH status of E01-0262 1.1 has been changed to Complete.
LOW : WaTCH status of H01-0564 1.1 has been changed to Complete.
LOW : WaTCH status of N02-0289 1.1 has been changed to Complete.
LOW : WaTCH status of N03-0315 1.1 has been changed to Complete.
LOW : WaTCH status of O01-0345 1.1 has been changed to Complete.
LOW : WaTCH status of A02-1254 1.1 has been changed to Complete.
LOW : WaTCH status of A02-1246 1.1 has been changed to Complete.
LOW : WaTCH status of O01-0329 1.1 has been changed to Complete.
LOW : WaTCH status of T01-0139 1.1 has been changed to Complete.
LOW : WaTCH status of O01-0340 1.1 has been changed to Complete.
LOW : WaTCH status of T01-0138 1.1 has been changed to Complete.
LOW : WaTCH status of A02-1240 1.1 has been changed to Complete.
LOW : WaTCH status of N02-0275 1.1 has been changed to Complete.
LOW : WaTCH status of N02-0256 1.1 has been changed to Complete.
LOW : WaTCH status of A04-0413 1.1 has been changed to Complete.
LOW : WaTCH status of H01-0562 1.1 has been changed to Complete.
LOW : WaTCH status of H01-0567 1.1 has been changed to Complete.
LOW : WaTCH status of N02-0319 1.1 has been changed to Complete.
LOW : WaTCH status of A01-0546 1.1 has been changed to Complete.
LOW : WaTCH status of A01-0545 1.1 has been changed to Complete.
LOW : WaTCH status of A02-1257 1.1 has been changed to Complete.
LOW : WaTCH status of N03-0323 1.1 has been changed to Complete.
LOW : WaTCH status of A02-1255 1.1 has been changed to Complete.
LOW : WaTCH status of H01-0566 1.1 has been changed to Complete.
LOW : WaTCH status of O01-0344 1.1 has been changed to Complete.
LOW : WaTCH status of A01-0547 1.1 has been changed to Complete.
LOW : WaTCH status of N02-0252 1.1 has been changed to Complete.
LOW : WaTCH status of N02-0263 1.1 has been changed to Complete.
LOW : WaTCH status of H01-0565 1.1 has been changed to Complete.
LOW : WaTCH status of A02-1256 1.1 has been changed to Complete.
LOW : WaTCH status of A02-1241 1.1 has been changed to Complete.
LOW : WaTCH status of T01-0136 1.1 has been changed to Complete.
LOW : WaTCH status of N03-0324 1.1 has been changed to Complete.
LOW : WaTCH status of O01-0333 1.1 has been changed to Complete.
LOW : WaTCH status of N02-0259 1.1 has been changed to Complete.
LOW : WaTCH status of B01-0479 1.1 has been changed to Complete.
LOW : WaTCH status of T01-0137 1.1 has been changed to Complete.
LOW : WaTCH status of N02-0287 1.1 has been changed to Complete.
LOW : WaTCH status of N03-0322 1.1 has been changed to Complete.
LOW : WaTCH status of B01-0501 1.1 has been changed to Complete.
LOW : WaTCH status of N02-0251 1.1 has been changed to Complete.
LOW : WaTCH status of A02-1248 1.1 has been changed to Complete.
LOW : WaTCH status of A02-1199 1.3 has been changed to Complete.
LOW : WaTCH status of R01-0284 1.2 has been changed to Complete.
LOW : WaTCH status of N03-0319 1.1 has been changed to Complete.
LOW : WaTCH status of N02-0273 1.1 has been changed to Complete.
LOW : WaTCH status of A02-1249 1.1 has been changed to Complete.
LOW : WaTCH status of B01-0467 1.1 has been changed to Complete.
LOW : WaTCH status of N03-0325 1.1 has been changed to Complete.
LOW : WaTCH status of N02-0267 1.1 has been changed to Complete.
LOW : WaTCH status of H01-0561 1.1 has been changed to Complete.
LOW : WaTCH status of A04-0412 1.1 has been changed to Complete.
LOW : WaTCH status of N03-0309 1.1 has been changed to Complete.
LOW : WaTCH status of H01-0563 1.1 has been changed to Complete.
LOW : WaTCH status of N02-0282 1.1 has been changed to Complete.
LOW : WaTCH status of B01-0420 1.1 has been changed to Complete.
LOW : WaTCH status of B01-0433 1.1 has been changed to Complete.
LOW : WaTCH status of A01-0548 1.1 has been changed to Complete.
LOW : WaTCH status of A02-1258 1.1 has been changed to Complete.
LOW : WaTCH status of E01-0263 1.1 has been changed to Complete.
#
# WaTCHdb update complete.
# 2023-05-09.09-19-06.
