# WaTCHdb update log.
# Command: 2_updateWaTCH.pl.
# Data output written to updates/watchdb/watchdb.2023-08-17.16-48-38.txt and updates/watchdb.LATEST.txt.
# Fatal errors and system warnings are NOT logged here; see STDERR for those.
#
# Run started 2023-08-17.16-48-38.
#
4 molecular targets added.
INFO: Finished WaTCHdb import. 9600 total assets present.
INFO: Finished AssetTiger import. 87 new assets added. 9687 total assets present.
INFO: Sample E01-0327 1.1 has a new calculated value of 2328.52599117905.
INFO: Sample E01-0327 1.1 has a new calculated value of 2328.52599117905.
INFO: Sample E01-0327 1.1 has a new calculated value of 0.
INFO: Sample L01-0489 1.1 has a new calculated value of 0.
INFO: Sample L01-0489 1.1 has a new calculated value of 0.
INFO: Sample L01-0489 1.1 has a new calculated value of 2868.1999957189.
INFO: Sample Q01-0429 1.1 has a new calculated value of 115430.351346731.
INFO: Sample Q01-0429 1.1 has a new calculated value of 112862.00389266.
INFO: Sample Q01-0429 1.1 has a new calculated value of 10248.4439313412.
INFO: Sample J01-0316 1.1 has a new calculated value of 227720.409035683.
INFO: Sample J01-0316 1.1 has a new calculated value of 297256.931662559.
INFO: Sample J01-0316 1.1 has a new calculated value of 0.
INFO: Sample O01-0420 1.1 has a new calculated value of 9651.37241408227.
INFO: Sample O01-0420 1.1 has a new calculated value of 9651.37241408227.
INFO: Sample O01-0420 1.1 has a new calculated value of 0.
INFO: Sample L01-0495 1.1 has a new calculated value of 0.
INFO: Sample L01-0495 1.1 has a new calculated value of 0.
INFO: Sample L01-0495 1.1 has a new calculated value of 2997.71374091506.
INFO: Sample J01-0317 1.1 has a new calculated value of 2431.23559746891.
INFO: Sample J01-0317 1.1 has a new calculated value of 4862.60337755084.
INFO: Sample J01-0317 1.1 has a new calculated value of 0.
INFO: Sample R02-0339 1.1 has a new calculated value of 23842.1505689621.
INFO: Sample R02-0339 1.1 has a new calculated value of 14303.7672154605.
INFO: Sample R02-0339 1.1 has a new calculated value of 2383.64428281784.
INFO: Sample H01-0658 1.1 has a new calculated value of 30013.5072693229.
INFO: Sample H01-0658 1.1 has a new calculated value of 20776.4418795705.
INFO: Sample H01-0658 1.1 has a new calculated value of 2308.01777914166.
INFO: Sample E01-0326 1.1 has a new calculated value of 2333.37613753974.
INFO: Sample E01-0326 1.1 has a new calculated value of 0.
INFO: Sample E01-0326 1.1 has a new calculated value of 0.
INFO: Sample T01-0191 1.1 has a new calculated value of 196502.022743225.
INFO: Sample T01-0191 1.1 has a new calculated value of 67785.1380407809.
INFO: Sample T01-0191 1.1 has a new calculated value of 0.
INFO: Sample K01-0302 1.1 has a new calculated value of 63070.1279640199.
INFO: Sample K01-0302 1.1 has a new calculated value of 50449.0008205177.
INFO: Sample K01-0302 1.1 has a new calculated value of 7563.73065523803.
INFO: Sample R01-0282 1.1 has a new calculated value of 0.
INFO: Sample R01-0282 1.1 has a new calculated value of 0.
INFO: Sample R01-0282 1.1 has a new calculated value of 19873.8713935017.
INFO: Sample R02-0338 1.1 has a new calculated value of 2570.41433360428.
INFO: Sample R02-0338 1.1 has a new calculated value of 7711.68599836529.
INFO: Sample R02-0338 1.1 has a new calculated value of 0.
INFO: Sample J01-0314 1.1 has a new calculated value of 14073.906429112.
INFO: Sample J01-0314 1.1 has a new calculated value of 21112.5190928579.
INFO: Sample J01-0314 1.1 has a new calculated value of 0.
INFO: Sample C01-0471 1.1 has a new calculated value of 43410.1418405772.
INFO: Sample C01-0471 1.1 has a new calculated value of 50649.2516398428.
INFO: Sample C01-0471 1.1 has a new calculated value of 4821.27268798651.
INFO: Sample K01-0310 1.1 has a new calculated value of 69243.7036335468.
INFO: Sample K01-0310 1.1 has a new calculated value of 61248.58148396.
INFO: Sample K01-0310 1.1 has a new calculated value of 15969.8223508894.
INFO: Sample L01-0488 1.1 has a new calculated value of 5706.63076825441.
INFO: Sample L01-0488 1.1 has a new calculated value of 5706.63076825441.
INFO: Sample L01-0488 1.1 has a new calculated value of 0.
INFO: Sample Q01-0428 1.1 has a new calculated value of 28437.6803040504.
INFO: Sample Q01-0428 1.1 has a new calculated value of 38783.1303477287.
INFO: Sample Q01-0428 1.1 has a new calculated value of 2584.4981521368.
INFO: Sample E01-0328 1.1 has a new calculated value of 9008.20579379795.
INFO: Sample E01-0328 1.1 has a new calculated value of 9008.20579379795.
INFO: Sample E01-0328 1.1 has a new calculated value of 0.
INFO: Sample H01-0656 1.1 has a new calculated value of 42461.4210426807.
INFO: Sample H01-0656 1.1 has a new calculated value of 44697.347804904.
INFO: Sample H01-0656 1.1 has a new calculated value of 0.
INFO: Sample R01-0338 1.1 has a new calculated value of 0.
INFO: Sample R01-0338 1.1 has a new calculated value of 16669.3274304271.
INFO: Sample R01-0338 1.1 has a new calculated value of 0.
INFO: Sample O01-0425 1.1 has a new calculated value of 31566.6752681136.
INFO: Sample O01-0425 1.1 has a new calculated value of 26708.8145390153.
INFO: Sample O01-0425 1.1 has a new calculated value of 0.
INFO: Sample A01-0631 1.1 has a new calculated value of 85657.5523316861.
INFO: Sample A01-0631 1.1 has a new calculated value of 105022.260546684.
INFO: Sample A01-0631 1.1 has a new calculated value of 49716.7070209981.
INFO: Sample K01-0305 1.1 has a new calculated value of 78561.7178678514.
INFO: Sample K01-0305 1.1 has a new calculated value of 70428.250953555.
INFO: Sample K01-0305 1.1 has a new calculated value of 2706.73309452832.
INFO: Sample G01-0472 1.1 has a new calculated value of 23178.6702945828.
INFO: Sample G01-0472 1.1 has a new calculated value of 27815.8423304558.
INFO: Sample G01-0472 1.1 has a new calculated value of 2317.32736341655.
INFO: Sample J01-0318 1.1 has a new calculated value of 4693.26789490878.
INFO: Sample J01-0318 1.1 has a new calculated value of 9387.02736049892.
INFO: Sample J01-0318 1.1 has a new calculated value of 0.
INFO: Sample O01-0410 1.1 has a new calculated value of 17263.1044685841.
INFO: Sample O01-0410 1.1 has a new calculated value of 19729.8040241003.
INFO: Sample O01-0410 1.1 has a new calculated value of 0.
INFO: Sample A04-0469 1.1 has a new calculated value of 62825.2641856671.
INFO: Sample A04-0469 1.1 has a new calculated value of 57989.4232749939.
INFO: Sample A04-0469 1.1 has a new calculated value of 19321.4712291956.
INFO: Sample N03-0418 1.1 has a new calculated value of 0.
INFO: Sample N03-0418 1.1 has a new calculated value of 0.
INFO: Sample N03-0418 1.1 has a new calculated value of 0.
INFO: Sample L01-0493 1.1 has a new calculated value of 8607.90534876287.
INFO: Sample L01-0493 1.1 has a new calculated value of 8607.90534876287.
INFO: Sample L01-0493 1.1 has a new calculated value of 2869.11810748279.
INFO: Sample C01-0474 1.1 has a new calculated value of 65330.8477252721.
INFO: Sample C01-0474 1.1 has a new calculated value of 74349.4731187822.
INFO: Sample C01-0474 1.1 has a new calculated value of 4502.51882895828.
INFO: Sample Q01-0424 1.1 has a new calculated value of 30635.3855878115.
INFO: Sample Q01-0424 1.1 has a new calculated value of 40065.8728927375.
INFO: Sample Q01-0424 1.1 has a new calculated value of 7067.84572452308.
INFO: Sample H01-0657 1.1 has a new calculated value of 17883.3965957165.
INFO: Sample H01-0657 1.1 has a new calculated value of 24591.510258615.
INFO: Sample H01-0657 1.1 has a new calculated value of 2235.03413144499.
INFO: Sample Q01-0426 1.1 has a new calculated value of 4740.43373018502.
INFO: Sample Q01-0426 1.1 has a new calculated value of 0.
INFO: Sample Q01-0426 1.1 has a new calculated value of 11852.0239368081.
INFO: Sample A04-0471 1.1 has a new calculated value of 270406.190156937.
INFO: Sample A04-0471 1.1 has a new calculated value of 337616.706490517.
INFO: Sample A04-0471 1.1 has a new calculated value of 25682.7844306827.
INFO: Sample R01-0298 1.1 has a new calculated value of 0.
INFO: Sample R01-0298 1.1 has a new calculated value of 0.
INFO: Sample R01-0298 1.1 has a new calculated value of 0.
INFO: Sample N03-0395 1.1 has a new calculated value of 5567.66118854283.
INFO: Sample N03-0395 1.1 has a new calculated value of 5567.66118854283.
INFO: Sample N03-0395 1.1 has a new calculated value of 0.
INFO: Sample G01-0463 1.1 has a new calculated value of 30039.8185104132.
INFO: Sample G01-0463 1.1 has a new calculated value of 39286.8936806916.
INFO: Sample G01-0463 1.1 has a new calculated value of 2310.04059780389.
INFO: Sample H01-0654 1.1 has a new calculated value of 2620.00882532447.
INFO: Sample H01-0654 1.1 has a new calculated value of 2620.00882532447.
INFO: Sample H01-0654 1.1 has a new calculated value of 7860.48592999579.
INFO: Sample Q01-0427 1.1 has a new calculated value of 15575.7100693881.
INFO: Sample Q01-0427 1.1 has a new calculated value of 10383.2054324448.
INFO: Sample Q01-0427 1.1 has a new calculated value of 5191.30225293337.
INFO: Sample E01-0329 1.1 has a new calculated value of 4036.14698443562.
INFO: Sample E01-0329 1.1 has a new calculated value of 16146.7686854303.
INFO: Sample E01-0329 1.1 has a new calculated value of 4036.14698443562.
INFO: Sample N03-0412 1.1 has a new calculated value of 0.
INFO: Sample N03-0412 1.1 has a new calculated value of 0.
INFO: Sample N03-0412 1.1 has a new calculated value of 2567.02775135636.
INFO: Sample T01-0189 1.1 has a new calculated value of 98055.4448068142.
INFO: Sample T01-0189 1.1 has a new calculated value of 34995.1758608222.
INFO: Sample T01-0189 1.1 has a new calculated value of 10495.683811605.
INFO: Sample C01-0475 1.1 has a new calculated value of 20485.1751029491.
INFO: Sample C01-0475 1.1 has a new calculated value of 30731.2769070267.
INFO: Sample C01-0475 1.1 has a new calculated value of 7680.84338866174.
INFO: Sample G01-0459 1.1 has a new calculated value of 136124.071329832.
INFO: Sample G01-0459 1.1 has a new calculated value of 129192.529767752.
INFO: Sample G01-0459 1.1 has a new calculated value of 2303.74626349658.
INFO: Sample Q01-0425 1.1 has a new calculated value of 18377.5344863534.
INFO: Sample Q01-0425 1.1 has a new calculated value of 20675.2568855882.
INFO: Sample Q01-0425 1.1 has a new calculated value of 4593.67705509066.
INFO: Sample O01-0424 1.1 has a new calculated value of 4665.65871611237.
INFO: Sample O01-0424 1.1 has a new calculated value of 4665.65871611237.
INFO: Sample O01-0424 1.1 has a new calculated value of 4665.65871611237.
INFO: Sample A04-0473 1.1 has a new calculated value of 99393.0011987687.
INFO: Sample A04-0473 1.1 has a new calculated value of 99393.0011987687.
INFO: Sample A04-0473 1.1 has a new calculated value of 7446.83344848456.
INFO: Sample A04-0470 1.1 has a new calculated value of 67049.9479025602.
INFO: Sample A04-0470 1.1 has a new calculated value of 73991.8814599514.
INFO: Sample A04-0470 1.1 has a new calculated value of 6931.55058659614.
INFO: Sample K01-0304 1.1 has a new calculated value of 34957.3769420385.
INFO: Sample K01-0304 1.1 has a new calculated value of 24198.3535140753.
INFO: Sample K01-0304 1.1 has a new calculated value of 2688.06084059179.
INFO: Sample R02-0335 1.1 has a new calculated value of 2376.81697122753.
INFO: Sample R02-0335 1.1 has a new calculated value of 9508.02488252519.
INFO: Sample R02-0335 1.1 has a new calculated value of 2376.81697122753.
INFO: Sample A01-0628 1.1 has a new calculated value of 148453.836143017.
INFO: Sample A01-0628 1.1 has a new calculated value of 150741.586983204.
INFO: Sample A01-0628 1.1 has a new calculated value of 22807.0640936494.
INFO: Sample B01-0526 1.1 has a new calculated value of 65213.9919251202.
INFO: Sample B01-0526 1.1 has a new calculated value of 60552.7000129222.
INFO: Sample B01-0526 1.1 has a new calculated value of 2327.43747532368.
INFO: Sample L01-0498 1.1 has a new calculated value of 0.
INFO: Sample L01-0498 1.1 has a new calculated value of 0.
INFO: Sample L01-0498 1.1 has a new calculated value of 3663.30017801372.
INFO: Sample A01-0629 1.1 has a new calculated value of 75311.2444281577.
INFO: Sample A01-0629 1.1 has a new calculated value of 86733.0877482891.
INFO: Sample A01-0629 1.1 has a new calculated value of 22808.2256019115.
INFO: Sample B01-0511 1.1 has a new calculated value of 58795.6416606903.
INFO: Sample B01-0511 1.1 has a new calculated value of 65584.7232788802.
INFO: Sample B01-0511 1.1 has a new calculated value of 6780.17707541585.
INFO: Sample H01-0655 1.1 has a new calculated value of 2511.35259401053.
INFO: Sample H01-0655 1.1 has a new calculated value of 0.
INFO: Sample H01-0655 1.1 has a new calculated value of 5022.84586429594.
INFO: Sample R02-0326 1.1 has a new calculated value of 2726.32983047515.
INFO: Sample R02-0326 1.1 has a new calculated value of 2726.32983047515.
INFO: Sample R02-0326 1.1 has a new calculated value of 0.
INFO: Sample N03-0402 1.1 has a new calculated value of 2810.98509673029.
INFO: Sample N03-0402 1.1 has a new calculated value of 2810.98509673029.
INFO: Sample N03-0402 1.1 has a new calculated value of 0.
INFO: Sample R01-0349 1.1 has a new calculated value of 0.
INFO: Sample R01-0349 1.1 has a new calculated value of 0.
INFO: Sample R01-0349 1.1 has a new calculated value of 19736.3229095936.
INFO: Sample A01-0630 1.1 has a new calculated value of 147517.477869987.
INFO: Sample A01-0630 1.1 has a new calculated value of 178018.132746219.
INFO: Sample A01-0630 1.1 has a new calculated value of 39758.4872692823.
INFO: Sample L01-0480 1.1 has a new calculated value of 0.
INFO: Sample L01-0480 1.1 has a new calculated value of 5394.40428838132.
INFO: Sample L01-0480 1.1 has a new calculated value of 0.
INFO: Sample B01-0506 1.1 has a new calculated value of 65118.5486465693.
INFO: Sample B01-0506 1.1 has a new calculated value of 55344.7262942791.
INFO: Sample B01-0506 1.1 has a new calculated value of 0.
INFO: Sample C01-0473 1.1 has a new calculated value of 84358.2513928412.
INFO: Sample C01-0473 1.1 has a new calculated value of 93487.5874221326.
INFO: Sample C01-0473 1.1 has a new calculated value of 6833.94514024257.
INFO: Sample L01-0494 1.1 has a new calculated value of 0.
INFO: Sample L01-0494 1.1 has a new calculated value of 0.
INFO: Sample L01-0494 1.1 has a new calculated value of 8010.36561839282.
INFO: Sample H01-0652 1.1 has a new calculated value of 134297.449886799.
INFO: Sample H01-0652 1.1 has a new calculated value of 145893.676578999.
INFO: Sample H01-0652 1.1 has a new calculated value of 0.
INFO: Sample B01-0514 1.1 has a new calculated value of 20907.8451991081.
INFO: Sample B01-0514 1.1 has a new calculated value of 25555.3582683206.
INFO: Sample B01-0514 1.1 has a new calculated value of 2322.61227909475.
INFO: Sample G01-0454 1.1 has a new calculated value of 53698.4125524759.
INFO: Sample G01-0454 1.1 has a new calculated value of 55937.2441470622.
INFO: Sample G01-0454 1.1 has a new calculated value of 2236.14972084761.
INFO: Sample T01-0190 1.1 has a new calculated value of 15019.7149626911.
INFO: Sample T01-0190 1.1 has a new calculated value of 3754.45681158452.
INFO: Sample T01-0190 1.1 has a new calculated value of 0.
INFO: Sample G01-0466 1.1 has a new calculated value of 2167.15358197689.
INFO: Sample G01-0466 1.1 has a new calculated value of 2167.15358197689.
INFO: Sample G01-0466 1.1 has a new calculated value of 0.
INFO: Sample A01-0627 1.1 has a new calculated value of 68082.4247002602.
INFO: Sample A01-0627 1.1 has a new calculated value of 65461.9558900593.
INFO: Sample A01-0627 1.1 has a new calculated value of 5233.43877866864.
INFO: Sample O01-0417 1.1 has a new calculated value of 2343.74955296517.
INFO: Sample O01-0417 1.1 has a new calculated value of 0.
INFO: Sample O01-0417 1.1 has a new calculated value of 2343.74955296517.
INFO: Sample C01-0472 1.1 has a new calculated value of 31678.3732920885.
INFO: Sample C01-0472 1.1 has a new calculated value of 29414.8909673095.
INFO: Sample C01-0472 1.1 has a new calculated value of 2261.99832279235.
INFO: Sample R01-0344 1.1 has a new calculated value of 0.
INFO: Sample R01-0344 1.1 has a new calculated value of 0.
INFO: Sample R01-0344 1.1 has a new calculated value of 25436.0881447792.
INFO: Sample J01-0315 1.1 has a new calculated value of 19739.5823523402.
INFO: Sample J01-0315 1.1 has a new calculated value of 32081.2404155731.
INFO: Sample J01-0315 1.1 has a new calculated value of 2466.97241440416.
INFO: Sample H01-0653 1.1 has a new calculated value of 0.
INFO: Sample H01-0653 1.1 has a new calculated value of 0.
INFO: Sample H01-0653 1.1 has a new calculated value of 0.
INFO: Sample N03-0385 1.1 has a new calculated value of 7955.14301396906.
INFO: Sample N03-0385 1.1 has a new calculated value of 3977.39499807356.
INFO: Sample N03-0385 1.1 has a new calculated value of 0.
INFO: Sample B01-0521 1.1 has a new calculated value of 94838.8016223908.
INFO: Sample B01-0521 1.1 has a new calculated value of 89842.2861099244.
INFO: Sample B01-0521 1.1 has a new calculated value of 2493.18836722523.
INFO: Sample R02-0332 1.1 has a new calculated value of 19510.7524842024.
INFO: Sample R02-0332 1.1 has a new calculated value of 29269.3159729242.
INFO: Sample R02-0332 1.1 has a new calculated value of 0.
INFO: Sample T01-0192 1.1 has a new calculated value of 46796.2633073329.
INFO: Sample T01-0192 1.1 has a new calculated value of 15593.3259241283.
INFO: Sample T01-0192 1.1 has a new calculated value of 0.
LOW : WaTCH status of J01-0314 1.1 has been changed to Complete.
LOW : WaTCH status of B01-0521 1.1 has been changed to Complete.
LOW : WaTCH status of A01-0627 1.1 has been changed to Complete.
LOW : WaTCH status of Q01-0426 1.1 has been changed to Complete.
LOW : WaTCH status of C01-0471 1.1 has been changed to Complete.
LOW : WaTCH status of L01-0494 1.1 has been changed to Complete.
LOW : WaTCH status of E01-0329 1.1 has been changed to Complete.
LOW : WaTCH status of C01-0475 1.1 has been changed to Complete.
LOW : WaTCH status of A04-0470 1.1 has been changed to Complete.
LOW : WaTCH status of T01-0190 1.1 has been changed to Complete.
LOW : WaTCH status of L01-0488 1.1 has been changed to Complete.
LOW : WaTCH status of O01-0420 1.1 has been changed to Complete.
LOW : WaTCH status of A01-0628 1.1 has been changed to Complete.
LOW : WaTCH status of C01-0473 1.1 has been changed to Complete.
LOW : WaTCH status of B01-0514 1.1 has been changed to Complete.
LOW : WaTCH status of O01-0424 1.1 has been changed to Complete.
LOW : WaTCH status of O01-0417 1.1 has been changed to Complete.
LOW : WaTCH status of C01-0472 1.1 has been changed to Complete.
LOW : WaTCH status of A04-0469 1.1 has been changed to Complete.
LOW : WaTCH status of N03-0395 1.1 has been changed to Complete.
LOW : WaTCH status of Q01-0427 1.1 has been changed to Complete.
LOW : WaTCH status of R02-0335 1.1 has been changed to Complete.
LOW : WaTCH status of K01-0305 1.1 has been changed to Complete.
LOW : WaTCH status of R02-0338 1.1 has been changed to Complete.
LOW : WaTCH status of A01-0630 1.1 has been changed to Complete.
LOW : WaTCH status of Q01-0428 1.1 has been changed to Complete.
LOW : WaTCH status of B01-0526 1.1 has been changed to Complete.
LOW : WaTCH status of R02-0332 1.1 has been changed to Complete.
LOW : WaTCH status of K01-0302 1.1 has been changed to Complete.
LOW : WaTCH status of Q01-0425 1.1 has been changed to Complete.
LOW : WaTCH status of H01-0654 1.1 has been changed to Complete.
LOW : WaTCH status of R01-0282 1.1 has been changed to Complete.
LOW : WaTCH status of R01-0338 1.1 has been changed to Complete.
LOW : WaTCH status of T01-0192 1.1 has been changed to Complete.
LOW : WaTCH status of O01-0410 1.1 has been changed to Complete.
LOW : WaTCH status of T01-0189 1.1 has been changed to Complete.
LOW : WaTCH status of J01-0318 1.1 has been changed to Complete.
LOW : WaTCH status of A04-0471 1.1 has been changed to Complete.
LOW : WaTCH status of C01-0474 1.1 has been changed to Complete.
LOW : WaTCH status of L01-0498 1.1 has been changed to Complete.
LOW : WaTCH status of E01-0328 1.1 has been changed to Complete.
LOW : WaTCH status of J01-0315 1.1 has been changed to Complete.
LOW : WaTCH status of G01-0463 1.1 has been changed to Complete.
LOW : WaTCH status of L01-0495 1.1 has been changed to Complete.
LOW : WaTCH status of H01-0656 1.1 has been changed to Complete.
LOW : WaTCH status of E01-0327 1.1 has been changed to Complete.
LOW : WaTCH status of R01-0349 1.1 has been changed to Complete.
LOW : WaTCH status of L01-0493 1.1 has been changed to Complete.
LOW : WaTCH status of O01-0425 1.1 has been changed to Complete.
LOW : WaTCH status of B01-0511 1.1 has been changed to Complete.
LOW : WaTCH status of A04-0473 1.1 has been changed to Complete.
LOW : WaTCH status of J01-0317 1.1 has been changed to Complete.
LOW : WaTCH status of T01-0191 1.1 has been changed to Complete.
LOW : WaTCH status of R01-0344 1.1 has been changed to Complete.
LOW : WaTCH status of L01-0480 1.1 has been changed to Complete.
LOW : WaTCH status of A01-0629 1.1 has been changed to Complete.
LOW : WaTCH status of L01-0489 1.1 has been changed to Complete.
LOW : WaTCH status of N03-0418 1.1 has been changed to Complete.
LOW : WaTCH status of H01-0652 1.1 has been changed to Complete.
LOW : WaTCH status of K01-0304 1.1 has been changed to Complete.
LOW : WaTCH status of R02-0339 1.1 has been changed to Complete.
LOW : WaTCH status of A01-0631 1.1 has been changed to Complete.
LOW : WaTCH status of G01-0454 1.1 has been changed to Complete.
LOW : WaTCH status of H01-0653 1.1 has been changed to Complete.
LOW : WaTCH status of G01-0472 1.1 has been changed to Complete.
LOW : WaTCH status of R02-0326 1.1 has been changed to Complete.
LOW : WaTCH status of G01-0466 1.1 has been changed to Complete.
LOW : WaTCH status of H01-0657 1.1 has been changed to Complete.
LOW : WaTCH status of N03-0402 1.1 has been changed to Complete.
LOW : WaTCH status of G01-0459 1.1 has been changed to Complete.
LOW : WaTCH status of Q01-0424 1.1 has been changed to Complete.
LOW : WaTCH status of E01-0326 1.1 has been changed to Complete.
LOW : WaTCH status of H01-0655 1.1 has been changed to Complete.
LOW : WaTCH status of N03-0385 1.1 has been changed to Complete.
LOW : WaTCH status of R01-0298 1.1 has been changed to Complete.
LOW : WaTCH status of B01-0506 1.1 has been changed to Complete.
LOW : WaTCH status of J01-0316 1.1 has been changed to Complete.
LOW : WaTCH status of H01-0658 1.1 has been changed to Complete.
LOW : WaTCH status of Q01-0429 1.1 has been changed to Complete.
LOW : WaTCH status of N03-0412 1.1 has been changed to Complete.
LOW : WaTCH status of K01-0310 1.1 has been changed to Complete.
#
# WaTCHdb update complete.
# 2023-08-17.16-48-39.
