# WaTCHdb update log.
# Command: 2_updateWaTCH.pl.
# Data output written to DB/INCREMENTAL/watchdb.2022-04-07.14-50-00.txt and DB/watchdb.LATEST.txt.
# Fatal errors and system warnings are NOT logged here; see STDERR for those.
#
# Run started 2022-04-07.14-50-00.
#
4 molecular targets added.
INFO: Finished WaTCHdb import. 2265 total assets present.
INFO: Finished AssetTiger import. 91 new assets added. 2356 total assets present.
INFO: Sample P01-0038 1.1 has a new calculated value of 0.
INFO: Sample P01-0038 1.1 has a new calculated value of 2870.17716094851.
INFO: Sample P01-0038 1.1 has a new calculated value of 2870.17716094851.
INFO: Sample P01-0034 1.1 has a new calculated value of 0.
INFO: Sample P01-0034 1.1 has a new calculated value of 8374.25745092334.
INFO: Sample P01-0034 1.1 has a new calculated value of 2791.23335145414.
INFO: Sample B01-0105 1.1 has a new calculated value of 3588.48959673198.
INFO: Sample B01-0105 1.1 has a new calculated value of 3588.48959673198.
INFO: Sample B01-0105 1.1 has a new calculated value of 7177.28655785321.
INFO: Sample P01-0035 1.1 has a new calculated value of 2884.79634560645.
INFO: Sample P01-0035 1.1 has a new calculated value of 0.
INFO: Sample P01-0035 1.1 has a new calculated value of 2884.79634560645.
INFO: Sample G01-0134 1.1 has a new calculated value of 26549.7728437185.
INFO: Sample G01-0134 1.1 has a new calculated value of 11797.8216335177.
INFO: Sample G01-0134 1.1 has a new calculated value of 29500.7852464914.
INFO: Sample A02-0425 1.2 has a new calculated value of 0.
INFO: Sample A02-0425 1.2 has a new calculated value of 0.
INFO: Sample A02-0425 1.2 has a new calculated value of 0.
INFO: Sample N02-0015 1.1 has a new calculated value of 2597.80957829207.
INFO: Sample N02-0015 1.1 has a new calculated value of 0.
INFO: Sample N02-0015 1.1 has a new calculated value of 0.
INFO: Sample A03-0271 1.1 has a new calculated value of 0.
INFO: Sample A03-0271 1.1 has a new calculated value of 0.
INFO: Sample A03-0271 1.1 has a new calculated value of 0.
INFO: Sample N03-0009 1.1 has a new calculated value of 2938.59865050763.
INFO: Sample N03-0009 1.1 has a new calculated value of 8816.41413085161.
INFO: Sample N03-0009 1.1 has a new calculated value of 0.
INFO: Sample N03-0015 1.1 has a new calculated value of 0.
INFO: Sample N03-0015 1.1 has a new calculated value of 6729.03036698698.
INFO: Sample N03-0015 1.1 has a new calculated value of 0.
INFO: Sample P01-0047 1.1 has a new calculated value of 0.
INFO: Sample P01-0047 1.1 has a new calculated value of 30033.5119664669.
INFO: Sample P01-0047 1.1 has a new calculated value of 7506.36074692012.
INFO: Sample A03-0290 1.1 has a new calculated value of 0.
INFO: Sample A03-0290 1.1 has a new calculated value of 109712.367206812.
INFO: Sample A03-0290 1.1 has a new calculated value of 0.
INFO: Sample L01-0056 1.1 has a new calculated value of 8481.58760927616.
INFO: Sample L01-0056 1.1 has a new calculated value of 16964.8919999599.
INFO: Sample L01-0056 1.1 has a new calculated value of 8481.58760927616.
INFO: Sample B01-0168 1.1 has a new calculated value of 0.
INFO: Sample B01-0168 1.1 has a new calculated value of 2968.57065986842.
INFO: Sample B01-0168 1.1 has a new calculated value of 5937.35153786838.
INFO: Sample E01-0086 1.1 has a new calculated value of 75219.5893228055.
INFO: Sample E01-0086 1.1 has a new calculated value of 14454.8248685897.
INFO: Sample E01-0086 1.1 has a new calculated value of 75219.5893228055.
INFO: Sample L01-0055 1.1 has a new calculated value of 2900.96987038851.
INFO: Sample L01-0055 1.1 has a new calculated value of 0.
INFO: Sample L01-0055 1.1 has a new calculated value of 2900.96987038851.
INFO: Sample E01-0085 1.1 has a new calculated value of 9434.27441641687.
INFO: Sample E01-0085 1.1 has a new calculated value of 3144.52217426151.
INFO: Sample E01-0085 1.1 has a new calculated value of 69234.0420931577.
INFO: Sample A03-0272 1.1 has a new calculated value of 2702.32859998941.
INFO: Sample A03-0272 1.1 has a new calculated value of 45963.2983803748.
INFO: Sample A03-0272 1.1 has a new calculated value of 10810.3591203689.
INFO: Sample G01-0140 1.1 has a new calculated value of 113402.820825577.
INFO: Sample G01-0140 1.1 has a new calculated value of 6292.11321473123.
INFO: Sample G01-0140 1.1 has a new calculated value of 85023.3305990695.
INFO: Sample N03-0025 1.1 has a new calculated value of 0.
INFO: Sample N03-0025 1.1 has a new calculated value of 3415.65233655274.
INFO: Sample N03-0025 1.1 has a new calculated value of 10247.7920427918.
INFO: Sample N02-0014 1.1 has a new calculated value of 0.
INFO: Sample N02-0014 1.1 has a new calculated value of 2657.94231556356.
INFO: Sample N02-0014 1.1 has a new calculated value of 5316.05291180311.
INFO: Sample G01-0135 1.1 has a new calculated value of 35218.6271175742.
INFO: Sample G01-0135 1.1 has a new calculated value of 0.
INFO: Sample G01-0135 1.1 has a new calculated value of 67261.2617164851.
INFO: Sample B01-0107 1.1 has a new calculated value of 0.
INFO: Sample B01-0107 1.1 has a new calculated value of 0.
INFO: Sample B01-0107 1.1 has a new calculated value of 6702.12881639601.
INFO: Sample P01-0039 1.1 has a new calculated value of 0.
INFO: Sample P01-0039 1.1 has a new calculated value of 5894.34865862131.
INFO: Sample P01-0039 1.1 has a new calculated value of 0.
INFO: Sample N03-0020 1.1 has a new calculated value of 3124.59577806294.
INFO: Sample N03-0020 1.1 has a new calculated value of 3124.59577806294.
INFO: Sample N03-0020 1.1 has a new calculated value of 3124.59577806294.
INFO: Sample N03-0005 1.1 has a new calculated value of 5603.17743569611.
INFO: Sample N03-0005 1.1 has a new calculated value of 11207.1033753455.
INFO: Sample N03-0005 1.1 has a new calculated value of 8405.04644438626.
INFO: Sample L01-0054 1.1 has a new calculated value of 0.
INFO: Sample L01-0054 1.1 has a new calculated value of 2980.81613145769.
INFO: Sample L01-0054 1.1 has a new calculated value of 0.
INFO: Sample L01-0062 1.1 has a new calculated value of 5286.54964640736.
INFO: Sample L01-0062 1.1 has a new calculated value of 5286.54964640736.
INFO: Sample L01-0062 1.1 has a new calculated value of 0.
INFO: Sample N03-0010 1.1 has a new calculated value of 3031.04419726878.
INFO: Sample N03-0010 1.1 has a new calculated value of 0.
INFO: Sample N03-0010 1.1 has a new calculated value of 3031.04419726878.
INFO: Sample N02-0019 1.1 has a new calculated value of 5365.04913121462.
INFO: Sample N02-0019 1.1 has a new calculated value of 2682.4388327077.
INFO: Sample N02-0019 1.1 has a new calculated value of 2682.4388327077.
INFO: Sample N02-0008 1.1 has a new calculated value of 13362.5909127295.
INFO: Sample N02-0008 1.1 has a new calculated value of 0.
INFO: Sample N02-0008 1.1 has a new calculated value of 21382.190734148.
INFO: Sample G01-0121 1.1 has a new calculated value of 39655.9560298921.
INFO: Sample G01-0121 1.1 has a new calculated value of 21348.5452160239.
INFO: Sample G01-0121 1.1 has a new calculated value of 140489.906966686.
INFO: Sample L01-0063 1.1 has a new calculated value of 16991.256326437.
INFO: Sample L01-0063 1.1 has a new calculated value of 2831.39748964459.
INFO: Sample L01-0063 1.1 has a new calculated value of 14158.90250355.
INFO: Sample M03-0026 1.1 has a new calculated value of 0.
INFO: Sample M03-0026 1.1 has a new calculated value of 5266.62033051254.
INFO: Sample M03-0026 1.1 has a new calculated value of 5266.62033051254.
INFO: Sample L01-0060 1.1 has a new calculated value of 0.
INFO: Sample L01-0060 1.1 has a new calculated value of 5263.64436373115.
INFO: Sample L01-0060 1.1 has a new calculated value of 0.
INFO: Sample A03-0257 1.1 has a new calculated value of 0.
INFO: Sample A03-0257 1.1 has a new calculated value of 149963.533580303.
INFO: Sample A03-0257 1.1 has a new calculated value of 0.
INFO: Sample E01-0087 1.1 has a new calculated value of 29147.8990763426.
INFO: Sample E01-0087 1.1 has a new calculated value of 14571.4163035154.
INFO: Sample E01-0087 1.1 has a new calculated value of 34979.912750423.
INFO: Sample N02-0020 1.1 has a new calculated value of 3034.77530367672.
INFO: Sample N02-0020 1.1 has a new calculated value of 0.
INFO: Sample N02-0020 1.1 has a new calculated value of 12140.4209174216.
INFO: Sample G01-0145 1.1 has a new calculated value of 92732.0252358914.
INFO: Sample G01-0145 1.1 has a new calculated value of 3087.76380959898.
INFO: Sample G01-0145 1.1 has a new calculated value of 229111.195206642.
INFO: Sample L01-0064 1.1 has a new calculated value of 0.
INFO: Sample L01-0064 1.1 has a new calculated value of 18036.9089171291.
INFO: Sample L01-0064 1.1 has a new calculated value of 3005.61258103698.
LOW : WaTCH status of P01-0035 1.1 has been changed to Complete.
LOW : WaTCH status of P01-0034 1.1 has been changed to Complete.
LOW : WaTCH status of L01-0056 1.1 has been changed to Complete.
LOW : WaTCH status of G01-0140 1.1 has been changed to Complete.
LOW : WaTCH status of L01-0054 1.1 has been changed to Complete.
LOW : WaTCH status of N03-0025 1.1 has been changed to Complete.
LOW : WaTCH status of N03-0005 1.1 has been changed to Complete.
LOW : WaTCH status of A03-0272 1.1 has been changed to Complete.
LOW : WaTCH status of P01-0047 1.1 has been changed to Complete.
LOW : WaTCH status of N02-0014 1.1 has been changed to Complete.
LOW : WaTCH status of B01-0107 1.1 has been changed to Complete.
LOW : WaTCH status of N02-0008 1.1 has been changed to Complete.
LOW : WaTCH status of N02-0015 1.1 has been changed to Complete.
LOW : WaTCH status of A03-0290 1.1 has been changed to Complete.
LOW : WaTCH status of E01-0086 1.1 has been changed to Complete.
LOW : WaTCH status of G01-0145 1.1 has been changed to Complete.
LOW : WaTCH status of L01-0063 1.1 has been changed to Complete.
LOW : WaTCH status of G01-0134 1.1 has been changed to Complete.
LOW : WaTCH status of N03-0020 1.1 has been changed to Complete.
LOW : WaTCH status of P01-0038 1.1 has been changed to Complete.
LOW : WaTCH status of N03-0010 1.1 has been changed to Complete.
LOW : WaTCH status of A03-0257 1.1 has been changed to Complete.
LOW : WaTCH status of B01-0105 1.1 has been changed to Complete.
LOW : WaTCH status of G01-0121 1.1 has been changed to Complete.
LOW : WaTCH status of N03-0009 1.1 has been changed to Complete.
LOW : WaTCH status of L01-0055 1.1 has been changed to Complete.
LOW : WaTCH status of E01-0085 1.1 has been changed to Complete.
LOW : WaTCH status of M03-0026 1.1 has been changed to Complete.
LOW : WaTCH status of A03-0271 1.1 has been changed to Complete.
LOW : WaTCH status of L01-0064 1.1 has been changed to Complete.
LOW : WaTCH status of N03-0015 1.1 has been changed to Complete.
LOW : WaTCH status of L01-0060 1.1 has been changed to Complete.
LOW : WaTCH status of N02-0020 1.1 has been changed to Complete.
LOW : WaTCH status of B01-0168 1.1 has been changed to Complete.
LOW : WaTCH status of N02-0019 1.1 has been changed to Complete.
LOW : WaTCH status of P01-0039 1.1 has been changed to Complete.
LOW : WaTCH status of E01-0087 1.1 has been changed to Complete.
LOW : WaTCH status of L01-0062 1.1 has been changed to Complete.
LOW : WaTCH status of G01-0135 1.1 has been changed to Complete.
#
# WaTCHdb update complete.
# 2022-04-07.14-50-01.
