# WaTCHdb update log.
# Command: 2_updateWaTCH.pl.
# Data output written to DB/INCREMENTAL/watchdb.2022-04-22.12-42-15.txt and DB/watchdb.LATEST.txt.
# Fatal errors and system warnings are NOT logged here; see STDERR for those.
#
# Run started 2022-04-22.12-42-15.
#
4 molecular targets added.
INFO: Finished WaTCHdb import. 2610 total assets present.
INFO: Finished AssetTiger import. 0 new assets added. 2610 total assets present.
INFO: Sample R01-0021 1.1 has a new calculated value of 5765.42601920663.
INFO: Sample R01-0021 1.1 has a new calculated value of 8648.4365724027.
INFO: Sample R01-0021 1.1 has a new calculated value of 2882.61400535703.
INFO: Sample L01-0081 1.1 has a new calculated value of 2809.00527723134.
INFO: Sample L01-0081 1.1 has a new calculated value of 0.
INFO: Sample L01-0081 1.1 has a new calculated value of 0.
INFO: Sample L01-0087 1.1 has a new calculated value of 2833.88666342944.
INFO: Sample L01-0087 1.1 has a new calculated value of 2833.88666342944.
INFO: Sample L01-0087 1.1 has a new calculated value of 0.
INFO: Sample R01-0022 1.1 has a new calculated value of 0.
INFO: Sample R01-0022 1.1 has a new calculated value of 0.
INFO: Sample R01-0022 1.1 has a new calculated value of 0.
INFO: Sample L01-0097 1.1 has a new calculated value of 49367.5708025695.
INFO: Sample L01-0097 1.1 has a new calculated value of 10388.3419744671.
INFO: Sample L01-0097 1.1 has a new calculated value of 41568.8221156598.
INFO: Sample O01-0015 1.1 has a new calculated value of 11607.4956580996.
INFO: Sample O01-0015 1.1 has a new calculated value of 2901.57265495509.
INFO: Sample O01-0015 1.1 has a new calculated value of 17412.4495871365.
INFO: Sample L01-0091 1.1 has a new calculated value of 8168.60784776508.
INFO: Sample L01-0091 1.1 has a new calculated value of 32683.9867606759.
INFO: Sample L01-0091 1.1 has a new calculated value of 5445.56161388754.
INFO: Sample L01-0082 1.1 has a new calculated value of 41454.3870091437.
INFO: Sample L01-0082 1.1 has a new calculated value of 2762.35065422952.
INFO: Sample L01-0082 1.1 has a new calculated value of 41454.3870091437.
INFO: Sample N03-0068 1.1 has a new calculated value of 0.
INFO: Sample N03-0068 1.1 has a new calculated value of 5840.13998508453.
INFO: Sample N03-0068 1.1 has a new calculated value of 0.
INFO: Sample M03-0061 1.1 has a new calculated value of 0.
INFO: Sample M03-0061 1.1 has a new calculated value of 2515.1837663725.
INFO: Sample M03-0061 1.1 has a new calculated value of 5030.51882609724.
INFO: Sample O01-0020 1.1 has a new calculated value of 2759.25896130502.
INFO: Sample O01-0020 1.1 has a new calculated value of 0.
INFO: Sample O01-0020 1.1 has a new calculated value of 2759.25896130502.
INFO: Sample A02-0461 1.2 has a new calculated value of 24171.9615831971.
INFO: Sample A02-0461 1.2 has a new calculated value of 33844.6520268917.
INFO: Sample A02-0461 1.2 has a new calculated value of 38681.8349361421.
INFO: Sample J01-0030 1.1 has a new calculated value of 0.
INFO: Sample J01-0030 1.1 has a new calculated value of 0.
INFO: Sample J01-0030 1.1 has a new calculated value of 0.
INFO: Sample L01-0076 1.1 has a new calculated value of 0.
INFO: Sample L01-0076 1.1 has a new calculated value of 2618.25806926936.
INFO: Sample L01-0076 1.1 has a new calculated value of 0.
INFO: Sample M04-0027 1.1 has a new calculated value of 0.
INFO: Sample M04-0027 1.1 has a new calculated value of 3100.78512411565.
INFO: Sample M04-0027 1.1 has a new calculated value of 0.
INFO: Sample M03-0029 1.1 has a new calculated value of 0.
INFO: Sample M03-0029 1.1 has a new calculated value of 0.
INFO: Sample M03-0029 1.1 has a new calculated value of 0.
INFO: Sample L01-0092 1.1 has a new calculated value of 2528.53712998331.
INFO: Sample L01-0092 1.1 has a new calculated value of 5057.22661502659.
INFO: Sample L01-0092 1.1 has a new calculated value of 2528.53712998331.
INFO: Sample M04-0048 1.1 has a new calculated value of 0.
INFO: Sample M04-0048 1.1 has a new calculated value of 2574.35380015522.
INFO: Sample M04-0048 1.1 has a new calculated value of 0.
INFO: Sample J01-0029 1.1 has a new calculated value of 0.
INFO: Sample J01-0029 1.1 has a new calculated value of 2600.87287053466.
INFO: Sample J01-0029 1.1 has a new calculated value of 0.
INFO: Sample A03-0299 1.2 has a new calculated value of 0.
INFO: Sample A03-0299 1.2 has a new calculated value of 8625.59446133672.
INFO: Sample A03-0299 1.2 has a new calculated value of 0.
INFO: Sample D01-0037 1.1 has a new calculated value of 216518.814861774.
INFO: Sample D01-0037 1.1 has a new calculated value of 18514.9895399809.
INFO: Sample D01-0037 1.1 has a new calculated value of 176223.523914814.
INFO: Sample L01-0100 1.1 has a new calculated value of 8063.83162736893.
INFO: Sample L01-0100 1.1 has a new calculated value of 13440.5818395317.
INFO: Sample L01-0100 1.1 has a new calculated value of 5375.71504712105.
INFO: Sample D01-0042 1.1 has a new calculated value of 119678.86403203.
INFO: Sample D01-0042 1.1 has a new calculated value of 35613.2999807596.
INFO: Sample D01-0042 1.1 has a new calculated value of 63616.4233088493.
INFO: Sample M04-0032 1.1 has a new calculated value of 0.
INFO: Sample M04-0032 1.1 has a new calculated value of 0.
INFO: Sample M04-0032 1.1 has a new calculated value of 0.
INFO: Sample L01-0077 1.1 has a new calculated value of 10752.1202042699.
INFO: Sample L01-0077 1.1 has a new calculated value of 56479.4328063726.
INFO: Sample L01-0077 1.1 has a new calculated value of 2687.77152523398.
INFO: Sample M04-0037 1.1 has a new calculated value of 0.
INFO: Sample M04-0037 1.1 has a new calculated value of 0.
INFO: Sample M04-0037 1.1 has a new calculated value of 0.
INFO: Sample N02-0071 1.1 has a new calculated value of 22273.0888053775.
INFO: Sample N02-0071 1.1 has a new calculated value of 0.
INFO: Sample N02-0071 1.1 has a new calculated value of 17322.490029037.
INFO: Sample M03-0056 1.1 has a new calculated value of 0.
INFO: Sample M03-0056 1.1 has a new calculated value of 5513.25503736734.
INFO: Sample M03-0056 1.1 has a new calculated value of 0.
INFO: Sample J01-0027 1.1 has a new calculated value of 0.
INFO: Sample J01-0027 1.1 has a new calculated value of 0.
INFO: Sample J01-0027 1.1 has a new calculated value of 0.
INFO: Sample J01-0028 1.1 has a new calculated value of 0.
INFO: Sample J01-0028 1.1 has a new calculated value of 0.
INFO: Sample J01-0028 1.1 has a new calculated value of 0.
INFO: Sample A02-0454 1.2 has a new calculated value of 80972.4739193916.
INFO: Sample A02-0454 1.2 has a new calculated value of 0.
INFO: Sample A02-0454 1.2 has a new calculated value of 17033.8403619826.
INFO: Sample M03-0034 1.1 has a new calculated value of 0.
INFO: Sample M03-0034 1.1 has a new calculated value of 15384.4158165157.
INFO: Sample M03-0034 1.1 has a new calculated value of 0.
INFO: Sample L01-0098 1.1 has a new calculated value of 5273.24644848704.
INFO: Sample L01-0098 1.1 has a new calculated value of 7910.11917404831.
INFO: Sample L01-0098 1.1 has a new calculated value of 5273.24644848704.
INFO: Sample L01-0094 1.1 has a new calculated value of 5845.84241732953.
INFO: Sample L01-0094 1.1 has a new calculated value of 49715.6665474178.
INFO: Sample L01-0094 1.1 has a new calculated value of 5845.84241732953.
INFO: Sample N03-0066 1.1 has a new calculated value of 0.
INFO: Sample N03-0066 1.1 has a new calculated value of 23676.734380424.
INFO: Sample N03-0066 1.1 has a new calculated value of 0.
INFO: Sample L01-0083 1.1 has a new calculated value of 8249.53545816243.
INFO: Sample L01-0083 1.1 has a new calculated value of 8249.53545816243.
INFO: Sample L01-0083 1.1 has a new calculated value of 5499.51016902923.
INFO: Sample R01-0011 1.1 has a new calculated value of 0.
INFO: Sample R01-0011 1.1 has a new calculated value of 0.
INFO: Sample R01-0011 1.1 has a new calculated value of 0.
INFO: Sample A02-0456 1.2 has a new calculated value of 0.
INFO: Sample A02-0456 1.2 has a new calculated value of 0.
INFO: Sample A02-0456 1.2 has a new calculated value of 0.
INFO: Sample N02-0052 1.1 has a new calculated value of 5752.7640927583.
INFO: Sample N02-0052 1.1 has a new calculated value of 0.
INFO: Sample N02-0052 1.1 has a new calculated value of 8629.44262102245.
INFO: Sample N03-0073 1.1 has a new calculated value of 0.
INFO: Sample N03-0073 1.1 has a new calculated value of 8462.7491980791.
INFO: Sample N03-0073 1.1 has a new calculated value of 5641.64257608352.
INFO: Sample O01-0002 1.1 has a new calculated value of 7225.54329782725.
INFO: Sample O01-0002 1.1 has a new calculated value of 0.
INFO: Sample O01-0002 1.1 has a new calculated value of 7225.54329782725.
INFO: Sample N03-0054 1.1 has a new calculated value of 0.
INFO: Sample N03-0054 1.1 has a new calculated value of 8592.87846833469.
INFO: Sample N03-0054 1.1 has a new calculated value of 0.
INFO: Sample O01-0008 1.1 has a new calculated value of 6473.69284182788.
INFO: Sample O01-0008 1.1 has a new calculated value of 0.
INFO: Sample O01-0008 1.1 has a new calculated value of 4315.68401399999.
INFO: Sample O01-0014 1.1 has a new calculated value of 11132.2381161153.
INFO: Sample O01-0014 1.1 has a new calculated value of 2226.21120745316.
INFO: Sample O01-0014 1.1 has a new calculated value of 17813.0011260509.
INFO: Sample L01-0099 1.1 has a new calculated value of 0.
INFO: Sample L01-0099 1.1 has a new calculated value of 2580.53532801568.
INFO: Sample L01-0099 1.1 has a new calculated value of 0.
INFO: Sample N03-0072 1.1 has a new calculated value of 0.
INFO: Sample N03-0072 1.1 has a new calculated value of 8962.20836788416.
INFO: Sample N03-0072 1.1 has a new calculated value of 0.
INFO: Sample N03-0067 1.1 has a new calculated value of 40760.9517127275.
INFO: Sample N03-0067 1.1 has a new calculated value of 5432.50367045403.
INFO: Sample N03-0067 1.1 has a new calculated value of 48917.8993552922.
INFO: Sample N02-0064 1.1 has a new calculated value of 5336.69888041915.
INFO: Sample N02-0064 1.1 has a new calculated value of 0.
INFO: Sample N02-0064 1.1 has a new calculated value of 13343.0215157568.
INFO: Sample R01-0004 1.1 has a new calculated value of 0.
INFO: Sample R01-0004 1.1 has a new calculated value of 8116.40527099372.
INFO: Sample R01-0004 1.1 has a new calculated value of 5410.76201945544.
INFO: Sample N02-0054 1.1 has a new calculated value of 5688.3502844721.
INFO: Sample N02-0054 1.1 has a new calculated value of 0.
INFO: Sample N02-0054 1.1 has a new calculated value of 8532.81447663905.
INFO: Sample L01-0088 1.1 has a new calculated value of 0.
INFO: Sample L01-0088 1.1 has a new calculated value of 0.
INFO: Sample L01-0088 1.1 has a new calculated value of 0.
INFO: Sample M04-0038 1.1 has a new calculated value of 2619.40338648856.
INFO: Sample M04-0038 1.1 has a new calculated value of 0.
INFO: Sample M04-0038 1.1 has a new calculated value of 0.
LOW : WaTCH status of O01-0014 1.1 has been changed to Complete.
LOW : WaTCH status of O01-0008 1.1 has been changed to Complete.
LOW : WaTCH status of M04-0038 1.1 has been changed to Complete.
LOW : WaTCH status of M04-0032 1.1 has been changed to Complete.
LOW : WaTCH status of L01-0082 1.1 has been changed to Complete.
LOW : WaTCH status of D01-0037 1.1 has been changed to Complete.
LOW : WaTCH status of M04-0037 1.1 has been changed to Complete.
LOW : WaTCH status of J01-0028 1.1 has been changed to Complete.
LOW : WaTCH status of M03-0056 1.1 has been changed to Complete.
LOW : WaTCH status of A02-0454 1.2 has been changed to Complete.
LOW : WaTCH status of L01-0097 1.1 has been changed to Complete.
LOW : WaTCH status of L01-0083 1.1 has been changed to Complete.
LOW : WaTCH status of D01-0042 1.1 has been changed to Complete.
LOW : WaTCH status of O01-0002 1.1 has been changed to Complete.
LOW : WaTCH status of M04-0027 1.1 has been changed to Complete.
LOW : WaTCH status of J01-0029 1.1 has been changed to Complete.
LOW : WaTCH status of N03-0054 1.1 has been changed to Complete.
LOW : WaTCH status of R01-0021 1.1 has been changed to Complete.
LOW : WaTCH status of L01-0098 1.1 has been changed to Complete.
LOW : WaTCH status of L01-0099 1.1 has been changed to Complete.
LOW : WaTCH status of R01-0022 1.1 has been changed to Complete.
LOW : WaTCH status of N02-0052 1.1 has been changed to Complete.
LOW : WaTCH status of R01-0004 1.1 has been changed to Complete.
LOW : WaTCH status of L01-0091 1.1 has been changed to Complete.
LOW : WaTCH status of N02-0071 1.1 has been changed to Complete.
LOW : WaTCH status of L01-0092 1.1 has been changed to Complete.
LOW : WaTCH status of N03-0073 1.1 has been changed to Complete.
LOW : WaTCH status of L01-0088 1.1 has been changed to Complete.
LOW : WaTCH status of N02-0064 1.1 has been changed to Complete.
LOW : WaTCH status of O01-0020 1.1 has been changed to Complete.
LOW : WaTCH status of N03-0072 1.1 has been changed to Complete.
LOW : WaTCH status of O01-0015 1.1 has been changed to Complete.
LOW : WaTCH status of L01-0100 1.1 has been changed to Complete.
LOW : WaTCH status of N03-0066 1.1 has been changed to Complete.
LOW : WaTCH status of M03-0061 1.1 has been changed to Complete.
LOW : WaTCH status of L01-0081 1.1 has been changed to Complete.
LOW : WaTCH status of R01-0011 1.1 has been changed to Complete.
LOW : WaTCH status of N03-0067 1.1 has been changed to Complete.
LOW : WaTCH status of L01-0077 1.1 has been changed to Complete.
LOW : WaTCH status of M03-0034 1.1 has been changed to Complete.
LOW : WaTCH status of L01-0087 1.1 has been changed to Complete.
LOW : WaTCH status of M03-0029 1.1 has been changed to Complete.
LOW : WaTCH status of N02-0054 1.1 has been changed to Complete.
LOW : WaTCH status of J01-0027 1.1 has been changed to Complete.
LOW : WaTCH status of N03-0068 1.1 has been changed to Complete.
LOW : WaTCH status of J01-0030 1.1 has been changed to Complete.
LOW : WaTCH status of L01-0076 1.1 has been changed to Complete.
LOW : WaTCH status of L01-0094 1.1 has been changed to Complete.
LOW : WaTCH status of M04-0048 1.1 has been changed to Complete.
#
# WaTCHdb update complete.
# 2022-04-22.12-42-16.
