# WaTCHdb update log.
# Command: 2_updateWaTCH.pl.
# Data output written to updates/watchdb/watchdb.2023-10-27.12-56-45.txt and updates/watchdb.LATEST.txt.
# Fatal errors and system warnings are NOT logged here; see STDERR for those.
#
# Run started 2023-10-27.12-56-45.
#
4 molecular targets added.
INFO: Finished WaTCHdb import. 10438 total assets present.
INFO: Finished AssetTiger import. 37 new assets added. 10475 total assets present.
INFO: Sample A04-0515 1.1 has a new calculated value of 192780.219018459.
INFO: Sample A04-0515 1.1 has a new calculated value of 195289.314687252.
INFO: Sample A04-0515 1.1 has a new calculated value of 9994.16068196298.
INFO: Sample L01-0546 1.1 has a new calculated value of 1670391.13283157.
INFO: Sample L01-0546 1.1 has a new calculated value of 1506547.03617096.
INFO: Sample L01-0546 1.1 has a new calculated value of 24976.118132472.
INFO: Sample E01-0369 1.1 has a new calculated value of 95573.3674764634.
INFO: Sample E01-0369 1.1 has a new calculated value of 110682.555735111.
INFO: Sample E01-0369 1.1 has a new calculated value of 0.
INFO: Sample R01-0433 1.1 has a new calculated value of 2280.18431458622.
INFO: Sample R01-0433 1.1 has a new calculated value of 2280.18431458622.
INFO: Sample R01-0433 1.1 has a new calculated value of 11402.0817540586.
INFO: Sample B01-0580 1.1 has a new calculated value of 283916.39560461.
INFO: Sample B01-0580 1.1 has a new calculated value of 278784.830868244.
INFO: Sample B01-0580 1.1 has a new calculated value of 2549.79198798537.
INFO: Sample A01-0699 1.1 has a new calculated value of 226478.754580021.
INFO: Sample A01-0699 1.1 has a new calculated value of 201865.413486957.
INFO: Sample A01-0699 1.1 has a new calculated value of 13610.9477095306.
INFO: Sample H01-0736 1.1 has a new calculated value of 59179.6528548002.
INFO: Sample H01-0736 1.1 has a new calculated value of 76455.1113545896.
INFO: Sample H01-0736 1.1 has a new calculated value of 2464.25895486027.
INFO: Sample A02-1297 1.1 has a new calculated value of 32788.7730672956.
INFO: Sample A02-1297 1.1 has a new calculated value of 27322.3117366433.
INFO: Sample A02-1297 1.1 has a new calculated value of 16391.3872092962.
INFO: Sample M03-0344 1.1 has a new calculated value of 695166.746377944.
INFO: Sample M03-0344 1.1 has a new calculated value of 629616.672992706.
INFO: Sample M03-0344 1.1 has a new calculated value of 18088.3571505547.
INFO: Sample G01-0511 1.1 has a new calculated value of 284892.062544823.
INFO: Sample G01-0511 1.1 has a new calculated value of 243714.670836925.
INFO: Sample G01-0511 1.1 has a new calculated value of 0.
INFO: Sample A01-0702 1.1 has a new calculated value of 63501.4658421278.
INFO: Sample A01-0702 1.1 has a new calculated value of 129859.944730997.
INFO: Sample A01-0702 1.1 has a new calculated value of 22077.2610604763.
INFO: Sample A02-1298 1.1 has a new calculated value of 0.
INFO: Sample A02-1298 1.1 has a new calculated value of 2759.57269594073.
INFO: Sample A02-1298 1.1 has a new calculated value of 2759.57269594073.
INFO: Sample E01-0371 1.1 has a new calculated value of 97298.7614572048.
INFO: Sample E01-0371 1.1 has a new calculated value of 99931.3889443875.
INFO: Sample E01-0371 1.1 has a new calculated value of 2626.92027725279.
INFO: Sample B01-0594 1.1 has a new calculated value of 103861.890435219.
INFO: Sample B01-0594 1.1 has a new calculated value of 81042.3088073732.
INFO: Sample B01-0594 1.1 has a new calculated value of 10122.2769543529.
INFO: Sample A01-0700 1.1 has a new calculated value of 194077.150225639.
INFO: Sample A01-0700 1.1 has a new calculated value of 211995.005607605.
INFO: Sample A01-0700 1.1 has a new calculated value of 20389.6362707019.
INFO: Sample H01-0734 1.1 has a new calculated value of 119212.145805359.
INFO: Sample H01-0734 1.1 has a new calculated value of 89379.3560564516.
INFO: Sample H01-0734 1.1 has a new calculated value of 9922.24059998988.
INFO: Sample A02-1307 1.1 has a new calculated value of 76702.9988765718.
INFO: Sample A02-1307 1.1 has a new calculated value of 71905.2180647849.
INFO: Sample A02-1307 1.1 has a new calculated value of 28748.2404336333.
INFO: Sample E01-0368 1.1 has a new calculated value of 163581.319749355.
INFO: Sample E01-0368 1.1 has a new calculated value of 183450.016379356.
INFO: Sample E01-0368 1.1 has a new calculated value of 2474.05506670475.
INFO: Sample J01-0380 1.1 has a new calculated value of 18221.5398922563.
INFO: Sample J01-0380 1.1 has a new calculated value of 18221.5398922563.
INFO: Sample J01-0380 1.1 has a new calculated value of 0.
INFO: Sample E01-0370 1.1 has a new calculated value of 124327.385723591.
INFO: Sample E01-0370 1.1 has a new calculated value of 89596.6579020024.
INFO: Sample E01-0370 1.1 has a new calculated value of 0.
INFO: Sample A02-1295 1.1 has a new calculated value of 3167.43754316121.
INFO: Sample A02-1295 1.1 has a new calculated value of 0.
INFO: Sample A02-1295 1.1 has a new calculated value of 19007.9829096794.
INFO: Sample O01-0437 1.1 has a new calculated value of 294118.999242783.
INFO: Sample O01-0437 1.1 has a new calculated value of 289201.169013977.
INFO: Sample O01-0437 1.1 has a new calculated value of 2443.03223211318.
INFO: Sample N02-0450 1.1 has a new calculated value of 90660.7438623904.
INFO: Sample N02-0450 1.1 has a new calculated value of 108814.909905195.
INFO: Sample N02-0450 1.1 has a new calculated value of 9057.82470479606.
INFO: Sample A01-0701 1.1 has a new calculated value of 115710.039138794.
INFO: Sample A01-0701 1.1 has a new calculated value of 136780.368089676.
INFO: Sample A01-0701 1.1 has a new calculated value of 15761.059820652.
LOW : WaTCH status of B01-0594 1.1 has been changed to Complete.
LOW : WaTCH status of A02-1295 1.1 has been changed to Complete.
LOW : WaTCH status of H01-0736 1.1 has been changed to Complete.
LOW : WaTCH status of E01-0371 1.1 has been changed to Complete.
LOW : WaTCH status of J01-0380 1.1 has been changed to Complete.
LOW : WaTCH status of B01-0580 1.1 has been changed to Complete.
LOW : WaTCH status of G01-0511 1.1 has been changed to Complete.
LOW : WaTCH status of A02-1298 1.1 has been changed to Complete.
LOW : WaTCH status of M03-0344 1.1 has been changed to Complete.
LOW : WaTCH status of L01-0546 1.1 has been changed to Complete.
LOW : WaTCH status of E01-0370 1.1 has been changed to Complete.
LOW : WaTCH status of A04-0515 1.1 has been changed to Complete.
LOW : WaTCH status of O01-0437 1.1 has been changed to Complete.
LOW : WaTCH status of N02-0450 1.1 has been changed to Complete.
LOW : WaTCH status of A01-0701 1.1 has been changed to Complete.
LOW : WaTCH status of E01-0369 1.1 has been changed to Complete.
LOW : WaTCH status of H01-0734 1.1 has been changed to Complete.
LOW : WaTCH status of R01-0433 1.1 has been changed to Complete.
LOW : WaTCH status of A02-1297 1.1 has been changed to Complete.
LOW : WaTCH status of E01-0368 1.1 has been changed to Complete.
LOW : WaTCH status of A01-0702 1.1 has been changed to Complete.
LOW : WaTCH status of A01-0700 1.1 has been changed to Complete.
LOW : WaTCH status of A02-1307 1.1 has been changed to Complete.
LOW : WaTCH status of A01-0699 1.1 has been changed to Complete.
#
# WaTCHdb update complete.
# 2023-10-27.12-56-46.
