# WaTCHdb update log.
# Command: 2_updateWaTCH.pl.
# Data output written to updates/watchdb/watchdb.2023-11-21.08-58-31.txt and updates/watchdb.LATEST.txt.
# Fatal errors and system warnings are NOT logged here; see STDERR for those.
#
# Run started 2023-11-21.08-58-31.
#
4 molecular targets added.
INFO: Finished WaTCHdb import. 10559 total assets present.
INFO: Finished AssetTiger import. 19 new assets added. 10578 total assets present.
HIGH: Mysterious sample ID A01-P13 found during Run Metadata import, does not exist in AT or WaTCHdb. This is concerning.
HIGH: A01-P13 will be ignored!
HIGH: Mysterious sample ID E01-P8 found during Run Metadata import, does not exist in AT or WaTCHdb. This is concerning.
HIGH: E01-P8 will be ignored!
HIGH: Mysterious sample ID A01-P11 found during Run Metadata import, does not exist in AT or WaTCHdb. This is concerning.
HIGH: A01-P11 will be ignored!
HIGH: Mysterious sample ID A01-P3 found during Run Metadata import, does not exist in AT or WaTCHdb. This is concerning.
HIGH: A01-P3 will be ignored!
HIGH: Mysterious sample ID A01-P8 found during Run Metadata import, does not exist in AT or WaTCHdb. This is concerning.
HIGH: A01-P8 will be ignored!
HIGH: Mysterious sample ID E01-P11 found during Run Metadata import, does not exist in AT or WaTCHdb. This is concerning.
HIGH: E01-P11 will be ignored!
HIGH: Mysterious sample ID E01-P10 found during Run Metadata import, does not exist in AT or WaTCHdb. This is concerning.
HIGH: E01-P10 will be ignored!
HIGH: Mysterious sample ID A01-P2 found during Run Metadata import, does not exist in AT or WaTCHdb. This is concerning.
HIGH: A01-P2 will be ignored!
HIGH: Mysterious sample ID A01-P9 found during Run Metadata import, does not exist in AT or WaTCHdb. This is concerning.
HIGH: A01-P9 will be ignored!
HIGH: Mysterious sample ID A01-P10 found during Run Metadata import, does not exist in AT or WaTCHdb. This is concerning.
HIGH: A01-P10 will be ignored!
HIGH: Mysterious sample ID E01-P9 found during Run Metadata import, does not exist in AT or WaTCHdb. This is concerning.
HIGH: E01-P9 will be ignored!
HIGH: Mysterious sample ID A01-P12 found during Run Metadata import, does not exist in AT or WaTCHdb. This is concerning.
HIGH: A01-P12 will be ignored!
HIGH: Mysterious sample ID A01-P5 found during Run Metadata import, does not exist in AT or WaTCHdb. This is concerning.
HIGH: A01-P5 will be ignored!
HIGH: Mysterious sample ID A01-P4 found during Run Metadata import, does not exist in AT or WaTCHdb. This is concerning.
HIGH: A01-P4 will be ignored!
HIGH: Mysterious sample ID A01-P6 found during Run Metadata import, does not exist in AT or WaTCHdb. This is concerning.
HIGH: A01-P6 will be ignored!
HIGH: Mysterious sample ID A01-P7 found during Run Metadata import, does not exist in AT or WaTCHdb. This is concerning.
HIGH: A01-P7 will be ignored!
INFO: Sample D01-0258 1.1 has a new calculated value of 37687.0232820509.
INFO: Sample D01-0258 1.1 has a new calculated value of 1204125.24461746.
INFO: Sample D01-0258 1.1 has a new calculated value of 1207101.96733475.
INFO: Sample N03-0433 1.1 has a new calculated value of 17921.9663143158.
INFO: Sample N03-0433 1.1 has a new calculated value of 1343335.95514297.
INFO: Sample N03-0433 1.1 has a new calculated value of 1531002.66695023.
INFO: Sample E01-0380 1.1 has a new calculated value of 0.
INFO: Sample E01-0380 1.1 has a new calculated value of 12369.5915937424.
INFO: Sample E01-0380 1.1 has a new calculated value of 9895.3995667398.
INFO: Sample C01-0533 1.1 has a new calculated value of 19310.0238963962.
INFO: Sample C01-0533 1.1 has a new calculated value of 188628.602027893.
INFO: Sample C01-0533 1.1 has a new calculated value of 203171.43291235.
INFO: Sample A01-0715 1.1 has a new calculated value of 22894.7165608406.
INFO: Sample A01-0715 1.1 has a new calculated value of 599097.586870192.
INFO: Sample A01-0715 1.1 has a new calculated value of 691981.555223465.
INFO: Sample C01-0532 1.1 has a new calculated value of 2240.06211385131.
INFO: Sample C01-0532 1.1 has a new calculated value of 69494.0458238125.
INFO: Sample C01-0532 1.1 has a new calculated value of 49307.2530627252.
INFO: Sample A01-0721 1.1 has a new calculated value of 45936.7726743222.
INFO: Sample A01-0721 1.1 has a new calculated value of 433161.093592643.
INFO: Sample A01-0721 1.1 has a new calculated value of 453769.910931589.
INFO: Sample A01-0719 1.1 has a new calculated value of 37365.007326007.
INFO: Sample A01-0719 1.1 has a new calculated value of 434283.955693247.
INFO: Sample A01-0719 1.1 has a new calculated value of 412738.763093947.
INFO: Sample N02-0384 1.1 has a new calculated value of 8755.63136301935.
INFO: Sample N02-0384 1.1 has a new calculated value of 173241.263329983.
INFO: Sample N02-0384 1.1 has a new calculated value of 177635.816037655.
INFO: Sample G01-0531 1.1 has a new calculated value of 5633.80929641425.
INFO: Sample G01-0531 1.1 has a new calculated value of 155188.426673412.
INFO: Sample G01-0531 1.1 has a new calculated value of 166495.851874351.
INFO: Sample E01-0379 1.1 has a new calculated value of 11168.6260253191.
INFO: Sample E01-0379 1.1 has a new calculated value of 117409.637868404.
INFO: Sample E01-0379 1.1 has a new calculated value of 145409.724712372.
INFO: Sample B01-0600 1.1 has a new calculated value of 2477.47456189245.
INFO: Sample B01-0600 1.1 has a new calculated value of 425651.609301566.
INFO: Sample B01-0600 1.1 has a new calculated value of 385652.679204942.
INFO: Sample A02-1311 1.1 has a new calculated value of 17414.531596005.
INFO: Sample A02-1311 1.1 has a new calculated value of 174450.607895851.
INFO: Sample A02-1311 1.1 has a new calculated value of 161967.303156853.
INFO: Sample Q01-0479 1.1 has a new calculated value of 18110.4619055986.
INFO: Sample Q01-0479 1.1 has a new calculated value of 506828.083992005.
INFO: Sample Q01-0479 1.1 has a new calculated value of 546523.314714432.
INFO: Sample C01-0534 1.1 has a new calculated value of 38349.43972528.
INFO: Sample C01-0534 1.1 has a new calculated value of 194826.155304909.
INFO: Sample C01-0534 1.1 has a new calculated value of 205827.53688097.
INFO: Sample L01-0548 1.1 has a new calculated value of 17829.2686119676.
INFO: Sample L01-0548 1.1 has a new calculated value of 646365.290880205.
INFO: Sample L01-0548 1.1 has a new calculated value of 667038.320302963.
INFO: Sample A01-0718 1.1 has a new calculated value of 41484.7645908594.
INFO: Sample A01-0718 1.1 has a new calculated value of 278162.534236908.
INFO: Sample A01-0718 1.1 has a new calculated value of 304247.487187386.
INFO: Sample A01-0717 1.1 has a new calculated value of 41269.8537111282.
INFO: Sample A01-0717 1.1 has a new calculated value of 276717.728376389.
INFO: Sample A01-0717 1.1 has a new calculated value of 422226.013541221.
INFO: Sample H01-0738 1.1 has a new calculated value of 5387.59449496866.
INFO: Sample H01-0738 1.1 has a new calculated value of 64693.9292550085.
INFO: Sample H01-0738 1.1 has a new calculated value of 64693.9292550085.
INFO: Sample M03-0326 1.1 has a new calculated value of 12031.4992591739.
INFO: Sample M03-0326 1.1 has a new calculated value of 84288.4165048599.
INFO: Sample M03-0326 1.1 has a new calculated value of 101165.135800838.
INFO: Sample R01-0405 1.1 has a new calculated value of 136712.070554495.
INFO: Sample R01-0405 1.1 has a new calculated value of 0.
INFO: Sample R01-0405 1.1 has a new calculated value of 6349.46082718671.
INFO: Sample E01-0381 1.1 has a new calculated value of 2772.03422505408.
INFO: Sample E01-0381 1.1 has a new calculated value of 130471.335500479.
INFO: Sample E01-0381 1.1 has a new calculated value of 144373.650848866.
INFO: Sample C01-0531 1.1 has a new calculated value of 2482.55270998925.
INFO: Sample C01-0531 1.1 has a new calculated value of 134255.058020353.
INFO: Sample C01-0531 1.1 has a new calculated value of 131765.192002058.
INFO: Sample J01-0383 1.1 has a new calculated value of 0.
INFO: Sample J01-0383 1.1 has a new calculated value of 2836.42892260104.
INFO: Sample J01-0383 1.1 has a new calculated value of 5673.03674295543.
INFO: Sample E01-0378 1.1 has a new calculated value of 2432.9515825957.
INFO: Sample E01-0378 1.1 has a new calculated value of 212162.500619888.
INFO: Sample E01-0378 1.1 has a new calculated value of 253737.123906612.
INFO: Sample O01-0476 1.1 has a new calculated value of 11363.336853683.
INFO: Sample O01-0476 1.1 has a new calculated value of 88141.3199007511.
INFO: Sample O01-0476 1.1 has a new calculated value of 130852.666944265.
INFO: Sample G01-0542 1.1 has a new calculated value of 5532.94493816792.
INFO: Sample G01-0542 1.1 has a new calculated value of 341553.45082283.
INFO: Sample G01-0542 1.1 has a new calculated value of 302545.900940895.
INFO: Sample A01-0722 1.1 has a new calculated value of 63596.4419692753.
INFO: Sample A01-0722 1.1 has a new calculated value of 810576.041936874.
INFO: Sample A01-0722 1.1 has a new calculated value of 958361.341953279.
INFO: Sample R02-0411 1.1 has a new calculated value of 15008.8154710829.
INFO: Sample R02-0411 1.1 has a new calculated value of 25017.486512661.
INFO: Sample R02-0411 1.1 has a new calculated value of 20012.870170176.
INFO: Sample A01-0716 1.1 has a new calculated value of 28657.2372168303.
INFO: Sample A01-0716 1.1 has a new calculated value of 270104.325413704.
INFO: Sample A01-0716 1.1 has a new calculated value of 420226.129889489.
INFO: Sample D01-0396 1.1 has a new calculated value of 19802.3568838835.
INFO: Sample D01-0396 1.1 has a new calculated value of 1314444.86618042.
INFO: Sample D01-0396 1.1 has a new calculated value of 1363984.25102234.
INFO: Sample C01-0535 1.1 has a new calculated value of 15863.3500523865.
INFO: Sample C01-0535 1.1 has a new calculated value of 238541.911840439.
INFO: Sample C01-0535 1.1 has a new calculated value of 257148.50127697.
INFO: Sample A01-0720 1.1 has a new calculated value of 42313.5761171579.
INFO: Sample A01-0720 1.1 has a new calculated value of 327100.465893745.
INFO: Sample A01-0720 1.1 has a new calculated value of 437504.174709321.
INFO: Sample A04-0519 1.1 has a new calculated value of 28258.7549462914.
INFO: Sample A04-0519 1.1 has a new calculated value of 132026.924192905.
INFO: Sample A04-0519 1.1 has a new calculated value of 139110.782593489.
INFO: Sample P01-0078 1.1 has a new calculated value of 24809.347204864.
INFO: Sample P01-0078 1.1 has a new calculated value of 137752.552628517.
INFO: Sample P01-0078 1.1 has a new calculated value of 140014.321357012.
LOW : WaTCH status of A01-0718 1.1 has been changed to Complete.
LOW : WaTCH status of A01-0716 1.1 has been changed to Complete.
LOW : WaTCH status of E01-0381 1.1 has been changed to Complete.
LOW : WaTCH status of A02-1311 1.1 has been changed to Complete.
LOW : WaTCH status of Q01-0479 1.1 has been changed to Complete.
LOW : WaTCH status of R02-0411 1.1 has been changed to Complete.
LOW : WaTCH status of A01-0720 1.1 has been changed to Complete.
LOW : WaTCH status of G01-0531 1.1 has been changed to Complete.
LOW : WaTCH status of R01-0405 1.1 has been changed to Complete.
LOW : WaTCH status of C01-0533 1.1 has been changed to Complete.
LOW : WaTCH status of A01-0721 1.1 has been changed to Complete.
LOW : WaTCH status of E01-0379 1.1 has been changed to Complete.
LOW : WaTCH status of D01-0396 1.1 has been changed to Complete.
LOW : WaTCH status of N02-0384 1.1 has been changed to Complete.
LOW : WaTCH status of A01-0722 1.1 has been changed to Complete.
LOW : WaTCH status of J01-0383 1.1 has been changed to Complete.
LOW : WaTCH status of C01-0535 1.1 has been changed to Complete.
LOW : WaTCH status of E01-0380 1.1 has been changed to Complete.
LOW : WaTCH status of D01-0258 1.1 has been changed to Complete.
LOW : WaTCH status of C01-0534 1.1 has been changed to Complete.
LOW : WaTCH status of A01-0719 1.1 has been changed to Complete.
LOW : WaTCH status of M03-0326 1.1 has been changed to Complete.
LOW : WaTCH status of A01-0717 1.1 has been changed to Complete.
LOW : WaTCH status of B01-0600 1.1 has been changed to Complete.
LOW : WaTCH status of L01-0548 1.1 has been changed to Complete.
LOW : WaTCH status of E01-0378 1.1 has been changed to Complete.
LOW : WaTCH status of O01-0476 1.1 has been changed to Complete.
LOW : WaTCH status of A01-0715 1.1 has been changed to Complete.
LOW : WaTCH status of C01-0531 1.1 has been changed to Complete.
LOW : WaTCH status of N03-0433 1.1 has been changed to Complete.
LOW : WaTCH status of P01-0078 1.1 has been changed to Complete.
LOW : WaTCH status of H01-0738 1.1 has been changed to Complete.
LOW : WaTCH status of G01-0542 1.1 has been changed to Complete.
LOW : WaTCH status of C01-0532 1.1 has been changed to Complete.
LOW : WaTCH status of A04-0519 1.1 has been changed to Complete.
#
# WaTCHdb update complete.
# 2023-11-21.08-58-32.
