# WaTCHdb update log.
# Command: 2_updateWaTCH.pl.
# Data output written to updates/watchdb/watchdb.2023-10-20.12-16-44.txt and updates/watchdb.LATEST.txt.
# Fatal errors and system warnings are NOT logged here; see STDERR for those.
#
# Run started 2023-10-20.12-16-44.
#
4 molecular targets added.
INFO: Finished WaTCHdb import. 10429 total assets present.
INFO: Finished AssetTiger import. 9 new assets added. 10438 total assets present.
HIGH: Mysterious sample ID J01-0397 found during Run Metadata import, does not exist in AT or WaTCHdb. This is concerning.
HIGH: J01-0397 will be ignored!
INFO: Sample K01-0337 1.1 has a new calculated value of 14930.470995605.
INFO: Sample K01-0337 1.1 has a new calculated value of 87164.6252274512.
INFO: Sample K01-0337 1.1 has a new calculated value of 89657.5319766998.
INFO: Sample H01-0725 1.1 has a new calculated value of 6755.3055100143.
INFO: Sample H01-0725 1.1 has a new calculated value of 87898.5030949114.
INFO: Sample H01-0725 1.1 has a new calculated value of 114978.921711445.
INFO: Sample H01-0733 1.1 has a new calculated value of 10347.2422063351.
INFO: Sample H01-0733 1.1 has a new calculated value of 46581.4203768969.
INFO: Sample H01-0733 1.1 has a new calculated value of 28460.66839993.
INFO: Sample O01-0446 1.1 has a new calculated value of 8997.80530482532.
INFO: Sample O01-0446 1.1 has a new calculated value of 178042.033910751.
INFO: Sample O01-0446 1.1 has a new calculated value of 169010.230600834.
INFO: Sample Q01-0475 1.1 has a new calculated value of 19635.7855573297.
INFO: Sample Q01-0475 1.1 has a new calculated value of 63847.7906584741.
INFO: Sample Q01-0475 1.1 has a new calculated value of 56476.0947972538.
INFO: Sample E01-0367 1.1 has a new calculated value of 0.
INFO: Sample E01-0367 1.1 has a new calculated value of 13593.6057753861.
INFO: Sample E01-0367 1.1 has a new calculated value of 13593.6057753861.
INFO: Sample U01-0048 1.1 has a new calculated value of 2271.05495519936.
INFO: Sample U01-0048 1.1 has a new calculated value of 34077.9134631157.
INFO: Sample U01-0048 1.1 has a new calculated value of 31805.2494898438.
INFO: Sample A01-0698 1.1 has a new calculated value of 60067.1938061715.
INFO: Sample A01-0698 1.1 has a new calculated value of 168391.450345516.
INFO: Sample A01-0698 1.1 has a new calculated value of 194910.582304001.
INFO: Sample E01-0364 1.1 has a new calculated value of 4529.59874644874.
INFO: Sample E01-0364 1.1 has a new calculated value of 18121.1426854134.
INFO: Sample E01-0364 1.1 has a new calculated value of 6794.57011632622.
INFO: Sample A01-0696 1.1 has a new calculated value of 35494.1169172525.
INFO: Sample A01-0696 1.1 has a new calculated value of 42152.3961424828.
INFO: Sample A01-0696 1.1 has a new calculated value of 26617.9514676332.
INFO: Sample U01-0028 1.1 has a new calculated value of 0.
INFO: Sample U01-0028 1.1 has a new calculated value of 0.
INFO: Sample U01-0028 1.1 has a new calculated value of 0.
INFO: Sample G01-0524 1.1 has a new calculated value of 2556.77510518581.
INFO: Sample G01-0524 1.1 has a new calculated value of 40925.9198606013.
INFO: Sample G01-0524 1.1 has a new calculated value of 25574.3182450533.
INFO: Sample R02-0410 1.1 has a new calculated value of 16567.4204751849.
INFO: Sample R02-0410 1.1 has a new calculated value of 54458.8246196509.
INFO: Sample R02-0410 1.1 has a new calculated value of 66306.463703513.
INFO: Sample E01-0365 1.1 has a new calculated value of 0.
INFO: Sample E01-0365 1.1 has a new calculated value of 2480.62889557332.
INFO: Sample E01-0365 1.1 has a new calculated value of 4961.39475144447.
INFO: Sample C01-0512 1.1 has a new calculated value of 11239.0767037869.
INFO: Sample C01-0512 1.1 has a new calculated value of 47223.0740636589.
INFO: Sample C01-0512 1.1 has a new calculated value of 42723.4929800034.
INFO: Sample A04-0516 1.1 has a new calculated value of 22651.6810432076.
INFO: Sample A04-0516 1.1 has a new calculated value of 90675.5143404007.
INFO: Sample A04-0516 1.1 has a new calculated value of 57910.4067385197.
INFO: Sample U01-0038 1.1 has a new calculated value of 0.
INFO: Sample U01-0038 1.1 has a new calculated value of 0.
INFO: Sample U01-0038 1.1 has a new calculated value of 0.
INFO: Sample L01-0528 1.1 has a new calculated value of 16728.2214201987.
INFO: Sample L01-0528 1.1 has a new calculated value of 1095638.55528831.
INFO: Sample L01-0528 1.1 has a new calculated value of 951413.05088997.
INFO: Sample N03-0441 1.1 has a new calculated value of 31679.974347353.
INFO: Sample N03-0441 1.1 has a new calculated value of 20363.1254285574.
INFO: Sample N03-0441 1.1 has a new calculated value of 20363.1254285574.
INFO: Sample A01-0694 1.1 has a new calculated value of 26332.1439921856.
INFO: Sample A01-0694 1.1 has a new calculated value of 76645.6072032453.
INFO: Sample A01-0694 1.1 has a new calculated value of 59868.1703209877.
INFO: Sample C01-0513 1.1 has a new calculated value of 7534.05751660464.
INFO: Sample C01-0513 1.1 has a new calculated value of 17581.4394839108.
INFO: Sample C01-0513 1.1 has a new calculated value of 10045.6917285919.
INFO: Sample N02-0376 1.1 has a new calculated value of 11085.6004804373.
INFO: Sample N02-0376 1.1 has a new calculated value of 15520.6074379385.
INFO: Sample N02-0376 1.1 has a new calculated value of 19956.0539424419.
INFO: Sample C01-0511 1.1 has a new calculated value of 12461.4346213639.
INFO: Sample C01-0511 1.1 has a new calculated value of 81061.3346099852.
INFO: Sample C01-0511 1.1 has a new calculated value of 65461.2296819686.
INFO: Sample C01-0514 1.1 has a new calculated value of 25691.2165135145.
INFO: Sample C01-0514 1.1 has a new calculated value of 25691.2165135145.
INFO: Sample C01-0514 1.1 has a new calculated value of 30363.9302775264.
INFO: Sample E01-0366 1.1 has a new calculated value of 2485.85807159543.
INFO: Sample E01-0366 1.1 has a new calculated value of 12430.669516325.
INFO: Sample E01-0366 1.1 has a new calculated value of 12430.669516325.
INFO: Sample A01-0693 1.1 has a new calculated value of 20446.7476531863.
INFO: Sample A01-0693 1.1 has a new calculated value of 86394.2500948906.
INFO: Sample A01-0693 1.1 has a new calculated value of 93221.9396531583.
INFO: Sample C01-0515 1.1 has a new calculated value of 21545.9761396051.
INFO: Sample C01-0515 1.1 has a new calculated value of 94879.8769712447.
INFO: Sample C01-0515 1.1 has a new calculated value of 120791.117548943.
INFO: Sample U01-0045 1.1 has a new calculated value of 2354.83431257308.
INFO: Sample U01-0045 1.1 has a new calculated value of 11775.4089832306.
INFO: Sample U01-0045 1.1 has a new calculated value of 14130.8628022671.
INFO: Sample A01-0695 1.1 has a new calculated value of 31580.362804234.
INFO: Sample A01-0695 1.1 has a new calculated value of 102109.172344208.
INFO: Sample A01-0695 1.1 has a new calculated value of 126455.20940423.
INFO: Sample M04-0231 1.1 has a new calculated value of 16989.1541451216.
INFO: Sample M04-0231 1.1 has a new calculated value of 31556.4128011465.
INFO: Sample M04-0231 1.1 has a new calculated value of 29128.2086446881.
INFO: Sample U01-0033 1.1 has a new calculated value of 0.
INFO: Sample U01-0033 1.1 has a new calculated value of 2409.66408513486.
INFO: Sample U01-0033 1.1 has a new calculated value of 2409.66408513486.
INFO: Sample G01-0519 1.1 has a new calculated value of 2198.41131940484.
INFO: Sample G01-0519 1.1 has a new calculated value of 68200.9579986334.
INFO: Sample G01-0519 1.1 has a new calculated value of 54992.6682561636.
INFO: Sample A01-0697 1.1 has a new calculated value of 59885.9475553036.
INFO: Sample A01-0697 1.1 has a new calculated value of 425367.241501808.
INFO: Sample A01-0697 1.1 has a new calculated value of 371695.622205733.
INFO: Sample M03-0330 1.1 has a new calculated value of 16302.223931998.
INFO: Sample M03-0330 1.1 has a new calculated value of 79237.8473281862.
INFO: Sample M03-0330 1.1 has a new calculated value of 74572.9158818721.
