# WaTCHdb update log.
# Command: 2_updateWaTCH.pl.
# Data output written to DB/INCREMENTAL/watchdb.2022-03-31.15-23-01.txt and DB/watchdb.LATEST.txt.
# Fatal errors and system warnings are NOT logged here; see STDERR for those.
#
# Run started 2022-03-31.15-23-01.
#
4 molecular targets added.
INFO: Finished WaTCHdb import. 2230 total assets present.
INFO: Finished AssetTiger import. 1 new assets added. 2231 total assets present.
INFO: Sample N02-0007 1.1 has a new calculated value of 3146.6469168663.
INFO: Sample N02-0007 1.1 has a new calculated value of 12588.0050472915.
INFO: Sample N02-0007 1.1 has a new calculated value of 9440.64997136594.
INFO: Sample J01-0009 1.1 has a new calculated value of 0.
INFO: Sample J01-0009 1.1 has a new calculated value of 52894.4152593614.
INFO: Sample J01-0009 1.1 has a new calculated value of 38782.7056646348.
INFO: Sample L01-0070 1.1 has a new calculated value of 3694.78246662767.
INFO: Sample L01-0070 1.1 has a new calculated value of 18477.1693870425.
INFO: Sample L01-0070 1.1 has a new calculated value of 22173.583433032.
INFO: Sample L01-0065 1.1 has a new calculated value of 53664.2383038999.
INFO: Sample L01-0065 1.1 has a new calculated value of 5959.30128358303.
INFO: Sample L01-0065 1.1 has a new calculated value of 0.
INFO: Sample M04-0006 1.1 has a new calculated value of 20949.1498768329.
INFO: Sample M04-0006 1.1 has a new calculated value of 348515.603542328.
INFO: Sample M04-0006 1.1 has a new calculated value of 390774.493217469.
INFO: Sample M04-0016 1.1 has a new calculated value of 0.
INFO: Sample M04-0016 1.1 has a new calculated value of 0.
INFO: Sample M04-0016 1.1 has a new calculated value of 0.
INFO: Sample E01-0082 1.1 has a new calculated value of 0.
INFO: Sample E01-0082 1.1 has a new calculated value of 9370.29378488659.
INFO: Sample E01-0082 1.1 has a new calculated value of 12494.190428406.
INFO: Sample O01-0035 1.1 has a new calculated value of 0.
INFO: Sample O01-0035 1.1 has a new calculated value of 6539.51712884008.
INFO: Sample O01-0035 1.1 has a new calculated value of 6539.51712884008.
INFO: Sample J01-0010 1.1 has a new calculated value of 0.
INFO: Sample J01-0010 1.1 has a new calculated value of 0.
INFO: Sample J01-0010 1.1 has a new calculated value of 0.
INFO: Sample N02-0018 1.1 has a new calculated value of 3624.8010629788.
INFO: Sample N02-0018 1.1 has a new calculated value of 3624.8010629788.
INFO: Sample N02-0018 1.1 has a new calculated value of 10875.3441274166.
INFO: Sample O01-0025 1.1 has a new calculated value of 3014.25886340439.
INFO: Sample O01-0025 1.1 has a new calculated value of 51271.9092518091.
INFO: Sample O01-0025 1.1 has a new calculated value of 66363.8256490232.
INFO: Sample R01-0034 1.1 has a new calculated value of 0.
INFO: Sample R01-0034 1.1 has a new calculated value of 0.
INFO: Sample R01-0034 1.1 has a new calculated value of 3191.93963427096.
INFO: Sample P01-0042 1.1 has a new calculated value of 10290.5671857297.
INFO: Sample P01-0042 1.1 has a new calculated value of 6860.09765602648.
INFO: Sample P01-0042 1.1 has a new calculated value of 3429.90815173835.
INFO: Sample D01-0074 1.1 has a new calculated value of 31456.1069011688.
INFO: Sample D01-0074 1.1 has a new calculated value of 975558.153390886.
INFO: Sample D01-0074 1.1 has a new calculated value of 950533.039569855.
INFO: Sample P01-0050 1.1 has a new calculated value of 11652.6766307652.
INFO: Sample P01-0050 1.1 has a new calculated value of 110831.458121538.
INFO: Sample P01-0050 1.1 has a new calculated value of 99151.1781513692.
INFO: Sample L01-0066 1.1 has a new calculated value of 6941.33209995927.
INFO: Sample L01-0066 1.1 has a new calculated value of 17355.486843735.
INFO: Sample L01-0066 1.1 has a new calculated value of 10412.4299995601.
INFO: Sample O01-0013 1.1 has a new calculated value of 0.
INFO: Sample O01-0013 1.1 has a new calculated value of 3281.40655998141.
INFO: Sample O01-0013 1.1 has a new calculated value of 3281.40655998141.
INFO: Sample N02-0013 1.1 has a new calculated value of 13482.954595238.
INFO: Sample N02-0013 1.1 has a new calculated value of 0.
INFO: Sample N02-0013 1.1 has a new calculated value of 0.
INFO: Sample A02-0416 1.1 has a new calculated value of 0.
INFO: Sample A02-0416 1.1 has a new calculated value of 0.
INFO: Sample A02-0416 1.1 has a new calculated value of 0.
INFO: Sample R01-0039 1.1 has a new calculated value of 0.
INFO: Sample R01-0039 1.1 has a new calculated value of 0.
INFO: Sample R01-0039 1.1 has a new calculated value of 8871.15365825593.
INFO: Sample N03-0016 1.1 has a new calculated value of 3509.75706707686.
INFO: Sample N03-0016 1.1 has a new calculated value of 49163.3661836387.
INFO: Sample N03-0016 1.1 has a new calculated value of 52677.2450655699.
INFO: Sample K01-0055 1.1 has a new calculated value of 9395.50084993244.
INFO: Sample K01-0055 1.1 has a new calculated value of 21926.1142238975.
INFO: Sample K01-0055 1.1 has a new calculated value of 15660.3387929499.
INFO: Sample N02-0003 1.1 has a new calculated value of 0.
INFO: Sample N02-0003 1.1 has a new calculated value of 18619.177043438.
INFO: Sample N02-0003 1.1 has a new calculated value of 12411.8645489216.
INFO: Sample N02-0025 1.1 has a new calculated value of 0.
INFO: Sample N02-0025 1.1 has a new calculated value of 10879.1078813374.
INFO: Sample N02-0025 1.1 has a new calculated value of 14506.1053521931.
INFO: Sample P01-0033 1.1 has a new calculated value of 6442.01732240618.
INFO: Sample P01-0033 1.1 has a new calculated value of 22551.3942539692.
INFO: Sample P01-0033 1.1 has a new calculated value of 22551.3942539692.
INFO: Sample M04-0021 1.1 has a new calculated value of 13696.6551281512.
INFO: Sample M04-0021 1.1 has a new calculated value of 3423.74414205551.
INFO: Sample M04-0021 1.1 has a new calculated value of 0.
INFO: Sample N02-0024 1.1 has a new calculated value of 40393.6390578748.
INFO: Sample N02-0024 1.1 has a new calculated value of 1461848.22320938.
INFO: Sample N02-0024 1.1 has a new calculated value of 1392227.23960876.
INFO: Sample O01-0030 1.1 has a new calculated value of 0.
INFO: Sample O01-0030 1.1 has a new calculated value of 2851.23762208968.
INFO: Sample O01-0030 1.1 has a new calculated value of 5702.66900584102.
INFO: Sample N03-0022 1.1 has a new calculated value of 17939.1213878989.
INFO: Sample N03-0022 1.1 has a new calculated value of 0.
INFO: Sample N03-0022 1.1 has a new calculated value of 2989.3201449886.
INFO: Sample A02-0401 1.2 has a new calculated value of 32364.298067987.
INFO: Sample A02-0401 1.2 has a new calculated value of 5392.31484755872.
INFO: Sample A02-0401 1.2 has a new calculated value of 0.
INFO: Sample J01-0011 1.1 has a new calculated value of 0.
INFO: Sample J01-0011 1.1 has a new calculated value of 0.
INFO: Sample J01-0011 1.1 has a new calculated value of 0.
INFO: Sample P01-0032 1.1 has a new calculated value of 6442.51260906459.
INFO: Sample P01-0032 1.1 has a new calculated value of 16108.1384494901.
INFO: Sample P01-0032 1.1 has a new calculated value of 32222.4709019065.
INFO: Sample N03-0002 1.1 has a new calculated value of 0.
INFO: Sample N03-0002 1.1 has a new calculated value of 43576.035797596.
INFO: Sample N03-0002 1.1 has a new calculated value of 30163.1995663047.
INFO: Sample N03-0011 1.1 has a new calculated value of 0.
INFO: Sample N03-0011 1.1 has a new calculated value of 3733.2887481898.
INFO: Sample N03-0011 1.1 has a new calculated value of 3733.2887481898.
INFO: Sample E01-0083 1.1 has a new calculated value of 3021.429637447.
INFO: Sample E01-0083 1.1 has a new calculated value of 187741.761803627.
INFO: Sample E01-0083 1.1 has a new calculated value of 245444.286167622.
INFO: Sample L01-0067 1.1 has a new calculated value of 0.
INFO: Sample L01-0067 1.1 has a new calculated value of 3349.32373836636.
INFO: Sample L01-0067 1.1 has a new calculated value of 0.
INFO: Sample L01-0061 1.1 has a new calculated value of 8924.67593774198.
INFO: Sample L01-0061 1.1 has a new calculated value of 5949.57285560668.
INFO: Sample L01-0061 1.1 has a new calculated value of 14875.5159415305.
INFO: Sample R01-0046 1.1 has a new calculated value of 11792.2901362181.
INFO: Sample R01-0046 1.1 has a new calculated value of 3930.39478920401.
INFO: Sample R01-0046 1.1 has a new calculated value of 11792.2901362181.
INFO: Sample P01-0036 1.1 has a new calculated value of 5783.32588076592.
INFO: Sample P01-0036 1.1 has a new calculated value of 37605.8918237687.
INFO: Sample P01-0036 1.1 has a new calculated value of 31818.172596395.
INFO: Sample P01-0046 1.1 has a new calculated value of 3332.01604429632.
INFO: Sample P01-0046 1.1 has a new calculated value of 0.
INFO: Sample P01-0046 1.1 has a new calculated value of 0.
INFO: Sample N03-0012 1.1 has a new calculated value of 17343.9959809184.
INFO: Sample N03-0012 1.1 has a new calculated value of 3468.22491846979.
INFO: Sample N03-0012 1.1 has a new calculated value of 3468.22491846979.
INFO: Sample R01-0028 1.1 has a new calculated value of 6767.05649122597.
INFO: Sample R01-0028 1.1 has a new calculated value of 3383.39155074209.
INFO: Sample R01-0028 1.1 has a new calculated value of 6767.05649122597.
INFO: Sample A03-0256 1.1 has a new calculated value of 5993.81687119603.
INFO: Sample A03-0256 1.1 has a new calculated value of 8991.04753509165.
INFO: Sample A03-0256 1.1 has a new calculated value of 17984.0231314302.
INFO: Sample D01-0062 1.1 has a new calculated value of 43890.5008882285.
INFO: Sample D01-0062 1.1 has a new calculated value of 1152604.45833206.
INFO: Sample D01-0062 1.1 has a new calculated value of 1036281.85629845.
INFO: Sample P01-0040 1.1 has a new calculated value of 0.
INFO: Sample P01-0040 1.1 has a new calculated value of 0.
INFO: Sample P01-0040 1.1 has a new calculated value of 0.
INFO: Sample E01-0080 1.1 has a new calculated value of 0.
INFO: Sample E01-0080 1.1 has a new calculated value of 0.
INFO: Sample E01-0080 1.1 has a new calculated value of 15041.00644961.
INFO: Sample N03-0006 1.1 has a new calculated value of 0.
INFO: Sample N03-0006 1.1 has a new calculated value of 3167.09593869746.
INFO: Sample N03-0006 1.1 has a new calculated value of 3167.09593869746.
INFO: Sample N02-0006 1.2 has a new calculated value of 0.
INFO: Sample N02-0006 1.2 has a new calculated value of 30840.1529118419.
INFO: Sample N02-0006 1.2 has a new calculated value of 21585.7222303748.
INFO: Sample A02-0411 1.1 has a new calculated value of 0.
INFO: Sample A02-0411 1.1 has a new calculated value of 0.
INFO: Sample A02-0411 1.1 has a new calculated value of 2875.29671564698.
INFO: Sample L01-0068 1.1 has a new calculated value of 80683.901757002.
INFO: Sample L01-0068 1.1 has a new calculated value of 0.
INFO: Sample L01-0068 1.1 has a new calculated value of 0.
INFO: Sample P01-0028 1.1 has a new calculated value of 16001.9464418292.
INFO: Sample P01-0028 1.1 has a new calculated value of 88086.4083766938.
INFO: Sample P01-0028 1.1 has a new calculated value of 80070.897191763.
INFO: Sample P01-0037 1.1 has a new calculated value of 0.
INFO: Sample P01-0037 1.1 has a new calculated value of 3231.81286454201.
INFO: Sample P01-0037 1.1 has a new calculated value of 0.
INFO: Sample M04-0017 1.1 has a new calculated value of 6737.68381588161.
INFO: Sample M04-0017 1.1 has a new calculated value of 3368.70654020458.
INFO: Sample M04-0017 1.1 has a new calculated value of 0.
INFO: Sample A02-0417 1.1 has a new calculated value of 0.
INFO: Sample A02-0417 1.1 has a new calculated value of 0.
INFO: Sample A02-0417 1.1 has a new calculated value of 0.
INFO: Sample A02-0406 1.1 has a new calculated value of 0.
INFO: Sample A02-0406 1.1 has a new calculated value of 3169.25120539963.
INFO: Sample A02-0406 1.1 has a new calculated value of 0.
INFO: Sample M04-0011 1.1 has a new calculated value of 29672.0471978188.
INFO: Sample M04-0011 1.1 has a new calculated value of 0.
INFO: Sample M04-0011 1.1 has a new calculated value of 0.
INFO: Sample O01-0019 1.1 has a new calculated value of 0.
INFO: Sample O01-0019 1.1 has a new calculated value of 0.
INFO: Sample O01-0019 1.1 has a new calculated value of 0.
INFO: Sample L01-0069 1.1 has a new calculated value of 52752.3842453957.
INFO: Sample L01-0069 1.1 has a new calculated value of 2928.94693091512.
INFO: Sample L01-0069 1.1 has a new calculated value of 0.
LOW : WaTCH status of L01-0061 1.1 has been changed to Complete.
LOW : WaTCH status of L01-0067 1.1 has been changed to Complete.
LOW : WaTCH status of P01-0037 1.1 has been changed to Complete.
LOW : WaTCH status of N03-0016 1.1 has been changed to Complete.
LOW : WaTCH status of O01-0030 1.1 has been changed to Complete.
LOW : WaTCH status of M04-0017 1.1 has been changed to Complete.
LOW : WaTCH status of R01-0039 1.1 has been changed to Complete.
LOW : WaTCH status of N02-0024 1.1 has been changed to Complete.
LOW : WaTCH status of L01-0069 1.1 has been changed to Complete.
LOW : WaTCH status of M04-0006 1.1 has been changed to Complete.
LOW : WaTCH status of P01-0042 1.1 has been changed to Complete.
LOW : WaTCH status of E01-0083 1.1 has been changed to Complete.
LOW : WaTCH status of O01-0035 1.1 has been changed to Complete.
LOW : WaTCH status of L01-0070 1.1 has been changed to Complete.
LOW : WaTCH status of D01-0074 1.1 has been changed to Complete.
LOW : WaTCH status of N03-0002 1.1 has been changed to Complete.
LOW : WaTCH status of N02-0018 1.1 has been changed to Complete.
LOW : WaTCH status of A02-0406 1.1 has been changed to Complete.
LOW : WaTCH status of A02-0411 1.1 has been changed to Complete.
LOW : WaTCH status of D01-0062 1.1 has been changed to Complete.
LOW : WaTCH status of P01-0036 1.1 has been changed to Complete.
LOW : WaTCH status of N02-0003 1.1 has been changed to Complete.
LOW : WaTCH status of A02-0417 1.1 has been changed to Complete.
LOW : WaTCH status of L01-0066 1.1 has been changed to Complete.
LOW : WaTCH status of E01-0082 1.1 has been changed to Complete.
LOW : WaTCH status of J01-0011 1.1 has been changed to Complete.
LOW : WaTCH status of N03-0012 1.1 has been changed to Complete.
LOW : WaTCH status of R01-0034 1.1 has been changed to Complete.
LOW : WaTCH status of N02-0007 1.1 has been changed to Complete.
LOW : WaTCH status of P01-0040 1.1 has been changed to Complete.
LOW : WaTCH status of K01-0055 1.1 has been changed to Complete.
LOW : WaTCH status of E01-0080 1.1 has been changed to Complete.
LOW : WaTCH status of A03-0256 1.1 has been changed to Complete.
LOW : WaTCH status of P01-0028 1.1 has been changed to Complete.
LOW : WaTCH status of O01-0019 1.1 has been changed to Complete.
LOW : WaTCH status of J01-0010 1.1 has been changed to Complete.
LOW : WaTCH status of P01-0046 1.1 has been changed to Complete.
LOW : WaTCH status of M04-0021 1.1 has been changed to Complete.
LOW : WaTCH status of N02-0013 1.1 has been changed to Complete.
LOW : WaTCH status of N03-0022 1.1 has been changed to Complete.
LOW : WaTCH status of O01-0025 1.1 has been changed to Complete.
LOW : WaTCH status of P01-0033 1.1 has been changed to Complete.
LOW : WaTCH status of N03-0011 1.1 has been changed to Complete.
LOW : WaTCH status of L01-0065 1.1 has been changed to Complete.
LOW : WaTCH status of O01-0013 1.1 has been changed to Complete.
LOW : WaTCH status of M04-0011 1.1 has been changed to Complete.
LOW : WaTCH status of N02-0025 1.1 has been changed to Complete.
LOW : WaTCH status of L01-0068 1.1 has been changed to Complete.
LOW : WaTCH status of P01-0050 1.1 has been changed to Complete.
LOW : WaTCH status of N03-0006 1.1 has been changed to Complete.
LOW : WaTCH status of M04-0016 1.1 has been changed to Complete.
LOW : WaTCH status of J01-0009 1.1 has been changed to Complete.
LOW : WaTCH status of P01-0032 1.1 has been changed to Complete.
LOW : WaTCH status of R01-0046 1.1 has been changed to Complete.
LOW : WaTCH status of R01-0028 1.1 has been changed to Complete.
LOW : WaTCH status of A02-0416 1.1 has been changed to Complete.
#
# WaTCHdb update complete.
# 2022-03-31.15-23-02.
