# WaTCHdb update log.
# Command: 2_updateWaTCH.pl.
# Data output written to DB/INCREMENTAL/watchdb.2022-01-26.17-35-05.txt and DB/watchdb.LATEST.txt.
# Fatal errors and system warnings are NOT logged here; see STDERR for those.
#
# Run started 2022-01-26.17-35-05.
#
4 molecular targets added.
INFO: Finished WaTCHdb import.
1265 samples added.
INFO: Asset ID A01-0154, found during AssetTiger import, does not exist in the latest WaTCHdb. It will be added.
INFO: Asset ID A01-0155, found during AssetTiger import, does not exist in the latest WaTCHdb. It will be added.
INFO: Asset ID A01-0156, found during AssetTiger import, does not exist in the latest WaTCHdb. It will be added.
INFO: Asset ID A01-0157, found during AssetTiger import, does not exist in the latest WaTCHdb. It will be added.
INFO: Asset ID A01-0158, found during AssetTiger import, does not exist in the latest WaTCHdb. It will be added.
INFO: Asset ID A01-0159, found during AssetTiger import, does not exist in the latest WaTCHdb. It will be added.
INFO: Asset ID A02-0297, found during AssetTiger import, does not exist in the latest WaTCHdb. It will be added.
INFO: Asset ID A02-0298, found during AssetTiger import, does not exist in the latest WaTCHdb. It will be added.
INFO: Asset ID A02-0299, found during AssetTiger import, does not exist in the latest WaTCHdb. It will be added.
INFO: Asset ID A02-0300, found during AssetTiger import, does not exist in the latest WaTCHdb. It will be added.
INFO: Asset ID A02-0301, found during AssetTiger import, does not exist in the latest WaTCHdb. It will be added.
INFO: Asset ID A02-0302, found during AssetTiger import, does not exist in the latest WaTCHdb. It will be added.
INFO: Asset ID A02-0303, found during AssetTiger import, does not exist in the latest WaTCHdb. It will be added.
INFO: Asset ID A02-0304, found during AssetTiger import, does not exist in the latest WaTCHdb. It will be added.
INFO: Asset ID A02-0305, found during AssetTiger import, does not exist in the latest WaTCHdb. It will be added.
INFO: Asset ID A02-0306, found during AssetTiger import, does not exist in the latest WaTCHdb. It will be added.
INFO: Asset ID A03-0127, found during AssetTiger import, does not exist in the latest WaTCHdb. It will be added.
INFO: Asset ID C01-0108, found during AssetTiger import, does not exist in the latest WaTCHdb. It will be added.
INFO: Asset ID C01-0109, found during AssetTiger import, does not exist in the latest WaTCHdb. It will be added.
INFO: Asset ID C01-0110, found during AssetTiger import, does not exist in the latest WaTCHdb. It will be added.
INFO: Asset ID C01-0111, found during AssetTiger import, does not exist in the latest WaTCHdb. It will be added.
INFO: Asset ID C01-0112, found during AssetTiger import, does not exist in the latest WaTCHdb. It will be added.
INFO: Asset ID E01-0026, found during AssetTiger import, does not exist in the latest WaTCHdb. It will be added.
INFO: Asset ID E02-0086, found during AssetTiger import, does not exist in the latest WaTCHdb. It will be added.
INFO: Asset ID E02-0091, found during AssetTiger import, does not exist in the latest WaTCHdb. It will be added.
INFO: Asset ID E02-0097, found during AssetTiger import, does not exist in the latest WaTCHdb. It will be added.
INFO: Asset ID E02-0098, found during AssetTiger import, does not exist in the latest WaTCHdb. It will be added.
INFO: Asset ID E02-0099, found during AssetTiger import, does not exist in the latest WaTCHdb. It will be added.
INFO: Asset ID E02-0100, found during AssetTiger import, does not exist in the latest WaTCHdb. It will be added.
INFO: Asset ID H01-0071, found during AssetTiger import, does not exist in the latest WaTCHdb. It will be added.
INFO: Asset ID H01-0072, found during AssetTiger import, does not exist in the latest WaTCHdb. It will be added.
INFO: Asset ID H01-0074, found during AssetTiger import, does not exist in the latest WaTCHdb. It will be added.
INFO: Asset ID H01-0075, found during AssetTiger import, does not exist in the latest WaTCHdb. It will be added.
INFO: Asset ID H01-0102, found during AssetTiger import, does not exist in the latest WaTCHdb. It will be added.
INFO: Asset ID H01-0103, found during AssetTiger import, does not exist in the latest WaTCHdb. It will be added.
INFO: Sample H01-0074 has a new calculated value of 1544955.64699173.
INFO: Sample H01-0074 has a new calculated value of 21520.8030492067.
INFO: Sample H01-0074 has a new calculated value of 1667913.2938385.
INFO: Sample H01-0075 has a new calculated value of 1472859.13467407.
INFO: Sample H01-0075 has a new calculated value of 45251.9244700671.
INFO: Sample H01-0075 has a new calculated value of 1038868.55006218.
INFO: Sample H01-0103 has a new calculated value of 1650249.19509888.
INFO: Sample H01-0103 has a new calculated value of 72228.1555831431.
INFO: Sample H01-0103 has a new calculated value of 1806442.33703613.
INFO: Sample A02-0295 has a new calculated value of 399279.094934463.
INFO: Sample A02-0295 has a new calculated value of 8110.64603738488.
INFO: Sample A02-0295 has a new calculated value of 418387.591838835.
INFO: Sample C01-0103 has a new calculated value of 198800.203800201.
INFO: Sample C01-0103 has a new calculated value of 11174.9803461134.
INFO: Sample C01-0103 has a new calculated value of 165133.876204491.
INFO: Sample A02-0293 has a new calculated value of 624142.677783965.
INFO: Sample A02-0293 has a new calculated value of 22452.3305520415.
INFO: Sample A02-0293 has a new calculated value of 207016.547620297.
INFO: Sample C01-0107 has a new calculated value of 130034.234672785.
INFO: Sample C01-0107 has a new calculated value of 6602.18389704825.
INFO: Sample C01-0107 has a new calculated value of 132241.686433554.
INFO: Sample E02-0100 has a new calculated value of 896019.698381425.
INFO: Sample E02-0100 has a new calculated value of 56452.2573351861.
INFO: Sample E02-0100 has a new calculated value of 413046.81122303.
INFO: Sample C01-0106 has a new calculated value of 254645.60598135.
INFO: Sample C01-0106 has a new calculated value of 30174.0587130189.
INFO: Sample C01-0106 has a new calculated value of 244531.149566174.
INFO: Sample G01-0036 has a new calculated value of 969868.555068971.
INFO: Sample G01-0036 has a new calculated value of 6728.48995774985.
INFO: Sample G01-0036 has a new calculated value of 429417.189359665.
INFO: Sample K01-0025 has a new calculated value of 116071.189641952.
INFO: Sample K01-0025 has a new calculated value of 5039.89476710558.
INFO: Sample K01-0025 has a new calculated value of 111017.927974462.
INFO: Sample C01-0105 has a new calculated value of 422059.028148652.
INFO: Sample C01-0105 has a new calculated value of 16471.5132303536.
INFO: Sample C01-0105 has a new calculated value of 189814.351201057.
INFO: Sample E01-0026 has a new calculated value of 620401.117801665.
INFO: Sample E01-0026 has a new calculated value of 95121.937841177.
INFO: Sample E01-0026 has a new calculated value of 364037.532806397.
INFO: Sample H01-0065 has a new calculated value of 5834.04312841595.
INFO: Sample H01-0065 has a new calculated value of 0.
INFO: Sample H01-0065 has a new calculated value of 11668.8984632492.
INFO: Sample A02-0298 has a new calculated value of 2838686.98596954.
INFO: Sample A02-0298 has a new calculated value of 58796.0323691369.
INFO: Sample A02-0298 has a new calculated value of 2889614.7108078.
INFO: Sample H01-0073 has a new calculated value of 79315.2755498887.
INFO: Sample H01-0073 has a new calculated value of 22193.1507065892.
INFO: Sample H01-0073 has a new calculated value of 107905.552983284.
INFO: Sample A02-0297 has a new calculated value of 338276.697993279.
INFO: Sample A02-0297 has a new calculated value of 26864.1678616404.
INFO: Sample A02-0297 has a new calculated value of 389993.789792062.
INFO: Sample A02-0292 has a new calculated value of 661905.362606048.
INFO: Sample A02-0292 has a new calculated value of 34806.8246617913.
INFO: Sample A02-0292 has a new calculated value of 117589.06647563.
INFO: Sample E02-0098 has a new calculated value of 1003843.88208389.
INFO: Sample E02-0098 has a new calculated value of 17329.6523094177.
INFO: Sample E02-0098 has a new calculated value of 549355.88300228.
INFO: Sample H01-0102 has a new calculated value of 1120155.34043312.
INFO: Sample H01-0102 has a new calculated value of 66311.3263249397.
INFO: Sample H01-0102 has a new calculated value of 1200659.69467163.
INFO: Sample K01-0040 has a new calculated value of 210197.78072834.
INFO: Sample K01-0040 has a new calculated value of 9019.1021002829.
INFO: Sample K01-0040 has a new calculated value of 214729.743897915.
INFO: Sample C01-0104 has a new calculated value of 326966.775655746.
INFO: Sample C01-0104 has a new calculated value of 22045.2866703272.
INFO: Sample C01-0104 has a new calculated value of 324498.823285103.
INFO: Sample E01-0051 has a new calculated value of 1168929.68416214.
INFO: Sample E01-0051 has a new calculated value of 0.
INFO: Sample E01-0051 has a new calculated value of 527546.367645265.
INFO: Sample A02-0296 has a new calculated value of 0.
INFO: Sample A02-0296 has a new calculated value of 12791.6267886758.
INFO: Sample A02-0296 has a new calculated value of 0.
INFO: Sample H01-0067 has a new calculated value of 158711.325824261.
INFO: Sample H01-0067 has a new calculated value of 4800.61450973153.
INFO: Sample H01-0067 has a new calculated value of 182811.021208763.
INFO: Sample E02-0086 has a new calculated value of 411899.045705793.
INFO: Sample E02-0086 has a new calculated value of 2732.63345472515.
INFO: Sample E02-0086 has a new calculated value of 422938.665747641.
INFO: Sample G01-0076 has a new calculated value of 942162.433862687.
INFO: Sample G01-0076 has a new calculated value of 27632.2008669376.
INFO: Sample G01-0076 has a new calculated value of 988416.945934295.
INFO: Sample K01-0020 has a new calculated value of 93335.2705836297.
INFO: Sample K01-0020 has a new calculated value of 4238.00629097967.
INFO: Sample K01-0020 has a new calculated value of 120951.435416937.
INFO: Sample E02-0091 has a new calculated value of 0.
INFO: Sample E02-0091 has a new calculated value of 0.
INFO: Sample E02-0091 has a new calculated value of 0.
INFO: Sample A02-0299 has a new calculated value of 2535850.29602051.
INFO: Sample A02-0299 has a new calculated value of 117338.350564241.
INFO: Sample A02-0299 has a new calculated value of 2237379.21237946.
INFO: Sample H01-0068 has a new calculated value of 183805.221319199.
INFO: Sample H01-0068 has a new calculated value of 5643.54197122156.
INFO: Sample H01-0068 has a new calculated value of 186639.301478863.
INFO: Sample G01-0031 has a new calculated value of 824926.049709321.
INFO: Sample G01-0031 has a new calculated value of 0.
INFO: Sample G01-0031 has a new calculated value of 321164.517402649.
INFO: Sample H01-0071 has a new calculated value of 830266.388654708.
INFO: Sample H01-0071 has a new calculated value of 6067.57370755075.
INFO: Sample H01-0071 has a new calculated value of 876705.994606019.
INFO: Sample E01-0052 has a new calculated value of 1852797.07431793.
INFO: Sample E01-0052 has a new calculated value of 0.
INFO: Sample E01-0052 has a new calculated value of 393924.452662469.
INFO: Sample A02-0300 has a new calculated value of 2935788.4311676.
INFO: Sample A02-0300 has a new calculated value of 102250.116169453.
INFO: Sample A02-0300 has a new calculated value of 3504603.66725921.
INFO: Sample H01-0070 has a new calculated value of 147009.370028973.
INFO: Sample H01-0070 has a new calculated value of 25407.0589318871.
INFO: Sample H01-0070 has a new calculated value of 132851.429432631.
INFO: Sample H01-0066 has a new calculated value of 144693.556129932.
INFO: Sample H01-0066 has a new calculated value of 3282.94869046658.
INFO: Sample H01-0066 has a new calculated value of 138105.72758317.
INFO: Sample G01-0032 has a new calculated value of 1000398.4451294.
INFO: Sample G01-0032 has a new calculated value of 7269.40669119358.
INFO: Sample G01-0032 has a new calculated value of 255182.456374168.
INFO: Sample D01-0013 has a new calculated value of 267380.594909191.
INFO: Sample D01-0013 has a new calculated value of 16661.404967308.
INFO: Sample D01-0013 has a new calculated value of 20827.7924358845.
INFO: Sample H01-0072 has a new calculated value of 693385.387659072.
INFO: Sample H01-0072 has a new calculated value of 2830.05947247148.
INFO: Sample H01-0072 has a new calculated value of 765376.442670823.
INFO: Sample K01-0024 has a new calculated value of 222663.044929504.
INFO: Sample K01-0024 has a new calculated value of 8883.84637422859.
INFO: Sample K01-0024 has a new calculated value of 256164.765357971.
INFO: Sample H01-0101 has a new calculated value of 227071.357369423.
INFO: Sample H01-0101 has a new calculated value of 54934.7372353078.
INFO: Sample H01-0101 has a new calculated value of 223621.690571308.
INFO: Sample E02-0099 has a new calculated value of 297417.903542519.
INFO: Sample E02-0099 has a new calculated value of 28690.3136596084.
INFO: Sample E02-0099 has a new calculated value of 2420361.2279892.
INFO: Sample G01-0042 has a new calculated value of 823490.756750107.
INFO: Sample G01-0042 has a new calculated value of 15867.8548783064.
INFO: Sample G01-0042 has a new calculated value of 283350.021243095.
INFO: Sample D01-0017 has a new calculated value of 864248.986244201.
INFO: Sample D01-0017 has a new calculated value of 27963.5471105576.
INFO: Sample D01-0017 has a new calculated value of 975689.907073975.
INFO: Sample A02-0294 has a new calculated value of 169565.121531486.
INFO: Sample A02-0294 has a new calculated value of 20428.3928498626.
INFO: Sample A02-0294 has a new calculated value of 64237.0764166117.
INFO: Sample E02-0097 has a new calculated value of 1178725.52633285.
INFO: Sample E02-0097 has a new calculated value of 36224.5166301726.
INFO: Sample E02-0097 has a new calculated value of 1193624.90415573.
INFO: Sample D01-0014 has a new calculated value of 284700.122773647.
INFO: Sample D01-0014 has a new calculated value of 12161.8514880538.
INFO: Sample D01-0014 has a new calculated value of 36496.1439371108.
LOW : WaTCH status of E01-0026 has been changed to Complete.
LOW : WaTCH status of H01-0102 has been changed to Complete.
LOW : WaTCH status of A02-0293 has been changed to Complete.
LOW : WaTCH status of C01-0104 has been changed to Complete.
LOW : WaTCH status of C01-0106 has been changed to Complete.
LOW : WaTCH status of A02-0292 has been changed to Complete.
LOW : WaTCH status of H01-0070 has been changed to Complete.
LOW : WaTCH status of K01-0025 has been changed to Complete.
LOW : WaTCH status of A02-0295 has been changed to Complete.
LOW : WaTCH status of G01-0032 has been changed to Complete.
LOW : WaTCH status of K01-0024 has been changed to Complete.
LOW : WaTCH status of H01-0067 has been changed to Complete.
LOW : WaTCH status of G01-0031 has been changed to Complete.
LOW : WaTCH status of A02-0298 has been changed to Complete.
LOW : WaTCH status of H01-0073 has been changed to Complete.
LOW : WaTCH status of A02-0296 has been changed to Complete.
LOW : WaTCH status of H01-0074 has been changed to Complete.
LOW : WaTCH status of E02-0086 has been changed to Complete.
LOW : WaTCH status of C01-0107 has been changed to Complete.
LOW : WaTCH status of A02-0297 has been changed to Complete.
LOW : WaTCH status of E02-0098 has been changed to Complete.
LOW : WaTCH status of G01-0036 has been changed to Complete.
LOW : WaTCH status of H01-0066 has been changed to Complete.
LOW : WaTCH status of D01-0013 has been changed to Complete.
LOW : WaTCH status of E02-0100 has been changed to Complete.
LOW : WaTCH status of H01-0075 has been changed to Complete.
LOW : WaTCH status of D01-0014 has been changed to Complete.
LOW : WaTCH status of A02-0300 has been changed to Complete.
LOW : WaTCH status of G01-0042 has been changed to Complete.
LOW : WaTCH status of E02-0097 has been changed to Complete.
LOW : WaTCH status of A02-0299 has been changed to Complete.
LOW : WaTCH status of H01-0068 has been changed to Complete.
LOW : WaTCH status of E01-0052 has been changed to Complete.
LOW : WaTCH status of H01-0103 has been changed to Complete.
LOW : WaTCH status of C01-0103 has been changed to Complete.
LOW : WaTCH status of H01-0072 has been changed to Complete.
LOW : WaTCH status of A02-0294 has been changed to Complete.
LOW : WaTCH status of K01-0020 has been changed to Complete.
LOW : WaTCH status of G01-0076 has been changed to Complete.
LOW : WaTCH status of H01-0071 has been changed to Complete.
LOW : WaTCH status of C01-0105 has been changed to Complete.
LOW : WaTCH status of K01-0040 has been changed to Complete.
LOW : WaTCH status of H01-0101 has been changed to Complete.
LOW : WaTCH status of E01-0051 has been changed to Complete.
LOW : WaTCH status of H01-0065 has been changed to Complete.
#
# WaTCHdb update complete.
# 2022-01-26.17-35-06.
