# WaTCHdb update log.
# Command: 2_updateWaTCH.pl.
# Data output written to DB/INCREMENTAL/watchdb.2022-06-02.16-06-56.txt and DB/watchdb.LATEST.txt.
# Fatal errors and system warnings are NOT logged here; see STDERR for those.
#
# Run started 2022-06-02.16-06-56.
#
4 molecular targets added.
INFO: Finished WaTCHdb import. 3213 total assets present.
INFO: Finished AssetTiger import. 90 new assets added. 3303 total assets present.
INFO: Sample G01-0157 1.1 has a new calculated value of 7424.36293512582.
INFO: Sample G01-0157 1.1 has a new calculated value of 255658.712983132.
INFO: Sample G01-0157 1.1 has a new calculated value of 233257.30830431.
INFO: Sample H01-0225 1.1 has a new calculated value of 4635.74403896929.
INFO: Sample H01-0225 1.1 has a new calculated value of 99781.6711664198.
INFO: Sample H01-0225 1.1 has a new calculated value of 116047.713160515.
INFO: Sample R01-0035 1.1 has a new calculated value of 31083.5791379213.
INFO: Sample R01-0035 1.1 has a new calculated value of 2219.49139377102.
INFO: Sample R01-0035 1.1 has a new calculated value of 0.
INFO: Sample Q01-0015 1.1 has a new calculated value of 0.
INFO: Sample Q01-0015 1.1 has a new calculated value of 270437.361896038.
INFO: Sample Q01-0015 1.1 has a new calculated value of 232706.63022995.
INFO: Sample E01-0114 1.1 has a new calculated value of 20396.6732695699.
INFO: Sample E01-0114 1.1 has a new calculated value of 320693.934559822.
INFO: Sample E01-0114 1.1 has a new calculated value of 325260.500907898.
INFO: Sample N02-0090 1.1 has a new calculated value of 9579.83242347837.
INFO: Sample N02-0090 1.1 has a new calculated value of 175177.546441555.
INFO: Sample N02-0090 1.1 has a new calculated value of 177582.322955131.
INFO: Sample E02-0135 1.1 has a new calculated value of 2381.01204391569.
INFO: Sample E02-0135 1.1 has a new calculated value of 2381.01204391569.
INFO: Sample E02-0135 1.1 has a new calculated value of 11906.4131006599.
INFO: Sample E01-0113 1.1 has a new calculated value of 10648.044180125.
INFO: Sample E01-0113 1.1 has a new calculated value of 132227.332144976.
INFO: Sample E01-0113 1.1 has a new calculated value of 149319.357275963.
INFO: Sample A01-0281 1.1 has a new calculated value of 36693.7065124514.
INFO: Sample A01-0281 1.1 has a new calculated value of 451181.586384774.
INFO: Sample A01-0281 1.1 has a new calculated value of 438098.52719307.
INFO: Sample H01-0227 1.1 has a new calculated value of 6530.51597066223.
INFO: Sample H01-0227 1.1 has a new calculated value of 246688.18295002.
INFO: Sample H01-0227 1.1 has a new calculated value of 277352.663576603.
INFO: Sample H01-0250 1.1 has a new calculated value of 4890.80605097113.
INFO: Sample H01-0250 1.1 has a new calculated value of 137158.769220114.
INFO: Sample H01-0250 1.1 has a new calculated value of 137158.769220114.
INFO: Sample Q01-0017 1.1 has a new calculated value of 9116.7038306594.
INFO: Sample Q01-0017 1.1 has a new calculated value of 86688.8527572156.
INFO: Sample Q01-0017 1.1 has a new calculated value of 61576.2669593095.
INFO: Sample A03-0359 1.1 has a new calculated value of 14881.6780932248.
INFO: Sample A03-0359 1.1 has a new calculated value of 24805.7331517339.
INFO: Sample A03-0359 1.1 has a new calculated value of 17362.4707572162.
INFO: Sample H01-0223 1.1 has a new calculated value of 6830.6554388255.
INFO: Sample H01-0223 1.1 has a new calculated value of 79760.3349387646.
INFO: Sample H01-0223 1.1 has a new calculated value of 84322.6544559002.
INFO: Sample R01-0033 1.1 has a new calculated value of 2275.64896456897.
INFO: Sample R01-0033 1.1 has a new calculated value of 0.
INFO: Sample R01-0033 1.1 has a new calculated value of 2275.64896456897.
INFO: Sample E02-0134 1.1 has a new calculated value of 2171.87539441511.
INFO: Sample E02-0134 1.1 has a new calculated value of 10860.5025149882.
INFO: Sample E02-0134 1.1 has a new calculated value of 10860.5025149882.
INFO: Sample R01-0006 1.1 has a new calculated value of 27590.8558443189.
INFO: Sample R01-0006 1.1 has a new calculated value of 0.
INFO: Sample R01-0006 1.1 has a new calculated value of 5015.16865566373.
INFO: Sample A04-0086 1.1 has a new calculated value of 31920.6146523356.
INFO: Sample A04-0086 1.1 has a new calculated value of 428387.757539749.
INFO: Sample A04-0086 1.1 has a new calculated value of 479075.383543969.
INFO: Sample E02-0133 1.1 has a new calculated value of 7220.14929167926.
INFO: Sample E02-0133 1.1 has a new calculated value of 7220.14929167926.
INFO: Sample E02-0133 1.1 has a new calculated value of 9627.1421201527.
INFO: Sample E01-0115 1.1 has a new calculated value of 4595.33650428056.
INFO: Sample E01-0115 1.1 has a new calculated value of 348372.740149498.
INFO: Sample E01-0115 1.1 has a new calculated value of 346056.07688427.
INFO: Sample H01-0224 1.1 has a new calculated value of 9166.04988276958.
INFO: Sample H01-0224 1.1 has a new calculated value of 91750.828921795.
INFO: Sample H01-0224 1.1 has a new calculated value of 100936.970561743.
INFO: Sample Q01-0018 1.1 has a new calculated value of 4696.78533263503.
INFO: Sample Q01-0018 1.1 has a new calculated value of 221319.857239723.
INFO: Sample Q01-0018 1.1 has a new calculated value of 230763.722062111.
INFO: Sample H01-0228 1.1 has a new calculated value of 4461.30864322184.
INFO: Sample H01-0228 1.1 has a new calculated value of 230377.17550993.
INFO: Sample H01-0228 1.1 has a new calculated value of 243836.300075054.
INFO: Sample R01-0010 1.1 has a new calculated value of 7239.27170969546.
INFO: Sample R01-0010 1.1 has a new calculated value of 0.
INFO: Sample R01-0010 1.1 has a new calculated value of 2412.95166313648.
INFO: Sample G01-0175 1.1 has a new calculated value of 9637.10412383079.
INFO: Sample G01-0175 1.1 has a new calculated value of 144789.755344391.
INFO: Sample G01-0175 1.1 has a new calculated value of 110960.706174373.
INFO: Sample D01-0100 1.1 has a new calculated value of 19323.577657342.
INFO: Sample D01-0100 1.1 has a new calculated value of 581441.709995271.
INFO: Sample D01-0100 1.1 has a new calculated value of 596680.358648302.
INFO: Sample A03-0360 1.1 has a new calculated value of 37553.2438606025.
INFO: Sample A03-0360 1.1 has a new calculated value of 2346.09221108258.
INFO: Sample A03-0360 1.1 has a new calculated value of 0.
INFO: Sample H01-0229 1.1 has a new calculated value of 2160.0104123354.
INFO: Sample H01-0229 1.1 has a new calculated value of 49708.4299474954.
INFO: Sample H01-0229 1.1 has a new calculated value of 47545.9648668765.
INFO: Sample A03-0357 1.1 has a new calculated value of 4682.87855386733.
INFO: Sample A03-0357 1.1 has a new calculated value of 0.
INFO: Sample A03-0357 1.1 has a new calculated value of 0.
INFO: Sample Q01-0019 1.1 has a new calculated value of 11757.4448883533.
INFO: Sample Q01-0019 1.1 has a new calculated value of 164905.124902725.
INFO: Sample Q01-0019 1.1 has a new calculated value of 160184.551477432.
INFO: Sample E02-0132 1.1 has a new calculated value of 12541.2984006107.
INFO: Sample E02-0132 1.1 has a new calculated value of 0.
INFO: Sample E02-0132 1.1 has a new calculated value of 2507.95937608927.
INFO: Sample A01-0282 1.1 has a new calculated value of 30474.9509319663.
INFO: Sample A01-0282 1.1 has a new calculated value of 433076.055049898.
INFO: Sample A01-0282 1.1 has a new calculated value of 384734.888076784.
INFO: Sample B01-0161 1.1 has a new calculated value of 4597.85699844362.
INFO: Sample B01-0161 1.1 has a new calculated value of 235136.191248894.
INFO: Sample B01-0161 1.1 has a new calculated value of 267512.994110584.
INFO: Sample Q01-0020 1.1 has a new calculated value of 10340.9239836037.
INFO: Sample Q01-0020 1.1 has a new calculated value of 170952.374339104.
INFO: Sample Q01-0020 1.1 has a new calculated value of 170952.374339104.
INFO: Sample N02-0078 1.1 has a new calculated value of 2108.07857103646.
INFO: Sample N02-0078 1.1 has a new calculated value of 152053.331136703.
INFO: Sample N02-0078 1.1 has a new calculated value of 156284.924447537.
INFO: Sample R01-0030 1.1 has a new calculated value of 7387.28544674814.
INFO: Sample R01-0030 1.1 has a new calculated value of 0.
INFO: Sample R01-0030 1.1 has a new calculated value of 2462.28391304612.
INFO: Sample R01-0009 1.1 has a new calculated value of 45600.8780747653.
INFO: Sample R01-0009 1.1 has a new calculated value of 0.
INFO: Sample R01-0009 1.1 has a new calculated value of 6077.25170440971.
INFO: Sample G01-0163 1.1 has a new calculated value of 2473.32700062543.
INFO: Sample G01-0163 1.1 has a new calculated value of 243082.470595837.
INFO: Sample G01-0163 1.1 has a new calculated value of 267966.249883175.
INFO: Sample N02-0077 1.1 has a new calculated value of 0.
INFO: Sample N02-0077 1.1 has a new calculated value of 141735.961139202.
INFO: Sample N02-0077 1.1 has a new calculated value of 163398.892879486.
INFO: Sample A01-0261 1.1 has a new calculated value of 24142.7221521735.
INFO: Sample A01-0261 1.1 has a new calculated value of 312513.654828072.
INFO: Sample A01-0261 1.1 has a new calculated value of 387962.411642074.
INFO: Sample D01-0086 1.1 has a new calculated value of 24144.6204856038.
INFO: Sample D01-0086 1.1 has a new calculated value of 672442.939281465.
INFO: Sample D01-0086 1.1 has a new calculated value of 679132.955074312.
INFO: Sample Q01-0016 1.1 has a new calculated value of 4538.6068057269.
INFO: Sample Q01-0016 1.1 has a new calculated value of 99963.0618095399.
INFO: Sample Q01-0016 1.1 has a new calculated value of 127267.13553071.
INFO: Sample A03-0364 1.1 has a new calculated value of 49893.5493081808.
INFO: Sample A03-0364 1.1 has a new calculated value of 76051.9851744175.
INFO: Sample A03-0364 1.1 has a new calculated value of 64159.7628593446.
INFO: Sample A01-0283 1.1 has a new calculated value of 64353.9874255656.
INFO: Sample A01-0283 1.1 has a new calculated value of 522628.401517868.
INFO: Sample A01-0283 1.1 has a new calculated value of 505102.035999299.
INFO: Sample A04-0083 1.1 has a new calculated value of 4880.27072511612.
INFO: Sample A04-0083 1.1 has a new calculated value of 1112635.73169708.
INFO: Sample A04-0083 1.1 has a new calculated value of 1157761.53802872.
INFO: Sample R01-0003 1.1 has a new calculated value of 7269.40669119358.
INFO: Sample R01-0003 1.1 has a new calculated value of 0.
INFO: Sample R01-0003 1.1 has a new calculated value of 2422.99541831016.
INFO: Sample R01-0008 1.1 has a new calculated value of 15310.2342970669.
INFO: Sample R01-0008 1.1 has a new calculated value of 0.
INFO: Sample R01-0008 1.1 has a new calculated value of 6560.84365211428.
INFO: Sample A03-0363 1.1 has a new calculated value of 191395.276486873.
INFO: Sample A03-0363 1.1 has a new calculated value of 84404.4569134714.
INFO: Sample A03-0363 1.1 has a new calculated value of 71981.3722372056.
INFO: Sample B01-0154 1.1 has a new calculated value of 4781.44590742885.
INFO: Sample B01-0154 1.1 has a new calculated value of 165275.92420578.
INFO: Sample B01-0154 1.1 has a new calculated value of 167676.029205322.
INFO: Sample A04-0084 1.1 has a new calculated value of 0.
INFO: Sample A04-0084 1.1 has a new calculated value of 616670.157909394.
INFO: Sample A04-0084 1.1 has a new calculated value of 644123.032093049.
INFO: Sample A01-0284 1.1 has a new calculated value of 0.
INFO: Sample A01-0284 1.1 has a new calculated value of 208376.280963421.
INFO: Sample A01-0284 1.1 has a new calculated value of 223610.988557339.
INFO: Sample N02-0099 1.1 has a new calculated value of 6463.0439132452.
INFO: Sample N02-0099 1.1 has a new calculated value of 202983.841896057.
INFO: Sample N02-0099 1.1 has a new calculated value of 174852.969646454.
INFO: Sample A01-0285 1.1 has a new calculated value of 2269.61076725274.
INFO: Sample A01-0285 1.1 has a new calculated value of 477040.336132051.
INFO: Sample A01-0285 1.1 has a new calculated value of 548262.205123902.
INFO: Sample G01-0162 1.1 has a new calculated value of 2377.77011934668.
INFO: Sample G01-0162 1.1 has a new calculated value of 150063.588917255.
INFO: Sample G01-0162 1.1 has a new calculated value of 140519.762188196.
INFO: Sample E02-0131 1.1 has a new calculated value of 0.
INFO: Sample E02-0131 1.1 has a new calculated value of 2194.27583506331.
INFO: Sample E02-0131 1.1 has a new calculated value of 6583.17242749034.
INFO: Sample B01-0155 1.1 has a new calculated value of 2350.0385787338.
INFO: Sample B01-0155 1.1 has a new calculated value of 320821.067690849.
INFO: Sample B01-0155 1.1 has a new calculated value of 318453.102707863.
INFO: Sample Q01-0021 1.1 has a new calculated value of 2406.57823160291.
INFO: Sample Q01-0021 1.1 has a new calculated value of 209890.989661217.
INFO: Sample Q01-0021 1.1 has a new calculated value of 195381.963551044.
INFO: Sample A04-0085 1.1 has a new calculated value of 15940.7952614129.
INFO: Sample A04-0085 1.1 has a new calculated value of 644720.849990846.
INFO: Sample A04-0085 1.1 has a new calculated value of 1175227.22482681.
INFO: Sample R01-0013 1.1 has a new calculated value of 8958.37666466833.
INFO: Sample R01-0013 1.1 has a new calculated value of 0.
INFO: Sample R01-0013 1.1 has a new calculated value of 0.
INFO: Sample E01-0116 1.1 has a new calculated value of 2336.28388959914.
INFO: Sample E01-0116 1.1 has a new calculated value of 35057.9397752881.
INFO: Sample E01-0116 1.1 has a new calculated value of 37396.1790651083.
INFO: Sample G01-0170 1.1 has a new calculated value of 6497.10827507078.
INFO: Sample G01-0170 1.1 has a new calculated value of 95392.0193016529.
INFO: Sample G01-0170 1.1 has a new calculated value of 121445.741057396.
INFO: Sample N02-0087 1.1 has a new calculated value of 4508.33804905416.
INFO: Sample N02-0087 1.1 has a new calculated value of 153556.199669838.
INFO: Sample N02-0087 1.1 has a new calculated value of 171658.673286438.
LOW : WaTCH status of N02-0077 1.1 has been changed to Complete.
LOW : WaTCH status of G01-0170 1.1 has been changed to Complete.
LOW : WaTCH status of Q01-0017 1.1 has been changed to Complete.
LOW : WaTCH status of D01-0086 1.1 has been changed to Complete.
LOW : WaTCH status of A03-0360 1.1 has been changed to Complete.
LOW : WaTCH status of H01-0224 1.1 has been changed to Complete.
LOW : WaTCH status of A03-0359 1.1 has been changed to Complete.
LOW : WaTCH status of H01-0225 1.1 has been changed to Complete.
LOW : WaTCH status of G01-0157 1.1 has been changed to Complete.
LOW : WaTCH status of E02-0131 1.1 has been changed to Complete.
LOW : WaTCH status of Q01-0018 1.1 has been changed to Complete.
LOW : WaTCH status of Q01-0016 1.1 has been changed to Complete.
LOW : WaTCH status of N02-0078 1.1 has been changed to Complete.
LOW : WaTCH status of E02-0133 1.1 has been changed to Complete.
LOW : WaTCH status of E02-0132 1.1 has been changed to Complete.
LOW : WaTCH status of N02-0090 1.1 has been changed to Complete.
LOW : WaTCH status of A04-0085 1.1 has been changed to Complete.
LOW : WaTCH status of R01-0035 1.1 has been changed to Complete.
LOW : WaTCH status of A04-0084 1.1 has been changed to Complete.
LOW : WaTCH status of G01-0175 1.1 has been changed to Complete.
LOW : WaTCH status of Q01-0020 1.1 has been changed to Complete.
LOW : WaTCH status of A01-0281 1.1 has been changed to Complete.
LOW : WaTCH status of R01-0010 1.1 has been changed to Complete.
LOW : WaTCH status of A03-0364 1.1 has been changed to Complete.
LOW : WaTCH status of E01-0115 1.1 has been changed to Complete.
LOW : WaTCH status of A01-0283 1.1 has been changed to Complete.
LOW : WaTCH status of A03-0357 1.1 has been changed to Complete.
LOW : WaTCH status of E01-0114 1.1 has been changed to Complete.
LOW : WaTCH status of H01-0250 1.1 has been changed to Complete.
LOW : WaTCH status of Q01-0019 1.1 has been changed to Complete.
LOW : WaTCH status of R01-0030 1.1 has been changed to Complete.
LOW : WaTCH status of A01-0282 1.1 has been changed to Complete.
LOW : WaTCH status of H01-0227 1.1 has been changed to Complete.
LOW : WaTCH status of B01-0155 1.1 has been changed to Complete.
LOW : WaTCH status of A04-0086 1.1 has been changed to Complete.
LOW : WaTCH status of B01-0154 1.1 has been changed to Complete.
LOW : WaTCH status of A03-0363 1.1 has been changed to Complete.
LOW : WaTCH status of N02-0087 1.1 has been changed to Complete.
LOW : WaTCH status of Q01-0015 1.1 has been changed to Complete.
LOW : WaTCH status of R01-0003 1.1 has been changed to Complete.
LOW : WaTCH status of N02-0099 1.1 has been changed to Complete.
LOW : WaTCH status of H01-0228 1.1 has been changed to Complete.
LOW : WaTCH status of A01-0261 1.1 has been changed to Complete.
LOW : WaTCH status of R01-0009 1.1 has been changed to Complete.
LOW : WaTCH status of A01-0284 1.1 has been changed to Complete.
LOW : WaTCH status of E01-0113 1.1 has been changed to Complete.
LOW : WaTCH status of A01-0285 1.1 has been changed to Complete.
LOW : WaTCH status of H01-0223 1.1 has been changed to Complete.
LOW : WaTCH status of R01-0013 1.1 has been changed to Complete.
LOW : WaTCH status of B01-0161 1.1 has been changed to Complete.
LOW : WaTCH status of D01-0100 1.1 has been changed to Complete.
LOW : WaTCH status of E01-0116 1.1 has been changed to Complete.
LOW : WaTCH status of Q01-0021 1.1 has been changed to Complete.
LOW : WaTCH status of R01-0033 1.1 has been changed to Complete.
LOW : WaTCH status of G01-0162 1.1 has been changed to Complete.
LOW : WaTCH status of A04-0083 1.1 has been changed to Complete.
LOW : WaTCH status of H01-0229 1.1 has been changed to Complete.
LOW : WaTCH status of E02-0135 1.1 has been changed to Complete.
LOW : WaTCH status of R01-0008 1.1 has been changed to Complete.
LOW : WaTCH status of G01-0163 1.1 has been changed to Complete.
LOW : WaTCH status of E02-0134 1.1 has been changed to Complete.
LOW : WaTCH status of R01-0006 1.1 has been changed to Complete.
#
# WaTCHdb update complete.
# 2022-06-02.16-06-57.
