# WaTCHdb update log.
# Command: 2_updateWaTCH.pl.
# Data output written to DB/INCREMENTAL/watchdb.2022-05-28.08-11-20.txt and DB/watchdb.LATEST.txt.
# Fatal errors and system warnings are NOT logged here; see STDERR for those.
#
# Run started 2022-05-28.08-11-20.
#
4 molecular targets added.
INFO: Finished WaTCHdb import. 3213 total assets present.
INFO: Finished AssetTiger import. 0 new assets added. 3213 total assets present.
HIGH: Mysterious sample ID JK01-0054 found during Run Metadata import, does not exist in AT or WaTCHdb. This is concerning.
HIGH: JK01-0054 will be ignored!
INFO: Sample A02-0516 1.1 has a new calculated value of 0.
INFO: Sample A02-0516 1.1 has a new calculated value of 172699.758410454.
INFO: Sample A02-0516 1.1 has a new calculated value of 100320.228785277.
INFO: Sample M04-0069 1.1 has a new calculated value of 0.
INFO: Sample M04-0069 1.1 has a new calculated value of 534770.159125327.
INFO: Sample M04-0069 1.1 has a new calculated value of 573069.405555725.
INFO: Sample N03-0089 1.1 has a new calculated value of 2251.20261311531.
INFO: Sample N03-0089 1.1 has a new calculated value of 105937.452614307.
INFO: Sample N03-0089 1.1 has a new calculated value of 90142.5540447233.
INFO: Sample A02-0525 1.1 has a new calculated value of 22211.4460542798.
INFO: Sample A02-0525 1.1 has a new calculated value of 1594196.87032699.
INFO: Sample A02-0525 1.1 has a new calculated value of 1517379.1050911.
INFO: Sample N03-0090 1.1 has a new calculated value of 0.
INFO: Sample N03-0090 1.1 has a new calculated value of 6230.53416609763.
INFO: Sample N03-0090 1.1 has a new calculated value of 4153.58672384174.
INFO: Sample K01-0087 1.1 has a new calculated value of 4785.81377305089.
INFO: Sample K01-0087 1.1 has a new calculated value of 74241.595119238.
INFO: Sample K01-0087 1.1 has a new calculated value of 57465.8697098494.
INFO: Sample K01-0088 1.1 has a new calculated value of 0.
INFO: Sample K01-0088 1.1 has a new calculated value of 72203.5834193229.
INFO: Sample K01-0088 1.1 has a new calculated value of 91478.9043366909.
INFO: Sample K01-0096 1.1 has a new calculated value of 4588.54422904551.
INFO: Sample K01-0096 1.1 has a new calculated value of 87268.3668136597.
INFO: Sample K01-0096 1.1 has a new calculated value of 84969.4977700711.
INFO: Sample J01-0052 1.1 has a new calculated value of 2173.56483684853.
INFO: Sample J01-0052 1.1 has a new calculated value of 15217.3210680485.
INFO: Sample J01-0052 1.1 has a new calculated value of 19566.1417767405.
INFO: Sample A03-0355 1.1 has a new calculated value of 4944.4658216089.
INFO: Sample A03-0355 1.1 has a new calculated value of 66799.5589971544.
INFO: Sample A03-0355 1.1 has a new calculated value of 64323.5971033574.
INFO: Sample C01-0177 1.1 has a new calculated value of 9552.53910273313.
INFO: Sample C01-0177 1.1 has a new calculated value of 143517.200946808.
INFO: Sample C01-0177 1.1 has a new calculated value of 119563.511610031.
INFO: Sample C01-0178 1.1 has a new calculated value of 0.
INFO: Sample C01-0178 1.1 has a new calculated value of 108299.191743135.
INFO: Sample C01-0178 1.1 has a new calculated value of 110558.403879404.
INFO: Sample J01-0051 1.1 has a new calculated value of 0.
INFO: Sample J01-0051 1.1 has a new calculated value of 0.
INFO: Sample J01-0051 1.1 has a new calculated value of 0.
INFO: Sample L01-0109 1.1 has a new calculated value of 6594.56614404917.
INFO: Sample L01-0109 1.1 has a new calculated value of 6594.56614404917.
INFO: Sample L01-0109 1.1 has a new calculated value of 8792.98542626202.
INFO: Sample A02-0511 1.1 has a new calculated value of 4404.80960067363.
INFO: Sample A02-0511 1.1 has a new calculated value of 0.
INFO: Sample A02-0511 1.1 has a new calculated value of 0.
INFO: Sample N03-0083 1.1 has a new calculated value of 0.
INFO: Sample N03-0083 1.1 has a new calculated value of 4474.88416917623.
INFO: Sample N03-0083 1.1 has a new calculated value of 2237.38236352801.
INFO: Sample A02-0521 1.1 has a new calculated value of 0.
INFO: Sample A02-0521 1.1 has a new calculated value of 2078.08028440922.
INFO: Sample A02-0521 1.1 has a new calculated value of 6234.55060645938.
INFO: Sample O01-0071 1.1 has a new calculated value of 2130.69135323167.
INFO: Sample O01-0071 1.1 has a new calculated value of 14917.1147122979.
INFO: Sample O01-0071 1.1 has a new calculated value of 23443.5663744807.
INFO: Sample L01-0120 1.1 has a new calculated value of 10968.5079194605.
INFO: Sample L01-0120 1.1 has a new calculated value of 211098.533570767.
INFO: Sample L01-0120 1.1 has a new calculated value of 224327.564835548.
INFO: Sample M03-0033 1.1 has a new calculated value of 0.
INFO: Sample M03-0033 1.1 has a new calculated value of 273219.766616821.
INFO: Sample M03-0033 1.1 has a new calculated value of 238969.737589359.
INFO: Sample C01-0180 1.1 has a new calculated value of 6069.62439604103.
INFO: Sample C01-0180 1.1 has a new calculated value of 48581.6225409507.
INFO: Sample C01-0180 1.1 has a new calculated value of 68840.5944406986.
INFO: Sample N03-0088 1.1 has a new calculated value of 0.
INFO: Sample N03-0088 1.1 has a new calculated value of 20159.0397208929.
INFO: Sample N03-0088 1.1 has a new calculated value of 11198.2699669898.
INFO: Sample A03-0356 1.1 has a new calculated value of 0.
INFO: Sample A03-0356 1.1 has a new calculated value of 0.
INFO: Sample A03-0356 1.1 has a new calculated value of 0.
INFO: Sample L01-0125 1.1 has a new calculated value of 25497.6523295045.
INFO: Sample L01-0125 1.1 has a new calculated value of 272777.994275093.
INFO: Sample L01-0125 1.1 has a new calculated value of 281330.97589016.
INFO: Sample A01-0260 1.1 has a new calculated value of 92909.0926051141.
INFO: Sample A01-0260 1.1 has a new calculated value of 367950.664758682.
INFO: Sample A01-0260 1.1 has a new calculated value of 338395.439386368.
INFO: Sample M04-0064 1.1 has a new calculated value of 2194.96528152376.
INFO: Sample M04-0064 1.1 has a new calculated value of 26347.1735268831.
INFO: Sample M04-0064 1.1 has a new calculated value of 26347.1735268831.
INFO: Sample C01-0179 1.1 has a new calculated value of 2237.50180564821.
INFO: Sample C01-0179 1.1 has a new calculated value of 114265.16532898.
INFO: Sample C01-0179 1.1 has a new calculated value of 71659.3690216542.
INFO: Sample A02-0526 1.1 has a new calculated value of 0.
INFO: Sample A02-0526 1.1 has a new calculated value of 0.
INFO: Sample A02-0526 1.1 has a new calculated value of 0.
INFO: Sample J01-0055 1.1 has a new calculated value of 2417.40526165813.
INFO: Sample J01-0055 1.1 has a new calculated value of 2417.40526165813.
INFO: Sample J01-0055 1.1 has a new calculated value of 0.
INFO: Sample D01-0099 1.1 has a new calculated value of 18879.1744038463.
INFO: Sample D01-0099 1.1 has a new calculated value of 759477.288722992.
INFO: Sample D01-0099 1.1 has a new calculated value of 555760.002136232.
INFO: Sample L01-0123 1.1 has a new calculated value of 4353.7905625999.
INFO: Sample L01-0123 1.1 has a new calculated value of 56634.5822811126.
INFO: Sample L01-0123 1.1 has a new calculated value of 47916.585803032.
INFO: Sample J01-0053 1.1 has a new calculated value of 0.
INFO: Sample J01-0053 1.1 has a new calculated value of 20519.835613668.
INFO: Sample J01-0053 1.1 has a new calculated value of 15959.0046107769.
INFO: Sample B01-0138 1.1 has a new calculated value of 9811.95464730263.
INFO: Sample B01-0138 1.1 has a new calculated value of 530676.349997519.
INFO: Sample B01-0138 1.1 has a new calculated value of 587846.270799637.
INFO: Sample K01-0086 1.1 has a new calculated value of 12425.050958991.
INFO: Sample K01-0086 1.1 has a new calculated value of 138955.926150083.
INFO: Sample K01-0086 1.1 has a new calculated value of 147266.388237476.
INFO: Sample M03-0075 1.1 has a new calculated value of 4196.6320713982.
INFO: Sample M03-0075 1.1 has a new calculated value of 294783.781170845.
INFO: Sample M03-0075 1.1 has a new calculated value of 250433.819890022.
INFO: Sample L01-0124 1.1 has a new calculated value of 4291.81974381207.
INFO: Sample L01-0124 1.1 has a new calculated value of 19316.6489526629.
INFO: Sample L01-0124 1.1 has a new calculated value of 17169.9151955545.
INFO: Sample M04-0065 1.1 has a new calculated value of 4472.73527272046.
INFO: Sample M04-0065 1.1 has a new calculated value of 165809.920728207.
INFO: Sample M04-0065 1.1 has a new calculated value of 186020.810008049.
INFO: Sample M03-0059 1.1 has a new calculated value of 15226.7989329994.
INFO: Sample M03-0059 1.1 has a new calculated value of 509831.205010415.
INFO: Sample M03-0059 1.1 has a new calculated value of 465824.693441392.
INFO: Sample C01-0176 1.1 has a new calculated value of 5051.74077115954.
INFO: Sample C01-0176 1.1 has a new calculated value of 121410.144120455.
INFO: Sample C01-0176 1.1 has a new calculated value of 108746.833205223.
INFO: Sample A01-0258 1.1 has a new calculated value of 15426.6972653568.
INFO: Sample A01-0258 1.1 has a new calculated value of 309617.995619774.
INFO: Sample A01-0258 1.1 has a new calculated value of 296671.480536461.
INFO: Sample D01-0079 1.1 has a new calculated value of 27362.6523837447.
INFO: Sample D01-0079 1.1 has a new calculated value of 749113.11864853.
INFO: Sample D01-0079 1.1 has a new calculated value of 788913.466930389.
INFO: Sample O01-0061 1.1 has a new calculated value of 0.
INFO: Sample O01-0061 1.1 has a new calculated value of 48105.3277105092.
INFO: Sample O01-0061 1.1 has a new calculated value of 36073.8220810889.
INFO: Sample B01-0145 1.1 has a new calculated value of 0.
INFO: Sample B01-0145 1.1 has a new calculated value of 325850.606560707.
INFO: Sample B01-0145 1.1 has a new calculated value of 357230.066657067.
INFO: Sample O01-0051 1.1 has a new calculated value of 2181.3705121167.
INFO: Sample O01-0051 1.1 has a new calculated value of 58936.8955045939.
INFO: Sample O01-0051 1.1 has a new calculated value of 69860.2330684663.
INFO: Sample M04-0073 1.1 has a new calculated value of 2316.91117398441.
INFO: Sample M04-0073 1.1 has a new calculated value of 16221.0680544377.
INFO: Sample M04-0073 1.1 has a new calculated value of 16221.0680544377.
INFO: Sample O01-0074 1.1 has a new calculated value of 0.
INFO: Sample O01-0074 1.1 has a new calculated value of 30527.2740125656.
INFO: Sample O01-0074 1.1 has a new calculated value of 32708.643861115.
INFO: Sample A04-0082 1.1 has a new calculated value of 26463.2457867265.
INFO: Sample A04-0082 1.1 has a new calculated value of 867497.709989547.
INFO: Sample A04-0082 1.1 has a new calculated value of 825778.541564943.
INFO: Sample N03-0082 1.1 has a new calculated value of 0.
INFO: Sample N03-0082 1.1 has a new calculated value of 30651.444979012.
INFO: Sample N03-0082 1.1 has a new calculated value of 26563.2905066013.
INFO: Sample N03-0100 1.1 has a new calculated value of 0.
INFO: Sample N03-0100 1.1 has a new calculated value of 37479.7821789981.
INFO: Sample N03-0100 1.1 has a new calculated value of 44510.9756290911.
INFO: Sample M03-0044 1.1 has a new calculated value of 4156.05784859509.
INFO: Sample M03-0044 1.1 has a new calculated value of 4025174.36027526.
INFO: Sample M03-0044 1.1 has a new calculated value of 4100726.0942459.
INFO: Sample L01-0106 1.1 has a new calculated value of 2325.00855345279.
INFO: Sample L01-0106 1.1 has a new calculated value of 399463.033676146.
INFO: Sample L01-0106 1.1 has a new calculated value of 441734.120249748.
INFO: Sample A01-0259 1.1 has a new calculated value of 39013.0962431432.
INFO: Sample A01-0259 1.1 has a new calculated value of 423275.592327116.
INFO: Sample A01-0259 1.1 has a new calculated value of 420649.62387085.
INFO: Sample A04-0081 1.1 has a new calculated value of 8104.89529743791.
INFO: Sample A04-0081 1.1 has a new calculated value of 508225.291371346.
INFO: Sample A04-0081 1.1 has a new calculated value of 519164.006710054.
INFO: Sample L01-0118 1.1 has a new calculated value of 6320.73844783007.
INFO: Sample L01-0118 1.1 has a new calculated value of 190038.057267666.
INFO: Sample L01-0118 1.1 has a new calculated value of 160419.927835465.
INFO: Sample M03-0043 1.1 has a new calculated value of 20027.124658227.
INFO: Sample M03-0043 1.1 has a new calculated value of 256065.474450588.
INFO: Sample M03-0043 1.1 has a new calculated value of 263620.569705963.
INFO: Sample A03-0353 1.1 has a new calculated value of 68853.7850975992.
INFO: Sample A03-0353 1.1 has a new calculated value of 0.
INFO: Sample A03-0353 1.1 has a new calculated value of 2372.38646484911.
INFO: Sample O01-0066 1.1 has a new calculated value of 0.
INFO: Sample O01-0066 1.1 has a new calculated value of 22564.7484138608.
INFO: Sample O01-0066 1.1 has a new calculated value of 38367.3061430456.
LOW : WaTCH status of O01-0074 1.1 has been changed to Complete.
LOW : WaTCH status of M03-0075 1.1 has been changed to Complete.
LOW : WaTCH status of J01-0053 1.1 has been changed to Complete.
LOW : WaTCH status of M04-0065 1.1 has been changed to Complete.
LOW : WaTCH status of B01-0145 1.1 has been changed to Complete.
LOW : WaTCH status of L01-0106 1.1 has been changed to Complete.
LOW : WaTCH status of B01-0138 1.1 has been changed to Complete.
LOW : WaTCH status of L01-0123 1.1 has been changed to Complete.
LOW : WaTCH status of A02-0521 1.1 has been changed to Complete.
LOW : WaTCH status of J01-0051 1.1 has been changed to Complete.
LOW : WaTCH status of N03-0082 1.1 has been changed to Complete.
LOW : WaTCH status of M04-0064 1.1 has been changed to Complete.
LOW : WaTCH status of O01-0051 1.1 has been changed to Complete.
LOW : WaTCH status of K01-0087 1.1 has been changed to Complete.
LOW : WaTCH status of L01-0124 1.1 has been changed to Complete.
LOW : WaTCH status of J01-0055 1.1 has been changed to Complete.
LOW : WaTCH status of A02-0525 1.1 has been changed to Complete.
LOW : WaTCH status of L01-0118 1.1 has been changed to Complete.
LOW : WaTCH status of C01-0180 1.1 has been changed to Complete.
LOW : WaTCH status of N03-0089 1.1 has been changed to Complete.
LOW : WaTCH status of O01-0071 1.1 has been changed to Complete.
LOW : WaTCH status of N03-0100 1.1 has been changed to Complete.
LOW : WaTCH status of N03-0088 1.1 has been changed to Complete.
LOW : WaTCH status of M03-0033 1.1 has been changed to Complete.
LOW : WaTCH status of L01-0125 1.1 has been changed to Complete.
LOW : WaTCH status of K01-0088 1.1 has been changed to Complete.
LOW : WaTCH status of C01-0176 1.1 has been changed to Complete.
LOW : WaTCH status of A02-0526 1.1 has been changed to Complete.
LOW : WaTCH status of A04-0082 1.1 has been changed to Complete.
LOW : WaTCH status of L01-0120 1.1 has been changed to Complete.
LOW : WaTCH status of N03-0083 1.1 has been changed to Complete.
LOW : WaTCH status of A02-0511 1.1 has been changed to Complete.
LOW : WaTCH status of A03-0353 1.1 has been changed to Complete.
LOW : WaTCH status of L01-0109 1.1 has been changed to Complete.
LOW : WaTCH status of M04-0069 1.1 has been changed to Complete.
LOW : WaTCH status of A01-0260 1.1 has been changed to Complete.
LOW : WaTCH status of M03-0044 1.1 has been changed to Complete.
LOW : WaTCH status of J01-0052 1.1 has been changed to Complete.
LOW : WaTCH status of O01-0066 1.1 has been changed to Complete.
LOW : WaTCH status of C01-0178 1.1 has been changed to Complete.
LOW : WaTCH status of A02-0516 1.1 has been changed to Complete.
LOW : WaTCH status of A03-0355 1.1 has been changed to Complete.
LOW : WaTCH status of M03-0043 1.1 has been changed to Complete.
LOW : WaTCH status of K01-0086 1.1 has been changed to Complete.
LOW : WaTCH status of D01-0099 1.1 has been changed to Complete.
LOW : WaTCH status of C01-0179 1.1 has been changed to Complete.
LOW : WaTCH status of C01-0177 1.1 has been changed to Complete.
LOW : WaTCH status of N03-0090 1.1 has been changed to Complete.
LOW : WaTCH status of A01-0258 1.1 has been changed to Complete.
LOW : WaTCH status of M03-0059 1.1 has been changed to Complete.
LOW : WaTCH status of A03-0356 1.1 has been changed to Complete.
LOW : WaTCH status of D01-0079 1.1 has been changed to Complete.
LOW : WaTCH status of K01-0096 1.1 has been changed to Complete.
LOW : WaTCH status of A04-0081 1.1 has been changed to Complete.
LOW : WaTCH status of O01-0061 1.1 has been changed to Complete.
LOW : WaTCH status of A01-0259 1.1 has been changed to Complete.
LOW : WaTCH status of M04-0073 1.1 has been changed to Complete.
#
# WaTCHdb update complete.
# 2022-05-28.08-11-22.
