# WaTCHdb update log.
# Command: 2_updateWaTCH.pl.
# Data output written to DB/INCREMENTAL/watchdb.2022-04-15.14-17-32.txt and DB/watchdb.LATEST.txt.
# Fatal errors and system warnings are NOT logged here; see STDERR for those.
#
# Run started 2022-04-15.14-17-32.
#
4 molecular targets added.
INFO: Finished WaTCHdb import. 2488 total assets present.
INFO: Finished AssetTiger import. 0 new assets added. 2488 total assets present.
INFO: Sample C01-0142 1.1 has a new calculated value of 0.
INFO: Sample C01-0142 1.1 has a new calculated value of 0.
INFO: Sample C01-0142 1.1 has a new calculated value of 0.
INFO: Sample C01-0145 1.1 has a new calculated value of 21436.4163950086.
INFO: Sample C01-0145 1.1 has a new calculated value of 9525.9422622621.
INFO: Sample C01-0145 1.1 has a new calculated value of 4762.7003956586.
INFO: Sample A02-0450 1.1 has a new calculated value of 8920.24330794812.
INFO: Sample A02-0450 1.1 has a new calculated value of 157871.149778366.
INFO: Sample A02-0450 1.1 has a new calculated value of 116111.517548561.
INFO: Sample O01-0016 1.1 has a new calculated value of 2838.8772206381.
INFO: Sample O01-0016 1.1 has a new calculated value of 8517.20896549523.
INFO: Sample O01-0016 1.1 has a new calculated value of 8517.20896549523.
INFO: Sample A02-0448 1.1 has a new calculated value of 25230.3206920624.
INFO: Sample A02-0448 1.1 has a new calculated value of 2802.61910520494.
INFO: Sample A02-0448 1.1 has a new calculated value of 0.
INFO: Sample A01-0221 1.1 has a new calculated value of 9328.75553146005.
INFO: Sample A01-0221 1.1 has a new calculated value of 6996.37155979872.
INFO: Sample A01-0221 1.1 has a new calculated value of 4664.11817818881.
INFO: Sample N03-0056 1.1 has a new calculated value of 0.
INFO: Sample N03-0056 1.1 has a new calculated value of 0.
INFO: Sample N03-0056 1.1 has a new calculated value of 0.
INFO: Sample N03-0055 1.1 has a new calculated value of 0.
INFO: Sample N03-0055 1.1 has a new calculated value of 44106.817469001.
INFO: Sample N03-0055 1.1 has a new calculated value of 29399.3879109621.
INFO: Sample A02-0447 1.1 has a new calculated value of 36713.7175798417.
INFO: Sample A02-0447 1.1 has a new calculated value of 76523.230522871.
INFO: Sample A02-0447 1.1 has a new calculated value of 82651.1357724667.
INFO: Sample N03-0007 1.1 has a new calculated value of 2834.84512008727.
INFO: Sample N03-0007 1.1 has a new calculated value of 11340.5303098261.
INFO: Sample N03-0007 1.1 has a new calculated value of 5669.88134756684.
INFO: Sample C01-0141 1.1 has a new calculated value of 15581.5473385155.
INFO: Sample C01-0141 1.1 has a new calculated value of 10387.0551846922.
INFO: Sample C01-0141 1.1 has a new calculated value of 2596.52225766331.
INFO: Sample R01-0050 1.1 has a new calculated value of 99462.5982642172.
INFO: Sample R01-0050 1.1 has a new calculated value of 2922.00415860862.
INFO: Sample R01-0050 1.1 has a new calculated value of 2922.00415860862.
INFO: Sample R01-0045 1.1 has a new calculated value of 15969.4284573197.
INFO: Sample R01-0045 1.1 has a new calculated value of 6387.04103417696.
INFO: Sample R01-0045 1.1 has a new calculated value of 3193.39895155281.
INFO: Sample O01-0009 1.1 has a new calculated value of 0.
INFO: Sample O01-0009 1.1 has a new calculated value of 0.
INFO: Sample O01-0009 1.1 has a new calculated value of 0.
INFO: Sample A03-0280 1.1 has a new calculated value of 31819.6377530694.
INFO: Sample A03-0280 1.1 has a new calculated value of 5301.59563757478.
INFO: Sample A03-0280 1.1 has a new calculated value of 0.
INFO: Sample R01-0044 1.1 has a new calculated value of 14551.1801540852.
INFO: Sample R01-0044 1.1 has a new calculated value of 5819.86614502967.
INFO: Sample R01-0044 1.1 has a new calculated value of 11640.539187938.
INFO: Sample A01-0223 1.1 has a new calculated value of 0.
INFO: Sample A01-0223 1.1 has a new calculated value of 26339.7224619985.
INFO: Sample A01-0223 1.1 has a new calculated value of 31609.6553206444.
INFO: Sample A02-0444 1.1 has a new calculated value of 0.
INFO: Sample A02-0444 1.1 has a new calculated value of 0.
INFO: Sample A02-0444 1.1 has a new calculated value of 0.
INFO: Sample A03-0267 1.1 has a new calculated value of 0.
INFO: Sample A03-0267 1.1 has a new calculated value of 0.
INFO: Sample A03-0267 1.1 has a new calculated value of 0.
INFO: Sample A03-0306 1.1 has a new calculated value of 35886.9063109161.
INFO: Sample A03-0306 1.1 has a new calculated value of 0.
INFO: Sample A03-0306 1.1 has a new calculated value of 0.
INFO: Sample N03-0003 1.1 has a new calculated value of 0.
INFO: Sample N03-0003 1.1 has a new calculated value of 31277.4363532662.
INFO: Sample N03-0003 1.1 has a new calculated value of 21891.7552381754.
INFO: Sample A03-0302 1.1 has a new calculated value of 10160.4272983968.
INFO: Sample A03-0302 1.1 has a new calculated value of 0.
INFO: Sample A03-0302 1.1 has a new calculated value of 0.
INFO: Sample A02-0451 1.1 has a new calculated value of 29125.6202012301.
INFO: Sample A02-0451 1.1 has a new calculated value of 0.
INFO: Sample A02-0451 1.1 has a new calculated value of 0.
INFO: Sample B01-0141 1.1 has a new calculated value of 2562.07860074937.
INFO: Sample B01-0141 1.1 has a new calculated value of 15374.8222254217.
INFO: Sample B01-0141 1.1 has a new calculated value of 23064.3498525023.
INFO: Sample A02-0443 1.1 has a new calculated value of 9263.29169422388.
INFO: Sample A02-0443 1.1 has a new calculated value of 0.
INFO: Sample A02-0443 1.1 has a new calculated value of 0.
INFO: Sample C01-0144 1.1 has a new calculated value of 25430.3549230099.
INFO: Sample C01-0144 1.1 has a new calculated value of 58512.9003971816.
INFO: Sample C01-0144 1.1 has a new calculated value of 5084.83632467687.
INFO: Sample A01-0219 1.1 has a new calculated value of 26044.6526482701.
INFO: Sample A01-0219 1.1 has a new calculated value of 21308.0559298396.
INFO: Sample A01-0219 1.1 has a new calculated value of 26044.6526482701.
INFO: Sample A03-0283 1.1 has a new calculated value of 73840.3375446796.
INFO: Sample A03-0283 1.1 has a new calculated value of 0.
INFO: Sample A03-0283 1.1 has a new calculated value of 0.
INFO: Sample A04-0054 1.1 has a new calculated value of 9234.03846099973.
INFO: Sample A04-0054 1.1 has a new calculated value of 77012.5588774681.
INFO: Sample A04-0054 1.1 has a new calculated value of 21549.2568165064.
INFO: Sample A01-0220 1.1 has a new calculated value of 15956.4002417028.
INFO: Sample A01-0220 1.1 has a new calculated value of 6837.71367184817.
INFO: Sample A01-0220 1.1 has a new calculated value of 4558.3519153297.
INFO: Sample O01-0003 1.1 has a new calculated value of 0.
INFO: Sample O01-0003 1.1 has a new calculated value of 0.
INFO: Sample O01-0003 1.1 has a new calculated value of 0.
INFO: Sample O01-0021 1.1 has a new calculated value of 0.
INFO: Sample O01-0021 1.1 has a new calculated value of 2951.84451621026.
INFO: Sample O01-0021 1.1 has a new calculated value of 0.
INFO: Sample A01-0224 1.1 has a new calculated value of 86933.5381686689.
INFO: Sample A01-0224 1.1 has a new calculated value of 30826.747789979.
INFO: Sample A01-0224 1.1 has a new calculated value of 53260.4496181012.
INFO: Sample B01-0136 1.1 has a new calculated value of 7331.71778731049.
INFO: Sample B01-0136 1.1 has a new calculated value of 36671.4233905076.
INFO: Sample B01-0136 1.1 has a new calculated value of 19554.097764194.
INFO: Sample A03-0245 1.1 has a new calculated value of 122040.764540434.
INFO: Sample A03-0245 1.1 has a new calculated value of 2299.36990421265.
INFO: Sample A03-0245 1.1 has a new calculated value of 2299.36990421265.
INFO: Sample A03-0265 1.1 has a new calculated value of 147864.053249359.
INFO: Sample A03-0265 1.1 has a new calculated value of 7635.35982929169.
INFO: Sample A03-0265 1.1 has a new calculated value of 0.
INFO: Sample C01-0143 1.1 has a new calculated value of 7637.6796606928.
INFO: Sample C01-0143 1.1 has a new calculated value of 10183.8814839721.
INFO: Sample C01-0143 1.1 has a new calculated value of 0.
INFO: Sample A04-0053 1.1 has a new calculated value of 10965.9247845411.
INFO: Sample A04-0053 1.1 has a new calculated value of 5482.6035350561.
INFO: Sample A04-0053 1.1 has a new calculated value of 13707.8540213406.
INFO: Sample A02-0446 1.1 has a new calculated value of 2913.27028535306.
INFO: Sample A02-0446 1.1 has a new calculated value of 8740.41868373753.
INFO: Sample A02-0446 1.1 has a new calculated value of 2913.27028535306.
INFO: Sample A02-0442 1.1 has a new calculated value of 24981.6793575883.
INFO: Sample A02-0442 1.1 has a new calculated value of 482269.408106805.
INFO: Sample A02-0442 1.1 has a new calculated value of 477217.038273811.
INFO: Sample R01-0038 1.1 has a new calculated value of 188763.702213764.
INFO: Sample R01-0038 1.1 has a new calculated value of 15697.8786550462.
INFO: Sample R01-0038 1.1 has a new calculated value of 0.
INFO: Sample A02-0449 1.1 has a new calculated value of 31526.6127884388.
INFO: Sample A02-0449 1.1 has a new calculated value of 0.
INFO: Sample A02-0449 1.1 has a new calculated value of 0.
INFO: Sample N03-0023 1.1 has a new calculated value of 0.
INFO: Sample N03-0023 1.1 has a new calculated value of 0.
INFO: Sample N03-0023 1.1 has a new calculated value of 0.
INFO: Sample N03-0017 1.1 has a new calculated value of 14806.1482049525.
INFO: Sample N03-0017 1.1 has a new calculated value of 0.
INFO: Sample N03-0017 1.1 has a new calculated value of 0.
INFO: Sample A02-0445 1.1 has a new calculated value of 0.
INFO: Sample A02-0445 1.1 has a new calculated value of 0.
INFO: Sample A02-0445 1.1 has a new calculated value of 0.
INFO: Sample A01-0222 1.1 has a new calculated value of 2712.82331552357.
INFO: Sample A01-0222 1.1 has a new calculated value of 29850.7177457214.
INFO: Sample A01-0222 1.1 has a new calculated value of 16279.5745208859.
INFO: Sample A02-0428 1.2 has a new calculated value of 0.
INFO: Sample A02-0428 1.2 has a new calculated value of 0.
INFO: Sample A02-0428 1.2 has a new calculated value of 0.
INFO: Sample O01-0010 1.1 has a new calculated value of 3123.66412952542.
INFO: Sample O01-0010 1.1 has a new calculated value of 0.
INFO: Sample O01-0010 1.1 has a new calculated value of 0.
INFO: Sample A03-0284 1.1 has a new calculated value of 37587.9064947367.
INFO: Sample A03-0284 1.1 has a new calculated value of 0.
INFO: Sample A03-0284 1.1 has a new calculated value of 0.
LOW : WaTCH status of N03-0007 1.1 has been changed to Complete.
LOW : WaTCH status of A04-0054 1.1 has been changed to Complete.
LOW : WaTCH status of N03-0056 1.1 has been changed to Complete.
LOW : WaTCH status of N03-0023 1.1 has been changed to Complete.
LOW : WaTCH status of A03-0265 1.1 has been changed to Complete.
LOW : WaTCH status of A01-0220 1.1 has been changed to Complete.
LOW : WaTCH status of O01-0021 1.1 has been changed to Complete.
LOW : WaTCH status of A02-0449 1.1 has been changed to Complete.
LOW : WaTCH status of A02-0445 1.1 has been changed to Complete.
LOW : WaTCH status of C01-0143 1.1 has been changed to Complete.
LOW : WaTCH status of N03-0017 1.1 has been changed to Complete.
LOW : WaTCH status of B01-0136 1.1 has been changed to Complete.
LOW : WaTCH status of A02-0448 1.1 has been changed to Complete.
LOW : WaTCH status of N03-0003 1.1 has been changed to Complete.
LOW : WaTCH status of A02-0450 1.1 has been changed to Complete.
LOW : WaTCH status of R01-0045 1.1 has been changed to Complete.
LOW : WaTCH status of A02-0443 1.1 has been changed to Complete.
LOW : WaTCH status of A02-0447 1.1 has been changed to Complete.
LOW : WaTCH status of A01-0221 1.1 has been changed to Complete.
LOW : WaTCH status of A01-0223 1.1 has been changed to Complete.
LOW : WaTCH status of O01-0009 1.1 has been changed to Complete.
LOW : WaTCH status of A02-0446 1.1 has been changed to Complete.
LOW : WaTCH status of A01-0222 1.1 has been changed to Complete.
LOW : WaTCH status of A02-0451 1.1 has been changed to Complete.
LOW : WaTCH status of C01-0141 1.1 has been changed to Complete.
LOW : WaTCH status of R01-0050 1.1 has been changed to Complete.
LOW : WaTCH status of A03-0280 1.1 has been changed to Complete.
LOW : WaTCH status of C01-0145 1.1 has been changed to Complete.
LOW : WaTCH status of O01-0016 1.1 has been changed to Complete.
LOW : WaTCH status of A03-0306 1.1 has been changed to Complete.
LOW : WaTCH status of R01-0044 1.1 has been changed to Complete.
LOW : WaTCH status of C01-0144 1.1 has been changed to Complete.
LOW : WaTCH status of A03-0284 1.1 has been changed to Complete.
LOW : WaTCH status of O01-0010 1.1 has been changed to Complete.
LOW : WaTCH status of C01-0142 1.1 has been changed to Complete.
LOW : WaTCH status of A03-0302 1.1 has been changed to Complete.
LOW : WaTCH status of A01-0224 1.1 has been changed to Complete.
LOW : WaTCH status of A03-0245 1.1 has been changed to Complete.
LOW : WaTCH status of R01-0038 1.1 has been changed to Complete.
LOW : WaTCH status of B01-0141 1.1 has been changed to Complete.
LOW : WaTCH status of N03-0055 1.1 has been changed to Complete.
LOW : WaTCH status of A04-0053 1.1 has been changed to Complete.
LOW : WaTCH status of A02-0442 1.1 has been changed to Complete.
LOW : WaTCH status of A01-0219 1.1 has been changed to Complete.
LOW : WaTCH status of O01-0003 1.1 has been changed to Complete.
#
# WaTCHdb update complete.
# 2022-04-15.14-17-33.
