# WaTCHdb update log.
# Command: 2_updateWaTCH.pl.
# Data output written to DB/INCREMENTAL/watchdb.2022-06-16.22-03-20.txt and DB/watchdb.LATEST.txt.
# Fatal errors and system warnings are NOT logged here; see STDERR for those.
#
# Run started 2022-06-16.22-03-20.
#
4 molecular targets added.
INFO: Finished WaTCHdb import. 3446 total assets present.
INFO: Finished AssetTiger import. 67 new assets added. 3513 total assets present.
INFO: Sample A01-0272 1.1 has a new calculated value of 378720.254302024.
INFO: Sample A01-0272 1.1 has a new calculated value of 419868.716597558.
INFO: Sample A01-0272 1.1 has a new calculated value of 6114.1917016357.
INFO: Sample L01-0149 1.1 has a new calculated value of 1015307.40380287.
INFO: Sample L01-0149 1.1 has a new calculated value of 1055504.57596779.
INFO: Sample L01-0149 1.1 has a new calculated value of 0.
INFO: Sample N03-0084 1.1 has a new calculated value of 75463.0431532862.
INFO: Sample N03-0084 1.1 has a new calculated value of 65525.9259045125.
INFO: Sample N03-0084 1.1 has a new calculated value of 0.
INFO: Sample O01-0095 1.1 has a new calculated value of 114088.505655527.
INFO: Sample O01-0095 1.1 has a new calculated value of 100302.706360817.
INFO: Sample O01-0095 1.1 has a new calculated value of 1964.41438514739.
INFO: Sample A01-0271 1.1 has a new calculated value of 419378.292560579.
INFO: Sample A01-0271 1.1 has a new calculated value of 365733.139514924.
INFO: Sample A01-0271 1.1 has a new calculated value of 1968.38158881292.
INFO: Sample O01-0100 1.1 has a new calculated value of 140448.381453752.
INFO: Sample O01-0100 1.1 has a new calculated value of 166583.540439606.
INFO: Sample O01-0100 1.1 has a new calculated value of 0.
INFO: Sample C01-0197 1.1 has a new calculated value of 142029.034942389.
INFO: Sample C01-0197 1.1 has a new calculated value of 156499.661207199.
INFO: Sample C01-0197 1.1 has a new calculated value of 0.
INFO: Sample N03-0122 1.1 has a new calculated value of 45211.0996842385.
INFO: Sample N03-0122 1.1 has a new calculated value of 43057.0900440215.
INFO: Sample N03-0122 1.1 has a new calculated value of 0.
INFO: Sample L01-0126 1.1 has a new calculated value of 1136209.65242386.
INFO: Sample L01-0126 1.1 has a new calculated value of 1121254.55617905.
INFO: Sample L01-0126 1.1 has a new calculated value of 0.
INFO: Sample L01-0130 1.1 has a new calculated value of 2701041.55540466.
INFO: Sample L01-0130 1.1 has a new calculated value of 2533472.61428833.
INFO: Sample L01-0130 1.1 has a new calculated value of 4313.24128992856.
INFO: Sample N03-0123 1.1 has a new calculated value of 179796.416759491.
INFO: Sample N03-0123 1.1 has a new calculated value of 164783.886373043.
INFO: Sample N03-0123 1.1 has a new calculated value of 0.
INFO: Sample J01-0069 1.1 has a new calculated value of 99158.6695611476.
INFO: Sample J01-0069 1.1 has a new calculated value of 99158.6695611476.
INFO: Sample J01-0069 1.1 has a new calculated value of 0.
INFO: Sample K01-0098 1.1 has a new calculated value of 280832.058191299.
INFO: Sample K01-0098 1.1 has a new calculated value of 264928.440749645.
INFO: Sample K01-0098 1.1 has a new calculated value of 18061.5235492587.
INFO: Sample R02-0006 1.1 has a new calculated value of 214672.955274582.
INFO: Sample R02-0006 1.1 has a new calculated value of 196403.224468231.
INFO: Sample R02-0006 1.1 has a new calculated value of 2020.08741907775.
INFO: Sample J01-0067 1.1 has a new calculated value of 42337.0653390886.
INFO: Sample J01-0067 1.1 has a new calculated value of 48113.6132776738.
INFO: Sample J01-0067 1.1 has a new calculated value of 0.
INFO: Sample C01-0199 1.1 has a new calculated value of 92325.934767723.
INFO: Sample C01-0199 1.1 has a new calculated value of 81824.1079151631.
INFO: Sample C01-0199 1.1 has a new calculated value of 4192.22439173611.
INFO: Sample K01-0099 1.1 has a new calculated value of 316949.894428253.
INFO: Sample K01-0099 1.1 has a new calculated value of 307593.548297882.
INFO: Sample K01-0099 1.1 has a new calculated value of 2321.78839389235.
INFO: Sample C01-0198 1.1 has a new calculated value of 144365.819692612.
INFO: Sample C01-0198 1.1 has a new calculated value of 129906.846731901.
INFO: Sample C01-0198 1.1 has a new calculated value of 2402.02695596963.
INFO: Sample M03-0088 1.1 has a new calculated value of 56417.6074415445.
INFO: Sample M03-0088 1.1 has a new calculated value of 65103.9820164442.
INFO: Sample M03-0088 1.1 has a new calculated value of 0.
INFO: Sample K01-0103 1.1 has a new calculated value of 127633.093446493.
INFO: Sample K01-0103 1.1 has a new calculated value of 147821.262180805.
INFO: Sample K01-0103 1.1 has a new calculated value of 11180.3462170065.
INFO: Sample L01-0143 1.1 has a new calculated value of 721119.16422844.
INFO: Sample L01-0143 1.1 has a new calculated value of 734759.373664857.
INFO: Sample L01-0143 1.1 has a new calculated value of 4468.681672588.
INFO: Sample J01-0068 1.1 has a new calculated value of 74238.528907299.
INFO: Sample J01-0068 1.1 has a new calculated value of 65983.3095967771.
INFO: Sample J01-0068 1.1 has a new calculated value of 0.
INFO: Sample O01-0081 1.1 has a new calculated value of 145810.472667217.
INFO: Sample O01-0081 1.1 has a new calculated value of 130552.789717912.
INFO: Sample O01-0081 1.1 has a new calculated value of 0.
INFO: Sample M03-0081 1.1 has a new calculated value of 311613.088846207.
INFO: Sample M03-0081 1.1 has a new calculated value of 304814.184308052.
INFO: Sample M03-0081 1.1 has a new calculated value of 2249.75258577615.
INFO: Sample J01-0066 1.1 has a new calculated value of 10207.1955241263.
INFO: Sample J01-0066 1.1 has a new calculated value of 12248.9327564836.
INFO: Sample J01-0066 1.1 has a new calculated value of 0.
INFO: Sample R02-0007 1.1 has a new calculated value of 284627.637863159.
INFO: Sample R02-0007 1.1 has a new calculated value of 260328.630208969.
INFO: Sample R02-0007 1.1 has a new calculated value of 8047.95962758362.
INFO: Sample O01-0098 1.1 has a new calculated value of 120744.606256485.
INFO: Sample O01-0098 1.1 has a new calculated value of 134182.165414095.
INFO: Sample O01-0098 1.1 has a new calculated value of 0.
INFO: Sample N03-0116 1.1 has a new calculated value of 16453.7296257913.
INFO: Sample N03-0116 1.1 has a new calculated value of 14396.660272032.
INFO: Sample N03-0116 1.1 has a new calculated value of 2056.36318540201.
INFO: Sample N03-0104 1.1 has a new calculated value of 137175.875455141.
INFO: Sample N03-0104 1.1 has a new calculated value of 128016.837090254.
INFO: Sample N03-0104 1.1 has a new calculated value of 0.
INFO: Sample C01-0196 1.1 has a new calculated value of 90100.5698740484.
INFO: Sample C01-0196 1.1 has a new calculated value of 71602.6058793067.
INFO: Sample C01-0196 1.1 has a new calculated value of 2307.8529490158.
INFO: Sample R02-0022 1.1 has a new calculated value of 279077.284634113.
INFO: Sample R02-0022 1.1 has a new calculated value of 260720.086097717.
INFO: Sample R02-0022 1.1 has a new calculated value of 4560.08727662267.
INFO: Sample C01-0200 1.1 has a new calculated value of 124746.615886688.
INFO: Sample C01-0200 1.1 has a new calculated value of 128842.964619398.
INFO: Sample C01-0200 1.1 has a new calculated value of 2042.03597037122.
INFO: Sample R01-0061 1.1 has a new calculated value of 0.
INFO: Sample R01-0061 1.1 has a new calculated value of 0.
INFO: Sample R01-0061 1.1 has a new calculated value of 7579.66635748744.
INFO: Sample M03-0078 1.1 has a new calculated value of 133012.367337942.
INFO: Sample M03-0078 1.1 has a new calculated value of 109158.198237419.
INFO: Sample M03-0078 1.1 has a new calculated value of 5946.75879925488.
INFO: Sample R01-0062 1.1 has a new calculated value of 0.
INFO: Sample R01-0062 1.1 has a new calculated value of 2079.62705986574.
INFO: Sample R01-0062 1.1 has a new calculated value of 6239.19080011545.
INFO: Sample K01-0104 1.1 has a new calculated value of 94497.7980852128.
INFO: Sample K01-0104 1.1 has a new calculated value of 108590.176105499.
INFO: Sample K01-0104 1.1 has a new calculated value of 8034.07567553222.
INFO: Sample M03-0092 1.1 has a new calculated value of 187351.868748665.
INFO: Sample M03-0092 1.1 has a new calculated value of 213893.169164658.
INFO: Sample M03-0092 1.1 has a new calculated value of 6096.10869549214.
INFO: Sample N03-0120 1.1 has a new calculated value of 95130.1257312297.
INFO: Sample N03-0120 1.1 has a new calculated value of 106746.151149273.
INFO: Sample N03-0120 1.1 has a new calculated value of 2317.67985038459.
INFO: Sample J01-0065 1.1 has a new calculated value of 336578.882932663.
INFO: Sample J01-0065 1.1 has a new calculated value of 296840.776205063.
INFO: Sample J01-0065 1.1 has a new calculated value of 13805.9037923813.
INFO: Sample L01-0131 1.1 has a new calculated value of 1299456.20298386.
INFO: Sample L01-0131 1.1 has a new calculated value of 1272801.86891556.
INFO: Sample L01-0131 1.1 has a new calculated value of 0.
INFO: Sample R02-0012 1.1 has a new calculated value of 109252.698719501.
INFO: Sample R02-0012 1.1 has a new calculated value of 98091.4154648779.
INFO: Sample R02-0012 1.1 has a new calculated value of 6680.76300993563.
INFO: Sample R01-0058 1.1 has a new calculated value of 11493.6965145171.
INFO: Sample R01-0058 1.1 has a new calculated value of 9194.7053745389.
INFO: Sample R01-0058 1.1 has a new calculated value of 13792.8139977157.
INFO: Sample M03-0079 1.1 has a new calculated value of 73912.5506579875.
INFO: Sample M03-0079 1.1 has a new calculated value of 98579.0620744227.
INFO: Sample M03-0079 1.1 has a new calculated value of 40299.7756004332.
INFO: Sample R02-0002 1.1 has a new calculated value of 205625.09894371.
INFO: Sample R02-0002 1.1 has a new calculated value of 190904.088020325.
INFO: Sample R02-0002 1.1 has a new calculated value of 0.
INFO: Sample O01-0085 1.1 has a new calculated value of 188445.682525635.
INFO: Sample O01-0085 1.1 has a new calculated value of 164572.360217571.
INFO: Sample O01-0085 1.1 has a new calculated value of 0.
INFO: Sample R01-0069 1.1 has a new calculated value of 0.
INFO: Sample R01-0069 1.1 has a new calculated value of 0.
INFO: Sample R01-0069 1.1 has a new calculated value of 10850.0064723194.
INFO: Sample R01-0053 1.1 has a new calculated value of 0.
INFO: Sample R01-0053 1.1 has a new calculated value of 0.
INFO: Sample R01-0053 1.1 has a new calculated value of 21651.4355689287.
INFO: Sample L01-0138 1.1 has a new calculated value of 968564.404249191.
INFO: Sample L01-0138 1.1 has a new calculated value of 961853.73187065.
INFO: Sample L01-0138 1.1 has a new calculated value of 0.
LOW : WaTCH status of J01-0067 1.1 has been changed to Complete.
LOW : WaTCH status of M03-0078 1.1 has been changed to Complete.
LOW : WaTCH status of O01-0081 1.1 has been changed to Complete.
LOW : WaTCH status of J01-0068 1.1 has been changed to Complete.
LOW : WaTCH status of O01-0095 1.1 has been changed to Complete.
LOW : WaTCH status of L01-0126 1.1 has been changed to Complete.
LOW : WaTCH status of K01-0098 1.1 has been changed to Complete.
LOW : WaTCH status of L01-0143 1.1 has been changed to Complete.
LOW : WaTCH status of C01-0196 1.1 has been changed to Complete.
LOW : WaTCH status of R01-0069 1.1 has been changed to Complete.
LOW : WaTCH status of R02-0022 1.1 has been changed to Complete.
LOW : WaTCH status of R01-0061 1.1 has been changed to Complete.
LOW : WaTCH status of M03-0081 1.1 has been changed to Complete.
LOW : WaTCH status of N03-0084 1.1 has been changed to Complete.
LOW : WaTCH status of N03-0120 1.1 has been changed to Complete.
LOW : WaTCH status of A01-0271 1.1 has been changed to Complete.
LOW : WaTCH status of C01-0199 1.1 has been changed to Complete.
LOW : WaTCH status of O01-0085 1.1 has been changed to Complete.
LOW : WaTCH status of L01-0138 1.1 has been changed to Complete.
LOW : WaTCH status of R02-0002 1.1 has been changed to Complete.
LOW : WaTCH status of R02-0007 1.1 has been changed to Complete.
LOW : WaTCH status of K01-0104 1.1 has been changed to Complete.
LOW : WaTCH status of M03-0092 1.1 has been changed to Complete.
LOW : WaTCH status of N03-0122 1.1 has been changed to Complete.
LOW : WaTCH status of K01-0103 1.1 has been changed to Complete.
LOW : WaTCH status of R01-0058 1.1 has been changed to Complete.
LOW : WaTCH status of R02-0012 1.1 has been changed to Complete.
LOW : WaTCH status of J01-0066 1.1 has been changed to Complete.
LOW : WaTCH status of C01-0200 1.1 has been changed to Complete.
LOW : WaTCH status of L01-0149 1.1 has been changed to Complete.
LOW : WaTCH status of C01-0198 1.1 has been changed to Complete.
LOW : WaTCH status of L01-0130 1.1 has been changed to Complete.
LOW : WaTCH status of C01-0197 1.1 has been changed to Complete.
LOW : WaTCH status of M03-0079 1.1 has been changed to Complete.
LOW : WaTCH status of L01-0131 1.1 has been changed to Complete.
LOW : WaTCH status of A01-0272 1.1 has been changed to Complete.
LOW : WaTCH status of N03-0116 1.1 has been changed to Complete.
LOW : WaTCH status of O01-0098 1.1 has been changed to Complete.
LOW : WaTCH status of K01-0099 1.1 has been changed to Complete.
LOW : WaTCH status of J01-0065 1.1 has been changed to Complete.
LOW : WaTCH status of N03-0104 1.1 has been changed to Complete.
LOW : WaTCH status of J01-0069 1.1 has been changed to Complete.
LOW : WaTCH status of R01-0053 1.1 has been changed to Complete.
LOW : WaTCH status of R01-0062 1.1 has been changed to Complete.
LOW : WaTCH status of R02-0006 1.1 has been changed to Complete.
LOW : WaTCH status of N03-0123 1.1 has been changed to Complete.
LOW : WaTCH status of M03-0088 1.1 has been changed to Complete.
LOW : WaTCH status of O01-0100 1.1 has been changed to Complete.
#
# WaTCHdb update complete.
# 2022-06-16.22-03-21.
